2021-05-22 23:23:22,072:INFO:[Rank-3] args : Namespace(batch=1024, current_time='20210522_232314', dataset='cifar100', epochs=200, ip='192.168.1.1:7548', k=16, loss_std_gap_rate=1.0, lr=0.1, momentum=0.9, name='loss', rank=3, scheduler_step=80, train_type='loss', weight_decay=0.005, world=4)
2021-05-22 23:24:01,429:INFO:[Rank-3] train time 37.8270, epoch   1, step  49, loss 16.79056168, auc@1 1.11, auc@5 5.34, share 48, std_loss 0.7144617676278766,  19.97720 14.79449 14.51893 17.87163
2021-05-22 23:24:16,521:INFO:[Rank-3] val time 15.0879, epoch   1, step  40, loss 493.49681895, auc@1 1.38, auc@5 5.84
2021-05-22 23:24:54,315:INFO:[Rank-3] train time 37.5404, epoch   2, step  49, loss 5160.30761719, auc@1 1.07, auc@5 5.00, share 46, std_loss 444.63047257248235,  6422.85498 767.78174 6629.08789 6821.50586
2021-05-22 23:25:09,560:INFO:[Rank-3] val time 15.2404, epoch   2, step  40, loss 7313262.00400000, auc@1 1.00, auc@5 4.94
2021-05-22 23:25:47,488:INFO:[Rank-3] train time 37.6815, epoch   3, step  49, loss 25627872.00000000, auc@1 0.94, auc@5 4.92, share 49, std_loss 3595112.465082908,  2965584.75000 3177812.50000 32978542.00000 63389548.00000
2021-05-22 23:26:02,687:INFO:[Rank-3] val time 15.1949, epoch   3, step  40, loss 937010393955452476343713792.00000000, auc@1 1.00, auc@5 5.00
2021-05-22 23:26:40,398:INFO:[Rank-3] train time 37.3179, epoch   4, step  49, loss 531942211584.00000000, auc@1 1.00, auc@5 5.04, share 49, std_loss 73233725622.20409,  51865219072.00000 49544970240.00000 735415566336.00000 1290943201280.00000
2021-05-22 23:26:55,394:INFO:[Rank-3] val time 14.9918, epoch   4, step  40, loss 354549506681687310336.00000000, auc@1 1.00, auc@5 5.00
2021-05-22 23:27:33,751:INFO:[Rank-3] train time 37.9002, epoch   5, step  49, loss 6601417347301376.00000000, auc@1 1.03, auc@5 5.09, share 49, std_loss 914902529487934.8,  543984350920704.00000 540178707906560.00000 11406259538362368.00000 13915246288699392.00000
2021-05-22 23:27:49,090:INFO:[Rank-3] val time 15.3344, epoch   5, step  40, loss 63781271820327905307865907200.00000000, auc@1 1.00, auc@5 5.00
2021-05-22 23:28:25,821:INFO:[Rank-3] train time 36.5914, epoch   6, step  49, loss nan, auc@1 1.01, auc@5 4.93, share 48, std_loss nan,  7207970521676251136.00000 7319950283407097856.00000 157202138419599245312.00000 nan
2021-05-22 23:28:40,788:INFO:[Rank-3] val time 14.9637, epoch   6, step  40, loss nan, auc@1 1.00, auc@5 5.00
2021-05-22 23:29:16,858:INFO:[Rank-3] train time 35.7510, epoch   7, step  49, loss nan, auc@1 1.00, auc@5 5.00, share 1, std_loss nan,  nan nan nan nan
2021-05-22 23:29:31,827:INFO:[Rank-3] val time 14.9653, epoch   7, step  40, loss nan, auc@1 1.00, auc@5 5.00
2021-05-22 23:30:07,516:INFO:[Rank-3] train time 35.4819, epoch   8, step  49, loss nan, auc@1 1.00, auc@5 5.00, share 1, std_loss nan,  nan nan nan nan
2021-05-22 23:30:22,451:INFO:[Rank-3] val time 14.9313, epoch   8, step  40, loss nan, auc@1 1.00, auc@5 5.00
2021-05-22 23:30:58,760:INFO:[Rank-3] train time 35.9121, epoch   9, step  49, loss nan, auc@1 1.00, auc@5 5.00, share 1, std_loss nan,  nan nan nan nan
2021-05-22 23:31:13,613:INFO:[Rank-3] val time 14.8496, epoch   9, step  40, loss nan, auc@1 1.00, auc@5 5.00
2021-05-22 23:31:49,050:INFO:[Rank-3] train time 35.3544, epoch  10, step  49, loss nan, auc@1 1.00, auc@5 5.00, share 1, std_loss nan,  nan nan nan nan
