2021-05-22 23:23:22,049:INFO:[Rank-0] args : Namespace(batch=1024, current_time='20210522_232314', dataset='cifar100', epochs=200, ip='192.168.1.1:7548', k=16, loss_std_gap_rate=1.0, lr=0.1, momentum=0.9, name='loss', rank=0, scheduler_step=80, train_type='loss', weight_decay=0.005, world=4)
2021-05-22 23:24:01,429:INFO:[Rank-0] train time 37.8951, epoch   1, step  49, loss 16.79056168, auc@1 1.11, auc@5 5.34, share 48, std_loss 0.7144617676278766,  19.97720 14.79449 14.51893 17.87163
2021-05-22 23:24:16,781:INFO:[Rank-0] val time 15.3461, epoch   1, step  40, loss 83.56378207, auc@1 1.00, auc@5 5.11
2021-05-22 23:24:54,315:INFO:[Rank-0] train time 37.4113, epoch   2, step  49, loss 5160.30761719, auc@1 1.07, auc@5 5.00, share 46, std_loss 444.63047257248235,  6422.85498 767.78174 6629.08789 6821.50586
2021-05-22 23:25:09,660:INFO:[Rank-0] val time 15.3406, epoch   2, step  40, loss 1374029.20120000, auc@1 1.00, auc@5 5.00
2021-05-22 23:25:47,488:INFO:[Rank-0] train time 37.6405, epoch   3, step  49, loss 25627872.00000000, auc@1 0.94, auc@5 4.92, share 49, std_loss 3595112.465082908,  2965584.75000 3177812.50000 32978542.00000 63389548.00000
2021-05-22 23:26:03,110:INFO:[Rank-0] val time 15.6181, epoch   3, step  40, loss nan, auc@1 1.21, auc@5 4.82
2021-05-22 23:26:40,398:INFO:[Rank-0] train time 36.8912, epoch   4, step  49, loss 531942211584.00000000, auc@1 1.00, auc@5 5.04, share 49, std_loss 73233725622.20409,  51865219072.00000 49544970240.00000 735415566336.00000 1290943201280.00000
2021-05-22 23:26:55,778:INFO:[Rank-0] val time 15.3768, epoch   4, step  40, loss 626771331584084715135740776808448.00000000, auc@1 1.00, auc@5 5.00
2021-05-22 23:27:33,751:INFO:[Rank-0] train time 37.4577, epoch   5, step  49, loss 6601417347301376.00000000, auc@1 1.03, auc@5 5.09, share 49, std_loss 914902529487934.8,  543984350920704.00000 540178707906560.00000 11406259538362368.00000 13915246288699392.00000
2021-05-22 23:27:49,249:INFO:[Rank-0] val time 15.4946, epoch   5, step  40, loss nan, auc@1 1.00, auc@5 5.00
2021-05-22 23:28:25,820:INFO:[Rank-0] train time 36.4681, epoch   6, step  49, loss nan, auc@1 1.01, auc@5 4.93, share 48, std_loss nan,  7207970521676251136.00000 7319950283407097856.00000 157202138419599245312.00000 nan
2021-05-22 23:28:41,236:INFO:[Rank-0] val time 15.4109, epoch   6, step  40, loss nan, auc@1 1.00, auc@5 5.00
2021-05-22 23:29:16,859:INFO:[Rank-0] train time 35.3561, epoch   7, step  49, loss nan, auc@1 1.00, auc@5 5.00, share 1, std_loss nan,  nan nan nan nan
2021-05-22 23:29:32,163:INFO:[Rank-0] val time 15.3006, epoch   7, step  40, loss nan, auc@1 1.00, auc@5 5.00
2021-05-22 23:30:07,517:INFO:[Rank-0] train time 35.1350, epoch   8, step  49, loss nan, auc@1 1.00, auc@5 5.00, share 1, std_loss nan,  nan nan nan nan
2021-05-22 23:30:22,633:INFO:[Rank-0] val time 15.1125, epoch   8, step  40, loss nan, auc@1 1.00, auc@5 5.00
2021-05-22 23:30:58,760:INFO:[Rank-0] train time 35.8604, epoch   9, step  49, loss nan, auc@1 1.00, auc@5 5.00, share 1, std_loss nan,  nan nan nan nan
2021-05-22 23:31:14,256:INFO:[Rank-0] val time 15.4935, epoch   9, step  40, loss nan, auc@1 1.00, auc@5 5.00
2021-05-22 23:31:49,050:INFO:[Rank-0] train time 34.6625, epoch  10, step  49, loss nan, auc@1 1.00, auc@5 5.00, share 1, std_loss nan,  nan nan nan nan
