2021-05-30 01:47:56,404:INFO:[Rank-0] args : Namespace(batch=512, current_time='20210530_014749', dataset='cifar100', epochs=200, ip='192.168.1.1:7548', k=16, loss_std_gap_rate=1.0, lr=0.01, momentum=0.6, name='loss', rank=0, scheduler_step=80, train_type='loss', weight_decay=0.0005, world=4)
2021-05-30 01:48:35,747:INFO:[Rank-0] train time 37.8308, epoch   1, step  98, loss 4.68353415, auc@1 2.32, auc@5 9.34, share 21, std_loss 0.023202485461928407, pre_std_loss 0.020764485001564026,  4.70984 4.68483 4.65971 4.68368
2021-05-30 01:48:51,171:INFO:[Rank-0] val time 15.4211, epoch   1, step  79, loss 4.56314372, auc@1 4.25, auc@5 16.65
2021-05-30 01:49:30,038:INFO:[Rank-0] train time 38.8362, epoch   2, step  98, loss 4.33581543, auc@1 4.91, auc@5 17.83, share 26, std_loss 0.04195726478510365, pre_std_loss 0.04355192184448242,  4.39185 4.36152 4.28187 4.37119
2021-05-30 01:49:45,453:INFO:[Rank-0] val time 15.4118, epoch   2, step  79, loss 4.12235722, auc@1 6.95, auc@5 25.95
2021-05-30 01:50:23,166:INFO:[Rank-0] train time 37.6279, epoch   3, step  98, loss 4.09870577, auc@1 7.08, auc@5 24.50, share 16, std_loss 0.01658407431951135, pre_std_loss 0.010291961021721363,  4.11719 4.10102 4.08814 4.10564
2021-05-30 01:50:38,624:INFO:[Rank-0] val time 15.4557, epoch   3, step  79, loss 3.91897554, auc@1 10.48, auc@5 30.38
2021-05-30 01:51:16,531:INFO:[Rank-0] train time 37.8087, epoch   4, step  98, loss 3.95485926, auc@1 8.93, auc@5 28.88, share 20, std_loss 0.012878662901835479, pre_std_loss 0.005273281596601009,  3.96684 3.95209 3.96652 3.95830
2021-05-30 01:51:31,980:INFO:[Rank-0] val time 15.4455, epoch   4, step  79, loss 3.78446247, auc@1 12.03, auc@5 33.97
2021-05-30 01:52:10,609:INFO:[Rank-0] train time 38.4507, epoch   5, step  98, loss 3.85373616, auc@1 10.25, auc@5 31.64, share 20, std_loss 0.019889934758218576, pre_std_loss 0.015551996417343616,  3.87705 3.84152 3.84742 3.85485
2021-05-30 01:52:26,127:INFO:[Rank-0] val time 15.5148, epoch   5, step  79, loss 3.66442723, auc@1 13.90, auc@5 37.56
2021-05-30 01:53:04,284:INFO:[Rank-0] train time 38.0436, epoch   6, step  98, loss 3.76264071, auc@1 11.69, auc@5 34.48, share 23, std_loss 0.02250376810813893, pre_std_loss 0.021444398909807205,  3.74404 3.74709 3.77414 3.78790
2021-05-30 01:53:19,804:INFO:[Rank-0] val time 15.5164, epoch   6, step  79, loss 3.64441951, auc@1 13.76, auc@5 38.47
2021-05-30 01:53:57,908:INFO:[Rank-0] train time 37.9832, epoch   7, step  98, loss 3.67701817, auc@1 12.94, auc@5 37.08, share 17, std_loss 0.039428465467478545, pre_std_loss 0.028306102380156517,  3.65968 3.66688 3.72978 3.67416
2021-05-30 01:54:13,645:INFO:[Rank-0] val time 15.7339, epoch   7, step  79, loss 3.59380985, auc@1 14.92, auc@5 41.56
2021-05-30 01:54:51,834:INFO:[Rank-0] train time 38.0947, epoch   8, step  98, loss 3.59866595, auc@1 14.29, auc@5 39.42, share 25, std_loss 0.030251809386346414, pre_std_loss 0.0320783369243145,  3.58504 3.56458 3.63632 3.61708
2021-05-30 01:55:07,304:INFO:[Rank-0] val time 15.4666, epoch   8, step  79, loss 3.46448860, auc@1 17.44, auc@5 43.89
2021-05-30 01:55:46,744:INFO:[Rank-0] train time 39.2742, epoch   9, step  98, loss 3.52471399, auc@1 15.22, auc@5 41.62, share 25, std_loss 0.027115712065857892, pre_std_loss 0.022161928936839104,  3.50180 3.50965 3.53821 3.54795
2021-05-30 01:56:02,327:INFO:[Rank-0] val time 15.5808, epoch   9, step  79, loss 3.33533097, auc@1 19.37, auc@5 46.79
2021-05-30 01:56:40,160:INFO:[Rank-0] train time 37.7591, epoch  10, step  98, loss 3.43907523, auc@1 17.08, auc@5 44.08, share 16, std_loss 0.03442328772982772, pre_std_loss 0.026572413742542267,  3.40716 3.43257 3.46954 3.44976
2021-05-30 01:56:55,631:INFO:[Rank-0] val time 15.4683, epoch  10, step  79, loss 3.24352113, auc@1 20.73, auc@5 49.86
2021-05-30 01:57:34,219:INFO:[Rank-0] train time 38.4291, epoch  11, step  98, loss 3.36395621, auc@1 18.20, auc@5 46.26, share 22, std_loss 0.020987263780885508, pre_std_loss 0.02072286047041416,  3.34379 3.35607 3.37359 3.39128
2021-05-30 01:57:49,658:INFO:[Rank-0] val time 15.4370, epoch  11, step  79, loss 3.18544906, auc@1 21.75, auc@5 50.79
2021-05-30 01:58:27,215:INFO:[Rank-0] train time 37.3586, epoch  12, step  98, loss 3.29454446, auc@1 19.61, auc@5 48.00, share 14, std_loss 0.029035100295227403, pre_std_loss 0.014852071180939674,  3.27206 3.29928 3.30353 3.30186
2021-05-30 01:58:42,741:INFO:[Rank-0] val time 15.5240, epoch  12, step  79, loss 3.15726871, auc@1 21.83, auc@5 52.55
2021-05-30 01:59:20,797:INFO:[Rank-0] train time 37.8738, epoch  13, step  98, loss 3.21516252, auc@1 20.95, auc@5 49.92, share 17, std_loss 0.04284319812812063, pre_std_loss 0.029973013326525688,  3.19116 3.17541 3.24958 3.24539
2021-05-30 01:59:36,179:INFO:[Rank-0] val time 15.3793, epoch  13, step  79, loss 3.13348095, auc@1 21.83, auc@5 52.69
2021-05-30 02:00:14,547:INFO:[Rank-0] train time 38.1501, epoch  14, step  98, loss 3.14337873, auc@1 22.11, auc@5 51.98, share 19, std_loss 0.026910426427743266, pre_std_loss 0.021863438189029694,  3.12086 3.12770 3.16406 3.15932
2021-05-30 02:00:30,153:INFO:[Rank-0] val time 15.6033, epoch  14, step  79, loss 2.98856460, auc@1 25.28, auc@5 55.87
2021-05-30 02:01:08,129:INFO:[Rank-0] train time 37.8456, epoch  15, step  98, loss 3.08187222, auc@1 23.16, auc@5 53.72, share 19, std_loss 0.04708469640083459, pre_std_loss 0.03712330013513565,  3.03527 3.06932 3.10697 3.11615
2021-05-30 02:01:23,654:INFO:[Rank-0] val time 15.5228, epoch  15, step  79, loss 3.04281470, auc@1 23.83, auc@5 55.58
2021-05-30 02:02:02,153:INFO:[Rank-0] train time 38.2548, epoch  16, step  98, loss 3.02390146, auc@1 24.29, auc@5 55.05, share 21, std_loss 0.01893460858917358, pre_std_loss 0.00794063787907362,  3.01584 3.02913 3.01795 3.03175
2021-05-30 02:02:17,714:INFO:[Rank-0] val time 15.5587, epoch  16, step  79, loss 3.41358119, auc@1 19.88, auc@5 48.09
2021-05-30 02:02:55,160:INFO:[Rank-0] train time 37.2003, epoch  17, step  98, loss 2.95932460, auc@1 25.11, auc@5 56.85, share 10, std_loss 0.043927177273649344, pre_std_loss 0.021817080676555634,  2.95205 2.95314 2.93395 2.99685
2021-05-30 02:03:10,591:INFO:[Rank-0] val time 15.4298, epoch  17, step  79, loss 2.90561235, auc@1 27.34, auc@5 59.25
2021-05-30 02:03:49,304:INFO:[Rank-0] train time 38.6483, epoch  18, step  98, loss 2.89555025, auc@1 26.56, auc@5 58.42, share 21, std_loss 0.047315337067964126, pre_std_loss 0.037707798182964325,  2.88613 2.94866 2.85224 2.90574
2021-05-30 02:04:04,894:INFO:[Rank-0] val time 15.5867, epoch  18, step  79, loss 2.76044707, auc@1 28.71, auc@5 61.51
2021-05-30 02:04:42,668:INFO:[Rank-0] train time 37.6923, epoch  19, step  98, loss 2.83728051, auc@1 27.53, auc@5 59.71, share 15, std_loss 0.03946176081971855, pre_std_loss 0.02008369378745556,  2.83439 2.86211 2.80924 2.84317
2021-05-30 02:04:58,072:INFO:[Rank-0] val time 15.4003, epoch  19, step  79, loss 2.86370064, auc@1 28.99, auc@5 60.63
2021-05-30 02:05:36,471:INFO:[Rank-0] train time 38.2231, epoch  20, step  98, loss 2.77123928, auc@1 28.72, auc@5 61.19, share 21, std_loss 0.026979303101495822, pre_std_loss 0.017754634842276573,  2.78427 2.76077 2.74845 2.78935
2021-05-30 02:05:52,038:INFO:[Rank-0] val time 15.5644, epoch  20, step  79, loss 2.80808316, auc@1 29.27, auc@5 61.31
2021-05-30 02:06:30,159:INFO:[Rank-0] train time 37.9908, epoch  21, step  98, loss 2.71185565, auc@1 30.17, auc@5 62.76, share 17, std_loss 0.03615825568154758, pre_std_loss 0.021050946786999702,  2.68115 2.72563 2.71924 2.72372
2021-05-30 02:06:45,656:INFO:[Rank-0] val time 15.4936, epoch  21, step  79, loss 2.85273270, auc@1 29.09, auc@5 59.79
2021-05-30 02:07:23,043:INFO:[Rank-0] train time 37.1457, epoch  22, step  98, loss 2.65172958, auc@1 31.38, auc@5 64.09, share 12, std_loss 0.035569450932041724, pre_std_loss 0.021164225414395332,  2.64071 2.65966 2.62472 2.67850
2021-05-30 02:07:38,494:INFO:[Rank-0] val time 15.4477, epoch  22, step  79, loss 2.61818784, auc@1 32.63, auc@5 65.37
2021-05-30 02:08:17,323:INFO:[Rank-0] train time 38.6410, epoch  23, step  98, loss 2.60456324, auc@1 32.11, auc@5 65.23, share 23, std_loss 0.027860301679798534, pre_std_loss 0.01923093944787979,  2.58404 2.62921 2.59879 2.60325
2021-05-30 02:08:32,837:INFO:[Rank-0] val time 15.5112, epoch  23, step  79, loss 2.70011744, auc@1 31.81, auc@5 64.39
2021-05-30 02:09:10,937:INFO:[Rank-0] train time 37.8222, epoch  24, step  98, loss 2.55629134, auc@1 33.24, auc@5 66.59, share 20, std_loss 0.034926026403827935, pre_std_loss 0.030034441500902176,  2.52999 2.59922 2.54515 2.54937
2021-05-30 02:09:26,439:INFO:[Rank-0] val time 15.5002, epoch  24, step  79, loss 2.51255087, auc@1 35.54, auc@5 67.64
2021-05-30 02:10:04,990:INFO:[Rank-0] train time 38.4335, epoch  25, step  98, loss 2.50041771, auc@1 34.34, auc@5 67.75, share 23, std_loss 0.02670335936911252, pre_std_loss 0.02180788479745388,  2.49832 2.52169 2.47042 2.50887
2021-05-30 02:10:20,337:INFO:[Rank-0] val time 15.3442, epoch  25, step  79, loss 2.57653708, auc@1 35.11, auc@5 67.94
2021-05-30 02:10:59,845:INFO:[Rank-0] train time 39.2771, epoch  26, step  98, loss 2.44912648, auc@1 35.65, auc@5 68.81, share 29, std_loss 0.03507766833680929, pre_std_loss 0.03648453205823898,  2.41789 2.49678 2.42519 2.46219
2021-05-30 02:11:15,518:INFO:[Rank-0] val time 15.6711, epoch  26, step  79, loss 2.48572591, auc@1 35.49, auc@5 68.06
2021-05-30 02:11:52,987:INFO:[Rank-0] train time 37.2472, epoch  27, step  98, loss 2.40962434, auc@1 36.25, auc@5 69.64, share 13, std_loss 0.0344544097933234, pre_std_loss 0.024549681693315506,  2.38193 2.43954 2.38797 2.42729
2021-05-30 02:12:08,551:INFO:[Rank-0] val time 15.5623, epoch  27, step  79, loss 2.44314318, auc@1 36.10, auc@5 68.67
2021-05-30 02:12:46,928:INFO:[Rank-0] train time 38.1093, epoch  28, step  98, loss 2.36661601, auc@1 37.14, auc@5 70.36, share 21, std_loss 0.029742929837381353, pre_std_loss 0.022634848952293396,  2.36995 2.38421 2.33408 2.37919
2021-05-30 02:13:02,451:INFO:[Rank-0] val time 15.5208, epoch  28, step  79, loss 2.69721729, auc@1 32.88, auc@5 64.53
2021-05-30 02:13:40,756:INFO:[Rank-0] train time 38.1258, epoch  29, step  98, loss 2.32916427, auc@1 37.86, auc@5 71.38, share 21, std_loss 0.02602367365865835, pre_std_loss 0.027038449421525,  2.34094 2.34919 2.28945 2.33655
2021-05-30 02:13:56,412:INFO:[Rank-0] val time 15.6550, epoch  29, step  79, loss 2.35401582, auc@1 37.91, auc@5 70.93
2021-05-30 02:14:35,336:INFO:[Rank-0] train time 38.7221, epoch  30, step  98, loss 2.28124261, auc@1 39.36, auc@5 72.27, share 26, std_loss 0.0491458613482513, pre_std_loss 0.046143367886543274,  2.27773 2.32039 2.21800 2.30950
2021-05-30 02:14:51,087:INFO:[Rank-0] val time 15.7479, epoch  30, step  79, loss 2.33702604, auc@1 39.02, auc@5 71.80
2021-05-30 02:15:30,144:INFO:[Rank-0] train time 38.9466, epoch  31, step  98, loss 2.23807907, auc@1 40.08, auc@5 73.45, share 24, std_loss 0.02328761220358464, pre_std_loss 0.02625245600938797,  2.21316 2.27772 2.22904 2.24114
2021-05-30 02:15:45,635:INFO:[Rank-0] val time 15.4897, epoch  31, step  79, loss 2.24242503, auc@1 41.19, auc@5 73.23
2021-05-30 02:16:23,489:INFO:[Rank-0] train time 37.5591, epoch  32, step  98, loss 2.21119666, auc@1 40.64, auc@5 73.78, share 15, std_loss 0.0553789924526093, pre_std_loss 0.04340306669473648,  2.17841 2.26435 2.17004 2.22498
2021-05-30 02:16:38,920:INFO:[Rank-0] val time 15.4280, epoch  32, step  79, loss 2.39470773, auc@1 37.49, auc@5 71.21
2021-05-30 02:17:17,518:INFO:[Rank-0] train time 38.4638, epoch  33, step  98, loss 2.16969442, auc@1 41.49, auc@5 74.57, share 24, std_loss 0.03362142585446032, pre_std_loss 0.029618430882692337,  2.13004 2.20189 2.17461 2.16807
2021-05-30 02:17:32,973:INFO:[Rank-0] val time 15.4520, epoch  33, step  79, loss 2.40384574, auc@1 38.84, auc@5 70.55
2021-05-30 02:18:12,470:INFO:[Rank-0] train time 39.3617, epoch  34, step  98, loss 2.13225865, auc@1 42.49, auc@5 75.29, share 26, std_loss 0.050009128504565785, pre_std_loss 0.047188855707645416,  2.07435 2.18905 2.12807 2.14160
2021-05-30 02:18:27,893:INFO:[Rank-0] val time 15.4206, epoch  34, step  79, loss 2.16328441, auc@1 42.44, auc@5 74.78
2021-05-30 02:19:05,500:INFO:[Rank-0] train time 37.6052, epoch  35, step  98, loss 2.10081577, auc@1 43.01, auc@5 76.08, share 16, std_loss 0.028293248978728543, pre_std_loss 0.018900619819760323,  2.08184 2.12591 2.09163 2.10058
2021-05-30 02:19:21,025:INFO:[Rank-0] val time 15.5211, epoch  35, step  79, loss 2.13370597, auc@1 42.65, auc@5 75.99
2021-05-30 02:20:00,230:INFO:[Rank-0] train time 39.0674, epoch  36, step  98, loss 2.06449223, auc@1 43.98, auc@5 76.57, share 25, std_loss 0.03362179810789471, pre_std_loss 0.033540278673172,  2.07461 2.10371 2.00917 2.06414
2021-05-30 02:20:15,604:INFO:[Rank-0] val time 15.3718, epoch  36, step  79, loss 2.07016826, auc@1 44.86, auc@5 76.19
2021-05-30 02:20:53,377:INFO:[Rank-0] train time 37.5449, epoch  37, step  98, loss 2.03129816, auc@1 44.65, auc@5 77.36, share 15, std_loss 0.028360067515120824, pre_std_loss 0.019264234229922295,  2.00751 2.05124 2.04033 2.02287
2021-05-30 02:21:08,675:INFO:[Rank-0] val time 15.2944, epoch  37, step  79, loss 2.30999712, auc@1 40.45, auc@5 73.13
2021-05-30 02:21:47,706:INFO:[Rank-0] train time 38.9308, epoch  38, step  98, loss 1.99999857, auc@1 45.45, auc@5 77.96, share 24, std_loss 0.016364709711728657, pre_std_loss 0.01565799117088318,  1.98682 2.02285 2.00294 1.99363
2021-05-30 02:22:03,302:INFO:[Rank-0] val time 15.5936, epoch  38, step  79, loss 2.11180248, auc@1 44.05, auc@5 76.19
2021-05-30 02:22:41,910:INFO:[Rank-0] train time 38.4293, epoch  39, step  98, loss 1.96461296, auc@1 46.25, auc@5 78.58, share 22, std_loss 0.02521446912563691, pre_std_loss 0.028269454836845398,  1.93929 2.00153 1.93858 1.97539
2021-05-30 02:22:57,521:INFO:[Rank-0] val time 15.6088, epoch  39, step  79, loss 2.09211224, auc@1 44.76, auc@5 76.91
2021-05-30 02:23:35,561:INFO:[Rank-0] train time 37.7879, epoch  40, step  98, loss 1.92978036, auc@1 46.89, auc@5 79.21, share 22, std_loss 0.03845296530243086, pre_std_loss 0.03283675014972687,  1.88339 1.95266 1.92286 1.95270
2021-05-30 02:23:50,985:INFO:[Rank-0] val time 15.4224, epoch  40, step  79, loss 2.09112301, auc@1 43.96, auc@5 76.44
2021-05-30 02:24:28,661:INFO:[Rank-0] train time 37.4812, epoch  41, step  98, loss 1.91012061, auc@1 47.38, auc@5 79.68, share 16, std_loss 0.029517927549171204, pre_std_loss 0.021342262625694275,  1.88635 1.92830 1.89875 1.93012
2021-05-30 02:24:44,118:INFO:[Rank-0] val time 15.4543, epoch  41, step  79, loss 2.13868421, auc@1 43.98, auc@5 76.09
2021-05-30 02:25:22,812:INFO:[Rank-0] train time 38.4344, epoch  42, step  98, loss 1.86410582, auc@1 48.54, auc@5 80.10, share 23, std_loss 0.04016984777277982, pre_std_loss 0.040804423391819,  1.85063 1.92576 1.83200 1.84438
2021-05-30 02:25:38,366:INFO:[Rank-0] val time 15.5510, epoch  42, step  79, loss 2.02552180, auc@1 46.00, auc@5 77.70
2021-05-30 02:26:16,545:INFO:[Rank-0] train time 38.0291, epoch  43, step  98, loss 1.84246910, auc@1 48.92, auc@5 80.82, share 21, std_loss 0.04179015710987911, pre_std_loss 0.026413265615701675,  1.81739 1.88685 1.80179 1.85353
2021-05-30 02:26:32,113:INFO:[Rank-0] val time 15.5658, epoch  43, step  79, loss 2.09027547, auc@1 45.40, auc@5 76.92
2021-05-30 02:27:10,146:INFO:[Rank-0] train time 37.9851, epoch  44, step  98, loss 1.84151161, auc@1 49.21, auc@5 80.88, share 25, std_loss 0.02200144633878859, pre_std_loss 0.01843639649450779,  1.82199 1.85755 1.82834 1.85364
2021-05-30 02:27:25,807:INFO:[Rank-0] val time 15.6582, epoch  44, step  79, loss 1.98947634, auc@1 47.24, auc@5 78.44
2021-05-30 02:28:03,403:INFO:[Rank-0] train time 37.3407, epoch  45, step  98, loss 1.79683030, auc@1 50.16, auc@5 81.55, share 18, std_loss 0.03922663570134616, pre_std_loss 0.03154575824737549,  1.76306 1.81852 1.77356 1.83219
2021-05-30 02:28:18,931:INFO:[Rank-0] val time 15.5245, epoch  45, step  79, loss 2.01746823, auc@1 46.75, auc@5 77.92
2021-05-30 02:28:56,272:INFO:[Rank-0] train time 37.0938, epoch  46, step  98, loss 1.77053463, auc@1 50.87, auc@5 82.06, share 17, std_loss 0.030396460042316085, pre_std_loss 0.018237728625535965,  1.77557 1.79620 1.75395 1.76340
2021-05-30 02:29:11,792:INFO:[Rank-0] val time 15.5168, epoch  46, step  79, loss 2.03762453, auc@1 46.43, auc@5 78.31
2021-05-30 02:29:48,659:INFO:[Rank-0] train time 36.7238, epoch  47, step  98, loss 1.74467683, auc@1 51.21, auc@5 82.71, share 12, std_loss 0.04453821409949843, pre_std_loss 0.01791529171168804,  1.72754 1.75699 1.71976 1.75944
2021-05-30 02:30:04,205:INFO:[Rank-0] val time 15.5426, epoch  47, step  79, loss 1.97184658, auc@1 47.91, auc@5 78.21
2021-05-30 02:30:42,240:INFO:[Rank-0] train time 37.9346, epoch  48, step  98, loss 1.71706879, auc@1 51.92, auc@5 83.06, share 16, std_loss 0.040148777069942077, pre_std_loss 0.036124687641859055,  1.67357 1.75225 1.70184 1.74058
2021-05-30 02:30:57,854:INFO:[Rank-0] val time 15.6115, epoch  48, step  79, loss 1.90963487, auc@1 48.59, auc@5 79.39
2021-05-30 02:31:35,982:INFO:[Rank-0] train time 37.8910, epoch  49, step  98, loss 1.69656348, auc@1 52.50, auc@5 83.36, share 17, std_loss 0.04395843810420864, pre_std_loss 0.03202806040644646,  1.69130 1.70938 1.64892 1.72758
2021-05-30 02:31:51,395:INFO:[Rank-0] val time 15.4100, epoch  49, step  79, loss 1.94027798, auc@1 48.82, auc@5 79.76
2021-05-30 02:32:29,637:INFO:[Rank-0] train time 38.0800, epoch  50, step  98, loss 1.66144598, auc@1 53.52, auc@5 83.89, share 16, std_loss 0.02841983939406975, pre_std_loss 0.012729550711810589,  1.66894 1.69653 1.65643 1.65229
2021-05-30 02:32:45,189:INFO:[Rank-0] val time 15.5497, epoch  50, step  79, loss 1.84042752, auc@1 49.70, auc@5 81.01
2021-05-30 02:33:23,829:INFO:[Rank-0] train time 38.5621, epoch  51, step  98, loss 1.64621985, auc@1 53.77, auc@5 84.26, share 24, std_loss 0.040863143128095844, pre_std_loss 0.04128251224756241,  1.60919 1.69743 1.61666 1.65576
2021-05-30 02:33:39,297:INFO:[Rank-0] val time 15.4652, epoch  51, step  79, loss 1.83987462, auc@1 50.27, auc@5 81.23
2021-05-30 02:34:16,746:INFO:[Rank-0] train time 37.2961, epoch  52, step  98, loss 1.61949360, auc@1 54.35, auc@5 84.54, share 11, std_loss 0.038131157639531454, pre_std_loss 0.024220092222094536,  1.58936 1.64805 1.61541 1.62006
2021-05-30 02:34:32,552:INFO:[Rank-0] val time 15.8028, epoch  52, step  79, loss 1.91318655, auc@1 49.44, auc@5 80.48
2021-05-30 02:35:09,754:INFO:[Rank-0] train time 37.0231, epoch  53, step  98, loss 1.60421002, auc@1 54.65, auc@5 84.87, share 16, std_loss 0.031663898948808104, pre_std_loss 0.024321749806404114,  1.57709 1.62775 1.58063 1.62629
2021-05-30 02:35:25,450:INFO:[Rank-0] val time 15.6926, epoch  53, step  79, loss 1.79087014, auc@1 51.51, auc@5 82.02
2021-05-30 02:36:03,730:INFO:[Rank-0] train time 38.0732, epoch  54, step  98, loss 1.57594979, auc@1 55.50, auc@5 85.17, share 22, std_loss 0.02393422014441113, pre_std_loss 0.019022967666387558,  1.54847 1.58095 1.58396 1.58764
2021-05-30 02:36:19,084:INFO:[Rank-0] val time 15.3517, epoch  54, step  79, loss 1.89645057, auc@1 48.73, auc@5 80.66
2021-05-30 02:36:56,744:INFO:[Rank-0] train time 37.4383, epoch  55, step  98, loss 1.55021286, auc@1 55.99, auc@5 85.62, share 14, std_loss 0.03865850732034566, pre_std_loss 0.025951318442821503,  1.51429 1.54906 1.56121 1.57439
2021-05-30 02:37:12,155:INFO:[Rank-0] val time 15.4085, epoch  55, step  79, loss 1.81951796, auc@1 51.17, auc@5 81.48
2021-05-30 02:37:50,716:INFO:[Rank-0] train time 38.5109, epoch  56, step  98, loss 1.54230332, auc@1 56.38, auc@5 85.86, share 21, std_loss 0.04143929323751708, pre_std_loss 0.03283543512225151,  1.51525 1.56977 1.51018 1.56914
2021-05-30 02:38:06,190:INFO:[Rank-0] val time 15.4724, epoch  56, step  79, loss 1.84961330, auc@1 50.93, auc@5 81.52
2021-05-30 02:38:45,634:INFO:[Rank-0] train time 39.3653, epoch  57, step  98, loss 1.50703359, auc@1 57.08, auc@5 86.64, share 28, std_loss 0.037964941610639194, pre_std_loss 0.03421923890709877,  1.48467 1.54504 1.46416 1.52864
2021-05-30 02:39:01,122:INFO:[Rank-0] val time 15.4848, epoch  57, step  79, loss 1.75991321, auc@1 52.69, auc@5 82.48
2021-05-30 02:39:39,128:INFO:[Rank-0] train time 37.9574, epoch  58, step  98, loss 1.49747026, auc@1 57.12, auc@5 86.70, share 21, std_loss 0.036861685864931465, pre_std_loss 0.03268015384674072,  1.45422 1.52744 1.48589 1.51928
2021-05-30 02:39:54,627:INFO:[Rank-0] val time 15.4970, epoch  58, step  79, loss 1.75198834, auc@1 53.09, auc@5 82.46
2021-05-30 02:40:32,740:INFO:[Rank-0] train time 37.8635, epoch  59, step  98, loss 1.47821856, auc@1 58.12, auc@5 86.81, share 19, std_loss 0.028727425937065666, pre_std_loss 0.02211627922952175,  1.44577 1.48389 1.49443 1.48916
2021-05-30 02:40:48,200:INFO:[Rank-0] val time 15.4584, epoch  59, step  79, loss 1.69233541, auc@1 53.70, auc@5 83.21
2021-05-30 02:41:26,367:INFO:[Rank-0] train time 38.0768, epoch  60, step  98, loss 1.45562983, auc@1 58.49, auc@5 87.09, share 19, std_loss 0.03214834482238001, pre_std_loss 0.022731062024831772,  1.44715 1.48879 1.43626 1.43949
2021-05-30 02:41:41,864:INFO:[Rank-0] val time 15.4941, epoch  60, step  79, loss 1.73706075, auc@1 53.56, auc@5 83.33
2021-05-30 02:42:20,439:INFO:[Rank-0] train time 38.4222, epoch  61, step  98, loss 1.44396853, auc@1 58.56, auc@5 87.56, share 22, std_loss 0.026187374608173053, pre_std_loss 0.018893124535679817,  1.41132 1.45117 1.45619 1.45945
2021-05-30 02:42:36,018:INFO:[Rank-0] val time 15.5767, epoch  61, step  79, loss 1.78633325, auc@1 52.35, auc@5 82.38
2021-05-30 02:43:14,791:INFO:[Rank-0] train time 38.7280, epoch  62, step  98, loss 1.42341912, auc@1 59.25, auc@5 87.90, share 22, std_loss 0.033383162407090466, pre_std_loss 0.03289446234703064,  1.40317 1.47603 1.40219 1.41126
2021-05-30 02:43:30,713:INFO:[Rank-0] val time 15.9186, epoch  62, step  79, loss 1.63771312, auc@1 55.24, auc@5 84.38
2021-05-30 02:44:09,613:INFO:[Rank-0] train time 38.8076, epoch  63, step  98, loss 1.40204763, auc@1 59.76, auc@5 87.96, share 29, std_loss 0.03969009278570207, pre_std_loss 0.03902432695031166,  1.35748 1.42764 1.38175 1.44097
2021-05-30 02:44:25,196:INFO:[Rank-0] val time 15.5808, epoch  63, step  79, loss 1.69511502, auc@1 54.50, auc@5 83.77
2021-05-30 02:45:02,629:INFO:[Rank-0] train time 37.2327, epoch  64, step  98, loss 1.39693034, auc@1 59.90, auc@5 88.17, share 16, std_loss 0.04582596984596885, pre_std_loss 0.032372020184993744,  1.34487 1.42233 1.39642 1.41756
2021-05-30 02:45:18,120:INFO:[Rank-0] val time 15.4882, epoch  64, step  79, loss 1.79938375, auc@1 52.98, auc@5 82.03
2021-05-30 02:45:56,196:INFO:[Rank-0] train time 37.8355, epoch  65, step  98, loss 1.37346435, auc@1 60.70, auc@5 88.49, share 21, std_loss 0.02909520674230797, pre_std_loss 0.021195553243160248,  1.36915 1.39638 1.34559 1.38719
2021-05-30 02:46:11,685:INFO:[Rank-0] val time 15.4862, epoch  65, step  79, loss 1.68769391, auc@1 54.61, auc@5 83.36
2021-05-30 02:46:50,531:INFO:[Rank-0] train time 38.6917, epoch  66, step  98, loss 1.35963857, auc@1 60.90, auc@5 88.56, share 27, std_loss 0.023687002876279305, pre_std_loss 0.024396510794758797,  1.33875 1.38900 1.34105 1.37158
2021-05-30 02:47:06,085:INFO:[Rank-0] val time 15.5516, epoch  66, step  79, loss 1.67506779, auc@1 55.37, auc@5 83.56
2021-05-30 02:47:44,816:INFO:[Rank-0] train time 38.4610, epoch  67, step  98, loss 1.33490801, auc@1 61.46, auc@5 89.10, share 24, std_loss 0.024174591250793666, pre_std_loss 0.021331798285245895,  1.32112 1.34094 1.31052 1.35860
2021-05-30 02:48:00,535:INFO:[Rank-0] val time 15.7164, epoch  67, step  79, loss 1.69564928, auc@1 54.59, auc@5 83.65
2021-05-30 02:48:38,414:INFO:[Rank-0] train time 37.7198, epoch  68, step  98, loss 1.32308483, auc@1 61.91, auc@5 88.95, share 18, std_loss 0.021884845123075102, pre_std_loss 0.017194461077451706,  1.30108 1.34132 1.33139 1.32077
2021-05-30 02:48:53,975:INFO:[Rank-0] val time 15.5592, epoch  68, step  79, loss 1.68837590, auc@1 54.80, auc@5 84.39
2021-05-30 02:49:31,634:INFO:[Rank-0] train time 37.5622, epoch  69, step  98, loss 1.31230533, auc@1 62.16, auc@5 89.31, share 14, std_loss 0.041201100551656315, pre_std_loss 0.024275338277220726,  1.27977 1.31694 1.31590 1.33628
2021-05-30 02:49:47,220:INFO:[Rank-0] val time 15.5833, epoch  69, step  79, loss 1.83899803, auc@1 52.98, auc@5 81.98
2021-05-30 02:50:25,590:INFO:[Rank-0] train time 38.0838, epoch  70, step  98, loss 1.29466093, auc@1 62.79, auc@5 89.58, share 17, std_loss 0.03523316490939077, pre_std_loss 0.029758045449852943,  1.25139 1.31101 1.31121 1.30179
2021-05-30 02:50:41,652:INFO:[Rank-0] val time 16.0598, epoch  70, step  79, loss 1.65666772, auc@1 55.56, auc@5 84.40
2021-05-30 02:51:18,804:INFO:[Rank-0] train time 37.0643, epoch  71, step  98, loss 1.28403068, auc@1 62.72, auc@5 89.65, share 16, std_loss 0.02223158353103363, pre_std_loss 0.013769353739917278,  1.27146 1.27909 1.26874 1.30304
2021-05-30 02:51:34,418:INFO:[Rank-0] val time 15.6111, epoch  71, step  79, loss 1.65610418, auc@1 55.93, auc@5 84.19
2021-05-30 02:52:12,337:INFO:[Rank-0] train time 37.8642, epoch  72, step  98, loss 1.26770031, auc@1 63.19, auc@5 89.88, share 21, std_loss 0.021314405075901627, pre_std_loss 0.01762464828789234,  1.24978 1.29039 1.26250 1.27715
2021-05-30 02:52:27,904:INFO:[Rank-0] val time 15.5638, epoch  72, step  79, loss 1.63877112, auc@1 56.29, auc@5 84.48
2021-05-30 02:53:06,476:INFO:[Rank-0] train time 38.4961, epoch  73, step  98, loss 1.23955786, auc@1 63.95, auc@5 90.16, share 28, std_loss 0.025042283871420185, pre_std_loss 0.030179228633642197,  1.19519 1.26235 1.25387 1.24588
2021-05-30 02:53:21,912:INFO:[Rank-0] val time 15.4337, epoch  73, step  79, loss 1.75426988, auc@1 53.61, auc@5 82.81
2021-05-30 02:53:59,772:INFO:[Rank-0] train time 37.7077, epoch  74, step  98, loss 1.23139954, auc@1 64.20, auc@5 90.33, share 14, std_loss 0.02173117801014866, pre_std_loss 0.013024874031543732,  1.21440 1.23989 1.22194 1.24103
2021-05-30 02:54:15,469:INFO:[Rank-0] val time 15.6947, epoch  74, step  79, loss 1.66901048, auc@1 55.90, auc@5 84.43
2021-05-30 02:54:53,337:INFO:[Rank-0] train time 37.5582, epoch  75, step  98, loss 1.21982467, auc@1 64.54, auc@5 90.67, share 18, std_loss 0.023766498946185623, pre_std_loss 0.015050952322781086,  1.20984 1.21966 1.20622 1.23978
2021-05-30 02:55:09,390:INFO:[Rank-0] val time 16.0497, epoch  75, step  79, loss 1.68725424, auc@1 55.72, auc@5 84.07
2021-05-30 02:55:47,348:INFO:[Rank-0] train time 37.8912, epoch  76, step  98, loss 1.21183121, auc@1 64.59, auc@5 90.77, share 21, std_loss 0.012250024710107138, pre_std_loss 0.012452876195311546,  1.21969 1.21049 1.19483 1.22244
2021-05-30 02:56:02,827:INFO:[Rank-0] val time 15.4757, epoch  76, step  79, loss 1.68917773, auc@1 56.01, auc@5 83.88
2021-05-30 02:56:41,269:INFO:[Rank-0] train time 38.4381, epoch  77, step  98, loss 1.18570685, auc@1 65.16, auc@5 91.14, share 21, std_loss 0.03368907204201939, pre_std_loss 0.02287118509411812,  1.14426 1.20155 1.19812 1.18540
2021-05-30 02:56:56,889:INFO:[Rank-0] val time 15.6148, epoch  77, step  79, loss 1.68579025, auc@1 56.45, auc@5 83.83
2021-05-30 02:57:35,701:INFO:[Rank-0] train time 38.5896, epoch  78, step  98, loss 1.17661691, auc@1 65.56, auc@5 91.25, share 25, std_loss 0.017242429682946935, pre_std_loss 0.019176634028553963,  1.15200 1.17839 1.17492 1.19907
2021-05-30 02:57:51,416:INFO:[Rank-0] val time 15.7123, epoch  78, step  79, loss 1.69873004, auc@1 56.27, auc@5 84.40
2021-05-30 02:58:29,269:INFO:[Rank-0] train time 37.7426, epoch  79, step  98, loss 1.14741457, auc@1 66.51, auc@5 91.50, share 21, std_loss 0.022101930418640982, pre_std_loss 0.011366958729922771,  1.15565 1.15560 1.13728 1.13638
2021-05-30 02:58:44,782:INFO:[Rank-0] val time 15.5099, epoch  79, step  79, loss 1.70013539, auc@1 55.63, auc@5 84.16
2021-05-30 02:59:22,891:INFO:[Rank-0] train time 38.0089, epoch  80, step  98, loss 1.14683640, auc@1 66.20, auc@5 91.71, share 17, std_loss 0.026499030465374187, pre_std_loss 0.01648881658911705,  1.16387 1.15396 1.12510 1.14526
2021-05-30 02:59:38,419:INFO:[Rank-0] val time 15.5247, epoch  80, step  79, loss 1.65845741, auc@1 56.43, auc@5 84.47
2021-05-30 03:00:15,891:INFO:[Rank-0] train time 37.0548, epoch  81, step  98, loss 1.02539825, auc@1 69.82, auc@5 92.89, share 12, std_loss 0.034116682273392776, pre_std_loss 0.021881094202399254,  1.01481 1.04382 1.01066 1.06534
2021-05-30 03:00:31,529:INFO:[Rank-0] val time 15.6351, epoch  81, step  79, loss 1.34839642, auc@1 62.55, auc@5 88.45
2021-05-30 03:01:08,908:INFO:[Rank-0] train time 37.3242, epoch  82, step  98, loss 0.96485406, auc@1 71.49, auc@5 93.53, share 15, std_loss 0.01871016810705163, pre_std_loss 0.014590009115636349,  0.95947 0.97098 0.94838 0.98266
2021-05-30 03:01:24,528:INFO:[Rank-0] val time 15.6177, epoch  82, step  79, loss 1.32644606, auc@1 63.20, auc@5 88.51
2021-05-30 03:02:04,117:INFO:[Rank-0] train time 39.3796, epoch  83, step  98, loss 0.93300390, auc@1 72.52, auc@5 93.88, share 31, std_loss 0.0316427594278844, pre_std_loss 0.028011860325932503,  0.90126 0.95444 0.95792 0.91667
2021-05-30 03:02:19,587:INFO:[Rank-0] val time 15.4680, epoch  83, step  79, loss 1.32219278, auc@1 63.31, auc@5 88.48
2021-05-30 03:02:58,349:INFO:[Rank-0] train time 38.7355, epoch  84, step  98, loss 0.91952556, auc@1 72.78, auc@5 94.04, share 24, std_loss 0.017545928009690678, pre_std_loss 0.01648978888988495,  0.89620 0.94160 0.91771 0.91773
2021-05-30 03:03:15,047:INFO:[Rank-0] val time 16.6950, epoch  84, step  79, loss 1.31934814, auc@1 63.28, auc@5 88.64
2021-05-30 03:03:52,950:INFO:[Rank-0] train time 37.8672, epoch  85, step  98, loss 0.91762143, auc@1 73.06, auc@5 94.06, share 28, std_loss 0.024703263742279033, pre_std_loss 0.025464946404099464,  0.88158 0.92460 0.92925 0.93755
2021-05-30 03:04:08,582:INFO:[Rank-0] val time 15.6286, epoch  85, step  79, loss 1.31137297, auc@1 63.65, auc@5 88.67
2021-05-30 03:04:47,177:INFO:[Rank-0] train time 38.4920, epoch  86, step  98, loss 0.90538937, auc@1 73.36, auc@5 94.14, share 22, std_loss 0.01654342564811208, pre_std_loss 0.011164926923811436,  0.89345 0.91186 0.89735 0.91663
2021-05-30 03:05:02,803:INFO:[Rank-0] val time 15.6221, epoch  86, step  79, loss 1.30527871, auc@1 63.50, auc@5 88.89
2021-05-30 03:05:40,263:INFO:[Rank-0] train time 37.3111, epoch  87, step  98, loss 0.89216727, auc@1 73.45, auc@5 94.30, share 12, std_loss 0.020826521712089225, pre_std_loss 0.01109206210821867,  0.89048 0.88013 0.87725 0.90724
2021-05-30 03:05:55,697:INFO:[Rank-0] val time 15.4311, epoch  87, step  79, loss 1.30783631, auc@1 63.66, auc@5 88.86
2021-05-30 03:06:34,528:INFO:[Rank-0] train time 38.8306, epoch  88, step  98, loss 0.88626951, auc@1 73.60, auc@5 94.48, share 23, std_loss 0.024304660797423244, pre_std_loss 0.01860019937157631,  0.85851 0.90024 0.87735 0.90094
2021-05-30 03:06:49,969:INFO:[Rank-0] val time 15.4360, epoch  88, step  79, loss 1.30639720, auc@1 63.70, auc@5 88.92
2021-05-30 03:07:27,675:INFO:[Rank-0] train time 37.5196, epoch  89, step  98, loss 0.87893474, auc@1 73.93, auc@5 94.53, share 17, std_loss 0.03622227274261567, pre_std_loss 0.027533940970897675,  0.84518 0.87636 0.88822 0.91161
2021-05-30 03:07:43,188:INFO:[Rank-0] val time 15.5102, epoch  89, step  79, loss 1.30308514, auc@1 63.95, auc@5 89.05
2021-05-30 03:08:21,409:INFO:[Rank-0] train time 37.9539, epoch  90, step  98, loss 0.87467170, auc@1 74.06, auc@5 94.55, share 18, std_loss 0.016205849563132743, pre_std_loss 0.005786282941699028,  0.87044 0.87216 0.85951 0.88158
2021-05-30 03:08:36,885:INFO:[Rank-0] val time 15.4748, epoch  90, step  79, loss 1.30383469, auc@1 63.68, auc@5 89.02
2021-05-30 03:09:15,702:INFO:[Rank-0] train time 38.6846, epoch  91, step  98, loss 0.86797953, auc@1 74.10, auc@5 94.54, share 25, std_loss 0.024600386049370378, pre_std_loss 0.021312061697244644,  0.84434 0.85794 0.89411 0.87909
2021-05-30 03:09:31,172:INFO:[Rank-0] val time 15.4682, epoch  91, step  79, loss 1.30268815, auc@1 63.70, auc@5 89.17
2021-05-30 03:10:09,934:INFO:[Rank-0] train time 38.6839, epoch  92, step  98, loss 0.86113292, auc@1 74.17, auc@5 94.75, share 22, std_loss 0.018219584599137306, pre_std_loss 0.018352791666984558,  0.83512 0.86819 0.86487 0.87620
2021-05-30 03:10:25,448:INFO:[Rank-0] val time 15.5116, epoch  92, step  79, loss 1.30480767, auc@1 63.79, auc@5 88.90
2021-05-30 03:11:02,537:INFO:[Rank-0] train time 36.9624, epoch  93, step  98, loss 0.85307544, auc@1 74.65, auc@5 94.70, share 11, std_loss 0.01860738249153507, pre_std_loss 0.0050603896379470825,  0.85181 0.85723 0.84684 0.85747
2021-05-30 03:11:18,452:INFO:[Rank-0] val time 15.9115, epoch  93, step  79, loss 1.29022790, auc@1 63.84, auc@5 89.09
2021-05-30 03:11:55,713:INFO:[Rank-0] train time 37.1265, epoch  94, step  98, loss 0.84886944, auc@1 74.92, auc@5 94.87, share 14, std_loss 0.027755882001805062, pre_std_loss 0.020827163010835648,  0.81923 0.85382 0.85592 0.86948
2021-05-30 03:12:11,330:INFO:[Rank-0] val time 15.6137, epoch  94, step  79, loss 1.29573679, auc@1 64.09, auc@5 89.27
2021-05-30 03:12:49,935:INFO:[Rank-0] train time 38.3988, epoch  95, step  98, loss 0.84186095, auc@1 74.90, auc@5 94.92, share 20, std_loss 0.031816912529876035, pre_std_loss 0.02433895692229271,  0.82358 0.87824 0.82690 0.84579
2021-05-30 03:13:05,399:INFO:[Rank-0] val time 15.4628, epoch  95, step  79, loss 1.29962628, auc@1 64.27, auc@5 89.14
2021-05-30 03:13:44,177:INFO:[Rank-0] train time 38.5816, epoch  96, step  98, loss 0.83694655, auc@1 75.02, auc@5 95.04, share 24, std_loss 0.025047366127219736, pre_std_loss 0.018333349376916885,  0.80999 0.84291 0.85225 0.84056
2021-05-30 03:13:59,687:INFO:[Rank-0] val time 15.5080, epoch  96, step  79, loss 1.29074701, auc@1 64.41, auc@5 89.19
2021-05-30 03:14:37,981:INFO:[Rank-0] train time 38.0979, epoch  97, step  98, loss 0.83437866, auc@1 75.25, auc@5 95.03, share 19, std_loss 0.024667543045492197, pre_std_loss 0.0191438477486372,  0.80890 0.85359 0.84289 0.83437
2021-05-30 03:14:53,547:INFO:[Rank-0] val time 15.5632, epoch  97, step  79, loss 1.29158951, auc@1 64.36, auc@5 89.29
2021-05-30 03:15:31,974:INFO:[Rank-0] train time 38.2524, epoch  98, step  98, loss 0.82858032, auc@1 75.46, auc@5 94.94, share 21, std_loss 0.03491772334946661, pre_std_loss 0.021282169967889786,  0.79797 0.83324 0.83796 0.84575
2021-05-30 03:15:47,524:INFO:[Rank-0] val time 15.5480, epoch  98, step  79, loss 1.28831944, auc@1 64.35, auc@5 89.25
2021-05-30 03:16:25,621:INFO:[Rank-0] train time 38.0318, epoch  99, step  98, loss 0.82264143, auc@1 75.64, auc@5 95.06, share 20, std_loss 0.024727437816256165, pre_std_loss 0.018413731828331947,  0.79563 0.83465 0.83439 0.81811
2021-05-30 03:16:41,052:INFO:[Rank-0] val time 15.4283, epoch  99, step  79, loss 1.29345886, auc@1 64.29, auc@5 89.35
2021-05-30 03:17:19,223:INFO:[Rank-0] train time 37.9514, epoch 100, step  98, loss 0.82267618, auc@1 75.40, auc@5 95.09, share 21, std_loss 0.019427242783867583, pre_std_loss 0.014576904475688934,  0.80073 0.82922 0.83092 0.82941
2021-05-30 03:17:34,693:INFO:[Rank-0] val time 15.4674, epoch 100, step  79, loss 1.29118201, auc@1 64.19, auc@5 89.42
2021-05-30 03:18:12,975:INFO:[Rank-0] train time 38.1116, epoch 101, step  98, loss 0.81278998, auc@1 75.78, auc@5 95.24, share 20, std_loss 0.02076234620976813, pre_std_loss 0.01984407566487789,  0.79299 0.83014 0.83161 0.79524
2021-05-30 03:18:28,473:INFO:[Rank-0] val time 15.4950, epoch 101, step  79, loss 1.29050458, auc@1 64.41, auc@5 89.34
2021-05-30 03:19:06,074:INFO:[Rank-0] train time 37.5749, epoch 102, step  98, loss 0.80658710, auc@1 75.85, auc@5 95.28, share 16, std_loss 0.01833841714970007, pre_std_loss 0.01370796374976635,  0.79052 0.79309 0.81712 0.82487
2021-05-30 03:19:21,896:INFO:[Rank-0] val time 15.8191, epoch 102, step  79, loss 1.29201090, auc@1 64.40, auc@5 89.24
2021-05-30 03:20:00,605:INFO:[Rank-0] train time 38.5313, epoch 103, step  98, loss 0.80736798, auc@1 75.70, auc@5 95.23, share 25, std_loss 0.0171834768214244, pre_std_loss 0.0163026824593544,  0.78997 0.79883 0.79755 0.82840
2021-05-30 03:20:16,192:INFO:[Rank-0] val time 15.5840, epoch 103, step  79, loss 1.29447082, auc@1 64.56, auc@5 89.23
2021-05-30 03:20:54,442:INFO:[Rank-0] train time 38.1177, epoch 104, step  98, loss 0.80293548, auc@1 75.97, auc@5 95.36, share 22, std_loss 0.01331142599371319, pre_std_loss 0.01107065286487341,  0.78438 0.81281 0.80634 0.80319
2021-05-30 03:21:09,941:INFO:[Rank-0] val time 15.4974, epoch 104, step  79, loss 1.29569413, auc@1 64.51, auc@5 89.28
2021-05-30 03:21:49,953:INFO:[Rank-0] train time 39.8166, epoch 105, step  98, loss 0.80675393, auc@1 76.04, auc@5 95.30, share 33, std_loss 0.014767089782624828, pre_std_loss 0.016560399904847145,  0.78511 0.81907 0.80538 0.82104
2021-05-30 03:22:05,726:INFO:[Rank-0] val time 15.7703, epoch 105, step  79, loss 1.28363787, auc@1 64.64, auc@5 89.27
2021-05-30 03:22:44,427:INFO:[Rank-0] train time 38.4172, epoch 106, step  98, loss 0.79523247, auc@1 76.13, auc@5 95.54, share 28, std_loss 0.01696099418842671, pre_std_loss 0.011495801620185375,  0.78171 0.80834 0.78886 0.81560
2021-05-30 03:22:59,931:INFO:[Rank-0] val time 15.5015, epoch 106, step  79, loss 1.28861880, auc@1 64.41, auc@5 89.27
2021-05-30 03:23:38,069:INFO:[Rank-0] train time 37.8639, epoch 107, step  98, loss 0.79686564, auc@1 76.28, auc@5 95.40, share 19, std_loss 0.01126434169567133, pre_std_loss 0.01039542444050312,  0.78192 0.80376 0.80094 0.80302
2021-05-30 03:23:53,529:INFO:[Rank-0] val time 15.4573, epoch 107, step  79, loss 1.28325987, auc@1 64.72, auc@5 89.56
2021-05-30 03:24:31,632:INFO:[Rank-0] train time 37.9162, epoch 108, step  98, loss 0.78710216, auc@1 76.44, auc@5 95.45, share 16, std_loss 0.03285716624208251, pre_std_loss 0.019603488966822624,  0.76334 0.78097 0.78829 0.81146
2021-05-30 03:24:47,085:INFO:[Rank-0] val time 15.4515, epoch 108, step  79, loss 1.29414769, auc@1 64.67, auc@5 89.17
2021-05-30 03:25:25,926:INFO:[Rank-0] train time 38.6288, epoch 109, step  98, loss 0.78140658, auc@1 76.57, auc@5 95.56, share 22, std_loss 0.022103935042966386, pre_std_loss 0.01944814622402191,  0.74800 0.79840 0.78168 0.79962
2021-05-30 03:25:41,467:INFO:[Rank-0] val time 15.5396, epoch 109, step  79, loss 1.30166361, auc@1 64.37, auc@5 89.29
2021-05-30 03:26:20,155:INFO:[Rank-0] train time 38.4474, epoch 110, step  98, loss 0.78463596, auc@1 76.62, auc@5 95.52, share 24, std_loss 0.02269046987425916, pre_std_loss 0.01874213106930256,  0.76726 0.81030 0.78000 0.77576
2021-05-30 03:26:35,645:INFO:[Rank-0] val time 15.4881, epoch 110, step  79, loss 1.29530236, auc@1 64.58, auc@5 89.24
2021-05-30 03:27:13,654:INFO:[Rank-0] train time 37.9370, epoch 111, step  98, loss 0.78136468, auc@1 76.62, auc@5 95.54, share 20, std_loss 0.016269462083333304, pre_std_loss 0.014311857521533966,  0.75819 0.78655 0.77245 0.79199
2021-05-30 03:27:29,235:INFO:[Rank-0] val time 15.5777, epoch 111, step  79, loss 1.29644161, auc@1 64.53, auc@5 89.32
2021-05-30 03:28:08,144:INFO:[Rank-0] train time 38.7404, epoch 112, step  98, loss 0.77624440, auc@1 76.81, auc@5 95.53, share 24, std_loss 0.020346492899543777, pre_std_loss 0.017905795946717262,  0.75891 0.77609 0.76510 0.80173
2021-05-30 03:28:23,570:INFO:[Rank-0] val time 15.4252, epoch 112, step  79, loss 1.28851076, auc@1 64.64, auc@5 89.34
2021-05-30 03:29:02,584:INFO:[Rank-0] train time 38.8199, epoch 113, step  98, loss 0.76970780, auc@1 76.93, auc@5 95.64, share 20, std_loss 0.027550287962872153, pre_std_loss 0.017918817698955536,  0.74595 0.76763 0.78521 0.78099
2021-05-30 03:29:18,026:INFO:[Rank-0] val time 15.4391, epoch 113, step  79, loss 1.30328740, auc@1 64.40, auc@5 89.22
2021-05-30 03:29:56,551:INFO:[Rank-0] train time 38.4899, epoch 114, step  98, loss 0.77095377, auc@1 76.89, auc@5 95.62, share 21, std_loss 0.022376894513715287, pre_std_loss 0.018788043409585953,  0.74157 0.78600 0.76877 0.77573
2021-05-30 03:30:12,090:INFO:[Rank-0] val time 15.5368, epoch 114, step  79, loss 1.28998871, auc@1 64.82, auc@5 89.49
2021-05-30 03:30:50,551:INFO:[Rank-0] train time 38.1904, epoch 115, step  98, loss 0.76483780, auc@1 77.11, auc@5 95.79, share 17, std_loss 0.03660344613754019, pre_std_loss 0.029179401695728302,  0.72485 0.78070 0.79072 0.75863
2021-05-30 03:31:06,055:INFO:[Rank-0] val time 15.5015, epoch 115, step  79, loss 1.29048847, auc@1 64.88, auc@5 89.05
2021-05-30 03:31:45,400:INFO:[Rank-0] train time 39.0897, epoch 116, step  98, loss 0.75849706, auc@1 77.52, auc@5 95.77, share 27, std_loss 0.015308796128790294, pre_std_loss 0.009227016009390354,  0.74508 0.76056 0.75878 0.76702
2021-05-30 03:32:00,846:INFO:[Rank-0] val time 15.4440, epoch 116, step  79, loss 1.29248230, auc@1 64.81, auc@5 89.50
2021-05-30 03:32:38,814:INFO:[Rank-0] train time 37.9664, epoch 117, step  98, loss 0.75795799, auc@1 77.41, auc@5 95.77, share 16, std_loss 0.02254091811423399, pre_std_loss 0.015804680064320564,  0.73593 0.76285 0.77347 0.75809
2021-05-30 03:32:54,246:INFO:[Rank-0] val time 15.4305, epoch 117, step  79, loss 1.29716030, auc@1 64.35, auc@5 89.34
2021-05-30 03:33:31,568:INFO:[Rank-0] train time 37.0672, epoch 118, step  98, loss 0.75345576, auc@1 77.35, auc@5 95.84, share 11, std_loss 0.034878852948242306, pre_std_loss 0.01790456846356392,  0.72464 0.75540 0.76847 0.75924
2021-05-30 03:33:47,076:INFO:[Rank-0] val time 15.5056, epoch 118, step  79, loss 1.30105985, auc@1 64.46, auc@5 89.40
2021-05-30 03:34:24,957:INFO:[Rank-0] train time 37.6232, epoch 119, step  98, loss 0.75551146, auc@1 77.63, auc@5 95.77, share 14, std_loss 0.037319863576213926, pre_std_loss 0.02670898102223873,  0.72070 0.75610 0.75275 0.78818
2021-05-30 03:34:40,497:INFO:[Rank-0] val time 15.5373, epoch 119, step  79, loss 1.29115537, auc@1 64.57, auc@5 89.59
2021-05-30 03:35:18,278:INFO:[Rank-0] train time 37.5207, epoch 120, step  98, loss 0.74826038, auc@1 77.55, auc@5 95.86, share 17, std_loss 0.021996480640860235, pre_std_loss 0.015041794627904892,  0.72434 0.75581 0.76157 0.75770
2021-05-30 03:35:33,641:INFO:[Rank-0] val time 15.3605, epoch 120, step  79, loss 1.29926574, auc@1 64.93, auc@5 89.37
2021-05-30 03:36:12,225:INFO:[Rank-0] train time 38.4401, epoch 121, step  98, loss 0.73939466, auc@1 77.57, auc@5 96.08, share 23, std_loss 0.011978679417385434, pre_std_loss 0.01313071884214878,  0.71752 0.74854 0.73844 0.74418
2021-05-30 03:36:27,717:INFO:[Rank-0] val time 15.4892, epoch 121, step  79, loss 1.29348945, auc@1 64.84, auc@5 89.45
2021-05-30 03:37:05,698:INFO:[Rank-0] train time 37.7389, epoch 122, step  98, loss 0.73947448, auc@1 77.86, auc@5 96.03, share 18, std_loss 0.022502113485290687, pre_std_loss 0.015444912947714329,  0.71772 0.74210 0.74584 0.75345
2021-05-30 03:37:21,247:INFO:[Rank-0] val time 15.5465, epoch 122, step  79, loss 1.28905667, auc@1 64.45, auc@5 89.25
2021-05-30 03:38:00,319:INFO:[Rank-0] train time 38.8894, epoch 123, step  98, loss 0.73424459, auc@1 78.01, auc@5 96.03, share 27, std_loss 0.018218840028121307, pre_std_loss 0.016034290194511414,  0.71032 0.74370 0.74521 0.74067
2021-05-30 03:38:15,770:INFO:[Rank-0] val time 15.4480, epoch 123, step  79, loss 1.28270413, auc@1 64.85, auc@5 89.47
2021-05-30 03:38:54,440:INFO:[Rank-0] train time 38.5411, epoch 124, step  98, loss 0.73984641, auc@1 77.76, auc@5 96.01, share 20, std_loss 0.017654311627016535, pre_std_loss 0.009310126304626465,  0.73286 0.73546 0.73868 0.75679
2021-05-30 03:39:10,068:INFO:[Rank-0] val time 15.6258, epoch 124, step  79, loss 1.28946409, auc@1 64.74, auc@5 89.54
2021-05-30 03:39:47,627:INFO:[Rank-0] train time 37.2993, epoch 125, step  98, loss 0.73147374, auc@1 78.05, auc@5 96.15, share 12, std_loss 0.023455691295770967, pre_std_loss 0.010245401412248611,  0.71379 0.73024 0.74086 0.73776
2021-05-30 03:40:03,402:INFO:[Rank-0] val time 15.7723, epoch 125, step  79, loss 1.30099418, auc@1 64.50, auc@5 89.36
2021-05-30 03:40:40,679:INFO:[Rank-0] train time 37.2200, epoch 126, step  98, loss 0.72106296, auc@1 78.42, auc@5 96.15, share 14, std_loss 0.025887405585345566, pre_std_loss 0.013516888953745365,  0.70342 0.71877 0.73277 0.73080
2021-05-30 03:40:56,253:INFO:[Rank-0] val time 15.5714, epoch 126, step  79, loss 1.30059348, auc@1 64.44, auc@5 89.44
2021-05-30 03:41:35,051:INFO:[Rank-0] train time 38.7091, epoch 127, step  98, loss 0.72513837, auc@1 77.98, auc@5 96.13, share 25, std_loss 0.01754660033905993, pre_std_loss 0.01789082959294319,  0.69698 0.73515 0.73155 0.73387
2021-05-30 03:41:50,525:INFO:[Rank-0] val time 15.4710, epoch 127, step  79, loss 1.30049629, auc@1 64.61, auc@5 89.38
2021-05-30 03:42:28,288:INFO:[Rank-0] train time 37.6755, epoch 128, step  98, loss 0.72221267, auc@1 78.38, auc@5 96.13, share 18, std_loss 0.021266119554638863, pre_std_loss 0.015485495328903198,  0.70369 0.71520 0.72664 0.73983
2021-05-30 03:42:43,761:INFO:[Rank-0] val time 15.4699, epoch 128, step  79, loss 1.29459081, auc@1 64.85, auc@5 89.49
2021-05-30 03:43:21,004:INFO:[Rank-0] train time 37.2189, epoch 129, step  98, loss 0.71450782, auc@1 78.54, auc@5 96.19, share 11, std_loss 0.018002261224734997, pre_std_loss 0.005409884732216597,  0.70539 0.72131 0.70675 0.71616
2021-05-30 03:43:36,761:INFO:[Rank-0] val time 15.7536, epoch 129, step  79, loss 1.29588798, auc@1 64.58, auc@5 89.32
2021-05-30 03:44:14,249:INFO:[Rank-0] train time 37.3643, epoch 130, step  98, loss 0.71814424, auc@1 78.43, auc@5 96.10, share 23, std_loss 0.018401244294126422, pre_std_loss 0.0171410720795393,  0.69519 0.71746 0.73035 0.73255
2021-05-30 03:44:30,620:INFO:[Rank-0] val time 16.3686, epoch 130, step  79, loss 1.29291918, auc@1 64.86, auc@5 89.59
2021-05-30 03:45:07,342:INFO:[Rank-0] train time 36.6382, epoch 131, step  98, loss 0.71415591, auc@1 78.47, auc@5 96.25, share 15, std_loss 0.026563492603600025, pre_std_loss 0.01678585819900036,  0.69674 0.73513 0.70652 0.71539
2021-05-30 03:45:22,851:INFO:[Rank-0] val time 15.5061, epoch 131, step  79, loss 1.29116959, auc@1 65.15, auc@5 89.62
2021-05-30 03:46:00,939:INFO:[Rank-0] train time 37.9472, epoch 132, step  98, loss 0.70584881, auc@1 78.67, auc@5 96.26, share 15, std_loss 0.025139055328861792, pre_std_loss 0.02082933858036995,  0.67129 0.70456 0.71090 0.72840
2021-05-30 03:46:16,706:INFO:[Rank-0] val time 15.7639, epoch 132, step  79, loss 1.29880059, auc@1 64.90, auc@5 89.54
2021-05-30 03:46:54,082:INFO:[Rank-0] train time 37.2570, epoch 133, step  98, loss 0.70526719, auc@1 78.67, auc@5 96.38, share 16, std_loss 0.025398197564847614, pre_std_loss 0.01633410155773163,  0.68440 0.70300 0.71244 0.72285
2021-05-30 03:47:09,609:INFO:[Rank-0] val time 15.5244, epoch 133, step  79, loss 1.30628481, auc@1 64.70, auc@5 89.31
2021-05-30 03:47:47,117:INFO:[Rank-0] train time 37.3168, epoch 134, step  98, loss 0.70465022, auc@1 78.73, auc@5 96.27, share 15, std_loss 0.01625872385327001, pre_std_loss 0.008970878086984158,  0.69305 0.71015 0.70424 0.71329
2021-05-30 03:48:02,651:INFO:[Rank-0] val time 15.5328, epoch 134, step  79, loss 1.29438965, auc@1 64.96, auc@5 89.44
2021-05-30 03:48:41,334:INFO:[Rank-0] train time 38.5837, epoch 135, step  98, loss 0.69802612, auc@1 78.94, auc@5 96.45, share 25, std_loss 0.024012902399943192, pre_std_loss 0.024940161034464836,  0.66218 0.71268 0.70265 0.71662
2021-05-30 03:48:56,852:INFO:[Rank-0] val time 15.5153, epoch 135, step  79, loss 1.29288980, auc@1 64.69, auc@5 89.63
2021-05-30 03:49:35,845:INFO:[Rank-0] train time 38.7464, epoch 136, step  98, loss 0.70158750, auc@1 78.87, auc@5 96.33, share 27, std_loss 0.0219058579366122, pre_std_loss 0.019522100687026978,  0.67312 0.70728 0.71792 0.70740
2021-05-30 03:49:51,445:INFO:[Rank-0] val time 15.5979, epoch 136, step  79, loss 1.29462882, auc@1 65.19, auc@5 89.62
2021-05-30 03:50:30,177:INFO:[Rank-0] train time 38.5778, epoch 137, step  98, loss 0.69670665, auc@1 78.86, auc@5 96.46, share 25, std_loss 0.02337430489762705, pre_std_loss 0.020458070561289787,  0.66896 0.70783 0.69768 0.71697
2021-05-30 03:50:45,592:INFO:[Rank-0] val time 15.4120, epoch 137, step  79, loss 1.29524673, auc@1 64.66, auc@5 89.58
2021-05-30 03:51:23,642:INFO:[Rank-0] train time 37.8474, epoch 138, step  98, loss 0.69022310, auc@1 79.22, auc@5 96.43, share 19, std_loss 0.024297500133742482, pre_std_loss 0.01951758936047554,  0.66015 0.70662 0.68197 0.70074
2021-05-30 03:51:39,044:INFO:[Rank-0] val time 15.3991, epoch 138, step  79, loss 1.29818699, auc@1 64.81, auc@5 89.60
2021-05-30 03:52:17,493:INFO:[Rank-0] train time 38.3504, epoch 139, step  98, loss 0.68636924, auc@1 79.37, auc@5 96.64, share 20, std_loss 0.026279573794454336, pre_std_loss 0.01949014887213707,  0.65820 0.69137 0.70345 0.69180
2021-05-30 03:52:33,002:INFO:[Rank-0] val time 15.5064, epoch 139, step  79, loss 1.30267584, auc@1 64.87, auc@5 89.44
2021-05-30 03:53:12,032:INFO:[Rank-0] train time 38.8287, epoch 140, step  98, loss 0.68483484, auc@1 79.22, auc@5 96.57, share 23, std_loss 0.011159528397280266, pre_std_loss 0.009185793809592724,  0.67211 0.69268 0.68418 0.69024
2021-05-30 03:53:27,902:INFO:[Rank-0] val time 15.8682, epoch 140, step  79, loss 1.30137448, auc@1 64.98, auc@5 89.40
2021-05-30 03:54:05,255:INFO:[Rank-0] train time 37.1833, epoch 141, step  98, loss 0.68419546, auc@1 79.38, auc@5 96.49, share 19, std_loss 0.02731283897610039, pre_std_loss 0.017920583486557007,  0.65948 0.69102 0.69290 0.69969
2021-05-30 03:54:20,718:INFO:[Rank-0] val time 15.4597, epoch 141, step  79, loss 1.30434283, auc@1 64.88, auc@5 89.43
2021-05-30 03:54:58,601:INFO:[Rank-0] train time 37.7767, epoch 142, step  98, loss 0.67714006, auc@1 79.50, auc@5 96.56, share 18, std_loss 0.014973648759353506, pre_std_loss 0.009402991272509098,  0.66449 0.68222 0.68055 0.68421
2021-05-30 03:55:14,129:INFO:[Rank-0] val time 15.5255, epoch 142, step  79, loss 1.29861839, auc@1 64.89, auc@5 89.57
2021-05-30 03:55:53,082:INFO:[Rank-0] train time 38.8252, epoch 143, step  98, loss 0.68042952, auc@1 79.41, auc@5 96.51, share 26, std_loss 0.01803308102891457, pre_std_loss 0.018420035019516945,  0.65684 0.67534 0.68825 0.69980
2021-05-30 03:56:08,643:INFO:[Rank-0] val time 15.5583, epoch 143, step  79, loss 1.30138603, auc@1 64.76, auc@5 89.18
2021-05-30 03:56:46,587:INFO:[Rank-0] train time 37.9048, epoch 144, step  98, loss 0.67649561, auc@1 79.59, auc@5 96.57, share 17, std_loss 0.01963065494308058, pre_std_loss 0.013848455622792244,  0.65967 0.69851 0.66882 0.68001
2021-05-30 03:57:02,055:INFO:[Rank-0] val time 15.4650, epoch 144, step  79, loss 1.30554641, auc@1 64.92, auc@5 89.44
2021-05-30 03:57:40,619:INFO:[Rank-0] train time 38.3452, epoch 145, step  98, loss 0.67372888, auc@1 79.55, auc@5 96.63, share 22, std_loss 0.02529178576886046, pre_std_loss 0.021036481484770775,  0.63078 0.69546 0.66732 0.68101
2021-05-30 03:57:56,117:INFO:[Rank-0] val time 15.4960, epoch 145, step  79, loss 1.31184132, auc@1 65.00, auc@5 89.44
2021-05-30 03:58:34,949:INFO:[Rank-0] train time 38.6135, epoch 146, step  98, loss 0.67174733, auc@1 79.86, auc@5 96.58, share 25, std_loss 0.019650418449155226, pre_std_loss 0.015407111495733261,  0.65567 0.66131 0.68069 0.68804
2021-05-30 03:58:50,431:INFO:[Rank-0] val time 15.4797, epoch 146, step  79, loss 1.30453829, auc@1 65.20, auc@5 89.57
2021-05-30 03:59:27,948:INFO:[Rank-0] train time 37.4226, epoch 147, step  98, loss 0.66830361, auc@1 79.66, auc@5 96.75, share 15, std_loss 0.024419245481186985, pre_std_loss 0.015487244352698326,  0.64565 0.67894 0.68067 0.66395
2021-05-30 03:59:43,415:INFO:[Rank-0] val time 15.4643, epoch 147, step  79, loss 1.30495628, auc@1 65.06, auc@5 89.39
2021-05-30 04:00:21,888:INFO:[Rank-0] train time 38.2050, epoch 148, step  98, loss 0.66956425, auc@1 79.83, auc@5 96.64, share 16, std_loss 0.0226610621000279, pre_std_loss 0.01673906110227108,  0.66382 0.66766 0.65302 0.69260
2021-05-30 04:00:37,845:INFO:[Rank-0] val time 15.9551, epoch 148, step  79, loss 1.30654605, auc@1 65.32, auc@5 89.34
2021-05-30 04:01:15,207:INFO:[Rank-0] train time 37.2717, epoch 149, step  98, loss 0.65922403, auc@1 80.15, auc@5 96.75, share 15, std_loss 0.01637720082511137, pre_std_loss 0.0071762022562325,  0.65041 0.67054 0.65343 0.66939
2021-05-30 04:01:30,631:INFO:[Rank-0] val time 15.4216, epoch 149, step  79, loss 1.30655121, auc@1 65.25, auc@5 89.62
2021-05-30 04:02:09,265:INFO:[Rank-0] train time 38.4634, epoch 150, step  98, loss 0.65656471, auc@1 80.11, auc@5 96.89, share 15, std_loss 0.01233226044711714, pre_std_loss 0.00303676538169384,  0.65718 0.66049 0.65116 0.65891
2021-05-30 04:02:24,805:INFO:[Rank-0] val time 15.5369, epoch 150, step  79, loss 1.30371697, auc@1 65.40, auc@5 89.70
2021-05-30 04:03:02,316:INFO:[Rank-0] train time 37.3056, epoch 151, step  98, loss 0.65734297, auc@1 80.27, auc@5 96.73, share 12, std_loss 0.021107142277974254, pre_std_loss 0.011912962421774864,  0.63955 0.66598 0.65120 0.66649
2021-05-30 04:03:17,794:INFO:[Rank-0] val time 15.4758, epoch 151, step  79, loss 1.31177772, auc@1 65.05, auc@5 89.31
2021-05-30 04:03:55,991:INFO:[Rank-0] train time 38.0297, epoch 152, step  98, loss 0.64606196, auc@1 80.31, auc@5 96.99, share 21, std_loss 0.017866808517208815, pre_std_loss 0.01458015013486147,  0.62153 0.65119 0.65280 0.65964
2021-05-30 04:04:11,522:INFO:[Rank-0] val time 15.5273, epoch 152, step  79, loss 1.31197136, auc@1 65.27, auc@5 89.20
2021-05-30 04:04:50,824:INFO:[Rank-0] train time 39.1991, epoch 153, step  98, loss 0.65039307, auc@1 80.36, auc@5 96.78, share 25, std_loss 0.019638676172578518, pre_std_loss 0.019020047038793564,  0.62215 0.66753 0.65314 0.66330
2021-05-30 04:05:06,501:INFO:[Rank-0] val time 15.6746, epoch 153, step  79, loss 1.30517124, auc@1 65.45, auc@5 89.62
2021-05-30 04:05:44,362:INFO:[Rank-0] train time 37.7435, epoch 154, step  98, loss 0.64429408, auc@1 80.54, auc@5 96.99, share 18, std_loss 0.024126716699375182, pre_std_loss 0.02367781475186348,  0.61244 0.65185 0.66615 0.65827
2021-05-30 04:05:59,871:INFO:[Rank-0] val time 15.5064, epoch 154, step  79, loss 1.30744160, auc@1 65.25, auc@5 89.57
2021-05-30 04:06:38,041:INFO:[Rank-0] train time 37.8823, epoch 155, step  98, loss 0.64533460, auc@1 80.51, auc@5 96.93, share 21, std_loss 0.015351562485174865, pre_std_loss 0.011918717063963413,  0.63243 0.64322 0.64295 0.66074
2021-05-30 04:06:53,475:INFO:[Rank-0] val time 15.4312, epoch 155, step  79, loss 1.31356941, auc@1 65.05, auc@5 89.45
2021-05-30 04:07:31,567:INFO:[Rank-0] train time 38.0619, epoch 156, step  98, loss 0.64393514, auc@1 80.46, auc@5 96.82, share 16, std_loss 0.024341237883330608, pre_std_loss 0.015787940472364426,  0.62173 0.65066 0.64766 0.65622
2021-05-30 04:07:47,082:INFO:[Rank-0] val time 15.5136, epoch 156, step  79, loss 1.32053824, auc@1 64.82, auc@5 89.40
2021-05-30 04:08:24,981:INFO:[Rank-0] train time 37.8333, epoch 157, step  98, loss 0.63623101, auc@1 80.63, auc@5 96.99, share 18, std_loss 0.020409912232081502, pre_std_loss 0.016071902588009834,  0.61649 0.64873 0.64937 0.62869
2021-05-30 04:08:40,373:INFO:[Rank-0] val time 15.3899, epoch 157, step  79, loss 1.31740950, auc@1 65.25, auc@5 89.37
2021-05-30 04:09:18,314:INFO:[Rank-0] train time 37.6330, epoch 158, step  98, loss 0.63827252, auc@1 80.76, auc@5 97.01, share 16, std_loss 0.02102431992296966, pre_std_loss 0.016693128272891045,  0.61474 0.64781 0.65188 0.64097
2021-05-30 04:09:33,742:INFO:[Rank-0] val time 15.4247, epoch 158, step  79, loss 1.31893462, auc@1 65.13, auc@5 89.49
2021-05-30 04:10:12,965:INFO:[Rank-0] train time 38.9671, epoch 159, step  98, loss 0.63281143, auc@1 80.84, auc@5 96.98, share 24, std_loss 0.017509397005244176, pre_std_loss 0.014906426891684532,  0.61249 0.64372 0.62461 0.64261
2021-05-30 04:10:28,397:INFO:[Rank-0] val time 15.4296, epoch 159, step  79, loss 1.30936299, auc@1 65.36, auc@5 89.55
2021-05-30 04:11:06,315:INFO:[Rank-0] train time 37.7045, epoch 160, step  98, loss 0.62883472, auc@1 81.00, auc@5 97.08, share 17, std_loss 0.019686559633332854, pre_std_loss 0.010862225666642189,  0.60642 0.63561 0.64236 0.63155
2021-05-30 04:11:21,863:INFO:[Rank-0] val time 15.5455, epoch 160, step  79, loss 1.30956771, auc@1 65.20, auc@5 89.61
2021-05-30 04:12:00,118:INFO:[Rank-0] train time 38.0290, epoch 161, step  98, loss 0.62303740, auc@1 81.12, auc@5 97.01, share 17, std_loss 0.027466854574728986, pre_std_loss 0.020815769210457802,  0.59820 0.61337 0.64230 0.63781
2021-05-30 04:12:16,154:INFO:[Rank-0] val time 16.0319, epoch 161, step  79, loss 1.30307591, auc@1 65.46, auc@5 89.61
2021-05-30 04:12:53,676:INFO:[Rank-0] train time 37.3672, epoch 162, step  98, loss 0.61431736, auc@1 81.40, auc@5 97.16, share 16, std_loss 0.02123473945777027, pre_std_loss 0.015324024483561516,  0.60272 0.60904 0.64099 0.60810
2021-05-30 04:13:09,187:INFO:[Rank-0] val time 15.5083, epoch 162, step  79, loss 1.30119034, auc@1 65.43, auc@5 89.77
2021-05-30 04:13:46,684:INFO:[Rank-0] train time 37.4953, epoch 163, step  98, loss 0.61099064, auc@1 81.59, auc@5 97.18, share 10, std_loss 0.02959154814253656, pre_std_loss 0.019794290885329247,  0.59057 0.59754 0.62318 0.63171
2021-05-30 04:14:02,177:INFO:[Rank-0] val time 15.4885, epoch 163, step  79, loss 1.30326317, auc@1 65.39, auc@5 89.70
2021-05-30 04:14:40,756:INFO:[Rank-0] train time 38.4524, epoch 164, step  98, loss 0.61014909, auc@1 81.58, auc@5 97.13, share 26, std_loss 0.018070049222786815, pre_std_loss 0.018507707864046097,  0.58473 0.62767 0.61861 0.61228
2021-05-30 04:14:56,301:INFO:[Rank-0] val time 15.5430, epoch 164, step  79, loss 1.29840017, auc@1 65.46, auc@5 89.66
2021-05-30 04:15:35,464:INFO:[Rank-0] train time 39.0763, epoch 165, step  98, loss 0.61001837, auc@1 81.57, auc@5 97.22, share 23, std_loss 0.01448102575270649, pre_std_loss 0.014624068513512611,  0.59234 0.62656 0.60863 0.61778
2021-05-30 04:15:50,962:INFO:[Rank-0] val time 15.4964, epoch 165, step  79, loss 1.29830706, auc@1 65.49, auc@5 89.54
2021-05-30 04:16:28,960:INFO:[Rank-0] train time 37.8239, epoch 166, step  98, loss 0.61236489, auc@1 81.52, auc@5 97.15, share 19, std_loss 0.02649796794035605, pre_std_loss 0.022841762751340866,  0.57863 0.61799 0.62884 0.62351
2021-05-30 04:16:44,459:INFO:[Rank-0] val time 15.4974, epoch 166, step  79, loss 1.29555900, auc@1 65.43, auc@5 89.72
2021-05-30 04:17:22,541:INFO:[Rank-0] train time 38.0115, epoch 167, step  98, loss 0.61005872, auc@1 81.70, auc@5 97.18, share 14, std_loss 0.03352176356224381, pre_std_loss 0.02304874360561371,  0.58112 0.60725 0.61434 0.63708
2021-05-30 04:17:38,327:INFO:[Rank-0] val time 15.7828, epoch 167, step  79, loss 1.29777667, auc@1 65.44, auc@5 89.58
2021-05-30 04:18:16,251:INFO:[Rank-0] train time 37.9224, epoch 168, step  98, loss 0.60842627, auc@1 81.70, auc@5 97.26, share 24, std_loss 0.019903687280317654, pre_std_loss 0.015998926013708115,  0.58475 0.61289 0.62124 0.61329
2021-05-30 04:18:31,689:INFO:[Rank-0] val time 15.4343, epoch 168, step  79, loss 1.29691911, auc@1 65.51, auc@5 89.76
2021-05-30 04:19:10,510:INFO:[Rank-0] train time 38.6293, epoch 169, step  98, loss 0.60351986, auc@1 81.77, auc@5 97.27, share 20, std_loss 0.014530307931673467, pre_std_loss 0.010753778740763664,  0.59451 0.61656 0.59396 0.61636
2021-05-30 04:19:25,966:INFO:[Rank-0] val time 15.4532, epoch 169, step  79, loss 1.29570808, auc@1 65.55, auc@5 89.62
2021-05-30 04:20:03,665:INFO:[Rank-0] train time 37.5541, epoch 170, step  98, loss 0.60474157, auc@1 81.77, auc@5 97.26, share 17, std_loss 0.01715199256848012, pre_std_loss 0.013853035867214203,  0.59139 0.61768 0.59380 0.61558
2021-05-30 04:20:19,135:INFO:[Rank-0] val time 15.4684, epoch 170, step  79, loss 1.30138545, auc@1 65.51, auc@5 89.69
2021-05-30 04:20:58,227:INFO:[Rank-0] train time 38.9183, epoch 171, step  98, loss 0.61040646, auc@1 81.41, auc@5 97.31, share 24, std_loss 0.021321211342832873, pre_std_loss 0.019581196829676628,  0.58638 0.61112 0.61165 0.63432
2021-05-30 04:21:13,737:INFO:[Rank-0] val time 15.5084, epoch 171, step  79, loss 1.30008021, auc@1 65.51, auc@5 89.52
2021-05-30 04:21:51,844:INFO:[Rank-0] train time 37.9353, epoch 172, step  98, loss 0.60357821, auc@1 81.80, auc@5 97.27, share 17, std_loss 0.01911000690746064, pre_std_loss 0.013181352987885475,  0.58374 0.60892 0.60356 0.61376
2021-05-30 04:22:07,414:INFO:[Rank-0] val time 15.5666, epoch 172, step  79, loss 1.30517854, auc@1 65.54, auc@5 89.55
2021-05-30 04:22:45,425:INFO:[Rank-0] train time 37.9458, epoch 173, step  98, loss 0.60317385, auc@1 81.76, auc@5 97.33, share 19, std_loss 0.017472743474859363, pre_std_loss 0.012131067924201488,  0.58612 0.61267 0.60296 0.61406
2021-05-30 04:23:00,864:INFO:[Rank-0] val time 15.4369, epoch 173, step  79, loss 1.29638178, auc@1 65.54, auc@5 89.67
2021-05-30 04:23:38,828:INFO:[Rank-0] train time 37.9619, epoch 174, step  98, loss 0.60003668, auc@1 81.81, auc@5 97.29, share 19, std_loss 0.020608732315274526, pre_std_loss 0.01444322057068348,  0.58503 0.61054 0.58887 0.61299
2021-05-30 04:23:54,419:INFO:[Rank-0] val time 15.5858, epoch 174, step  79, loss 1.30031960, auc@1 65.53, auc@5 89.58
2021-05-30 04:24:33,474:INFO:[Rank-0] train time 39.0536, epoch 175, step  98, loss 0.60455781, auc@1 81.63, auc@5 97.30, share 23, std_loss 0.013943141383328, pre_std_loss 0.012260321527719498,  0.58795 0.61650 0.60974 0.60754
2021-05-30 04:24:48,986:INFO:[Rank-0] val time 15.5047, epoch 175, step  79, loss 1.29679655, auc@1 65.63, auc@5 89.54
2021-05-30 04:25:27,284:INFO:[Rank-0] train time 38.1859, epoch 176, step  98, loss 0.60535908, auc@1 81.60, auc@5 97.22, share 22, std_loss 0.017021014279096712, pre_std_loss 0.012258241884410381,  0.58822 0.61683 0.60702 0.61016
2021-05-30 04:25:42,795:INFO:[Rank-0] val time 15.5075, epoch 176, step  79, loss 1.29848615, auc@1 65.61, auc@5 89.62
2021-05-30 04:26:20,590:INFO:[Rank-0] train time 37.5802, epoch 177, step  98, loss 0.59894073, auc@1 81.87, auc@5 97.32, share 18, std_loss 0.016117866265074332, pre_std_loss 0.011241295374929905,  0.58342 0.60594 0.60827 0.59745
2021-05-30 04:26:36,172:INFO:[Rank-0] val time 15.5803, epoch 177, step  79, loss 1.30154320, auc@1 65.43, auc@5 89.81
2021-05-30 04:27:13,873:INFO:[Rank-0] train time 37.4771, epoch 178, step  98, loss 0.60184342, auc@1 81.76, auc@5 97.32, share 17, std_loss 0.01883180572043116, pre_std_loss 0.0091470992192626,  0.59192 0.59621 0.60652 0.61636
2021-05-30 04:27:29,540:INFO:[Rank-0] val time 15.6649, epoch 178, step  79, loss 1.30215818, auc@1 65.52, auc@5 89.57
2021-05-30 04:28:07,658:INFO:[Rank-0] train time 37.9784, epoch 179, step  98, loss 0.60086358, auc@1 81.91, auc@5 97.17, share 20, std_loss 0.018729402132484377, pre_std_loss 0.015454854816198349,  0.58268 0.62094 0.60145 0.60025
2021-05-30 04:28:23,617:INFO:[Rank-0] val time 15.9565, epoch 179, step  79, loss 1.30027305, auc@1 65.49, auc@5 89.74
2021-05-30 04:29:00,196:INFO:[Rank-0] train time 36.4470, epoch 180, step  98, loss 0.59771508, auc@1 82.05, auc@5 97.25, share 12, std_loss 0.021129674287702963, pre_std_loss 0.01386559009552002,  0.57887 0.60907 0.59624 0.60459
2021-05-30 04:29:15,697:INFO:[Rank-0] val time 15.4983, epoch 180, step  79, loss 1.29756936, auc@1 65.44, auc@5 89.65
2021-05-30 04:29:53,140:INFO:[Rank-0] train time 37.2968, epoch 181, step  98, loss 0.60054654, auc@1 82.02, auc@5 97.18, share 15, std_loss 0.02048772620037198, pre_std_loss 0.01097310520708561,  0.58450 0.59976 0.60944 0.60563
2021-05-30 04:30:08,604:INFO:[Rank-0] val time 15.4615, epoch 181, step  79, loss 1.30227080, auc@1 65.51, auc@5 89.67
2021-05-30 04:30:46,881:INFO:[Rank-0] train time 38.1641, epoch 182, step  98, loss 0.60131001, auc@1 81.98, auc@5 97.28, share 18, std_loss 0.020344242501091594, pre_std_loss 0.01561598852276802,  0.57730 0.60692 0.60916 0.60930
2021-05-30 04:31:02,449:INFO:[Rank-0] val time 15.5646, epoch 182, step  79, loss 1.29948209, auc@1 65.46, auc@5 89.63
2021-05-30 04:31:40,293:INFO:[Rank-0] train time 37.8387, epoch 183, step  98, loss 0.60070509, auc@1 81.80, auc@5 97.28, share 12, std_loss 0.03293655827945592, pre_std_loss 0.019970787689089775,  0.57019 0.61488 0.59458 0.62599
2021-05-30 04:31:55,834:INFO:[Rank-0] val time 15.5371, epoch 183, step  79, loss 1.30093898, auc@1 65.71, auc@5 89.66
2021-05-30 04:32:33,951:INFO:[Rank-0] train time 37.8553, epoch 184, step  98, loss 0.59802455, auc@1 81.87, auc@5 97.33, share 18, std_loss 0.016762547936214477, pre_std_loss 0.010140977799892426,  0.58543 0.60245 0.59126 0.60813
2021-05-30 04:32:49,877:INFO:[Rank-0] val time 15.9244, epoch 184, step  79, loss 1.30142523, auc@1 65.57, auc@5 89.60
2021-05-30 04:33:28,374:INFO:[Rank-0] train time 38.2491, epoch 185, step  98, loss 0.59688079, auc@1 81.93, auc@5 97.41, share 23, std_loss 0.022917563437807317, pre_std_loss 0.018005389720201492,  0.57225 0.60065 0.61566 0.59722
2021-05-30 04:33:43,809:INFO:[Rank-0] val time 15.4327, epoch 185, step  79, loss 1.30023432, auc@1 65.47, auc@5 89.74
2021-05-30 04:34:21,193:INFO:[Rank-0] train time 37.3059, epoch 186, step  98, loss 0.59672123, auc@1 81.76, auc@5 97.36, share 10, std_loss 0.03405454798544548, pre_std_loss 0.022102268412709236,  0.56753 0.59919 0.59710 0.62138
2021-05-30 04:34:36,746:INFO:[Rank-0] val time 15.5505, epoch 186, step  79, loss 1.29568856, auc@1 65.68, auc@5 89.65
2021-05-30 04:35:14,927:INFO:[Rank-0] train time 37.9439, epoch 187, step  98, loss 0.59447664, auc@1 81.99, auc@5 97.29, share 19, std_loss 0.01587552405247579, pre_std_loss 0.015878137201070786,  0.56705 0.59702 0.59875 0.60507
2021-05-30 04:35:30,457:INFO:[Rank-0] val time 15.5272, epoch 187, step  79, loss 1.29501691, auc@1 65.44, auc@5 89.77
2021-05-30 04:36:08,293:INFO:[Rank-0] train time 37.6779, epoch 188, step  98, loss 0.59457868, auc@1 82.04, auc@5 97.34, share 18, std_loss 0.021289034499501695, pre_std_loss 0.014510948210954666,  0.57198 0.59603 0.60291 0.60210
2021-05-30 04:36:23,827:INFO:[Rank-0] val time 15.5308, epoch 188, step  79, loss 1.29961804, auc@1 65.59, auc@5 89.66
2021-05-30 04:37:02,167:INFO:[Rank-0] train time 38.1648, epoch 189, step  98, loss 0.59312350, auc@1 81.98, auc@5 97.38, share 20, std_loss 0.02166676481387445, pre_std_loss 0.01724943146109581,  0.56740 0.60024 0.59994 0.60629
2021-05-30 04:37:17,733:INFO:[Rank-0] val time 15.5638, epoch 189, step  79, loss 1.29638420, auc@1 65.63, auc@5 89.62
2021-05-30 04:37:56,769:INFO:[Rank-0] train time 38.8028, epoch 190, step  98, loss 0.59208053, auc@1 82.15, auc@5 97.34, share 27, std_loss 0.021327343161160847, pre_std_loss 0.01840778812766075,  0.57098 0.60820 0.58189 0.60649
2021-05-30 04:38:12,357:INFO:[Rank-0] val time 15.5845, epoch 190, step  79, loss 1.29676208, auc@1 65.72, auc@5 89.71
2021-05-30 04:38:49,989:INFO:[Rank-0] train time 37.4236, epoch 191, step  98, loss 0.59836274, auc@1 81.97, auc@5 97.32, share 14, std_loss 0.016957289548780844, pre_std_loss 0.01149859931319952,  0.59143 0.59259 0.58974 0.61413
2021-05-30 04:39:05,670:INFO:[Rank-0] val time 15.6788, epoch 191, step  79, loss 1.30149124, auc@1 65.48, auc@5 89.54
2021-05-30 04:39:43,774:INFO:[Rank-0] train time 37.8465, epoch 192, step  98, loss 0.58936632, auc@1 82.23, auc@5 97.31, share 15, std_loss 0.023394283287379206, pre_std_loss 0.01390889286994934,  0.56568 0.58569 0.58259 0.60626
2021-05-30 04:39:59,318:INFO:[Rank-0] val time 15.5427, epoch 192, step  79, loss 1.29429646, auc@1 65.90, auc@5 89.72
2021-05-30 04:40:37,697:INFO:[Rank-0] train time 38.1658, epoch 193, step  98, loss 0.59312069, auc@1 82.04, auc@5 97.40, share 17, std_loss 0.02473225754362588, pre_std_loss 0.017454015091061592,  0.56298 0.59684 0.59739 0.60213
2021-05-30 04:40:53,217:INFO:[Rank-0] val time 15.5171, epoch 193, step  79, loss 1.30145959, auc@1 65.49, auc@5 89.71
2021-05-30 04:41:31,007:INFO:[Rank-0] train time 37.6489, epoch 194, step  98, loss 0.59185374, auc@1 82.17, auc@5 97.33, share 10, std_loss 0.02545522171433787, pre_std_loss 0.016270164400339127,  0.56446 0.58900 0.60604 0.60128
2021-05-30 04:41:46,455:INFO:[Rank-0] val time 15.4458, epoch 194, step  79, loss 1.29755129, auc@1 65.59, auc@5 89.70
2021-05-30 04:42:24,840:INFO:[Rank-0] train time 38.1710, epoch 195, step  98, loss 0.59158063, auc@1 82.24, auc@5 97.33, share 21, std_loss 0.022259194726998707, pre_std_loss 0.018301941454410553,  0.56704 0.58884 0.59683 0.61372
2021-05-30 04:42:40,522:INFO:[Rank-0] val time 15.6793, epoch 195, step  79, loss 1.30184077, auc@1 65.48, auc@5 89.70
2021-05-30 04:43:17,803:INFO:[Rank-0] train time 37.1637, epoch 196, step  98, loss 0.59148693, auc@1 82.16, auc@5 97.40, share 12, std_loss 0.025612556204503895, pre_std_loss 0.014867760241031647,  0.57238 0.58877 0.62751 0.58754
2021-05-30 04:43:33,564:INFO:[Rank-0] val time 15.7578, epoch 196, step  79, loss 1.30590138, auc@1 65.47, auc@5 89.51
2021-05-30 04:44:11,147:INFO:[Rank-0] train time 37.4118, epoch 197, step  98, loss 0.59233803, auc@1 82.04, auc@5 97.33, share 20, std_loss 0.015867318805991387, pre_std_loss 0.013889935798943043,  0.57296 0.59612 0.59408 0.60598
2021-05-30 04:44:26,579:INFO:[Rank-0] val time 15.4288, epoch 197, step  79, loss 1.29986842, auc@1 65.76, auc@5 89.63
2021-05-30 04:45:03,835:INFO:[Rank-0] train time 37.1806, epoch 198, step  98, loss 0.58864903, auc@1 82.21, auc@5 97.35, share 13, std_loss 0.01925705708278229, pre_std_loss 0.011096217669546604,  0.56620 0.59761 0.60499 0.60151
2021-05-30 04:45:19,294:INFO:[Rank-0] val time 15.4561, epoch 198, step  79, loss 1.30014293, auc@1 65.59, auc@5 89.70
2021-05-30 04:45:57,546:INFO:[Rank-0] train time 38.0753, epoch 199, step  98, loss 0.59382749, auc@1 82.04, auc@5 97.35, share 19, std_loss 0.023941218529884914, pre_std_loss 0.019804874435067177,  0.56872 0.59680 0.59093 0.61654
2021-05-30 04:46:13,119:INFO:[Rank-0] val time 15.5706, epoch 199, step  79, loss 1.29656633, auc@1 65.43, auc@5 89.64
2021-05-30 04:46:51,167:INFO:[Rank-0] train time 37.9751, epoch 200, step  98, loss 0.59404653, auc@1 82.02, auc@5 97.31, share 18, std_loss 0.028547835213189224, pre_std_loss 0.01849363185465336,  0.56892 0.59522 0.61304 0.59977
2021-05-30 04:47:06,586:INFO:[Rank-0] val time 15.4169, epoch 200, step  79, loss 1.29950381, auc@1 65.59, auc@5 89.74
2021-05-30 04:47:06,587:INFO:[Rank-0] finish, train+val 10748.73613, train 7637.29095, reduce_count 3888
