2021-05-30 18:07:35,011:INFO:[Rank-0] args : Namespace(batch=1024, current_time='20210530_151009', dataset='cifar100', epochs=200, ip='192.168.1.1:7548', k=16, loss_std_gap_rate=1.0, lr=0.05, momentum=0.6, name='loss', rank=0, scheduler_step=80, train_type='loss', weight_decay=0.0005, world=4)
2021-05-30 18:08:15,014:INFO:[Rank-0] train time 38.3031, epoch   1, step  49, loss 4.79106379, auc@1 2.26, auc@5 9.52, share 19, std_loss 0.04653060979837058, pre_std_loss 0.0626121386885643,  4.76596 4.82884 4.87922 4.74044
2021-05-30 18:08:30,452:INFO:[Rank-0] val time 15.4345, epoch   1, step  40, loss 4.28620920, auc@1 4.24, auc@5 17.48
2021-05-30 18:09:07,979:INFO:[Rank-0] train time 37.3581, epoch   2, step  49, loss 4.30658627, auc@1 5.10, auc@5 18.97, share 5, std_loss 0.08829001671805674, pre_std_loss 0.07538718730211258,  4.33564 4.45336 4.48462 4.29636
2021-05-30 18:09:23,564:INFO:[Rank-0] val time 15.5824, epoch   2, step  40, loss 4.08857065, auc@1 6.93, auc@5 25.81
2021-05-30 18:10:00,890:INFO:[Rank-0] train time 37.1489, epoch   3, step  49, loss 4.05673695, auc@1 7.57, auc@5 26.32, share 5, std_loss 0.07640791577952248, pre_std_loss 0.07131276279687881,  4.04002 4.18438 4.20900 4.04387
2021-05-30 18:10:16,512:INFO:[Rank-0] val time 15.6190, epoch   3, step  40, loss 3.93064106, auc@1 9.27, auc@5 29.26
2021-05-30 18:10:54,202:INFO:[Rank-0] train time 37.6441, epoch   4, step  49, loss 3.91420507, auc@1 9.24, auc@5 30.06, share 12, std_loss 0.07220538926063752, pre_std_loss 0.07293571531772614,  3.86274 3.99943 3.95817 3.84972
2021-05-30 18:11:09,648:INFO:[Rank-0] val time 15.4436, epoch   4, step  40, loss 3.74281340, auc@1 11.91, auc@5 34.64
2021-05-30 18:11:47,319:INFO:[Rank-0] train time 37.4781, epoch   5, step  49, loss 3.79981613, auc@1 10.91, auc@5 33.31, share 10, std_loss 0.0704954444449775, pre_std_loss 0.06513281911611557,  3.78224 3.89242 3.82126 3.73235
2021-05-30 18:12:02,824:INFO:[Rank-0] val time 15.5001, epoch   5, step  40, loss 3.63451493, auc@1 13.71, auc@5 37.88
2021-05-30 18:12:41,226:INFO:[Rank-0] train time 38.2154, epoch   6, step  49, loss 3.68938208, auc@1 12.40, auc@5 36.95, share 16, std_loss 0.06340114567048695, pre_std_loss 0.06065206229686737,  3.63751 3.76689 3.74419 3.65773
2021-05-30 18:12:56,760:INFO:[Rank-0] val time 15.5308, epoch   6, step  40, loss 3.58413729, auc@1 14.18, auc@5 40.57
2021-05-30 18:13:34,773:INFO:[Rank-0] train time 37.8716, epoch   7, step  49, loss 3.58654475, auc@1 14.30, auc@5 40.17, share 12, std_loss 0.0817136179123606, pre_std_loss 0.07853776961565018,  3.53390 3.68007 3.63295 3.51650
2021-05-30 18:13:50,220:INFO:[Rank-0] val time 15.4446, epoch   7, step  40, loss 3.41314557, auc@1 16.98, auc@5 44.85
2021-05-30 18:14:27,599:INFO:[Rank-0] train time 37.2524, epoch   8, step  49, loss 3.50449753, auc@1 15.74, auc@5 42.28, share 8, std_loss 0.07427085495116759, pre_std_loss 0.06870398670434952,  3.47723 3.59782 3.58876 3.45425
2021-05-30 18:14:43,002:INFO:[Rank-0] val time 15.4006, epoch   8, step  40, loss 3.36948903, auc@1 18.63, auc@5 46.55
2021-05-30 18:15:21,809:INFO:[Rank-0] train time 38.6271, epoch   9, step  49, loss 3.40209723, auc@1 17.26, auc@5 45.18, share 16, std_loss 0.059067481558541864, pre_std_loss 0.06195033714175224,  3.34137 3.47086 3.43513 3.35726
2021-05-30 18:15:37,264:INFO:[Rank-0] val time 15.4528, epoch   9, step  40, loss 3.29683491, auc@1 19.66, auc@5 47.83
2021-05-30 18:16:14,712:INFO:[Rank-0] train time 37.2680, epoch  10, step  49, loss 3.34032989, auc@1 18.44, auc@5 46.65, share 10, std_loss 0.07476409000097489, pre_std_loss 0.07027771323919296,  3.29009 3.41619 3.38489 3.27284
2021-05-30 18:16:30,103:INFO:[Rank-0] val time 15.3885, epoch  10, step  40, loss 3.21163996, auc@1 20.90, auc@5 50.44
2021-05-30 18:17:08,409:INFO:[Rank-0] train time 38.1068, epoch  11, step  49, loss 3.23783088, auc@1 19.93, auc@5 49.58, share 12, std_loss 0.06577110138474679, pre_std_loss 0.06351551413536072,  3.17108 3.30646 3.27622 3.19956
2021-05-30 18:17:24,055:INFO:[Rank-0] val time 15.6430, epoch  11, step  40, loss 3.12055451, auc@1 22.31, auc@5 53.17
2021-05-30 18:18:02,215:INFO:[Rank-0] train time 37.9198, epoch  12, step  49, loss 3.17355752, auc@1 21.33, auc@5 51.25, share 15, std_loss 0.06039846186735192, pre_std_loss 0.06954353302717209,  3.12684 3.25893 3.18764 3.10345
2021-05-30 18:18:17,686:INFO:[Rank-0] val time 15.4694, epoch  12, step  40, loss 3.28373526, auc@1 19.82, auc@5 48.87
2021-05-30 18:18:55,055:INFO:[Rank-0] train time 37.1021, epoch  13, step  49, loss 3.10745287, auc@1 22.50, auc@5 53.11, share 9, std_loss 0.07635431075278594, pre_std_loss 0.06694836914539337,  3.04505 3.14939 3.17809 3.05448
2021-05-30 18:19:10,471:INFO:[Rank-0] val time 15.4118, epoch  13, step  40, loss 3.14919756, auc@1 22.19, auc@5 53.14
2021-05-30 18:19:48,245:INFO:[Rank-0] train time 37.4939, epoch  14, step  49, loss 3.03601432, auc@1 23.80, auc@5 55.00, share 11, std_loss 0.0768298158536152, pre_std_loss 0.07567722350358963,  2.95686 3.12098 3.08763 2.98274
2021-05-30 18:20:03,765:INFO:[Rank-0] val time 15.5161, epoch  14, step  40, loss 3.01608829, auc@1 24.28, auc@5 55.69
2021-05-30 18:20:42,133:INFO:[Rank-0] train time 38.3404, epoch  15, step  49, loss 2.95301270, auc@1 25.30, auc@5 57.00, share 16, std_loss 0.08517557382583618, pre_std_loss 0.09048076719045639,  2.85437 3.03593 3.03395 2.91342
2021-05-30 18:20:57,813:INFO:[Rank-0] val time 15.6776, epoch  15, step  40, loss 3.04420558, auc@1 25.40, auc@5 56.93
2021-05-30 18:21:35,954:INFO:[Rank-0] train time 37.9451, epoch  16, step  49, loss 2.86874056, auc@1 27.12, auc@5 58.94, share 12, std_loss 0.08638294877446427, pre_std_loss 0.09185800701379776,  2.80656 2.95596 2.94748 2.78097
2021-05-30 18:21:51,309:INFO:[Rank-0] val time 15.3525, epoch  16, step  40, loss 2.83735966, auc@1 28.04, auc@5 61.07
2021-05-30 18:22:29,591:INFO:[Rank-0] train time 38.0175, epoch  17, step  49, loss 2.79301190, auc@1 28.40, auc@5 60.96, share 15, std_loss 0.071358715089, pre_std_loss 0.07185874134302139,  2.71844 2.84584 2.86047 2.74206
2021-05-30 18:22:45,230:INFO:[Rank-0] val time 15.6359, epoch  17, step  40, loss 2.94265463, auc@1 27.27, auc@5 57.79
2021-05-30 18:23:23,757:INFO:[Rank-0] train time 38.3432, epoch  18, step  49, loss 2.73570037, auc@1 29.39, auc@5 62.23, share 18, std_loss 0.09212067692863699, pre_std_loss 0.10093721002340317,  2.64648 2.85704 2.78383 2.66501
2021-05-30 18:23:39,126:INFO:[Rank-0] val time 15.3670, epoch  18, step  40, loss 2.46126365, auc@1 35.62, auc@5 67.93
2021-05-30 18:24:19,677:INFO:[Rank-0] train time 40.3816, epoch  19, step  49, loss 2.60847378, auc@1 32.08, auc@5 65.35, share 31, std_loss 0.06725144302662538, pre_std_loss 0.08892391622066498,  2.52956 2.70132 2.67098 2.53810
2021-05-30 18:24:35,034:INFO:[Rank-0] val time 15.3543, epoch  19, step  40, loss 2.67332152, auc@1 31.95, auc@5 63.76
2021-05-30 18:25:12,507:INFO:[Rank-0] train time 37.2706, epoch  20, step  49, loss 2.60858679, auc@1 32.07, auc@5 65.09, share 5, std_loss 0.08031295468004382, pre_std_loss 0.06935570389032364,  2.53401 2.67360 2.66328 2.54829
2021-05-30 18:25:27,924:INFO:[Rank-0] val time 15.4150, epoch  20, step  40, loss 2.56004023, auc@1 33.29, auc@5 66.35
2021-05-30 18:26:06,681:INFO:[Rank-0] train time 38.4459, epoch  21, step  49, loss 2.53578472, auc@1 33.48, auc@5 66.95, share 15, std_loss 0.08367212192744625, pre_std_loss 0.07200465351343155,  2.43686 2.60387 2.59081 2.52857
2021-05-30 18:26:21,995:INFO:[Rank-0] val time 15.3121, epoch  21, step  40, loss 3.11349336, auc@1 27.61, auc@5 57.02
2021-05-30 18:27:00,888:INFO:[Rank-0] train time 38.7133, epoch  22, step  49, loss 2.48620367, auc@1 34.47, auc@5 68.03, share 23, std_loss 0.05958056373863804, pre_std_loss 0.07680623233318329,  2.39650 2.57015 2.51674 2.46044
2021-05-30 18:27:16,342:INFO:[Rank-0] val time 15.4512, epoch  22, step  40, loss 2.43461414, auc@1 35.82, auc@5 69.92
2021-05-30 18:27:54,384:INFO:[Rank-0] train time 37.7979, epoch  23, step  49, loss 2.45427084, auc@1 35.26, auc@5 68.73, share 14, std_loss 0.08750722268406226, pre_std_loss 0.09494803100824356,  2.36677 2.55217 2.52717 2.39243
2021-05-30 18:28:09,867:INFO:[Rank-0] val time 15.4795, epoch  23, step  40, loss 2.39241762, auc@1 36.32, auc@5 69.86
2021-05-30 18:28:47,973:INFO:[Rank-0] train time 37.8157, epoch  24, step  49, loss 2.39528251, auc@1 36.44, auc@5 69.91, share 16, std_loss 0.07841600728582362, pre_std_loss 0.08620209246873856,  2.30046 2.48790 2.43197 2.33584
2021-05-30 18:29:03,623:INFO:[Rank-0] val time 15.6464, epoch  24, step  40, loss 2.72294247, auc@1 32.60, auc@5 65.36
2021-05-30 18:29:40,733:INFO:[Rank-0] train time 36.8670, epoch  25, step  49, loss 2.32562709, auc@1 37.97, auc@5 71.38, share 4, std_loss 0.08831413485565964, pre_std_loss 0.07275193184614182,  2.24322 2.39680 2.37549 2.28643
2021-05-30 18:29:56,391:INFO:[Rank-0] val time 15.6551, epoch  25, step  40, loss 2.58205273, auc@1 35.44, auc@5 69.41
2021-05-30 18:30:34,350:INFO:[Rank-0] train time 37.7521, epoch  26, step  49, loss 2.27293682, auc@1 39.00, auc@5 72.58, share 15, std_loss 0.08536560255654004, pre_std_loss 0.08975484222173691,  2.16902 2.36880 2.32396 2.23320
2021-05-30 18:30:49,629:INFO:[Rank-0] val time 15.2765, epoch  26, step  40, loss 2.26452811, auc@1 40.33, auc@5 73.32
2021-05-30 18:31:27,765:INFO:[Rank-0] train time 38.0428, epoch  27, step  49, loss 2.18984032, auc@1 41.06, auc@5 74.39, share 8, std_loss 0.10272126386360246, pre_std_loss 0.09166388213634491,  2.07347 2.29532 2.21871 2.16807
2021-05-30 18:31:43,329:INFO:[Rank-0] val time 15.5611, epoch  27, step  40, loss 2.42899488, auc@1 37.68, auc@5 70.67
2021-05-30 18:32:21,070:INFO:[Rank-0] train time 37.5504, epoch  28, step  49, loss 2.14863944, auc@1 41.78, auc@5 75.20, share 9, std_loss 0.06601259302423924, pre_std_loss 0.0552314929664135,  2.08615 2.20548 2.18300 2.12110
2021-05-30 18:32:36,876:INFO:[Rank-0] val time 15.8030, epoch  28, step  40, loss 2.45799518, auc@1 37.21, auc@5 69.57
2021-05-30 18:33:14,703:INFO:[Rank-0] train time 37.5901, epoch  29, step  49, loss 2.11581993, auc@1 42.51, auc@5 75.79, share 12, std_loss 0.08509973923162538, pre_std_loss 0.07748135179281235,  2.06014 2.22249 2.13183 2.05840
2021-05-30 18:33:30,150:INFO:[Rank-0] val time 15.4445, epoch  29, step  40, loss 2.24267155, auc@1 40.22, auc@5 73.63
2021-05-30 18:34:08,025:INFO:[Rank-0] train time 37.6432, epoch  30, step  49, loss 2.06770253, auc@1 43.74, auc@5 76.71, share 6, std_loss 0.07422361606541945, pre_std_loss 0.065159372985363,  1.95933 2.17618 2.07607 2.02389
2021-05-30 18:34:23,313:INFO:[Rank-0] val time 15.2848, epoch  30, step  40, loss 2.10916516, auc@1 43.53, auc@5 75.79
2021-05-30 18:35:01,620:INFO:[Rank-0] train time 38.0696, epoch  31, step  49, loss 2.01620126, auc@1 44.91, auc@5 77.66, share 14, std_loss 0.08249066329124022, pre_std_loss 0.0854339599609375,  1.91407 2.11793 2.03770 1.98189
2021-05-30 18:35:17,204:INFO:[Rank-0] val time 15.5798, epoch  31, step  40, loss 2.31558837, auc@1 40.76, auc@5 73.33
2021-05-30 18:35:54,104:INFO:[Rank-0] train time 36.7231, epoch  32, step  49, loss 1.99178231, auc@1 45.25, auc@5 78.29, share 8, std_loss 0.09418559789049383, pre_std_loss 0.08360529690980911,  1.89042 2.09488 1.98670 1.98314
2021-05-30 18:36:09,791:INFO:[Rank-0] val time 15.6837, epoch  32, step  40, loss 2.67057533, auc@1 36.02, auc@5 67.60
2021-05-30 18:36:48,073:INFO:[Rank-0] train time 38.0702, epoch  33, step  49, loss 1.94919229, auc@1 46.29, auc@5 79.13, share 17, std_loss 0.07764480916821227, pre_std_loss 0.0873052254319191,  1.85434 2.05149 1.98581 1.90375
2021-05-30 18:37:03,656:INFO:[Rank-0] val time 15.5807, epoch  33, step  40, loss 2.21834489, auc@1 43.02, auc@5 75.13
2021-05-30 18:37:41,465:INFO:[Rank-0] train time 37.5626, epoch  34, step  49, loss 1.91737628, auc@1 46.93, auc@5 79.46, share 12, std_loss 0.09042193117190381, pre_std_loss 0.08516758680343628,  1.80978 2.01144 1.94969 1.90029
2021-05-30 18:37:57,120:INFO:[Rank-0] val time 15.6529, epoch  34, step  40, loss 2.06965084, auc@1 45.36, auc@5 76.88
2021-05-30 18:38:34,635:INFO:[Rank-0] train time 37.3071, epoch  35, step  49, loss 1.87757349, auc@1 48.28, auc@5 80.26, share 12, std_loss 0.06842761532384523, pre_std_loss 0.07028023898601532,  1.80874 1.95145 1.91856 1.82845
2021-05-30 18:38:50,275:INFO:[Rank-0] val time 15.6374, epoch  35, step  40, loss 1.98307626, auc@1 46.12, auc@5 78.51
2021-05-30 18:39:27,361:INFO:[Rank-0] train time 36.9348, epoch  36, step  49, loss 1.83415139, auc@1 48.99, auc@5 80.99, share 7, std_loss 0.07712966234100108, pre_std_loss 0.06555482745170593,  1.79014 1.93860 1.83256 1.79365
2021-05-30 18:39:43,118:INFO:[Rank-0] val time 15.7545, epoch  36, step  40, loss 2.09185345, auc@1 44.49, auc@5 77.14
2021-05-30 18:40:20,845:INFO:[Rank-0] train time 37.4647, epoch  37, step  49, loss 1.79406559, auc@1 50.06, auc@5 81.85, share 12, std_loss 0.05936554819345474, pre_std_loss 0.055464666336774826,  1.72204 1.83605 1.83861 1.77685
2021-05-30 18:40:36,282:INFO:[Rank-0] val time 15.4342, epoch  37, step  40, loss 1.86526105, auc@1 49.47, auc@5 80.06
2021-05-30 18:41:15,046:INFO:[Rank-0] train time 38.6815, epoch  38, step  49, loss 1.77761233, auc@1 50.45, auc@5 82.05, share 13, std_loss 0.04778013121792857, pre_std_loss 0.049060095101594925,  1.76718 1.83991 1.78628 1.72246
2021-05-30 18:41:30,621:INFO:[Rank-0] val time 15.5719, epoch  38, step  40, loss 1.97897219, auc@1 46.99, auc@5 79.00
2021-05-30 18:42:08,228:INFO:[Rank-0] train time 37.3756, epoch  39, step  49, loss 1.77481878, auc@1 50.60, auc@5 82.21, share 11, std_loss 0.0563842166139155, pre_std_loss 0.05976341664791107,  1.72298 1.85589 1.76367 1.73702
2021-05-30 18:42:23,795:INFO:[Rank-0] val time 15.5651, epoch  39, step  40, loss 1.96149978, auc@1 47.83, auc@5 78.42
2021-05-30 18:43:02,920:INFO:[Rank-0] train time 39.1222, epoch  40, step  49, loss 1.72083127, auc@1 51.81, auc@5 83.12, share 19, std_loss 0.0496370864613932, pre_std_loss 0.06176106259226799,  1.63902 1.76688 1.76491 1.69512
2021-05-30 18:43:18,317:INFO:[Rank-0] val time 15.3921, epoch  40, step  40, loss 1.92692014, auc@1 48.34, auc@5 79.33
2021-05-30 18:43:56,996:INFO:[Rank-0] train time 38.6783, epoch  41, step  49, loss 1.66960216, auc@1 52.83, auc@5 84.07, share 13, std_loss 0.06106807861705216, pre_std_loss 0.05890149250626564,  1.59131 1.74993 1.68051 1.65716
2021-05-30 18:44:12,769:INFO:[Rank-0] val time 15.7693, epoch  41, step  40, loss 1.98073872, auc@1 48.20, auc@5 79.46
2021-05-30 18:44:50,253:INFO:[Rank-0] train time 37.2010, epoch  42, step  49, loss 1.67462564, auc@1 53.15, auc@5 83.75, share 11, std_loss 0.06821472752763301, pre_std_loss 0.07754011452198029,  1.61698 1.78032 1.69877 1.61903
2021-05-30 18:45:05,738:INFO:[Rank-0] val time 15.4828, epoch  42, step  40, loss 1.85437970, auc@1 49.50, auc@5 81.30
2021-05-30 18:45:45,085:INFO:[Rank-0] train time 39.2671, epoch  43, step  49, loss 1.61107171, auc@1 54.56, auc@5 84.95, share 13, std_loss 0.07511259889116093, pre_std_loss 0.07350271195173264,  1.51140 1.71476 1.61866 1.59202
2021-05-30 18:46:00,600:INFO:[Rank-0] val time 15.5133, epoch  43, step  40, loss 2.06717950, auc@1 46.62, auc@5 77.98
2021-05-30 18:46:38,430:INFO:[Rank-0] train time 37.5900, epoch  44, step  49, loss 1.58172536, auc@1 55.16, auc@5 85.31, share 11, std_loss 0.05304064430600526, pre_std_loss 0.048887837678194046,  1.52485 1.63697 1.60089 1.54826
2021-05-30 18:46:53,857:INFO:[Rank-0] val time 15.4250, epoch  44, step  40, loss 1.85840367, auc@1 50.43, auc@5 81.36
2021-05-30 18:47:31,769:INFO:[Rank-0] train time 37.6859, epoch  45, step  49, loss 1.56189871, auc@1 55.80, auc@5 85.67, share 8, std_loss 0.0688163761277588, pre_std_loss 0.05858274921774864,  1.47167 1.62908 1.56227 1.52564
2021-05-30 18:47:47,185:INFO:[Rank-0] val time 15.4141, epoch  45, step  40, loss 1.91038968, auc@1 49.22, auc@5 80.64
2021-05-30 18:48:25,488:INFO:[Rank-0] train time 38.0707, epoch  46, step  49, loss 1.55463803, auc@1 56.01, auc@5 85.75, share 14, std_loss 0.05365518647797254, pre_std_loss 0.051654618233442307,  1.51360 1.62549 1.57162 1.52204
2021-05-30 18:48:41,222:INFO:[Rank-0] val time 15.7314, epoch  46, step  40, loss 1.79610971, auc@1 51.85, auc@5 82.09
2021-05-30 18:49:18,800:INFO:[Rank-0] train time 37.4136, epoch  47, step  49, loss 1.53365421, auc@1 56.41, auc@5 86.18, share 8, std_loss 0.05627827756867117, pre_std_loss 0.045885104686021805,  1.46469 1.60241 1.54840 1.51484
2021-05-30 18:49:34,412:INFO:[Rank-0] val time 15.6090, epoch  47, step  40, loss 1.76493819, auc@1 51.35, auc@5 82.17
2021-05-30 18:50:11,802:INFO:[Rank-0] train time 37.2041, epoch  48, step  49, loss 1.50763047, auc@1 57.03, auc@5 86.58, share 5, std_loss 0.08034120743372003, pre_std_loss 0.07278791069984436,  1.39920 1.57654 1.51457 1.47963
2021-05-30 18:50:28,080:INFO:[Rank-0] val time 16.2750, epoch  48, step  40, loss 1.74553818, auc@1 52.63, auc@5 82.74
2021-05-30 18:51:05,433:INFO:[Rank-0] train time 37.0936, epoch  49, step  49, loss 1.48169410, auc@1 57.80, auc@5 86.93, share 10, std_loss 0.04487623312339491, pre_std_loss 0.041035246104002,  1.43250 1.53157 1.48065 1.46779
2021-05-30 18:51:20,885:INFO:[Rank-0] val time 15.4490, epoch  49, step  40, loss 1.70126120, auc@1 53.41, auc@5 83.14
2021-05-30 18:51:59,185:INFO:[Rank-0] train time 38.1221, epoch  50, step  49, loss 1.44889653, auc@1 58.54, auc@5 87.46, share 12, std_loss 0.055561890939668734, pre_std_loss 0.05655714124441147,  1.40183 1.52479 1.45750 1.40703
2021-05-30 18:52:14,960:INFO:[Rank-0] val time 15.7707, epoch  50, step  40, loss 1.73091186, auc@1 53.43, auc@5 83.31
2021-05-30 18:52:52,205:INFO:[Rank-0] train time 37.1432, epoch  51, step  49, loss 1.43241537, auc@1 58.85, auc@5 87.71, share 5, std_loss 0.07491303440563533, pre_std_loss 0.06924989074468613,  1.35633 1.52467 1.41831 1.37079
2021-05-30 18:53:08,432:INFO:[Rank-0] val time 16.2234, epoch  51, step  40, loss 1.79055396, auc@1 52.14, auc@5 82.79
2021-05-30 18:53:45,535:INFO:[Rank-0] train time 36.8996, epoch  52, step  49, loss 1.40926576, auc@1 59.48, auc@5 88.16, share 5, std_loss 0.06501445987698984, pre_std_loss 0.052622824907302856,  1.30164 1.49036 1.42384 1.38101
2021-05-30 18:54:01,537:INFO:[Rank-0] val time 15.9997, epoch  52, step  40, loss 1.78015707, auc@1 53.01, auc@5 82.35
2021-05-30 18:54:39,217:INFO:[Rank-0] train time 37.5600, epoch  53, step  49, loss 1.38996232, auc@1 60.06, auc@5 88.38, share 13, std_loss 0.03745046197151651, pre_std_loss 0.04013574495911598,  1.33225 1.43379 1.38672 1.36898
2021-05-30 18:54:55,081:INFO:[Rank-0] val time 15.8610, epoch  53, step  40, loss 1.74355742, auc@1 53.33, auc@5 83.09
2021-05-30 18:55:32,433:INFO:[Rank-0] train time 37.1916, epoch  54, step  49, loss 1.37828219, auc@1 60.51, auc@5 88.47, share 11, std_loss 0.043319910764694214, pre_std_loss 0.045972634106874466,  1.32927 1.42168 1.41290 1.34901
2021-05-30 18:55:48,728:INFO:[Rank-0] val time 16.2917, epoch  54, step  40, loss 1.76333428, auc@1 52.36, auc@5 82.87
2021-05-30 18:56:25,948:INFO:[Rank-0] train time 37.0231, epoch  55, step  49, loss 1.37208784, auc@1 60.47, auc@5 88.43, share 8, std_loss 0.04696773749072941, pre_std_loss 0.043794989585876465,  1.30390 1.39750 1.39425 1.37728
2021-05-30 18:56:41,928:INFO:[Rank-0] val time 15.9765, epoch  55, step  40, loss 2.10704552, auc@1 48.94, auc@5 80.79
2021-05-30 18:57:19,598:INFO:[Rank-0] train time 37.5587, epoch  56, step  49, loss 1.34771860, auc@1 61.19, auc@5 88.88, share 7, std_loss 0.05446619517645057, pre_std_loss 0.04326244443655014,  1.29171 1.41013 1.32582 1.35150
2021-05-30 18:57:35,832:INFO:[Rank-0] val time 16.2304, epoch  56, step  40, loss 1.72827340, auc@1 54.16, auc@5 83.93
2021-05-30 18:58:14,144:INFO:[Rank-0] train time 38.2807, epoch  57, step  49, loss 1.29246151, auc@1 62.62, auc@5 89.79, share 16, std_loss 0.05120548795984716, pre_std_loss 0.05733109638094902,  1.22468 1.36483 1.28722 1.29418
2021-05-30 18:58:30,456:INFO:[Rank-0] val time 16.3081, epoch  57, step  40, loss 1.69089819, auc@1 54.18, auc@5 83.54
2021-05-30 18:59:07,624:INFO:[Rank-0] train time 36.9902, epoch  58, step  49, loss 1.28348351, auc@1 62.67, auc@5 90.01, share 9, std_loss 0.05739972618769626, pre_std_loss 0.055367596447467804,  1.22257 1.35569 1.29548 1.25549
2021-05-30 18:59:23,551:INFO:[Rank-0] val time 15.9238, epoch  58, step  40, loss 1.66597881, auc@1 54.87, auc@5 84.92
2021-05-30 19:00:02,400:INFO:[Rank-0] train time 38.7440, epoch  59, step  49, loss 1.26903045, auc@1 63.15, auc@5 90.09, share 17, std_loss 0.046548700416270565, pre_std_loss 0.04871593043208122,  1.21601 1.32048 1.30463 1.23845
2021-05-30 19:00:18,723:INFO:[Rank-0] val time 16.3204, epoch  59, step  40, loss 1.63854592, auc@1 56.07, auc@5 85.16
2021-05-30 19:00:55,515:INFO:[Rank-0] train time 36.6905, epoch  60, step  49, loss 1.27027309, auc@1 63.08, auc@5 89.97, share 4, std_loss 0.06126469016379239, pre_std_loss 0.05125442147254944,  1.21448 1.32633 1.28847 1.23073
2021-05-30 19:01:11,366:INFO:[Rank-0] val time 15.8472, epoch  60, step  40, loss 1.83822572, auc@1 53.33, auc@5 83.21
2021-05-30 19:01:49,081:INFO:[Rank-0] train time 37.6022, epoch  61, step  49, loss 1.24547994, auc@1 63.62, auc@5 90.29, share 12, std_loss 0.044825222343206406, pre_std_loss 0.047732461243867874,  1.21084 1.30563 1.26986 1.20447
2021-05-30 19:02:05,003:INFO:[Rank-0] val time 15.9187, epoch  61, step  40, loss 1.64632568, auc@1 55.71, auc@5 84.69
2021-05-30 19:02:43,110:INFO:[Rank-0] train time 37.9910, epoch  62, step  49, loss 1.22123873, auc@1 64.33, auc@5 90.53, share 14, std_loss 0.051727208708013804, pre_std_loss 0.05416717007756233,  1.16569 1.29857 1.22562 1.20092
2021-05-30 19:02:58,954:INFO:[Rank-0] val time 15.8413, epoch  62, step  40, loss 1.56048863, auc@1 58.01, auc@5 85.62
2021-05-30 19:03:36,261:INFO:[Rank-0] train time 37.2189, epoch  63, step  49, loss 1.21794045, auc@1 64.52, auc@5 90.68, share 5, std_loss 0.059640699199267795, pre_std_loss 0.051137443631887436,  1.15337 1.27476 1.21623 1.21825
2021-05-30 19:03:52,292:INFO:[Rank-0] val time 16.0285, epoch  63, step  40, loss 1.71364076, auc@1 55.49, auc@5 84.81
2021-05-30 19:04:29,092:INFO:[Rank-0] train time 36.5432, epoch  64, step  49, loss 1.21823776, auc@1 64.35, auc@5 90.60, share 6, std_loss 0.09681316008981393, pre_std_loss 0.07853966951370239,  1.11434 1.30433 1.23538 1.21572
2021-05-30 19:04:44,885:INFO:[Rank-0] val time 15.7891, epoch  64, step  40, loss 1.59415446, auc@1 57.42, auc@5 85.11
2021-05-30 19:05:22,088:INFO:[Rank-0] train time 37.1145, epoch  65, step  49, loss 1.18394637, auc@1 65.27, auc@5 91.16, share 4, std_loss 0.059525055772795966, pre_std_loss 0.042189281433820724,  1.11500 1.26361 1.17393 1.10428
2021-05-30 19:05:37,828:INFO:[Rank-0] val time 15.7359, epoch  65, step  40, loss 1.66976007, auc@1 55.99, auc@5 84.00
2021-05-30 19:06:16,777:INFO:[Rank-0] train time 38.7842, epoch  66, step  49, loss 1.18693483, auc@1 65.24, auc@5 91.21, share 17, std_loss 0.04669263464759807, pre_std_loss 0.05782508850097656,  1.13274 1.26942 1.19675 1.16959
2021-05-30 19:06:32,901:INFO:[Rank-0] val time 16.1212, epoch  66, step  40, loss 1.48730234, auc@1 59.02, auc@5 86.76
2021-05-30 19:07:10,509:INFO:[Rank-0] train time 37.4674, epoch  67, step  49, loss 1.12916839, auc@1 66.72, auc@5 91.85, share 9, std_loss 0.04705787172579035, pre_std_loss 0.032827213406562805,  1.08373 1.16355 1.12209 1.13098
2021-05-30 19:07:26,283:INFO:[Rank-0] val time 15.7718, epoch  67, step  40, loss 1.71545869, auc@1 55.42, auc@5 84.00
2021-05-30 19:08:04,191:INFO:[Rank-0] train time 37.7413, epoch  68, step  49, loss 1.15727317, auc@1 66.10, auc@5 91.59, share 13, std_loss 0.051470432886663746, pre_std_loss 0.05180805176496506,  1.08649 1.20603 1.17621 1.13593
2021-05-30 19:08:19,966:INFO:[Rank-0] val time 15.7724, epoch  68, step  40, loss 1.60471946, auc@1 57.55, auc@5 85.59
2021-05-30 19:08:57,773:INFO:[Rank-0] train time 37.6693, epoch  69, step  49, loss 1.13423109, auc@1 66.69, auc@5 91.81, share 11, std_loss 0.04896055047913474, pre_std_loss 0.049504123628139496,  1.06880 1.19807 1.14867 1.10949
2021-05-30 19:09:13,698:INFO:[Rank-0] val time 15.9215, epoch  69, step  40, loss 1.51824760, auc@1 58.39, auc@5 86.47
2021-05-30 19:09:51,805:INFO:[Rank-0] train time 37.9736, epoch  70, step  49, loss 1.10105062, auc@1 67.81, auc@5 92.15, share 16, std_loss 0.04401912072635427, pre_std_loss 0.049525368958711624,  1.04611 1.12258 1.15659 1.06680
2021-05-30 19:10:07,736:INFO:[Rank-0] val time 15.9284, epoch  70, step  40, loss 1.64720821, auc@1 56.00, auc@5 84.56
2021-05-30 19:10:45,866:INFO:[Rank-0] train time 37.8719, epoch  71, step  49, loss 1.07863092, auc@1 68.09, auc@5 92.50, share 14, std_loss 0.0435085548658152, pre_std_loss 0.04011748358607292,  1.02358 1.11712 1.09486 1.06857
2021-05-30 19:11:02,129:INFO:[Rank-0] val time 16.2592, epoch  71, step  40, loss 1.73822814, auc@1 55.41, auc@5 83.73
2021-05-30 19:11:39,622:INFO:[Rank-0] train time 37.4193, epoch  72, step  49, loss 1.15007615, auc@1 66.28, auc@5 91.61, share 12, std_loss 0.19937603882684998, pre_std_loss 0.18854495882987976,  1.03831 1.54541 1.04557 1.04185
2021-05-30 19:11:55,555:INFO:[Rank-0] val time 15.9307, epoch  72, step  40, loss 1.53264956, auc@1 59.08, auc@5 86.41
2021-05-30 19:12:33,956:INFO:[Rank-0] train time 38.2462, epoch  73, step  49, loss 1.11402178, auc@1 67.35, auc@5 91.95, share 19, std_loss 0.09788922554984385, pre_std_loss 0.10627149045467377,  1.01277 1.25914 1.12746 1.06497
2021-05-30 19:12:49,946:INFO:[Rank-0] val time 15.9876, epoch  73, step  40, loss 1.41979068, auc@1 61.51, auc@5 87.71
2021-05-30 19:13:27,148:INFO:[Rank-0] train time 37.1413, epoch  74, step  49, loss 1.07954872, auc@1 68.23, auc@5 92.45, share 6, std_loss 0.07801313029260051, pre_std_loss 0.0609290786087513,  1.03021 1.19370 1.06670 0.98375
2021-05-30 19:13:43,069:INFO:[Rank-0] val time 15.9190, epoch  74, step  40, loss 1.49750346, auc@1 60.25, auc@5 86.66
2021-05-30 19:14:20,649:INFO:[Rank-0] train time 37.4555, epoch  75, step  49, loss 1.07671428, auc@1 68.28, auc@5 92.48, share 4, std_loss 0.07444923203818653, pre_std_loss 0.06320972740650177,  0.95874 1.13755 1.09017 1.01831
2021-05-30 19:14:37,141:INFO:[Rank-0] val time 16.4864, epoch  75, step  40, loss 1.76254060, auc@1 55.65, auc@5 84.15
2021-05-30 19:15:14,563:INFO:[Rank-0] train time 37.2778, epoch  76, step  49, loss 1.06765676, auc@1 68.67, auc@5 92.66, share 14, std_loss 0.038244330115160166, pre_std_loss 0.042491376399993896,  1.03122 1.12942 1.06655 1.05331
2021-05-30 19:15:30,791:INFO:[Rank-0] val time 16.2251, epoch  76, step  40, loss 1.71545347, auc@1 56.11, auc@5 84.07
2021-05-30 19:16:08,421:INFO:[Rank-0] train time 37.5915, epoch  77, step  49, loss 1.02999628, auc@1 69.42, auc@5 93.08, share 14, std_loss 0.05747673303192975, pre_std_loss 0.05727829039096832,  0.95744 1.09565 1.03316 1.01003
2021-05-30 19:16:24,398:INFO:[Rank-0] val time 15.9744, epoch  77, step  40, loss 1.54415531, auc@1 59.09, auc@5 87.14
2021-05-30 19:17:01,136:INFO:[Rank-0] train time 36.6476, epoch  78, step  49, loss 1.02536988, auc@1 69.74, auc@5 93.28, share 6, std_loss 0.056527890188961614, pre_std_loss 0.04578493535518646,  0.96064 1.09288 1.03376 0.99963
2021-05-30 19:17:17,061:INFO:[Rank-0] val time 15.9231, epoch  78, step  40, loss 1.70724263, auc@1 56.14, auc@5 84.49
2021-05-30 19:17:55,006:INFO:[Rank-0] train time 37.7769, epoch  79, step  49, loss 1.01156294, auc@1 69.79, auc@5 93.36, share 13, std_loss 0.06393474481087558, pre_std_loss 0.0611163005232811,  0.95849 1.11506 0.98678 0.96704
2021-05-30 19:18:11,255:INFO:[Rank-0] val time 16.2470, epoch  79, step  40, loss 1.56128813, auc@1 59.15, auc@5 86.42
2021-05-30 19:18:48,714:INFO:[Rank-0] train time 37.3081, epoch  80, step  49, loss 0.99461955, auc@1 70.40, auc@5 93.66, share 10, std_loss 0.05120237293292065, pre_std_loss 0.04753609746694565,  0.95938 1.05703 0.98756 0.95333
2021-05-30 19:19:04,628:INFO:[Rank-0] val time 15.9119, epoch  80, step  40, loss 1.62574228, auc@1 58.49, auc@5 86.12
2021-05-30 19:19:42,344:INFO:[Rank-0] train time 37.4284, epoch  81, step  49, loss 0.99581397, auc@1 70.50, auc@5 93.60, share 11, std_loss 0.03851653597488695, pre_std_loss 0.042256567627191544,  0.94946 1.04909 1.00871 0.98159
2021-05-30 19:19:58,197:INFO:[Rank-0] val time 15.8498, epoch  81, step  40, loss 1.60700620, auc@1 58.58, auc@5 86.17
2021-05-30 19:20:37,528:INFO:[Rank-0] train time 39.2314, epoch  82, step  49, loss 0.97958893, auc@1 70.65, auc@5 93.52, share 18, std_loss 0.06262122463358909, pre_std_loss 0.0718502625823021,  0.91537 1.00197 1.07127 0.93002
2021-05-30 19:20:53,739:INFO:[Rank-0] val time 16.2072, epoch  82, step  40, loss 1.45563427, auc@1 61.39, auc@5 87.62
2021-05-30 19:21:30,982:INFO:[Rank-0] train time 37.0372, epoch  83, step  49, loss 0.96935236, auc@1 71.19, auc@5 93.79, share 8, std_loss 0.0703578846034955, pre_std_loss 0.05556514486670494,  0.88813 1.02513 1.01535 0.88980
2021-05-30 19:21:46,738:INFO:[Rank-0] val time 15.7525, epoch  83, step  40, loss 1.52076025, auc@1 59.42, auc@5 86.68
2021-05-30 19:22:26,065:INFO:[Rank-0] train time 39.0947, epoch  84, step  49, loss 0.96218735, auc@1 71.13, auc@5 93.85, share 16, std_loss 0.054363557574700336, pre_std_loss 0.05807408690452576,  0.91325 1.03727 0.97379 0.90923
2021-05-30 19:22:42,030:INFO:[Rank-0] val time 15.9607, epoch  84, step  40, loss 1.57512266, auc@1 58.99, auc@5 86.68
2021-05-30 19:23:20,515:INFO:[Rank-0] train time 38.3144, epoch  85, step  49, loss 0.96423000, auc@1 71.35, auc@5 93.91, share 14, std_loss 0.0442901893841977, pre_std_loss 0.05131760612130165,  0.89482 1.00074 1.00599 0.96380
2021-05-30 19:23:36,437:INFO:[Rank-0] val time 15.9196, epoch  85, step  40, loss 1.30551793, auc@1 64.76, auc@5 89.40
2021-05-30 19:24:13,806:INFO:[Rank-0] train time 37.0645, epoch  86, step  49, loss 0.93849820, auc@1 72.00, auc@5 94.15, share 9, std_loss 0.03242078218228963, pre_std_loss 0.035302408039569855,  0.89116 0.96088 0.96916 0.92436
2021-05-30 19:24:29,857:INFO:[Rank-0] val time 16.0492, epoch  86, step  40, loss 1.57856032, auc@1 58.44, auc@5 86.65
2021-05-30 19:25:07,013:INFO:[Rank-0] train time 36.9407, epoch  87, step  49, loss 0.94283092, auc@1 71.74, auc@5 94.24, share 7, std_loss 0.048008897246754896, pre_std_loss 0.03983944281935692,  0.89776 0.98450 0.95592 0.91429
2021-05-30 19:25:23,206:INFO:[Rank-0] val time 16.1900, epoch  87, step  40, loss 1.53919074, auc@1 59.50, auc@5 86.43
2021-05-30 19:26:00,501:INFO:[Rank-0] train time 37.1748, epoch  88, step  49, loss 0.93136811, auc@1 72.19, auc@5 94.24, share 8, std_loss 0.06327298694119161, pre_std_loss 0.06191682443022728,  0.86261 1.02715 0.95931 0.90867
2021-05-30 19:26:16,451:INFO:[Rank-0] val time 15.9469, epoch  88, step  40, loss 1.56683333, auc@1 59.73, auc@5 87.14
2021-05-30 19:26:53,655:INFO:[Rank-0] train time 37.0982, epoch  89, step  49, loss 0.91163760, auc@1 72.75, auc@5 94.32, share 4, std_loss 0.05091168830285267, pre_std_loss 0.04306900501251221,  0.85263 0.94634 0.93627 0.90985
2021-05-30 19:27:09,630:INFO:[Rank-0] val time 15.9720, epoch  89, step  40, loss 1.71498169, auc@1 56.51, auc@5 85.76
2021-05-30 19:27:46,980:INFO:[Rank-0] train time 37.2139, epoch  90, step  49, loss 0.91705924, auc@1 72.43, auc@5 94.48, share 10, std_loss 0.04102803261152336, pre_std_loss 0.03589214012026787,  0.90420 0.95307 0.93223 0.87025
2021-05-30 19:28:02,811:INFO:[Rank-0] val time 15.8285, epoch  90, step  40, loss 1.76825536, auc@1 56.02, auc@5 84.31
2021-05-30 19:28:41,274:INFO:[Rank-0] train time 38.2314, epoch  91, step  49, loss 0.86465138, auc@1 74.05, auc@5 94.88, share 18, std_loss 0.023078374626419068, pre_std_loss 0.027775410562753677,  0.82869 0.88900 0.88060 0.85059
2021-05-30 19:28:57,462:INFO:[Rank-0] val time 16.1856, epoch  91, step  40, loss 1.79777211, auc@1 55.68, auc@5 83.41
2021-05-30 19:29:34,942:INFO:[Rank-0] train time 37.3881, epoch  92, step  49, loss 0.89956814, auc@1 72.94, auc@5 94.75, share 12, std_loss 0.05446256461496256, pre_std_loss 0.04429769143462181,  0.83528 0.94660 0.92826 0.87715
2021-05-30 19:29:50,802:INFO:[Rank-0] val time 15.8565, epoch  92, step  40, loss 1.46691957, auc@1 60.86, auc@5 87.55
2021-05-30 19:30:29,100:INFO:[Rank-0] train time 38.0466, epoch  93, step  49, loss 0.85881132, auc@1 74.04, auc@5 94.99, share 14, std_loss 0.029341600835323334, pre_std_loss 0.0300406776368618,  0.82966 0.88725 0.87729 0.83694
2021-05-30 19:30:44,951:INFO:[Rank-0] val time 15.8482, epoch  93, step  40, loss 1.91574080, auc@1 53.55, auc@5 82.38
2021-05-30 19:31:22,321:INFO:[Rank-0] train time 37.0667, epoch  94, step  49, loss 0.86490005, auc@1 74.11, auc@5 94.90, share 5, std_loss 0.04496840592853877, pre_std_loss 0.03540851175785065,  0.81305 0.90435 0.87872 0.85964
2021-05-30 19:31:38,602:INFO:[Rank-0] val time 16.2780, epoch  94, step  40, loss 1.68221348, auc@1 59.00, auc@5 86.16
2021-05-30 19:32:17,487:INFO:[Rank-0] train time 38.6307, epoch  95, step  49, loss 0.82581401, auc@1 75.09, auc@5 95.41, share 18, std_loss 0.039013271790225894, pre_std_loss 0.04373229667544365,  0.80245 0.89165 0.80337 0.80273
2021-05-30 19:32:33,806:INFO:[Rank-0] val time 16.3154, epoch  95, step  40, loss 1.58131228, auc@1 60.03, auc@5 86.97
2021-05-30 19:33:11,107:INFO:[Rank-0] train time 37.0776, epoch  96, step  49, loss 0.84542120, auc@1 74.56, auc@5 95.30, share 10, std_loss 0.04344989819338127, pre_std_loss 0.035567767918109894,  0.80027 0.87677 0.86494 0.83545
2021-05-30 19:33:26,981:INFO:[Rank-0] val time 15.8716, epoch  96, step  40, loss 1.57240447, auc@1 60.42, auc@5 86.84
2021-05-30 19:34:04,344:INFO:[Rank-0] train time 37.1836, epoch  97, step  49, loss 0.83419579, auc@1 74.68, auc@5 95.39, share 8, std_loss 0.04829921033613536, pre_std_loss 0.03377389535307884,  0.80151 0.86661 0.85531 0.81158
2021-05-30 19:34:20,432:INFO:[Rank-0] val time 16.0846, epoch  97, step  40, loss 1.48652896, auc@1 61.16, auc@5 87.33
2021-05-30 19:34:57,995:INFO:[Rank-0] train time 37.3409, epoch  98, step  49, loss 0.81542438, auc@1 75.30, auc@5 95.58, share 10, std_loss 0.04036099178602501, pre_std_loss 0.0340757854282856,  0.77755 0.85364 0.83105 0.79723
2021-05-30 19:35:13,804:INFO:[Rank-0] val time 15.8056, epoch  98, step  40, loss 1.48622717, auc@1 61.72, auc@5 87.87
2021-05-30 19:35:51,735:INFO:[Rank-0] train time 37.7235, epoch  99, step  49, loss 0.81455272, auc@1 75.27, auc@5 95.53, share 10, std_loss 0.037101079120623826, pre_std_loss 0.030419424176216125,  0.78765 0.83622 0.84143 0.78495
2021-05-30 19:36:07,638:INFO:[Rank-0] val time 15.9008, epoch  99, step  40, loss 1.45177141, auc@1 61.95, auc@5 88.16
2021-05-30 19:36:45,038:INFO:[Rank-0] train time 37.2107, epoch 100, step  49, loss 0.81126195, auc@1 75.35, auc@5 95.57, share 7, std_loss 0.035219116022392194, pre_std_loss 0.032183919101953506,  0.76432 0.81025 0.84282 0.77854
2021-05-30 19:37:00,932:INFO:[Rank-0] val time 15.8909, epoch 100, step  40, loss 1.74603597, auc@1 56.59, auc@5 85.11
2021-05-30 19:37:38,844:INFO:[Rank-0] train time 37.7608, epoch 101, step  49, loss 0.80541706, auc@1 75.49, auc@5 95.57, share 11, std_loss 0.040939071576814264, pre_std_loss 0.038781389594078064,  0.77312 0.84264 0.83400 0.76907
2021-05-30 19:37:54,741:INFO:[Rank-0] val time 15.8947, epoch 101, step  40, loss 1.51454010, auc@1 61.41, auc@5 87.90
2021-05-30 19:38:33,547:INFO:[Rank-0] train time 38.5273, epoch 102, step  49, loss 0.77580720, auc@1 76.29, auc@5 95.84, share 19, std_loss 0.021739053064767196, pre_std_loss 0.02741566114127636,  0.74330 0.80870 0.77332 0.78358
2021-05-30 19:38:49,386:INFO:[Rank-0] val time 15.8369, epoch 102, step  40, loss 1.30620968, auc@1 65.51, auc@5 89.74
2021-05-30 19:39:26,606:INFO:[Rank-0] train time 37.0954, epoch 103, step  49, loss 0.77725202, auc@1 76.44, auc@5 95.90, share 12, std_loss 0.03606944443772034, pre_std_loss 0.036880768835544586,  0.72664 0.81808 0.76955 0.75700
2021-05-30 19:39:42,574:INFO:[Rank-0] val time 15.9642, epoch 103, step  40, loss 1.65852622, auc@1 58.12, auc@5 85.63
2021-05-30 19:40:21,004:INFO:[Rank-0] train time 38.2202, epoch 104, step  49, loss 0.75805485, auc@1 76.90, auc@5 96.10, share 15, std_loss 0.04235946223595921, pre_std_loss 0.04420021176338196,  0.72975 0.82444 0.77219 0.72753
2021-05-30 19:40:37,009:INFO:[Rank-0] val time 16.0020, epoch 104, step  40, loss 1.51761871, auc@1 61.87, auc@5 87.84
2021-05-30 19:41:14,018:INFO:[Rank-0] train time 36.8250, epoch 105, step  49, loss 0.76248568, auc@1 76.75, auc@5 96.05, share 10, std_loss 0.03293625387002011, pre_std_loss 0.027899060398340225,  0.73983 0.80262 0.75435 0.75037
2021-05-30 19:41:30,063:INFO:[Rank-0] val time 16.0419, epoch 105, step  40, loss 1.45898840, auc@1 62.72, auc@5 88.24
2021-05-30 19:42:08,020:INFO:[Rank-0] train time 37.7509, epoch 106, step  49, loss 0.74337649, auc@1 77.36, auc@5 96.16, share 15, std_loss 0.025948013188507483, pre_std_loss 0.030323544517159462,  0.70870 0.78377 0.74764 0.74435
2021-05-30 19:42:23,967:INFO:[Rank-0] val time 15.9443, epoch 106, step  40, loss 1.62352469, auc@1 59.86, auc@5 86.86
2021-05-30 19:43:01,458:INFO:[Rank-0] train time 37.4253, epoch 107, step  49, loss 0.73482651, auc@1 77.52, auc@5 96.37, share 11, std_loss 0.03080420887895993, pre_std_loss 0.028670035302639008,  0.70369 0.77249 0.72803 0.72750
2021-05-30 19:43:17,505:INFO:[Rank-0] val time 16.0444, epoch 107, step  40, loss 1.65321785, auc@1 60.48, auc@5 87.19
2021-05-30 19:43:55,141:INFO:[Rank-0] train time 37.2112, epoch 108, step  49, loss 0.72368765, auc@1 77.87, auc@5 96.40, share 12, std_loss 0.02845002201442816, pre_std_loss 0.021602392196655273,  0.69587 0.73818 0.73621 0.70989
2021-05-30 19:44:11,170:INFO:[Rank-0] val time 16.0279, epoch 108, step  40, loss 1.49566246, auc@1 61.37, auc@5 88.04
2021-05-30 19:44:48,625:INFO:[Rank-0] train time 37.2738, epoch 109, step  49, loss 0.74708086, auc@1 77.23, auc@5 96.28, share 12, std_loss 0.03750890383154762, pre_std_loss 0.037869274616241455,  0.69120 0.79170 0.74589 0.71906
2021-05-30 19:45:04,519:INFO:[Rank-0] val time 15.8917, epoch 109, step  40, loss 1.48628107, auc@1 61.09, auc@5 87.98
2021-05-30 19:45:43,497:INFO:[Rank-0] train time 38.7921, epoch 110, step  49, loss 0.72944272, auc@1 77.77, auc@5 96.31, share 18, std_loss 0.03187968675047159, pre_std_loss 0.038298338651657104,  0.69518 0.76863 0.75565 0.69776
2021-05-30 19:45:59,518:INFO:[Rank-0] val time 16.0170, epoch 110, step  40, loss 1.37255367, auc@1 64.56, auc@5 89.50
2021-05-30 19:46:36,517:INFO:[Rank-0] train time 36.7902, epoch 111, step  49, loss 0.71485353, auc@1 78.22, auc@5 96.41, share 6, std_loss 0.034115731488077006, pre_std_loss 0.02773287519812584,  0.68084 0.73924 0.71880 0.68536
2021-05-30 19:46:52,432:INFO:[Rank-0] val time 15.9110, epoch 111, step  40, loss 1.55697821, auc@1 60.57, auc@5 87.29
2021-05-30 19:47:29,258:INFO:[Rank-0] train time 36.6454, epoch 112, step  49, loss 0.72770542, auc@1 77.88, auc@5 96.46, share 9, std_loss 0.030886160665932968, pre_std_loss 0.02732318826019764,  0.69260 0.75047 0.74613 0.71363
2021-05-30 19:47:45,247:INFO:[Rank-0] val time 15.9863, epoch 112, step  40, loss 1.56978218, auc@1 61.42, auc@5 87.64
2021-05-30 19:48:23,627:INFO:[Rank-0] train time 38.1965, epoch 113, step  49, loss 0.71779048, auc@1 78.07, auc@5 96.54, share 16, std_loss 0.03847514480656507, pre_std_loss 0.050476085394620895,  0.66618 0.77880 0.72591 0.68210
2021-05-30 19:48:39,577:INFO:[Rank-0] val time 15.9473, epoch 113, step  40, loss 1.51100438, auc@1 61.99, auc@5 87.43
2021-05-30 19:49:17,513:INFO:[Rank-0] train time 37.8521, epoch 114, step  49, loss 0.71373749, auc@1 78.16, auc@5 96.52, share 16, std_loss 0.052764133113075276, pre_std_loss 0.05778275057673454,  0.64911 0.78566 0.72594 0.69094
2021-05-30 19:49:33,400:INFO:[Rank-0] val time 15.8854, epoch 114, step  40, loss 1.46993833, auc@1 62.87, auc@5 88.89
2021-05-30 19:50:10,417:INFO:[Rank-0] train time 36.8253, epoch 115, step  49, loss 0.69179314, auc@1 78.72, auc@5 96.74, share 5, std_loss 0.05616114934792324, pre_std_loss 0.04448520019650459,  0.64503 0.72750 0.73004 0.65989
2021-05-30 19:50:26,270:INFO:[Rank-0] val time 15.8507, epoch 115, step  40, loss 1.48855293, auc@1 62.65, auc@5 88.17
2021-05-30 19:51:05,157:INFO:[Rank-0] train time 38.7012, epoch 116, step  49, loss 0.70351619, auc@1 78.27, auc@5 96.58, share 13, std_loss 0.034115600152587404, pre_std_loss 0.03123333863914013,  0.69577 0.73300 0.72156 0.66262
2021-05-30 19:51:21,036:INFO:[Rank-0] val time 15.8753, epoch 116, step  40, loss 1.49158863, auc@1 63.01, auc@5 88.39
2021-05-30 19:51:59,391:INFO:[Rank-0] train time 38.2936, epoch 117, step  49, loss 0.67264867, auc@1 79.25, auc@5 96.92, share 15, std_loss 0.03437424622171996, pre_std_loss 0.040177471935749054,  0.63557 0.72507 0.67954 0.64665
2021-05-30 19:52:15,153:INFO:[Rank-0] val time 15.7584, epoch 117, step  40, loss 1.46624173, auc@1 63.28, auc@5 89.08
2021-05-30 19:52:53,324:INFO:[Rank-0] train time 37.9471, epoch 118, step  49, loss 0.68624038, auc@1 79.07, auc@5 96.79, share 12, std_loss 0.029942167580735927, pre_std_loss 0.028621748089790344,  0.66196 0.69557 0.72199 0.66380
2021-05-30 19:53:09,159:INFO:[Rank-0] val time 15.8326, epoch 118, step  40, loss 1.31278019, auc@1 65.56, auc@5 90.13
2021-05-30 19:53:46,746:INFO:[Rank-0] train time 37.4829, epoch 119, step  49, loss 0.65472478, auc@1 79.75, auc@5 97.11, share 9, std_loss 0.03431531186310612, pre_std_loss 0.0280036311596632,  0.61695 0.66799 0.68130 0.65264
2021-05-30 19:54:03,139:INFO:[Rank-0] val time 16.3907, epoch 119, step  40, loss 1.49050786, auc@1 62.50, auc@5 88.17
2021-05-30 19:54:39,952:INFO:[Rank-0] train time 36.6293, epoch 120, step  49, loss 0.67601609, auc@1 79.17, auc@5 96.95, share 5, std_loss 0.03097043357485411, pre_std_loss 0.022096164524555206,  0.61204 0.68111 0.64984 0.63588
2021-05-30 19:54:55,840:INFO:[Rank-0] val time 15.8835, epoch 120, step  40, loss 1.57250726, auc@1 61.35, auc@5 87.51
2021-05-30 19:55:33,226:INFO:[Rank-0] train time 37.0599, epoch 121, step  49, loss 0.54427928, auc@1 83.55, auc@5 97.81, share 11, std_loss 0.027620335736749123, pre_std_loss 0.028718991205096245,  0.51686 0.57614 0.56209 0.52485
2021-05-30 19:55:49,185:INFO:[Rank-0] val time 15.9562, epoch 121, step  40, loss 1.09667129, auc@1 70.70, auc@5 92.08
2021-05-30 19:56:25,834:INFO:[Rank-0] train time 36.5739, epoch 122, step  49, loss 0.45796078, auc@1 86.17, auc@5 98.35, share 4, std_loss 0.03690669689403505, pre_std_loss 0.02452865056693554,  0.43089 0.48438 0.47610 0.44978
2021-05-30 19:56:41,858:INFO:[Rank-0] val time 16.0206, epoch 122, step  40, loss 1.07938099, auc@1 71.11, auc@5 92.55
2021-05-30 19:57:18,984:INFO:[Rank-0] train time 37.0950, epoch 123, step  49, loss 0.42896685, auc@1 86.87, auc@5 98.53, share 8, std_loss 0.02869629567222936, pre_std_loss 0.027400415390729904,  0.40303 0.46807 0.45319 0.41205
2021-05-30 19:57:35,140:INFO:[Rank-0] val time 16.1544, epoch 123, step  40, loss 1.06984124, auc@1 71.40, auc@5 92.41
2021-05-30 19:58:12,618:INFO:[Rank-0] train time 37.3819, epoch 124, step  49, loss 0.41287836, auc@1 87.53, auc@5 98.57, share 12, std_loss 0.02416800821618158, pre_std_loss 0.025240160524845123,  0.38317 0.43995 0.43486 0.39995
2021-05-30 19:58:28,737:INFO:[Rank-0] val time 16.1151, epoch 124, step  40, loss 1.07114998, auc@1 71.69, auc@5 92.52
2021-05-30 19:59:06,031:INFO:[Rank-0] train time 37.0322, epoch 125, step  49, loss 0.39591867, auc@1 88.01, auc@5 98.66, share 6, std_loss 0.030956543563884133, pre_std_loss 0.024017194285988808,  0.37678 0.42058 0.41242 0.37216
2021-05-30 19:59:21,888:INFO:[Rank-0] val time 15.8536, epoch 125, step  40, loss 1.07896575, auc@1 71.70, auc@5 92.60
2021-05-30 20:00:00,445:INFO:[Rank-0] train time 38.4984, epoch 126, step  49, loss 0.38043961, auc@1 88.51, auc@5 98.87, share 16, std_loss 0.019468028877614712, pre_std_loss 0.022776860743761063,  0.35454 0.40299 0.39584 0.37027
2021-05-30 20:00:16,306:INFO:[Rank-0] val time 15.8580, epoch 126, step  40, loss 1.06692211, auc@1 72.29, auc@5 92.54
2021-05-30 20:00:53,622:INFO:[Rank-0] train time 37.2040, epoch 127, step  49, loss 0.37216121, auc@1 88.63, auc@5 98.84, share 9, std_loss 0.02757311329169541, pre_std_loss 0.025180719792842865,  0.35193 0.41080 0.38617 0.35234
2021-05-30 20:01:09,624:INFO:[Rank-0] val time 15.9987, epoch 127, step  40, loss 1.07233771, auc@1 71.98, auc@5 92.78
2021-05-30 20:01:47,406:INFO:[Rank-0] train time 37.5667, epoch 128, step  49, loss 0.36534610, auc@1 88.88, auc@5 98.85, share 14, std_loss 0.02075383287607407, pre_std_loss 0.018004849553108215,  0.34900 0.38519 0.37276 0.34911
2021-05-30 20:02:03,318:INFO:[Rank-0] val time 15.9098, epoch 128, step  40, loss 1.06756803, auc@1 72.09, auc@5 92.75
2021-05-30 20:02:41,145:INFO:[Rank-0] train time 37.6730, epoch 129, step  49, loss 0.35590145, auc@1 89.25, auc@5 98.86, share 7, std_loss 0.02192876510778252, pre_std_loss 0.01847625896334648,  0.34419 0.37842 0.36292 0.33772
2021-05-30 20:02:56,926:INFO:[Rank-0] val time 15.7782, epoch 129, step  40, loss 1.07138556, auc@1 72.28, auc@5 92.72
2021-05-30 20:03:35,733:INFO:[Rank-0] train time 38.6700, epoch 130, step  49, loss 0.35223952, auc@1 89.29, auc@5 98.99, share 12, std_loss 0.02128880642050383, pre_std_loss 0.026913350448012352,  0.32198 0.38013 0.36862 0.33770
2021-05-30 20:03:51,916:INFO:[Rank-0] val time 16.1796, epoch 130, step  40, loss 1.07165576, auc@1 72.39, auc@5 92.64
2021-05-30 20:04:29,773:INFO:[Rank-0] train time 37.8146, epoch 131, step  49, loss 0.34511921, auc@1 89.55, auc@5 98.94, share 14, std_loss 0.02904039594743933, pre_std_loss 0.030484098941087723,  0.31439 0.38730 0.35738 0.32732
2021-05-30 20:04:45,921:INFO:[Rank-0] val time 16.1447, epoch 131, step  40, loss 1.07139688, auc@1 72.45, auc@5 92.78
2021-05-30 20:05:24,351:INFO:[Rank-0] train time 38.3081, epoch 132, step  49, loss 0.34207687, auc@1 89.62, auc@5 99.03, share 17, std_loss 0.011242517849848586, pre_std_loss 0.016873108223080635,  0.32181 0.36401 0.34746 0.33785
2021-05-30 20:05:40,379:INFO:[Rank-0] val time 16.0252, epoch 132, step  40, loss 1.07783755, auc@1 72.49, auc@5 92.76
2021-05-30 20:06:17,836:INFO:[Rank-0] train time 37.2324, epoch 133, step  49, loss 0.33435842, auc@1 89.85, auc@5 99.12, share 12, std_loss 0.021956758345572317, pre_std_loss 0.024098126217722893,  0.30768 0.35680 0.35360 0.32178
2021-05-30 20:06:34,503:INFO:[Rank-0] val time 16.6632, epoch 133, step  40, loss 1.07029278, auc@1 72.34, auc@5 92.69
2021-05-30 20:07:11,868:INFO:[Rank-0] train time 37.2451, epoch 134, step  49, loss 0.32882234, auc@1 89.89, auc@5 99.08, share 13, std_loss 0.019676778484516, pre_std_loss 0.019398661330342293,  0.30574 0.35241 0.33361 0.32471
2021-05-30 20:07:27,904:INFO:[Rank-0] val time 16.0327, epoch 134, step  40, loss 1.07586896, auc@1 72.25, auc@5 92.79
2021-05-30 20:08:04,787:INFO:[Rank-0] train time 36.7872, epoch 135, step  49, loss 0.32556978, auc@1 90.19, auc@5 99.11, share 6, std_loss 0.02587913315058971, pre_std_loss 0.02037033997476101,  0.30258 0.35025 0.33244 0.31780
2021-05-30 20:08:20,678:INFO:[Rank-0] val time 15.8875, epoch 135, step  40, loss 1.06883941, auc@1 72.48, auc@5 92.76
2021-05-30 20:08:58,658:INFO:[Rank-0] train time 37.9059, epoch 136, step  49, loss 0.32070649, auc@1 90.27, auc@5 99.11, share 14, std_loss 0.023543878781552216, pre_std_loss 0.023009521886706352,  0.29640 0.34003 0.33999 0.30481
2021-05-30 20:09:14,464:INFO:[Rank-0] val time 15.8034, epoch 136, step  40, loss 1.07117022, auc@1 72.55, auc@5 92.80
2021-05-30 20:09:52,547:INFO:[Rank-0] train time 37.8877, epoch 137, step  49, loss 0.31501737, auc@1 90.48, auc@5 99.12, share 14, std_loss 0.02112709892419528, pre_std_loss 0.022803721949458122,  0.29096 0.34395 0.32064 0.30442
2021-05-30 20:10:08,396:INFO:[Rank-0] val time 15.8471, epoch 137, step  40, loss 1.07345069, auc@1 72.37, auc@5 92.93
2021-05-30 20:10:45,994:INFO:[Rank-0] train time 37.5459, epoch 138, step  49, loss 0.31449801, auc@1 90.36, auc@5 99.19, share 10, std_loss 0.025498236092377682, pre_std_loss 0.02424032613635063,  0.28810 0.34500 0.31917 0.29800
2021-05-30 20:11:01,780:INFO:[Rank-0] val time 15.7832, epoch 138, step  40, loss 1.07263300, auc@1 72.65, auc@5 92.95
2021-05-30 20:11:39,415:INFO:[Rank-0] train time 37.5145, epoch 139, step  49, loss 0.30661196, auc@1 90.64, auc@5 99.21, share 11, std_loss 0.01845199572948777, pre_std_loss 0.017314836382865906,  0.28425 0.32322 0.31362 0.29604
2021-05-30 20:11:55,258:INFO:[Rank-0] val time 15.8397, epoch 139, step  40, loss 1.07242530, auc@1 72.36, auc@5 92.79
2021-05-30 20:12:32,980:INFO:[Rank-0] train time 37.5082, epoch 140, step  49, loss 0.30066669, auc@1 90.82, auc@5 99.25, share 3, std_loss 0.026458608518753732, pre_std_loss 0.01989813521504402,  0.29348 0.33709 0.31008 0.26713
2021-05-30 20:12:48,933:INFO:[Rank-0] val time 15.9498, epoch 140, step  40, loss 1.08011026, auc@1 72.24, auc@5 92.70
2021-05-30 20:13:26,868:INFO:[Rank-0] train time 37.7878, epoch 141, step  49, loss 0.30215532, auc@1 90.84, auc@5 99.23, share 12, std_loss 0.020570427692514295, pre_std_loss 0.01802019029855728,  0.28304 0.31581 0.31981 0.29193
2021-05-30 20:13:42,766:INFO:[Rank-0] val time 15.8946, epoch 141, step  40, loss 1.07455212, auc@1 72.88, auc@5 92.74
2021-05-30 20:14:20,938:INFO:[Rank-0] train time 37.8825, epoch 142, step  49, loss 0.29613790, auc@1 91.10, auc@5 99.26, share 9, std_loss 0.0178041403771055, pre_std_loss 0.01811121217906475,  0.27895 0.31482 0.30929 0.28588
2021-05-30 20:14:36,795:INFO:[Rank-0] val time 15.8545, epoch 142, step  40, loss 1.07324801, auc@1 72.64, auc@5 92.81
2021-05-30 20:15:14,861:INFO:[Rank-0] train time 37.8325, epoch 143, step  49, loss 0.28743333, auc@1 91.24, auc@5 99.31, share 9, std_loss 0.01866029451924319, pre_std_loss 0.016795333474874496,  0.27328 0.29973 0.30316 0.27352
2021-05-30 20:15:30,788:INFO:[Rank-0] val time 15.9253, epoch 143, step  40, loss 1.07791694, auc@1 72.62, auc@5 92.74
2021-05-30 20:16:09,069:INFO:[Rank-0] train time 38.2166, epoch 144, step  49, loss 0.28960440, auc@1 91.09, auc@5 99.25, share 17, std_loss 0.01564533061975119, pre_std_loss 0.01925269141793251,  0.27960 0.31471 0.29238 0.26821
2021-05-30 20:16:24,898:INFO:[Rank-0] val time 15.8268, epoch 144, step  40, loss 1.07592257, auc@1 72.81, auc@5 92.85
2021-05-30 20:17:02,895:INFO:[Rank-0] train time 37.7875, epoch 145, step  49, loss 0.28542513, auc@1 91.56, auc@5 99.29, share 12, std_loss 0.023742805786278784, pre_std_loss 0.023465385660529137,  0.26059 0.31618 0.28759 0.27619
2021-05-30 20:17:19,411:INFO:[Rank-0] val time 16.5128, epoch 145, step  40, loss 1.08546726, auc@1 72.62, auc@5 92.73
2021-05-30 20:17:56,552:INFO:[Rank-0] train time 37.0308, epoch 146, step  49, loss 0.28131783, auc@1 91.55, auc@5 99.34, share 7, std_loss 0.017152795720161224, pre_std_loss 0.01201664563268423,  0.26957 0.29010 0.28991 0.26532
2021-05-30 20:18:12,463:INFO:[Rank-0] val time 15.9080, epoch 146, step  40, loss 1.08453981, auc@1 72.75, auc@5 92.60
2021-05-30 20:18:50,472:INFO:[Rank-0] train time 37.9609, epoch 147, step  49, loss 0.28176913, auc@1 91.56, auc@5 99.30, share 14, std_loss 0.019532289394006436, pre_std_loss 0.018518658354878426,  0.26568 0.30608 0.28639 0.26921
2021-05-30 20:19:06,392:INFO:[Rank-0] val time 15.9172, epoch 147, step  40, loss 1.08385574, auc@1 72.67, auc@5 92.68
2021-05-30 20:19:44,273:INFO:[Rank-0] train time 37.7643, epoch 148, step  49, loss 0.27261972, auc@1 91.70, auc@5 99.40, share 12, std_loss 0.01618517131297564, pre_std_loss 0.012744653970003128,  0.25687 0.28727 0.27667 0.26619
2021-05-30 20:20:00,146:INFO:[Rank-0] val time 15.8711, epoch 148, step  40, loss 1.09002957, auc@1 72.69, auc@5 92.54
2021-05-30 20:20:38,239:INFO:[Rank-0] train time 37.8989, epoch 149, step  49, loss 0.26801005, auc@1 91.97, auc@5 99.41, share 13, std_loss 0.021448785496153394, pre_std_loss 0.019496578723192215,  0.24654 0.29331 0.27618 0.26157
2021-05-30 20:20:54,061:INFO:[Rank-0] val time 15.8195, epoch 149, step  40, loss 1.09331839, auc@1 72.64, auc@5 92.53
2021-05-30 20:21:31,623:INFO:[Rank-0] train time 37.3340, epoch 150, step  49, loss 0.27291074, auc@1 91.82, auc@5 99.30, share 10, std_loss 0.021894795953163078, pre_std_loss 0.01783175952732563,  0.25647 0.29488 0.27634 0.25893
2021-05-30 20:21:47,308:INFO:[Rank-0] val time 15.6828, epoch 150, step  40, loss 1.08939688, auc@1 72.60, auc@5 92.69
2021-05-30 20:22:25,424:INFO:[Rank-0] train time 38.0594, epoch 151, step  49, loss 0.26438788, auc@1 92.13, auc@5 99.39, share 10, std_loss 0.02070174172368585, pre_std_loss 0.0177597776055336,  0.24412 0.28533 0.27637 0.25137
2021-05-30 20:22:41,227:INFO:[Rank-0] val time 15.8002, epoch 151, step  40, loss 1.09861949, auc@1 72.59, auc@5 92.45
2021-05-30 20:23:19,515:INFO:[Rank-0] train time 38.1635, epoch 152, step  49, loss 0.25695050, auc@1 92.40, auc@5 99.46, share 15, std_loss 0.016416161055011407, pre_std_loss 0.017488747835159302,  0.24168 0.27619 0.26651 0.24227
2021-05-30 20:23:35,198:INFO:[Rank-0] val time 15.6803, epoch 152, step  40, loss 1.09684466, auc@1 72.43, auc@5 92.64
2021-05-30 20:24:13,916:INFO:[Rank-0] train time 38.4483, epoch 153, step  49, loss 0.26172328, auc@1 92.15, auc@5 99.42, share 14, std_loss 0.020911940278447404, pre_std_loss 0.02255726233124733,  0.23876 0.29225 0.27078 0.25466
2021-05-30 20:24:29,872:INFO:[Rank-0] val time 15.9525, epoch 153, step  40, loss 1.09550861, auc@1 72.50, auc@5 92.81
2021-05-30 20:25:07,871:INFO:[Rank-0] train time 37.7649, epoch 154, step  49, loss 0.25873569, auc@1 92.20, auc@5 99.43, share 11, std_loss 0.01814809411155934, pre_std_loss 0.01781608909368515,  0.23638 0.27653 0.26893 0.25306
2021-05-30 20:25:24,105:INFO:[Rank-0] val time 16.2312, epoch 154, step  40, loss 1.09632286, auc@1 72.49, auc@5 92.76
2021-05-30 20:26:01,012:INFO:[Rank-0] train time 36.6438, epoch 155, step  49, loss 0.25233710, auc@1 92.46, auc@5 99.47, share 7, std_loss 0.01941226135787307, pre_std_loss 0.015602081082761288,  0.23084 0.26960 0.25654 0.23378
2021-05-30 20:26:16,954:INFO:[Rank-0] val time 15.9386, epoch 155, step  40, loss 1.09962102, auc@1 72.63, auc@5 92.79
2021-05-30 20:26:55,562:INFO:[Rank-0] train time 38.4375, epoch 156, step  49, loss 0.25179371, auc@1 92.58, auc@5 99.44, share 16, std_loss 0.020102427911241443, pre_std_loss 0.020130246877670288,  0.22759 0.26970 0.26568 0.24117
2021-05-30 20:27:11,572:INFO:[Rank-0] val time 16.0070, epoch 156, step  40, loss 1.09560777, auc@1 72.65, auc@5 92.77
2021-05-30 20:27:49,434:INFO:[Rank-0] train time 37.7183, epoch 157, step  49, loss 0.24825098, auc@1 92.59, auc@5 99.54, share 12, std_loss 0.02424338653835715, pre_std_loss 0.02347460575401783,  0.23176 0.27170 0.26958 0.22545
2021-05-30 20:28:05,638:INFO:[Rank-0] val time 16.2002, epoch 157, step  40, loss 1.10086457, auc@1 72.71, auc@5 92.54
2021-05-30 20:28:42,951:INFO:[Rank-0] train time 37.1738, epoch 158, step  49, loss 0.24350756, auc@1 92.83, auc@5 99.49, share 10, std_loss 0.016825996168261886, pre_std_loss 0.017165308818221092,  0.22833 0.26296 0.25331 0.23011
2021-05-30 20:28:58,806:INFO:[Rank-0] val time 15.8520, epoch 158, step  40, loss 1.09926567, auc@1 72.71, auc@5 92.70
2021-05-30 20:29:36,474:INFO:[Rank-0] train time 37.6043, epoch 159, step  49, loss 0.24458566, auc@1 92.66, auc@5 99.54, share 13, std_loss 0.018387985016618456, pre_std_loss 0.017029250040650368,  0.23163 0.26773 0.24619 0.23190
2021-05-30 20:29:52,215:INFO:[Rank-0] val time 15.7385, epoch 159, step  40, loss 1.10756266, auc@1 72.63, auc@5 92.59
2021-05-30 20:30:30,008:INFO:[Rank-0] train time 37.6466, epoch 160, step  49, loss 0.24230912, auc@1 92.76, auc@5 99.55, share 9, std_loss 0.02498500185961626, pre_std_loss 0.024177370592951775,  0.21869 0.26927 0.25390 0.22393
2021-05-30 20:30:46,493:INFO:[Rank-0] val time 16.4832, epoch 160, step  40, loss 1.10415490, auc@1 72.57, auc@5 92.68
2021-05-30 20:31:24,108:INFO:[Rank-0] train time 37.4100, epoch 161, step  49, loss 0.23988880, auc@1 92.87, auc@5 99.55, share 12, std_loss 0.02080904103207345, pre_std_loss 0.01910070888698101,  0.21743 0.26215 0.24543 0.23315
2021-05-30 20:31:40,132:INFO:[Rank-0] val time 16.0198, epoch 161, step  40, loss 1.09777814, auc@1 72.72, auc@5 92.64
2021-05-30 20:32:18,468:INFO:[Rank-0] train time 38.1545, epoch 162, step  49, loss 0.23254342, auc@1 93.26, auc@5 99.52, share 17, std_loss 0.019704638809269787, pre_std_loss 0.02011003904044628,  0.22095 0.25389 0.24544 0.21116
2021-05-30 20:32:34,464:INFO:[Rank-0] val time 15.9924, epoch 162, step  40, loss 1.09291369, auc@1 72.87, auc@5 92.69
2021-05-30 20:33:11,933:INFO:[Rank-0] train time 37.3388, epoch 163, step  49, loss 0.23439984, auc@1 93.15, auc@5 99.50, share 7, std_loss 0.01866223750521942, pre_std_loss 0.012339986860752106,  0.21490 0.23883 0.25058 0.22812
2021-05-30 20:33:27,883:INFO:[Rank-0] val time 15.9482, epoch 163, step  40, loss 1.09440763, auc@1 72.83, auc@5 92.69
2021-05-30 20:34:05,845:INFO:[Rank-0] train time 37.7419, epoch 164, step  49, loss 0.23167592, auc@1 93.13, auc@5 99.53, share 14, std_loss 0.02534633289490427, pre_std_loss 0.02402118407189846,  0.20264 0.26447 0.23162 0.22438
2021-05-30 20:34:21,766:INFO:[Rank-0] val time 15.9186, epoch 164, step  40, loss 1.09283655, auc@1 72.81, auc@5 92.60
2021-05-30 20:34:58,587:INFO:[Rank-0] train time 36.7376, epoch 165, step  49, loss 0.23019627, auc@1 93.34, auc@5 99.55, share 7, std_loss 0.020836734650086383, pre_std_loss 0.017758812755346298,  0.21161 0.25295 0.23436 0.22300
2021-05-30 20:35:14,465:INFO:[Rank-0] val time 15.8748, epoch 165, step  40, loss 1.09458902, auc@1 72.75, auc@5 92.67
2021-05-30 20:35:51,439:INFO:[Rank-0] train time 36.7484, epoch 166, step  49, loss 0.22853349, auc@1 93.22, auc@5 99.58, share 6, std_loss 0.022858907601663044, pre_std_loss 0.017220202833414078,  0.21326 0.25103 0.25369 0.21335
2021-05-30 20:36:07,287:INFO:[Rank-0] val time 15.8446, epoch 166, step  40, loss 1.09061109, auc@1 72.78, auc@5 92.78
2021-05-30 20:36:44,685:INFO:[Rank-0] train time 37.2978, epoch 167, step  49, loss 0.23173484, auc@1 93.14, auc@5 99.53, share 7, std_loss 0.023002965888958806, pre_std_loss 0.015890315175056458,  0.21346 0.24868 0.24204 0.22342
2021-05-30 20:37:00,612:INFO:[Rank-0] val time 15.9242, epoch 167, step  40, loss 1.09395299, auc@1 72.75, auc@5 92.68
2021-05-30 20:37:38,750:INFO:[Rank-0] train time 38.0110, epoch 168, step  49, loss 0.23134695, auc@1 93.06, auc@5 99.55, share 14, std_loss 0.020769091208978574, pre_std_loss 0.019378602504730225,  0.19590 0.24794 0.24849 0.22107
2021-05-30 20:37:54,584:INFO:[Rank-0] val time 15.8314, epoch 168, step  40, loss 1.09478401, auc@1 73.03, auc@5 92.67
2021-05-30 20:38:33,138:INFO:[Rank-0] train time 38.4249, epoch 169, step  49, loss 0.22597031, auc@1 93.37, auc@5 99.53, share 13, std_loss 0.018555417818454455, pre_std_loss 0.020328788086771965,  0.21154 0.25422 0.23029 0.21111
2021-05-30 20:38:49,097:INFO:[Rank-0] val time 15.9565, epoch 169, step  40, loss 1.09240973, auc@1 72.78, auc@5 92.71
2021-05-30 20:39:26,074:INFO:[Rank-0] train time 36.6685, epoch 170, step  49, loss 0.22646512, auc@1 93.44, auc@5 99.55, share 9, std_loss 0.013543585315346718, pre_std_loss 0.012183587066829205,  0.21396 0.24175 0.22931 0.21956
2021-05-30 20:39:42,002:INFO:[Rank-0] val time 15.9254, epoch 170, step  40, loss 1.09225792, auc@1 72.83, auc@5 92.78
2021-05-30 20:40:18,972:INFO:[Rank-0] train time 36.7881, epoch 171, step  49, loss 0.22372018, auc@1 93.46, auc@5 99.59, share 4, std_loss 0.02067500949666208, pre_std_loss 0.015699226409196854,  0.20932 0.24713 0.22186 0.20985
2021-05-30 20:40:34,875:INFO:[Rank-0] val time 15.8991, epoch 171, step  40, loss 1.09084978, auc@1 72.97, auc@5 92.84
2021-05-30 20:41:12,785:INFO:[Rank-0] train time 37.7676, epoch 172, step  49, loss 0.22448160, auc@1 93.47, auc@5 99.60, share 13, std_loss 0.016116782509702807, pre_std_loss 0.014276525005698204,  0.20931 0.24125 0.22798 0.21483
2021-05-30 20:41:28,504:INFO:[Rank-0] val time 15.7166, epoch 172, step  40, loss 1.08879469, auc@1 72.91, auc@5 92.80
2021-05-30 20:42:07,409:INFO:[Rank-0] train time 38.8328, epoch 173, step  49, loss 0.22355397, auc@1 93.53, auc@5 99.53, share 20, std_loss 0.01587887538825067, pre_std_loss 0.020249128341674805,  0.20740 0.24869 0.23687 0.20656
2021-05-30 20:42:23,421:INFO:[Rank-0] val time 16.0096, epoch 173, step  40, loss 1.09147754, auc@1 72.85, auc@5 92.65
2021-05-30 20:43:01,197:INFO:[Rank-0] train time 37.5961, epoch 174, step  49, loss 0.22350629, auc@1 93.46, auc@5 99.58, share 14, std_loss 0.018838541069049006, pre_std_loss 0.018238376826047897,  0.20762 0.24758 0.22768 0.21131
2021-05-30 20:43:17,056:INFO:[Rank-0] val time 15.8557, epoch 174, step  40, loss 1.09473044, auc@1 72.86, auc@5 92.80
2021-05-30 20:43:55,487:INFO:[Rank-0] train time 38.3284, epoch 175, step  49, loss 0.22213674, auc@1 93.64, auc@5 99.59, share 11, std_loss 0.021141369770071944, pre_std_loss 0.021203117445111275,  0.20604 0.24343 0.23837 0.20280
2021-05-30 20:44:11,580:INFO:[Rank-0] val time 16.0895, epoch 175, step  40, loss 1.09062795, auc@1 72.92, auc@5 92.76
2021-05-30 20:44:50,167:INFO:[Rank-0] train time 38.3561, epoch 176, step  49, loss 0.22215441, auc@1 93.50, auc@5 99.59, share 19, std_loss 0.018066645913510298, pre_std_loss 0.019045189023017883,  0.21066 0.24684 0.23386 0.20304
2021-05-30 20:45:06,131:INFO:[Rank-0] val time 15.9604, epoch 176, step  40, loss 1.08972768, auc@1 73.03, auc@5 92.71
2021-05-30 20:45:44,584:INFO:[Rank-0] train time 38.2763, epoch 177, step  49, loss 0.22375685, auc@1 93.28, auc@5 99.59, share 16, std_loss 0.017497954681059535, pre_std_loss 0.019052285701036453,  0.20657 0.24683 0.23230 0.21004
2021-05-30 20:46:00,669:INFO:[Rank-0] val time 16.0830, epoch 177, step  40, loss 1.09143636, auc@1 72.96, auc@5 92.70
2021-05-30 20:46:38,377:INFO:[Rank-0] train time 37.5443, epoch 178, step  49, loss 0.21899767, auc@1 93.59, auc@5 99.59, share 11, std_loss 0.012557424488477409, pre_std_loss 0.013396949507296085,  0.20695 0.23604 0.22719 0.20907
2021-05-30 20:46:54,224:INFO:[Rank-0] val time 15.8443, epoch 178, step  40, loss 1.09097730, auc@1 72.87, auc@5 92.77
2021-05-30 20:47:32,242:INFO:[Rank-0] train time 37.9913, epoch 179, step  49, loss 0.22000490, auc@1 93.55, auc@5 99.63, share 14, std_loss 0.016774245765896475, pre_std_loss 0.016543390229344368,  0.20167 0.23961 0.22649 0.21235
2021-05-30 20:47:48,099:INFO:[Rank-0] val time 15.8544, epoch 179, step  40, loss 1.09166730, auc@1 73.04, auc@5 92.73
2021-05-30 20:48:26,712:INFO:[Rank-0] train time 38.4492, epoch 180, step  49, loss 0.22048557, auc@1 93.58, auc@5 99.61, share 17, std_loss 0.01397322563986693, pre_std_loss 0.016178496181964874,  0.21142 0.23830 0.22924 0.20291
2021-05-30 20:48:42,697:INFO:[Rank-0] val time 15.9819, epoch 180, step  40, loss 1.09247492, auc@1 72.95, auc@5 92.75
2021-05-30 20:49:19,947:INFO:[Rank-0] train time 37.0885, epoch 181, step  49, loss 0.22070597, auc@1 93.54, auc@5 99.60, share 10, std_loss 0.020602710773142015, pre_std_loss 0.018972402438521385,  0.20817 0.24217 0.23250 0.20269
2021-05-30 20:49:37,238:INFO:[Rank-0] val time 17.2891, epoch 181, step  40, loss 1.08997489, auc@1 73.00, auc@5 92.73
2021-05-30 20:50:14,178:INFO:[Rank-0] train time 36.8455, epoch 182, step  49, loss 0.22141001, auc@1 93.58, auc@5 99.59, share 11, std_loss 0.018471128117217094, pre_std_loss 0.016248121857643127,  0.20622 0.24068 0.23311 0.20841
2021-05-30 20:50:30,093:INFO:[Rank-0] val time 15.9122, epoch 182, step  40, loss 1.09176793, auc@1 72.89, auc@5 92.75
2021-05-30 20:51:07,122:INFO:[Rank-0] train time 36.8939, epoch 183, step  49, loss 0.22008318, auc@1 93.56, auc@5 99.57, share 8, std_loss 0.023981991319023833, pre_std_loss 0.02146979793906212,  0.19463 0.24553 0.22571 0.21423
2021-05-30 20:51:23,011:INFO:[Rank-0] val time 15.8846, epoch 183, step  40, loss 1.09109451, auc@1 72.99, auc@5 92.80
2021-05-30 20:52:01,560:INFO:[Rank-0] train time 38.3210, epoch 184, step  49, loss 0.21783347, auc@1 93.69, auc@5 99.60, share 9, std_loss 0.014850822296373698, pre_std_loss 0.014061564579606056,  0.20246 0.23026 0.22737 0.20969
2021-05-30 20:52:17,335:INFO:[Rank-0] val time 15.7732, epoch 184, step  40, loss 1.09253792, auc@1 72.97, auc@5 92.76
2021-05-30 20:52:54,976:INFO:[Rank-0] train time 37.4338, epoch 185, step  49, loss 0.22354457, auc@1 93.40, auc@5 99.56, share 5, std_loss 0.026365161360222465, pre_std_loss 0.019260460510849953,  0.20641 0.24417 0.23456 0.20700
2021-05-30 20:53:10,866:INFO:[Rank-0] val time 15.8867, epoch 185, step  40, loss 1.09102912, auc@1 73.03, auc@5 92.82
2021-05-30 20:53:49,195:INFO:[Rank-0] train time 38.1255, epoch 186, step  49, loss 0.21652238, auc@1 93.83, auc@5 99.61, share 16, std_loss 0.018264941605074064, pre_std_loss 0.01686372607946396,  0.18719 0.23281 0.22757 0.20422
2021-05-30 20:54:05,129:INFO:[Rank-0] val time 15.9319, epoch 186, step  40, loss 1.09262870, auc@1 73.03, auc@5 92.71
2021-05-30 20:54:43,099:INFO:[Rank-0] train time 37.7163, epoch 187, step  49, loss 0.21714441, auc@1 93.78, auc@5 99.60, share 15, std_loss 0.015934613552324627, pre_std_loss 0.016975518316030502,  0.19814 0.23441 0.22929 0.20723
2021-05-30 20:54:58,946:INFO:[Rank-0] val time 15.8434, epoch 187, step  40, loss 1.09165117, auc@1 73.06, auc@5 92.72
2021-05-30 20:55:37,025:INFO:[Rank-0] train time 37.8320, epoch 188, step  49, loss 0.21852627, auc@1 93.64, auc@5 99.60, share 11, std_loss 0.02108286210924995, pre_std_loss 0.02042216621339321,  0.19733 0.23911 0.23121 0.20372
2021-05-30 20:55:53,159:INFO:[Rank-0] val time 16.1304, epoch 188, step  40, loss 1.09204676, auc@1 73.00, auc@5 92.73
2021-05-30 20:56:32,401:INFO:[Rank-0] train time 39.2040, epoch 189, step  49, loss 0.21611266, auc@1 93.66, auc@5 99.60, share 13, std_loss 0.014314396249852618, pre_std_loss 0.014820393174886703,  0.19500 0.23638 0.21791 0.21250
2021-05-30 20:56:48,390:INFO:[Rank-0] val time 15.9860, epoch 189, step  40, loss 1.09399283, auc@1 72.98, auc@5 92.75
2021-05-30 20:57:27,195:INFO:[Rank-0] train time 38.6605, epoch 190, step  49, loss 0.21683004, auc@1 93.62, auc@5 99.61, share 9, std_loss 0.019157914767916104, pre_std_loss 0.016320502385497093,  0.19713 0.23570 0.22178 0.21129
2021-05-30 20:57:45,324:INFO:[Rank-0] val time 18.1251, epoch 190, step  40, loss 1.09171497, auc@1 72.96, auc@5 92.72
2021-05-30 20:58:25,751:INFO:[Rank-0] train time 40.2304, epoch 191, step  49, loss 0.21957569, auc@1 93.65, auc@5 99.57, share 11, std_loss 0.011026647269763813, pre_std_loss 0.010568092577159405,  0.20580 0.22960 0.22540 0.21622
2021-05-30 20:58:42,303:INFO:[Rank-0] val time 16.5493, epoch 191, step  40, loss 1.09200637, auc@1 72.95, auc@5 92.75
2021-05-30 20:59:20,005:INFO:[Rank-0] train time 37.5519, epoch 192, step  49, loss 0.21701674, auc@1 93.73, auc@5 99.61, share 5, std_loss 0.01817266300928836, pre_std_loss 0.015804558992385864,  0.18992 0.23130 0.23082 0.21292
2021-05-30 20:59:37,722:INFO:[Rank-0] val time 17.7120, epoch 192, step  40, loss 1.09081186, auc@1 73.04, auc@5 92.73
2021-05-30 21:00:17,152:INFO:[Rank-0] train time 39.2175, epoch 193, step  49, loss 0.21338707, auc@1 93.88, auc@5 99.65, share 11, std_loss 0.021373669578864867, pre_std_loss 0.01901036873459816,  0.18829 0.23123 0.22273 0.20591
2021-05-30 21:00:33,873:INFO:[Rank-0] val time 16.7168, epoch 193, step  40, loss 1.09137307, auc@1 73.27, auc@5 92.75
2021-05-30 21:01:12,471:INFO:[Rank-0] train time 38.3056, epoch 194, step  49, loss 0.21444078, auc@1 93.84, auc@5 99.61, share 10, std_loss 0.015969182820800617, pre_std_loss 0.015305817127227783,  0.19636 0.23472 0.22272 0.20486
2021-05-30 21:01:30,107:INFO:[Rank-0] val time 17.6318, epoch 194, step  40, loss 1.09222288, auc@1 73.10, auc@5 92.77
2021-05-30 21:02:09,693:INFO:[Rank-0] train time 39.5839, epoch 195, step  49, loss 0.21212997, auc@1 93.86, auc@5 99.65, share 19, std_loss 0.017507243901491165, pre_std_loss 0.018900638446211815,  0.19049 0.23067 0.22656 0.20469
2021-05-30 21:02:26,985:INFO:[Rank-0] val time 17.2877, epoch 195, step  40, loss 1.09247112, auc@1 73.06, auc@5 92.78
2021-05-30 21:03:05,478:INFO:[Rank-0] train time 38.4732, epoch 196, step  49, loss 0.21648973, auc@1 93.69, auc@5 99.60, share 10, std_loss 0.022319681258225928, pre_std_loss 0.018943121656775475,  0.20681 0.23839 0.23867 0.18913
2021-05-30 21:03:22,298:INFO:[Rank-0] val time 16.8167, epoch 196, step  40, loss 1.09452974, auc@1 73.14, auc@5 92.81
2021-05-30 21:04:01,520:INFO:[Rank-0] train time 38.9488, epoch 197, step  49, loss 0.21510032, auc@1 93.65, auc@5 99.64, share 10, std_loss 0.017302752909611682, pre_std_loss 0.017850767821073532,  0.19837 0.23566 0.22390 0.20184
2021-05-30 21:04:19,737:INFO:[Rank-0] val time 18.2117, epoch 197, step  40, loss 1.09028617, auc@1 73.14, auc@5 92.71
2021-05-30 21:04:57,631:INFO:[Rank-0] train time 37.6723, epoch 198, step  49, loss 0.21460679, auc@1 93.67, auc@5 99.61, share 6, std_loss 0.022221227461586193, pre_std_loss 0.018729377537965775,  0.19735 0.23054 0.23437 0.20232
2021-05-30 21:05:14,794:INFO:[Rank-0] val time 17.1583, epoch 198, step  40, loss 1.09132156, auc@1 73.31, auc@5 92.76
2021-05-30 21:05:52,324:INFO:[Rank-0] train time 37.5286, epoch 199, step  49, loss 0.21128818, auc@1 93.88, auc@5 99.63, share 10, std_loss 0.01951790215181453, pre_std_loss 0.018607577309012413,  0.19498 0.24231 0.22323 0.20066
2021-05-30 21:06:09,928:INFO:[Rank-0] val time 17.5997, epoch 199, step  40, loss 1.09112035, auc@1 73.19, auc@5 92.79
2021-05-30 21:06:48,799:INFO:[Rank-0] train time 38.8689, epoch 200, step  49, loss 0.21201414, auc@1 93.91, auc@5 99.60, share 9, std_loss 0.014141579557742392, pre_std_loss 0.0135507732629776,  0.20088 0.22701 0.21835 0.20200
2021-05-30 21:07:06,867:INFO:[Rank-0] val time 18.0637, epoch 200, step  40, loss 1.09140886, auc@1 73.18, auc@5 92.75
2021-05-30 21:07:06,869:INFO:[Rank-0] finish, train+val 10770.39433, train 7579.55011, reduce_count 2279
