2021-05-19 17:53:50,375:INFO:[Rank-1] args : Namespace(batch=2048, current_time='20210519_174541', dataset='cifar100', epochs=10, ip='192.168.1.1:7548', k=8, loss_std_gap_rate=1, lr=1e-05, momentum=0.9, name='local(k=8)', rank=1, scheduler_step=50, train_type='local', weight_decay=0.05, world=4)
2021-05-19 17:54:26,231:INFO:[Rank-1] train time 34.3956, epoch   1, step  25, loss 4.97163820, auc@1 1.05, auc@5 5.09, share 3, std_loss 0, 
2021-05-19 17:54:40,346:INFO:[Rank-1] val time 14.1099, epoch   1, step  20, loss 4.65483039, auc@1 1.03, auc@5 4.80
2021-05-19 17:55:13,651:INFO:[Rank-1] train time 33.2967, epoch   2, step  25, loss 4.96638346, auc@1 1.07, auc@5 5.15, share 3, std_loss 0, 
2021-05-19 17:55:27,703:INFO:[Rank-1] val time 14.0496, epoch   2, step  20, loss 4.69224693, auc@1 1.20, auc@5 4.71
2021-05-19 17:56:00,866:INFO:[Rank-1] train time 33.1609, epoch   3, step  25, loss 4.94660044, auc@1 0.99, auc@5 5.17, share 3, std_loss 0, 
2021-05-19 17:56:14,745:INFO:[Rank-1] val time 13.8753, epoch   3, step  20, loss 4.71699164, auc@1 0.93, auc@5 4.86
2021-05-19 17:56:47,357:INFO:[Rank-1] train time 32.5572, epoch   4, step  25, loss 4.94563770, auc@1 1.12, auc@5 5.06, share 3, std_loss 0, 
2021-05-19 17:57:01,136:INFO:[Rank-1] val time 13.7761, epoch   4, step  20, loss 4.71107177, auc@1 1.02, auc@5 4.93
2021-05-19 17:57:33,531:INFO:[Rank-1] train time 32.3936, epoch   5, step  25, loss 4.92594433, auc@1 0.99, auc@5 4.99, share 3, std_loss 0, 
2021-05-19 17:57:47,269:INFO:[Rank-1] val time 13.7360, epoch   5, step  20, loss 4.70526290, auc@1 0.95, auc@5 4.95
2021-05-19 17:58:20,025:INFO:[Rank-1] train time 32.7545, epoch   6, step  25, loss 4.91949940, auc@1 1.08, auc@5 5.10, share 3, std_loss 0, 
2021-05-19 17:58:33,956:INFO:[Rank-1] val time 13.9252, epoch   6, step  20, loss 4.70178960, auc@1 0.97, auc@5 4.74
2021-05-19 17:59:06,868:INFO:[Rank-1] train time 32.9099, epoch   7, step  25, loss 4.91256952, auc@1 0.98, auc@5 5.13, share 3, std_loss 0, 
2021-05-19 17:59:20,787:INFO:[Rank-1] val time 13.9146, epoch   7, step  20, loss 4.69759685, auc@1 1.09, auc@5 4.99
2021-05-19 17:59:53,622:INFO:[Rank-1] train time 32.7738, epoch   8, step  25, loss 4.90211582, auc@1 1.04, auc@5 5.14, share 3, std_loss 0, 
2021-05-19 18:00:07,588:INFO:[Rank-1] val time 13.9635, epoch   8, step  20, loss 4.69162886, auc@1 1.12, auc@5 5.05
2021-05-19 18:00:40,569:INFO:[Rank-1] train time 32.9795, epoch   9, step  25, loss 4.89181328, auc@1 1.04, auc@5 5.05, share 3, std_loss 0, 
2021-05-19 18:00:54,422:INFO:[Rank-1] val time 13.8476, epoch   9, step  20, loss 4.68662188, auc@1 1.13, auc@5 5.08
2021-05-19 18:01:27,155:INFO:[Rank-1] train time 32.7317, epoch  10, step  25, loss 4.88710451, auc@1 1.04, auc@5 5.24, share 3, std_loss 0, 
2021-05-19 18:01:41,345:INFO:[Rank-1] val time 14.1852, epoch  10, step  20, loss 4.68338810, auc@1 1.17, auc@5 5.10
2021-05-19 18:01:41,346:INFO:[Rank-1] finish, train+val 469.51098, train 330.11197, reduce_count  30
