2021-05-19 17:53:50,358:INFO:[Rank-0] args : Namespace(batch=2048, current_time='20210519_174541', dataset='cifar100', epochs=10, ip='192.168.1.1:7548', k=8, loss_std_gap_rate=1, lr=1e-05, momentum=0.9, name='local(k=8)', rank=0, scheduler_step=50, train_type='local', weight_decay=0.05, world=4)
2021-05-19 17:54:26,231:INFO:[Rank-0] train time 34.2656, epoch   1, step  25, loss 4.97163820, auc@1 1.05, auc@5 5.09, share 3, std_loss 0, 
2021-05-19 17:54:39,856:INFO:[Rank-0] val time 13.6226, epoch   1, step  20, loss 4.65214914, auc@1 1.00, auc@5 4.84
2021-05-19 17:55:13,651:INFO:[Rank-0] train time 33.7667, epoch   2, step  25, loss 4.96638346, auc@1 1.07, auc@5 5.15, share 3, std_loss 0, 
2021-05-19 17:55:27,081:INFO:[Rank-0] val time 13.4274, epoch   2, step  20, loss 4.67408104, auc@1 1.04, auc@5 5.26
2021-05-19 17:56:00,866:INFO:[Rank-0] train time 33.5581, epoch   3, step  25, loss 4.94660044, auc@1 0.99, auc@5 5.17, share 3, std_loss 0, 
2021-05-19 17:56:14,299:INFO:[Rank-0] val time 13.4305, epoch   3, step  20, loss 4.69587785, auc@1 1.05, auc@5 5.08
2021-05-19 17:56:47,357:INFO:[Rank-0] train time 33.0526, epoch   4, step  25, loss 4.94563770, auc@1 1.12, auc@5 5.06, share 3, std_loss 0, 
2021-05-19 17:57:00,862:INFO:[Rank-0] val time 13.4996, epoch   4, step  20, loss 4.69243613, auc@1 1.13, auc@5 5.46
2021-05-19 17:57:33,531:INFO:[Rank-0] train time 32.6553, epoch   5, step  25, loss 4.92594433, auc@1 0.99, auc@5 4.99, share 3, std_loss 0, 
2021-05-19 17:57:46,963:INFO:[Rank-0] val time 13.4297, epoch   5, step  20, loss 4.68671166, auc@1 1.10, auc@5 5.66
2021-05-19 17:58:20,024:INFO:[Rank-0] train time 32.9963, epoch   6, step  25, loss 4.91949940, auc@1 1.08, auc@5 5.10, share 3, std_loss 0, 
2021-05-19 17:58:33,607:INFO:[Rank-0] val time 13.5801, epoch   6, step  20, loss 4.68277905, auc@1 1.16, auc@5 5.72
2021-05-19 17:59:06,867:INFO:[Rank-0] train time 33.2457, epoch   7, step  25, loss 4.91256952, auc@1 0.98, auc@5 5.13, share 3, std_loss 0, 
2021-05-19 17:59:20,529:INFO:[Rank-0] val time 13.6582, epoch   7, step  20, loss 4.67516956, auc@1 1.25, auc@5 6.05
2021-05-19 17:59:53,622:INFO:[Rank-0] train time 33.0920, epoch   8, step  25, loss 4.90211582, auc@1 1.04, auc@5 5.14, share 3, std_loss 0, 
2021-05-19 18:00:07,339:INFO:[Rank-0] val time 13.7118, epoch   8, step  20, loss 4.67217141, auc@1 1.42, auc@5 6.02
2021-05-19 18:00:40,568:INFO:[Rank-0] train time 33.1433, epoch   9, step  25, loss 4.89181328, auc@1 1.04, auc@5 5.05, share 3, std_loss 0, 
2021-05-19 18:00:54,143:INFO:[Rank-0] val time 13.5723, epoch   9, step  20, loss 4.66223924, auc@1 1.38, auc@5 6.14
2021-05-19 18:01:27,155:INFO:[Rank-0] train time 32.7902, epoch  10, step  25, loss 4.88710451, auc@1 1.04, auc@5 5.24, share 3, std_loss 0, 
2021-05-19 18:01:40,523:INFO:[Rank-0] val time 13.3662, epoch  10, step  20, loss 4.66010986, auc@1 1.56, auc@5 5.97
2021-05-19 18:01:40,524:INFO:[Rank-0] finish, train+val 468.62620, train 333.31238, reduce_count  30
