2021-05-21 11:19:36,185:INFO:[Rank-0] args : Namespace(batch=1024, current_time='20210521_110043', dataset='cifar100', epochs=20, ip='192.168.1.2:7548', k=8, lr=0.01, momentum=0.9, name='async2(k=8)', rank=0, scheduler_step=40, train_type='async2', weight_decay=0.005, world=3)
2021-05-21 11:20:18,439:INFO:[Rank-0] train time 40.7932, epoch   1, step  49, loss 4.70613527, auc@1 2.13, auc@5 9.17, share 7, std_loss 0, 
2021-05-21 11:20:34,141:INFO:[Rank-0] val time 15.6952, epoch   1, step  30, loss 4.50547394, auc@1 4.50, auc@5 18.17
2021-05-21 11:21:14,254:INFO:[Rank-0] train time 40.1116, epoch   2, step  49, loss 4.31757593, auc@1 5.13, auc@5 18.95, share 7, std_loss 0, 
2021-05-21 11:21:29,658:INFO:[Rank-0] val time 15.3966, epoch   2, step  30, loss 4.14120144, auc@1 7.57, auc@5 25.29
2021-05-21 11:22:09,913:INFO:[Rank-0] train time 40.2530, epoch   3, step  49, loss 4.05655622, auc@1 7.64, auc@5 25.94, share 7, std_loss 0, 
2021-05-21 11:22:25,285:INFO:[Rank-0] val time 15.3634, epoch   3, step  30, loss 3.99035285, auc@1 7.71, auc@5 29.22
2021-05-21 11:23:05,568:INFO:[Rank-0] train time 40.2814, epoch   4, step  49, loss 3.87611508, auc@1 9.80, auc@5 31.15, share 7, std_loss 0, 
2021-05-21 11:23:21,232:INFO:[Rank-0] val time 15.6573, epoch   4, step  30, loss 3.71989786, auc@1 12.00, auc@5 34.92
2021-05-21 11:24:01,277:INFO:[Rank-0] train time 40.0435, epoch   5, step  49, loss 3.75172949, auc@1 11.65, auc@5 34.70, share 7, std_loss 0, 
2021-05-21 11:24:16,732:INFO:[Rank-0] val time 15.4475, epoch   5, step  30, loss 3.67970377, auc@1 13.29, auc@5 37.46
2021-05-21 11:24:56,952:INFO:[Rank-0] train time 40.2182, epoch   6, step  49, loss 3.63041639, auc@1 13.57, auc@5 38.32, share 7, std_loss 0, 
2021-05-21 11:25:12,410:INFO:[Rank-0] val time 15.4502, epoch   6, step  30, loss 3.56888878, auc@1 14.92, auc@5 41.00
2021-05-21 11:25:52,443:INFO:[Rank-0] train time 40.0312, epoch   7, step  49, loss 3.52493310, auc@1 15.25, auc@5 41.48, share 7, std_loss 0, 
2021-05-21 11:26:07,925:INFO:[Rank-0] val time 15.4770, epoch   7, step  30, loss 3.45773020, auc@1 17.29, auc@5 43.19
2021-05-21 11:26:48,281:INFO:[Rank-0] train time 40.3543, epoch   8, step  49, loss 3.41484356, auc@1 17.29, auc@5 44.83, share 7, std_loss 0, 
2021-05-21 11:27:03,834:INFO:[Rank-0] val time 15.5455, epoch   8, step  30, loss 3.34045048, auc@1 19.46, auc@5 46.78
2021-05-21 11:27:44,075:INFO:[Rank-0] train time 40.2378, epoch   9, step  49, loss 3.29427934, auc@1 19.26, auc@5 47.95, share 7, std_loss 0, 
2021-05-21 11:27:59,618:INFO:[Rank-0] val time 15.5378, epoch   9, step  30, loss 3.21936848, auc@1 20.27, auc@5 49.41
2021-05-21 11:28:40,029:INFO:[Rank-0] train time 40.4094, epoch  10, step  49, loss 3.21307373, auc@1 20.75, auc@5 50.11, share 7, std_loss 0, 
2021-05-21 11:28:55,504:INFO:[Rank-0] val time 15.4717, epoch  10, step  30, loss 3.20540252, auc@1 21.55, auc@5 50.37
2021-05-21 11:29:35,616:INFO:[Rank-0] train time 40.1097, epoch  11, step  49, loss 3.11026192, auc@1 22.51, auc@5 52.97, share 7, std_loss 0, 
2021-05-21 11:29:50,966:INFO:[Rank-0] val time 15.3471, epoch  11, step  30, loss 3.17413780, auc@1 21.79, auc@5 51.71
2021-05-21 11:30:31,147:INFO:[Rank-0] train time 40.1771, epoch  12, step  49, loss 3.00722337, auc@1 24.33, auc@5 55.57, share 7, std_loss 0, 
2021-05-21 11:30:46,542:INFO:[Rank-0] val time 15.3908, epoch  12, step  30, loss 3.13302711, auc@1 23.08, auc@5 51.85
2021-05-21 11:31:26,600:INFO:[Rank-0] train time 40.0573, epoch  13, step  49, loss 2.93272519, auc@1 25.79, auc@5 57.84, share 7, std_loss 0, 
2021-05-21 11:31:42,264:INFO:[Rank-0] val time 15.6589, epoch  13, step  30, loss 2.97922210, auc@1 25.47, auc@5 56.60
2021-05-21 11:32:22,368:INFO:[Rank-0] train time 40.0979, epoch  14, step  49, loss 2.80951810, auc@1 27.97, auc@5 60.49, share 7, std_loss 0, 
2021-05-21 11:32:37,692:INFO:[Rank-0] val time 15.3176, epoch  14, step  30, loss 3.01671898, auc@1 25.20, auc@5 55.89
2021-05-21 11:33:17,921:INFO:[Rank-0] train time 40.2259, epoch  15, step  49, loss 2.73176932, auc@1 29.56, auc@5 62.43, share 7, std_loss 0, 
2021-05-21 11:33:33,493:INFO:[Rank-0] val time 15.5657, epoch  15, step  30, loss 3.13096594, auc@1 24.38, auc@5 53.29
2021-05-21 11:34:13,600:INFO:[Rank-0] train time 40.1055, epoch  16, step  49, loss 2.63642430, auc@1 31.56, auc@5 64.60, share 7, std_loss 0, 
2021-05-21 11:34:29,064:INFO:[Rank-0] val time 15.4602, epoch  16, step  30, loss 2.81389576, auc@1 28.18, auc@5 60.61
2021-05-21 11:35:09,060:INFO:[Rank-0] train time 39.9945, epoch  17, step  49, loss 2.54964852, auc@1 33.29, auc@5 66.59, share 7, std_loss 0, 
2021-05-21 11:35:24,525:INFO:[Rank-0] val time 15.4608, epoch  17, step  30, loss 2.71557252, auc@1 29.51, auc@5 62.42
2021-05-21 11:36:04,836:INFO:[Rank-0] train time 40.3102, epoch  18, step  49, loss 2.47793603, auc@1 34.73, auc@5 68.05, share 7, std_loss 0, 
2021-05-21 11:36:20,170:INFO:[Rank-0] val time 15.3300, epoch  18, step  30, loss 2.80535250, auc@1 29.20, auc@5 61.41
2021-05-21 11:37:00,868:INFO:[Rank-0] train time 40.6962, epoch  19, step  49, loss 2.39595175, auc@1 36.53, auc@5 69.99, share 7, std_loss 0, 
2021-05-21 11:37:16,355:INFO:[Rank-0] val time 15.4789, epoch  19, step  30, loss 2.62466790, auc@1 31.91, auc@5 64.50
2021-05-21 11:37:56,756:INFO:[Rank-0] train time 40.3979, epoch  20, step  49, loss 2.32020259, auc@1 38.28, auc@5 71.65, share 7, std_loss 0, 
2021-05-21 11:38:12,367:INFO:[Rank-0] val time 15.6066, epoch  20, step  30, loss 2.62543853, auc@1 33.39, auc@5 65.88
2021-05-21 11:38:12,369:INFO:[Rank-0] finish, train+val 1114.72316, train 805.01945, reduce_count 140
