2021-05-28 01:41:22,245:INFO:[Rank-3] args : Namespace(batch=1024, current_time='20210527_224332', dataset='cifar100', epochs=200, ip='192.168.1.1:7548', k=16, loss_std_gap_rate=1.0, lr=0.01, momentum=0.9, name='loss', rank=3, scheduler_step=80, train_type='loss', weight_decay=0.005, world=4)
2021-05-28 01:42:01,660:INFO:[Rank-3] train time 37.8386, epoch   1, step  49, loss 4.76267195, auc@1 2.00, auc@5 8.23, share 10, std_loss 0.029629291073248094, pre_std_loss 0.02213570475578308,  4.80434 4.86892 4.81563 4.88720
2021-05-28 01:42:17,410:INFO:[Rank-3] val time 15.7439, epoch   1, step  40, loss 5.27298470, auc@1 3.30, auc@5 13.15
2021-05-28 01:42:54,254:INFO:[Rank-3] train time 36.5930, epoch   2, step  49, loss 4.41903496, auc@1 4.31, auc@5 16.84, share 5, std_loss 0.05800702278407253, pre_std_loss 0.04794009029865265,  4.52581 4.39678 4.48228 4.43507
2021-05-28 01:43:10,002:INFO:[Rank-3] val time 15.7439, epoch   2, step  40, loss 4.21058186, auc@1 6.13, auc@5 22.61
2021-05-28 01:43:47,496:INFO:[Rank-3] train time 37.2770, epoch   3, step  49, loss 4.15461731, auc@1 6.68, auc@5 23.07, share 9, std_loss 0.06685075574383444, pre_std_loss 0.05354192852973938,  4.22834 4.11582 4.20523 4.11817
2021-05-28 01:44:03,091:INFO:[Rank-3] val time 15.5916, epoch   3, step  40, loss 4.01164975, auc@1 7.86, auc@5 26.67
2021-05-28 01:44:40,484:INFO:[Rank-3] train time 37.0933, epoch   4, step  49, loss 3.99136257, auc@1 8.36, auc@5 27.83, share 10, std_loss 0.031137996068110272, pre_std_loss 0.021526124328374863,  4.01683 3.97100 4.01526 3.99406
2021-05-28 01:44:56,108:INFO:[Rank-3] val time 15.6212, epoch   4, step  40, loss 3.83783508, auc@1 10.13, auc@5 31.96
2021-05-28 01:45:34,442:INFO:[Rank-3] train time 38.0906, epoch   5, step  49, loss 3.86227131, auc@1 10.04, auc@5 31.48, share 14, std_loss 0.032834858842650236, pre_std_loss 0.03238290920853615,  3.90470 3.83828 3.83822 3.87197
2021-05-28 01:45:50,289:INFO:[Rank-3] val time 15.8453, epoch   5, step  40, loss 3.79404021, auc@1 10.94, auc@5 32.98
2021-05-28 01:46:27,190:INFO:[Rank-3] train time 36.6740, epoch   6, step  49, loss 3.78460503, auc@1 11.29, auc@5 34.04, share 7, std_loss 0.03108589419600915, pre_std_loss 0.02351757325232029,  3.80615 3.76150 3.77444 3.80907
2021-05-28 01:46:43,074:INFO:[Rank-3] val time 15.8812, epoch   6, step  40, loss 3.90095698, auc@1 11.91, auc@5 35.76
2021-05-28 01:47:20,255:INFO:[Rank-3] train time 37.0165, epoch   7, step  49, loss 3.69421959, auc@1 12.59, auc@5 36.72, share 10, std_loss 0.024777576270304164, pre_std_loss 0.01796869933605194,  3.72082 3.68399 3.69150 3.68696
2021-05-28 01:47:35,845:INFO:[Rank-3] val time 15.5871, epoch   7, step  40, loss 3.57119009, auc@1 14.97, auc@5 40.02
2021-05-28 01:48:14,130:INFO:[Rank-3] train time 38.1459, epoch   8, step  49, loss 3.60128522, auc@1 14.16, auc@5 39.35, share 14, std_loss 0.03619248876158072, pre_std_loss 0.03710905462503433,  3.65752 3.56606 3.60417 3.62595
2021-05-28 01:48:29,768:INFO:[Rank-3] val time 15.6352, epoch   8, step  40, loss 3.47745981, auc@1 16.50, auc@5 43.35
2021-05-28 01:49:07,388:INFO:[Rank-3] train time 37.5351, epoch   9, step  49, loss 3.51659560, auc@1 15.54, auc@5 41.85, share 6, std_loss 0.04576259524542458, pre_std_loss 0.03997831419110298,  3.57104 3.47076 3.51351 3.53471
2021-05-28 01:49:23,451:INFO:[Rank-3] val time 16.0598, epoch   9, step  40, loss 3.41422879, auc@1 18.05, auc@5 45.52
2021-05-28 01:50:00,987:INFO:[Rank-3] train time 37.2797, epoch  10, step  49, loss 3.42479348, auc@1 17.19, auc@5 44.48, share 9, std_loss 0.03482427140127639, pre_std_loss 0.026770975440740585,  3.45616 3.39099 3.42386 3.42959
2021-05-28 01:50:16,723:INFO:[Rank-3] val time 15.7316, epoch  10, step  40, loss 3.29475403, auc@1 19.48, auc@5 48.02
2021-05-28 01:50:54,514:INFO:[Rank-3] train time 37.7135, epoch  11, step  49, loss 3.35460162, auc@1 18.28, auc@5 46.46, share 10, std_loss 0.03244044567097207, pre_std_loss 0.02867242880165577,  3.39928 3.32923 3.34335 3.37573
2021-05-28 01:51:10,119:INFO:[Rank-3] val time 15.6028, epoch  11, step  40, loss 3.23176953, auc@1 21.53, auc@5 49.66
2021-05-28 01:51:47,350:INFO:[Rank-3] train time 36.9283, epoch  12, step  49, loss 3.26585364, auc@1 19.88, auc@5 48.86, share 8, std_loss 0.04605240602882541, pre_std_loss 0.036137793213129044,  3.31970 3.22367 3.26242 3.24145
2021-05-28 01:52:02,942:INFO:[Rank-3] val time 15.5886, epoch  12, step  40, loss 3.16082821, auc@1 22.49, auc@5 51.85
2021-05-28 01:52:40,340:INFO:[Rank-3] train time 37.2200, epoch  13, step  49, loss 3.20412874, auc@1 21.29, auc@5 50.43, share 7, std_loss 0.042253684442566365, pre_std_loss 0.02718583308160305,  3.23471 3.17066 3.21599 3.20065
2021-05-28 01:52:56,286:INFO:[Rank-3] val time 15.9435, epoch  13, step  40, loss 3.26374039, auc@1 20.88, auc@5 49.15
2021-05-28 01:53:33,932:INFO:[Rank-3] train time 37.3145, epoch  14, step  49, loss 3.15260506, auc@1 21.57, auc@5 51.74, share 10, std_loss 0.023772392802092493, pre_std_loss 0.01705044135451317,  3.16792 3.13063 3.16914 3.13493
2021-05-28 01:53:49,762:INFO:[Rank-3] val time 15.8272, epoch  14, step  40, loss 3.14380198, auc@1 22.17, auc@5 52.36
2021-05-28 01:54:27,830:INFO:[Rank-3] train time 37.8510, epoch  15, step  49, loss 3.06164742, auc@1 23.91, auc@5 53.99, share 10, std_loss 0.029454621163253883, pre_std_loss 0.023290317505598068,  3.07117 3.04252 3.09197 3.04562
2021-05-28 01:54:43,618:INFO:[Rank-3] val time 15.7853, epoch  15, step  40, loss 3.14222679, auc@1 24.91, auc@5 55.22
2021-05-28 01:55:21,097:INFO:[Rank-3] train time 37.3350, epoch  16, step  49, loss 2.99566054, auc@1 24.82, auc@5 55.81, share 8, std_loss 0.059073297344908425, pre_std_loss 0.04217766970396042,  3.03740 2.96122 3.02229 2.95427
2021-05-28 01:55:37,005:INFO:[Rank-3] val time 15.9056, epoch  16, step  40, loss 2.91134854, auc@1 26.03, auc@5 58.04
2021-05-28 01:56:14,173:INFO:[Rank-3] train time 37.0434, epoch  17, step  49, loss 2.91426778, auc@1 26.43, auc@5 57.98, share 4, std_loss 0.0630196591801181, pre_std_loss 0.03055068477988243,  2.95498 2.89296 2.92725 2.89101
2021-05-28 01:56:29,778:INFO:[Rank-3] val time 15.6023, epoch  17, step  40, loss 2.93296653, auc@1 27.10, auc@5 59.56
2021-05-28 01:57:07,199:INFO:[Rank-3] train time 37.1458, epoch  18, step  49, loss 2.86979318, auc@1 27.28, auc@5 59.28, share 8, std_loss 0.04145011469265636, pre_std_loss 0.03458895534276962,  2.92362 2.86977 2.84259 2.85799
2021-05-28 01:57:22,696:INFO:[Rank-3] val time 15.4936, epoch  18, step  40, loss 2.81976985, auc@1 29.30, auc@5 61.13
2021-05-28 01:58:00,388:INFO:[Rank-3] train time 37.4227, epoch  19, step  49, loss 2.80870676, auc@1 28.36, auc@5 60.55, share 10, std_loss 0.03585061134428394, pre_std_loss 0.02088940143585205,  2.83311 2.78996 2.82002 2.79488
2021-05-28 01:58:16,097:INFO:[Rank-3] val time 15.7060, epoch  19, step  40, loss 2.89073182, auc@1 28.95, auc@5 60.31
2021-05-28 01:58:53,819:INFO:[Rank-3] train time 37.4953, epoch  20, step  49, loss 2.74394250, auc@1 29.74, auc@5 62.07, share 12, std_loss 0.04342805107637328, pre_std_loss 0.044416703283786774,  2.79976 2.72015 2.74850 2.70111
2021-05-28 01:59:09,643:INFO:[Rank-3] val time 15.8205, epoch  20, step  40, loss 2.80544597, auc@1 29.10, auc@5 61.23
2021-05-28 01:59:46,662:INFO:[Rank-3] train time 36.7721, epoch  21, step  49, loss 2.68342781, auc@1 30.70, auc@5 63.60, share 7, std_loss 0.047505803330212225, pre_std_loss 0.026388540863990784,  2.77268 2.68187 2.71690 2.60452
2021-05-28 02:00:02,369:INFO:[Rank-3] val time 15.7043, epoch  21, step  40, loss 2.72863272, auc@1 31.33, auc@5 62.30
2021-05-28 02:00:40,600:INFO:[Rank-3] train time 37.8892, epoch  22, step  49, loss 2.62828970, auc@1 31.87, auc@5 64.73, share 10, std_loss 0.03018709363377824, pre_std_loss 0.023396721109747887,  2.66042 2.60656 2.64460 2.62229
2021-05-28 02:00:56,457:INFO:[Rank-3] val time 15.8539, epoch  22, step  40, loss 2.72908540, auc@1 31.60, auc@5 63.54
2021-05-28 02:01:34,866:INFO:[Rank-3] train time 38.1482, epoch  23, step  49, loss 2.56686425, auc@1 32.99, auc@5 65.83, share 15, std_loss 0.03622554282524756, pre_std_loss 0.04099287465214729,  2.62125 2.55225 2.61440 2.52767
2021-05-28 02:01:50,525:INFO:[Rank-3] val time 15.6563, epoch  23, step  40, loss 2.48266915, auc@1 36.24, auc@5 68.05
2021-05-28 02:02:28,518:INFO:[Rank-3] train time 37.7369, epoch  24, step  49, loss 2.51030803, auc@1 34.30, auc@5 67.22, share 12, std_loss 0.03320834506303072, pre_std_loss 0.03751826658844948,  2.53168 2.52249 2.53748 2.45654
2021-05-28 02:02:44,228:INFO:[Rank-3] val time 15.7075, epoch  24, step  40, loss 2.61186037, auc@1 33.24, auc@5 67.16
2021-05-28 02:03:21,765:INFO:[Rank-3] train time 37.3220, epoch  25, step  49, loss 2.45048070, auc@1 35.49, auc@5 68.73, share 12, std_loss 0.02721072266790636, pre_std_loss 0.031624455004930496,  2.49691 2.42896 2.46956 2.42509
2021-05-28 02:03:37,444:INFO:[Rank-3] val time 15.6755, epoch  25, step  40, loss 2.87366972, auc@1 30.53, auc@5 61.85
2021-05-28 02:04:14,967:INFO:[Rank-3] train time 37.3074, epoch  26, step  49, loss 2.40694666, auc@1 36.47, auc@5 69.71, share 8, std_loss 0.03832623799692611, pre_std_loss 0.028069861233234406,  2.40642 2.38246 2.49062 2.44587
2021-05-28 02:04:30,692:INFO:[Rank-3] val time 15.7230, epoch  26, step  40, loss 2.60297724, auc@1 35.47, auc@5 67.47
2021-05-28 02:05:07,919:INFO:[Rank-3] train time 36.9300, epoch  27, step  49, loss 2.36982846, auc@1 37.19, auc@5 70.46, share 10, std_loss 0.02296592305623451, pre_std_loss 0.01325829979032278,  2.38290 2.36200 2.37661 2.35393
2021-05-28 02:05:23,629:INFO:[Rank-3] val time 15.7072, epoch  27, step  40, loss 2.51477289, auc@1 35.26, auc@5 67.94
2021-05-28 02:06:00,841:INFO:[Rank-3] train time 36.9333, epoch  28, step  49, loss 2.30686116, auc@1 38.41, auc@5 71.74, share 8, std_loss 0.03242646689925875, pre_std_loss 0.025722287595272064,  2.33036 2.27441 2.31821 2.28931
2021-05-28 02:06:16,533:INFO:[Rank-3] val time 15.6896, epoch  28, step  40, loss 2.43796520, auc@1 37.91, auc@5 69.42
2021-05-28 02:06:54,047:INFO:[Rank-3] train time 37.3768, epoch  29, step  49, loss 2.27770400, auc@1 38.93, auc@5 72.44, share 9, std_loss 0.05334650246160371, pre_std_loss 0.04084719717502594,  2.33706 2.25836 2.27213 2.24487
2021-05-28 02:07:09,750:INFO:[Rank-3] val time 15.6996, epoch  29, step  40, loss 2.28376962, auc@1 40.01, auc@5 72.83
2021-05-28 02:07:46,706:INFO:[Rank-3] train time 36.7954, epoch  30, step  49, loss 2.21603060, auc@1 40.59, auc@5 73.83, share 10, std_loss 0.03237985063116161, pre_std_loss 0.025939233601093292,  2.23994 2.23023 2.20659 2.18192
2021-05-28 02:08:02,505:INFO:[Rank-3] val time 15.7950, epoch  30, step  40, loss 2.30847743, auc@1 39.08, auc@5 72.15
2021-05-28 02:08:40,537:INFO:[Rank-3] train time 37.8104, epoch  31, step  49, loss 2.19614553, auc@1 40.97, auc@5 74.19, share 12, std_loss 0.03173101146002205, pre_std_loss 0.03051365166902542,  2.20450 2.19728 2.22436 2.15215
2021-05-28 02:08:56,279:INFO:[Rank-3] val time 15.7392, epoch  31, step  40, loss 2.58611292, auc@1 34.33, auc@5 67.70
2021-05-28 02:09:33,676:INFO:[Rank-3] train time 37.2834, epoch  32, step  49, loss 2.14433551, auc@1 41.98, auc@5 75.37, share 8, std_loss 0.024513868272912746, pre_std_loss 0.015085418708622456,  2.15103 2.14848 2.12494 2.16251
2021-05-28 02:09:49,210:INFO:[Rank-3] val time 15.5315, epoch  32, step  40, loss 2.27740359, auc@1 40.28, auc@5 73.82
2021-05-28 02:10:26,644:INFO:[Rank-3] train time 37.2540, epoch  33, step  49, loss 2.12729025, auc@1 42.43, auc@5 75.46, share 11, std_loss 0.0426454882384563, pre_std_loss 0.040116410702466965,  2.12612 2.10968 2.18433 2.09173
2021-05-28 02:10:42,288:INFO:[Rank-3] val time 15.6406, epoch  33, step  40, loss 2.37056550, auc@1 38.93, auc@5 71.73
2021-05-28 02:11:19,913:INFO:[Rank-3] train time 37.4578, epoch  34, step  49, loss 2.05903459, auc@1 43.93, auc@5 76.85, share 8, std_loss 0.045217787922949206, pre_std_loss 0.03438418358564377,  2.03798 2.06141 2.10749 2.03162
2021-05-28 02:11:35,587:INFO:[Rank-3] val time 15.6702, epoch  34, step  40, loss 2.20443862, auc@1 41.40, auc@5 74.64
2021-05-28 02:12:12,988:INFO:[Rank-3] train time 37.1737, epoch  35, step  49, loss 2.03052926, auc@1 44.67, auc@5 77.37, share 9, std_loss 0.0376339492825221, pre_std_loss 0.03810717910528183,  2.06441 1.99682 2.06597 2.00176
2021-05-28 02:12:28,653:INFO:[Rank-3] val time 15.6614, epoch  35, step  40, loss 2.15387259, auc@1 43.74, auc@5 74.91
2021-05-28 02:13:06,521:INFO:[Rank-3] train time 37.7319, epoch  36, step  49, loss 2.01040959, auc@1 45.37, auc@5 77.54, share 12, std_loss 0.029482611436016704, pre_std_loss 0.029676442965865135,  2.04893 1.99929 1.97904 2.01770
2021-05-28 02:13:22,383:INFO:[Rank-3] val time 15.8523, epoch  36, step  40, loss 2.08350290, auc@1 44.68, auc@5 76.21
2021-05-28 02:13:59,810:INFO:[Rank-3] train time 37.2541, epoch  37, step  49, loss 1.95942807, auc@1 46.27, auc@5 78.69, share 14, std_loss 0.037297562334914595, pre_std_loss 0.03748804330825806,  1.98149 1.91229 1.99754 1.95157
2021-05-28 02:14:15,544:INFO:[Rank-3] val time 15.7307, epoch  37, step  40, loss 2.03605332, auc@1 45.03, auc@5 77.53
2021-05-28 02:14:52,845:INFO:[Rank-3] train time 37.0860, epoch  38, step  49, loss 1.91346717, auc@1 47.74, auc@5 79.43, share 8, std_loss 0.0442987537885807, pre_std_loss 0.03334498032927513,  1.95456 1.92477 1.95136 1.84320
2021-05-28 02:15:08,625:INFO:[Rank-3] val time 15.7778, epoch  38, step  40, loss 2.02680066, auc@1 46.03, auc@5 77.57
2021-05-28 02:15:45,722:INFO:[Rank-3] train time 36.9021, epoch  39, step  49, loss 1.88517463, auc@1 47.67, auc@5 80.12, share 7, std_loss 0.025697839142260502, pre_std_loss 0.015459749847650528,  1.90839 1.87648 1.87485 1.88510
2021-05-28 02:16:01,321:INFO:[Rank-3] val time 15.5962, epoch  39, step  40, loss 2.11251956, auc@1 44.82, auc@5 75.64
2021-05-28 02:16:38,957:INFO:[Rank-3] train time 37.5110, epoch  40, step  49, loss 1.86202657, auc@1 48.33, auc@5 80.71, share 11, std_loss 0.03800945314673745, pre_std_loss 0.02934916689991951,  1.86173 1.82666 1.89851 1.86064
2021-05-28 02:16:54,651:INFO:[Rank-3] val time 15.6906, epoch  40, step  40, loss 1.96231996, auc@1 47.73, auc@5 79.14
2021-05-28 02:17:32,177:INFO:[Rank-3] train time 37.2788, epoch  41, step  49, loss 1.82972467, auc@1 49.13, auc@5 81.15, share 12, std_loss 0.04112692279931234, pre_std_loss 0.03301071748137474,  1.86446 1.80466 1.85045 1.80215
2021-05-28 02:17:47,952:INFO:[Rank-3] val time 15.7717, epoch  41, step  40, loss 1.98064897, auc@1 46.60, auc@5 78.24
2021-05-28 02:18:25,204:INFO:[Rank-3] train time 36.9669, epoch  42, step  49, loss 1.77568269, auc@1 50.70, auc@5 81.95, share 5, std_loss 0.03540521761288448, pre_std_loss 0.020692143589258194,  1.79879 1.79599 1.78808 1.72259
2021-05-28 02:18:40,838:INFO:[Rank-3] val time 15.6310, epoch  42, step  40, loss 2.18608363, auc@1 44.87, auc@5 76.92
2021-05-28 02:19:18,892:INFO:[Rank-3] train time 37.8502, epoch  43, step  49, loss 1.77076089, auc@1 50.65, auc@5 82.12, share 9, std_loss 0.024106395611425444, pre_std_loss 0.017803002148866653,  1.77182 1.74612 1.78876 1.76269
2021-05-28 02:19:34,739:INFO:[Rank-3] val time 15.8441, epoch  43, step  40, loss 2.23474891, auc@1 43.05, auc@5 74.93
2021-05-28 02:20:11,677:INFO:[Rank-3] train time 36.6895, epoch  44, step  49, loss 1.74613857, auc@1 51.38, auc@5 82.77, share 6, std_loss 0.04194268017855226, pre_std_loss 0.029995383694767952,  1.77423 1.70539 1.76595 1.75050
2021-05-28 02:20:27,357:INFO:[Rank-3] val time 15.6760, epoch  44, step  40, loss 1.93261790, auc@1 48.09, auc@5 79.24
2021-05-28 02:21:05,178:INFO:[Rank-3] train time 37.6711, epoch  45, step  49, loss 1.71730340, auc@1 52.31, auc@5 83.01, share 9, std_loss 0.022908927369102532, pre_std_loss 0.016359427943825722,  1.74374 1.67338 1.69373 1.72204
2021-05-28 02:21:20,887:INFO:[Rank-3] val time 15.7067, epoch  45, step  40, loss 1.95253704, auc@1 48.02, auc@5 79.34
2021-05-28 02:21:58,564:INFO:[Rank-3] train time 37.4031, epoch  46, step  49, loss 1.67824244, auc@1 52.94, auc@5 83.77, share 11, std_loss 0.025817227074686363, pre_std_loss 0.028870463371276855,  1.71945 1.66063 1.67124 1.66823
2021-05-28 02:22:14,396:INFO:[Rank-3] val time 15.8298, epoch  46, step  40, loss 1.92589366, auc@1 48.78, auc@5 79.50
2021-05-28 02:22:51,630:INFO:[Rank-3] train time 36.9642, epoch  47, step  49, loss 1.65995455, auc@1 53.28, auc@5 83.98, share 9, std_loss 0.03714933805167675, pre_std_loss 0.033065199851989746,  1.68213 1.62165 1.64844 1.68971
2021-05-28 02:23:07,292:INFO:[Rank-3] val time 15.6593, epoch  47, step  40, loss 1.93841887, auc@1 49.38, auc@5 80.12
2021-05-28 02:23:44,589:INFO:[Rank-3] train time 37.0849, epoch  48, step  49, loss 1.63100076, auc@1 53.99, auc@5 84.56, share 7, std_loss 0.021853082262131632, pre_std_loss 0.01467395480722189,  1.61375 1.64755 1.62219 1.63383
2021-05-28 02:24:00,325:INFO:[Rank-3] val time 15.7326, epoch  48, step  40, loss 1.90838626, auc@1 49.41, auc@5 80.16
2021-05-28 02:24:36,900:INFO:[Rank-3] train time 36.2951, epoch  49, step  49, loss 1.59956563, auc@1 54.79, auc@5 85.05, share 4, std_loss 0.04084650130600345, pre_std_loss 0.028318459168076515,  1.64519 1.62283 1.55327 1.58937
2021-05-28 02:24:52,576:INFO:[Rank-3] val time 15.6727, epoch  49, step  40, loss 1.84441937, auc@1 51.67, auc@5 81.35
2021-05-28 02:25:29,598:INFO:[Rank-3] train time 36.7216, epoch  50, step  49, loss 1.57788146, auc@1 55.61, auc@5 85.40, share 6, std_loss 0.028627533826748937, pre_std_loss 0.016237998381257057,  1.58891 1.55960 1.59549 1.56242
2021-05-28 02:25:45,237:INFO:[Rank-3] val time 15.6365, epoch  50, step  40, loss 1.94536849, auc@1 49.43, auc@5 79.05
2021-05-28 02:26:22,584:INFO:[Rank-3] train time 37.0854, epoch  51, step  49, loss 1.44591081, auc@1 58.78, auc@5 87.22, share 7, std_loss 0.019677173973498295, pre_std_loss 0.011793086305260658,  1.46307 1.47051 1.49103 1.45560
2021-05-28 02:26:38,448:INFO:[Rank-3] val time 15.8608, epoch  51, step  40, loss 1.54207505, auc@1 57.25, auc@5 85.35
2021-05-28 02:27:15,640:INFO:[Rank-3] train time 36.9882, epoch  52, step  49, loss 1.34103048, auc@1 61.55, auc@5 88.60, share 8, std_loss 0.024490070662328174, pre_std_loss 0.01563871279358864,  1.34212 1.31939 1.35373 1.35125
2021-05-28 02:27:31,323:INFO:[Rank-3] val time 15.6803, epoch  52, step  40, loss 1.51472075, auc@1 57.98, auc@5 86.01
2021-05-28 02:28:08,363:INFO:[Rank-3] train time 36.8597, epoch  53, step  49, loss 1.31142080, auc@1 62.31, auc@5 89.21, share 2, std_loss 0.03551854457402108, pre_std_loss 0.016735348850488663,  1.44626 1.17371 1.24727 1.36682
2021-05-28 02:28:24,056:INFO:[Rank-3] val time 15.6915, epoch  53, step  40, loss 1.50750732, auc@1 58.10, auc@5 86.15
2021-05-28 02:29:01,849:INFO:[Rank-3] train time 37.5048, epoch  54, step  49, loss 1.30194235, auc@1 62.44, auc@5 89.28, share 11, std_loss 0.026735079721832762, pre_std_loss 0.027088234201073647,  1.32734 1.26988 1.32196 1.28255
2021-05-28 02:29:17,652:INFO:[Rank-3] val time 15.7996, epoch  54, step  40, loss 1.49098030, auc@1 58.53, auc@5 86.19
2021-05-28 02:29:55,136:INFO:[Rank-3] train time 37.2476, epoch  55, step  49, loss 1.27603197, auc@1 63.04, auc@5 89.53, share 12, std_loss 0.03875083761403755, pre_std_loss 0.02850222960114479,  1.28096 1.23678 1.29841 1.29036
2021-05-28 02:30:10,821:INFO:[Rank-3] val time 15.6828, epoch  55, step  40, loss 1.48200458, auc@1 58.73, auc@5 86.23
2021-05-28 02:30:48,282:INFO:[Rank-3] train time 37.3315, epoch  56, step  49, loss 1.26182663, auc@1 63.35, auc@5 89.77, share 9, std_loss 0.027682468599202682, pre_std_loss 0.02325814589858055,  1.27751 1.25474 1.23251 1.28247
2021-05-28 02:31:04,366:INFO:[Rank-3] val time 16.0822, epoch  56, step  40, loss 1.46922887, auc@1 59.36, auc@5 86.46
2021-05-28 02:31:41,087:INFO:[Rank-3] train time 36.6393, epoch  57, step  49, loss 1.25216198, auc@1 63.72, auc@5 89.94, share 8, std_loss 0.019381126559966683, pre_std_loss 0.013262526132166386,  1.25854 1.25339 1.23083 1.27138
2021-05-28 02:31:56,839:INFO:[Rank-3] val time 15.7495, epoch  57, step  40, loss 1.46767907, auc@1 59.10, auc@5 86.54
2021-05-28 02:32:34,031:INFO:[Rank-3] train time 36.9311, epoch  58, step  49, loss 1.24199474, auc@1 63.99, auc@5 89.94, share 6, std_loss 0.022003591003618678, pre_std_loss 0.011823846027255058,  1.25794 1.23242 1.23381 1.24456
2021-05-28 02:32:49,675:INFO:[Rank-3] val time 15.6404, epoch  58, step  40, loss 1.47762072, auc@1 59.32, auc@5 86.34
2021-05-28 02:33:27,798:INFO:[Rank-3] train time 37.8317, epoch  59, step  49, loss 1.23323357, auc@1 64.11, auc@5 90.13, share 16, std_loss 0.02014206873481067, pre_std_loss 0.020165877416729927,  1.23669 1.20489 1.24738 1.24766
2021-05-28 02:33:43,590:INFO:[Rank-3] val time 15.7902, epoch  59, step  40, loss 1.48019119, auc@1 59.12, auc@5 86.29
2021-05-28 02:34:21,070:INFO:[Rank-3] train time 37.3371, epoch  60, step  49, loss 1.22289073, auc@1 64.58, auc@5 90.31, share 14, std_loss 0.014364798192162903, pre_std_loss 0.015632513910531998,  1.23793 1.20215 1.22813 1.22213
2021-05-28 02:34:36,800:INFO:[Rank-3] val time 15.7280, epoch  60, step  40, loss 1.46461135, auc@1 59.56, auc@5 86.54
2021-05-28 02:35:14,181:INFO:[Rank-3] train time 37.1053, epoch  61, step  49, loss 1.21626818, auc@1 64.55, auc@5 90.47, share 8, std_loss 0.026346914432182605, pre_std_loss 0.018743185326457024,  1.21449 1.19081 1.23667 1.21564
2021-05-28 02:35:30,032:INFO:[Rank-3] val time 15.8479, epoch  61, step  40, loss 1.44683028, auc@1 59.93, auc@5 86.84
2021-05-28 02:36:06,720:INFO:[Rank-3] train time 36.5531, epoch  62, step  49, loss 1.20297432, auc@1 65.08, auc@5 90.50, share 8, std_loss 0.017179613885450726, pre_std_loss 0.010861842893064022,  1.22446 1.20892 1.20329 1.18755
2021-05-28 02:36:22,420:INFO:[Rank-3] val time 15.6971, epoch  62, step  40, loss 1.45185034, auc@1 59.60, auc@5 86.73
2021-05-28 02:36:59,674:INFO:[Rank-3] train time 37.0693, epoch  63, step  49, loss 1.20066810, auc@1 65.16, auc@5 90.54, share 7, std_loss 0.015233305758055376, pre_std_loss 0.011587566696107388,  1.19526 1.19580 1.19245 1.23519
2021-05-28 02:37:15,322:INFO:[Rank-3] val time 15.6447, epoch  63, step  40, loss 1.45818361, auc@1 59.87, auc@5 86.54
2021-05-28 02:37:53,059:INFO:[Rank-3] train time 37.4313, epoch  64, step  49, loss 1.19449484, auc@1 65.35, auc@5 90.74, share 8, std_loss 0.027026962869021356, pre_std_loss 0.017884189262986183,  1.16984 1.18786 1.21516 1.20788
2021-05-28 02:38:08,937:INFO:[Rank-3] val time 15.8755, epoch  64, step  40, loss 1.45291043, auc@1 59.71, auc@5 86.82
2021-05-28 02:38:45,991:INFO:[Rank-3] train time 36.8288, epoch  65, step  49, loss 1.18239427, auc@1 65.72, auc@5 90.92, share 9, std_loss 0.022294665857845425, pre_std_loss 0.017137261107563972,  1.20936 1.17209 1.17503 1.18006
2021-05-28 02:39:01,605:INFO:[Rank-3] val time 15.6122, epoch  65, step  40, loss 1.43961088, auc@1 59.86, auc@5 87.07
2021-05-28 02:39:39,059:INFO:[Rank-3] train time 37.2993, epoch  66, step  49, loss 1.17460191, auc@1 65.95, auc@5 91.00, share 8, std_loss 0.018028357541378662, pre_std_loss 0.012287288904190063,  1.19203 1.16824 1.17733 1.16486
2021-05-28 02:39:54,765:INFO:[Rank-3] val time 15.7033, epoch  66, step  40, loss 1.44058230, auc@1 60.01, auc@5 86.85
2021-05-28 02:40:32,851:INFO:[Rank-3] train time 37.8793, epoch  67, step  49, loss 1.16810703, auc@1 66.11, auc@5 90.85, share 10, std_loss 0.014770541492165352, pre_std_loss 0.012628867290914059,  1.17414 1.15136 1.15289 1.17443
2021-05-28 02:40:48,504:INFO:[Rank-3] val time 15.6494, epoch  67, step  40, loss 1.45658522, auc@1 59.77, auc@5 86.94
2021-05-28 02:41:25,717:INFO:[Rank-3] train time 37.0492, epoch  68, step  49, loss 1.16280472, auc@1 66.10, auc@5 91.10, share 6, std_loss 0.024077431564884528, pre_std_loss 0.017136171460151672,  1.16682 1.14003 1.18490 1.15233
2021-05-28 02:41:41,420:INFO:[Rank-3] val time 15.6998, epoch  68, step  40, loss 1.43712347, auc@1 60.26, auc@5 86.89
2021-05-28 02:42:18,937:INFO:[Rank-3] train time 37.2883, epoch  69, step  49, loss 1.15155661, auc@1 66.59, auc@5 91.18, share 9, std_loss 0.019861796205597266, pre_std_loss 0.013650530949234962,  1.13773 1.14444 1.16927 1.15352
2021-05-28 02:42:34,660:INFO:[Rank-3] val time 15.7207, epoch  69, step  40, loss 1.43739523, auc@1 60.13, auc@5 86.89
2021-05-28 02:43:12,876:INFO:[Rank-3] train time 38.0138, epoch  70, step  49, loss 1.14726603, auc@1 66.41, auc@5 91.28, share 13, std_loss 0.01941554807126522, pre_std_loss 0.020367266610264778,  1.14454 1.12251 1.17830 1.13664
2021-05-28 02:43:28,502:INFO:[Rank-3] val time 15.6238, epoch  70, step  40, loss 1.45243706, auc@1 60.06, auc@5 87.10
2021-05-28 02:44:05,953:INFO:[Rank-3] train time 37.2366, epoch  71, step  49, loss 1.13750696, auc@1 66.54, auc@5 91.54, share 5, std_loss 0.02551925891288081, pre_std_loss 0.012857012450695038,  1.13920 1.10677 1.17441 1.13499
2021-05-28 02:44:22,027:INFO:[Rank-3] val time 16.0713, epoch  71, step  40, loss 1.44472809, auc@1 60.26, auc@5 87.01
2021-05-28 02:44:59,136:INFO:[Rank-3] train time 36.9335, epoch  72, step  49, loss 1.13220048, auc@1 66.87, auc@5 91.49, share 9, std_loss 0.02128728326143963, pre_std_loss 0.006657569669187069,  1.16220 1.14497 1.11365 1.12084
2021-05-28 02:45:14,865:INFO:[Rank-3] val time 15.7263, epoch  72, step  40, loss 1.43802343, auc@1 60.52, auc@5 87.06
2021-05-28 02:45:51,813:INFO:[Rank-3] train time 36.6840, epoch  73, step  49, loss 1.12876832, auc@1 67.08, auc@5 91.40, share 5, std_loss 0.03202859314196572, pre_std_loss 0.014553919434547424,  1.13640 1.11194 1.13796 1.14306
2021-05-28 02:46:07,558:INFO:[Rank-3] val time 15.7420, epoch  73, step  40, loss 1.43070798, auc@1 60.38, auc@5 87.40
2021-05-28 02:46:44,845:INFO:[Rank-3] train time 37.1505, epoch  74, step  49, loss 1.12237859, auc@1 67.06, auc@5 91.60, share 9, std_loss 0.023132197672919352, pre_std_loss 0.017756475135684013,  1.15030 1.10736 1.11381 1.11995
2021-05-28 02:47:00,750:INFO:[Rank-3] val time 15.9019, epoch  74, step  40, loss 1.42194928, auc@1 60.75, auc@5 87.43
2021-05-28 02:47:38,189:INFO:[Rank-3] train time 37.1092, epoch  75, step  49, loss 1.11575627, auc@1 67.01, auc@5 91.79, share 9, std_loss 0.01604533535713444, pre_std_loss 0.01544948574155569,  1.13209 1.09517 1.11510 1.12078
2021-05-28 02:47:53,778:INFO:[Rank-3] val time 15.5863, epoch  75, step  40, loss 1.43324215, auc@1 60.62, auc@5 87.30
2021-05-28 02:48:32,226:INFO:[Rank-3] train time 38.2108, epoch  76, step  49, loss 1.11407292, auc@1 67.31, auc@5 91.60, share 14, std_loss 0.022804565005460565, pre_std_loss 0.025907959789037704,  1.14447 1.08175 1.10879 1.11843
2021-05-28 02:48:48,008:INFO:[Rank-3] val time 15.7797, epoch  76, step  40, loss 1.43426462, auc@1 60.47, auc@5 87.30
2021-05-28 02:49:25,277:INFO:[Rank-3] train time 37.0657, epoch  77, step  49, loss 1.10852242, auc@1 67.36, auc@5 91.77, share 7, std_loss 0.019466469301937187, pre_std_loss 0.009473019279539585,  1.09200 1.09943 1.11434 1.12368
2021-05-28 02:49:41,006:INFO:[Rank-3] val time 15.7260, epoch  77, step  40, loss 1.43291146, auc@1 60.34, auc@5 87.37
2021-05-28 02:50:18,650:INFO:[Rank-3] train time 37.3609, epoch  78, step  49, loss 1.09537745, auc@1 67.90, auc@5 91.97, share 12, std_loss 0.014822097804055226, pre_std_loss 0.012758366763591766,  1.10801 1.07764 1.09901 1.09397
2021-05-28 02:50:34,267:INFO:[Rank-3] val time 15.6155, epoch  78, step  40, loss 1.42674219, auc@1 60.84, auc@5 87.30
2021-05-28 02:51:11,073:INFO:[Rank-3] train time 36.5564, epoch  79, step  49, loss 1.08948004, auc@1 67.94, auc@5 92.21, share 6, std_loss 0.018886520983461216, pre_std_loss 0.01624552719295025,  1.10824 1.09148 1.07177 1.08064
2021-05-28 02:51:26,827:INFO:[Rank-3] val time 15.7511, epoch  79, step  40, loss 1.43734201, auc@1 60.71, auc@5 87.52
2021-05-28 02:52:03,795:INFO:[Rank-3] train time 36.7103, epoch  80, step  49, loss 1.08802903, auc@1 68.08, auc@5 92.11, share 7, std_loss 0.03254368657968482, pre_std_loss 0.025342358276247978,  1.12529 1.07145 1.07551 1.07766
2021-05-28 02:52:19,367:INFO:[Rank-3] val time 15.5691, epoch  80, step  40, loss 1.43915904, auc@1 60.68, auc@5 87.11
2021-05-28 02:52:56,863:INFO:[Rank-3] train time 37.2561, epoch  81, step  49, loss 1.08146858, auc@1 68.26, auc@5 92.02, share 8, std_loss 0.016878493814444055, pre_std_loss 0.01013095211237669,  1.09339 1.06963 1.07998 1.08666
2021-05-28 02:53:12,626:INFO:[Rank-3] val time 15.7601, epoch  81, step  40, loss 1.43496932, auc@1 60.95, auc@5 86.99
2021-05-28 02:53:50,274:INFO:[Rank-3] train time 37.4116, epoch  82, step  49, loss 1.07259333, auc@1 68.42, auc@5 92.25, share 10, std_loss 0.028811622829157477, pre_std_loss 0.019745979458093643,  1.08430 1.05956 1.05496 1.09426
2021-05-28 02:54:05,907:INFO:[Rank-3] val time 15.6305, epoch  82, step  40, loss 1.42291375, auc@1 60.96, auc@5 87.17
2021-05-28 02:54:43,678:INFO:[Rank-3] train time 37.4926, epoch  83, step  49, loss 1.06413734, auc@1 68.82, auc@5 92.42, share 14, std_loss 0.015589306454117201, pre_std_loss 0.01357176247984171,  1.07000 1.05344 1.07875 1.05336
2021-05-28 02:54:59,379:INFO:[Rank-3] val time 15.6989, epoch  83, step  40, loss 1.41019195, auc@1 61.11, auc@5 87.57
2021-05-28 02:55:36,753:INFO:[Rank-3] train time 37.1200, epoch  84, step  49, loss 1.06522846, auc@1 68.85, auc@5 92.25, share 7, std_loss 0.02166978161477921, pre_std_loss 0.014316266402602196,  1.10081 1.06181 1.05194 1.02142
2021-05-28 02:55:52,366:INFO:[Rank-3] val time 15.6114, epoch  84, step  40, loss 1.42548807, auc@1 60.89, auc@5 87.43
2021-05-28 02:56:29,859:INFO:[Rank-3] train time 37.3769, epoch  85, step  49, loss 1.06101215, auc@1 68.48, auc@5 92.43, share 9, std_loss 0.021475157681472446, pre_std_loss 0.016368823125958443,  1.05494 1.02892 1.08358 1.08226
2021-05-28 02:56:45,551:INFO:[Rank-3] val time 15.6890, epoch  85, step  40, loss 1.40785241, auc@1 61.37, auc@5 87.44
2021-05-28 02:57:22,777:INFO:[Rank-3] train time 36.9598, epoch  86, step  49, loss 1.05679059, auc@1 68.65, auc@5 92.43, share 8, std_loss 0.02511640782563054, pre_std_loss 0.02164977416396141,  1.06234 1.02485 1.06690 1.06805
2021-05-28 02:57:38,459:INFO:[Rank-3] val time 15.6797, epoch  86, step  40, loss 1.40728689, auc@1 61.58, auc@5 87.45
2021-05-28 02:58:15,992:INFO:[Rank-3] train time 37.2169, epoch  87, step  49, loss 1.05062151, auc@1 69.18, auc@5 92.54, share 8, std_loss 0.02178521657704699, pre_std_loss 0.017462754622101784,  1.06660 1.02452 1.04204 1.05196
2021-05-28 02:58:31,675:INFO:[Rank-3] val time 15.6807, epoch  87, step  40, loss 1.40852710, auc@1 61.16, auc@5 87.57
2021-05-28 02:59:09,269:INFO:[Rank-3] train time 37.3937, epoch  88, step  49, loss 1.03997326, auc@1 69.33, auc@5 92.73, share 11, std_loss 0.012592311143133866, pre_std_loss 0.009028615429997444,  1.04064 1.04867 1.02928 1.03641
2021-05-28 02:59:25,101:INFO:[Rank-3] val time 15.8282, epoch  88, step  40, loss 1.42022507, auc@1 61.12, auc@5 87.30
2021-05-28 03:00:03,033:INFO:[Rank-3] train time 37.7015, epoch  89, step  49, loss 1.03815627, auc@1 69.35, auc@5 92.60, share 15, std_loss 0.013644143789341407, pre_std_loss 0.015409119427204132,  1.03042 1.01789 1.05403 1.04255
2021-05-28 03:00:18,838:INFO:[Rank-3] val time 15.8019, epoch  89, step  40, loss 1.42588494, auc@1 61.21, auc@5 87.56
2021-05-28 03:00:55,642:INFO:[Rank-3] train time 36.6286, epoch  90, step  49, loss 1.03446317, auc@1 69.46, auc@5 92.79, share 8, std_loss 0.027575780637562275, pre_std_loss 0.021992366760969162,  1.05983 1.00283 1.02824 1.03617
2021-05-28 03:01:11,417:INFO:[Rank-3] val time 15.7731, epoch  90, step  40, loss 1.41633244, auc@1 61.35, auc@5 87.30
2021-05-28 03:01:48,828:INFO:[Rank-3] train time 37.1752, epoch  91, step  49, loss 1.02765155, auc@1 69.59, auc@5 92.79, share 5, std_loss 0.028538445162833954, pre_std_loss 0.020084096118807793,  1.03196 0.98069 1.04257 1.03055
2021-05-28 03:02:04,494:INFO:[Rank-3] val time 15.6641, epoch  91, step  40, loss 1.40712233, auc@1 61.42, auc@5 87.60
2021-05-28 03:02:42,114:INFO:[Rank-3] train time 37.4341, epoch  92, step  49, loss 1.02270877, auc@1 69.76, auc@5 92.83, share 8, std_loss 0.023349259846976826, pre_std_loss 0.016938088461756706,  1.01343 0.99699 1.04627 1.03563
2021-05-28 03:02:58,124:INFO:[Rank-3] val time 16.0071, epoch  92, step  40, loss 1.39505820, auc@1 61.55, auc@5 87.73
2021-05-28 03:03:34,928:INFO:[Rank-3] train time 36.6595, epoch  93, step  49, loss 1.00645196, auc@1 70.16, auc@5 93.08, share 6, std_loss 0.042291084456504605, pre_std_loss 0.03117658756673336,  1.04724 0.96955 1.00908 0.99600
2021-05-28 03:03:50,472:INFO:[Rank-3] val time 15.5415, epoch  93, step  40, loss 1.41242399, auc@1 61.63, auc@5 87.36
2021-05-28 03:04:28,487:INFO:[Rank-3] train time 37.7470, epoch  94, step  49, loss 1.00933957, auc@1 70.01, auc@5 93.14, share 11, std_loss 0.02016839867799866, pre_std_loss 0.015399180352687836,  1.01231 0.98834 1.02409 1.01549
2021-05-28 03:04:44,194:INFO:[Rank-3] val time 15.7039, epoch  94, step  40, loss 1.41271050, auc@1 61.41, auc@5 87.55
2021-05-28 03:05:21,152:INFO:[Rank-3] train time 36.8125, epoch  95, step  49, loss 1.00452185, auc@1 70.17, auc@5 93.03, share 7, std_loss 0.025263504942460935, pre_std_loss 0.017622338607907295,  1.02313 1.01515 0.98919 0.98937
2021-05-28 03:05:37,005:INFO:[Rank-3] val time 15.8494, epoch  95, step  40, loss 1.41862022, auc@1 61.35, auc@5 87.62
2021-05-28 03:06:14,136:INFO:[Rank-3] train time 37.0042, epoch  96, step  49, loss 0.99526972, auc@1 70.62, auc@5 93.16, share 9, std_loss 0.027151271206687908, pre_std_loss 0.020757196471095085,  0.99331 0.96764 1.01558 0.99856
2021-05-28 03:06:29,781:INFO:[Rank-3] val time 15.6425, epoch  96, step  40, loss 1.41148185, auc@1 61.33, auc@5 87.71
2021-05-28 03:07:06,991:INFO:[Rank-3] train time 36.9874, epoch  97, step  49, loss 0.99773061, auc@1 70.48, auc@5 93.27, share 7, std_loss 0.015629296267063032, pre_std_loss 0.008135050535202026,  0.98939 0.97760 1.00209 1.00221
2021-05-28 03:07:22,714:INFO:[Rank-3] val time 15.7203, epoch  97, step  40, loss 1.42092315, auc@1 61.23, auc@5 87.34
2021-05-28 03:08:00,287:INFO:[Rank-3] train time 37.3627, epoch  98, step  49, loss 0.98809516, auc@1 70.64, auc@5 93.31, share 9, std_loss 0.021008302571670134, pre_std_loss 0.015011382289230824,  0.98540 0.96469 1.00000 0.99892
2021-05-28 03:08:15,953:INFO:[Rank-3] val time 15.6629, epoch  98, step  40, loss 1.40127225, auc@1 61.61, auc@5 87.61
2021-05-28 03:08:53,732:INFO:[Rank-3] train time 37.4948, epoch  99, step  49, loss 0.98063672, auc@1 71.02, auc@5 93.49, share 10, std_loss 0.023412183231236984, pre_std_loss 0.01872614584863186,  1.00147 0.94679 0.98112 0.96386
2021-05-28 03:09:09,460:INFO:[Rank-3] val time 15.7246, epoch  99, step  40, loss 1.41757210, auc@1 61.75, auc@5 87.56
2021-05-28 03:09:47,002:INFO:[Rank-3] train time 37.4512, epoch 100, step  49, loss 0.97270811, auc@1 71.06, auc@5 93.56, share 8, std_loss 0.024979193979988292, pre_std_loss 0.01994488574564457,  0.98582 0.93645 0.99170 0.95302
2021-05-28 03:10:02,607:INFO:[Rank-3] val time 15.6012, epoch 100, step  40, loss 1.39802811, auc@1 62.21, auc@5 87.86
2021-05-28 03:10:40,057:INFO:[Rank-3] train time 37.3390, epoch 101, step  49, loss 0.96138561, auc@1 71.50, auc@5 93.63, share 11, std_loss 0.01588347118956094, pre_std_loss 0.014930086210370064,  0.97610 0.94864 0.97813 0.95002
2021-05-28 03:10:55,766:INFO:[Rank-3] val time 15.7064, epoch 101, step  40, loss 1.38852412, auc@1 62.36, auc@5 87.85
2021-05-28 03:11:33,519:INFO:[Rank-3] train time 37.5594, epoch 102, step  49, loss 0.95214820, auc@1 71.78, auc@5 93.61, share 12, std_loss 0.018879450819626147, pre_std_loss 0.01786976121366024,  0.95719 0.93043 0.95734 0.97712
2021-05-28 03:11:49,309:INFO:[Rank-3] val time 15.7875, epoch 102, step  40, loss 1.38244104, auc@1 62.47, auc@5 87.90
2021-05-28 03:12:26,484:INFO:[Rank-3] train time 36.9220, epoch 103, step  49, loss 0.95427382, auc@1 71.48, auc@5 93.74, share 8, std_loss 0.02480468807780013, pre_std_loss 0.021221425384283066,  0.98113 0.93117 0.94775 0.95607
2021-05-28 03:12:42,144:INFO:[Rank-3] val time 15.6576, epoch 103, step  40, loss 1.38026184, auc@1 62.60, auc@5 88.09
2021-05-28 03:13:19,427:INFO:[Rank-3] train time 37.1536, epoch 104, step  49, loss 0.94632787, auc@1 71.83, auc@5 93.83, share 2, std_loss 0.03469374829104969, pre_std_loss 0.013589472509920597,  0.90580 0.93426 0.98193 0.75939
2021-05-28 03:13:35,118:INFO:[Rank-3] val time 15.6898, epoch 104, step  40, loss 1.37654128, auc@1 62.53, auc@5 87.99
2021-05-28 03:14:12,467:INFO:[Rank-3] train time 37.2296, epoch 105, step  49, loss 0.94505847, auc@1 71.97, auc@5 93.80, share 8, std_loss 0.019535637479655598, pre_std_loss 0.012341311201453209,  0.95164 0.94140 0.92640 0.95856
2021-05-28 03:14:28,184:INFO:[Rank-3] val time 15.7135, epoch 105, step  40, loss 1.37539677, auc@1 62.28, auc@5 87.97
2021-05-28 03:15:05,898:INFO:[Rank-3] train time 37.5026, epoch 106, step  49, loss 0.94251591, auc@1 72.01, auc@5 93.76, share 9, std_loss 0.01768505054392985, pre_std_loss 0.012937393970787525,  0.94814 0.93238 0.92682 0.96747
2021-05-28 03:15:21,773:INFO:[Rank-3] val time 15.8730, epoch 106, step  40, loss 1.37220487, auc@1 62.58, auc@5 88.13
2021-05-28 03:15:58,719:INFO:[Rank-3] train time 36.6882, epoch 107, step  49, loss 0.94772905, auc@1 72.14, auc@5 93.79, share 8, std_loss 0.01996118786307622, pre_std_loss 0.015685271471738815,  0.95155 0.92791 0.94654 0.96710
2021-05-28 03:16:14,339:INFO:[Rank-3] val time 15.6179, epoch 107, step  40, loss 1.37633287, auc@1 62.51, auc@5 88.07
2021-05-28 03:16:51,874:INFO:[Rank-3] train time 37.3167, epoch 108, step  49, loss 0.93732375, auc@1 72.17, auc@5 93.78, share 6, std_loss 0.019639318210205862, pre_std_loss 0.01148955523967743,  0.93656 0.92340 0.93643 0.95151
2021-05-28 03:17:07,529:INFO:[Rank-3] val time 15.6531, epoch 108, step  40, loss 1.37247880, auc@1 62.41, auc@5 88.11
2021-05-28 03:17:44,848:INFO:[Rank-3] train time 37.1494, epoch 109, step  49, loss 0.93468726, auc@1 72.37, auc@5 93.90, share 6, std_loss 0.011462607008181703, pre_std_loss 0.001552571076899767,  0.93312 0.93281 0.94500 0.92410
2021-05-28 03:18:00,438:INFO:[Rank-3] val time 15.5883, epoch 109, step  40, loss 1.36426318, auc@1 62.70, auc@5 88.19
2021-05-28 03:18:38,177:INFO:[Rank-3] train time 37.3963, epoch 110, step  49, loss 0.94104624, auc@1 72.06, auc@5 93.87, share 10, std_loss 0.013381557919237078, pre_std_loss 0.0054141199216246605,  0.94894 0.93619 0.93414 0.92377
2021-05-28 03:18:54,003:INFO:[Rank-3] val time 15.8239, epoch 110, step  40, loss 1.37426319, auc@1 62.56, auc@5 87.97
2021-05-28 03:19:31,116:INFO:[Rank-3] train time 36.9321, epoch 111, step  49, loss 0.93060702, auc@1 72.27, auc@5 93.96, share 10, std_loss 0.020371442489630104, pre_std_loss 0.018517563119530678,  0.95107 0.90597 0.93195 0.93191
2021-05-28 03:19:46,841:INFO:[Rank-3] val time 15.7216, epoch 111, step  40, loss 1.36949148, auc@1 62.71, auc@5 88.11
2021-05-28 03:20:23,907:INFO:[Rank-3] train time 36.8077, epoch 112, step  49, loss 0.93155819, auc@1 72.44, auc@5 93.93, share 6, std_loss 0.03892714112084739, pre_std_loss 0.026930535212159157,  0.94390 0.88126 0.90775 0.96675
2021-05-28 03:20:40,005:INFO:[Rank-3] val time 16.0954, epoch 112, step  40, loss 1.37059248, auc@1 62.52, auc@5 87.97
2021-05-28 03:21:17,248:INFO:[Rank-3] train time 36.9955, epoch 113, step  49, loss 0.92966479, auc@1 72.24, auc@5 93.87, share 11, std_loss 0.022104825007216056, pre_std_loss 0.016370074823498726,  0.93867 0.90486 0.93065 0.94292
2021-05-28 03:21:32,864:INFO:[Rank-3] val time 15.6133, epoch 113, step  40, loss 1.37041833, auc@1 62.57, auc@5 88.16
2021-05-28 03:22:10,035:INFO:[Rank-3] train time 36.9523, epoch 114, step  49, loss 0.93089968, auc@1 72.27, auc@5 93.97, share 4, std_loss 0.022464004159924025, pre_std_loss 0.006604371126741171,  0.92277 0.92337 0.94099 0.93055
2021-05-28 03:22:25,680:INFO:[Rank-3] val time 15.6416, epoch 114, step  40, loss 1.37166780, auc@1 62.61, auc@5 88.09
2021-05-28 03:23:03,192:INFO:[Rank-3] train time 37.2841, epoch 115, step  49, loss 0.92786437, auc@1 72.38, auc@5 93.95, share 9, std_loss 0.029360942390500282, pre_std_loss 0.020708875730633736,  0.91852 0.91841 0.95702 0.91146
2021-05-28 03:23:18,931:INFO:[Rank-3] val time 15.7369, epoch 115, step  40, loss 1.37287473, auc@1 62.58, auc@5 87.94
2021-05-28 03:23:56,336:INFO:[Rank-3] train time 37.1659, epoch 116, step  49, loss 0.93208218, auc@1 72.37, auc@5 93.93, share 10, std_loss 0.019030183886310885, pre_std_loss 0.014654546976089478,  0.95128 0.90491 0.92957 0.93514
2021-05-28 03:24:12,057:INFO:[Rank-3] val time 15.7175, epoch 116, step  40, loss 1.38184764, auc@1 62.65, auc@5 88.08
2021-05-28 03:24:49,760:INFO:[Rank-3] train time 37.5787, epoch 117, step  49, loss 0.92645609, auc@1 72.48, auc@5 93.97, share 8, std_loss 0.019758009855464404, pre_std_loss 0.008844937197864056,  0.93538 0.91874 0.92255 0.91505
2021-05-28 03:25:05,525:INFO:[Rank-3] val time 15.7620, epoch 117, step  40, loss 1.36992266, auc@1 62.64, auc@5 88.20
2021-05-28 03:25:43,001:INFO:[Rank-3] train time 37.2133, epoch 118, step  49, loss 0.92878002, auc@1 72.48, auc@5 93.91, share 6, std_loss 0.03064659258768875, pre_std_loss 0.018672049045562744,  0.93195 0.90362 0.94544 0.93031
2021-05-28 03:25:58,654:INFO:[Rank-3] val time 15.6495, epoch 118, step  40, loss 1.37670098, auc@1 62.68, auc@5 88.10
2021-05-28 03:26:35,405:INFO:[Rank-3] train time 36.4630, epoch 119, step  49, loss 0.92768991, auc@1 72.39, auc@5 94.06, share 3, std_loss 0.022702331445655043, pre_std_loss 0.009387873113155365,  0.92148 0.91189 0.93126 0.93533
2021-05-28 03:26:51,097:INFO:[Rank-3] val time 15.6897, epoch 119, step  40, loss 1.37480374, auc@1 62.48, auc@5 88.21
2021-05-28 03:27:28,444:INFO:[Rank-3] train time 37.2091, epoch 120, step  49, loss 0.93109727, auc@1 72.23, auc@5 93.93, share 6, std_loss 0.022078804272626127, pre_std_loss 0.012880297377705574,  0.94663 0.91578 0.92784 0.93448
2021-05-28 03:27:44,087:INFO:[Rank-3] val time 15.6406, epoch 120, step  40, loss 1.36519643, auc@1 62.70, auc@5 88.02
2021-05-28 03:28:21,313:INFO:[Rank-3] train time 37.0305, epoch 121, step  49, loss 0.91892141, auc@1 72.65, auc@5 94.15, share 6, std_loss 0.013003160312239612, pre_std_loss 0.006920365616679192,  0.88955 0.91033 0.87941 0.92950
2021-05-28 03:28:37,016:INFO:[Rank-3] val time 15.6996, epoch 121, step  40, loss 1.36796545, auc@1 62.59, auc@5 88.19
2021-05-28 03:29:14,997:INFO:[Rank-3] train time 37.7910, epoch 122, step  49, loss 0.92240548, auc@1 72.49, auc@5 94.09, share 9, std_loss 0.017645061757339507, pre_std_loss 0.01363991480320692,  0.92527 0.90612 0.92661 0.93918
2021-05-28 03:29:30,735:INFO:[Rank-3] val time 15.7353, epoch 122, step  40, loss 1.37000567, auc@1 62.75, auc@5 87.91
2021-05-28 03:30:08,833:INFO:[Rank-3] train time 37.6554, epoch 123, step  49, loss 0.92511904, auc@1 72.44, auc@5 93.89, share 10, std_loss 0.016794926648465346, pre_std_loss 0.013001522980630398,  0.94149 0.92988 0.91981 0.91136
2021-05-28 03:30:24,600:INFO:[Rank-3] val time 15.7642, epoch 123, step  40, loss 1.36529406, auc@1 62.76, auc@5 88.08
2021-05-28 03:31:01,953:INFO:[Rank-3] train time 37.2406, epoch 124, step  49, loss 0.92174357, auc@1 72.55, auc@5 94.00, share 8, std_loss 0.028308019156054576, pre_std_loss 0.013849454000592232,  0.93100 0.90316 0.93315 0.92163
2021-05-28 03:31:17,626:INFO:[Rank-3] val time 15.6706, epoch 124, step  40, loss 1.36952909, auc@1 62.75, auc@5 88.08
2021-05-28 03:31:54,549:INFO:[Rank-3] train time 36.6444, epoch 125, step  49, loss 0.92173952, auc@1 72.60, auc@5 94.08, share 4, std_loss 0.030571549237534707, pre_std_loss 0.01541206520050764,  0.92625 0.87062 0.96371 0.91046
2021-05-28 03:32:10,249:INFO:[Rank-3] val time 15.6977, epoch 125, step  40, loss 1.36726720, auc@1 62.68, auc@5 88.02
2021-05-28 03:32:46,892:INFO:[Rank-3] train time 36.3359, epoch 126, step  49, loss 0.92259592, auc@1 72.43, auc@5 94.05, share 8, std_loss 0.023436930106610666, pre_std_loss 0.01759890839457512,  0.93387 0.89888 0.93812 0.92197
2021-05-28 03:33:02,622:INFO:[Rank-3] val time 15.7273, epoch 126, step  40, loss 1.37369725, auc@1 62.58, auc@5 88.12
2021-05-28 03:33:39,711:INFO:[Rank-3] train time 36.9143, epoch 127, step  49, loss 0.91857421, auc@1 72.55, auc@5 94.18, share 6, std_loss 0.016546001391751424, pre_std_loss 0.007558710407465696,  0.92816 0.90663 0.92293 0.91832
2021-05-28 03:33:55,466:INFO:[Rank-3] val time 15.7535, epoch 127, step  40, loss 1.36879027, auc@1 62.80, auc@5 88.05
2021-05-28 03:34:32,801:INFO:[Rank-3] train time 37.0646, epoch 128, step  49, loss 0.91972208, auc@1 72.61, auc@5 94.02, share 9, std_loss 0.034817348937599024, pre_std_loss 0.022329462692141533,  0.94668 0.89493 0.90946 0.92672
2021-05-28 03:34:48,606:INFO:[Rank-3] val time 15.8020, epoch 128, step  40, loss 1.37031405, auc@1 62.72, auc@5 88.16
2021-05-28 03:35:26,142:INFO:[Rank-3] train time 37.4500, epoch 129, step  49, loss 0.91226053, auc@1 72.84, auc@5 94.15, share 5, std_loss 0.047169258399885526, pre_std_loss 0.028913483023643494,  0.95103 0.88349 0.89893 0.90295
2021-05-28 03:35:41,754:INFO:[Rank-3] val time 15.6096, epoch 129, step  40, loss 1.36667371, auc@1 62.66, auc@5 88.13
2021-05-28 03:36:19,076:INFO:[Rank-3] train time 37.0365, epoch 130, step  49, loss 0.92189360, auc@1 72.45, auc@5 93.95, share 6, std_loss 0.034127671499641576, pre_std_loss 0.019965263083577156,  0.90804 0.88798 0.95305 0.92385
2021-05-28 03:36:34,767:INFO:[Rank-3] val time 15.6881, epoch 130, step  40, loss 1.37538006, auc@1 62.65, auc@5 88.11
2021-05-28 03:37:12,007:INFO:[Rank-3] train time 36.9847, epoch 131, step  49, loss 0.91655928, auc@1 72.61, auc@5 94.05, share 6, std_loss 0.02085164259663042, pre_std_loss 0.01203818991780281,  0.92083 0.92836 0.90147 0.91661
2021-05-28 03:37:27,755:INFO:[Rank-3] val time 15.7451, epoch 131, step  40, loss 1.36908158, auc@1 62.99, auc@5 88.11
2021-05-28 03:38:05,251:INFO:[Rank-3] train time 37.2845, epoch 132, step  49, loss 0.91794205, auc@1 72.85, auc@5 94.18, share 6, std_loss 0.031461567503913324, pre_std_loss 0.018198247998952866,  0.92050 0.89080 0.93002 0.92822
2021-05-28 03:38:20,841:INFO:[Rank-3] val time 15.5881, epoch 132, step  40, loss 1.36563721, auc@1 63.01, auc@5 88.17
2021-05-28 03:38:58,146:INFO:[Rank-3] train time 37.0475, epoch 133, step  49, loss 0.91808575, auc@1 72.54, auc@5 94.11, share 6, std_loss 0.018544412303563892, pre_std_loss 0.0060042268596589565,  0.90912 0.90010 0.92274 0.94167
2021-05-28 03:39:14,023:INFO:[Rank-3] val time 15.8734, epoch 133, step  40, loss 1.37454118, auc@1 62.66, auc@5 88.18
2021-05-28 03:39:51,287:INFO:[Rank-3] train time 36.9855, epoch 134, step  49, loss 0.91549170, auc@1 72.52, auc@5 94.25, share 8, std_loss 0.011055344563661789, pre_std_loss 0.0049928114749491215,  0.91511 0.91272 0.91707 0.92081
2021-05-28 03:40:06,936:INFO:[Rank-3] val time 15.6466, epoch 134, step  40, loss 1.38571211, auc@1 62.79, auc@5 88.12
2021-05-28 03:40:44,489:INFO:[Rank-3] train time 37.3854, epoch 135, step  49, loss 0.91503143, auc@1 72.78, auc@5 94.17, share 9, std_loss 0.014007187089692725, pre_std_loss 0.007889196276664734,  0.90735 0.92277 0.90437 0.92390
2021-05-28 03:41:00,252:INFO:[Rank-3] val time 15.7608, epoch 135, step  40, loss 1.36536488, auc@1 62.76, auc@5 88.10
2021-05-28 03:41:38,585:INFO:[Rank-3] train time 38.0437, epoch 136, step  49, loss 0.91403860, auc@1 72.82, auc@5 94.15, share 15, std_loss 0.01351814322192602, pre_std_loss 0.016221094876527786,  0.90831 0.90488 0.93852 0.90547
2021-05-28 03:41:54,497:INFO:[Rank-3] val time 15.9094, epoch 136, step  40, loss 1.36403095, auc@1 62.88, auc@5 88.10
2021-05-28 03:42:32,350:INFO:[Rank-3] train time 37.6532, epoch 137, step  49, loss 0.90974748, auc@1 73.02, auc@5 94.13, share 4, std_loss 0.024048346531938533, pre_std_loss 0.011736353859305382,  0.92498 0.89856 0.89643 0.91833
2021-05-28 03:42:48,045:INFO:[Rank-3] val time 15.6913, epoch 137, step  40, loss 1.36311730, auc@1 62.95, auc@5 88.09
2021-05-28 03:43:25,216:INFO:[Rank-3] train time 36.8573, epoch 138, step  49, loss 0.90930581, auc@1 72.99, auc@5 94.06, share 8, std_loss 0.018306127644847243, pre_std_loss 0.01743372343480587,  0.91083 0.89456 0.89630 0.93208
2021-05-28 03:43:40,801:INFO:[Rank-3] val time 15.5824, epoch 138, step  40, loss 1.36372726, auc@1 62.76, auc@5 88.15
2021-05-28 03:44:18,092:INFO:[Rank-3] train time 37.0962, epoch 139, step  49, loss 0.90533513, auc@1 72.93, auc@5 94.28, share 7, std_loss 0.019718786425964564, pre_std_loss 0.009302960708737373,  0.90615 0.89768 0.91734 0.89773
2021-05-28 03:44:33,809:INFO:[Rank-3] val time 15.7145, epoch 139, step  40, loss 1.37133075, auc@1 62.77, auc@5 88.09
2021-05-28 03:45:11,327:INFO:[Rank-3] train time 37.3020, epoch 140, step  49, loss 0.90915054, auc@1 72.87, auc@5 94.22, share 8, std_loss 0.026024023679142097, pre_std_loss 0.01698199100792408,  0.94673 0.90429 0.89736 0.90109
2021-05-28 03:45:27,067:INFO:[Rank-3] val time 15.7373, epoch 140, step  40, loss 1.36523829, auc@1 62.68, auc@5 88.04
2021-05-28 03:46:04,161:INFO:[Rank-3] train time 36.8588, epoch 141, step  49, loss 0.91034323, auc@1 72.80, auc@5 94.20, share 7, std_loss 0.019332962566796615, pre_std_loss 0.00858688447624445,  0.91254 0.90007 0.91455 0.92029
2021-05-28 03:46:20,048:INFO:[Rank-3] val time 15.8848, epoch 141, step  40, loss 1.37133919, auc@1 62.82, auc@5 88.01
2021-05-28 03:46:58,051:INFO:[Rank-3] train time 37.8279, epoch 142, step  49, loss 0.90919602, auc@1 72.73, auc@5 94.16, share 15, std_loss 0.025033216980495016, pre_std_loss 0.01638335920870304,  0.93488 0.89492 0.89129 0.91731
2021-05-28 03:47:13,811:INFO:[Rank-3] val time 15.7578, epoch 142, step  40, loss 1.36556184, auc@1 62.74, auc@5 88.11
2021-05-28 03:47:51,559:INFO:[Rank-3] train time 37.4090, epoch 143, step  49, loss 0.90337783, auc@1 72.98, auc@5 94.33, share 10, std_loss 0.02928037308536622, pre_std_loss 0.02449536696076393,  0.93776 0.86678 0.91053 0.90436
2021-05-28 03:48:07,507:INFO:[Rank-3] val time 15.9444, epoch 143, step  40, loss 1.37093286, auc@1 62.98, auc@5 88.16
2021-05-28 03:48:44,536:INFO:[Rank-3] train time 36.8793, epoch 144, step  49, loss 0.90843165, auc@1 72.78, auc@5 94.35, share 5, std_loss 0.022050012910396467, pre_std_loss 0.01412119995802641,  0.91736 0.91159 0.88507 0.90735
2021-05-28 03:49:00,232:INFO:[Rank-3] val time 15.6946, epoch 144, step  40, loss 1.36460685, auc@1 62.79, auc@5 88.01
2021-05-28 03:49:37,809:INFO:[Rank-3] train time 37.4166, epoch 145, step  49, loss 0.90607095, auc@1 72.94, auc@5 94.11, share 8, std_loss 0.022627908337329115, pre_std_loss 0.012944389134645462,  0.91900 0.91117 0.89155 0.89758
2021-05-28 03:49:53,543:INFO:[Rank-3] val time 15.7307, epoch 145, step  40, loss 1.36611161, auc@1 62.86, auc@5 88.10
2021-05-28 03:50:31,102:INFO:[Rank-3] train time 37.2548, epoch 146, step  49, loss 0.90851998, auc@1 72.71, auc@5 94.21, share 11, std_loss 0.019754835489985287, pre_std_loss 0.018795648589730263,  0.90944 0.87725 0.91911 0.91665
2021-05-28 03:50:46,842:INFO:[Rank-3] val time 15.7380, epoch 146, step  40, loss 1.36559821, auc@1 62.60, auc@5 88.21
2021-05-28 03:51:24,444:INFO:[Rank-3] train time 37.4485, epoch 147, step  49, loss 0.90642959, auc@1 73.05, auc@5 94.28, share 8, std_loss 0.015406736704920019, pre_std_loss 0.011321457102894783,  0.91797 0.88742 0.90137 0.90637
2021-05-28 03:51:40,145:INFO:[Rank-3] val time 15.6981, epoch 147, step  40, loss 1.36688504, auc@1 62.91, auc@5 88.04
2021-05-28 03:52:17,728:INFO:[Rank-3] train time 37.2689, epoch 148, step  49, loss 0.90982056, auc@1 72.94, auc@5 94.05, share 10, std_loss 0.0303083027199823, pre_std_loss 0.027774997055530548,  0.93050 0.89546 0.87504 0.93176
2021-05-28 03:52:33,448:INFO:[Rank-3] val time 15.7174, epoch 148, step  40, loss 1.36833053, auc@1 62.94, auc@5 88.16
2021-05-28 03:53:10,774:INFO:[Rank-3] train time 37.1869, epoch 149, step  49, loss 0.89570689, auc@1 73.15, auc@5 94.34, share 7, std_loss 0.029133210851981933, pre_std_loss 0.01494311448186636,  0.92243 0.89255 0.89044 0.88939
2021-05-28 03:53:26,423:INFO:[Rank-3] val time 15.6460, epoch 149, step  40, loss 1.36981231, auc@1 62.68, auc@5 88.05
2021-05-28 03:54:04,248:INFO:[Rank-3] train time 37.5433, epoch 150, step  49, loss 0.90604562, auc@1 72.87, auc@5 94.16, share 11, std_loss 0.03412916115960296, pre_std_loss 0.02370583824813366,  0.97597 0.88178 0.90613 0.88726
2021-05-28 03:54:19,941:INFO:[Rank-3] val time 15.6919, epoch 150, step  40, loss 1.36287289, auc@1 62.79, auc@5 87.96
2021-05-28 03:54:57,320:INFO:[Rank-3] train time 37.1085, epoch 151, step  49, loss 0.90085042, auc@1 73.18, auc@5 94.22, share 7, std_loss 0.01970005278684655, pre_std_loss 0.009850543923676014,  0.91246 0.89230 0.90692 0.89566
2021-05-28 03:55:13,158:INFO:[Rank-3] val time 15.8342, epoch 151, step  40, loss 1.36374429, auc@1 62.79, auc@5 88.22
2021-05-28 03:55:50,693:INFO:[Rank-3] train time 37.2924, epoch 152, step  49, loss 0.89931053, auc@1 72.95, auc@5 94.26, share 10, std_loss 0.014561331697872706, pre_std_loss 0.010520248673856258,  0.90515 0.88828 0.91101 0.89387
2021-05-28 03:56:06,645:INFO:[Rank-3] val time 15.9498, epoch 152, step  40, loss 1.36634231, auc@1 62.86, auc@5 88.06
2021-05-28 03:56:43,801:INFO:[Rank-3] train time 36.9351, epoch 153, step  49, loss 0.89391470, auc@1 73.16, auc@5 94.38, share 9, std_loss 0.016936968403811356, pre_std_loss 0.009395966306328773,  0.91626 0.88773 0.89135 0.88812
2021-05-28 03:56:59,579:INFO:[Rank-3] val time 15.7754, epoch 153, step  40, loss 1.36561552, auc@1 62.79, auc@5 88.04
2021-05-28 03:57:37,162:INFO:[Rank-3] train time 37.2649, epoch 154, step  49, loss 0.89647114, auc@1 73.17, auc@5 94.40, share 8, std_loss 0.01879620316381357, pre_std_loss 0.013479030691087246,  0.90320 0.88260 0.91418 0.89356
2021-05-28 03:57:52,962:INFO:[Rank-3] val time 15.7975, epoch 154, step  40, loss 1.36350727, auc@1 62.92, auc@5 88.11
2021-05-28 03:58:31,089:INFO:[Rank-3] train time 37.8843, epoch 155, step  49, loss 0.90248477, auc@1 72.93, auc@5 94.27, share 14, std_loss 0.012768663095348343, pre_std_loss 0.012741822749376297,  0.91004 0.88852 0.89561 0.91402
2021-05-28 03:58:46,868:INFO:[Rank-3] val time 15.7771, epoch 155, step  40, loss 1.37236094, auc@1 62.75, auc@5 88.15
2021-05-28 03:59:24,263:INFO:[Rank-3] train time 37.0846, epoch 156, step  49, loss 0.90161192, auc@1 73.05, auc@5 94.32, share 5, std_loss 0.027338170541488394, pre_std_loss 0.006332232616841793,  0.90785 0.89342 0.90556 0.90223
2021-05-28 03:59:40,133:INFO:[Rank-3] val time 15.8672, epoch 156, step  40, loss 1.36052003, auc@1 62.89, auc@5 88.06
2021-05-28 04:00:17,358:INFO:[Rank-3] train time 37.0736, epoch 157, step  49, loss 0.90239561, auc@1 73.06, auc@5 94.19, share 9, std_loss 0.024924813465652416, pre_std_loss 0.014304379001259804,  0.92105 0.88752 0.94488 0.89188
2021-05-28 04:00:33,137:INFO:[Rank-3] val time 15.7755, epoch 157, step  40, loss 1.36321185, auc@1 62.98, auc@5 88.02
2021-05-28 04:01:10,661:INFO:[Rank-3] train time 37.2759, epoch 158, step  49, loss 0.90473634, auc@1 72.97, auc@5 94.18, share 10, std_loss 0.016354628163865025, pre_std_loss 0.015492327511310577,  0.92553 0.89834 0.91014 0.88979
2021-05-28 04:01:26,280:INFO:[Rank-3] val time 15.6162, epoch 158, step  40, loss 1.36842799, auc@1 62.66, auc@5 88.20
2021-05-28 04:02:04,301:INFO:[Rank-3] train time 37.8218, epoch 159, step  49, loss 0.89341390, auc@1 73.24, auc@5 94.30, share 9, std_loss 0.022291698987234612, pre_std_loss 0.010553637519478798,  0.90354 0.88782 0.87160 0.87867
2021-05-28 04:02:19,943:INFO:[Rank-3] val time 15.6400, epoch 159, step  40, loss 1.36394454, auc@1 62.86, auc@5 88.21
2021-05-28 04:02:56,928:INFO:[Rank-3] train time 36.8679, epoch 160, step  49, loss 0.89390767, auc@1 73.32, auc@5 94.27, share 7, std_loss 0.012044840276108257, pre_std_loss 0.006290256977081299,  0.88895 0.88708 0.89932 0.89829
2021-05-28 04:03:12,774:INFO:[Rank-3] val time 15.8434, epoch 160, step  40, loss 1.36493139, auc@1 62.89, auc@5 88.25
2021-05-28 04:03:50,391:INFO:[Rank-3] train time 37.3848, epoch 161, step  49, loss 0.90061080, auc@1 73.03, auc@5 94.35, share 10, std_loss 0.022648337924358795, pre_std_loss 0.020149389281868935,  0.90090 0.86723 0.91076 0.91685
2021-05-28 04:04:06,108:INFO:[Rank-3] val time 15.7147, epoch 161, step  40, loss 1.36760049, auc@1 63.00, auc@5 88.12
2021-05-28 04:04:43,651:INFO:[Rank-3] train time 37.2404, epoch 162, step  49, loss 0.89838022, auc@1 73.15, auc@5 94.29, share 10, std_loss 0.029052404002571593, pre_std_loss 0.024703439325094223,  0.91927 0.88113 0.92292 0.87595
2021-05-28 04:04:59,516:INFO:[Rank-3] val time 15.8629, epoch 162, step  40, loss 1.36181593, auc@1 63.02, auc@5 88.23
2021-05-28 04:05:36,495:INFO:[Rank-3] train time 36.6993, epoch 163, step  49, loss 0.89678860, auc@1 73.33, auc@5 94.37, share 7, std_loss 0.030473196764989774, pre_std_loss 0.023162465542554855,  0.90443 0.86279 0.90837 0.92033
2021-05-28 04:05:52,215:INFO:[Rank-3] val time 15.7172, epoch 163, step  40, loss 1.36846136, auc@1 62.72, auc@5 88.02
2021-05-28 04:06:29,932:INFO:[Rank-3] train time 37.4514, epoch 164, step  49, loss 0.89200687, auc@1 73.33, auc@5 94.35, share 8, std_loss 0.01751304033440443, pre_std_loss 0.009289002045989037,  0.87975 0.89478 0.90141 0.89515
2021-05-28 04:06:45,825:INFO:[Rank-3] val time 15.8893, epoch 164, step  40, loss 1.36657132, auc@1 62.82, auc@5 88.06
2021-05-28 04:07:22,893:INFO:[Rank-3] train time 36.8561, epoch 165, step  49, loss 0.89744282, auc@1 73.14, auc@5 94.32, share 9, std_loss 0.017685499498430565, pre_std_loss 0.011347397230565548,  0.91226 0.89152 0.90279 0.88926
2021-05-28 04:07:38,699:INFO:[Rank-3] val time 15.8028, epoch 165, step  40, loss 1.36520456, auc@1 62.94, auc@5 88.25
2021-05-28 04:08:15,877:INFO:[Rank-3] train time 36.9265, epoch 166, step  49, loss 0.89643389, auc@1 73.25, auc@5 94.33, share 9, std_loss 0.025398993199425086, pre_std_loss 0.02192646451294422,  0.92277 0.87143 0.90999 0.90909
2021-05-28 04:08:31,491:INFO:[Rank-3] val time 15.6117, epoch 166, step  40, loss 1.36271269, auc@1 62.88, auc@5 88.13
2021-05-28 04:09:09,781:INFO:[Rank-3] train time 38.1064, epoch 167, step  49, loss 0.89377803, auc@1 73.41, auc@5 94.33, share 15, std_loss 0.019270146170593038, pre_std_loss 0.019115202128887177,  0.90303 0.86757 0.88777 0.91492
2021-05-28 04:09:25,404:INFO:[Rank-3] val time 15.6208, epoch 167, step  40, loss 1.36124422, auc@1 63.04, auc@5 88.15
2021-05-28 04:10:03,834:INFO:[Rank-3] train time 38.2059, epoch 168, step  49, loss 0.89742154, auc@1 73.12, auc@5 94.24, share 12, std_loss 0.01623980669608834, pre_std_loss 0.013318110257387161,  0.91585 0.88545 0.89431 0.89094
2021-05-28 04:10:19,653:INFO:[Rank-3] val time 15.8164, epoch 168, step  40, loss 1.36371041, auc@1 62.84, auc@5 88.11
2021-05-28 04:10:56,774:INFO:[Rank-3] train time 36.9074, epoch 169, step  49, loss 0.89561474, auc@1 73.10, auc@5 94.41, share 9, std_loss 0.017985591931002482, pre_std_loss 0.010701318271458149,  0.91148 0.87972 0.87536 0.90105
2021-05-28 04:11:12,709:INFO:[Rank-3] val time 15.9329, epoch 169, step  40, loss 1.36304924, auc@1 62.76, auc@5 88.23
2021-05-28 04:11:51,309:INFO:[Rank-3] train time 38.4460, epoch 170, step  49, loss 0.89529794, auc@1 73.10, auc@5 94.33, share 12, std_loss 0.026663292275399576, pre_std_loss 0.02505194954574108,  0.92320 0.88313 0.86395 0.90252
2021-05-28 04:12:06,999:INFO:[Rank-3] val time 15.6874, epoch 170, step  40, loss 1.36607678, auc@1 62.89, auc@5 88.21
2021-05-28 04:12:45,458:INFO:[Rank-3] train time 38.3588, epoch 171, step  49, loss 0.89474499, auc@1 73.35, auc@5 94.35, share 15, std_loss 0.01820764940574157, pre_std_loss 0.018718743696808815,  0.89158 0.88375 0.88080 0.92169
2021-05-28 04:13:01,141:INFO:[Rank-3] val time 15.6808, epoch 171, step  40, loss 1.35969997, auc@1 63.03, auc@5 88.31
2021-05-28 04:13:38,489:INFO:[Rank-3] train time 37.1033, epoch 172, step  49, loss 0.90312898, auc@1 73.00, auc@5 94.16, share 11, std_loss 0.023893014394811223, pre_std_loss 0.023444075137376785,  0.93440 0.88325 0.88618 0.90508
2021-05-28 04:13:54,158:INFO:[Rank-3] val time 15.6658, epoch 172, step  40, loss 1.36545539, auc@1 62.95, auc@5 88.07
2021-05-28 04:14:31,319:INFO:[Rank-3] train time 37.0137, epoch 173, step  49, loss 0.90079439, auc@1 73.06, auc@5 94.34, share 5, std_loss 0.020064417215786418, pre_std_loss 0.011363494209945202,  0.91230 0.88560 0.90143 0.90577
2021-05-28 04:14:47,020:INFO:[Rank-3] val time 15.6985, epoch 173, step  40, loss 1.36352366, auc@1 62.98, auc@5 88.11
2021-05-28 04:15:24,459:INFO:[Rank-3] train time 37.1824, epoch 174, step  49, loss 0.88717437, auc@1 73.44, auc@5 94.38, share 9, std_loss 0.024713012903016442, pre_std_loss 0.02327270619571209,  0.90897 0.87793 0.85712 0.90008
2021-05-28 04:15:40,187:INFO:[Rank-3] val time 15.7264, epoch 174, step  40, loss 1.36305927, auc@1 62.91, auc@5 88.21
2021-05-28 04:16:17,153:INFO:[Rank-3] train time 36.7201, epoch 175, step  49, loss 0.89646244, auc@1 73.28, auc@5 94.42, share 7, std_loss 0.024565023370087147, pre_std_loss 0.009770482778549194,  0.90054 0.88550 0.91018 0.89811
2021-05-28 04:16:32,931:INFO:[Rank-3] val time 15.7753, epoch 175, step  40, loss 1.35972663, auc@1 63.07, auc@5 88.16
2021-05-28 04:17:10,151:INFO:[Rank-3] train time 37.0680, epoch 176, step  49, loss 0.90038288, auc@1 73.29, auc@5 94.29, share 11, std_loss 0.015070920510749732, pre_std_loss 0.006329243071377277,  0.90802 0.90168 0.89877 0.89317
2021-05-28 04:17:25,869:INFO:[Rank-3] val time 15.7161, epoch 176, step  40, loss 1.36680915, auc@1 62.84, auc@5 88.18
2021-05-28 04:18:03,024:INFO:[Rank-3] train time 37.0263, epoch 177, step  49, loss 0.89550787, auc@1 73.14, auc@5 94.32, share 6, std_loss 0.013456822648568421, pre_std_loss 0.002473721746355295,  0.88273 0.88441 0.87174 0.90480
2021-05-28 04:18:18,770:INFO:[Rank-3] val time 15.7431, epoch 177, step  40, loss 1.36368849, auc@1 62.89, auc@5 88.13
2021-05-28 04:18:56,208:INFO:[Rank-3] train time 37.1529, epoch 178, step  49, loss 0.89302641, auc@1 73.46, auc@5 94.49, share 10, std_loss 0.029777903679986388, pre_std_loss 0.027531860396265984,  0.93718 0.85968 0.88746 0.89279
2021-05-28 04:19:11,946:INFO:[Rank-3] val time 15.7354, epoch 178, step  40, loss 1.36539278, auc@1 62.82, auc@5 88.12
2021-05-28 04:19:49,122:INFO:[Rank-3] train time 37.0430, epoch 179, step  49, loss 0.89926678, auc@1 73.07, auc@5 94.33, share 8, std_loss 0.011369411073320982, pre_std_loss 0.006502515636384487,  0.92015 0.90068 0.90390 0.89799
2021-05-28 04:20:04,854:INFO:[Rank-3] val time 15.7286, epoch 179, step  40, loss 1.36580029, auc@1 62.98, auc@5 88.22
2021-05-28 04:20:42,129:INFO:[Rank-3] train time 36.9450, epoch 180, step  49, loss 0.89415783, auc@1 73.28, auc@5 94.48, share 6, std_loss 0.019318383643213585, pre_std_loss 0.009224366396665573,  0.90253 0.88181 0.89908 0.89107
2021-05-28 04:20:57,731:INFO:[Rank-3] val time 15.5992, epoch 180, step  40, loss 1.35801744, auc@1 63.07, auc@5 88.21
2021-05-28 04:21:35,643:INFO:[Rank-3] train time 37.7185, epoch 181, step  49, loss 0.89509696, auc@1 73.25, auc@5 94.42, share 12, std_loss 0.014144593051501684, pre_std_loss 0.014565213583409786,  0.91296 0.89738 0.88132 0.88375
2021-05-28 04:21:51,428:INFO:[Rank-3] val time 15.7833, epoch 181, step  40, loss 1.36331870, auc@1 62.84, auc@5 88.12
2021-05-28 04:22:28,699:INFO:[Rank-3] train time 36.9550, epoch 182, step  49, loss 0.89942157, auc@1 73.01, auc@5 94.31, share 6, std_loss 0.01725311354943076, pre_std_loss 0.008709123358130455,  0.91410 0.89786 0.90488 0.89262
2021-05-28 04:22:44,385:INFO:[Rank-3] val time 15.6826, epoch 182, step  40, loss 1.37357236, auc@1 62.89, auc@5 88.17
2021-05-28 04:23:21,487:INFO:[Rank-3] train time 36.8887, epoch 183, step  49, loss 0.89769155, auc@1 73.21, auc@5 94.24, share 7, std_loss 0.023784179848675827, pre_std_loss 0.012981151230633259,  0.89385 0.88940 0.89072 0.92608
2021-05-28 04:23:37,115:INFO:[Rank-3] val time 15.6246, epoch 183, step  40, loss 1.36272654, auc@1 62.93, auc@5 88.10
2021-05-28 04:24:14,544:INFO:[Rank-3] train time 37.2096, epoch 184, step  49, loss 0.89938807, auc@1 73.26, auc@5 94.16, share 7, std_loss 0.025710448356611387, pre_std_loss 0.015974991023540497,  0.93116 0.88499 0.87539 0.90597
2021-05-28 04:24:30,270:INFO:[Rank-3] val time 15.7228, epoch 184, step  40, loss 1.37335790, auc@1 62.75, auc@5 88.21
2021-05-28 04:25:07,155:INFO:[Rank-3] train time 36.6069, epoch 185, step  49, loss 0.89988905, auc@1 73.05, auc@5 94.36, share 4, std_loss 0.025864776870121762, pre_std_loss 0.01478126272559166,  0.89995 0.90239 0.93624 0.87743
2021-05-28 04:25:22,801:INFO:[Rank-3] val time 15.6445, epoch 185, step  40, loss 1.37140801, auc@1 62.80, auc@5 88.02
2021-05-28 04:26:00,146:INFO:[Rank-3] train time 37.0640, epoch 186, step  49, loss 0.89338726, auc@1 73.47, auc@5 94.48, share 7, std_loss 0.016890632672881593, pre_std_loss 0.008741144090890884,  0.90026 0.88345 0.88801 0.90077
2021-05-28 04:26:15,917:INFO:[Rank-3] val time 15.7687, epoch 186, step  40, loss 1.36024173, auc@1 62.71, auc@5 88.16
2021-05-28 04:26:53,216:INFO:[Rank-3] train time 37.0895, epoch 187, step  49, loss 0.89673859, auc@1 73.16, auc@5 94.41, share 9, std_loss 0.017162154105548957, pre_std_loss 0.010626261122524738,  0.90616 0.88688 0.89105 0.90801
2021-05-28 04:27:08,980:INFO:[Rank-3] val time 15.7624, epoch 187, step  40, loss 1.36690115, auc@1 62.92, auc@5 88.05
2021-05-28 04:27:46,427:INFO:[Rank-3] train time 37.2094, epoch 188, step  49, loss 0.89140344, auc@1 73.36, auc@5 94.38, share 9, std_loss 0.01626834563188711, pre_std_loss 0.01300772000104189,  0.90472 0.88272 0.86339 0.88644
2021-05-28 04:28:02,101:INFO:[Rank-3] val time 15.6717, epoch 188, step  40, loss 1.37257485, auc@1 62.82, auc@5 88.16
2021-05-28 04:28:39,591:INFO:[Rank-3] train time 37.2072, epoch 189, step  49, loss 0.89456344, auc@1 73.20, auc@5 94.37, share 10, std_loss 0.02642707465862741, pre_std_loss 0.019604571163654327,  0.90572 0.86548 0.90173 0.90603
2021-05-28 04:28:55,332:INFO:[Rank-3] val time 15.7392, epoch 189, step  40, loss 1.36280348, auc@1 63.03, auc@5 88.11
2021-05-28 04:29:32,926:INFO:[Rank-3] train time 37.4274, epoch 190, step  49, loss 0.89306009, auc@1 73.31, auc@5 94.39, share 10, std_loss 0.01859587330219089, pre_std_loss 0.010288113728165627,  0.92125 0.88422 0.89674 0.87093
2021-05-28 04:29:48,741:INFO:[Rank-3] val time 15.8131, epoch 190, step  40, loss 1.36562318, auc@1 62.89, auc@5 88.06
2021-05-28 04:30:26,141:INFO:[Rank-3] train time 37.1437, epoch 191, step  49, loss 0.90058172, auc@1 73.12, auc@5 94.18, share 6, std_loss 0.036006697358525526, pre_std_loss 0.026631642132997513,  0.92006 0.86116 0.87865 0.93468
2021-05-28 04:30:42,049:INFO:[Rank-3] val time 15.9062, epoch 191, step  40, loss 1.36548674, auc@1 62.76, auc@5 88.01
2021-05-28 04:31:19,385:INFO:[Rank-3] train time 37.2753, epoch 192, step  49, loss 0.88888234, auc@1 73.44, auc@5 94.44, share 8, std_loss 0.019404306912756696, pre_std_loss 0.014716711826622486,  0.89955 0.87366 0.87835 0.90031
2021-05-28 04:31:35,308:INFO:[Rank-3] val time 15.9205, epoch 192, step  40, loss 1.36981188, auc@1 62.94, auc@5 88.19
2021-05-28 04:32:13,237:INFO:[Rank-3] train time 37.6861, epoch 193, step  49, loss 0.89474905, auc@1 73.08, auc@5 94.36, share 11, std_loss 0.018808368308355614, pre_std_loss 0.019210657104849815,  0.89069 0.87034 0.86867 0.91812
2021-05-28 04:32:28,920:INFO:[Rank-3] val time 15.6803, epoch 193, step  40, loss 1.36953959, auc@1 62.79, auc@5 88.15
2021-05-28 04:33:06,751:INFO:[Rank-3] train time 37.5333, epoch 194, step  49, loss 0.89929581, auc@1 72.95, auc@5 94.38, share 7, std_loss 0.020342701038687815, pre_std_loss 0.011325308121740818,  0.88693 0.88036 0.93123 0.89288
2021-05-28 04:33:22,420:INFO:[Rank-3] val time 15.6666, epoch 194, step  40, loss 1.36047457, auc@1 62.82, auc@5 88.11
2021-05-28 04:33:59,855:INFO:[Rank-3] train time 37.1966, epoch 195, step  49, loss 0.89773029, auc@1 73.12, auc@5 94.27, share 9, std_loss 0.022730118956188768, pre_std_loss 0.015823690220713615,  0.91568 0.87837 0.90206 0.90937
2021-05-28 04:34:15,634:INFO:[Rank-3] val time 15.7756, epoch 195, step  40, loss 1.36115750, auc@1 62.88, auc@5 88.24
2021-05-28 04:34:52,899:INFO:[Rank-3] train time 37.1367, epoch 196, step  49, loss 0.89209133, auc@1 73.27, auc@5 94.38, share 7, std_loss 0.030667153472194866, pre_std_loss 0.024002086371183395,  0.91198 0.86675 0.91710 0.88259
2021-05-28 04:35:08,566:INFO:[Rank-3] val time 15.6643, epoch 196, step  40, loss 1.36149688, auc@1 62.83, auc@5 88.11
2021-05-28 04:35:46,318:INFO:[Rank-3] train time 37.5667, epoch 197, step  49, loss 0.89677900, auc@1 73.23, auc@5 94.33, share 10, std_loss 0.01418155488767186, pre_std_loss 0.0064464472234249115,  0.89898 0.91175 0.87635 0.90144
2021-05-28 04:36:02,036:INFO:[Rank-3] val time 15.7151, epoch 197, step  40, loss 1.36450226, auc@1 62.84, auc@5 88.08
2021-05-28 04:36:40,173:INFO:[Rank-3] train time 38.0354, epoch 198, step  49, loss 0.89611685, auc@1 73.25, auc@5 94.43, share 15, std_loss 0.013527825997420112, pre_std_loss 0.014341066591441631,  0.89156 0.88684 0.89969 0.92522
2021-05-28 04:36:55,866:INFO:[Rank-3] val time 15.6903, epoch 198, step  40, loss 1.36002243, auc@1 62.93, auc@5 88.24
2021-05-28 04:37:33,553:INFO:[Rank-3] train time 37.4398, epoch 199, step  49, loss 0.89599299, auc@1 73.41, auc@5 94.31, share 8, std_loss 0.023017549754253457, pre_std_loss 0.017394043505191803,  0.91776 0.86928 0.89047 0.90678
2021-05-28 04:37:49,186:INFO:[Rank-3] val time 15.6311, epoch 199, step  40, loss 1.36554818, auc@1 62.74, auc@5 88.13
2021-05-28 04:38:26,407:INFO:[Rank-3] train time 36.9239, epoch 200, step  49, loss 0.89449173, auc@1 73.19, auc@5 94.29, share 6, std_loss 0.02244409008369762, pre_std_loss 0.012693708762526512,  0.90547 0.87604 0.89354 0.89942
2021-05-28 04:38:42,017:INFO:[Rank-3] val time 15.6078, epoch 200, step  40, loss 1.36222855, auc@1 62.96, auc@5 88.26
2021-05-28 04:38:42,018:INFO:[Rank-3] finish, train+val 10638.19767, train 7492.00531, reduce_count 1738
