2021-05-28 04:38:50,352:INFO:[Rank-2] args : Namespace(batch=1024, current_time='20210527_224332', dataset='cifar100', epochs=200, ip='192.168.1.1:7548', k=8, loss_std_gap_rate=1.0, lr=0.01, momentum=0.9, name='minibatch', rank=2, scheduler_step=80, train_type='minibatch', weight_decay=0.005, world=4)
2021-05-28 04:39:34,290:INFO:[Rank-2] train time 42.0798, epoch   1, step  49, loss 4.76517010, auc@1 1.58, auc@5 6.80, share 49, std_loss 0, pre_std_loss 0, 
2021-05-28 04:39:49,858:INFO:[Rank-2] val time 15.5653, epoch   1, step  40, loss 4.67532470, auc@1 3.11, auc@5 11.04
2021-05-28 04:40:32,735:INFO:[Rank-2] train time 42.5207, epoch   2, step  49, loss 4.55509424, auc@1 2.84, auc@5 10.80, share 49, std_loss 0, pre_std_loss 0, 
2021-05-28 04:40:48,347:INFO:[Rank-2] val time 15.6094, epoch   2, step  40, loss 4.30551107, auc@1 4.68, auc@5 19.37
2021-05-28 04:41:31,349:INFO:[Rank-2] train time 42.6428, epoch   3, step  49, loss 4.38742685, auc@1 4.15, auc@5 15.53, share 49, std_loss 0, pre_std_loss 0, 
2021-05-28 04:41:46,829:INFO:[Rank-2] val time 15.4780, epoch   3, step  40, loss 4.15254887, auc@1 6.91, auc@5 23.54
2021-05-28 04:42:29,588:INFO:[Rank-2] train time 42.3667, epoch   4, step  49, loss 4.23874092, auc@1 5.45, auc@5 19.60, share 49, std_loss 0, pre_std_loss 0, 
2021-05-28 04:42:45,038:INFO:[Rank-2] val time 15.4484, epoch   4, step  40, loss 4.04225202, auc@1 8.60, auc@5 26.61
2021-05-28 04:43:28,485:INFO:[Rank-2] train time 43.0828, epoch   5, step  49, loss 4.11473942, auc@1 6.97, auc@5 22.90, share 49, std_loss 0, pre_std_loss 0, 
2021-05-28 04:43:43,949:INFO:[Rank-2] val time 15.4612, epoch   5, step  40, loss 3.90495860, auc@1 9.94, auc@5 30.15
2021-05-28 04:44:26,868:INFO:[Rank-2] train time 42.5681, epoch   6, step  49, loss 4.01363420, auc@1 8.13, auc@5 26.21, share 49, std_loss 0, pre_std_loss 0, 
2021-05-28 04:44:42,375:INFO:[Rank-2] val time 15.5047, epoch   6, step  40, loss 3.82989069, auc@1 10.72, auc@5 32.19
2021-05-28 04:45:25,033:INFO:[Rank-2] train time 42.2843, epoch   7, step  49, loss 3.92930031, auc@1 9.07, auc@5 28.73, share 49, std_loss 0, pre_std_loss 0, 
2021-05-28 04:45:40,606:INFO:[Rank-2] val time 15.5708, epoch   7, step  40, loss 3.74973778, auc@1 11.95, auc@5 35.30
2021-05-28 04:46:23,864:INFO:[Rank-2] train time 42.9313, epoch   8, step  49, loss 3.85456753, auc@1 10.24, auc@5 31.20, share 49, std_loss 0, pre_std_loss 0, 
2021-05-28 04:46:39,336:INFO:[Rank-2] val time 15.4703, epoch   8, step  40, loss 3.68703993, auc@1 13.82, auc@5 37.33
2021-05-28 04:47:22,345:INFO:[Rank-2] train time 42.5883, epoch   9, step  49, loss 3.78157520, auc@1 11.30, auc@5 33.29, share 49, std_loss 0, pre_std_loss 0, 
2021-05-28 04:47:37,896:INFO:[Rank-2] val time 15.5492, epoch   9, step  40, loss 3.62817585, auc@1 14.17, auc@5 38.93
2021-05-28 04:48:20,707:INFO:[Rank-2] train time 42.4952, epoch  10, step  49, loss 3.71870947, auc@1 12.32, auc@5 35.42, share 49, std_loss 0, pre_std_loss 0, 
2021-05-28 04:48:36,189:INFO:[Rank-2] val time 15.4801, epoch  10, step  40, loss 3.57686414, auc@1 15.07, auc@5 40.37
2021-05-28 04:49:19,005:INFO:[Rank-2] train time 42.4671, epoch  11, step  49, loss 3.66715002, auc@1 13.01, auc@5 36.84, share 49, std_loss 0, pre_std_loss 0, 
2021-05-28 04:49:34,465:INFO:[Rank-2] val time 15.4583, epoch  11, step  40, loss 3.50255733, auc@1 16.39, auc@5 41.73
2021-05-28 04:50:17,663:INFO:[Rank-2] train time 42.8508, epoch  12, step  49, loss 3.61486602, auc@1 13.83, auc@5 38.49, share 49, std_loss 0, pre_std_loss 0, 
2021-05-28 04:50:33,204:INFO:[Rank-2] val time 15.5396, epoch  12, step  40, loss 3.47794564, auc@1 16.55, auc@5 42.59
2021-05-28 04:51:15,999:INFO:[Rank-2] train time 42.4600, epoch  13, step  49, loss 3.56708980, auc@1 14.68, auc@5 39.75, share 49, std_loss 0, pre_std_loss 0, 
2021-05-28 04:51:31,496:INFO:[Rank-2] val time 15.4952, epoch  13, step  40, loss 3.40383015, auc@1 17.79, auc@5 44.43
2021-05-28 04:52:14,289:INFO:[Rank-2] train time 42.4212, epoch  14, step  49, loss 3.51834679, auc@1 15.48, auc@5 41.41, share 49, std_loss 0, pre_std_loss 0, 
2021-05-28 04:52:29,836:INFO:[Rank-2] val time 15.5458, epoch  14, step  40, loss 3.38788369, auc@1 18.33, auc@5 44.94
2021-05-28 04:53:12,608:INFO:[Rank-2] train time 42.3892, epoch  15, step  49, loss 3.46981120, auc@1 16.22, auc@5 42.88, share 49, std_loss 0, pre_std_loss 0, 
2021-05-28 04:53:28,111:INFO:[Rank-2] val time 15.5013, epoch  15, step  40, loss 3.33299748, auc@1 19.27, auc@5 46.54
2021-05-28 04:54:10,517:INFO:[Rank-2] train time 42.1009, epoch  16, step  49, loss 3.41760373, auc@1 16.95, auc@5 44.41, share 49, std_loss 0, pre_std_loss 0, 
2021-05-28 04:54:26,021:INFO:[Rank-2] val time 15.5026, epoch  16, step  40, loss 3.24902350, auc@1 21.18, auc@5 48.95
2021-05-28 04:55:09,083:INFO:[Rank-2] train time 42.7248, epoch  17, step  49, loss 3.37229896, auc@1 17.88, auc@5 45.74, share 49, std_loss 0, pre_std_loss 0, 
2021-05-28 04:55:24,548:INFO:[Rank-2] val time 15.4638, epoch  17, step  40, loss 3.21125844, auc@1 21.40, auc@5 49.64
2021-05-28 04:56:07,864:INFO:[Rank-2] train time 42.9334, epoch  18, step  49, loss 3.32657814, auc@1 18.95, auc@5 47.01, share 49, std_loss 0, pre_std_loss 0, 
2021-05-28 04:56:23,490:INFO:[Rank-2] val time 15.6241, epoch  18, step  40, loss 3.24712197, auc@1 20.82, auc@5 49.79
2021-05-28 04:57:06,216:INFO:[Rank-2] train time 42.4065, epoch  19, step  49, loss 3.28062868, auc@1 19.77, auc@5 48.22, share 49, std_loss 0, pre_std_loss 0, 
2021-05-28 04:57:21,731:INFO:[Rank-2] val time 15.5128, epoch  19, step  40, loss 3.14223386, auc@1 22.42, auc@5 52.38
2021-05-28 04:58:04,987:INFO:[Rank-2] train time 42.8825, epoch  20, step  49, loss 3.23294258, auc@1 20.44, auc@5 49.46, share 49, std_loss 0, pre_std_loss 0, 
2021-05-28 04:58:20,512:INFO:[Rank-2] val time 15.5237, epoch  20, step  40, loss 3.15205710, auc@1 22.42, auc@5 51.56
2021-05-28 04:59:03,328:INFO:[Rank-2] train time 42.3854, epoch  21, step  49, loss 3.19548774, auc@1 21.23, auc@5 50.40, share 49, std_loss 0, pre_std_loss 0, 
2021-05-28 04:59:18,936:INFO:[Rank-2] val time 15.6058, epoch  21, step  40, loss 3.15320943, auc@1 22.48, auc@5 51.81
2021-05-28 05:00:01,854:INFO:[Rank-2] train time 42.6313, epoch  22, step  49, loss 3.14194822, auc@1 22.20, auc@5 51.76, share 49, std_loss 0, pre_std_loss 0, 
2021-05-28 05:00:17,409:INFO:[Rank-2] val time 15.5537, epoch  22, step  40, loss 3.03357378, auc@1 24.78, auc@5 55.63
2021-05-28 05:01:00,294:INFO:[Rank-2] train time 42.4730, epoch  23, step  49, loss 3.09903431, auc@1 22.92, auc@5 53.07, share 49, std_loss 0, pre_std_loss 0, 
2021-05-28 05:01:15,772:INFO:[Rank-2] val time 15.4762, epoch  23, step  40, loss 3.01206231, auc@1 24.72, auc@5 55.85
2021-05-28 05:01:58,967:INFO:[Rank-2] train time 42.7956, epoch  24, step  49, loss 3.06430411, auc@1 23.42, auc@5 53.68, share 49, std_loss 0, pre_std_loss 0, 
2021-05-28 05:02:14,437:INFO:[Rank-2] val time 15.4685, epoch  24, step  40, loss 2.95762817, auc@1 26.20, auc@5 56.92
2021-05-28 05:02:57,721:INFO:[Rank-2] train time 42.8948, epoch  25, step  49, loss 3.02593207, auc@1 24.34, auc@5 54.96, share 49, std_loss 0, pre_std_loss 0, 
2021-05-28 05:03:13,198:INFO:[Rank-2] val time 15.4760, epoch  25, step  40, loss 2.93781877, auc@1 25.90, auc@5 57.06
2021-05-28 05:03:56,500:INFO:[Rank-2] train time 43.0158, epoch  26, step  49, loss 2.97631574, auc@1 25.19, auc@5 56.14, share 49, std_loss 0, pre_std_loss 0, 
2021-05-28 05:04:12,056:INFO:[Rank-2] val time 15.5535, epoch  26, step  40, loss 2.93456031, auc@1 26.27, auc@5 57.41
2021-05-28 05:04:54,900:INFO:[Rank-2] train time 42.4518, epoch  27, step  49, loss 2.94222569, auc@1 25.85, auc@5 57.19, share 49, std_loss 0, pre_std_loss 0, 
2021-05-28 05:05:10,347:INFO:[Rank-2] val time 15.4455, epoch  27, step  40, loss 2.83834991, auc@1 28.01, auc@5 59.81
2021-05-28 05:05:56,457:INFO:[Rank-2] train time 45.6037, epoch  28, step  49, loss 2.90427756, auc@1 26.51, auc@5 58.04, share 49, std_loss 0, pre_std_loss 0, 
2021-05-28 05:06:11,982:INFO:[Rank-2] val time 15.5229, epoch  28, step  40, loss 2.81603420, auc@1 28.60, auc@5 60.13
2021-05-28 05:07:01,947:INFO:[Rank-2] train time 49.6650, epoch  29, step  49, loss 2.86470318, auc@1 27.47, auc@5 58.99, share 49, std_loss 0, pre_std_loss 0, 
2021-05-28 05:07:17,367:INFO:[Rank-2] val time 15.4170, epoch  29, step  40, loss 2.75315599, auc@1 29.72, auc@5 62.25
2021-05-28 05:08:01,927:INFO:[Rank-2] train time 44.0504, epoch  30, step  49, loss 2.82629991, auc@1 28.26, auc@5 59.86, share 49, std_loss 0, pre_std_loss 0, 
2021-05-28 05:08:17,534:INFO:[Rank-2] val time 15.6044, epoch  30, step  40, loss 2.77578400, auc@1 29.79, auc@5 60.89
2021-05-28 05:09:00,813:INFO:[Rank-2] train time 42.9037, epoch  31, step  49, loss 2.78589630, auc@1 29.05, auc@5 60.62, share 49, std_loss 0, pre_std_loss 0, 
2021-05-28 05:09:16,274:INFO:[Rank-2] val time 15.4592, epoch  31, step  40, loss 2.69702692, auc@1 31.24, auc@5 63.05
2021-05-28 05:09:59,421:INFO:[Rank-2] train time 42.7919, epoch  32, step  49, loss 2.75464368, auc@1 29.50, auc@5 61.64, share 49, std_loss 0, pre_std_loss 0, 
2021-05-28 05:10:14,872:INFO:[Rank-2] val time 15.4487, epoch  32, step  40, loss 2.66677154, auc@1 31.70, auc@5 63.68
2021-05-28 05:10:57,800:INFO:[Rank-2] train time 42.5892, epoch  33, step  49, loss 2.72020960, auc@1 30.22, auc@5 62.11, share 49, std_loss 0, pre_std_loss 0, 
2021-05-28 05:11:13,298:INFO:[Rank-2] val time 15.4959, epoch  33, step  40, loss 2.62913239, auc@1 32.57, auc@5 64.90
2021-05-28 05:11:56,181:INFO:[Rank-2] train time 42.5310, epoch  34, step  49, loss 2.67841244, auc@1 31.16, auc@5 63.38, share 49, std_loss 0, pre_std_loss 0, 
2021-05-28 05:12:11,676:INFO:[Rank-2] val time 15.4919, epoch  34, step  40, loss 2.55705364, auc@1 34.48, auc@5 65.98
2021-05-28 05:12:54,725:INFO:[Rank-2] train time 42.7189, epoch  35, step  49, loss 2.64274001, auc@1 31.89, auc@5 64.26, share 49, std_loss 0, pre_std_loss 0, 
2021-05-28 05:13:10,281:INFO:[Rank-2] val time 15.5532, epoch  35, step  40, loss 2.59078475, auc@1 33.19, auc@5 65.32
2021-05-28 05:13:53,621:INFO:[Rank-2] train time 43.0082, epoch  36, step  49, loss 2.61064219, auc@1 32.48, auc@5 64.85, share 49, std_loss 0, pre_std_loss 0, 
2021-05-28 05:14:09,069:INFO:[Rank-2] val time 15.4464, epoch  36, step  40, loss 2.50258099, auc@1 34.98, auc@5 67.12
2021-05-28 05:14:52,129:INFO:[Rank-2] train time 42.6271, epoch  37, step  49, loss 2.57829118, auc@1 33.07, auc@5 65.65, share 49, std_loss 0, pre_std_loss 0, 
2021-05-28 05:15:07,777:INFO:[Rank-2] val time 15.6463, epoch  37, step  40, loss 2.54734827, auc@1 34.97, auc@5 65.97
2021-05-28 05:15:50,580:INFO:[Rank-2] train time 42.4111, epoch  38, step  49, loss 2.54535413, auc@1 33.65, auc@5 66.47, share 49, std_loss 0, pre_std_loss 0, 
2021-05-28 05:16:06,084:INFO:[Rank-2] val time 15.5027, epoch  38, step  40, loss 2.48500326, auc@1 35.41, auc@5 68.00
2021-05-28 05:16:49,600:INFO:[Rank-2] train time 43.1896, epoch  39, step  49, loss 2.51755524, auc@1 34.32, auc@5 67.02, share 49, std_loss 0, pre_std_loss 0, 
2021-05-28 05:17:05,146:INFO:[Rank-2] val time 15.5448, epoch  39, step  40, loss 2.56118526, auc@1 34.31, auc@5 66.45
2021-05-28 05:17:48,188:INFO:[Rank-2] train time 42.7919, epoch  40, step  49, loss 2.48411369, auc@1 34.72, auc@5 67.82, share 49, std_loss 0, pre_std_loss 0, 
2021-05-28 05:18:03,622:INFO:[Rank-2] val time 15.4325, epoch  40, step  40, loss 2.50085668, auc@1 34.92, auc@5 68.14
2021-05-28 05:18:46,765:INFO:[Rank-2] train time 42.8424, epoch  41, step  49, loss 2.45153332, auc@1 35.88, auc@5 68.47, share 49, std_loss 0, pre_std_loss 0, 
2021-05-28 05:19:02,224:INFO:[Rank-2] val time 15.4573, epoch  41, step  40, loss 2.44467566, auc@1 36.77, auc@5 68.76
2021-05-28 05:19:45,223:INFO:[Rank-2] train time 42.6306, epoch  42, step  49, loss 2.42075896, auc@1 36.37, auc@5 69.28, share 49, std_loss 0, pre_std_loss 0, 
2021-05-28 05:20:00,723:INFO:[Rank-2] val time 15.4977, epoch  42, step  40, loss 2.45065623, auc@1 36.94, auc@5 67.79
2021-05-28 05:20:43,755:INFO:[Rank-2] train time 42.6199, epoch  43, step  49, loss 2.39415193, auc@1 36.81, auc@5 69.95, share 49, std_loss 0, pre_std_loss 0, 
2021-05-28 05:20:59,196:INFO:[Rank-2] val time 15.4388, epoch  43, step  40, loss 2.42658847, auc@1 37.15, auc@5 68.92
2021-05-28 05:21:42,177:INFO:[Rank-2] train time 42.5785, epoch  44, step  49, loss 2.36445022, auc@1 37.41, auc@5 70.60, share 49, std_loss 0, pre_std_loss 0, 
2021-05-28 05:21:57,815:INFO:[Rank-2] val time 15.6359, epoch  44, step  40, loss 2.35795275, auc@1 38.02, auc@5 70.61
2021-05-28 05:22:40,718:INFO:[Rank-2] train time 42.5203, epoch  45, step  49, loss 2.33907104, auc@1 37.86, auc@5 71.05, share 49, std_loss 0, pre_std_loss 0, 
2021-05-28 05:22:56,214:INFO:[Rank-2] val time 15.4942, epoch  45, step  40, loss 2.33995024, auc@1 39.24, auc@5 71.03
2021-05-28 05:23:39,299:INFO:[Rank-2] train time 42.7887, epoch  46, step  49, loss 2.30488205, auc@1 38.71, auc@5 71.59, share 49, std_loss 0, pre_std_loss 0, 
2021-05-28 05:23:54,805:INFO:[Rank-2] val time 15.5033, epoch  46, step  40, loss 2.40742770, auc@1 37.46, auc@5 70.12
2021-05-28 05:24:37,762:INFO:[Rank-2] train time 42.5604, epoch  47, step  49, loss 2.28462434, auc@1 39.31, auc@5 72.07, share 49, std_loss 0, pre_std_loss 0, 
2021-05-28 05:24:53,384:INFO:[Rank-2] val time 15.6199, epoch  47, step  40, loss 2.54878365, auc@1 35.27, auc@5 67.46
2021-05-28 05:25:36,339:INFO:[Rank-2] train time 42.5600, epoch  48, step  49, loss 2.25488114, auc@1 39.91, auc@5 72.50, share 49, std_loss 0, pre_std_loss 0, 
2021-05-28 05:25:51,796:INFO:[Rank-2] val time 15.4549, epoch  48, step  40, loss 2.39031000, auc@1 37.89, auc@5 69.93
2021-05-28 05:26:34,452:INFO:[Rank-2] train time 42.2982, epoch  49, step  49, loss 2.22763181, auc@1 40.48, auc@5 73.22, share 49, std_loss 0, pre_std_loss 0, 
2021-05-28 05:26:50,007:INFO:[Rank-2] val time 15.5525, epoch  49, step  40, loss 2.31510466, auc@1 40.55, auc@5 71.63
2021-05-28 05:27:32,525:INFO:[Rank-2] train time 42.1847, epoch  50, step  49, loss 2.20819616, auc@1 40.83, auc@5 73.76, share 49, std_loss 0, pre_std_loss 0, 
2021-05-28 05:27:47,886:INFO:[Rank-2] val time 15.3593, epoch  50, step  40, loss 2.20867897, auc@1 42.11, auc@5 73.61
2021-05-28 05:28:30,655:INFO:[Rank-2] train time 42.3899, epoch  51, step  49, loss 2.09348941, auc@1 43.26, auc@5 75.84, share 49, std_loss 0, pre_std_loss 0, 
2021-05-28 05:28:46,084:INFO:[Rank-2] val time 15.4277, epoch  51, step  40, loss 2.07016097, auc@1 44.89, auc@5 75.91
2021-05-28 05:29:29,090:INFO:[Rank-2] train time 42.7337, epoch  52, step  49, loss 2.03149629, auc@1 45.00, auc@5 76.88, share 49, std_loss 0, pre_std_loss 0, 
2021-05-28 05:29:44,639:INFO:[Rank-2] val time 15.5472, epoch  52, step  40, loss 2.03549854, auc@1 45.69, auc@5 76.10
2021-05-28 05:30:27,077:INFO:[Rank-2] train time 42.0639, epoch  53, step  49, loss 2.01002145, auc@1 45.28, auc@5 77.48, share 49, std_loss 0, pre_std_loss 0, 
2021-05-28 05:30:42,571:INFO:[Rank-2] val time 15.4921, epoch  53, step  40, loss 2.02162318, auc@1 46.06, auc@5 76.54
2021-05-28 05:31:25,772:INFO:[Rank-2] train time 42.7600, epoch  54, step  49, loss 1.99630487, auc@1 45.88, auc@5 77.52, share 49, std_loss 0, pre_std_loss 0, 
2021-05-28 05:31:41,301:INFO:[Rank-2] val time 15.5272, epoch  54, step  40, loss 2.01738857, auc@1 46.38, auc@5 76.79
2021-05-28 05:32:24,384:INFO:[Rank-2] train time 42.7943, epoch  55, step  49, loss 1.98406994, auc@1 46.10, auc@5 77.71, share 49, std_loss 0, pre_std_loss 0, 
2021-05-28 05:32:39,815:INFO:[Rank-2] val time 15.4291, epoch  55, step  40, loss 2.00874502, auc@1 46.15, auc@5 76.64
2021-05-28 05:33:23,422:INFO:[Rank-2] train time 43.2456, epoch  56, step  49, loss 1.97028673, auc@1 46.16, auc@5 78.23, share 49, std_loss 0, pre_std_loss 0, 
2021-05-28 05:33:38,923:INFO:[Rank-2] val time 15.4992, epoch  56, step  40, loss 2.01706684, auc@1 45.95, auc@5 76.76
2021-05-28 05:34:21,672:INFO:[Rank-2] train time 42.4388, epoch  57, step  49, loss 1.96154583, auc@1 46.30, auc@5 78.22, share 49, std_loss 0, pre_std_loss 0, 
2021-05-28 05:34:37,032:INFO:[Rank-2] val time 15.3572, epoch  57, step  40, loss 1.99875307, auc@1 46.64, auc@5 77.16
2021-05-28 05:35:20,053:INFO:[Rank-2] train time 42.6798, epoch  58, step  49, loss 1.95566547, auc@1 46.52, auc@5 78.49, share 49, std_loss 0, pre_std_loss 0, 
2021-05-28 05:35:35,568:INFO:[Rank-2] val time 15.5135, epoch  58, step  40, loss 1.99885235, auc@1 46.41, auc@5 76.86
2021-05-28 05:36:18,312:INFO:[Rank-2] train time 42.4209, epoch  59, step  49, loss 1.95166564, auc@1 46.48, auc@5 78.53, share 49, std_loss 0, pre_std_loss 0, 
2021-05-28 05:36:33,898:INFO:[Rank-2] val time 15.5835, epoch  59, step  40, loss 1.99962721, auc@1 46.45, auc@5 76.83
2021-05-28 05:37:16,875:INFO:[Rank-2] train time 42.6290, epoch  60, step  49, loss 1.93700230, auc@1 46.74, auc@5 78.85, share 49, std_loss 0, pre_std_loss 0, 
2021-05-28 05:37:32,361:INFO:[Rank-2] val time 15.4837, epoch  60, step  40, loss 1.99251635, auc@1 46.50, auc@5 77.28
2021-05-28 05:38:15,930:INFO:[Rank-2] train time 43.1885, epoch  61, step  49, loss 1.93435252, auc@1 46.94, auc@5 79.02, share 49, std_loss 0, pre_std_loss 0, 
2021-05-28 05:38:31,329:INFO:[Rank-2] val time 15.3961, epoch  61, step  40, loss 1.99414015, auc@1 46.91, auc@5 77.18
2021-05-28 05:39:14,218:INFO:[Rank-2] train time 42.6096, epoch  62, step  49, loss 1.92205346, auc@1 47.10, auc@5 79.02, share 49, std_loss 0, pre_std_loss 0, 
2021-05-28 05:39:29,697:INFO:[Rank-2] val time 15.4765, epoch  62, step  40, loss 1.98188056, auc@1 47.32, auc@5 77.43
2021-05-28 05:40:12,944:INFO:[Rank-2] train time 42.9240, epoch  63, step  49, loss 1.91889286, auc@1 47.32, auc@5 79.20, share 49, std_loss 0, pre_std_loss 0, 
2021-05-28 05:40:28,531:INFO:[Rank-2] val time 15.5861, epoch  63, step  40, loss 1.98516635, auc@1 47.05, auc@5 77.32
2021-05-28 05:41:11,794:INFO:[Rank-2] train time 42.9227, epoch  64, step  49, loss 1.91242731, auc@1 47.37, auc@5 79.10, share 49, std_loss 0, pre_std_loss 0, 
2021-05-28 05:41:27,311:INFO:[Rank-2] val time 15.5147, epoch  64, step  40, loss 1.97985175, auc@1 47.12, auc@5 77.09
2021-05-28 05:42:09,822:INFO:[Rank-2] train time 42.1958, epoch  65, step  49, loss 1.89965641, auc@1 47.70, auc@5 79.42, share 49, std_loss 0, pre_std_loss 0, 
2021-05-28 05:42:25,290:INFO:[Rank-2] val time 15.4662, epoch  65, step  40, loss 1.97766350, auc@1 47.21, auc@5 77.45
2021-05-28 05:43:08,298:INFO:[Rank-2] train time 42.7178, epoch  66, step  49, loss 1.89833033, auc@1 47.74, auc@5 79.38, share 49, std_loss 0, pre_std_loss 0, 
2021-05-28 05:43:23,791:INFO:[Rank-2] val time 15.4909, epoch  66, step  40, loss 1.96806142, auc@1 47.62, auc@5 77.39
2021-05-28 05:44:07,571:INFO:[Rank-2] train time 43.4042, epoch  67, step  49, loss 1.89319754, auc@1 48.18, auc@5 79.54, share 49, std_loss 0, pre_std_loss 0, 
2021-05-28 05:44:23,040:INFO:[Rank-2] val time 15.4671, epoch  67, step  40, loss 1.96934233, auc@1 47.30, auc@5 77.58
2021-05-28 05:45:06,117:INFO:[Rank-2] train time 42.7227, epoch  68, step  49, loss 1.88832521, auc@1 48.17, auc@5 79.62, share 49, std_loss 0, pre_std_loss 0, 
2021-05-28 05:45:21,548:INFO:[Rank-2] val time 15.4289, epoch  68, step  40, loss 1.97172170, auc@1 47.34, auc@5 77.60
2021-05-28 05:46:04,975:INFO:[Rank-2] train time 42.9911, epoch  69, step  49, loss 1.88267505, auc@1 47.96, auc@5 79.73, share 49, std_loss 0, pre_std_loss 0, 
2021-05-28 05:46:20,421:INFO:[Rank-2] val time 15.4429, epoch  69, step  40, loss 1.96684745, auc@1 47.25, auc@5 77.71
2021-05-28 05:47:03,056:INFO:[Rank-2] train time 42.3438, epoch  70, step  49, loss 1.87594640, auc@1 48.27, auc@5 79.66, share 49, std_loss 0, pre_std_loss 0, 
2021-05-28 05:47:18,685:INFO:[Rank-2] val time 15.6265, epoch  70, step  40, loss 1.95981333, auc@1 47.47, auc@5 77.80
2021-05-28 05:48:01,278:INFO:[Rank-2] train time 42.2815, epoch  71, step  49, loss 1.87552869, auc@1 48.30, auc@5 80.09, share 49, std_loss 0, pre_std_loss 0, 
2021-05-28 05:48:16,694:INFO:[Rank-2] val time 15.4145, epoch  71, step  40, loss 1.96451627, auc@1 47.47, auc@5 77.76
2021-05-28 05:48:59,637:INFO:[Rank-2] train time 42.6213, epoch  72, step  49, loss 1.87179780, auc@1 48.31, auc@5 80.07, share 49, std_loss 0, pre_std_loss 0, 
2021-05-28 05:49:15,102:INFO:[Rank-2] val time 15.4638, epoch  72, step  40, loss 1.96162017, auc@1 47.58, auc@5 77.66
2021-05-28 05:49:57,716:INFO:[Rank-2] train time 42.2824, epoch  73, step  49, loss 1.86467755, auc@1 48.54, auc@5 79.89, share 49, std_loss 0, pre_std_loss 0, 
2021-05-28 05:50:13,404:INFO:[Rank-2] val time 15.6865, epoch  73, step  40, loss 1.96009301, auc@1 47.76, auc@5 77.89
2021-05-28 05:50:56,007:INFO:[Rank-2] train time 42.1947, epoch  74, step  49, loss 1.86318076, auc@1 48.52, auc@5 80.09, share 49, std_loss 0, pre_std_loss 0, 
2021-05-28 05:51:11,643:INFO:[Rank-2] val time 15.6337, epoch  74, step  40, loss 1.96082189, auc@1 47.49, auc@5 77.62
2021-05-28 05:51:54,433:INFO:[Rank-2] train time 42.4586, epoch  75, step  49, loss 1.84681129, auc@1 49.00, auc@5 80.39, share 49, std_loss 0, pre_std_loss 0, 
2021-05-28 05:52:10,009:INFO:[Rank-2] val time 15.5746, epoch  75, step  40, loss 1.95688044, auc@1 47.65, auc@5 77.67
2021-05-28 05:52:52,839:INFO:[Rank-2] train time 42.5311, epoch  76, step  49, loss 1.84750187, auc@1 49.01, auc@5 80.17, share 49, std_loss 0, pre_std_loss 0, 
2021-05-28 05:53:08,346:INFO:[Rank-2] val time 15.5050, epoch  76, step  40, loss 1.95502650, auc@1 47.78, auc@5 78.07
2021-05-28 05:53:51,224:INFO:[Rank-2] train time 42.5098, epoch  77, step  49, loss 1.84461832, auc@1 48.87, auc@5 80.36, share 49, std_loss 0, pre_std_loss 0, 
2021-05-28 05:54:06,721:INFO:[Rank-2] val time 15.4953, epoch  77, step  40, loss 1.95141148, auc@1 47.83, auc@5 77.80
2021-05-28 05:54:49,937:INFO:[Rank-2] train time 42.9237, epoch  78, step  49, loss 1.84478724, auc@1 48.97, auc@5 80.47, share 49, std_loss 0, pre_std_loss 0, 
2021-05-28 05:55:05,507:INFO:[Rank-2] val time 15.5683, epoch  78, step  40, loss 1.94771484, auc@1 47.91, auc@5 77.88
2021-05-28 05:55:48,480:INFO:[Rank-2] train time 42.5971, epoch  79, step  49, loss 1.82824159, auc@1 49.59, auc@5 80.69, share 49, std_loss 0, pre_std_loss 0, 
2021-05-28 05:56:04,012:INFO:[Rank-2] val time 15.5298, epoch  79, step  40, loss 1.94702819, auc@1 48.18, auc@5 78.17
2021-05-28 05:56:47,620:INFO:[Rank-2] train time 43.2439, epoch  80, step  49, loss 1.82931483, auc@1 49.32, auc@5 80.71, share 49, std_loss 0, pre_std_loss 0, 
2021-05-28 05:57:03,085:INFO:[Rank-2] val time 15.4628, epoch  80, step  40, loss 1.94635541, auc@1 48.37, auc@5 77.78
2021-05-28 05:57:46,158:INFO:[Rank-2] train time 42.7471, epoch  81, step  49, loss 1.82324779, auc@1 49.66, auc@5 80.70, share 49, std_loss 0, pre_std_loss 0, 
2021-05-28 05:58:01,789:INFO:[Rank-2] val time 15.6292, epoch  81, step  40, loss 1.96434079, auc@1 47.89, auc@5 77.72
2021-05-28 05:58:44,892:INFO:[Rank-2] train time 42.7342, epoch  82, step  49, loss 1.82305408, auc@1 49.34, auc@5 80.90, share 49, std_loss 0, pre_std_loss 0, 
2021-05-28 05:59:00,453:INFO:[Rank-2] val time 15.5596, epoch  82, step  40, loss 1.94985584, auc@1 47.77, auc@5 77.85
2021-05-28 05:59:43,385:INFO:[Rank-2] train time 42.6151, epoch  83, step  49, loss 1.80612385, auc@1 50.02, auc@5 81.07, share 49, std_loss 0, pre_std_loss 0, 
2021-05-28 05:59:58,766:INFO:[Rank-2] val time 15.3785, epoch  83, step  40, loss 1.93771750, auc@1 48.35, auc@5 78.44
2021-05-28 06:00:41,507:INFO:[Rank-2] train time 42.3658, epoch  84, step  49, loss 1.81040406, auc@1 49.96, auc@5 81.01, share 49, std_loss 0, pre_std_loss 0, 
2021-05-28 06:00:56,957:INFO:[Rank-2] val time 15.4482, epoch  84, step  40, loss 1.93430189, auc@1 48.19, auc@5 78.34
2021-05-28 06:01:40,274:INFO:[Rank-2] train time 42.9711, epoch  85, step  49, loss 1.80403030, auc@1 50.33, auc@5 81.09, share 49, std_loss 0, pre_std_loss 0, 
2021-05-28 06:01:55,867:INFO:[Rank-2] val time 15.5916, epoch  85, step  40, loss 1.93052906, auc@1 48.07, auc@5 78.40
2021-05-28 06:02:38,973:INFO:[Rank-2] train time 42.7513, epoch  86, step  49, loss 1.80186629, auc@1 50.19, auc@5 80.98, share 49, std_loss 0, pre_std_loss 0, 
2021-05-28 06:02:54,512:INFO:[Rank-2] val time 15.5373, epoch  86, step  40, loss 1.94383831, auc@1 48.02, auc@5 78.31
2021-05-28 06:03:37,713:INFO:[Rank-2] train time 42.8357, epoch  87, step  49, loss 1.80091715, auc@1 50.09, auc@5 81.10, share 49, std_loss 0, pre_std_loss 0, 
2021-05-28 06:03:53,194:INFO:[Rank-2] val time 15.4803, epoch  87, step  40, loss 1.94206925, auc@1 48.03, auc@5 78.30
2021-05-28 06:04:36,324:INFO:[Rank-2] train time 42.7880, epoch  88, step  49, loss 1.79351187, auc@1 50.30, auc@5 81.29, share 49, std_loss 0, pre_std_loss 0, 
2021-05-28 06:04:51,743:INFO:[Rank-2] val time 15.4173, epoch  88, step  40, loss 1.91955079, auc@1 48.65, auc@5 78.77
2021-05-28 06:05:34,791:INFO:[Rank-2] train time 42.7310, epoch  89, step  49, loss 1.78331733, auc@1 50.60, auc@5 81.50, share 49, std_loss 0, pre_std_loss 0, 
2021-05-28 06:05:50,364:INFO:[Rank-2] val time 15.5716, epoch  89, step  40, loss 1.92654782, auc@1 48.55, auc@5 78.45
2021-05-28 06:06:33,991:INFO:[Rank-2] train time 43.2650, epoch  90, step  49, loss 1.79094684, auc@1 50.26, auc@5 81.43, share 49, std_loss 0, pre_std_loss 0, 
2021-05-28 06:06:49,533:INFO:[Rank-2] val time 15.5406, epoch  90, step  40, loss 1.93342534, auc@1 47.93, auc@5 78.31
2021-05-28 06:07:32,467:INFO:[Rank-2] train time 42.5628, epoch  91, step  49, loss 1.77400160, auc@1 50.64, auc@5 81.74, share 49, std_loss 0, pre_std_loss 0, 
2021-05-28 06:07:48,036:INFO:[Rank-2] val time 15.5672, epoch  91, step  40, loss 1.92812070, auc@1 48.33, auc@5 78.54
2021-05-28 06:08:30,745:INFO:[Rank-2] train time 42.3483, epoch  92, step  49, loss 1.77602160, auc@1 50.74, auc@5 81.51, share 49, std_loss 0, pre_std_loss 0, 
2021-05-28 06:08:46,307:INFO:[Rank-2] val time 15.5603, epoch  92, step  40, loss 1.91567601, auc@1 48.96, auc@5 79.11
2021-05-28 06:09:29,493:INFO:[Rank-2] train time 42.8192, epoch  93, step  49, loss 1.76014090, auc@1 51.17, auc@5 81.94, share 49, std_loss 0, pre_std_loss 0, 
2021-05-28 06:09:44,984:INFO:[Rank-2] val time 15.4889, epoch  93, step  40, loss 1.93182296, auc@1 48.42, auc@5 78.31
2021-05-28 06:10:28,256:INFO:[Rank-2] train time 42.9212, epoch  94, step  49, loss 1.77028263, auc@1 50.82, auc@5 81.74, share 49, std_loss 0, pre_std_loss 0, 
2021-05-28 06:10:43,819:INFO:[Rank-2] val time 15.5620, epoch  94, step  40, loss 1.91272925, auc@1 48.93, auc@5 78.71
2021-05-28 06:11:26,504:INFO:[Rank-2] train time 42.3656, epoch  95, step  49, loss 1.75630987, auc@1 50.97, auc@5 81.87, share 49, std_loss 0, pre_std_loss 0, 
2021-05-28 06:11:42,007:INFO:[Rank-2] val time 15.5008, epoch  95, step  40, loss 1.92123951, auc@1 48.58, auc@5 78.86
2021-05-28 06:12:24,844:INFO:[Rank-2] train time 42.4277, epoch  96, step  49, loss 1.75062859, auc@1 51.12, auc@5 82.24, share 49, std_loss 0, pre_std_loss 0, 
2021-05-28 06:12:40,326:INFO:[Rank-2] val time 15.4806, epoch  96, step  40, loss 1.91177299, auc@1 48.51, auc@5 78.80
2021-05-28 06:13:23,024:INFO:[Rank-2] train time 42.3546, epoch  97, step  49, loss 1.75490749, auc@1 51.46, auc@5 81.98, share 49, std_loss 0, pre_std_loss 0, 
2021-05-28 06:13:38,513:INFO:[Rank-2] val time 15.4875, epoch  97, step  40, loss 1.91539914, auc@1 48.75, auc@5 78.68
2021-05-28 06:14:21,553:INFO:[Rank-2] train time 42.5999, epoch  98, step  49, loss 1.75357246, auc@1 51.08, auc@5 82.14, share 49, std_loss 0, pre_std_loss 0, 
2021-05-28 06:14:37,069:INFO:[Rank-2] val time 15.5133, epoch  98, step  40, loss 1.91059178, auc@1 48.78, auc@5 78.86
2021-05-28 06:15:20,162:INFO:[Rank-2] train time 42.7360, epoch  99, step  49, loss 1.74118078, auc@1 51.45, auc@5 82.41, share 49, std_loss 0, pre_std_loss 0, 
2021-05-28 06:15:35,675:INFO:[Rank-2] val time 15.5111, epoch  99, step  40, loss 1.91312612, auc@1 49.02, auc@5 78.88
2021-05-28 06:16:18,845:INFO:[Rank-2] train time 42.6926, epoch 100, step  49, loss 1.73500812, auc@1 51.69, auc@5 82.35, share 49, std_loss 0, pre_std_loss 0, 
2021-05-28 06:16:34,266:INFO:[Rank-2] val time 15.4189, epoch 100, step  40, loss 1.90639808, auc@1 49.03, auc@5 78.88
2021-05-28 06:17:17,403:INFO:[Rank-2] train time 42.7090, epoch 101, step  49, loss 1.72738886, auc@1 51.78, auc@5 82.43, share 49, std_loss 0, pre_std_loss 0, 
2021-05-28 06:17:33,013:INFO:[Rank-2] val time 15.6089, epoch 101, step  40, loss 1.89303276, auc@1 49.55, auc@5 79.31
2021-05-28 06:18:16,329:INFO:[Rank-2] train time 42.9798, epoch 102, step  49, loss 1.71970463, auc@1 51.97, auc@5 82.74, share 49, std_loss 0, pre_std_loss 0, 
2021-05-28 06:18:31,903:INFO:[Rank-2] val time 15.5723, epoch 102, step  40, loss 1.88910398, auc@1 49.56, auc@5 79.16
2021-05-28 06:19:15,212:INFO:[Rank-2] train time 42.8817, epoch 103, step  49, loss 1.71587801, auc@1 52.12, auc@5 82.56, share 49, std_loss 0, pre_std_loss 0, 
2021-05-28 06:19:30,774:INFO:[Rank-2] val time 15.5602, epoch 103, step  40, loss 1.88339272, auc@1 49.63, auc@5 79.46
2021-05-28 06:20:13,687:INFO:[Rank-2] train time 42.5256, epoch 104, step  49, loss 1.71380389, auc@1 52.10, auc@5 82.85, share 49, std_loss 0, pre_std_loss 0, 
2021-05-28 06:20:29,163:INFO:[Rank-2] val time 15.4742, epoch 104, step  40, loss 1.88715391, auc@1 49.58, auc@5 79.35
2021-05-28 06:21:12,245:INFO:[Rank-2] train time 42.7596, epoch 105, step  49, loss 1.71734703, auc@1 52.01, auc@5 82.62, share 49, std_loss 0, pre_std_loss 0, 
2021-05-28 06:21:27,782:INFO:[Rank-2] val time 15.5354, epoch 105, step  40, loss 1.88821581, auc@1 49.44, auc@5 79.34
2021-05-28 06:22:11,257:INFO:[Rank-2] train time 43.1288, epoch 106, step  49, loss 1.71566582, auc@1 52.26, auc@5 82.68, share 49, std_loss 0, pre_std_loss 0, 
2021-05-28 06:22:26,796:INFO:[Rank-2] val time 15.5377, epoch 106, step  40, loss 1.88382642, auc@1 49.51, auc@5 79.39
2021-05-28 06:23:09,817:INFO:[Rank-2] train time 42.6511, epoch 107, step  49, loss 1.71857595, auc@1 51.75, auc@5 82.66, share 49, std_loss 0, pre_std_loss 0, 
2021-05-28 06:23:25,381:INFO:[Rank-2] val time 15.5621, epoch 107, step  40, loss 1.88575728, auc@1 49.55, auc@5 79.51
2021-05-28 06:24:08,183:INFO:[Rank-2] train time 42.5063, epoch 108, step  49, loss 1.70459068, auc@1 52.49, auc@5 82.79, share 49, std_loss 0, pre_std_loss 0, 
2021-05-28 06:24:23,711:INFO:[Rank-2] val time 15.5253, epoch 108, step  40, loss 1.88312861, auc@1 49.60, auc@5 79.31
2021-05-28 06:25:06,186:INFO:[Rank-2] train time 42.0742, epoch 109, step  49, loss 1.71420395, auc@1 52.16, auc@5 82.70, share 49, std_loss 0, pre_std_loss 0, 
2021-05-28 06:25:21,613:INFO:[Rank-2] val time 15.4253, epoch 109, step  40, loss 1.88403571, auc@1 49.57, auc@5 79.58
2021-05-28 06:26:04,555:INFO:[Rank-2] train time 42.5834, epoch 110, step  49, loss 1.71095979, auc@1 52.11, auc@5 82.80, share 49, std_loss 0, pre_std_loss 0, 
2021-05-28 06:26:20,096:INFO:[Rank-2] val time 15.5388, epoch 110, step  40, loss 1.88429994, auc@1 49.63, auc@5 79.33
2021-05-28 06:27:02,904:INFO:[Rank-2] train time 42.4814, epoch 111, step  49, loss 1.70353973, auc@1 52.46, auc@5 82.99, share 49, std_loss 0, pre_std_loss 0, 
2021-05-28 06:27:18,341:INFO:[Rank-2] val time 15.4351, epoch 111, step  40, loss 1.87953300, auc@1 49.81, auc@5 79.67
2021-05-28 06:28:01,277:INFO:[Rank-2] train time 42.6337, epoch 112, step  49, loss 1.70383573, auc@1 52.44, auc@5 82.95, share 49, std_loss 0, pre_std_loss 0, 
2021-05-28 06:28:16,864:INFO:[Rank-2] val time 15.5854, epoch 112, step  40, loss 1.87890033, auc@1 49.70, auc@5 79.49
2021-05-28 06:28:59,342:INFO:[Rank-2] train time 42.2271, epoch 113, step  49, loss 1.70491171, auc@1 52.28, auc@5 82.86, share 49, std_loss 0, pre_std_loss 0, 
2021-05-28 06:29:14,799:INFO:[Rank-2] val time 15.4547, epoch 113, step  40, loss 1.88188710, auc@1 49.58, auc@5 79.41
2021-05-28 06:29:57,961:INFO:[Rank-2] train time 42.8077, epoch 114, step  49, loss 1.70298111, auc@1 52.48, auc@5 82.95, share 49, std_loss 0, pre_std_loss 0, 
2021-05-28 06:30:13,384:INFO:[Rank-2] val time 15.4208, epoch 114, step  40, loss 1.87953500, auc@1 49.53, auc@5 79.40
2021-05-28 06:30:56,452:INFO:[Rank-2] train time 42.7327, epoch 115, step  49, loss 1.69814122, auc@1 52.33, auc@5 83.07, share 49, std_loss 0, pre_std_loss 0, 
2021-05-28 06:31:12,033:INFO:[Rank-2] val time 15.5794, epoch 115, step  40, loss 1.88080570, auc@1 49.54, auc@5 79.53
2021-05-28 06:31:54,799:INFO:[Rank-2] train time 42.4004, epoch 116, step  49, loss 1.70222068, auc@1 52.21, auc@5 83.00, share 49, std_loss 0, pre_std_loss 0, 
2021-05-28 06:32:10,269:INFO:[Rank-2] val time 15.4675, epoch 116, step  40, loss 1.88115330, auc@1 49.66, auc@5 79.51
2021-05-28 06:32:53,181:INFO:[Rank-2] train time 42.5405, epoch 117, step  49, loss 1.69947457, auc@1 52.44, auc@5 83.05, share 49, std_loss 0, pre_std_loss 0, 
2021-05-28 06:33:08,747:INFO:[Rank-2] val time 15.5643, epoch 117, step  40, loss 1.88107336, auc@1 49.73, auc@5 79.54
2021-05-28 06:33:51,857:INFO:[Rank-2] train time 42.7338, epoch 118, step  49, loss 1.69861221, auc@1 52.53, auc@5 83.01, share 49, std_loss 0, pre_std_loss 0, 
2021-05-28 06:34:07,259:INFO:[Rank-2] val time 15.4002, epoch 118, step  40, loss 1.88038147, auc@1 49.72, auc@5 79.43
2021-05-28 06:34:50,907:INFO:[Rank-2] train time 43.2590, epoch 119, step  49, loss 1.69964182, auc@1 52.62, auc@5 83.09, share 49, std_loss 0, pre_std_loss 0, 
2021-05-28 06:35:06,516:INFO:[Rank-2] val time 15.6072, epoch 119, step  40, loss 1.88024406, auc@1 49.60, auc@5 79.48
2021-05-28 06:35:49,124:INFO:[Rank-2] train time 42.2551, epoch 120, step  49, loss 1.69960535, auc@1 52.61, auc@5 82.78, share 49, std_loss 0, pre_std_loss 0, 
2021-05-28 06:36:04,655:INFO:[Rank-2] val time 15.5292, epoch 120, step  40, loss 1.88174347, auc@1 49.67, auc@5 79.58
2021-05-28 06:36:47,875:INFO:[Rank-2] train time 42.8502, epoch 121, step  49, loss 1.69827592, auc@1 52.32, auc@5 83.14, share 49, std_loss 0, pre_std_loss 0, 
2021-05-28 06:37:03,460:INFO:[Rank-2] val time 15.5826, epoch 121, step  40, loss 1.88168924, auc@1 49.73, auc@5 79.60
2021-05-28 06:37:46,752:INFO:[Rank-2] train time 42.9916, epoch 122, step  49, loss 1.69857895, auc@1 52.71, auc@5 82.94, share 49, std_loss 0, pre_std_loss 0, 
2021-05-28 06:38:02,158:INFO:[Rank-2] val time 15.4036, epoch 122, step  40, loss 1.87845061, auc@1 49.73, auc@5 79.55
2021-05-28 06:38:44,850:INFO:[Rank-2] train time 42.3025, epoch 123, step  49, loss 1.69629514, auc@1 52.67, auc@5 83.03, share 49, std_loss 0, pre_std_loss 0, 
2021-05-28 06:39:00,304:INFO:[Rank-2] val time 15.4513, epoch 123, step  40, loss 1.87652250, auc@1 49.70, auc@5 79.68
2021-05-28 06:39:43,475:INFO:[Rank-2] train time 42.8655, epoch 124, step  49, loss 1.69832599, auc@1 52.31, auc@5 83.03, share 49, std_loss 0, pre_std_loss 0, 
2021-05-28 06:39:59,038:INFO:[Rank-2] val time 15.5605, epoch 124, step  40, loss 1.87976396, auc@1 49.70, auc@5 79.59
2021-05-28 06:40:42,029:INFO:[Rank-2] train time 42.7914, epoch 125, step  49, loss 1.69366276, auc@1 52.72, auc@5 82.99, share 49, std_loss 0, pre_std_loss 0, 
2021-05-28 06:40:57,525:INFO:[Rank-2] val time 15.4948, epoch 125, step  40, loss 1.87628000, auc@1 49.91, auc@5 79.51
2021-05-28 06:41:40,476:INFO:[Rank-2] train time 42.5629, epoch 126, step  49, loss 1.69748592, auc@1 52.84, auc@5 82.99, share 49, std_loss 0, pre_std_loss 0, 
2021-05-28 06:41:56,000:INFO:[Rank-2] val time 15.5224, epoch 126, step  40, loss 1.87884022, auc@1 49.61, auc@5 79.50
2021-05-28 06:42:38,774:INFO:[Rank-2] train time 42.4730, epoch 127, step  49, loss 1.69261360, auc@1 52.54, auc@5 83.09, share 49, std_loss 0, pre_std_loss 0, 
2021-05-28 06:42:54,274:INFO:[Rank-2] val time 15.4982, epoch 127, step  40, loss 1.87693673, auc@1 49.77, auc@5 79.48
2021-05-28 06:43:37,899:INFO:[Rank-2] train time 43.2555, epoch 128, step  49, loss 1.69548869, auc@1 52.66, auc@5 83.10, share 49, std_loss 0, pre_std_loss 0, 
2021-05-28 06:43:53,432:INFO:[Rank-2] val time 15.5312, epoch 128, step  40, loss 1.87678692, auc@1 49.93, auc@5 79.51
2021-05-28 06:44:36,543:INFO:[Rank-2] train time 42.7240, epoch 129, step  49, loss 1.68998671, auc@1 52.93, auc@5 83.09, share 49, std_loss 0, pre_std_loss 0, 
2021-05-28 06:44:51,977:INFO:[Rank-2] val time 15.4315, epoch 129, step  40, loss 1.87583459, auc@1 49.82, auc@5 79.54
2021-05-28 06:45:35,209:INFO:[Rank-2] train time 42.9153, epoch 130, step  49, loss 1.69561815, auc@1 52.50, auc@5 83.27, share 49, std_loss 0, pre_std_loss 0, 
2021-05-28 06:45:50,622:INFO:[Rank-2] val time 15.4114, epoch 130, step  40, loss 1.87720396, auc@1 49.76, auc@5 79.49
2021-05-28 06:46:33,672:INFO:[Rank-2] train time 42.6880, epoch 131, step  49, loss 1.69316792, auc@1 52.45, auc@5 82.96, share 49, std_loss 0, pre_std_loss 0, 
2021-05-28 06:46:49,228:INFO:[Rank-2] val time 15.5544, epoch 131, step  40, loss 1.87488178, auc@1 49.80, auc@5 79.49
2021-05-28 06:47:31,684:INFO:[Rank-2] train time 42.0887, epoch 132, step  49, loss 1.68637097, auc@1 52.72, auc@5 83.23, share 49, std_loss 0, pre_std_loss 0, 
2021-05-28 06:47:47,142:INFO:[Rank-2] val time 15.4559, epoch 132, step  40, loss 1.87628967, auc@1 49.52, auc@5 79.58
2021-05-28 06:48:30,187:INFO:[Rank-2] train time 42.6677, epoch 133, step  49, loss 1.69475949, auc@1 52.71, auc@5 82.93, share 49, std_loss 0, pre_std_loss 0, 
2021-05-28 06:48:45,673:INFO:[Rank-2] val time 15.4840, epoch 133, step  40, loss 1.87649079, auc@1 49.87, auc@5 79.67
2021-05-28 06:49:28,907:INFO:[Rank-2] train time 42.8742, epoch 134, step  49, loss 1.69291973, auc@1 52.64, auc@5 83.07, share 49, std_loss 0, pre_std_loss 0, 
2021-05-28 06:49:44,364:INFO:[Rank-2] val time 15.4559, epoch 134, step  40, loss 1.87556616, auc@1 49.89, auc@5 79.56
2021-05-28 06:50:27,631:INFO:[Rank-2] train time 42.9302, epoch 135, step  49, loss 1.68800080, auc@1 52.68, auc@5 83.19, share 49, std_loss 0, pre_std_loss 0, 
2021-05-28 06:50:43,118:INFO:[Rank-2] val time 15.4852, epoch 135, step  40, loss 1.87681875, auc@1 50.01, auc@5 79.45
2021-05-28 06:51:26,279:INFO:[Rank-2] train time 42.7887, epoch 136, step  49, loss 1.68774152, auc@1 52.65, auc@5 83.17, share 49, std_loss 0, pre_std_loss 0, 
2021-05-28 06:51:41,709:INFO:[Rank-2] val time 15.4269, epoch 136, step  40, loss 1.87459109, auc@1 49.82, auc@5 79.59
2021-05-28 06:52:24,847:INFO:[Rank-2] train time 42.7695, epoch 137, step  49, loss 1.68693018, auc@1 52.58, auc@5 83.20, share 49, std_loss 0, pre_std_loss 0, 
2021-05-28 06:52:40,373:INFO:[Rank-2] val time 15.5240, epoch 137, step  40, loss 1.87599072, auc@1 49.93, auc@5 79.57
2021-05-28 06:53:23,276:INFO:[Rank-2] train time 42.5263, epoch 138, step  49, loss 1.68482292, auc@1 52.91, auc@5 83.24, share 49, std_loss 0, pre_std_loss 0, 
2021-05-28 06:53:38,847:INFO:[Rank-2] val time 15.5695, epoch 138, step  40, loss 1.87384879, auc@1 49.95, auc@5 79.52
2021-05-28 06:54:21,915:INFO:[Rank-2] train time 42.7360, epoch 139, step  49, loss 1.68442464, auc@1 52.94, auc@5 83.20, share 49, std_loss 0, pre_std_loss 0, 
2021-05-28 06:54:37,377:INFO:[Rank-2] val time 15.4601, epoch 139, step  40, loss 1.87345195, auc@1 49.84, auc@5 79.58
2021-05-28 06:55:20,472:INFO:[Rank-2] train time 42.7442, epoch 140, step  49, loss 1.69003046, auc@1 52.83, auc@5 83.17, share 49, std_loss 0, pre_std_loss 0, 
2021-05-28 06:55:35,966:INFO:[Rank-2] val time 15.4919, epoch 140, step  40, loss 1.87544393, auc@1 49.79, auc@5 79.46
2021-05-28 06:56:18,755:INFO:[Rank-2] train time 42.4675, epoch 141, step  49, loss 1.68784785, auc@1 52.97, auc@5 83.14, share 49, std_loss 0, pre_std_loss 0, 
2021-05-28 06:56:34,321:INFO:[Rank-2] val time 15.5641, epoch 141, step  40, loss 1.87392449, auc@1 49.69, auc@5 79.53
2021-05-28 06:57:17,370:INFO:[Rank-2] train time 42.7891, epoch 142, step  49, loss 1.68142021, auc@1 53.05, auc@5 83.30, share 49, std_loss 0, pre_std_loss 0, 
2021-05-28 06:57:32,984:INFO:[Rank-2] val time 15.6121, epoch 142, step  40, loss 1.87696557, auc@1 49.80, auc@5 79.42
2021-05-28 06:58:15,890:INFO:[Rank-2] train time 42.6075, epoch 143, step  49, loss 1.68927395, auc@1 52.95, auc@5 83.16, share 49, std_loss 0, pre_std_loss 0, 
2021-05-28 06:58:31,497:INFO:[Rank-2] val time 15.6052, epoch 143, step  40, loss 1.87170803, auc@1 50.09, auc@5 79.67
2021-05-28 06:59:14,546:INFO:[Rank-2] train time 42.7067, epoch 144, step  49, loss 1.68188465, auc@1 52.88, auc@5 83.32, share 49, std_loss 0, pre_std_loss 0, 
2021-05-28 06:59:30,124:INFO:[Rank-2] val time 15.5762, epoch 144, step  40, loss 1.87641415, auc@1 49.94, auc@5 79.55
2021-05-28 07:00:13,225:INFO:[Rank-2] train time 42.7056, epoch 145, step  49, loss 1.68961406, auc@1 52.88, auc@5 83.13, share 49, std_loss 0, pre_std_loss 0, 
2021-05-28 07:00:28,774:INFO:[Rank-2] val time 15.5474, epoch 145, step  40, loss 1.87419680, auc@1 50.00, auc@5 79.54
2021-05-28 07:01:11,299:INFO:[Rank-2] train time 42.2139, epoch 146, step  49, loss 1.68584144, auc@1 52.71, auc@5 83.21, share 49, std_loss 0, pre_std_loss 0, 
2021-05-28 07:01:26,784:INFO:[Rank-2] val time 15.4817, epoch 146, step  40, loss 1.87185182, auc@1 49.79, auc@5 79.41
2021-05-28 07:02:09,814:INFO:[Rank-2] train time 42.6540, epoch 147, step  49, loss 1.68246388, auc@1 53.04, auc@5 83.24, share 49, std_loss 0, pre_std_loss 0, 
2021-05-28 07:02:25,297:INFO:[Rank-2] val time 15.4810, epoch 147, step  40, loss 1.86985136, auc@1 49.98, auc@5 79.62
2021-05-28 07:03:08,628:INFO:[Rank-2] train time 42.9480, epoch 148, step  49, loss 1.68287504, auc@1 52.93, auc@5 83.28, share 49, std_loss 0, pre_std_loss 0, 
2021-05-28 07:03:24,095:INFO:[Rank-2] val time 15.4652, epoch 148, step  40, loss 1.87312745, auc@1 49.87, auc@5 79.58
2021-05-28 07:04:07,078:INFO:[Rank-2] train time 42.5743, epoch 149, step  49, loss 1.68295515, auc@1 52.82, auc@5 83.34, share 49, std_loss 0, pre_std_loss 0, 
2021-05-28 07:04:22,533:INFO:[Rank-2] val time 15.4533, epoch 149, step  40, loss 1.87190866, auc@1 49.87, auc@5 79.61
2021-05-28 07:05:05,505:INFO:[Rank-2] train time 42.6142, epoch 150, step  49, loss 1.68526816, auc@1 52.90, auc@5 83.13, share 49, std_loss 0, pre_std_loss 0, 
2021-05-28 07:05:21,048:INFO:[Rank-2] val time 15.5404, epoch 150, step  40, loss 1.87268183, auc@1 49.87, auc@5 79.61
2021-05-28 07:06:04,128:INFO:[Rank-2] train time 42.7489, epoch 151, step  49, loss 1.68496144, auc@1 53.16, auc@5 83.02, share 49, std_loss 0, pre_std_loss 0, 
2021-05-28 07:06:19,687:INFO:[Rank-2] val time 15.5567, epoch 151, step  40, loss 1.86922385, auc@1 49.79, auc@5 79.66
2021-05-28 07:07:02,784:INFO:[Rank-2] train time 42.7548, epoch 152, step  49, loss 1.67941630, auc@1 52.91, auc@5 83.44, share 49, std_loss 0, pre_std_loss 0, 
2021-05-28 07:07:18,233:INFO:[Rank-2] val time 15.4472, epoch 152, step  40, loss 1.87208089, auc@1 49.96, auc@5 79.62
2021-05-28 07:08:01,706:INFO:[Rank-2] train time 43.1276, epoch 153, step  49, loss 1.67522395, auc@1 52.93, auc@5 83.14, share 49, std_loss 0, pre_std_loss 0, 
2021-05-28 07:08:17,262:INFO:[Rank-2] val time 15.5536, epoch 153, step  40, loss 1.87216311, auc@1 49.93, auc@5 79.60
2021-05-28 07:08:59,903:INFO:[Rank-2] train time 42.3155, epoch 154, step  49, loss 1.67768967, auc@1 53.09, auc@5 83.38, share 49, std_loss 0, pre_std_loss 0, 
2021-05-28 07:09:15,299:INFO:[Rank-2] val time 15.3943, epoch 154, step  40, loss 1.86978067, auc@1 49.87, auc@5 79.57
2021-05-28 07:09:58,774:INFO:[Rank-2] train time 43.1141, epoch 155, step  49, loss 1.67766869, auc@1 52.95, auc@5 83.36, share 49, std_loss 0, pre_std_loss 0, 
2021-05-28 07:10:14,324:INFO:[Rank-2] val time 15.5473, epoch 155, step  40, loss 1.86862627, auc@1 49.84, auc@5 79.63
2021-05-28 07:10:57,652:INFO:[Rank-2] train time 42.9683, epoch 156, step  49, loss 1.68930936, auc@1 52.55, auc@5 83.01, share 49, std_loss 0, pre_std_loss 0, 
2021-05-28 07:11:13,167:INFO:[Rank-2] val time 15.5128, epoch 156, step  40, loss 1.87418289, auc@1 49.84, auc@5 79.53
2021-05-28 07:11:56,265:INFO:[Rank-2] train time 42.7480, epoch 157, step  49, loss 1.67951214, auc@1 53.11, auc@5 83.18, share 49, std_loss 0, pre_std_loss 0, 
2021-05-28 07:12:11,774:INFO:[Rank-2] val time 15.5065, epoch 157, step  40, loss 1.87337785, auc@1 49.91, auc@5 79.64
2021-05-28 07:12:54,818:INFO:[Rank-2] train time 42.6768, epoch 158, step  49, loss 1.67591691, auc@1 53.14, auc@5 83.18, share 49, std_loss 0, pre_std_loss 0, 
2021-05-28 07:13:10,307:INFO:[Rank-2] val time 15.4873, epoch 158, step  40, loss 1.87328123, auc@1 49.90, auc@5 79.62
2021-05-28 07:13:53,215:INFO:[Rank-2] train time 42.5265, epoch 159, step  49, loss 1.67903721, auc@1 53.01, auc@5 83.22, share 49, std_loss 0, pre_std_loss 0, 
2021-05-28 07:14:08,611:INFO:[Rank-2] val time 15.3945, epoch 159, step  40, loss 1.87596282, auc@1 49.81, auc@5 79.48
2021-05-28 07:14:51,694:INFO:[Rank-2] train time 42.6928, epoch 160, step  49, loss 1.67768526, auc@1 52.94, auc@5 83.12, share 49, std_loss 0, pre_std_loss 0, 
2021-05-28 07:15:07,077:INFO:[Rank-2] val time 15.3810, epoch 160, step  40, loss 1.87143806, auc@1 49.97, auc@5 79.57
2021-05-28 07:15:50,364:INFO:[Rank-2] train time 42.9627, epoch 161, step  49, loss 1.67927659, auc@1 53.20, auc@5 83.36, share 49, std_loss 0, pre_std_loss 0, 
2021-05-28 07:16:05,864:INFO:[Rank-2] val time 15.4985, epoch 161, step  40, loss 1.86975791, auc@1 49.96, auc@5 79.43
2021-05-28 07:16:48,758:INFO:[Rank-2] train time 42.5479, epoch 162, step  49, loss 1.67829621, auc@1 53.00, auc@5 83.30, share 49, std_loss 0, pre_std_loss 0, 
2021-05-28 07:17:04,334:INFO:[Rank-2] val time 15.5736, epoch 162, step  40, loss 1.86696144, auc@1 49.97, auc@5 79.68
2021-05-28 07:17:47,201:INFO:[Rank-2] train time 42.5103, epoch 163, step  49, loss 1.67903721, auc@1 53.02, auc@5 83.32, share 49, std_loss 0, pre_std_loss 0, 
2021-05-28 07:18:02,831:INFO:[Rank-2] val time 15.6283, epoch 163, step  40, loss 1.87168524, auc@1 49.97, auc@5 79.73
2021-05-28 07:18:45,791:INFO:[Rank-2] train time 42.5906, epoch 164, step  49, loss 1.68242848, auc@1 52.84, auc@5 83.17, share 49, std_loss 0, pre_std_loss 0, 
2021-05-28 07:19:01,157:INFO:[Rank-2] val time 15.3650, epoch 164, step  40, loss 1.86823897, auc@1 49.90, auc@5 79.44
2021-05-28 07:19:44,075:INFO:[Rank-2] train time 42.4958, epoch 165, step  49, loss 1.67488205, auc@1 53.22, auc@5 83.34, share 49, std_loss 0, pre_std_loss 0, 
2021-05-28 07:19:59,525:INFO:[Rank-2] val time 15.4476, epoch 165, step  40, loss 1.87342609, auc@1 49.97, auc@5 79.53
2021-05-28 07:20:42,382:INFO:[Rank-2] train time 42.5638, epoch 166, step  49, loss 1.68334591, auc@1 52.85, auc@5 83.32, share 49, std_loss 0, pre_std_loss 0, 
2021-05-28 07:20:57,813:INFO:[Rank-2] val time 15.4289, epoch 166, step  40, loss 1.87088749, auc@1 50.03, auc@5 79.70
2021-05-28 07:21:41,042:INFO:[Rank-2] train time 42.8577, epoch 167, step  49, loss 1.67600560, auc@1 53.01, auc@5 83.41, share 49, std_loss 0, pre_std_loss 0, 
2021-05-28 07:21:56,525:INFO:[Rank-2] val time 15.4813, epoch 167, step  40, loss 1.86918723, auc@1 50.00, auc@5 79.64
2021-05-28 07:22:39,600:INFO:[Rank-2] train time 42.7271, epoch 168, step  49, loss 1.68041003, auc@1 52.95, auc@5 83.23, share 49, std_loss 0, pre_std_loss 0, 
2021-05-28 07:22:55,086:INFO:[Rank-2] val time 15.4841, epoch 168, step  40, loss 1.86854248, auc@1 49.86, auc@5 79.49
2021-05-28 07:23:37,933:INFO:[Rank-2] train time 42.5602, epoch 169, step  49, loss 1.67933714, auc@1 52.80, auc@5 83.43, share 49, std_loss 0, pre_std_loss 0, 
2021-05-28 07:23:53,430:INFO:[Rank-2] val time 15.4949, epoch 169, step  40, loss 1.86907183, auc@1 50.17, auc@5 79.56
2021-05-28 07:24:36,227:INFO:[Rank-2] train time 42.4441, epoch 170, step  49, loss 1.67985988, auc@1 52.99, auc@5 83.30, share 49, std_loss 0, pre_std_loss 0, 
2021-05-28 07:24:51,771:INFO:[Rank-2] val time 15.5418, epoch 170, step  40, loss 1.87103444, auc@1 49.90, auc@5 79.52
2021-05-28 07:25:34,846:INFO:[Rank-2] train time 42.7481, epoch 171, step  49, loss 1.68266904, auc@1 52.77, auc@5 83.19, share 49, std_loss 0, pre_std_loss 0, 
2021-05-28 07:25:50,255:INFO:[Rank-2] val time 15.4072, epoch 171, step  40, loss 1.86890188, auc@1 49.95, auc@5 79.49
2021-05-28 07:26:32,688:INFO:[Rank-2] train time 42.1607, epoch 172, step  49, loss 1.68508089, auc@1 53.13, auc@5 82.96, share 49, std_loss 0, pre_std_loss 0, 
2021-05-28 07:26:48,216:INFO:[Rank-2] val time 15.5256, epoch 172, step  40, loss 1.87439440, auc@1 49.79, auc@5 79.50
2021-05-28 07:27:30,987:INFO:[Rank-2] train time 42.3869, epoch 173, step  49, loss 1.67931437, auc@1 52.77, auc@5 83.45, share 49, std_loss 0, pre_std_loss 0, 
2021-05-28 07:27:46,546:INFO:[Rank-2] val time 15.5566, epoch 173, step  40, loss 1.87300126, auc@1 49.96, auc@5 79.58
2021-05-28 07:28:29,645:INFO:[Rank-2] train time 42.7246, epoch 174, step  49, loss 1.67037058, auc@1 53.39, auc@5 83.43, share 49, std_loss 0, pre_std_loss 0, 
2021-05-28 07:28:45,082:INFO:[Rank-2] val time 15.4355, epoch 174, step  40, loss 1.86871247, auc@1 50.09, auc@5 79.57
2021-05-28 07:29:28,044:INFO:[Rank-2] train time 42.6311, epoch 175, step  49, loss 1.68379533, auc@1 52.94, auc@5 83.03, share 49, std_loss 0, pre_std_loss 0, 
2021-05-28 07:29:43,692:INFO:[Rank-2] val time 15.6467, epoch 175, step  40, loss 1.87078854, auc@1 49.80, auc@5 79.57
2021-05-28 07:30:26,722:INFO:[Rank-2] train time 42.5881, epoch 176, step  49, loss 1.68313515, auc@1 52.86, auc@5 83.29, share 49, std_loss 0, pre_std_loss 0, 
2021-05-28 07:30:42,328:INFO:[Rank-2] val time 15.6043, epoch 176, step  40, loss 1.87114948, auc@1 49.88, auc@5 79.69
2021-05-28 07:31:25,157:INFO:[Rank-2] train time 42.4780, epoch 177, step  49, loss 1.68237495, auc@1 52.86, auc@5 83.28, share 49, std_loss 0, pre_std_loss 0, 
2021-05-28 07:31:40,651:INFO:[Rank-2] val time 15.4917, epoch 177, step  40, loss 1.86898036, auc@1 49.98, auc@5 79.55
2021-05-28 07:32:23,946:INFO:[Rank-2] train time 42.8410, epoch 178, step  49, loss 1.67834640, auc@1 53.03, auc@5 83.21, share 49, std_loss 0, pre_std_loss 0, 
2021-05-28 07:32:39,385:INFO:[Rank-2] val time 15.4367, epoch 178, step  40, loss 1.87202667, auc@1 49.88, auc@5 79.51
2021-05-28 07:33:22,141:INFO:[Rank-2] train time 42.3957, epoch 179, step  49, loss 1.67894387, auc@1 52.95, auc@5 83.41, share 49, std_loss 0, pre_std_loss 0, 
2021-05-28 07:33:37,774:INFO:[Rank-2] val time 15.6309, epoch 179, step  40, loss 1.87198462, auc@1 49.86, auc@5 79.56
2021-05-28 07:34:20,735:INFO:[Rank-2] train time 42.6583, epoch 180, step  49, loss 1.67877817, auc@1 52.88, auc@5 83.41, share 49, std_loss 0, pre_std_loss 0, 
2021-05-28 07:34:36,257:INFO:[Rank-2] val time 15.5199, epoch 180, step  40, loss 1.87127461, auc@1 49.95, auc@5 79.66
2021-05-28 07:35:19,137:INFO:[Rank-2] train time 42.5003, epoch 181, step  49, loss 1.68197250, auc@1 53.01, auc@5 83.32, share 49, std_loss 0, pre_std_loss 0, 
2021-05-28 07:35:34,908:INFO:[Rank-2] val time 15.7696, epoch 181, step  40, loss 1.87019146, auc@1 50.02, auc@5 79.69
2021-05-28 07:36:18,139:INFO:[Rank-2] train time 42.9566, epoch 182, step  49, loss 1.67901635, auc@1 53.14, auc@5 83.19, share 49, std_loss 0, pre_std_loss 0, 
2021-05-28 07:36:33,661:INFO:[Rank-2] val time 15.5211, epoch 182, step  40, loss 1.87081762, auc@1 49.91, auc@5 79.61
2021-05-28 07:37:16,834:INFO:[Rank-2] train time 42.8294, epoch 183, step  49, loss 1.68188870, auc@1 53.03, auc@5 83.04, share 49, std_loss 0, pre_std_loss 0, 
2021-05-28 07:37:32,313:INFO:[Rank-2] val time 15.4777, epoch 183, step  40, loss 1.87470019, auc@1 49.73, auc@5 79.48
2021-05-28 07:38:15,170:INFO:[Rank-2] train time 42.5567, epoch 184, step  49, loss 1.67843735, auc@1 52.85, auc@5 83.32, share 49, std_loss 0, pre_std_loss 0, 
2021-05-28 07:38:30,735:INFO:[Rank-2] val time 15.5643, epoch 184, step  40, loss 1.86736292, auc@1 50.06, auc@5 79.51
2021-05-28 07:39:14,650:INFO:[Rank-2] train time 43.5374, epoch 185, step  49, loss 1.67674065, auc@1 53.38, auc@5 83.32, share 49, std_loss 0, pre_std_loss 0, 
2021-05-28 07:39:30,166:INFO:[Rank-2] val time 15.5141, epoch 185, step  40, loss 1.86966705, auc@1 49.86, auc@5 79.60
2021-05-28 07:40:13,225:INFO:[Rank-2] train time 42.7279, epoch 186, step  49, loss 1.67885876, auc@1 52.95, auc@5 83.33, share 49, std_loss 0, pre_std_loss 0, 
2021-05-28 07:40:28,808:INFO:[Rank-2] val time 15.5806, epoch 186, step  40, loss 1.87143565, auc@1 49.90, auc@5 79.57
2021-05-28 07:41:11,819:INFO:[Rank-2] train time 42.6663, epoch 187, step  49, loss 1.67136753, auc@1 53.13, auc@5 83.46, share 49, std_loss 0, pre_std_loss 0, 
2021-05-28 07:41:27,268:INFO:[Rank-2] val time 15.4474, epoch 187, step  40, loss 1.86735723, auc@1 50.05, auc@5 79.54
2021-05-28 07:42:09,899:INFO:[Rank-2] train time 42.3472, epoch 188, step  49, loss 1.68139529, auc@1 52.80, auc@5 83.23, share 49, std_loss 0, pre_std_loss 0, 
2021-05-28 07:42:25,372:INFO:[Rank-2] val time 15.4710, epoch 188, step  40, loss 1.87068561, auc@1 50.06, auc@5 79.57
2021-05-28 07:43:08,197:INFO:[Rank-2] train time 42.5031, epoch 189, step  49, loss 1.67703068, auc@1 53.02, auc@5 83.22, share 49, std_loss 0, pre_std_loss 0, 
2021-05-28 07:43:23,755:INFO:[Rank-2] val time 15.5565, epoch 189, step  40, loss 1.86826260, auc@1 50.11, auc@5 79.58
2021-05-28 07:44:06,614:INFO:[Rank-2] train time 42.5221, epoch 190, step  49, loss 1.67672205, auc@1 52.98, auc@5 83.49, share 49, std_loss 0, pre_std_loss 0, 
2021-05-28 07:44:22,050:INFO:[Rank-2] val time 15.4340, epoch 190, step  40, loss 1.86753018, auc@1 49.93, auc@5 79.69
2021-05-28 07:45:05,263:INFO:[Rank-2] train time 42.9364, epoch 191, step  49, loss 1.67590308, auc@1 53.18, auc@5 83.28, share 49, std_loss 0, pre_std_loss 0, 
2021-05-28 07:45:20,819:INFO:[Rank-2] val time 15.5540, epoch 191, step  40, loss 1.86735294, auc@1 50.09, auc@5 79.59
2021-05-28 07:46:03,819:INFO:[Rank-2] train time 42.5758, epoch 192, step  49, loss 1.67770314, auc@1 53.12, auc@5 83.31, share 49, std_loss 0, pre_std_loss 0, 
2021-05-28 07:46:19,280:INFO:[Rank-2] val time 15.4593, epoch 192, step  40, loss 1.87685557, auc@1 49.76, auc@5 79.55
2021-05-28 07:47:02,533:INFO:[Rank-2] train time 42.8656, epoch 193, step  49, loss 1.67429912, auc@1 53.10, auc@5 83.24, share 49, std_loss 0, pre_std_loss 0, 
2021-05-28 07:47:18,138:INFO:[Rank-2] val time 15.6019, epoch 193, step  40, loss 1.87208774, auc@1 49.96, auc@5 79.56
2021-05-28 07:48:01,120:INFO:[Rank-2] train time 42.6274, epoch 194, step  49, loss 1.68202424, auc@1 52.96, auc@5 83.29, share 49, std_loss 0, pre_std_loss 0, 
2021-05-28 07:48:16,678:INFO:[Rank-2] val time 15.5569, epoch 194, step  40, loss 1.86986152, auc@1 49.91, auc@5 79.70
2021-05-28 07:48:59,523:INFO:[Rank-2] train time 42.5537, epoch 195, step  49, loss 1.68055224, auc@1 52.91, auc@5 83.20, share 49, std_loss 0, pre_std_loss 0, 
2021-05-28 07:49:14,939:INFO:[Rank-2] val time 15.4145, epoch 195, step  40, loss 1.86674637, auc@1 50.09, auc@5 79.67
2021-05-28 07:49:57,784:INFO:[Rank-2] train time 42.5137, epoch 196, step  49, loss 1.67800725, auc@1 53.09, auc@5 83.32, share 49, std_loss 0, pre_std_loss 0, 
2021-05-28 07:50:13,353:INFO:[Rank-2] val time 15.5675, epoch 196, step  40, loss 1.86565166, auc@1 49.92, auc@5 79.67
2021-05-28 07:50:55,888:INFO:[Rank-2] train time 42.1508, epoch 197, step  49, loss 1.67152488, auc@1 53.17, auc@5 83.43, share 49, std_loss 0, pre_std_loss 0, 
2021-05-28 07:51:11,437:INFO:[Rank-2] val time 15.5467, epoch 197, step  40, loss 1.86986178, auc@1 49.95, auc@5 79.43
2021-05-28 07:51:53,900:INFO:[Rank-2] train time 42.1236, epoch 198, step  49, loss 1.67487276, auc@1 53.25, auc@5 83.42, share 49, std_loss 0, pre_std_loss 0, 
2021-05-28 07:52:09,451:INFO:[Rank-2] val time 15.5494, epoch 198, step  40, loss 1.86980314, auc@1 49.81, auc@5 79.54
2021-05-28 07:52:52,606:INFO:[Rank-2] train time 42.7940, epoch 199, step  49, loss 1.67745030, auc@1 53.06, auc@5 83.49, share 49, std_loss 0, pre_std_loss 0, 
2021-05-28 07:53:08,043:INFO:[Rank-2] val time 15.4352, epoch 199, step  40, loss 1.87403580, auc@1 49.90, auc@5 79.55
2021-05-28 07:53:50,774:INFO:[Rank-2] train time 42.3425, epoch 200, step  49, loss 1.67710567, auc@1 53.11, auc@5 83.23, share 49, std_loss 0, pre_std_loss 0, 
2021-05-28 07:54:06,209:INFO:[Rank-2] val time 15.4324, epoch 200, step  40, loss 1.87074707, auc@1 49.90, auc@5 79.60
2021-05-28 07:54:06,210:INFO:[Rank-2] finish, train+val 11714.39530, train 8612.46739, reduce_count 9800
