2021-05-29 21:44:13,712:INFO:[Rank-0] args : Namespace(batch=512, current_time='20210529_184358', dataset='cifar100', epochs=200, ip='192.168.1.1:7548', k=8, loss_std_gap_rate=1.0, lr=0.1, momentum=0.6, name='minibatch', rank=0, scheduler_step=80, train_type='minibatch', weight_decay=0.0005, world=4)
2021-05-29 21:45:03,502:INFO:[Rank-0] train time 48.1840, epoch   1, step  98, loss 4.63546515, auc@1 2.78, auc@5 11.16, share 98, std_loss 0, pre_std_loss 0, 
2021-05-29 21:45:18,787:INFO:[Rank-0] val time 15.2828, epoch   1, step  79, loss 4.16557661, auc@1 5.49, auc@5 20.37
2021-05-29 21:46:07,546:INFO:[Rank-0] train time 48.5719, epoch   2, step  98, loss 4.14233112, auc@1 6.25, auc@5 22.52, share 98, std_loss 0, pre_std_loss 0, 
2021-05-29 21:46:22,799:INFO:[Rank-0] val time 15.2506, epoch   2, step  79, loss 3.88836621, auc@1 9.52, auc@5 30.48
2021-05-29 21:47:11,697:INFO:[Rank-0] train time 48.7486, epoch   3, step  98, loss 3.95609379, auc@1 8.36, auc@5 27.96, share 98, std_loss 0, pre_std_loss 0, 
2021-05-29 21:47:27,124:INFO:[Rank-0] val time 15.4251, epoch   3, step  79, loss 3.82983808, auc@1 10.19, auc@5 32.46
2021-05-29 21:48:15,415:INFO:[Rank-0] train time 48.1274, epoch   4, step  98, loss 3.83091259, auc@1 10.11, auc@5 31.84, share 98, std_loss 0, pre_std_loss 0, 
2021-05-29 21:48:30,648:INFO:[Rank-0] val time 15.2307, epoch   4, step  79, loss 3.84889044, auc@1 11.30, auc@5 34.91
2021-05-29 21:49:19,620:INFO:[Rank-0] train time 48.8244, epoch   5, step  98, loss 3.73097563, auc@1 11.42, auc@5 35.10, share 98, std_loss 0, pre_std_loss 0, 
2021-05-29 21:49:35,174:INFO:[Rank-0] val time 15.5510, epoch   5, step  79, loss 3.59371564, auc@1 14.53, auc@5 40.76
2021-05-29 21:50:23,872:INFO:[Rank-0] train time 48.5895, epoch   6, step  98, loss 3.64337134, auc@1 13.12, auc@5 37.71, share 98, std_loss 0, pre_std_loss 0, 
2021-05-29 21:50:39,301:INFO:[Rank-0] val time 15.4255, epoch   6, step  79, loss 3.48543524, auc@1 15.54, auc@5 43.09
2021-05-29 21:51:28,188:INFO:[Rank-0] train time 48.8275, epoch   7, step  98, loss 3.55148840, auc@1 14.37, auc@5 40.71, share 98, std_loss 0, pre_std_loss 0, 
2021-05-29 21:51:43,694:INFO:[Rank-0] val time 15.5036, epoch   7, step  79, loss 3.39009779, auc@1 17.84, auc@5 45.70
2021-05-29 21:52:32,714:INFO:[Rank-0] train time 48.8981, epoch   8, step  98, loss 3.44867897, auc@1 16.51, auc@5 43.48, share 98, std_loss 0, pre_std_loss 0, 
2021-05-29 21:52:47,951:INFO:[Rank-0] val time 15.2346, epoch   8, step  79, loss 3.38568551, auc@1 18.67, auc@5 46.80
2021-05-29 21:53:36,969:INFO:[Rank-0] train time 48.7378, epoch   9, step  98, loss 3.36528254, auc@1 17.84, auc@5 45.78, share 98, std_loss 0, pre_std_loss 0, 
2021-05-29 21:53:52,626:INFO:[Rank-0] val time 15.6535, epoch   9, step  79, loss 3.18530751, auc@1 20.49, auc@5 51.34
2021-05-29 21:54:41,409:INFO:[Rank-0] train time 48.5539, epoch  10, step  98, loss 3.26787806, auc@1 19.63, auc@5 48.65, share 98, std_loss 0, pre_std_loss 0, 
2021-05-29 21:54:56,724:INFO:[Rank-0] val time 15.3128, epoch  10, step  79, loss 3.19532087, auc@1 21.45, auc@5 50.75
2021-05-29 21:55:45,632:INFO:[Rank-0] train time 48.7805, epoch  11, step  98, loss 3.19209719, auc@1 20.79, auc@5 50.59, share 98, std_loss 0, pre_std_loss 0, 
2021-05-29 21:56:00,992:INFO:[Rank-0] val time 15.3561, epoch  11, step  79, loss 3.77517237, auc@1 19.06, auc@5 47.29
2021-05-29 21:56:50,435:INFO:[Rank-0] train time 49.2582, epoch  12, step  98, loss 3.11024308, auc@1 22.40, auc@5 52.65, share 98, std_loss 0, pre_std_loss 0, 
2021-05-29 21:57:05,687:INFO:[Rank-0] val time 15.2499, epoch  12, step  79, loss 4.07768087, auc@1 21.04, auc@5 49.37
2021-05-29 21:57:54,744:INFO:[Rank-0] train time 48.9808, epoch  13, step  98, loss 3.04497743, auc@1 23.71, auc@5 54.46, share 98, std_loss 0, pre_std_loss 0, 
2021-05-29 21:58:10,134:INFO:[Rank-0] val time 15.3878, epoch  13, step  79, loss 2.89485299, auc@1 26.45, auc@5 58.14
2021-05-29 21:58:58,924:INFO:[Rank-0] train time 48.5497, epoch  14, step  98, loss 2.94772863, auc@1 25.18, auc@5 57.05, share 98, std_loss 0, pre_std_loss 0, 
2021-05-29 21:59:14,703:INFO:[Rank-0] val time 15.7756, epoch  14, step  79, loss 2.85534205, auc@1 26.98, auc@5 59.52
2021-05-29 22:00:03,123:INFO:[Rank-0] train time 48.1581, epoch  15, step  98, loss 2.87117243, auc@1 26.66, auc@5 58.76, share 98, std_loss 0, pre_std_loss 0, 
2021-05-29 22:00:18,667:INFO:[Rank-0] val time 15.5412, epoch  15, step  79, loss 2.79643636, auc@1 27.83, auc@5 61.71
2021-05-29 22:01:07,329:INFO:[Rank-0] train time 48.5269, epoch  16, step  98, loss 2.79707742, auc@1 28.28, auc@5 60.86, share 98, std_loss 0, pre_std_loss 0, 
2021-05-29 22:01:22,760:INFO:[Rank-0] val time 15.4284, epoch  16, step  79, loss 2.74151522, auc@1 29.37, auc@5 62.27
2021-05-29 22:02:11,415:INFO:[Rank-0] train time 48.5372, epoch  17, step  98, loss 2.71530342, auc@1 29.95, auc@5 62.89, share 98, std_loss 0, pre_std_loss 0, 
2021-05-29 22:02:26,726:INFO:[Rank-0] val time 15.3082, epoch  17, step  79, loss 2.68634149, auc@1 30.93, auc@5 63.67
2021-05-29 22:03:15,560:INFO:[Rank-0] train time 48.6595, epoch  18, step  98, loss 2.64870167, auc@1 31.01, auc@5 64.24, share 98, std_loss 0, pre_std_loss 0, 
2021-05-29 22:03:31,439:INFO:[Rank-0] val time 15.8773, epoch  18, step  79, loss 2.86284548, auc@1 27.69, auc@5 59.49
2021-05-29 22:04:19,833:INFO:[Rank-0] train time 48.3393, epoch  19, step  98, loss 2.58680320, auc@1 32.76, auc@5 65.86, share 98, std_loss 0, pre_std_loss 0, 
2021-05-29 22:04:35,191:INFO:[Rank-0] val time 15.3556, epoch  19, step  79, loss 2.55268698, auc@1 34.02, auc@5 65.84
2021-05-29 22:05:24,014:INFO:[Rank-0] train time 48.6361, epoch  20, step  98, loss 2.50962949, auc@1 33.93, auc@5 67.31, share 98, std_loss 0, pre_std_loss 0, 
2021-05-29 22:05:39,411:INFO:[Rank-0] val time 15.3939, epoch  20, step  79, loss 3.11543895, auc@1 30.68, auc@5 62.38
2021-05-29 22:06:28,072:INFO:[Rank-0] train time 48.4717, epoch  21, step  98, loss 2.44528604, auc@1 35.33, auc@5 68.94, share 98, std_loss 0, pre_std_loss 0, 
2021-05-29 22:06:43,380:INFO:[Rank-0] val time 15.3055, epoch  21, step  79, loss 2.40807365, auc@1 36.78, auc@5 69.55
2021-05-29 22:07:32,142:INFO:[Rank-0] train time 48.7275, epoch  22, step  98, loss 2.38999152, auc@1 36.63, auc@5 70.10, share 98, std_loss 0, pre_std_loss 0, 
2021-05-29 22:07:47,579:INFO:[Rank-0] val time 15.4335, epoch  22, step  79, loss 2.45957822, auc@1 36.37, auc@5 68.86
2021-05-29 22:08:36,127:INFO:[Rank-0] train time 48.4471, epoch  23, step  98, loss 2.33225083, auc@1 37.73, auc@5 71.39, share 98, std_loss 0, pre_std_loss 0, 
2021-05-29 22:08:51,563:INFO:[Rank-0] val time 15.4335, epoch  23, step  79, loss 2.39769829, auc@1 37.59, auc@5 70.07
2021-05-29 22:09:40,592:INFO:[Rank-0] train time 48.8885, epoch  24, step  98, loss 2.28306556, auc@1 38.72, auc@5 72.19, share 98, std_loss 0, pre_std_loss 0, 
2021-05-29 22:09:55,967:INFO:[Rank-0] val time 15.3727, epoch  24, step  79, loss 2.28489771, auc@1 39.65, auc@5 71.65
2021-05-29 22:10:44,672:INFO:[Rank-0] train time 48.4803, epoch  25, step  98, loss 2.22122931, auc@1 40.06, auc@5 73.66, share 98, std_loss 0, pre_std_loss 0, 
2021-05-29 22:10:59,977:INFO:[Rank-0] val time 15.3019, epoch  25, step  79, loss 2.45555853, auc@1 38.06, auc@5 69.09
2021-05-29 22:11:49,007:INFO:[Rank-0] train time 48.8194, epoch  26, step  98, loss 2.17584372, auc@1 41.13, auc@5 74.65, share 98, std_loss 0, pre_std_loss 0, 
2021-05-29 22:12:04,465:INFO:[Rank-0] val time 15.4553, epoch  26, step  79, loss 2.23505701, auc@1 41.02, auc@5 72.83
2021-05-29 22:12:53,140:INFO:[Rank-0] train time 48.5404, epoch  27, step  98, loss 2.13188815, auc@1 41.89, auc@5 75.38, share 98, std_loss 0, pre_std_loss 0, 
2021-05-29 22:13:08,707:INFO:[Rank-0] val time 15.5645, epoch  27, step  79, loss 2.50350740, auc@1 38.20, auc@5 69.18
2021-05-29 22:13:57,434:INFO:[Rank-0] train time 48.4615, epoch  28, step  98, loss 2.08618474, auc@1 43.08, auc@5 76.34, share 98, std_loss 0, pre_std_loss 0, 
2021-05-29 22:14:13,056:INFO:[Rank-0] val time 15.6200, epoch  28, step  79, loss 2.21644212, auc@1 41.54, auc@5 73.91
2021-05-29 22:15:02,034:INFO:[Rank-0] train time 48.7673, epoch  29, step  98, loss 2.04040289, auc@1 44.36, auc@5 77.22, share 98, std_loss 0, pre_std_loss 0, 
2021-05-29 22:15:17,463:INFO:[Rank-0] val time 15.4265, epoch  29, step  79, loss 2.19556588, auc@1 42.73, auc@5 74.87
2021-05-29 22:16:06,314:INFO:[Rank-0] train time 48.7037, epoch  30, step  98, loss 2.00388265, auc@1 45.02, auc@5 77.86, share 98, std_loss 0, pre_std_loss 0, 
2021-05-29 22:16:21,520:INFO:[Rank-0] val time 15.2031, epoch  30, step  79, loss 2.00232914, auc@1 45.64, auc@5 77.65
2021-05-29 22:17:10,741:INFO:[Rank-0] train time 49.1122, epoch  31, step  98, loss 1.95034432, auc@1 46.01, auc@5 78.87, share 98, std_loss 0, pre_std_loss 0, 
2021-05-29 22:17:26,295:INFO:[Rank-0] val time 15.5509, epoch  31, step  79, loss 2.06989015, auc@1 44.80, auc@5 76.25
2021-05-29 22:18:15,179:INFO:[Rank-0] train time 48.5778, epoch  32, step  98, loss 1.91669941, auc@1 46.94, auc@5 79.64, share 98, std_loss 0, pre_std_loss 0, 
2021-05-29 22:18:30,603:INFO:[Rank-0] val time 15.4210, epoch  32, step  79, loss 2.17472797, auc@1 42.73, auc@5 74.88
2021-05-29 22:19:22,187:INFO:[Rank-0] train time 51.5825, epoch  33, step  98, loss 1.88064206, auc@1 47.77, auc@5 80.09, share 98, std_loss 0, pre_std_loss 0, 
2021-05-29 22:19:37,791:INFO:[Rank-0] val time 15.5967, epoch  33, step  79, loss 1.97586927, auc@1 46.56, auc@5 78.02
2021-05-29 22:20:27,965:INFO:[Rank-0] train time 49.9949, epoch  34, step  98, loss 1.84134245, auc@1 48.71, auc@5 80.80, share 98, std_loss 0, pre_std_loss 0, 
2021-05-29 22:20:43,354:INFO:[Rank-0] val time 15.3862, epoch  34, step  79, loss 1.94582810, auc@1 48.13, auc@5 78.90
2021-05-29 22:21:32,050:INFO:[Rank-0] train time 48.5624, epoch  35, step  98, loss 1.80864060, auc@1 49.52, auc@5 81.70, share 98, std_loss 0, pre_std_loss 0, 
2021-05-29 22:21:47,932:INFO:[Rank-0] val time 15.8777, epoch  35, step  79, loss 2.07963985, auc@1 44.95, auc@5 76.03
2021-05-29 22:22:36,035:INFO:[Rank-0] train time 48.0802, epoch  36, step  98, loss 1.77836072, auc@1 50.29, auc@5 82.21, share 98, std_loss 0, pre_std_loss 0, 
2021-05-29 22:22:51,399:INFO:[Rank-0] val time 15.3602, epoch  36, step  79, loss 2.15331548, auc@1 44.04, auc@5 75.47
2021-05-29 22:23:40,274:INFO:[Rank-0] train time 48.6927, epoch  37, step  98, loss 1.74899435, auc@1 50.98, auc@5 82.51, share 98, std_loss 0, pre_std_loss 0, 
2021-05-29 22:23:56,447:INFO:[Rank-0] val time 16.1712, epoch  37, step  79, loss 1.84199901, auc@1 49.73, auc@5 80.44
2021-05-29 22:24:44,149:INFO:[Rank-0] train time 47.5222, epoch  38, step  98, loss 1.71392262, auc@1 51.86, auc@5 83.06, share 98, std_loss 0, pre_std_loss 0, 
2021-05-29 22:24:59,448:INFO:[Rank-0] val time 15.2967, epoch  38, step  79, loss 1.93072571, auc@1 48.42, auc@5 79.34
2021-05-29 22:25:48,436:INFO:[Rank-0] train time 48.9028, epoch  39, step  98, loss 1.67928576, auc@1 52.62, auc@5 83.74, share 98, std_loss 0, pre_std_loss 0, 
2021-05-29 22:26:03,783:INFO:[Rank-0] val time 15.3444, epoch  39, step  79, loss 1.85961072, auc@1 49.73, auc@5 80.70
2021-05-29 22:26:52,568:INFO:[Rank-0] train time 48.5965, epoch  40, step  98, loss 1.65381157, auc@1 53.03, auc@5 84.10, share 98, std_loss 0, pre_std_loss 0, 
2021-05-29 22:27:07,994:INFO:[Rank-0] val time 15.4240, epoch  40, step  79, loss 1.85143696, auc@1 50.40, auc@5 80.20
2021-05-29 22:27:57,104:INFO:[Rank-0] train time 48.8682, epoch  41, step  98, loss 1.62200880, auc@1 54.26, auc@5 84.59, share 98, std_loss 0, pre_std_loss 0, 
2021-05-29 22:28:12,281:INFO:[Rank-0] val time 15.1756, epoch  41, step  79, loss 1.77270084, auc@1 51.72, auc@5 82.18
2021-05-29 22:29:01,820:INFO:[Rank-0] train time 49.4412, epoch  42, step  98, loss 1.60236347, auc@1 54.54, auc@5 84.96, share 98, std_loss 0, pre_std_loss 0, 
2021-05-29 22:29:17,396:INFO:[Rank-0] val time 15.5741, epoch  42, step  79, loss 1.82611894, auc@1 50.92, auc@5 81.08
2021-05-29 22:30:06,128:INFO:[Rank-0] train time 48.7301, epoch  43, step  98, loss 1.57086766, auc@1 55.25, auc@5 85.51, share 98, std_loss 0, pre_std_loss 0, 
2021-05-29 22:30:21,581:INFO:[Rank-0] val time 15.4500, epoch  43, step  79, loss 1.76037934, auc@1 52.00, auc@5 82.48
2021-05-29 22:31:10,508:INFO:[Rank-0] train time 48.6802, epoch  44, step  98, loss 1.54281151, auc@1 56.03, auc@5 85.77, share 98, std_loss 0, pre_std_loss 0, 
2021-05-29 22:31:25,898:INFO:[Rank-0] val time 15.3868, epoch  44, step  79, loss 1.78186382, auc@1 52.18, auc@5 81.70
2021-05-29 22:32:15,329:INFO:[Rank-0] train time 49.3817, epoch  45, step  98, loss 1.52369463, auc@1 56.55, auc@5 86.22, share 98, std_loss 0, pre_std_loss 0, 
2021-05-29 22:32:30,594:INFO:[Rank-0] val time 15.2615, epoch  45, step  79, loss 1.89682061, auc@1 50.30, auc@5 81.28
2021-05-29 22:33:19,520:INFO:[Rank-0] train time 48.6543, epoch  46, step  98, loss 1.50214911, auc@1 56.94, auc@5 86.56, share 98, std_loss 0, pre_std_loss 0, 
2021-05-29 22:33:34,862:INFO:[Rank-0] val time 15.3394, epoch  46, step  79, loss 1.89569781, auc@1 49.78, auc@5 80.62
2021-05-29 22:34:23,673:INFO:[Rank-0] train time 48.6234, epoch  47, step  98, loss 1.47711372, auc@1 57.89, auc@5 86.84, share 98, std_loss 0, pre_std_loss 0, 
2021-05-29 22:34:39,215:INFO:[Rank-0] val time 15.5385, epoch  47, step  79, loss 1.70093332, auc@1 53.70, auc@5 83.40
2021-05-29 22:35:27,894:INFO:[Rank-0] train time 48.6385, epoch  48, step  98, loss 1.45254624, auc@1 58.32, auc@5 87.28, share 98, std_loss 0, pre_std_loss 0, 
2021-05-29 22:35:43,615:INFO:[Rank-0] val time 15.7180, epoch  48, step  79, loss 1.79447631, auc@1 52.33, auc@5 82.05
2021-05-29 22:36:31,944:INFO:[Rank-0] train time 48.1602, epoch  49, step  98, loss 1.43956816, auc@1 58.75, auc@5 87.46, share 98, std_loss 0, pre_std_loss 0, 
2021-05-29 22:36:47,622:INFO:[Rank-0] val time 15.6754, epoch  49, step  79, loss 1.65193333, auc@1 55.12, auc@5 84.10
2021-05-29 22:37:35,904:INFO:[Rank-0] train time 48.1204, epoch  50, step  98, loss 1.40988433, auc@1 59.41, auc@5 87.95, share 98, std_loss 0, pre_std_loss 0, 
2021-05-29 22:37:51,376:INFO:[Rank-0] val time 15.4695, epoch  50, step  79, loss 1.66867532, auc@1 54.19, auc@5 83.57
2021-05-29 22:38:39,738:INFO:[Rank-0] train time 48.1929, epoch  51, step  98, loss 1.39296699, auc@1 59.81, auc@5 88.11, share 98, std_loss 0, pre_std_loss 0, 
2021-05-29 22:38:55,114:INFO:[Rank-0] val time 15.3737, epoch  51, step  79, loss 1.74087160, auc@1 53.18, auc@5 83.02
2021-05-29 22:39:44,034:INFO:[Rank-0] train time 48.7700, epoch  52, step  98, loss 1.37272537, auc@1 60.35, auc@5 88.37, share 98, std_loss 0, pre_std_loss 0, 
2021-05-29 22:39:59,405:INFO:[Rank-0] val time 15.3697, epoch  52, step  79, loss 1.58322581, auc@1 56.44, auc@5 85.28
2021-05-29 22:40:48,427:INFO:[Rank-0] train time 48.9608, epoch  53, step  98, loss 1.34883404, auc@1 60.93, auc@5 88.77, share 98, std_loss 0, pre_std_loss 0, 
2021-05-29 22:41:03,805:INFO:[Rank-0] val time 15.3767, epoch  53, step  79, loss 1.68657062, auc@1 53.88, auc@5 83.84
2021-05-29 22:41:52,969:INFO:[Rank-0] train time 48.9536, epoch  54, step  98, loss 1.33184123, auc@1 61.31, auc@5 89.09, share 98, std_loss 0, pre_std_loss 0, 
2021-05-29 22:42:08,304:INFO:[Rank-0] val time 15.3321, epoch  54, step  79, loss 1.61126157, auc@1 55.28, auc@5 84.63
2021-05-29 22:42:57,225:INFO:[Rank-0] train time 48.7455, epoch  55, step  98, loss 1.34256780, auc@1 61.11, auc@5 89.04, share 98, std_loss 0, pre_std_loss 0, 
2021-05-29 22:43:12,426:INFO:[Rank-0] val time 15.1983, epoch  55, step  79, loss 1.65792172, auc@1 55.85, auc@5 84.84
2021-05-29 22:44:01,896:INFO:[Rank-0] train time 49.2914, epoch  56, step  98, loss 1.30446839, auc@1 61.86, auc@5 89.25, share 98, std_loss 0, pre_std_loss 0, 
2021-05-29 22:44:17,501:INFO:[Rank-0] val time 15.6023, epoch  56, step  79, loss 1.60707095, auc@1 55.87, auc@5 85.35
2021-05-29 22:45:06,350:INFO:[Rank-0] train time 48.6320, epoch  57, step  98, loss 1.28129935, auc@1 62.62, auc@5 89.65, share 98, std_loss 0, pre_std_loss 0, 
2021-05-29 22:45:21,909:INFO:[Rank-0] val time 15.5563, epoch  57, step  79, loss 1.58570290, auc@1 57.00, auc@5 84.90
2021-05-29 22:46:10,784:INFO:[Rank-0] train time 48.8472, epoch  58, step  98, loss 1.26287174, auc@1 63.11, auc@5 90.07, share 98, std_loss 0, pre_std_loss 0, 
2021-05-29 22:46:26,241:INFO:[Rank-0] val time 15.4549, epoch  58, step  79, loss 1.60939173, auc@1 56.32, auc@5 85.24
2021-05-29 22:47:15,230:INFO:[Rank-0] train time 48.7238, epoch  59, step  98, loss 1.24885130, auc@1 63.23, auc@5 90.32, share 98, std_loss 0, pre_std_loss 0, 
2021-05-29 22:47:30,636:INFO:[Rank-0] val time 15.4037, epoch  59, step  79, loss 1.55348726, auc@1 57.38, auc@5 85.89
2021-05-29 22:48:19,619:INFO:[Rank-0] train time 48.7832, epoch  60, step  98, loss 1.22351527, auc@1 64.22, auc@5 90.59, share 98, std_loss 0, pre_std_loss 0, 
2021-05-29 22:48:34,951:INFO:[Rank-0] val time 15.3303, epoch  60, step  79, loss 1.59366431, auc@1 57.09, auc@5 85.66
2021-05-29 22:49:23,628:INFO:[Rank-0] train time 48.3450, epoch  61, step  98, loss 1.21047091, auc@1 64.52, auc@5 90.92, share 98, std_loss 0, pre_std_loss 0, 
2021-05-29 22:49:38,994:INFO:[Rank-0] val time 15.3632, epoch  61, step  79, loss 1.51776122, auc@1 58.51, auc@5 86.23
2021-05-29 22:50:27,875:INFO:[Rank-0] train time 48.8347, epoch  62, step  98, loss 1.20595431, auc@1 64.51, auc@5 90.85, share 98, std_loss 0, pre_std_loss 0, 
2021-05-29 22:50:43,479:INFO:[Rank-0] val time 15.6018, epoch  62, step  79, loss 1.55977690, auc@1 58.22, auc@5 85.63
2021-05-29 22:51:32,029:INFO:[Rank-0] train time 48.4394, epoch  63, step  98, loss 1.18549871, auc@1 65.10, auc@5 91.00, share 98, std_loss 0, pre_std_loss 0, 
2021-05-29 22:51:47,398:INFO:[Rank-0] val time 15.3665, epoch  63, step  79, loss 1.64814189, auc@1 56.84, auc@5 84.29
2021-05-29 22:52:36,128:INFO:[Rank-0] train time 48.4614, epoch  64, step  98, loss 1.16743970, auc@1 65.46, auc@5 91.19, share 98, std_loss 0, pre_std_loss 0, 
2021-05-29 22:52:51,643:INFO:[Rank-0] val time 15.5127, epoch  64, step  79, loss 1.54072120, auc@1 58.36, auc@5 86.02
2021-05-29 22:53:40,290:INFO:[Rank-0] train time 48.5336, epoch  65, step  98, loss 1.15119982, auc@1 66.04, auc@5 91.62, share 98, std_loss 0, pre_std_loss 0, 
2021-05-29 22:53:55,876:INFO:[Rank-0] val time 15.5830, epoch  65, step  79, loss 1.64315889, auc@1 56.76, auc@5 85.11
2021-05-29 22:54:44,194:INFO:[Rank-0] train time 48.2685, epoch  66, step  98, loss 1.14371133, auc@1 66.04, auc@5 91.71, share 98, std_loss 0, pre_std_loss 0, 
2021-05-29 22:54:59,476:INFO:[Rank-0] val time 15.2799, epoch  66, step  79, loss 1.54661944, auc@1 58.65, auc@5 86.18
2021-05-29 22:55:48,170:INFO:[Rank-0] train time 48.4984, epoch  67, step  98, loss 1.12259269, auc@1 66.69, auc@5 91.88, share 98, std_loss 0, pre_std_loss 0, 
2021-05-29 22:56:03,572:INFO:[Rank-0] val time 15.3993, epoch  67, step  79, loss 1.52115058, auc@1 59.10, auc@5 86.13
2021-05-29 22:56:52,662:INFO:[Rank-0] train time 48.8710, epoch  68, step  98, loss 1.11095762, auc@1 67.11, auc@5 92.10, share 98, std_loss 0, pre_std_loss 0, 
2021-05-29 22:57:07,960:INFO:[Rank-0] val time 15.2956, epoch  68, step  79, loss 1.43554894, auc@1 60.27, auc@5 87.34
2021-05-29 22:57:56,624:INFO:[Rank-0] train time 48.6136, epoch  69, step  98, loss 1.09547365, auc@1 67.48, auc@5 92.26, share 98, std_loss 0, pre_std_loss 0, 
2021-05-29 22:58:12,005:INFO:[Rank-0] val time 15.3792, epoch  69, step  79, loss 1.47087686, auc@1 60.55, auc@5 87.10
2021-05-29 22:59:00,544:INFO:[Rank-0] train time 48.3134, epoch  70, step  98, loss 1.08506215, auc@1 67.48, auc@5 92.33, share 98, std_loss 0, pre_std_loss 0, 
2021-05-29 22:59:15,993:INFO:[Rank-0] val time 15.4460, epoch  70, step  79, loss 1.46429286, auc@1 60.84, auc@5 87.41
2021-05-29 23:00:04,712:INFO:[Rank-0] train time 48.4705, epoch  71, step  98, loss 1.07292330, auc@1 68.00, auc@5 92.55, share 98, std_loss 0, pre_std_loss 0, 
2021-05-29 23:00:20,195:INFO:[Rank-0] val time 15.4807, epoch  71, step  79, loss 1.55360535, auc@1 58.81, auc@5 85.95
2021-05-29 23:01:08,711:INFO:[Rank-0] train time 48.4526, epoch  72, step  98, loss 1.05462301, auc@1 68.48, auc@5 92.84, share 98, std_loss 0, pre_std_loss 0, 
2021-05-29 23:01:24,105:INFO:[Rank-0] val time 15.3918, epoch  72, step  79, loss 1.45299976, auc@1 61.12, auc@5 87.75
2021-05-29 23:02:12,729:INFO:[Rank-0] train time 48.4445, epoch  73, step  98, loss 1.04825401, auc@1 68.88, auc@5 92.78, share 98, std_loss 0, pre_std_loss 0, 
2021-05-29 23:02:28,023:INFO:[Rank-0] val time 15.2915, epoch  73, step  79, loss 1.48833434, auc@1 60.85, auc@5 87.36
2021-05-29 23:03:17,092:INFO:[Rank-0] train time 48.8779, epoch  74, step  98, loss 1.03083408, auc@1 68.93, auc@5 93.08, share 98, std_loss 0, pre_std_loss 0, 
2021-05-29 23:03:32,366:INFO:[Rank-0] val time 15.2712, epoch  74, step  79, loss 1.50644213, auc@1 59.35, auc@5 86.65
2021-05-29 23:04:21,338:INFO:[Rank-0] train time 48.6969, epoch  75, step  98, loss 1.00898695, auc@1 69.70, auc@5 93.17, share 98, std_loss 0, pre_std_loss 0, 
2021-05-29 23:04:36,742:INFO:[Rank-0] val time 15.4014, epoch  75, step  79, loss 1.44086161, auc@1 60.96, auc@5 87.65
2021-05-29 23:05:25,781:INFO:[Rank-0] train time 48.9140, epoch  76, step  98, loss 1.00972068, auc@1 69.43, auc@5 93.25, share 98, std_loss 0, pre_std_loss 0, 
2021-05-29 23:05:41,249:INFO:[Rank-0] val time 15.4654, epoch  76, step  79, loss 1.57591454, auc@1 59.16, auc@5 85.93
2021-05-29 23:06:29,859:INFO:[Rank-0] train time 48.4611, epoch  77, step  98, loss 0.99601656, auc@1 69.90, auc@5 93.50, share 98, std_loss 0, pre_std_loss 0, 
2021-05-29 23:06:45,144:INFO:[Rank-0] val time 15.2820, epoch  77, step  79, loss 1.46389426, auc@1 60.64, auc@5 87.23
2021-05-29 23:07:34,141:INFO:[Rank-0] train time 48.9025, epoch  78, step  98, loss 0.97755438, auc@1 70.71, auc@5 93.68, share 98, std_loss 0, pre_std_loss 0, 
2021-05-29 23:07:49,626:INFO:[Rank-0] val time 15.4820, epoch  78, step  79, loss 1.47785802, auc@1 61.18, auc@5 87.51
2021-05-29 23:08:38,399:INFO:[Rank-0] train time 48.6769, epoch  79, step  98, loss 0.96419036, auc@1 70.91, auc@5 93.83, share 98, std_loss 0, pre_std_loss 0, 
2021-05-29 23:08:53,820:INFO:[Rank-0] val time 15.4180, epoch  79, step  79, loss 1.47419227, auc@1 60.83, auc@5 87.64
2021-05-29 23:09:42,871:INFO:[Rank-0] train time 48.8346, epoch  80, step  98, loss 0.95940906, auc@1 70.91, auc@5 93.96, share 98, std_loss 0, pre_std_loss 0, 
2021-05-29 23:09:58,524:INFO:[Rank-0] val time 15.6487, epoch  80, step  79, loss 1.46663050, auc@1 61.59, auc@5 87.84
2021-05-29 23:10:46,944:INFO:[Rank-0] train time 48.0819, epoch  81, step  98, loss 0.83965349, auc@1 74.50, auc@5 95.02, share 98, std_loss 0, pre_std_loss 0, 
2021-05-29 23:11:02,641:INFO:[Rank-0] val time 15.6947, epoch  81, step  79, loss 1.23268731, auc@1 66.01, auc@5 90.37
2021-05-29 23:11:50,909:INFO:[Rank-0] train time 47.9921, epoch  82, step  98, loss 0.77066624, auc@1 76.39, auc@5 95.70, share 98, std_loss 0, pre_std_loss 0, 
2021-05-29 23:12:06,430:INFO:[Rank-0] val time 15.5176, epoch  82, step  79, loss 1.21563176, auc@1 66.58, auc@5 90.38
2021-05-29 23:12:55,300:INFO:[Rank-0] train time 48.8661, epoch  83, step  98, loss 0.74831921, auc@1 76.89, auc@5 96.07, share 98, std_loss 0, pre_std_loss 0, 
2021-05-29 23:13:10,671:INFO:[Rank-0] val time 15.3647, epoch  83, step  79, loss 1.21153804, auc@1 66.87, auc@5 90.63
2021-05-29 23:13:59,803:INFO:[Rank-0] train time 48.9937, epoch  84, step  98, loss 0.73317963, auc@1 77.51, auc@5 96.11, share 98, std_loss 0, pre_std_loss 0, 
2021-05-29 23:14:15,200:INFO:[Rank-0] val time 15.3954, epoch  84, step  79, loss 1.20902868, auc@1 66.89, auc@5 90.70
2021-05-29 23:15:04,031:INFO:[Rank-0] train time 48.6871, epoch  85, step  98, loss 0.72283721, auc@1 77.74, auc@5 96.15, share 98, std_loss 0, pre_std_loss 0, 
2021-05-29 23:15:19,486:INFO:[Rank-0] val time 15.4523, epoch  85, step  79, loss 1.20516820, auc@1 67.15, auc@5 90.73
2021-05-29 23:16:08,276:INFO:[Rank-0] train time 48.7034, epoch  86, step  98, loss 0.71842444, auc@1 77.80, auc@5 96.22, share 98, std_loss 0, pre_std_loss 0, 
2021-05-29 23:16:23,758:INFO:[Rank-0] val time 15.4803, epoch  86, step  79, loss 1.19230562, auc@1 67.60, auc@5 90.57
2021-05-29 23:17:12,573:INFO:[Rank-0] train time 48.6561, epoch  87, step  98, loss 0.70169604, auc@1 78.39, auc@5 96.45, share 98, std_loss 0, pre_std_loss 0, 
2021-05-29 23:17:28,042:INFO:[Rank-0] val time 15.4664, epoch  87, step  79, loss 1.20153972, auc@1 67.56, auc@5 90.64
2021-05-29 23:18:16,732:INFO:[Rank-0] train time 48.6704, epoch  88, step  98, loss 0.69274729, auc@1 78.63, auc@5 96.55, share 98, std_loss 0, pre_std_loss 0, 
2021-05-29 23:18:32,037:INFO:[Rank-0] val time 15.3020, epoch  88, step  79, loss 1.20280740, auc@1 67.13, auc@5 90.72
2021-05-29 23:19:20,887:INFO:[Rank-0] train time 48.6325, epoch  89, step  98, loss 0.68690062, auc@1 78.83, auc@5 96.33, share 98, std_loss 0, pre_std_loss 0, 
2021-05-29 23:19:36,341:INFO:[Rank-0] val time 15.4511, epoch  89, step  79, loss 1.20512443, auc@1 67.28, auc@5 90.67
2021-05-29 23:20:24,967:INFO:[Rank-0] train time 48.4695, epoch  90, step  98, loss 0.67963552, auc@1 78.95, auc@5 96.57, share 98, std_loss 0, pre_std_loss 0, 
2021-05-29 23:20:40,354:INFO:[Rank-0] val time 15.3841, epoch  90, step  79, loss 1.20232794, auc@1 67.68, auc@5 90.71
2021-05-29 23:21:29,130:INFO:[Rank-0] train time 48.7005, epoch  91, step  98, loss 0.66838437, auc@1 79.18, auc@5 96.66, share 98, std_loss 0, pre_std_loss 0, 
2021-05-29 23:21:44,774:INFO:[Rank-0] val time 15.6416, epoch  91, step  79, loss 1.21311438, auc@1 67.44, auc@5 90.79
2021-05-29 23:22:33,427:INFO:[Rank-0] train time 48.5120, epoch  92, step  98, loss 0.66590178, auc@1 79.38, auc@5 96.74, share 98, std_loss 0, pre_std_loss 0, 
2021-05-29 23:22:48,739:INFO:[Rank-0] val time 15.3091, epoch  92, step  79, loss 1.20645916, auc@1 67.34, auc@5 90.58
2021-05-29 23:23:37,479:INFO:[Rank-0] train time 48.4093, epoch  93, step  98, loss 0.65326667, auc@1 79.80, auc@5 96.86, share 98, std_loss 0, pre_std_loss 0, 
2021-05-29 23:23:52,823:INFO:[Rank-0] val time 15.3420, epoch  93, step  79, loss 1.20027551, auc@1 67.72, auc@5 90.97
2021-05-29 23:24:41,724:INFO:[Rank-0] train time 48.6089, epoch  94, step  98, loss 0.64637929, auc@1 79.91, auc@5 96.76, share 98, std_loss 0, pre_std_loss 0, 
2021-05-29 23:24:57,011:INFO:[Rank-0] val time 15.2846, epoch  94, step  79, loss 1.20412906, auc@1 67.69, auc@5 90.60
2021-05-29 23:25:45,884:INFO:[Rank-0] train time 48.6712, epoch  95, step  98, loss 0.64142764, auc@1 80.22, auc@5 96.87, share 98, std_loss 0, pre_std_loss 0, 
2021-05-29 23:26:01,203:INFO:[Rank-0] val time 15.3176, epoch  95, step  79, loss 1.21418933, auc@1 67.68, auc@5 90.75
2021-05-29 23:26:50,183:INFO:[Rank-0] train time 48.6947, epoch  96, step  98, loss 0.63567853, auc@1 80.20, auc@5 97.10, share 98, std_loss 0, pre_std_loss 0, 
2021-05-29 23:27:05,412:INFO:[Rank-0] val time 15.2256, epoch  96, step  79, loss 1.20603441, auc@1 67.39, auc@5 90.78
2021-05-29 23:27:54,209:INFO:[Rank-0] train time 48.6115, epoch  97, step  98, loss 0.63580161, auc@1 80.47, auc@5 96.89, share 98, std_loss 0, pre_std_loss 0, 
2021-05-29 23:28:09,477:INFO:[Rank-0] val time 15.2660, epoch  97, step  79, loss 1.21518846, auc@1 67.96, auc@5 90.62
2021-05-29 23:28:58,562:INFO:[Rank-0] train time 48.8686, epoch  98, step  98, loss 0.63239861, auc@1 80.27, auc@5 96.97, share 98, std_loss 0, pre_std_loss 0, 
2021-05-29 23:29:14,019:INFO:[Rank-0] val time 15.4537, epoch  98, step  79, loss 1.21576247, auc@1 67.69, auc@5 90.85
2021-05-29 23:30:02,500:INFO:[Rank-0] train time 48.2731, epoch  99, step  98, loss 0.63052785, auc@1 80.36, auc@5 96.97, share 98, std_loss 0, pre_std_loss 0, 
2021-05-29 23:30:17,966:INFO:[Rank-0] val time 15.4629, epoch  99, step  79, loss 1.21086495, auc@1 67.67, auc@5 90.74
2021-05-29 23:31:06,585:INFO:[Rank-0] train time 48.4119, epoch 100, step  98, loss 0.61884612, auc@1 80.69, auc@5 97.18, share 98, std_loss 0, pre_std_loss 0, 
2021-05-29 23:31:21,928:INFO:[Rank-0] val time 15.3407, epoch 100, step  79, loss 1.21030260, auc@1 67.89, auc@5 91.01
2021-05-29 23:32:11,045:INFO:[Rank-0] train time 48.9991, epoch 101, step  98, loss 0.61029595, auc@1 80.79, auc@5 97.25, share 98, std_loss 0, pre_std_loss 0, 
2021-05-29 23:32:26,532:INFO:[Rank-0] val time 15.4837, epoch 101, step  79, loss 1.21696153, auc@1 67.92, auc@5 90.91
2021-05-29 23:33:15,019:INFO:[Rank-0] train time 48.2476, epoch 102, step  98, loss 0.61034727, auc@1 80.99, auc@5 97.26, share 98, std_loss 0, pre_std_loss 0, 
2021-05-29 23:33:30,662:INFO:[Rank-0] val time 15.6405, epoch 102, step  79, loss 1.22105926, auc@1 68.06, auc@5 90.89
2021-05-29 23:34:18,937:INFO:[Rank-0] train time 48.2081, epoch 103, step  98, loss 0.61056614, auc@1 81.06, auc@5 97.15, share 98, std_loss 0, pre_std_loss 0, 
2021-05-29 23:34:34,369:INFO:[Rank-0] val time 15.4295, epoch 103, step  79, loss 1.22400661, auc@1 67.76, auc@5 90.79
2021-05-29 23:35:22,938:INFO:[Rank-0] train time 48.3138, epoch 104, step  98, loss 0.59790891, auc@1 81.34, auc@5 97.27, share 98, std_loss 0, pre_std_loss 0, 
2021-05-29 23:35:38,565:INFO:[Rank-0] val time 15.6237, epoch 104, step  79, loss 1.21998390, auc@1 67.87, auc@5 90.92
2021-05-29 23:36:27,135:INFO:[Rank-0] train time 48.5011, epoch 105, step  98, loss 0.60632890, auc@1 81.14, auc@5 97.16, share 98, std_loss 0, pre_std_loss 0, 
2021-05-29 23:36:42,455:INFO:[Rank-0] val time 15.3172, epoch 105, step  79, loss 1.21317770, auc@1 68.01, auc@5 90.90
2021-05-29 23:37:31,527:INFO:[Rank-0] train time 48.9393, epoch 106, step  98, loss 0.59278637, auc@1 81.54, auc@5 97.35, share 98, std_loss 0, pre_std_loss 0, 
2021-05-29 23:37:46,898:INFO:[Rank-0] val time 15.3686, epoch 106, step  79, loss 1.21852354, auc@1 68.10, auc@5 90.79
2021-05-29 23:38:35,683:INFO:[Rank-0] train time 48.6250, epoch 107, step  98, loss 0.59161633, auc@1 81.39, auc@5 97.38, share 98, std_loss 0, pre_std_loss 0, 
2021-05-29 23:38:51,201:INFO:[Rank-0] val time 15.5152, epoch 107, step  79, loss 1.21741698, auc@1 68.03, auc@5 90.96
2021-05-29 23:39:39,914:INFO:[Rank-0] train time 48.7047, epoch 108, step  98, loss 0.59189492, auc@1 81.46, auc@5 97.39, share 98, std_loss 0, pre_std_loss 0, 
2021-05-29 23:39:55,344:INFO:[Rank-0] val time 15.4275, epoch 108, step  79, loss 1.21976570, auc@1 67.93, auc@5 90.86
2021-05-29 23:40:44,754:INFO:[Rank-0] train time 49.3143, epoch 109, step  98, loss 0.58123440, auc@1 81.82, auc@5 97.50, share 98, std_loss 0, pre_std_loss 0, 
2021-05-29 23:41:00,179:INFO:[Rank-0] val time 15.4225, epoch 109, step  79, loss 1.22642528, auc@1 67.79, auc@5 90.89
2021-05-29 23:41:48,490:INFO:[Rank-0] train time 48.1421, epoch 110, step  98, loss 0.57903767, auc@1 81.79, auc@5 97.54, share 98, std_loss 0, pre_std_loss 0, 
2021-05-29 23:42:03,929:INFO:[Rank-0] val time 15.4370, epoch 110, step  79, loss 1.23068621, auc@1 67.93, auc@5 90.83
2021-05-29 23:42:52,642:INFO:[Rank-0] train time 48.4622, epoch 111, step  98, loss 0.57362819, auc@1 82.06, auc@5 97.47, share 98, std_loss 0, pre_std_loss 0, 
2021-05-29 23:43:07,960:INFO:[Rank-0] val time 15.3137, epoch 111, step  79, loss 1.22135919, auc@1 67.82, auc@5 90.66
2021-05-29 23:43:56,662:INFO:[Rank-0] train time 48.4461, epoch 112, step  98, loss 0.56939518, auc@1 81.96, auc@5 97.54, share 98, std_loss 0, pre_std_loss 0, 
2021-05-29 23:44:12,170:INFO:[Rank-0] val time 15.5045, epoch 112, step  79, loss 1.22127154, auc@1 68.27, auc@5 90.96
2021-05-29 23:45:01,557:INFO:[Rank-0] train time 49.0866, epoch 113, step  98, loss 0.56141275, auc@1 82.44, auc@5 97.63, share 98, std_loss 0, pre_std_loss 0, 
2021-05-29 23:45:17,156:INFO:[Rank-0] val time 15.5962, epoch 113, step  79, loss 1.23845205, auc@1 67.83, auc@5 90.67
2021-05-29 23:46:05,981:INFO:[Rank-0] train time 48.5570, epoch 114, step  98, loss 0.56301397, auc@1 82.39, auc@5 97.52, share 98, std_loss 0, pre_std_loss 0, 
2021-05-29 23:46:21,519:INFO:[Rank-0] val time 15.5357, epoch 114, step  79, loss 1.22699460, auc@1 67.71, auc@5 90.78
2021-05-29 23:47:10,143:INFO:[Rank-0] train time 48.4252, epoch 115, step  98, loss 0.55852365, auc@1 82.47, auc@5 97.67, share 98, std_loss 0, pre_std_loss 0, 
2021-05-29 23:47:25,460:INFO:[Rank-0] val time 15.3147, epoch 115, step  79, loss 1.22896705, auc@1 67.84, auc@5 90.67
2021-05-29 23:48:14,410:INFO:[Rank-0] train time 48.6943, epoch 116, step  98, loss 0.55132633, auc@1 82.46, auc@5 97.69, share 98, std_loss 0, pre_std_loss 0, 
2021-05-29 23:48:29,789:INFO:[Rank-0] val time 15.3766, epoch 116, step  79, loss 1.23132744, auc@1 67.94, auc@5 90.59
2021-05-29 23:49:19,004:INFO:[Rank-0] train time 49.1016, epoch 117, step  98, loss 0.55144584, auc@1 82.62, auc@5 97.65, share 98, std_loss 0, pre_std_loss 0, 
2021-05-29 23:49:34,569:INFO:[Rank-0] val time 15.5634, epoch 117, step  79, loss 1.23939503, auc@1 68.02, auc@5 90.82
2021-05-29 23:50:23,136:INFO:[Rank-0] train time 48.3589, epoch 118, step  98, loss 0.54877520, auc@1 82.89, auc@5 97.76, share 98, std_loss 0, pre_std_loss 0, 
2021-05-29 23:50:38,762:INFO:[Rank-0] val time 15.6229, epoch 118, step  79, loss 1.22961929, auc@1 68.13, auc@5 90.67
2021-05-29 23:51:27,581:INFO:[Rank-0] train time 48.7185, epoch 119, step  98, loss 0.54617971, auc@1 82.76, auc@5 97.65, share 98, std_loss 0, pre_std_loss 0, 
2021-05-29 23:51:42,815:INFO:[Rank-0] val time 15.2318, epoch 119, step  79, loss 1.23531063, auc@1 68.02, auc@5 90.57
2021-05-29 23:52:31,449:INFO:[Rank-0] train time 48.4447, epoch 120, step  98, loss 0.54532665, auc@1 82.93, auc@5 97.79, share 98, std_loss 0, pre_std_loss 0, 
2021-05-29 23:52:46,938:INFO:[Rank-0] val time 15.4866, epoch 120, step  79, loss 1.24579584, auc@1 68.01, auc@5 90.69
2021-05-29 23:53:35,247:INFO:[Rank-0] train time 48.2697, epoch 121, step  98, loss 0.53882134, auc@1 82.99, auc@5 97.84, share 98, std_loss 0, pre_std_loss 0, 
2021-05-29 23:53:50,676:INFO:[Rank-0] val time 15.4276, epoch 121, step  79, loss 1.23836840, auc@1 68.21, auc@5 90.64
2021-05-29 23:54:39,522:INFO:[Rank-0] train time 48.7030, epoch 122, step  98, loss 0.53069109, auc@1 83.29, auc@5 97.82, share 98, std_loss 0, pre_std_loss 0, 
2021-05-29 23:54:55,560:INFO:[Rank-0] val time 16.0345, epoch 122, step  79, loss 1.24276299, auc@1 68.04, auc@5 90.66
2021-05-29 23:55:43,642:INFO:[Rank-0] train time 47.8854, epoch 123, step  98, loss 0.53000295, auc@1 83.18, auc@5 97.91, share 98, std_loss 0, pre_std_loss 0, 
2021-05-29 23:55:58,962:INFO:[Rank-0] val time 15.3172, epoch 123, step  79, loss 1.23968583, auc@1 67.97, auc@5 90.80
2021-05-29 23:56:47,617:INFO:[Rank-0] train time 48.4552, epoch 124, step  98, loss 0.52714670, auc@1 83.31, auc@5 97.91, share 98, std_loss 0, pre_std_loss 0, 
2021-05-29 23:57:03,340:INFO:[Rank-0] val time 15.7208, epoch 124, step  79, loss 1.24483655, auc@1 67.90, auc@5 90.70
2021-05-29 23:57:51,697:INFO:[Rank-0] train time 48.2710, epoch 125, step  98, loss 0.52328002, auc@1 83.43, auc@5 98.00, share 98, std_loss 0, pre_std_loss 0, 
2021-05-29 23:58:07,110:INFO:[Rank-0] val time 15.4105, epoch 125, step  79, loss 1.25268394, auc@1 67.89, auc@5 90.70
2021-05-29 23:58:55,944:INFO:[Rank-0] train time 48.5722, epoch 126, step  98, loss 0.51978230, auc@1 83.54, auc@5 97.94, share 98, std_loss 0, pre_std_loss 0, 
2021-05-29 23:59:11,452:INFO:[Rank-0] val time 15.5051, epoch 126, step  79, loss 1.24709659, auc@1 67.79, auc@5 90.71
2021-05-30 00:00:00,237:INFO:[Rank-0] train time 48.6867, epoch 127, step  98, loss 0.51345813, auc@1 83.86, auc@5 97.98, share 98, std_loss 0, pre_std_loss 0, 
2021-05-30 00:00:15,683:INFO:[Rank-0] val time 15.4425, epoch 127, step  79, loss 1.26086656, auc@1 67.56, auc@5 90.73
2021-05-30 00:01:04,636:INFO:[Rank-0] train time 48.8396, epoch 128, step  98, loss 0.51524556, auc@1 83.68, auc@5 97.96, share 98, std_loss 0, pre_std_loss 0, 
2021-05-30 00:01:20,101:INFO:[Rank-0] val time 15.4620, epoch 128, step  79, loss 1.26228030, auc@1 67.69, auc@5 90.79
2021-05-30 00:02:08,765:INFO:[Rank-0] train time 48.4027, epoch 129, step  98, loss 0.51344764, auc@1 83.81, auc@5 98.00, share 98, std_loss 0, pre_std_loss 0, 
2021-05-30 00:02:24,048:INFO:[Rank-0] val time 15.2812, epoch 129, step  79, loss 1.25373424, auc@1 67.75, auc@5 90.85
2021-05-30 00:03:12,575:INFO:[Rank-0] train time 48.4117, epoch 130, step  98, loss 0.50693607, auc@1 83.92, auc@5 98.00, share 98, std_loss 0, pre_std_loss 0, 
2021-05-30 00:03:27,945:INFO:[Rank-0] val time 15.3675, epoch 130, step  79, loss 1.26329925, auc@1 67.92, auc@5 90.56
2021-05-30 00:04:16,796:INFO:[Rank-0] train time 48.5731, epoch 131, step  98, loss 0.50368333, auc@1 84.12, auc@5 98.03, share 98, std_loss 0, pre_std_loss 0, 
2021-05-30 00:04:32,221:INFO:[Rank-0] val time 15.4216, epoch 131, step  79, loss 1.26551561, auc@1 67.86, auc@5 90.48
2021-05-30 00:05:21,001:INFO:[Rank-0] train time 48.4955, epoch 132, step  98, loss 0.50233805, auc@1 84.14, auc@5 98.03, share 98, std_loss 0, pre_std_loss 0, 
2021-05-30 00:05:36,652:INFO:[Rank-0] val time 15.6483, epoch 132, step  79, loss 1.25812848, auc@1 68.25, auc@5 90.66
2021-05-30 00:06:25,287:INFO:[Rank-0] train time 48.3874, epoch 133, step  98, loss 0.50028253, auc@1 84.15, auc@5 98.13, share 98, std_loss 0, pre_std_loss 0, 
2021-05-30 00:06:40,704:INFO:[Rank-0] val time 15.4141, epoch 133, step  79, loss 1.25483154, auc@1 68.40, auc@5 90.65
2021-05-30 00:07:29,438:INFO:[Rank-0] train time 48.5115, epoch 134, step  98, loss 0.49441218, auc@1 84.24, auc@5 98.15, share 98, std_loss 0, pre_std_loss 0, 
2021-05-30 00:07:44,945:INFO:[Rank-0] val time 15.5046, epoch 134, step  79, loss 1.25528714, auc@1 68.11, auc@5 90.75
2021-05-30 00:08:33,600:INFO:[Rank-0] train time 48.4536, epoch 135, step  98, loss 0.49393392, auc@1 84.48, auc@5 98.13, share 98, std_loss 0, pre_std_loss 0, 
2021-05-30 00:08:49,005:INFO:[Rank-0] val time 15.4023, epoch 135, step  79, loss 1.24554031, auc@1 68.30, auc@5 90.68
2021-05-30 00:09:38,018:INFO:[Rank-0] train time 48.7243, epoch 136, step  98, loss 0.49404126, auc@1 84.40, auc@5 98.13, share 98, std_loss 0, pre_std_loss 0, 
2021-05-30 00:09:53,319:INFO:[Rank-0] val time 15.2994, epoch 136, step  79, loss 1.26119737, auc@1 67.98, auc@5 90.73
2021-05-30 00:10:43,074:INFO:[Rank-0] train time 49.5024, epoch 137, step  98, loss 0.49002376, auc@1 84.76, auc@5 98.13, share 98, std_loss 0, pre_std_loss 0, 
2021-05-30 00:10:58,421:INFO:[Rank-0] val time 15.3442, epoch 137, step  79, loss 1.27186035, auc@1 68.08, auc@5 90.55
2021-05-30 00:11:47,137:INFO:[Rank-0] train time 48.5397, epoch 138, step  98, loss 0.48140219, auc@1 84.84, auc@5 98.27, share 98, std_loss 0, pre_std_loss 0, 
2021-05-30 00:12:02,585:INFO:[Rank-0] val time 15.4447, epoch 138, step  79, loss 1.27111685, auc@1 68.06, auc@5 90.69
2021-05-30 00:12:51,140:INFO:[Rank-0] train time 48.3609, epoch 139, step  98, loss 0.48116305, auc@1 84.81, auc@5 98.30, share 98, std_loss 0, pre_std_loss 0, 
2021-05-30 00:13:06,371:INFO:[Rank-0] val time 15.2287, epoch 139, step  79, loss 1.27223728, auc@1 67.93, auc@5 90.70
2021-05-30 00:13:55,255:INFO:[Rank-0] train time 48.7752, epoch 140, step  98, loss 0.47716856, auc@1 84.87, auc@5 98.27, share 98, std_loss 0, pre_std_loss 0, 
2021-05-30 00:14:10,665:INFO:[Rank-0] val time 15.4080, epoch 140, step  79, loss 1.27354729, auc@1 68.09, auc@5 90.71
2021-05-30 00:14:59,486:INFO:[Rank-0] train time 48.6576, epoch 141, step  98, loss 0.47339675, auc@1 85.02, auc@5 98.31, share 98, std_loss 0, pre_std_loss 0, 
2021-05-30 00:15:14,749:INFO:[Rank-0] val time 15.2601, epoch 141, step  79, loss 1.28344990, auc@1 67.96, auc@5 90.57
2021-05-30 00:16:03,578:INFO:[Rank-0] train time 48.5827, epoch 142, step  98, loss 0.47169864, auc@1 84.96, auc@5 98.33, share 98, std_loss 0, pre_std_loss 0, 
2021-05-30 00:16:19,031:INFO:[Rank-0] val time 15.4504, epoch 142, step  79, loss 1.27780005, auc@1 67.88, auc@5 90.69
2021-05-30 00:17:07,805:INFO:[Rank-0] train time 48.5565, epoch 143, step  98, loss 0.46709767, auc@1 85.24, auc@5 98.33, share 98, std_loss 0, pre_std_loss 0, 
2021-05-30 00:17:23,222:INFO:[Rank-0] val time 15.4138, epoch 143, step  79, loss 1.28424419, auc@1 67.51, auc@5 90.54
2021-05-30 00:18:11,886:INFO:[Rank-0] train time 48.4525, epoch 144, step  98, loss 0.46156380, auc@1 85.31, auc@5 98.36, share 98, std_loss 0, pre_std_loss 0, 
2021-05-30 00:18:27,429:INFO:[Rank-0] val time 15.5360, epoch 144, step  79, loss 1.29604996, auc@1 67.68, auc@5 90.71
2021-05-30 00:19:16,247:INFO:[Rank-0] train time 48.6259, epoch 145, step  98, loss 0.46516937, auc@1 85.27, auc@5 98.33, share 98, std_loss 0, pre_std_loss 0, 
2021-05-30 00:19:31,614:INFO:[Rank-0] val time 15.3643, epoch 145, step  79, loss 1.29584751, auc@1 67.63, auc@5 90.73
2021-05-30 00:20:20,268:INFO:[Rank-0] train time 48.5719, epoch 146, step  98, loss 0.46543553, auc@1 85.20, auc@5 98.33, share 98, std_loss 0, pre_std_loss 0, 
2021-05-30 00:20:35,636:INFO:[Rank-0] val time 15.3657, epoch 146, step  79, loss 1.28456119, auc@1 68.28, auc@5 90.69
2021-05-30 00:21:24,413:INFO:[Rank-0] train time 48.6289, epoch 147, step  98, loss 0.45966578, auc@1 85.29, auc@5 98.38, share 98, std_loss 0, pre_std_loss 0, 
2021-05-30 00:21:39,776:INFO:[Rank-0] val time 15.3606, epoch 147, step  79, loss 1.28420145, auc@1 68.04, auc@5 90.64
2021-05-30 00:22:28,935:INFO:[Rank-0] train time 48.8764, epoch 148, step  98, loss 0.44929364, auc@1 85.79, auc@5 98.48, share 98, std_loss 0, pre_std_loss 0, 
2021-05-30 00:22:44,206:INFO:[Rank-0] val time 15.2671, epoch 148, step  79, loss 1.28830506, auc@1 67.85, auc@5 90.50
2021-05-30 00:23:33,365:INFO:[Rank-0] train time 48.9858, epoch 149, step  98, loss 0.45046198, auc@1 85.61, auc@5 98.53, share 98, std_loss 0, pre_std_loss 0, 
2021-05-30 00:23:48,915:INFO:[Rank-0] val time 15.5477, epoch 149, step  79, loss 1.29743552, auc@1 67.80, auc@5 90.60
2021-05-30 00:24:37,094:INFO:[Rank-0] train time 47.9380, epoch 150, step  98, loss 0.44758359, auc@1 85.83, auc@5 98.42, share 98, std_loss 0, pre_std_loss 0, 
2021-05-30 00:24:52,421:INFO:[Rank-0] val time 15.3243, epoch 150, step  79, loss 1.29203748, auc@1 68.03, auc@5 90.63
2021-05-30 00:25:40,956:INFO:[Rank-0] train time 48.2827, epoch 151, step  98, loss 0.44744048, auc@1 85.78, auc@5 98.51, share 98, std_loss 0, pre_std_loss 0, 
2021-05-30 00:25:56,351:INFO:[Rank-0] val time 15.3923, epoch 151, step  79, loss 1.29315112, auc@1 68.24, auc@5 90.62
2021-05-30 00:26:44,946:INFO:[Rank-0] train time 48.3754, epoch 152, step  98, loss 0.44318345, auc@1 85.83, auc@5 98.53, share 98, std_loss 0, pre_std_loss 0, 
2021-05-30 00:27:00,377:INFO:[Rank-0] val time 15.4288, epoch 152, step  79, loss 1.28955045, auc@1 68.28, auc@5 90.70
2021-05-30 00:27:49,018:INFO:[Rank-0] train time 48.4472, epoch 153, step  98, loss 0.44057405, auc@1 85.99, auc@5 98.54, share 98, std_loss 0, pre_std_loss 0, 
2021-05-30 00:28:04,365:INFO:[Rank-0] val time 15.3450, epoch 153, step  79, loss 1.29004416, auc@1 68.36, auc@5 90.61
2021-05-30 00:28:53,040:INFO:[Rank-0] train time 48.5223, epoch 154, step  98, loss 0.43751815, auc@1 86.03, auc@5 98.55, share 98, std_loss 0, pre_std_loss 0, 
2021-05-30 00:29:08,440:INFO:[Rank-0] val time 15.3965, epoch 154, step  79, loss 1.30867326, auc@1 68.08, auc@5 90.72
2021-05-30 00:29:57,300:INFO:[Rank-0] train time 48.5777, epoch 155, step  98, loss 0.43283284, auc@1 86.09, auc@5 98.59, share 98, std_loss 0, pre_std_loss 0, 
2021-05-30 00:30:12,608:INFO:[Rank-0] val time 15.3059, epoch 155, step  79, loss 1.30963796, auc@1 68.33, auc@5 90.39
2021-05-30 00:31:01,492:INFO:[Rank-0] train time 48.6478, epoch 156, step  98, loss 0.43298304, auc@1 86.06, auc@5 98.60, share 98, std_loss 0, pre_std_loss 0, 
2021-05-30 00:31:16,832:INFO:[Rank-0] val time 15.3375, epoch 156, step  79, loss 1.30867040, auc@1 68.00, auc@5 90.65
2021-05-30 00:32:05,625:INFO:[Rank-0] train time 48.6025, epoch 157, step  98, loss 0.42491120, auc@1 86.38, auc@5 98.63, share 98, std_loss 0, pre_std_loss 0, 
2021-05-30 00:32:21,344:INFO:[Rank-0] val time 15.7161, epoch 157, step  79, loss 1.31664464, auc@1 67.77, auc@5 90.62
2021-05-30 00:33:09,844:INFO:[Rank-0] train time 48.4411, epoch 158, step  98, loss 0.42750219, auc@1 86.35, auc@5 98.58, share 98, std_loss 0, pre_std_loss 0, 
2021-05-30 00:33:25,208:INFO:[Rank-0] val time 15.3619, epoch 158, step  79, loss 1.31422507, auc@1 67.78, auc@5 90.65
2021-05-30 00:34:14,087:INFO:[Rank-0] train time 48.6799, epoch 159, step  98, loss 0.42198098, auc@1 86.34, auc@5 98.63, share 98, std_loss 0, pre_std_loss 0, 
2021-05-30 00:34:29,566:INFO:[Rank-0] val time 15.4767, epoch 159, step  79, loss 1.31318374, auc@1 68.02, auc@5 90.51
2021-05-30 00:35:18,549:INFO:[Rank-0] train time 48.8447, epoch 160, step  98, loss 0.41747904, auc@1 86.59, auc@5 98.73, share 98, std_loss 0, pre_std_loss 0, 
2021-05-30 00:35:33,919:INFO:[Rank-0] val time 15.3671, epoch 160, step  79, loss 1.31600902, auc@1 67.92, auc@5 90.48
2021-05-30 00:36:22,842:INFO:[Rank-0] train time 48.5921, epoch 161, step  98, loss 0.40968356, auc@1 86.94, auc@5 98.77, share 98, std_loss 0, pre_std_loss 0, 
2021-05-30 00:36:38,319:INFO:[Rank-0] val time 15.4743, epoch 161, step  79, loss 1.30101079, auc@1 67.94, auc@5 90.47
2021-05-30 00:37:27,230:INFO:[Rank-0] train time 48.7480, epoch 162, step  98, loss 0.40585539, auc@1 87.00, auc@5 98.75, share 98, std_loss 0, pre_std_loss 0, 
2021-05-30 00:37:42,630:INFO:[Rank-0] val time 15.3978, epoch 162, step  79, loss 1.30286511, auc@1 68.23, auc@5 90.53
2021-05-30 00:38:31,131:INFO:[Rank-0] train time 48.4290, epoch 163, step  98, loss 0.39990219, auc@1 87.40, auc@5 98.72, share 98, std_loss 0, pre_std_loss 0, 
2021-05-30 00:38:46,526:INFO:[Rank-0] val time 15.3930, epoch 163, step  79, loss 1.30221622, auc@1 68.46, auc@5 90.71
2021-05-30 00:39:35,249:INFO:[Rank-0] train time 48.7116, epoch 164, step  98, loss 0.39811361, auc@1 87.28, auc@5 98.84, share 98, std_loss 0, pre_std_loss 0, 
2021-05-30 00:39:50,549:INFO:[Rank-0] val time 15.2964, epoch 164, step  79, loss 1.30149624, auc@1 68.38, auc@5 90.50
2021-05-30 00:40:39,367:INFO:[Rank-0] train time 48.6844, epoch 165, step  98, loss 0.39746067, auc@1 87.39, auc@5 98.86, share 98, std_loss 0, pre_std_loss 0, 
2021-05-30 00:40:54,818:INFO:[Rank-0] val time 15.4488, epoch 165, step  79, loss 1.30386361, auc@1 68.24, auc@5 90.51
2021-05-30 00:41:43,870:INFO:[Rank-0] train time 48.9991, epoch 166, step  98, loss 0.39774126, auc@1 87.34, auc@5 98.81, share 98, std_loss 0, pre_std_loss 0, 
2021-05-30 00:41:59,214:INFO:[Rank-0] val time 15.3424, epoch 166, step  79, loss 1.29210743, auc@1 68.59, auc@5 90.68
2021-05-30 00:42:47,845:INFO:[Rank-0] train time 48.4777, epoch 167, step  98, loss 0.39295435, auc@1 87.49, auc@5 98.82, share 98, std_loss 0, pre_std_loss 0, 
2021-05-30 00:43:03,190:INFO:[Rank-0] val time 15.3424, epoch 167, step  79, loss 1.30212099, auc@1 68.54, auc@5 90.66
2021-05-30 00:43:52,286:INFO:[Rank-0] train time 48.8518, epoch 168, step  98, loss 0.38607571, auc@1 87.58, auc@5 98.92, share 98, std_loss 0, pre_std_loss 0, 
2021-05-30 00:44:08,365:INFO:[Rank-0] val time 16.0768, epoch 168, step  79, loss 1.30207397, auc@1 68.32, auc@5 90.75
2021-05-30 00:44:57,111:INFO:[Rank-0] train time 48.6936, epoch 169, step  98, loss 0.38959476, auc@1 87.55, auc@5 98.92, share 98, std_loss 0, pre_std_loss 0, 
2021-05-30 00:45:12,603:INFO:[Rank-0] val time 15.4891, epoch 169, step  79, loss 1.30187698, auc@1 68.48, auc@5 90.69
2021-05-30 00:46:01,624:INFO:[Rank-0] train time 48.7562, epoch 170, step  98, loss 0.38904497, auc@1 87.49, auc@5 98.89, share 98, std_loss 0, pre_std_loss 0, 
2021-05-30 00:46:16,928:INFO:[Rank-0] val time 15.3021, epoch 170, step  79, loss 1.29937152, auc@1 68.48, auc@5 90.74
2021-05-30 00:47:06,538:INFO:[Rank-0] train time 49.4824, epoch 171, step  98, loss 0.38700688, auc@1 87.66, auc@5 98.85, share 98, std_loss 0, pre_std_loss 0, 
2021-05-30 00:47:22,204:INFO:[Rank-0] val time 15.6636, epoch 171, step  79, loss 1.30367478, auc@1 68.55, auc@5 90.70
2021-05-30 00:48:10,998:INFO:[Rank-0] train time 48.4816, epoch 172, step  98, loss 0.38908094, auc@1 87.61, auc@5 98.86, share 98, std_loss 0, pre_std_loss 0, 
2021-05-30 00:48:26,257:INFO:[Rank-0] val time 15.2566, epoch 172, step  79, loss 1.29518169, auc@1 68.45, auc@5 90.82
2021-05-30 00:49:16,109:INFO:[Rank-0] train time 49.7129, epoch 173, step  98, loss 0.38417718, auc@1 87.80, auc@5 98.81, share 98, std_loss 0, pre_std_loss 0, 
2021-05-30 00:49:31,483:INFO:[Rank-0] val time 15.3717, epoch 173, step  79, loss 1.29999143, auc@1 68.62, auc@5 90.70
2021-05-30 00:50:20,234:INFO:[Rank-0] train time 48.5460, epoch 174, step  98, loss 0.38256186, auc@1 87.75, auc@5 98.86, share 98, std_loss 0, pre_std_loss 0, 
2021-05-30 00:50:35,588:INFO:[Rank-0] val time 15.3514, epoch 174, step  79, loss 1.30003997, auc@1 68.36, auc@5 90.72
2021-05-30 00:51:24,440:INFO:[Rank-0] train time 48.7234, epoch 175, step  98, loss 0.38650653, auc@1 87.54, auc@5 98.90, share 98, std_loss 0, pre_std_loss 0, 
2021-05-30 00:51:39,823:INFO:[Rank-0] val time 15.3805, epoch 175, step  79, loss 1.29922484, auc@1 68.45, auc@5 90.77
2021-05-30 00:52:28,246:INFO:[Rank-0] train time 48.1528, epoch 176, step  98, loss 0.38836467, auc@1 87.56, auc@5 98.82, share 98, std_loss 0, pre_std_loss 0, 
2021-05-30 00:52:43,644:INFO:[Rank-0] val time 15.3952, epoch 176, step  79, loss 1.29957427, auc@1 68.55, auc@5 90.84
2021-05-30 00:53:32,321:INFO:[Rank-0] train time 48.5317, epoch 177, step  98, loss 0.38473907, auc@1 87.65, auc@5 98.86, share 98, std_loss 0, pre_std_loss 0, 
2021-05-30 00:53:47,691:INFO:[Rank-0] val time 15.3671, epoch 177, step  79, loss 1.30556326, auc@1 68.63, auc@5 90.75
2021-05-30 00:54:36,865:INFO:[Rank-0] train time 48.8754, epoch 178, step  98, loss 0.38780218, auc@1 87.69, auc@5 98.83, share 98, std_loss 0, pre_std_loss 0, 
2021-05-30 00:54:52,524:INFO:[Rank-0] val time 15.6567, epoch 178, step  79, loss 1.30618821, auc@1 68.27, auc@5 90.80
2021-05-30 00:55:41,301:INFO:[Rank-0] train time 48.6262, epoch 179, step  98, loss 0.38757375, auc@1 87.54, auc@5 98.87, share 98, std_loss 0, pre_std_loss 0, 
2021-05-30 00:55:56,749:INFO:[Rank-0] val time 15.4452, epoch 179, step  79, loss 1.30467573, auc@1 68.39, auc@5 90.78
2021-05-30 00:56:45,584:INFO:[Rank-0] train time 48.6575, epoch 180, step  98, loss 0.38618934, auc@1 87.73, auc@5 98.88, share 98, std_loss 0, pre_std_loss 0, 
2021-05-30 00:57:00,824:INFO:[Rank-0] val time 15.2375, epoch 180, step  79, loss 1.30695178, auc@1 68.50, auc@5 90.67
2021-05-30 00:57:49,698:INFO:[Rank-0] train time 48.6920, epoch 181, step  98, loss 0.38902175, auc@1 87.53, auc@5 98.84, share 98, std_loss 0, pre_std_loss 0, 
2021-05-30 00:58:05,134:INFO:[Rank-0] val time 15.4333, epoch 181, step  79, loss 1.30199143, auc@1 68.33, auc@5 90.71
2021-05-30 00:58:53,983:INFO:[Rank-0] train time 48.6344, epoch 182, step  98, loss 0.38395292, auc@1 87.69, auc@5 98.88, share 98, std_loss 0, pre_std_loss 0, 
2021-05-30 00:59:09,488:INFO:[Rank-0] val time 15.5020, epoch 182, step  79, loss 1.30837549, auc@1 68.50, auc@5 90.82
2021-05-30 00:59:57,938:INFO:[Rank-0] train time 48.2641, epoch 183, step  98, loss 0.37887314, auc@1 87.84, auc@5 98.86, share 98, std_loss 0, pre_std_loss 0, 
2021-05-30 01:00:13,265:INFO:[Rank-0] val time 15.3242, epoch 183, step  79, loss 1.30816600, auc@1 68.50, auc@5 90.92
2021-05-30 01:01:02,332:INFO:[Rank-0] train time 48.8913, epoch 184, step  98, loss 0.37855890, auc@1 87.91, auc@5 98.92, share 98, std_loss 0, pre_std_loss 0, 
2021-05-30 01:01:17,807:INFO:[Rank-0] val time 15.4722, epoch 184, step  79, loss 1.30289847, auc@1 68.53, auc@5 90.84
2021-05-30 01:02:06,631:INFO:[Rank-0] train time 48.5071, epoch 185, step  98, loss 0.38077950, auc@1 87.92, auc@5 98.88, share 98, std_loss 0, pre_std_loss 0, 
2021-05-30 01:02:22,470:INFO:[Rank-0] val time 15.8357, epoch 185, step  79, loss 1.30091992, auc@1 68.61, auc@5 90.85
2021-05-30 01:03:11,429:INFO:[Rank-0] train time 48.6882, epoch 186, step  98, loss 0.37989640, auc@1 87.98, auc@5 98.92, share 98, std_loss 0, pre_std_loss 0, 
2021-05-30 01:03:26,732:INFO:[Rank-0] val time 15.2997, epoch 186, step  79, loss 1.30245436, auc@1 68.51, auc@5 90.76
2021-05-30 01:04:15,368:INFO:[Rank-0] train time 48.3646, epoch 187, step  98, loss 0.37505007, auc@1 87.93, auc@5 98.97, share 98, std_loss 0, pre_std_loss 0, 
2021-05-30 01:04:30,787:INFO:[Rank-0] val time 15.4158, epoch 187, step  79, loss 1.30260401, auc@1 68.54, auc@5 90.74
2021-05-30 01:05:19,736:INFO:[Rank-0] train time 48.8756, epoch 188, step  98, loss 0.37705371, auc@1 87.79, auc@5 98.93, share 98, std_loss 0, pre_std_loss 0, 
2021-05-30 01:05:35,199:INFO:[Rank-0] val time 15.4606, epoch 188, step  79, loss 1.30901130, auc@1 68.42, auc@5 90.67
2021-05-30 01:06:24,054:INFO:[Rank-0] train time 48.6545, epoch 189, step  98, loss 0.38126671, auc@1 87.91, auc@5 98.89, share 98, std_loss 0, pre_std_loss 0, 
2021-05-30 01:06:39,671:INFO:[Rank-0] val time 15.6145, epoch 189, step  79, loss 1.30498585, auc@1 68.50, auc@5 90.79
2021-05-30 01:07:29,104:INFO:[Rank-0] train time 49.4323, epoch 190, step  98, loss 0.37247553, auc@1 88.19, auc@5 98.91, share 98, std_loss 0, pre_std_loss 0, 
2021-05-30 01:07:44,437:INFO:[Rank-0] val time 15.3278, epoch 190, step  79, loss 1.31166832, auc@1 68.50, auc@5 90.73
2021-05-30 01:08:33,456:INFO:[Rank-0] train time 48.7641, epoch 191, step  98, loss 0.38039383, auc@1 88.00, auc@5 98.90, share 98, std_loss 0, pre_std_loss 0, 
2021-05-30 01:08:49,052:INFO:[Rank-0] val time 15.5925, epoch 191, step  79, loss 1.31193476, auc@1 68.50, auc@5 90.82
2021-05-30 01:09:38,499:INFO:[Rank-0] train time 49.3040, epoch 192, step  98, loss 0.37157610, auc@1 88.15, auc@5 98.94, share 98, std_loss 0, pre_std_loss 0, 
2021-05-30 01:09:54,108:INFO:[Rank-0] val time 15.6061, epoch 192, step  79, loss 1.30140447, auc@1 68.68, auc@5 90.82
2021-05-30 01:10:42,300:INFO:[Rank-0] train time 48.0892, epoch 193, step  98, loss 0.37594527, auc@1 87.98, auc@5 98.94, share 98, std_loss 0, pre_std_loss 0, 
2021-05-30 01:10:57,660:INFO:[Rank-0] val time 15.3575, epoch 193, step  79, loss 1.31344494, auc@1 68.38, auc@5 90.81
2021-05-30 01:11:46,753:INFO:[Rank-0] train time 48.8647, epoch 194, step  98, loss 0.37900007, auc@1 87.80, auc@5 98.89, share 98, std_loss 0, pre_std_loss 0, 
2021-05-30 01:12:02,192:INFO:[Rank-0] val time 15.4365, epoch 194, step  79, loss 1.30803506, auc@1 68.60, auc@5 90.72
2021-05-30 01:12:50,875:INFO:[Rank-0] train time 48.4870, epoch 195, step  98, loss 0.37277809, auc@1 88.10, auc@5 99.01, share 98, std_loss 0, pre_std_loss 0, 
2021-05-30 01:13:06,220:INFO:[Rank-0] val time 15.3417, epoch 195, step  79, loss 1.31739109, auc@1 68.38, auc@5 90.77
2021-05-30 01:13:55,057:INFO:[Rank-0] train time 48.8162, epoch 196, step  98, loss 0.37588152, auc@1 88.12, auc@5 98.94, share 98, std_loss 0, pre_std_loss 0, 
2021-05-30 01:14:10,436:INFO:[Rank-0] val time 15.3761, epoch 196, step  79, loss 1.31235096, auc@1 68.58, auc@5 90.76
2021-05-30 01:14:59,055:INFO:[Rank-0] train time 48.4185, epoch 197, step  98, loss 0.37609512, auc@1 88.18, auc@5 98.90, share 98, std_loss 0, pre_std_loss 0, 
2021-05-30 01:15:14,359:INFO:[Rank-0] val time 15.3016, epoch 197, step  79, loss 1.31217177, auc@1 68.57, auc@5 90.75
2021-05-30 01:16:03,423:INFO:[Rank-0] train time 48.9416, epoch 198, step  98, loss 0.37737942, auc@1 87.94, auc@5 98.88, share 98, std_loss 0, pre_std_loss 0, 
2021-05-30 01:16:18,775:INFO:[Rank-0] val time 15.3494, epoch 198, step  79, loss 1.31690330, auc@1 68.36, auc@5 90.75
2021-05-30 01:17:07,363:INFO:[Rank-0] train time 48.5754, epoch 199, step  98, loss 0.37927833, auc@1 87.91, auc@5 98.99, share 98, std_loss 0, pre_std_loss 0, 
2021-05-30 01:17:22,792:INFO:[Rank-0] val time 15.4257, epoch 199, step  79, loss 1.30830808, auc@1 68.50, auc@5 90.87
2021-05-30 01:18:11,661:INFO:[Rank-0] train time 48.6482, epoch 200, step  98, loss 0.37602794, auc@1 88.01, auc@5 98.86, share 98, std_loss 0, pre_std_loss 0, 
2021-05-30 01:18:26,965:INFO:[Rank-0] val time 15.3024, epoch 200, step  79, loss 1.30954234, auc@1 68.73, auc@5 90.73
2021-05-30 01:18:26,967:INFO:[Rank-0] finish, train+val 12851.81124, train 9764.14953, reduce_count 19600
