2021-05-21 12:46:36,495:INFO:[Rank-2] args : Namespace(batch=1024, current_time='20210521_120901', dataset='cifar100', epochs=20, ip='192.168.1.2:7548', k=8, lr=0.01, momentum=0.9, name='async2(k=8)', rank=2, scheduler_step=40, train_type='async2', weight_decay=0.005, world=3)
2021-05-21 12:47:18,573:INFO:[Rank-2] train time 39.9393, epoch   1, step  49, loss 4.77853966, auc@1 1.87, auc@5 7.94, share 7, std_loss 0, 
2021-05-21 12:47:33,363:INFO:[Rank-2] val time 14.7861, epoch   1, step  30, loss 5.70552451, auc@1 2.76, auc@5 10.68
2021-05-21 12:48:14,503:INFO:[Rank-2] train time 38.8509, epoch   2, step  49, loss 4.41180038, auc@1 4.26, auc@5 16.30, share 7, std_loss 0, 
2021-05-21 12:48:29,213:INFO:[Rank-2] val time 14.7051, epoch   2, step  30, loss 4.30041325, auc@1 5.49, auc@5 20.44
2021-05-21 12:49:10,364:INFO:[Rank-2] train time 38.8296, epoch   3, step  49, loss 4.12478018, auc@1 6.82, auc@5 23.67, share 7, std_loss 0, 
2021-05-21 12:49:24,850:INFO:[Rank-2] val time 14.4821, epoch   3, step  30, loss 3.98906798, auc@1 9.77, auc@5 28.76
2021-05-21 12:50:06,588:INFO:[Rank-2] train time 38.8497, epoch   4, step  49, loss 3.94423342, auc@1 8.81, auc@5 29.39, share 7, std_loss 0, 
2021-05-21 12:50:21,120:INFO:[Rank-2] val time 14.5273, epoch   4, step  30, loss 3.80131465, auc@1 12.01, auc@5 33.55
2021-05-21 12:51:03,013:INFO:[Rank-2] train time 38.9530, epoch   5, step  49, loss 3.82370639, auc@1 10.57, auc@5 32.70, share 7, std_loss 0, 
2021-05-21 12:51:17,853:INFO:[Rank-2] val time 14.8359, epoch   5, step  30, loss 3.73121141, auc@1 12.30, auc@5 35.78
2021-05-21 12:51:58,948:INFO:[Rank-2] train time 38.8071, epoch   6, step  49, loss 3.71813035, auc@1 12.16, auc@5 35.82, share 7, std_loss 0, 
2021-05-21 12:52:13,608:INFO:[Rank-2] val time 14.6559, epoch   6, step  30, loss 3.63917830, auc@1 13.77, auc@5 38.14
2021-05-21 12:52:54,723:INFO:[Rank-2] train time 38.8226, epoch   7, step  49, loss 3.62081003, auc@1 13.55, auc@5 38.61, share 7, std_loss 0, 
2021-05-21 12:53:09,292:INFO:[Rank-2] val time 14.5644, epoch   7, step  30, loss 3.53629208, auc@1 15.68, auc@5 42.28
2021-05-21 12:53:50,923:INFO:[Rank-2] train time 38.7368, epoch   8, step  49, loss 3.51210332, auc@1 15.72, auc@5 42.20, share 7, std_loss 0, 
2021-05-21 12:54:05,797:INFO:[Rank-2] val time 14.8688, epoch   8, step  30, loss 3.52670284, auc@1 15.80, auc@5 42.09
2021-05-21 12:54:46,484:INFO:[Rank-2] train time 39.1174, epoch   9, step  49, loss 3.40801263, auc@1 17.18, auc@5 44.82, share 7, std_loss 0, 
2021-05-21 12:55:01,259:INFO:[Rank-2] val time 14.7701, epoch   9, step  30, loss 3.40308327, auc@1 17.71, auc@5 45.39
2021-05-21 12:55:42,592:INFO:[Rank-2] train time 38.7776, epoch  10, step  49, loss 3.32030320, auc@1 18.89, auc@5 47.24, share 7, std_loss 0, 
2021-05-21 12:55:57,305:INFO:[Rank-2] val time 14.7080, epoch  10, step  30, loss 3.42876342, auc@1 18.75, auc@5 45.82
2021-05-21 12:56:38,657:INFO:[Rank-2] train time 38.8688, epoch  11, step  49, loss 3.22525311, auc@1 20.27, auc@5 49.90, share 7, std_loss 0, 
2021-05-21 12:56:53,360:INFO:[Rank-2] val time 14.6991, epoch  11, step  30, loss 3.18202509, auc@1 21.46, auc@5 51.00
2021-05-21 12:57:34,810:INFO:[Rank-2] train time 39.0927, epoch  12, step  49, loss 3.12496758, auc@1 22.26, auc@5 52.26, share 7, std_loss 0, 
2021-05-21 12:57:49,549:INFO:[Rank-2] val time 14.7342, epoch  12, step  30, loss 3.10885251, auc@1 23.36, auc@5 53.26
2021-05-21 12:58:30,751:INFO:[Rank-2] train time 39.0318, epoch  13, step  49, loss 3.05281901, auc@1 23.62, auc@5 54.55, share 7, std_loss 0, 
2021-05-21 12:58:45,379:INFO:[Rank-2] val time 14.6248, epoch  13, step  30, loss 3.09204416, auc@1 23.43, auc@5 54.09
2021-05-21 12:59:26,893:INFO:[Rank-2] train time 39.0455, epoch  14, step  49, loss 2.95404005, auc@1 25.33, auc@5 56.85, share 7, std_loss 0, 
2021-05-21 12:59:41,618:INFO:[Rank-2] val time 14.7214, epoch  14, step  30, loss 2.98851659, auc@1 24.74, auc@5 56.11
2021-05-21 13:00:23,120:INFO:[Rank-2] train time 39.1527, epoch  15, step  49, loss 2.86560607, auc@1 26.99, auc@5 58.99, share 7, std_loss 0, 
2021-05-21 13:00:37,716:INFO:[Rank-2] val time 14.5918, epoch  15, step  30, loss 3.03259149, auc@1 24.97, auc@5 55.68
2021-05-21 13:01:19,457:INFO:[Rank-2] train time 39.0977, epoch  16, step  49, loss 2.76785445, auc@1 28.92, auc@5 61.38, share 7, std_loss 0, 
2021-05-21 13:01:34,139:INFO:[Rank-2] val time 14.6792, epoch  16, step  30, loss 2.76030386, auc@1 28.85, auc@5 61.51
2021-05-21 13:02:15,714:INFO:[Rank-2] train time 38.8812, epoch  17, step  49, loss 2.70967078, auc@1 30.08, auc@5 63.03, share 7, std_loss 0, 
2021-05-21 13:02:30,350:INFO:[Rank-2] val time 14.6319, epoch  17, step  30, loss 2.79492235, auc@1 28.83, auc@5 60.40
2021-05-21 13:03:11,764:INFO:[Rank-2] train time 38.9893, epoch  18, step  49, loss 2.62976718, auc@1 31.76, auc@5 64.59, share 7, std_loss 0, 
2021-05-21 13:03:26,434:INFO:[Rank-2] val time 14.6665, epoch  18, step  30, loss 2.65664023, auc@1 32.09, auc@5 63.16
2021-05-21 13:04:07,945:INFO:[Rank-2] train time 38.8804, epoch  19, step  49, loss 2.54175520, auc@1 33.37, auc@5 66.84, share 7, std_loss 0, 
2021-05-21 13:04:22,594:INFO:[Rank-2] val time 14.6457, epoch  19, step  30, loss 2.60316242, auc@1 32.32, auc@5 64.95
2021-05-21 13:05:04,191:INFO:[Rank-2] train time 38.8533, epoch  20, step  49, loss 2.46998620, auc@1 34.99, auc@5 68.20, share 7, std_loss 0, 
2021-05-21 13:05:18,767:INFO:[Rank-2] val time 14.5717, epoch  20, step  30, loss 2.64516759, auc@1 31.78, auc@5 64.35
2021-05-21 13:05:18,769:INFO:[Rank-2] finish, train+val 1120.76517, train 827.26029, reduce_count 140
