2021-05-23 17:57:51,174:INFO:[Rank-1] args : Namespace(batch=1024, current_time='20210523_175743', dataset='cifar100', epochs=50, ip='192.168.1.1:7548', k=16, loss_std_gap_rate=1.0, lr=0.01, momentum=0.9, name='loss', rank=1, scheduler_step=80, train_type='loss', weight_decay=0, world=4)
2021-05-23 17:58:29,857:INFO:[Rank-1] train time 37.2458, epoch   1, step  49, loss 4.78003836, auc@1 2.04, auc@5 8.23, share 15, std_loss 0.02569258923889423, pre_std_loss 0.026413263753056526,  4.78750 4.83985 4.82293 4.78299
2021-05-23 17:58:46,029:INFO:[Rank-1] val time 16.1659, epoch   1, step  40, loss 4.48548899, auc@1 3.23, auc@5 14.55
2021-05-23 17:59:23,791:INFO:[Rank-1] train time 37.7611, epoch   2, step  49, loss 4.46396351, auc@1 4.07, auc@5 15.95, share 25, std_loss 0.03073007489877696, pre_std_loss 0.04074455797672272,  4.46205 4.45289 4.43716 4.52944
2021-05-23 17:59:39,469:INFO:[Rank-1] val time 15.6730, epoch   2, step  40, loss 4.25363761, auc@1 4.44, auc@5 19.39
2021-05-23 18:00:15,652:INFO:[Rank-1] train time 36.1813, epoch   3, step  49, loss 4.21229649, auc@1 5.91, auc@5 21.48, share 8, std_loss 0.05290208642884177, pre_std_loss 0.04130478575825691,  4.20641 4.20499 4.19707 4.28695
2021-05-23 18:00:31,408:INFO:[Rank-1] val time 15.7534, epoch   3, step  40, loss 3.99012271, auc@1 7.47, auc@5 27.94
2021-05-23 18:01:07,267:INFO:[Rank-1] train time 35.8558, epoch   4, step  49, loss 4.02368069, auc@1 8.08, auc@5 27.10, share 9, std_loss 0.01861803110080714, pre_std_loss 0.01818246953189373,  4.03475 4.02237 4.01518 4.05477
2021-05-23 18:01:23,213:INFO:[Rank-1] val time 15.9413, epoch   4, step  40, loss 3.91128807, auc@1 9.44, auc@5 31.12
2021-05-23 18:01:59,862:INFO:[Rank-1] train time 36.6474, epoch   5, step  49, loss 3.90284133, auc@1 9.69, auc@5 30.67, share 14, std_loss 0.02598462590225497, pre_std_loss 0.0252170879393816,  3.91717 3.89662 3.87323 3.93110
2021-05-23 18:02:15,664:INFO:[Rank-1] val time 15.7959, epoch   5, step  40, loss 3.77507937, auc@1 12.15, auc@5 34.79
2021-05-23 18:02:52,208:INFO:[Rank-1] train time 36.5433, epoch   6, step  49, loss 3.81034803, auc@1 10.90, auc@5 33.36, share 15, std_loss 0.03556694379266428, pre_std_loss 0.033305197954177856,  3.80542 3.79493 3.78692 3.85826
2021-05-23 18:03:08,403:INFO:[Rank-1] val time 16.1899, epoch   6, step  40, loss 3.98517788, auc@1 12.40, auc@5 35.91
2021-05-23 18:03:44,567:INFO:[Rank-1] train time 36.1621, epoch   7, step  49, loss 3.73018503, auc@1 12.13, auc@5 35.84, share 13, std_loss 0.015322017797021841, pre_std_loss 0.011889245361089706,  3.71610 3.74101 3.73578 3.75438
2021-05-23 18:04:00,864:INFO:[Rank-1] val time 16.2941, epoch   7, step  40, loss 3.56502081, auc@1 14.92, auc@5 40.32
2021-05-23 18:04:37,744:INFO:[Rank-1] train time 36.8786, epoch   8, step  49, loss 3.64145994, auc@1 13.57, auc@5 38.30, share 14, std_loss 0.0330423148234888, pre_std_loss 0.0288232434540987,  3.66339 3.60898 3.65053 3.67973
2021-05-23 18:04:53,858:INFO:[Rank-1] val time 16.1096, epoch   8, step  40, loss 3.52373389, auc@1 16.19, auc@5 41.39
2021-05-23 18:05:30,569:INFO:[Rank-1] train time 36.7099, epoch   9, step  49, loss 3.55825710, auc@1 15.17, auc@5 40.70, share 14, std_loss 0.034787108475456435, pre_std_loss 0.0357917845249176,  3.56955 3.52004 3.54923 3.60919
2021-05-23 18:05:46,631:INFO:[Rank-1] val time 16.0568, epoch   9, step  40, loss 3.40661818, auc@1 18.64, auc@5 45.06
2021-05-23 18:06:23,178:INFO:[Rank-1] train time 36.5450, epoch  10, step  49, loss 3.46485496, auc@1 16.57, auc@5 43.44, share 12, std_loss 0.0330032830563735, pre_std_loss 0.033768944442272186,  3.43576 3.45180 3.45285 3.51250
2021-05-23 18:06:39,188:INFO:[Rank-1] val time 16.0058, epoch  10, step  40, loss 3.32521141, auc@1 19.54, auc@5 47.35
2021-05-23 18:07:15,510:INFO:[Rank-1] train time 36.3208, epoch  11, step  49, loss 3.38594246, auc@1 17.59, auc@5 45.80, share 11, std_loss 0.040747575956035634, pre_std_loss 0.03275175765156746,  3.36032 3.37826 3.37653 3.43518
2021-05-23 18:07:31,915:INFO:[Rank-1] val time 16.4013, epoch  11, step  40, loss 3.39979810, auc@1 18.69, auc@5 45.38
2021-05-23 18:08:07,649:INFO:[Rank-1] train time 35.7312, epoch  12, step  49, loss 3.31197572, auc@1 19.00, auc@5 47.91, share 8, std_loss 0.02257545919594716, pre_std_loss 0.018101856112480164,  3.28428 3.30022 3.30218 3.33100
2021-05-23 18:08:23,636:INFO:[Rank-1] val time 15.9844, epoch  12, step  40, loss 3.35278908, auc@1 20.74, auc@5 49.17
2021-05-23 18:08:59,803:INFO:[Rank-1] train time 36.1658, epoch  13, step  49, loss 3.25016427, auc@1 20.28, auc@5 49.30, share 6, std_loss 0.04882531966633943, pre_std_loss 0.03358196094632149,  3.25449 3.21324 3.26432 3.31623
2021-05-23 18:09:15,537:INFO:[Rank-1] val time 15.7318, epoch  13, step  40, loss 3.15222523, auc@1 22.31, auc@5 52.30
2021-05-23 18:09:51,544:INFO:[Rank-1] train time 36.0052, epoch  14, step  49, loss 3.17204809, auc@1 21.64, auc@5 51.38, share 8, std_loss 0.030498751534187064, pre_std_loss 0.023811429738998413,  3.15698 3.14634 3.18476 3.19612
2021-05-23 18:10:07,656:INFO:[Rank-1] val time 16.1087, epoch  14, step  40, loss 3.17692910, auc@1 22.07, auc@5 51.45
2021-05-23 18:10:43,388:INFO:[Rank-1] train time 35.7308, epoch  15, step  49, loss 3.08805823, auc@1 23.14, auc@5 53.39, share 7, std_loss 0.04687375658932997, pre_std_loss 0.03328390419483185,  3.05738 3.06287 3.11662 3.11863
2021-05-23 18:10:59,779:INFO:[Rank-1] val time 16.3865, epoch  15, step  40, loss 3.05235082, auc@1 23.68, auc@5 55.28
2021-05-23 18:11:35,411:INFO:[Rank-1] train time 35.6316, epoch  16, step  49, loss 3.03574753, auc@1 24.28, auc@5 54.85, share 6, std_loss 0.03834967280985141, pre_std_loss 0.02536158077418804,  3.02403 3.00924 3.07125 3.04852
2021-05-23 18:11:51,491:INFO:[Rank-1] val time 16.0753, epoch  16, step  40, loss 2.94899979, auc@1 26.27, auc@5 56.86
2021-05-23 18:12:26,928:INFO:[Rank-1] train time 35.4352, epoch  17, step  49, loss 2.94990683, auc@1 25.83, auc@5 56.78, share 3, std_loss 0.05291067105622924, pre_std_loss 0.026609426364302635,  3.14085 2.82705 3.11885 3.06844
2021-05-23 18:12:43,020:INFO:[Rank-1] val time 16.0896, epoch  17, step  40, loss 2.90004829, auc@1 27.82, auc@5 58.89
2021-05-23 18:13:19,076:INFO:[Rank-1] train time 36.0551, epoch  18, step  49, loss 2.88272071, auc@1 26.94, auc@5 58.83, share 6, std_loss 0.025091699077462663, pre_std_loss 0.01691531203687191,  2.86894 2.89501 2.86665 2.90689
2021-05-23 18:13:35,139:INFO:[Rank-1] val time 16.0572, epoch  18, step  40, loss 3.10447442, auc@1 24.70, auc@5 54.56
2021-05-23 18:14:11,133:INFO:[Rank-1] train time 35.9913, epoch  19, step  49, loss 2.82429099, auc@1 28.08, auc@5 60.10, share 10, std_loss 0.02808549206665888, pre_std_loss 0.011791590601205826,  2.82056 2.81954 2.83942 2.81963
2021-05-23 18:14:27,252:INFO:[Rank-1] val time 16.1138, epoch  19, step  40, loss 3.03907330, auc@1 26.79, auc@5 56.32
2021-05-23 18:15:03,437:INFO:[Rank-1] train time 36.1842, epoch  20, step  49, loss 2.74079823, auc@1 29.56, auc@5 62.09, share 8, std_loss 0.03252408079498885, pre_std_loss 0.022959694266319275,  2.75253 2.71691 2.76603 2.72734
2021-05-23 18:15:19,368:INFO:[Rank-1] val time 15.9284, epoch  20, step  40, loss 2.81857967, auc@1 29.37, auc@5 60.77
2021-05-23 18:15:55,270:INFO:[Rank-1] train time 35.9005, epoch  21, step  49, loss 2.70093822, auc@1 30.60, auc@5 63.17, share 7, std_loss 0.04063276536002451, pre_std_loss 0.027766617015004158,  2.66738 2.66072 2.73548 2.68167
2021-05-23 18:16:11,418:INFO:[Rank-1] val time 16.1423, epoch  21, step  40, loss 2.71324375, auc@1 30.95, auc@5 62.37
2021-05-23 18:16:47,046:INFO:[Rank-1] train time 35.6270, epoch  22, step  49, loss 2.62386632, auc@1 32.06, auc@5 64.56, share 7, std_loss 0.03004898134695024, pre_std_loss 0.022563401609659195,  2.60967 2.60969 2.65722 2.63076
2021-05-23 18:17:03,062:INFO:[Rank-1] val time 16.0110, epoch  22, step  40, loss 2.76793659, auc@1 30.35, auc@5 62.05
2021-05-23 18:17:39,421:INFO:[Rank-1] train time 36.3571, epoch  23, step  49, loss 2.58127165, auc@1 32.91, auc@5 65.98, share 11, std_loss 0.033203343860805035, pre_std_loss 0.026751291006803513,  2.58294 2.58222 2.60857 2.54697
2021-05-23 18:17:55,175:INFO:[Rank-1] val time 15.7494, epoch  23, step  40, loss 2.55741455, auc@1 34.39, auc@5 66.48
2021-05-23 18:18:30,929:INFO:[Rank-1] train time 35.7380, epoch  24, step  49, loss 2.50727534, auc@1 34.44, auc@5 67.55, share 8, std_loss 0.04511394553190591, pre_std_loss 0.029687145724892616,  2.46918 2.52088 2.58658 2.51370
2021-05-23 18:18:47,098:INFO:[Rank-1] val time 16.1658, epoch  24, step  40, loss 2.60872136, auc@1 33.19, auc@5 65.96
2021-05-23 18:19:23,061:INFO:[Rank-1] train time 35.9625, epoch  25, step  49, loss 2.45210934, auc@1 35.43, auc@5 68.58, share 8, std_loss 0.024080343658522685, pre_std_loss 0.012085827998816967,  2.46598 2.43297 2.45689 2.44525
2021-05-23 18:19:38,970:INFO:[Rank-1] val time 15.9056, epoch  25, step  40, loss 2.48681735, auc@1 35.46, auc@5 68.40
2021-05-23 18:20:15,484:INFO:[Rank-1] train time 36.5122, epoch  26, step  49, loss 2.42448688, auc@1 36.23, auc@5 69.44, share 15, std_loss 0.040017140905695914, pre_std_loss 0.04421061649918556,  2.36900 2.43034 2.47691 2.42278
2021-05-23 18:20:31,582:INFO:[Rank-1] val time 16.0933, epoch  26, step  40, loss 2.43030772, auc@1 36.09, auc@5 68.97
2021-05-23 18:21:07,766:INFO:[Rank-1] train time 36.1830, epoch  27, step  49, loss 2.36479664, auc@1 37.35, auc@5 70.50, share 10, std_loss 0.037950324540843766, pre_std_loss 0.031087016686797142,  2.31978 2.36832 2.40170 2.36858
2021-05-23 18:21:23,705:INFO:[Rank-1] val time 15.9364, epoch  27, step  40, loss 2.56686838, auc@1 34.94, auc@5 66.90
2021-05-23 18:21:59,405:INFO:[Rank-1] train time 35.6993, epoch  28, step  49, loss 2.32032442, auc@1 38.28, auc@5 71.45, share 6, std_loss 0.033535147009759535, pre_std_loss 0.015638062730431557,  2.33338 2.30398 2.33262 2.31057
2021-05-23 18:22:15,627:INFO:[Rank-1] val time 16.2178, epoch  28, step  40, loss 2.53688618, auc@1 36.23, auc@5 68.98
2021-05-23 18:22:51,931:INFO:[Rank-1] train time 36.3020, epoch  29, step  49, loss 2.28761458, auc@1 39.13, auc@5 72.14, share 11, std_loss 0.0330105114880265, pre_std_loss 0.028079628944396973,  2.33532 2.27841 2.34054 2.27788
2021-05-23 18:23:08,252:INFO:[Rank-1] val time 16.3161, epoch  29, step  40, loss 2.32611659, auc@1 39.77, auc@5 71.81
2021-05-23 18:23:44,998:INFO:[Rank-1] train time 36.7440, epoch  30, step  49, loss 2.23669386, auc@1 40.18, auc@5 73.41, share 11, std_loss 0.036299186891743114, pre_std_loss 0.024468515068292618,  2.19795 2.24682 2.27408 2.24665
2021-05-23 18:24:00,908:INFO:[Rank-1] val time 15.9068, epoch  30, step  40, loss 2.35598102, auc@1 38.68, auc@5 71.53
2021-05-23 18:24:37,053:INFO:[Rank-1] train time 36.1440, epoch  31, step  49, loss 2.18071008, auc@1 41.36, auc@5 74.20, share 13, std_loss 0.029024343063332597, pre_std_loss 0.036925360560417175,  2.13612 2.18126 2.22696 2.17545
2021-05-23 18:24:53,151:INFO:[Rank-1] val time 16.0954, epoch  31, step  40, loss 2.19352162, auc@1 42.14, auc@5 74.14
2021-05-23 18:25:28,779:INFO:[Rank-1] train time 35.6257, epoch  32, step  49, loss 2.13540912, auc@1 42.35, auc@5 75.49, share 5, std_loss 0.040440844714033364, pre_std_loss 0.022225212305784225,  2.09430 2.14185 2.14916 2.15952
2021-05-23 18:25:44,962:INFO:[Rank-1] val time 16.1762, epoch  32, step  40, loss 2.35482938, auc@1 38.87, auc@5 72.12
2021-05-23 18:26:21,423:INFO:[Rank-1] train time 36.4597, epoch  33, step  49, loss 2.14376640, auc@1 42.08, auc@5 75.12, share 12, std_loss 0.04023129884533736, pre_std_loss 0.042171675711870193,  2.09940 2.13187 2.20047 2.14017
2021-05-23 18:26:37,562:INFO:[Rank-1] val time 16.1335, epoch  33, step  40, loss 2.27102073, auc@1 40.56, auc@5 73.42
2021-05-23 18:27:13,492:INFO:[Rank-1] train time 35.9291, epoch  34, step  49, loss 2.05772400, auc@1 44.12, auc@5 76.82, share 7, std_loss 0.056346239103954664, pre_std_loss 0.04066173732280731,  2.00431 2.06025 2.10307 2.06439
2021-05-23 18:27:29,432:INFO:[Rank-1] val time 15.9354, epoch  34, step  40, loss 2.17543165, auc@1 42.83, auc@5 74.14
2021-05-23 18:28:05,812:INFO:[Rank-1] train time 36.3785, epoch  35, step  49, loss 2.02685046, auc@1 44.89, auc@5 77.43, share 11, std_loss 0.03418153148068457, pre_std_loss 0.03310149535536766,  2.02883 1.99250 2.07281 2.02301
2021-05-23 18:28:21,980:INFO:[Rank-1] val time 16.1632, epoch  35, step  40, loss 2.34924293, auc@1 40.17, auc@5 72.72
2021-05-23 18:28:57,786:INFO:[Rank-1] train time 35.8049, epoch  36, step  49, loss 1.99142027, auc@1 45.46, auc@5 78.30, share 7, std_loss 0.020507116022766853, pre_std_loss 0.008850275538861752,  1.99385 1.99706 1.98256 1.97358
2021-05-23 18:29:13,595:INFO:[Rank-1] val time 15.8052, epoch  36, step  40, loss 2.29986334, auc@1 40.99, auc@5 72.26
2021-05-23 18:29:50,239:INFO:[Rank-1] train time 36.6429, epoch  37, step  49, loss 1.96703935, auc@1 46.40, auc@5 78.62, share 16, std_loss 0.031217482910320466, pre_std_loss 0.043268632143735886,  1.93588 1.93869 2.02898 1.96873
2021-05-23 18:30:06,454:INFO:[Rank-1] val time 16.2127, epoch  37, step  40, loss 2.11754826, auc@1 43.61, auc@5 75.53
2021-05-23 18:30:41,846:INFO:[Rank-1] train time 35.3902, epoch  38, step  49, loss 1.91545963, auc@1 47.26, auc@5 79.57, share 7, std_loss 0.04821603676798392, pre_std_loss 0.041230425238609314,  1.89614 1.91110 1.97606 1.86769
2021-05-23 18:30:58,306:INFO:[Rank-1] val time 16.4580, epoch  38, step  40, loss 2.16475558, auc@1 44.54, auc@5 75.39
2021-05-23 18:31:33,946:INFO:[Rank-1] train time 35.6381, epoch  39, step  49, loss 1.90113318, auc@1 47.66, auc@5 79.65, share 8, std_loss 0.022917189122158652, pre_std_loss 0.019474806264042854,  1.89577 1.89464 1.93689 1.89630
2021-05-23 18:31:50,180:INFO:[Rank-1] val time 16.2297, epoch  39, step  40, loss 2.19772953, auc@1 43.58, auc@5 74.53
2021-05-23 18:32:26,473:INFO:[Rank-1] train time 36.2910, epoch  40, step  49, loss 1.86331511, auc@1 48.78, auc@5 80.42, share 13, std_loss 0.031161877231634393, pre_std_loss 0.031987547874450684,  1.84710 1.84912 1.91473 1.85262
2021-05-23 18:32:42,606:INFO:[Rank-1] val time 16.1301, epoch  40, step  40, loss 1.99774768, auc@1 46.36, auc@5 78.47
2021-05-23 18:33:17,953:INFO:[Rank-1] train time 35.3455, epoch  41, step  49, loss 1.81672156, auc@1 49.86, auc@5 81.30, share 6, std_loss 0.02718725450793091, pre_std_loss 0.019878165796399117,  1.79958 1.82340 1.84198 1.80226
2021-05-23 18:33:33,986:INFO:[Rank-1] val time 16.0262, epoch  41, step  40, loss 2.08674739, auc@1 45.19, auc@5 77.33
2021-05-23 18:34:10,200:INFO:[Rank-1] train time 36.2125, epoch  42, step  49, loss 1.79987526, auc@1 50.26, auc@5 81.50, share 6, std_loss 0.043022634651587933, pre_std_loss 0.037185173481702805,  1.77668 1.85705 1.84523 1.76538
2021-05-23 18:34:26,372:INFO:[Rank-1] val time 16.1661, epoch  42, step  40, loss 2.00680688, auc@1 47.54, auc@5 78.58
2021-05-23 18:35:02,578:INFO:[Rank-1] train time 36.2047, epoch  43, step  49, loss 1.77154779, auc@1 50.77, auc@5 82.07, share 8, std_loss 0.028232609710599085, pre_std_loss 0.025913501158356667,  1.74421 1.75949 1.80519 1.77086
2021-05-23 18:35:18,770:INFO:[Rank-1] val time 16.1905, epoch  43, step  40, loss 2.00133101, auc@1 47.37, auc@5 78.02
2021-05-23 18:35:54,424:INFO:[Rank-1] train time 35.6525, epoch  44, step  49, loss 1.74306285, auc@1 51.48, auc@5 82.63, share 5, std_loss 0.0422552899286455, pre_std_loss 0.0331471711397171,  1.72555 1.70988 1.79017 1.73927
2021-05-23 18:36:10,446:INFO:[Rank-1] val time 16.0189, epoch  44, step  40, loss 2.03493568, auc@1 46.97, auc@5 77.44
2021-05-23 18:36:47,350:INFO:[Rank-1] train time 36.9025, epoch  45, step  49, loss 1.71836722, auc@1 52.00, auc@5 82.93, share 10, std_loss 0.030674193567615384, pre_std_loss 0.027269167825579643,  1.68773 1.70107 1.75297 1.72958
2021-05-23 18:37:03,000:INFO:[Rank-1] val time 15.6475, epoch  45, step  40, loss 1.86660036, auc@1 50.15, auc@5 79.87
2021-05-23 18:37:38,350:INFO:[Rank-1] train time 35.3485, epoch  46, step  49, loss 1.67391682, auc@1 53.12, auc@5 83.96, share 4, std_loss 0.025441234646251008, pre_std_loss 0.013931876979768276,  1.65893 1.68626 1.68269 1.66209
2021-05-23 18:37:54,137:INFO:[Rank-1] val time 15.7838, epoch  46, step  40, loss 1.94625751, auc@1 48.64, auc@5 79.52
2021-05-23 18:38:29,954:INFO:[Rank-1] train time 35.8157, epoch  47, step  49, loss 1.64793575, auc@1 53.56, auc@5 84.18, share 6, std_loss 0.05649462079971421, pre_std_loss 0.02811705693602562,  1.61638 1.63600 1.66052 1.68074
2021-05-23 18:38:45,733:INFO:[Rank-1] val time 15.7729, epoch  47, step  40, loss 1.97429504, auc@1 48.34, auc@5 79.25
2021-05-23 18:39:21,461:INFO:[Rank-1] train time 35.7266, epoch  48, step  49, loss 1.64595222, auc@1 53.63, auc@5 84.25, share 7, std_loss 0.04141624788848721, pre_std_loss 0.0354260616004467,  1.58572 1.63165 1.66012 1.66866
2021-05-23 18:39:37,531:INFO:[Rank-1] val time 16.0682, epoch  48, step  40, loss 1.92116056, auc@1 49.26, auc@5 80.29
2021-05-23 18:40:13,999:INFO:[Rank-1] train time 36.4673, epoch  49, step  49, loss 1.60227561, auc@1 54.83, auc@5 85.08, share 11, std_loss 0.025567160311098, pre_std_loss 0.02040218934416771,  1.59151 1.57875 1.60385 1.63444
2021-05-23 18:40:30,199:INFO:[Rank-1] val time 16.1971, epoch  49, step  40, loss 1.93869633, auc@1 49.18, auc@5 79.83
2021-05-23 18:41:06,897:INFO:[Rank-1] train time 36.6968, epoch  50, step  49, loss 1.58274162, auc@1 55.25, auc@5 85.17, share 14, std_loss 0.02464206184127501, pre_std_loss 0.022487059235572815,  1.58101 1.57136 1.61563 1.55823
2021-05-23 18:41:23,146:INFO:[Rank-1] val time 16.2446, epoch  50, step  40, loss 1.87136698, auc@1 50.56, auc@5 81.19
2021-05-23 18:41:23,147:INFO:[Rank-1] finish, train+val 2610.53695, train 1807.70786, reduce_count 482
