2021-05-29 00:46:06,966:INFO:[Rank-1] args : Namespace(batch=1024, current_time='20210529_004559', dataset='cifar100', epochs=200, ip='192.168.1.1:7548', k=16, loss_std_gap_rate=1.0, lr=0.05, momentum=0.3, name='loss2', rank=1, scheduler_step=80, train_type='loss2', weight_decay=0.0001, world=4)
2021-05-29 00:46:47,679:INFO:[Rank-1] train time 39.2481, epoch   1, step  49, loss 4.75782633, auc@1 2.12, auc@5 8.98, share 22, std_loss 0.033168576315653564, pre_std_loss 0.04835560545325279,  4.80723 4.71703 4.72587 4.80235
2021-05-29 00:47:04,199:INFO:[Rank-1] val time 16.5146, epoch   1, step  40, loss 4.29964829, auc@1 5.02, auc@5 17.87
2021-05-29 00:47:41,263:INFO:[Rank-1] train time 37.0631, epoch   2, step  49, loss 4.36310720, auc@1 4.52, auc@5 17.57, share 14, std_loss 0.07408223897978967, pre_std_loss 0.07700146734714508,  4.47983 4.33946 4.32390 4.44953
2021-05-29 00:47:57,802:INFO:[Rank-1] val time 16.5362, epoch   2, step  40, loss 4.02245838, auc@1 6.85, auc@5 25.34
2021-05-29 00:48:35,013:INFO:[Rank-1] train time 37.2101, epoch   3, step  49, loss 4.11424303, auc@1 6.99, auc@5 24.36, share 13, std_loss 0.04846848996014011, pre_std_loss 0.0458950474858284,  4.16070 4.06665 4.11442 4.16605
2021-05-29 00:48:51,721:INFO:[Rank-1] val time 16.7046, epoch   3, step  40, loss 3.84872201, auc@1 10.19, auc@5 31.43
2021-05-29 00:49:28,331:INFO:[Rank-1] train time 36.6087, epoch   4, step  49, loss 3.96686125, auc@1 8.80, auc@5 28.76, share 7, std_loss 0.040497517631370196, pre_std_loss 0.03499828651547432,  3.98459 3.93628 3.96256 4.02056
2021-05-29 00:49:45,126:INFO:[Rank-1] val time 16.7896, epoch   4, step  40, loss 3.82789920, auc@1 10.20, auc@5 33.33
2021-05-29 00:50:21,936:INFO:[Rank-1] train time 36.8086, epoch   5, step  49, loss 3.85181427, auc@1 10.35, auc@5 32.01, share 12, std_loss 0.03401434714240687, pre_std_loss 0.030393900349736214,  3.86550 3.82583 3.83238 3.89081
2021-05-29 00:50:38,628:INFO:[Rank-1] val time 16.6870, epoch   5, step  40, loss 3.62902702, auc@1 13.95, auc@5 38.06
2021-05-29 00:51:15,424:INFO:[Rank-1] train time 36.7945, epoch   6, step  49, loss 3.75596070, auc@1 11.55, auc@5 34.94, share 13, std_loss 0.031419173738329996, pre_std_loss 0.03159056231379509,  3.74059 3.73896 3.75315 3.80535
2021-05-29 00:51:32,024:INFO:[Rank-1] val time 16.5978, epoch   6, step  40, loss 3.62491421, auc@1 13.73, auc@5 38.16
2021-05-29 00:52:08,744:INFO:[Rank-1] train time 36.7181, epoch   7, step  49, loss 3.67003560, auc@1 12.97, auc@5 37.79, share 14, std_loss 0.026664656406382516, pre_std_loss 0.0316733792424202,  3.64080 3.66837 3.66734 3.72239
2021-05-29 00:52:25,198:INFO:[Rank-1] val time 16.4488, epoch   7, step  40, loss 3.51965349, auc@1 15.21, auc@5 41.54
2021-05-29 00:53:01,751:INFO:[Rank-1] train time 36.5519, epoch   8, step  49, loss 3.58513808, auc@1 14.42, auc@5 39.95, share 9, std_loss 0.03387941290833512, pre_std_loss 0.03303993493318558,  3.58384 3.57418 3.56145 3.63730
2021-05-29 00:53:18,321:INFO:[Rank-1] val time 16.5647, epoch   8, step  40, loss 3.43558912, auc@1 17.67, auc@5 43.89
2021-05-29 00:53:55,288:INFO:[Rank-1] train time 36.9661, epoch   9, step  49, loss 3.49821901, auc@1 16.00, auc@5 42.55, share 11, std_loss 0.046167507387545645, pre_std_loss 0.044422294944524765,  3.47590 3.50382 3.47839 3.58470
2021-05-29 00:54:11,885:INFO:[Rank-1] val time 16.5938, epoch   9, step  40, loss 3.36666170, auc@1 18.00, auc@5 45.96
2021-05-29 00:54:48,993:INFO:[Rank-1] train time 37.1059, epoch  10, step  49, loss 3.42095852, auc@1 17.15, auc@5 44.59, share 14, std_loss 0.03205204850100741, pre_std_loss 0.029532916843891144,  3.41366 3.42297 3.39288 3.46328
2021-05-29 00:55:05,895:INFO:[Rank-1] val time 16.8998, epoch  10, step  40, loss 3.30754684, auc@1 19.17, auc@5 47.71
2021-05-29 00:55:42,246:INFO:[Rank-1] train time 36.3503, epoch  11, step  49, loss 3.33879256, auc@1 18.55, auc@5 46.93, share 8, std_loss 0.05164610769371597, pre_std_loss 0.047512564808130264,  3.33091 3.35998 3.31016 3.44507
2021-05-29 00:55:59,200:INFO:[Rank-1] val time 16.9491, epoch  11, step  40, loss 3.24534927, auc@1 20.78, auc@5 49.45
2021-05-29 00:56:35,749:INFO:[Rank-1] train time 36.5475, epoch  12, step  49, loss 3.25989532, auc@1 20.07, auc@5 49.26, share 8, std_loss 0.061236980238131115, pre_std_loss 0.05014100670814514,  3.23848 3.27652 3.20169 3.32021
2021-05-29 00:56:52,124:INFO:[Rank-1] val time 16.3726, epoch  12, step  40, loss 3.28705926, auc@1 19.91, auc@5 48.71
2021-05-29 00:57:28,163:INFO:[Rank-1] train time 36.0380, epoch  13, step  49, loss 3.18792343, auc@1 21.52, auc@5 50.81, share 5, std_loss 0.05412172191605276, pre_std_loss 0.038562387228012085,  3.16461 3.15838 3.17350 3.25031
2021-05-29 00:57:44,871:INFO:[Rank-1] val time 16.7015, epoch  13, step  40, loss 3.09732445, auc@1 22.70, auc@5 53.13
2021-05-29 00:58:21,440:INFO:[Rank-1] train time 36.5675, epoch  14, step  49, loss 3.10322475, auc@1 22.51, auc@5 53.25, share 9, std_loss 0.0361366866878709, pre_std_loss 0.028262872248888016,  3.07214 3.11073 3.09339 3.13898
2021-05-29 00:58:38,036:INFO:[Rank-1] val time 16.5916, epoch  14, step  40, loss 3.06191102, auc@1 23.52, auc@5 54.47
2021-05-29 00:59:14,256:INFO:[Rank-1] train time 36.2186, epoch  15, step  49, loss 3.03736901, auc@1 23.98, auc@5 54.92, share 4, std_loss 0.05540042355352519, pre_std_loss 0.03648441657423973,  2.99471 3.01620 3.01750 3.13395
2021-05-29 00:59:31,056:INFO:[Rank-1] val time 16.7946, epoch  15, step  40, loss 2.98313456, auc@1 25.56, auc@5 56.22
2021-05-29 01:00:07,334:INFO:[Rank-1] train time 36.2772, epoch  16, step  49, loss 2.96173382, auc@1 25.20, auc@5 56.51, share 10, std_loss 0.028665987451617816, pre_std_loss 0.022171087563037872,  2.94598 2.98532 2.94041 2.97611
2021-05-29 01:00:23,722:INFO:[Rank-1] val time 16.3836, epoch  16, step  40, loss 2.92793909, auc@1 26.15, auc@5 57.64
2021-05-29 01:01:00,938:INFO:[Rank-1] train time 37.2145, epoch  17, step  49, loss 2.88659883, auc@1 26.39, auc@5 58.63, share 5, std_loss 0.0552430333835738, pre_std_loss 0.038332004100084305,  2.88926 2.81762 2.85985 2.99620
2021-05-29 01:01:17,630:INFO:[Rank-1] val time 16.6886, epoch  17, step  40, loss 2.97890064, auc@1 25.64, auc@5 56.94
2021-05-29 01:01:54,383:INFO:[Rank-1] train time 36.7507, epoch  18, step  49, loss 2.81702876, auc@1 28.07, auc@5 60.22, share 10, std_loss 0.038121328898230375, pre_std_loss 0.03845878317952156,  2.81092 2.85394 2.76929 2.86881
2021-05-29 01:02:10,697:INFO:[Rank-1] val time 16.3110, epoch  18, step  40, loss 2.79874173, auc@1 28.52, auc@5 60.22
2021-05-29 01:02:47,684:INFO:[Rank-1] train time 36.9856, epoch  19, step  49, loss 2.76111293, auc@1 28.93, auc@5 61.56, share 11, std_loss 0.025897334576869498, pre_std_loss 0.023740151897072792,  2.73520 2.79315 2.74638 2.77370
2021-05-29 01:03:04,392:INFO:[Rank-1] val time 16.7031, epoch  19, step  40, loss 2.78317575, auc@1 29.10, auc@5 61.73
2021-05-29 01:03:41,039:INFO:[Rank-1] train time 36.6454, epoch  20, step  49, loss 2.68772864, auc@1 30.63, auc@5 63.11, share 13, std_loss 0.02369749091793688, pre_std_loss 0.022420288994908333,  2.66810 2.70010 2.67386 2.72733
2021-05-29 01:03:57,752:INFO:[Rank-1] val time 16.7104, epoch  20, step  40, loss 2.85398169, auc@1 29.05, auc@5 60.50
2021-05-29 01:04:35,748:INFO:[Rank-1] train time 37.9937, epoch  21, step  49, loss 2.62295413, auc@1 32.01, auc@5 64.88, share 16, std_loss 0.041464860646092165, pre_std_loss 0.04037947580218315,  2.56126 2.60525 2.62302 2.66859
2021-05-29 01:04:52,242:INFO:[Rank-1] val time 16.4886, epoch  21, step  40, loss 2.64202082, auc@1 31.58, auc@5 64.65
2021-05-29 01:05:28,336:INFO:[Rank-1] train time 36.0930, epoch  22, step  49, loss 2.58421946, auc@1 32.66, auc@5 65.74, share 3, std_loss 0.05702730131392576, pre_std_loss 0.0364127978682518,  2.55407 2.56504 2.57439 2.65388
2021-05-29 01:05:44,948:INFO:[Rank-1] val time 16.6053, epoch  22, step  40, loss 2.61567226, auc@1 32.65, auc@5 64.87
2021-05-29 01:06:21,250:INFO:[Rank-1] train time 36.3003, epoch  23, step  49, loss 2.52307343, auc@1 33.99, auc@5 67.17, share 6, std_loss 0.04624759782181711, pre_std_loss 0.02794536016881466,  2.49359 2.53011 2.50795 2.55768
2021-05-29 01:06:38,287:INFO:[Rank-1] val time 17.0335, epoch  23, step  40, loss 2.59134950, auc@1 33.24, auc@5 65.88
2021-05-29 01:07:14,480:INFO:[Rank-1] train time 36.1919, epoch  24, step  49, loss 2.46187353, auc@1 35.31, auc@5 68.52, share 6, std_loss 0.04033078192448129, pre_std_loss 0.027654726058244705,  2.42737 2.48733 2.47525 2.55383
2021-05-29 01:07:31,197:INFO:[Rank-1] val time 16.7140, epoch  24, step  40, loss 2.68600716, auc@1 32.60, auc@5 65.11
2021-05-29 01:08:07,703:INFO:[Rank-1] train time 36.5038, epoch  25, step  49, loss 2.40227652, auc@1 36.44, auc@5 69.98, share 11, std_loss 0.033484066247331856, pre_std_loss 0.026450252160429955,  2.40281 2.36792 2.40008 2.44915
2021-05-29 01:08:24,266:INFO:[Rank-1] val time 16.5583, epoch  25, step  40, loss 2.55971412, auc@1 34.58, auc@5 66.63
2021-05-29 01:09:01,820:INFO:[Rank-1] train time 37.5525, epoch  26, step  49, loss 2.34280181, auc@1 37.78, auc@5 71.11, share 16, std_loss 0.03247972975998205, pre_std_loss 0.03837975859642029,  2.30520 2.35982 2.31659 2.39124
2021-05-29 01:09:18,358:INFO:[Rank-1] val time 16.5359, epoch  26, step  40, loss 2.45969241, auc@1 36.30, auc@5 69.11
2021-05-29 01:09:54,225:INFO:[Rank-1] train time 35.8657, epoch  27, step  49, loss 2.32106686, auc@1 38.44, auc@5 71.62, share 5, std_loss 0.0393010088033518, pre_std_loss 0.03301282599568367,  2.27649 2.34098 2.31406 2.35897
2021-05-29 01:10:10,989:INFO:[Rank-1] val time 16.7573, epoch  27, step  40, loss 2.46185188, auc@1 37.38, auc@5 69.49
2021-05-29 01:10:48,009:INFO:[Rank-1] train time 37.0184, epoch  28, step  49, loss 2.25573039, auc@1 39.73, auc@5 72.84, share 14, std_loss 0.027736951901140262, pre_std_loss 0.029431622475385666,  2.25456 2.23761 2.23502 2.29865
2021-05-29 01:11:04,362:INFO:[Rank-1] val time 16.3479, epoch  28, step  40, loss 2.52176995, auc@1 35.52, auc@5 68.50
2021-05-29 01:11:40,388:INFO:[Rank-1] train time 36.0251, epoch  29, step  49, loss 2.22457433, auc@1 40.32, auc@5 73.56, share 8, std_loss 0.02907268147041299, pre_std_loss 0.027340497821569443,  2.23635 2.22071 2.18701 2.25067
2021-05-29 01:11:56,759:INFO:[Rank-1] val time 16.3675, epoch  29, step  40, loss 2.49379856, auc@1 36.36, auc@5 68.95
2021-05-29 01:12:33,375:INFO:[Rank-1] train time 36.6138, epoch  30, step  49, loss 2.18202257, auc@1 41.41, auc@5 74.70, share 9, std_loss 0.03335911358649633, pre_std_loss 0.02813052386045456,  2.16598 2.20750 2.15281 2.20698
2021-05-29 01:12:50,214:INFO:[Rank-1] val time 16.8330, epoch  30, step  40, loss 2.46707381, auc@1 36.45, auc@5 69.43
2021-05-29 01:13:27,086:INFO:[Rank-1] train time 36.8709, epoch  31, step  49, loss 2.12259912, auc@1 42.34, auc@5 75.59, share 12, std_loss 0.02070026519727342, pre_std_loss 0.021842338144779205,  2.10930 2.15090 2.11039 2.14388
2021-05-29 01:13:43,300:INFO:[Rank-1] val time 16.2110, epoch  31, step  40, loss 2.28628383, auc@1 40.04, auc@5 72.41
2021-05-29 01:14:19,843:INFO:[Rank-1] train time 36.5419, epoch  32, step  49, loss 2.08703494, auc@1 43.33, auc@5 76.39, share 10, std_loss 0.041519622299440055, pre_std_loss 0.041412413120269775,  2.06276 2.09626 2.04910 2.14438
2021-05-29 01:14:36,337:INFO:[Rank-1] val time 16.4890, epoch  32, step  40, loss 2.48193945, auc@1 37.45, auc@5 69.17
2021-05-29 01:15:12,469:INFO:[Rank-1] train time 36.1306, epoch  33, step  49, loss 2.06126189, auc@1 43.92, auc@5 76.90, share 9, std_loss 0.026280388749223584, pre_std_loss 0.023410633206367493,  2.02877 2.07819 2.06070 2.07819
2021-05-29 01:15:29,436:INFO:[Rank-1] val time 16.9620, epoch  33, step  40, loss 2.12421299, auc@1 42.80, auc@5 75.57
2021-05-29 01:16:05,664:INFO:[Rank-1] train time 36.2268, epoch  34, step  49, loss 2.00412965, auc@1 45.25, auc@5 77.79, share 7, std_loss 0.043596173351516526, pre_std_loss 0.03395260497927666,  1.95356 2.02087 2.01226 2.02771
2021-05-29 01:16:22,399:INFO:[Rank-1] val time 16.7285, epoch  34, step  40, loss 2.11174850, auc@1 43.79, auc@5 75.39
2021-05-29 01:16:58,884:INFO:[Rank-1] train time 36.3494, epoch  35, step  49, loss 1.97597599, auc@1 45.87, auc@5 78.32, share 10, std_loss 0.021988332803760256, pre_std_loss 0.010898890905082226,  1.96268 1.98688 1.97056 1.98168
2021-05-29 01:17:15,524:INFO:[Rank-1] val time 16.6376, epoch  35, step  40, loss 2.09930716, auc@1 43.67, auc@5 76.24
2021-05-29 01:17:52,370:INFO:[Rank-1] train time 36.8413, epoch  36, step  49, loss 1.93888807, auc@1 46.66, auc@5 79.28, share 11, std_loss 0.03530726007813094, pre_std_loss 0.03896611928939819,  1.96719 1.95055 1.88193 1.95827
2021-05-29 01:18:08,862:INFO:[Rank-1] val time 16.4894, epoch  36, step  40, loss 2.12082921, auc@1 44.36, auc@5 75.19
2021-05-29 01:18:46,067:INFO:[Rank-1] train time 37.2040, epoch  37, step  49, loss 1.89848006, auc@1 47.59, auc@5 79.92, share 11, std_loss 0.02290595061506848, pre_std_loss 0.022124119102954865,  1.89602 1.87118 1.91063 1.93033
2021-05-29 01:19:02,848:INFO:[Rank-1] val time 16.7761, epoch  37, step  40, loss 2.16545622, auc@1 43.09, auc@5 75.26
2021-05-29 01:19:39,830:INFO:[Rank-1] train time 36.9802, epoch  38, step  49, loss 1.86391687, auc@1 48.52, auc@5 80.49, share 10, std_loss 0.015924881074615583, pre_std_loss 0.010235368274152279,  1.85324 1.85861 1.85946 1.87796
2021-05-29 01:19:56,531:INFO:[Rank-1] val time 16.6960, epoch  38, step  40, loss 2.16022368, auc@1 43.42, auc@5 75.28
2021-05-29 01:20:32,748:INFO:[Rank-1] train time 36.2161, epoch  39, step  49, loss 1.84340894, auc@1 49.03, auc@5 81.01, share 4, std_loss 0.030184757857754523, pre_std_loss 0.01523681078106165,  1.87812 1.82949 1.77500 1.83688
2021-05-29 01:20:49,377:INFO:[Rank-1] val time 16.6231, epoch  39, step  40, loss 2.06492558, auc@1 45.85, auc@5 76.21
2021-05-29 01:21:25,916:INFO:[Rank-1] train time 36.5381, epoch  40, step  49, loss 1.81101346, auc@1 49.63, auc@5 81.39, share 7, std_loss 0.02814427725210482, pre_std_loss 0.016957493498921394,  1.80843 1.77887 1.81517 1.82497
2021-05-29 01:21:42,699:INFO:[Rank-1] val time 16.7787, epoch  40, step  40, loss 2.12677896, auc@1 44.66, auc@5 76.70
2021-05-29 01:22:19,030:INFO:[Rank-1] train time 36.3294, epoch  41, step  49, loss 1.76789987, auc@1 50.69, auc@5 82.26, share 8, std_loss 0.020715164486318827, pre_std_loss 0.00951398629695177,  1.73475 1.74213 1.77638 1.78890
2021-05-29 01:22:35,558:INFO:[Rank-1] val time 16.5250, epoch  41, step  40, loss 2.03498092, auc@1 46.28, auc@5 78.13
2021-05-29 01:23:11,554:INFO:[Rank-1] train time 35.9947, epoch  42, step  49, loss 1.74289954, auc@1 51.30, auc@5 82.54, share 7, std_loss 0.026483456148024723, pre_std_loss 0.013536842539906502,  1.74431 1.76221 1.70696 1.73102
2021-05-29 01:23:27,977:INFO:[Rank-1] val time 16.4175, epoch  42, step  40, loss 1.96782379, auc@1 47.67, auc@5 78.90
2021-05-29 01:24:04,373:INFO:[Rank-1] train time 36.3943, epoch  43, step  49, loss 1.71325159, auc@1 52.09, auc@5 83.16, share 10, std_loss 0.024340904232266605, pre_std_loss 0.009875204414129257,  1.70009 1.73433 1.67604 1.72990
2021-05-29 01:24:20,792:INFO:[Rank-1] val time 16.4141, epoch  43, step  40, loss 2.09479241, auc@1 45.28, auc@5 77.25
2021-05-29 01:24:56,919:INFO:[Rank-1] train time 36.1257, epoch  44, step  49, loss 1.69140172, auc@1 52.52, auc@5 83.66, share 8, std_loss 0.014189749813581608, pre_std_loss 0.0135318823158741,  1.69879 1.68325 1.67812 1.70385
2021-05-29 01:25:13,666:INFO:[Rank-1] val time 16.7408, epoch  44, step  40, loss 1.96409447, auc@1 47.79, auc@5 79.30
2021-05-29 01:25:50,792:INFO:[Rank-1] train time 37.1238, epoch  45, step  49, loss 1.65067017, auc@1 53.79, auc@5 84.13, share 11, std_loss 0.031349871269598296, pre_std_loss 0.02602115087211132,  1.65309 1.63569 1.61047 1.68819
2021-05-29 01:26:07,693:INFO:[Rank-1] val time 16.8957, epoch  45, step  40, loss 2.03471287, auc@1 47.26, auc@5 78.00
2021-05-29 01:26:43,474:INFO:[Rank-1] train time 35.7798, epoch  46, step  49, loss 1.63359034, auc@1 54.04, auc@5 84.49, share 6, std_loss 0.024021123269838945, pre_std_loss 0.01554595772176981,  1.65366 1.63924 1.62032 1.62755
2021-05-29 01:27:00,049:INFO:[Rank-1] val time 16.5718, epoch  46, step  40, loss 2.10928129, auc@1 45.87, auc@5 77.68
2021-05-29 01:27:36,452:INFO:[Rank-1] train time 36.4011, epoch  47, step  49, loss 1.60600626, auc@1 55.03, auc@5 84.87, share 6, std_loss 0.038472553829149325, pre_std_loss 0.01955518312752247,  1.62893 1.60799 1.57669 1.61735
2021-05-29 01:27:52,899:INFO:[Rank-1] val time 16.4431, epoch  47, step  40, loss 2.19668341, auc@1 45.22, auc@5 76.91
2021-05-29 01:28:30,281:INFO:[Rank-1] train time 37.3808, epoch  48, step  49, loss 1.58393621, auc@1 54.95, auc@5 85.21, share 14, std_loss 0.042194907534487396, pre_std_loss 0.042045388370752335,  1.56486 1.63067 1.53766 1.60891
2021-05-29 01:28:46,915:INFO:[Rank-1] val time 16.6324, epoch  48, step  40, loss 2.11540815, auc@1 46.29, auc@5 76.85
2021-05-29 01:29:22,710:INFO:[Rank-1] train time 35.7936, epoch  49, step  49, loss 1.56499970, auc@1 55.64, auc@5 85.52, share 3, std_loss 0.04913971550306495, pre_std_loss 0.036064714193344116,  1.54896 1.62223 1.46563 1.57094
2021-05-29 01:29:39,093:INFO:[Rank-1] val time 16.3778, epoch  49, step  40, loss 1.97928527, auc@1 47.95, auc@5 79.92
2021-05-29 01:30:14,899:INFO:[Rank-1] train time 35.8045, epoch  50, step  49, loss 1.54362750, auc@1 56.07, auc@5 86.01, share 3, std_loss 0.03332573183032931, pre_std_loss 0.019129108637571335,  1.57417 1.55222 1.52191 1.54386
2021-05-29 01:30:31,561:INFO:[Rank-1] val time 16.6556, epoch  50, step  40, loss 1.91354596, auc@1 49.64, auc@5 80.34
2021-05-29 01:31:07,902:INFO:[Rank-1] train time 36.3332, epoch  51, step  49, loss 1.51222873, auc@1 57.32, auc@5 86.41, share 8, std_loss 0.024763967499745135, pre_std_loss 0.019976703450083733,  1.50767 1.53779 1.49203 1.50011
2021-05-29 01:31:24,431:INFO:[Rank-1] val time 16.5233, epoch  51, step  40, loss 1.80141574, auc@1 51.30, auc@5 81.40
2021-05-29 01:32:00,635:INFO:[Rank-1] train time 36.2031, epoch  52, step  49, loss 1.48206651, auc@1 57.59, auc@5 87.03, share 8, std_loss 0.022694347768413777, pre_std_loss 0.010472013615071774,  1.48260 1.47421 1.47182 1.49409
2021-05-29 01:32:16,994:INFO:[Rank-1] val time 16.3522, epoch  52, step  40, loss 1.78680788, auc@1 52.31, auc@5 81.80
2021-05-29 01:32:53,287:INFO:[Rank-1] train time 36.2920, epoch  53, step  49, loss 1.46624219, auc@1 58.09, auc@5 87.13, share 6, std_loss 0.03796828076319427, pre_std_loss 0.0162382572889328,  1.46330 1.46872 1.42462 1.48548
2021-05-29 01:33:10,055:INFO:[Rank-1] val time 16.7661, epoch  53, step  40, loss 1.86289527, auc@1 52.32, auc@5 81.75
2021-05-29 01:33:46,071:INFO:[Rank-1] train time 36.0156, epoch  54, step  49, loss 1.44576752, auc@1 58.69, auc@5 87.40, share 7, std_loss 0.032230403578403045, pre_std_loss 0.023834068328142166,  1.46999 1.41014 1.45365 1.42960
2021-05-29 01:34:02,735:INFO:[Rank-1] val time 16.6584, epoch  54, step  40, loss 1.89267366, auc@1 51.05, auc@5 80.68
2021-05-29 01:34:38,847:INFO:[Rank-1] train time 36.1105, epoch  55, step  49, loss 1.42068005, auc@1 59.29, auc@5 87.81, share 6, std_loss 0.0335231055220475, pre_std_loss 0.020317718386650085,  1.42104 1.39177 1.42803 1.43642
2021-05-29 01:34:55,185:INFO:[Rank-1] val time 16.3341, epoch  55, step  40, loss 1.71796048, auc@1 53.67, auc@5 82.60
2021-05-29 01:35:31,430:INFO:[Rank-1] train time 36.2443, epoch  56, step  49, loss 1.39955389, auc@1 59.57, auc@5 88.23, share 8, std_loss 0.03463692468952159, pre_std_loss 0.029799755662679672,  1.41178 1.40260 1.35789 1.42267
2021-05-29 01:35:48,082:INFO:[Rank-1] val time 16.6467, epoch  56, step  40, loss 1.74529918, auc@1 53.60, auc@5 82.98
2021-05-29 01:36:25,202:INFO:[Rank-1] train time 37.1188, epoch  57, step  49, loss 1.37573981, auc@1 60.32, auc@5 88.52, share 12, std_loss 0.027537025530271386, pre_std_loss 0.0259233471006155,  1.37518 1.40550 1.33032 1.39102
2021-05-29 01:36:41,558:INFO:[Rank-1] val time 16.3531, epoch  57, step  40, loss 1.73339801, auc@1 52.68, auc@5 82.91
2021-05-29 01:37:18,109:INFO:[Rank-1] train time 36.5496, epoch  58, step  49, loss 1.35813832, auc@1 60.68, auc@5 88.69, share 6, std_loss 0.019207223841198245, pre_std_loss 0.010030382312834263,  1.34737 1.37157 1.33579 1.35266
2021-05-29 01:37:34,813:INFO:[Rank-1] val time 16.6995, epoch  58, step  40, loss 1.81394744, auc@1 51.57, auc@5 81.78
2021-05-29 01:38:12,232:INFO:[Rank-1] train time 37.4179, epoch  59, step  49, loss 1.33725107, auc@1 61.27, auc@5 88.91, share 15, std_loss 0.020859972858915523, pre_std_loss 0.017891068011522293,  1.36526 1.32815 1.33445 1.32749
2021-05-29 01:38:29,143:INFO:[Rank-1] val time 16.9088, epoch  59, step  40, loss 1.72945708, auc@1 54.63, auc@5 82.77
2021-05-29 01:39:05,962:INFO:[Rank-1] train time 36.8173, epoch  60, step  49, loss 1.30937779, auc@1 61.92, auc@5 89.35, share 13, std_loss 0.01913847656426381, pre_std_loss 0.014571063220500946,  1.33413 1.30914 1.29760 1.30664
2021-05-29 01:39:22,604:INFO:[Rank-1] val time 16.6383, epoch  60, step  40, loss 1.70221417, auc@1 54.61, auc@5 83.19
2021-05-29 01:39:58,535:INFO:[Rank-1] train time 35.9296, epoch  61, step  49, loss 1.30468559, auc@1 62.27, auc@5 89.46, share 6, std_loss 0.026996412523547, pre_std_loss 0.008785267360508442,  1.31133 1.28392 1.31204 1.29669
2021-05-29 01:40:14,957:INFO:[Rank-1] val time 16.4192, epoch  61, step  40, loss 1.63825717, auc@1 55.57, auc@5 84.35
2021-05-29 01:40:52,093:INFO:[Rank-1] train time 37.1352, epoch  62, step  49, loss 1.27969623, auc@1 62.98, auc@5 89.75, share 14, std_loss 0.025785224151094348, pre_std_loss 0.026963116601109505,  1.28916 1.31433 1.26190 1.25569
2021-05-29 01:41:08,517:INFO:[Rank-1] val time 16.4209, epoch  62, step  40, loss 1.67226144, auc@1 55.64, auc@5 84.41
2021-05-29 01:41:45,245:INFO:[Rank-1] train time 36.7261, epoch  63, step  49, loss 1.26627910, auc@1 63.37, auc@5 90.14, share 11, std_loss 0.022784249191837653, pre_std_loss 0.019927265122532845,  1.24794 1.26854 1.25398 1.29273
2021-05-29 01:42:01,908:INFO:[Rank-1] val time 16.6584, epoch  63, step  40, loss 1.78849280, auc@1 53.80, auc@5 82.60
2021-05-29 01:42:38,581:INFO:[Rank-1] train time 36.6720, epoch  64, step  49, loss 1.25285792, auc@1 63.64, auc@5 90.09, share 10, std_loss 0.020557246361003846, pre_std_loss 0.010797088965773582,  1.24933 1.24642 1.23826 1.27072
2021-05-29 01:42:55,367:INFO:[Rank-1] val time 16.7830, epoch  64, step  40, loss 1.67068167, auc@1 55.14, auc@5 84.28
2021-05-29 01:43:32,396:INFO:[Rank-1] train time 37.0282, epoch  65, step  49, loss 1.23987937, auc@1 63.89, auc@5 90.48, share 11, std_loss 0.02838370542289043, pre_std_loss 0.02762320451438427,  1.27301 1.24560 1.20762 1.22879
2021-05-29 01:43:48,554:INFO:[Rank-1] val time 16.1560, epoch  65, step  40, loss 1.69873627, auc@1 55.46, auc@5 84.09
2021-05-29 01:44:24,908:INFO:[Rank-1] train time 36.3525, epoch  66, step  49, loss 1.21217811, auc@1 64.59, auc@5 90.59, share 8, std_loss 0.025840547410961315, pre_std_loss 0.01458137296140194,  1.22352 1.22040 1.18828 1.21327
2021-05-29 01:44:41,590:INFO:[Rank-1] val time 16.6772, epoch  66, step  40, loss 1.72462455, auc@1 54.66, auc@5 83.97
2021-05-29 01:45:18,209:INFO:[Rank-1] train time 36.6176, epoch  67, step  49, loss 1.21121883, auc@1 64.64, auc@5 90.78, share 12, std_loss 0.027304479377154186, pre_std_loss 0.02037040889263153,  1.21693 1.22308 1.18168 1.22168
2021-05-29 01:45:34,960:INFO:[Rank-1] val time 16.7481, epoch  67, step  40, loss 1.56392496, auc@1 57.07, auc@5 85.46
2021-05-29 01:46:10,540:INFO:[Rank-1] train time 35.5793, epoch  68, step  49, loss 1.19976473, auc@1 65.07, auc@5 90.95, share 3, std_loss 0.020266849234015966, pre_std_loss 0.0041048587299883366,  1.18057 1.13646 1.19677 1.17720
2021-05-29 01:46:27,175:INFO:[Rank-1] val time 16.6304, epoch  68, step  40, loss 1.66801796, auc@1 55.51, auc@5 84.12
2021-05-29 01:47:03,843:INFO:[Rank-1] train time 36.6599, epoch  69, step  49, loss 1.17453849, auc@1 65.45, auc@5 91.26, share 12, std_loss 0.027842986568504452, pre_std_loss 0.02286471053957939,  1.16735 1.20422 1.13399 1.15305
2021-05-29 01:47:20,627:INFO:[Rank-1] val time 16.7796, epoch  69, step  40, loss 1.64793282, auc@1 56.40, auc@5 84.12
2021-05-29 01:47:57,619:INFO:[Rank-1] train time 36.9902, epoch  70, step  49, loss 1.15715230, auc@1 66.22, auc@5 91.50, share 14, std_loss 0.01615964078905099, pre_std_loss 0.015833070501685143,  1.16930 1.15515 1.16935 1.13125
2021-05-29 01:48:14,210:INFO:[Rank-1] val time 16.5862, epoch  70, step  40, loss 1.76055082, auc@1 55.21, auc@5 83.83
2021-05-29 01:48:50,401:INFO:[Rank-1] train time 36.1887, epoch  71, step  49, loss 1.14583993, auc@1 66.34, auc@5 91.65, share 7, std_loss 0.021372235855277703, pre_std_loss 0.014390356838703156,  1.15706 1.12852 1.12897 1.15645
2021-05-29 01:49:07,096:INFO:[Rank-1] val time 16.6895, epoch  71, step  40, loss 1.66912859, auc@1 56.15, auc@5 84.87
2021-05-29 01:49:43,345:INFO:[Rank-1] train time 36.2429, epoch  72, step  49, loss 1.12452209, auc@1 66.76, auc@5 91.90, share 8, std_loss 0.01872055238226847, pre_std_loss 0.008027461357414722,  1.12307 1.12152 1.11776 1.13621
2021-05-29 01:49:59,783:INFO:[Rank-1] val time 16.4297, epoch  72, step  40, loss 1.68801409, auc@1 56.32, auc@5 83.95
2021-05-29 01:50:36,369:INFO:[Rank-1] train time 36.5801, epoch  73, step  49, loss 1.11982238, auc@1 67.01, auc@5 92.08, share 9, std_loss 0.024613565404196174, pre_std_loss 0.018579261377453804,  1.10494 1.13373 1.13677 1.10382
2021-05-29 01:50:53,174:INFO:[Rank-1] val time 16.8010, epoch  73, step  40, loss 1.50306838, auc@1 59.07, auc@5 86.39
2021-05-29 01:51:28,988:INFO:[Rank-1] train time 35.8138, epoch  74, step  49, loss 1.10181475, auc@1 67.64, auc@5 92.14, share 5, std_loss 0.031648537448170234, pre_std_loss 0.023678846657276154,  1.13972 1.09128 1.09658 1.08106
2021-05-29 01:51:45,576:INFO:[Rank-1] val time 16.5848, epoch  74, step  40, loss 1.71548582, auc@1 55.58, auc@5 83.76
2021-05-29 01:52:22,024:INFO:[Rank-1] train time 36.4463, epoch  75, step  49, loss 1.08597827, auc@1 67.75, auc@5 92.39, share 9, std_loss 0.024063643448206842, pre_std_loss 0.016735179349780083,  1.09865 1.09533 1.06184 1.08915
2021-05-29 01:52:38,495:INFO:[Rank-1] val time 16.4684, epoch  75, step  40, loss 1.50522038, auc@1 59.44, auc@5 86.46
2021-05-29 01:53:15,661:INFO:[Rank-1] train time 37.1643, epoch  76, step  49, loss 1.07294071, auc@1 68.22, auc@5 92.42, share 14, std_loss 0.03182007136697672, pre_std_loss 0.028382891789078712,  1.10767 1.05489 1.04435 1.08132
2021-05-29 01:53:32,021:INFO:[Rank-1] val time 16.3570, epoch  76, step  40, loss 1.70044590, auc@1 56.49, auc@5 84.58
2021-05-29 01:54:08,525:INFO:[Rank-1] train time 36.4331, epoch  77, step  49, loss 1.05020082, auc@1 68.77, auc@5 92.72, share 10, std_loss 0.02454034502294903, pre_std_loss 0.009792928583920002,  1.05940 1.05166 1.03668 1.04397
2021-05-29 01:54:25,199:INFO:[Rank-1] val time 16.6719, epoch  77, step  40, loss 1.56105923, auc@1 58.83, auc@5 85.51
2021-05-29 01:55:01,750:INFO:[Rank-1] train time 36.5506, epoch  78, step  49, loss 1.04296958, auc@1 69.07, auc@5 92.86, share 10, std_loss 0.013773890578054957, pre_std_loss 0.00676489993929863,  1.03529 1.05003 1.03739 1.03723
2021-05-29 01:55:18,358:INFO:[Rank-1] val time 16.6042, epoch  78, step  40, loss 1.81719376, auc@1 54.67, auc@5 83.66
2021-05-29 01:55:54,986:INFO:[Rank-1] train time 36.6271, epoch  79, step  49, loss 1.04423654, auc@1 68.87, auc@5 92.85, share 8, std_loss 0.030289634796125547, pre_std_loss 0.026415621861815453,  1.08255 1.06225 1.00205 1.01486
2021-05-29 01:56:11,033:INFO:[Rank-1] val time 16.0419, epoch  79, step  40, loss 1.60136399, auc@1 58.34, auc@5 86.13
2021-05-29 01:56:47,860:INFO:[Rank-1] train time 36.8251, epoch  80, step  49, loss 1.01510167, auc@1 69.59, auc@5 93.30, share 12, std_loss 0.031157970618532628, pre_std_loss 0.02917729690670967,  1.04832 1.01751 1.00502 0.97800
2021-05-29 01:57:04,374:INFO:[Rank-1] val time 16.5120, epoch  80, step  40, loss 1.68427472, auc@1 56.77, auc@5 84.99
2021-05-29 01:57:40,629:INFO:[Rank-1] train time 36.2539, epoch  81, step  49, loss 0.88693219, auc@1 73.55, auc@5 94.40, share 8, std_loss 0.01999193848091729, pre_std_loss 0.013191082514822483,  0.89321 0.90996 0.87728 0.91113
2021-05-29 01:57:57,287:INFO:[Rank-1] val time 16.6557, epoch  81, step  40, loss 1.28523902, auc@1 64.33, auc@5 89.16
2021-05-29 01:58:33,404:INFO:[Rank-1] train time 36.1158, epoch  82, step  49, loss 0.80707592, auc@1 75.81, auc@5 95.28, share 7, std_loss 0.021786382592910408, pre_std_loss 0.015588821843266487,  0.82045 0.81171 0.78587 0.81562
2021-05-29 01:58:49,954:INFO:[Rank-1] val time 16.5438, epoch  82, step  40, loss 1.26466658, auc@1 64.93, auc@5 89.61
2021-05-29 01:59:26,095:INFO:[Rank-1] train time 36.1394, epoch  83, step  49, loss 0.78553939, auc@1 76.56, auc@5 95.56, share 9, std_loss 0.02416677508807304, pre_std_loss 0.015597331337630749,  0.79220 0.80213 0.79115 0.76383
2021-05-29 01:59:42,679:INFO:[Rank-1] val time 16.5823, epoch  83, step  40, loss 1.26065176, auc@1 65.09, auc@5 89.51
2021-05-29 02:00:18,707:INFO:[Rank-1] train time 36.0268, epoch  84, step  49, loss 0.76510322, auc@1 76.97, auc@5 95.47, share 7, std_loss 0.024510511387215585, pre_std_loss 0.01745537854731083,  0.77408 0.78534 0.75779 0.74069
2021-05-29 02:00:35,509:INFO:[Rank-1] val time 16.7954, epoch  84, step  40, loss 1.25388829, auc@1 65.25, auc@5 89.69
2021-05-29 02:01:11,410:INFO:[Rank-1] train time 35.8992, epoch  85, step  49, loss 0.75026375, auc@1 77.54, auc@5 95.75, share 5, std_loss 0.01610518293455243, pre_std_loss 0.007319931406527758,  0.74437 0.76059 0.74811 0.75571
2021-05-29 02:01:27,900:INFO:[Rank-1] val time 16.4870, epoch  85, step  40, loss 1.24830953, auc@1 65.58, auc@5 89.80
2021-05-29 02:02:04,071:INFO:[Rank-1] train time 36.1694, epoch  86, step  49, loss 0.74621141, auc@1 77.51, auc@5 95.91, share 9, std_loss 0.011509125444049738, pre_std_loss 0.007443953771144152,  0.75104 0.73911 0.74466 0.75473
2021-05-29 02:02:20,620:INFO:[Rank-1] val time 16.5342, epoch  86, step  40, loss 1.25663788, auc@1 65.55, auc@5 89.67
2021-05-29 02:02:56,745:INFO:[Rank-1] train time 36.1233, epoch  87, step  49, loss 0.73527420, auc@1 77.77, auc@5 95.89, share 6, std_loss 0.015353757070795613, pre_std_loss 0.012691641226410866,  0.74844 0.73159 0.71272 0.73316
2021-05-29 02:03:13,597:INFO:[Rank-1] val time 16.8486, epoch  87, step  40, loss 1.25591980, auc@1 65.45, auc@5 89.80
2021-05-29 02:03:50,501:INFO:[Rank-1] train time 36.9018, epoch  88, step  49, loss 0.72807205, auc@1 78.07, auc@5 96.03, share 11, std_loss 0.02274258662851489, pre_std_loss 0.019886141642928123,  0.71452 0.75288 0.71375 0.73216
2021-05-29 02:04:06,939:INFO:[Rank-1] val time 16.4295, epoch  88, step  40, loss 1.24894489, auc@1 65.64, auc@5 89.98
2021-05-29 02:04:42,968:INFO:[Rank-1] train time 36.0268, epoch  89, step  49, loss 0.72029924, auc@1 78.27, auc@5 96.10, share 5, std_loss 0.018622131752116338, pre_std_loss 0.012070718221366405,  0.70794 0.73816 0.70775 0.72665
2021-05-29 02:04:59,503:INFO:[Rank-1] val time 16.5285, epoch  89, step  40, loss 1.25078809, auc@1 65.88, auc@5 89.71
2021-05-29 02:05:36,019:INFO:[Rank-1] train time 36.5149, epoch  90, step  49, loss 0.71180087, auc@1 78.44, auc@5 96.34, share 11, std_loss 0.01976564572173722, pre_std_loss 0.01783323660492897,  0.72540 0.72415 0.70277 0.68845
2021-05-29 02:05:52,374:INFO:[Rank-1] val time 16.3502, epoch  90, step  40, loss 1.24595234, auc@1 65.98, auc@5 89.76
2021-05-29 02:06:29,020:INFO:[Rank-1] train time 36.6448, epoch  91, step  49, loss 0.70971674, auc@1 78.57, auc@5 96.15, share 8, std_loss 0.018694346010380863, pre_std_loss 0.012881209142506123,  0.70984 0.69899 0.72838 0.70376
2021-05-29 02:06:45,197:INFO:[Rank-1] val time 16.1718, epoch  91, step  40, loss 1.24723060, auc@1 66.18, auc@5 89.82
2021-05-29 02:07:21,614:INFO:[Rank-1] train time 36.2255, epoch  92, step  49, loss 0.69961143, auc@1 78.90, auc@5 96.29, share 8, std_loss 0.014266559816136653, pre_std_loss 0.008681231178343296,  0.68429 0.70126 0.71320 0.70136
2021-05-29 02:07:37,930:INFO:[Rank-1] val time 16.3120, epoch  92, step  40, loss 1.24903659, auc@1 65.79, auc@5 89.80
2021-05-29 02:08:14,398:INFO:[Rank-1] train time 36.4659, epoch  93, step  49, loss 0.68406218, auc@1 79.11, auc@5 96.49, share 6, std_loss 0.019666867596762522, pre_std_loss 0.008893301710486412,  0.69954 0.67875 0.68388 0.67810
2021-05-29 02:08:30,697:INFO:[Rank-1] val time 16.2913, epoch  93, step  40, loss 1.25022591, auc@1 65.83, auc@5 89.94
2021-05-29 02:09:07,686:INFO:[Rank-1] train time 36.9878, epoch  94, step  49, loss 0.67953664, auc@1 79.40, auc@5 96.47, share 15, std_loss 0.013074079419163113, pre_std_loss 0.008262991905212402,  0.67828 0.68116 0.66898 0.68899
2021-05-29 02:09:24,118:INFO:[Rank-1] val time 16.4288, epoch  94, step  40, loss 1.24667146, auc@1 65.83, auc@5 89.89
2021-05-29 02:10:00,906:INFO:[Rank-1] train time 36.7867, epoch  95, step  49, loss 0.67919612, auc@1 79.42, auc@5 96.43, share 10, std_loss 0.02051964868810408, pre_std_loss 0.017566220834851265,  0.67595 0.70683 0.66886 0.67173
2021-05-29 02:10:17,474:INFO:[Rank-1] val time 16.5599, epoch  95, step  40, loss 1.24728918, auc@1 66.05, auc@5 89.99
2021-05-29 02:10:53,841:INFO:[Rank-1] train time 36.3643, epoch  96, step  49, loss 0.67638665, auc@1 79.63, auc@5 96.53, share 4, std_loss 0.018177877303821092, pre_std_loss 0.006650298833847046,  0.67967 0.66566 0.67301 0.67955
2021-05-29 02:11:10,441:INFO:[Rank-1] val time 16.5970, epoch  96, step  40, loss 1.24566969, auc@1 66.06, auc@5 90.05
2021-05-29 02:11:47,098:INFO:[Rank-1] train time 36.6561, epoch  97, step  49, loss 0.66931486, auc@1 79.74, auc@5 96.47, share 10, std_loss 0.01435965840343614, pre_std_loss 0.01109243556857109,  0.67179 0.68214 0.66670 0.65817
2021-05-29 02:12:03,519:INFO:[Rank-1] val time 16.4180, epoch  97, step  40, loss 1.24521804, auc@1 66.20, auc@5 89.99
2021-05-29 02:12:39,792:INFO:[Rank-1] train time 36.2716, epoch  98, step  49, loss 0.66178727, auc@1 79.87, auc@5 96.61, share 7, std_loss 0.016416576786004767, pre_std_loss 0.006597994361072779,  0.66338 0.68508 0.66366 0.63321
2021-05-29 02:12:56,296:INFO:[Rank-1] val time 16.4987, epoch  98, step  40, loss 1.24927688, auc@1 66.10, auc@5 90.00
2021-05-29 02:13:32,680:INFO:[Rank-1] train time 36.3814, epoch  99, step  49, loss 0.65992713, auc@1 79.82, auc@5 96.63, share 7, std_loss 0.011800479856604824, pre_std_loss 0.0067316885106265545,  0.65695 0.66083 0.66619 0.65019
2021-05-29 02:13:49,068:INFO:[Rank-1] val time 16.3835, epoch  99, step  40, loss 1.24515027, auc@1 66.07, auc@5 90.04
2021-05-29 02:14:25,289:INFO:[Rank-1] train time 36.2200, epoch 100, step  49, loss 0.65609103, auc@1 80.20, auc@5 96.73, share 8, std_loss 0.011154818103876802, pre_std_loss 0.003630825085565448,  0.64705 0.64644 0.66333 0.65035
2021-05-29 02:14:41,789:INFO:[Rank-1] val time 16.4971, epoch 100, step  40, loss 1.24587390, auc@1 65.94, auc@5 90.12
2021-05-29 02:15:18,329:INFO:[Rank-1] train time 36.5380, epoch 101, step  49, loss 0.64770997, auc@1 80.41, auc@5 96.73, share 13, std_loss 0.012826826223837478, pre_std_loss 0.011445299722254276,  0.64028 0.66278 0.65001 0.63937
2021-05-29 02:15:34,867:INFO:[Rank-1] val time 16.5309, epoch 101, step  40, loss 1.24464962, auc@1 66.27, auc@5 90.05
2021-05-29 02:16:10,996:INFO:[Rank-1] train time 36.1277, epoch 102, step  49, loss 0.64959592, auc@1 80.45, auc@5 96.68, share 5, std_loss 0.014577412607186303, pre_std_loss 0.004232755862176418,  0.65081 0.64430 0.66859 0.65951
2021-05-29 02:16:27,525:INFO:[Rank-1] val time 16.5198, epoch 102, step  40, loss 1.24454334, auc@1 66.29, auc@5 90.13
2021-05-29 02:17:04,240:INFO:[Rank-1] train time 36.7141, epoch 103, step  49, loss 0.64486194, auc@1 80.51, auc@5 96.71, share 12, std_loss 0.013097446720705045, pre_std_loss 0.01590016670525074,  0.66083 0.63797 0.62743 0.65093
2021-05-29 02:17:20,826:INFO:[Rank-1] val time 16.5829, epoch 103, step  40, loss 1.24597677, auc@1 66.04, auc@5 89.98
2021-05-29 02:17:56,814:INFO:[Rank-1] train time 35.9871, epoch 104, step  49, loss 0.63651967, auc@1 80.72, auc@5 96.83, share 5, std_loss 0.02628278451002374, pre_std_loss 0.014229648746550083,  0.67327 0.62804 0.61433 0.61839
2021-05-29 02:18:13,280:INFO:[Rank-1] val time 16.4629, epoch 104, step  40, loss 1.25136460, auc@1 66.22, auc@5 89.96
2021-05-29 02:18:49,599:INFO:[Rank-1] train time 36.3175, epoch 105, step  49, loss 0.63402969, auc@1 80.69, auc@5 96.88, share 9, std_loss 0.016853407966163084, pre_std_loss 0.01319071277976036,  0.63146 0.64965 0.61789 0.63768
2021-05-29 02:19:06,465:INFO:[Rank-1] val time 16.8610, epoch 105, step  40, loss 1.24269017, auc@1 66.20, auc@5 90.04
2021-05-29 02:19:42,676:INFO:[Rank-1] train time 36.2086, epoch 106, step  49, loss 0.63071370, auc@1 81.02, auc@5 96.83, share 6, std_loss 0.01894603686749327, pre_std_loss 0.012872006744146347,  0.62104 0.64538 0.61917 0.64761
2021-05-29 02:19:59,263:INFO:[Rank-1] val time 16.5831, epoch 106, step  40, loss 1.25288375, auc@1 65.87, auc@5 90.12
2021-05-29 02:20:35,360:INFO:[Rank-1] train time 36.0947, epoch 107, step  49, loss 0.63035697, auc@1 80.99, auc@5 96.84, share 6, std_loss 0.017081486688432644, pre_std_loss 0.006178468465805054,  0.63551 0.63689 0.62384 0.62813
2021-05-29 02:20:51,968:INFO:[Rank-1] val time 16.6029, epoch 107, step  40, loss 1.25194762, auc@1 66.14, auc@5 90.01
2021-05-29 02:21:28,173:INFO:[Rank-1] train time 36.2033, epoch 108, step  49, loss 0.62392718, auc@1 81.10, auc@5 97.00, share 6, std_loss 0.01367350328922728, pre_std_loss 0.004685662686824799,  0.62688 0.61780 0.60311 0.62657
2021-05-29 02:21:44,890:INFO:[Rank-1] val time 16.7098, epoch 108, step  40, loss 1.24858932, auc@1 66.36, auc@5 90.05
2021-05-29 02:22:20,767:INFO:[Rank-1] train time 35.8761, epoch 109, step  49, loss 0.61686689, auc@1 81.10, auc@5 97.07, share 8, std_loss 0.020987421426237846, pre_std_loss 0.017712051048874855,  0.60814 0.64522 0.59973 0.60825
2021-05-29 02:22:37,697:INFO:[Rank-1] val time 16.9226, epoch 109, step  40, loss 1.25013416, auc@1 66.24, auc@5 90.07
2021-05-29 02:23:14,419:INFO:[Rank-1] train time 36.7143, epoch 110, step  49, loss 0.61353296, auc@1 81.37, auc@5 96.96, share 11, std_loss 0.0160855848855358, pre_std_loss 0.01579851470887661,  0.61532 0.63324 0.59616 0.60587
2021-05-29 02:23:30,813:INFO:[Rank-1] val time 16.3904, epoch 110, step  40, loss 1.24550599, auc@1 66.21, auc@5 90.18
2021-05-29 02:24:07,657:INFO:[Rank-1] train time 36.8429, epoch 111, step  49, loss 0.60397506, auc@1 81.56, auc@5 97.16, share 12, std_loss 0.011325012935249477, pre_std_loss 0.008886700496077538,  0.61153 0.60734 0.60317 0.59104
2021-05-29 02:24:24,385:INFO:[Rank-1] val time 16.7239, epoch 111, step  40, loss 1.24647900, auc@1 66.28, auc@5 90.33
2021-05-29 02:25:01,011:INFO:[Rank-1] train time 36.6245, epoch 112, step  49, loss 0.60583693, auc@1 81.58, auc@5 97.07, share 8, std_loss 0.013420160346645482, pre_std_loss 0.008217466063797474,  0.60843 0.61124 0.59306 0.60810
2021-05-29 02:25:17,552:INFO:[Rank-1] val time 16.5330, epoch 112, step  40, loss 1.24677131, auc@1 66.09, auc@5 90.01
2021-05-29 02:25:53,906:INFO:[Rank-1] train time 36.3524, epoch 113, step  49, loss 0.59853184, auc@1 81.82, auc@5 97.24, share 4, std_loss 0.01903581696952104, pre_std_loss 0.0017073230119422078,  0.58803 0.61121 0.59152 0.61949
2021-05-29 02:26:10,544:INFO:[Rank-1] val time 16.6311, epoch 113, step  40, loss 1.26055482, auc@1 65.95, auc@5 90.08
2021-05-29 02:26:46,797:INFO:[Rank-1] train time 36.2521, epoch 114, step  49, loss 0.59964621, auc@1 81.69, auc@5 97.16, share 7, std_loss 0.012043703708569614, pre_std_loss 0.009787382557988167,  0.58816 0.61095 0.59314 0.59722
2021-05-29 02:27:03,473:INFO:[Rank-1] val time 16.6707, epoch 114, step  40, loss 1.25515516, auc@1 66.36, auc@5 90.23
2021-05-29 02:27:39,676:INFO:[Rank-1] train time 36.2018, epoch 115, step  49, loss 0.58774728, auc@1 82.17, auc@5 97.23, share 6, std_loss 0.019390934565085536, pre_std_loss 0.01419349666684866,  0.57702 0.59461 0.60224 0.56696
2021-05-29 02:27:56,280:INFO:[Rank-1] val time 16.5998, epoch 115, step  40, loss 1.25450511, auc@1 66.40, auc@5 89.99
2021-05-29 02:28:32,036:INFO:[Rank-1] train time 35.7545, epoch 116, step  49, loss 0.59180015, auc@1 81.83, auc@5 97.20, share 3, std_loss 0.017367901945752755, pre_std_loss 0.00678282743319869,  0.52936 0.65347 0.58982 0.65341
2021-05-29 02:28:48,628:INFO:[Rank-1] val time 16.5893, epoch 116, step  40, loss 1.25416588, auc@1 66.25, auc@5 90.12
2021-05-29 02:29:25,060:INFO:[Rank-1] train time 36.4302, epoch 117, step  49, loss 0.59034032, auc@1 81.93, auc@5 97.29, share 11, std_loss 0.012175803177286776, pre_std_loss 0.01261076144874096,  0.59044 0.60560 0.58573 0.57526
2021-05-29 02:29:41,419:INFO:[Rank-1] val time 16.3523, epoch 117, step  40, loss 1.25831153, auc@1 66.23, auc@5 90.17
2021-05-29 02:30:17,120:INFO:[Rank-1] train time 35.6997, epoch 118, step  49, loss 0.58384126, auc@1 82.23, auc@5 97.31, share 3, std_loss 0.021656006631650487, pre_std_loss 0.011539731174707413,  0.58795 0.57011 0.59578 0.58024
2021-05-29 02:30:33,466:INFO:[Rank-1] val time 16.3436, epoch 118, step  40, loss 1.25528561, auc@1 66.64, auc@5 90.11
2021-05-29 02:31:09,715:INFO:[Rank-1] train time 36.2473, epoch 119, step  49, loss 0.58163369, auc@1 82.25, auc@5 97.35, share 6, std_loss 0.01972520742945525, pre_std_loss 0.010897115804255009,  0.57425 0.57448 0.58092 0.59826
2021-05-29 02:31:26,288:INFO:[Rank-1] val time 16.5690, epoch 119, step  40, loss 1.25176732, auc@1 66.29, auc@5 90.23
2021-05-29 02:32:02,834:INFO:[Rank-1] train time 36.5441, epoch 120, step  49, loss 0.57411563, auc@1 82.59, auc@5 97.43, share 10, std_loss 0.00939849884800461, pre_std_loss 0.0046468693763017654,  0.56636 0.58001 0.57573 0.56316
2021-05-29 02:32:19,344:INFO:[Rank-1] val time 16.5086, epoch 120, step  40, loss 1.24908508, auc@1 66.47, auc@5 90.33
2021-05-29 02:32:55,774:INFO:[Rank-1] train time 36.4281, epoch 121, step  49, loss 0.56912357, auc@1 82.67, auc@5 97.42, share 8, std_loss 0.016474829321461066, pre_std_loss 0.010663105174899101,  0.54841 0.58039 0.54808 0.56779
2021-05-29 02:33:12,447:INFO:[Rank-1] val time 16.6674, epoch 121, step  40, loss 1.25825761, auc@1 66.36, auc@5 90.20
2021-05-29 02:33:48,728:INFO:[Rank-1] train time 36.2805, epoch 122, step  49, loss 0.56748998, auc@1 82.46, auc@5 97.48, share 6, std_loss 0.012847014484280835, pre_std_loss 0.007849582470953465,  0.57257 0.57867 0.55761 0.56089
2021-05-29 02:34:05,210:INFO:[Rank-1] val time 16.4752, epoch 122, step  40, loss 1.27421785, auc@1 66.38, auc@5 90.13
2021-05-29 02:34:41,385:INFO:[Rank-1] train time 36.1736, epoch 123, step  49, loss 0.56211013, auc@1 82.91, auc@5 97.44, share 8, std_loss 0.011626333523332616, pre_std_loss 0.006238097324967384,  0.56195 0.57018 0.56309 0.55494
2021-05-29 02:34:57,894:INFO:[Rank-1] val time 16.5062, epoch 123, step  40, loss 1.25719519, auc@1 66.62, auc@5 90.18
2021-05-29 02:35:34,244:INFO:[Rank-1] train time 36.3491, epoch 124, step  49, loss 0.56074232, auc@1 82.78, auc@5 97.55, share 9, std_loss 0.013616555840803348, pre_std_loss 0.008225901983678341,  0.55290 0.55882 0.55771 0.57281
2021-05-29 02:35:50,920:INFO:[Rank-1] val time 16.6737, epoch 124, step  40, loss 1.26419559, auc@1 66.30, auc@5 90.10
2021-05-29 02:36:26,869:INFO:[Rank-1] train time 35.9476, epoch 125, step  49, loss 0.55792367, auc@1 82.82, auc@5 97.52, share 5, std_loss 0.017700527596277927, pre_std_loss 0.0034508768003433943,  0.56088 0.55866 0.55927 0.55493
2021-05-29 02:36:43,392:INFO:[Rank-1] val time 16.5201, epoch 125, step  40, loss 1.26045526, auc@1 66.69, auc@5 90.26
2021-05-29 02:37:19,535:INFO:[Rank-1] train time 36.1418, epoch 126, step  49, loss 0.55436045, auc@1 82.94, auc@5 97.61, share 2, std_loss 0.017258789779960503, pre_std_loss 0.00789517629891634,  0.53956 0.52823 0.43966 0.57594
2021-05-29 02:37:35,856:INFO:[Rank-1] val time 16.3164, epoch 126, step  40, loss 1.27071724, auc@1 66.26, auc@5 90.19
2021-05-29 02:38:12,419:INFO:[Rank-1] train time 36.5619, epoch 127, step  49, loss 0.55346775, auc@1 82.88, auc@5 97.57, share 8, std_loss 0.016472979087610633, pre_std_loss 0.007801402360200882,  0.54471 0.56329 0.55446 0.55052
2021-05-29 02:38:28,789:INFO:[Rank-1] val time 16.3626, epoch 127, step  40, loss 1.26633055, auc@1 66.49, auc@5 90.11
2021-05-29 02:39:05,296:INFO:[Rank-1] train time 36.5059, epoch 128, step  49, loss 0.54947108, auc@1 83.33, auc@5 97.57, share 9, std_loss 0.015195242556914384, pre_std_loss 0.01001246552914381,  0.55909 0.54723 0.53758 0.55047
2021-05-29 02:39:22,000:INFO:[Rank-1] val time 16.6984, epoch 128, step  40, loss 1.25677231, auc@1 66.18, auc@5 90.17
2021-05-29 02:39:58,403:INFO:[Rank-1] train time 36.4011, epoch 129, step  49, loss 0.53470826, auc@1 83.55, auc@5 97.70, share 9, std_loss 0.014689227851221755, pre_std_loss 0.008074916899204254,  0.54175 0.53758 0.53300 0.52454
2021-05-29 02:40:14,823:INFO:[Rank-1] val time 16.4149, epoch 129, step  40, loss 1.27055631, auc@1 66.25, auc@5 90.06
2021-05-29 02:40:51,708:INFO:[Rank-1] train time 36.8833, epoch 130, step  49, loss 0.54210877, auc@1 83.36, auc@5 97.71, share 13, std_loss 0.011505222926866643, pre_std_loss 0.011419815942645073,  0.52776 0.55247 0.55055 0.53935
2021-05-29 02:41:08,484:INFO:[Rank-1] val time 16.7715, epoch 130, step  40, loss 1.27292483, auc@1 66.54, auc@5 90.26
2021-05-29 02:41:45,473:INFO:[Rank-1] train time 36.9870, epoch 131, step  49, loss 0.53620791, auc@1 83.55, auc@5 97.68, share 12, std_loss 0.01638564534903485, pre_std_loss 0.012662253342568874,  0.52809 0.55917 0.54145 0.51949
2021-05-29 02:42:02,048:INFO:[Rank-1] val time 16.5691, epoch 131, step  40, loss 1.26527572, auc@1 66.78, auc@5 90.26
2021-05-29 02:42:38,546:INFO:[Rank-1] train time 36.4971, epoch 132, step  49, loss 0.52856779, auc@1 83.89, auc@5 97.78, share 6, std_loss 0.013985143128630459, pre_std_loss 0.0055875214748084545,  0.53605 0.52248 0.52778 0.52837
2021-05-29 02:42:54,733:INFO:[Rank-1] val time 16.1842, epoch 132, step  40, loss 1.27874181, auc@1 66.37, auc@5 90.28
2021-05-29 02:43:31,217:INFO:[Rank-1] train time 36.4825, epoch 133, step  49, loss 0.52836615, auc@1 83.73, auc@5 97.84, share 8, std_loss 0.010772202971714492, pre_std_loss 0.009149898774921894,  0.51979 0.53673 0.53852 0.52459
2021-05-29 02:43:47,701:INFO:[Rank-1] val time 16.4798, epoch 133, step  40, loss 1.27567191, auc@1 66.44, auc@5 90.17
2021-05-29 02:44:24,608:INFO:[Rank-1] train time 36.9055, epoch 134, step  49, loss 0.52858263, auc@1 83.85, auc@5 97.73, share 10, std_loss 0.016402322019697452, pre_std_loss 0.008985674940049648,  0.51617 0.54197 0.51952 0.53112
2021-05-29 02:44:41,308:INFO:[Rank-1] val time 16.6969, epoch 134, step  40, loss 1.27917109, auc@1 66.53, auc@5 90.06
2021-05-29 02:45:18,042:INFO:[Rank-1] train time 36.7327, epoch 135, step  49, loss 0.52377540, auc@1 84.10, auc@5 97.80, share 10, std_loss 0.01564093288604398, pre_std_loss 0.010329626500606537,  0.51811 0.54454 0.50737 0.51969
2021-05-29 02:45:34,887:INFO:[Rank-1] val time 16.8425, epoch 135, step  40, loss 1.26924502, auc@1 66.72, auc@5 90.20
2021-05-29 02:46:11,446:INFO:[Rank-1] train time 36.5571, epoch 136, step  49, loss 0.51746565, auc@1 84.10, auc@5 97.83, share 9, std_loss 0.01727114857307502, pre_std_loss 0.01391407661139965,  0.50358 0.52133 0.53535 0.51017
2021-05-29 02:46:28,023:INFO:[Rank-1] val time 16.5740, epoch 136, step  40, loss 1.28728462, auc@1 66.19, auc@5 89.89
2021-05-29 02:47:04,970:INFO:[Rank-1] train time 36.9461, epoch 137, step  49, loss 0.51581120, auc@1 84.10, auc@5 97.77, share 14, std_loss 0.008995860548956054, pre_std_loss 0.00981049332767725,  0.51616 0.52642 0.50248 0.51559
2021-05-29 02:47:21,517:INFO:[Rank-1] val time 16.5441, epoch 137, step  40, loss 1.27950654, auc@1 66.66, auc@5 90.21
2021-05-29 02:47:58,130:INFO:[Rank-1] train time 36.6120, epoch 138, step  49, loss 0.51453233, auc@1 84.20, auc@5 97.90, share 10, std_loss 0.017244147764024685, pre_std_loss 0.011812607757747173,  0.50480 0.52902 0.50147 0.51693
2021-05-29 02:48:14,942:INFO:[Rank-1] val time 16.8089, epoch 138, step  40, loss 1.27027586, auc@1 66.45, auc@5 90.02
2021-05-29 02:48:51,599:INFO:[Rank-1] train time 36.6557, epoch 139, step  49, loss 0.50952405, auc@1 84.33, auc@5 97.98, share 11, std_loss 0.009517303981571173, pre_std_loss 0.006002154666930437,  0.50768 0.51518 0.51366 0.50239
2021-05-29 02:49:08,027:INFO:[Rank-1] val time 16.4257, epoch 139, step  40, loss 1.27618244, auc@1 66.65, auc@5 89.94
2021-05-29 02:49:44,013:INFO:[Rank-1] train time 35.9837, epoch 140, step  49, loss 0.50869107, auc@1 84.51, auc@5 97.98, share 6, std_loss 0.015149338807606575, pre_std_loss 0.008953168988227844,  0.52134 0.51701 0.49302 0.48832
2021-05-29 02:50:00,824:INFO:[Rank-1] val time 16.8077, epoch 140, step  40, loss 1.27767620, auc@1 66.45, auc@5 90.09
2021-05-29 02:50:36,622:INFO:[Rank-1] train time 35.7970, epoch 141, step  49, loss 0.50875944, auc@1 84.22, auc@5 97.92, share 5, std_loss 0.009341489818251255, pre_std_loss 0.004673725925385952,  0.50312 0.51038 0.50394 0.51254
2021-05-29 02:50:53,354:INFO:[Rank-1] val time 16.7287, epoch 141, step  40, loss 1.27815026, auc@1 66.93, auc@5 89.97
2021-05-29 02:51:29,531:INFO:[Rank-1] train time 36.1759, epoch 142, step  49, loss 0.50368834, auc@1 84.54, auc@5 98.03, share 6, std_loss 0.014634850739064266, pre_std_loss 0.01045936532318592,  0.51530 0.51601 0.48906 0.50092
2021-05-29 02:51:46,500:INFO:[Rank-1] val time 16.9670, epoch 142, step  40, loss 1.28624584, auc@1 66.81, auc@5 90.03
2021-05-29 02:52:23,112:INFO:[Rank-1] train time 36.6115, epoch 143, step  49, loss 0.49968737, auc@1 84.72, auc@5 97.99, share 12, std_loss 0.009653836940130105, pre_std_loss 0.008276913315057755,  0.49466 0.49014 0.50036 0.50934
2021-05-29 02:52:39,731:INFO:[Rank-1] val time 16.6143, epoch 143, step  40, loss 1.27726864, auc@1 66.55, auc@5 90.01
2021-05-29 02:53:16,058:INFO:[Rank-1] train time 36.3261, epoch 144, step  49, loss 0.49430624, auc@1 84.63, auc@5 98.01, share 9, std_loss 0.01370856315087603, pre_std_loss 0.009744464419782162,  0.49378 0.50454 0.48659 0.48125
2021-05-29 02:53:32,791:INFO:[Rank-1] val time 16.7290, epoch 144, step  40, loss 1.29909633, auc@1 66.45, auc@5 90.15
2021-05-29 02:54:09,272:INFO:[Rank-1] train time 36.4800, epoch 145, step  49, loss 0.49295214, auc@1 84.59, auc@5 98.07, share 9, std_loss 0.01672543948326184, pre_std_loss 0.011223310604691505,  0.48984 0.50892 0.48586 0.48494
2021-05-29 02:54:25,922:INFO:[Rank-1] val time 16.6479, epoch 145, step  40, loss 1.28857419, auc@1 66.38, auc@5 90.07
2021-05-29 02:55:02,053:INFO:[Rank-1] train time 36.1289, epoch 146, step  49, loss 0.49054790, auc@1 84.98, auc@5 98.08, share 5, std_loss 0.014305414765008859, pre_std_loss 0.01170472614467144,  0.50575 0.48055 0.48133 0.48978
2021-05-29 02:55:18,298:INFO:[Rank-1] val time 16.2399, epoch 146, step  40, loss 1.29308879, auc@1 66.36, auc@5 89.96
2021-05-29 02:55:54,667:INFO:[Rank-1] train time 36.3679, epoch 147, step  49, loss 0.49020064, auc@1 84.86, auc@5 98.08, share 7, std_loss 0.010401598263379871, pre_std_loss 0.006044954992830753,  0.49287 0.47409 0.49414 0.48324
2021-05-29 02:56:11,088:INFO:[Rank-1] val time 16.4167, epoch 147, step  40, loss 1.28693565, auc@1 67.02, auc@5 90.23
2021-05-29 02:56:47,712:INFO:[Rank-1] train time 36.6227, epoch 148, step  49, loss 0.48867789, auc@1 85.09, auc@5 98.13, share 9, std_loss 0.018069961507405554, pre_std_loss 0.016837449744343758,  0.49114 0.48934 0.46280 0.50259
2021-05-29 02:57:04,596:INFO:[Rank-1] val time 16.8778, epoch 148, step  40, loss 1.30009727, auc@1 66.63, auc@5 89.96
2021-05-29 02:57:41,174:INFO:[Rank-1] train time 36.5762, epoch 149, step  49, loss 0.48047984, auc@1 85.25, auc@5 98.23, share 9, std_loss 0.02003557767186846, pre_std_loss 0.012354301288723946,  0.48994 0.49276 0.46539 0.47428
2021-05-29 02:57:57,685:INFO:[Rank-1] val time 16.5075, epoch 149, step  40, loss 1.29334087, auc@1 66.48, auc@5 90.19
2021-05-29 02:58:33,804:INFO:[Rank-1] train time 36.1180, epoch 150, step  49, loss 0.48103923, auc@1 85.35, auc@5 98.06, share 6, std_loss 0.0191769253234474, pre_std_loss 0.009929140098392963,  0.49350 0.48426 0.47314 0.47281
2021-05-29 02:58:50,557:INFO:[Rank-1] val time 16.7481, epoch 150, step  40, loss 1.29829215, auc@1 66.76, auc@5 90.11
2021-05-29 02:59:27,020:INFO:[Rank-1] train time 36.4612, epoch 151, step  49, loss 0.47323036, auc@1 85.53, auc@5 98.20, share 6, std_loss 0.014197217937254784, pre_std_loss 0.006714230868965387,  0.47624 0.47651 0.48394 0.46362
2021-05-29 02:59:43,553:INFO:[Rank-1] val time 16.5270, epoch 151, step  40, loss 1.29272217, auc@1 66.86, auc@5 90.27
2021-05-29 03:00:19,834:INFO:[Rank-1] train time 36.2793, epoch 152, step  49, loss 0.46885258, auc@1 85.59, auc@5 98.27, share 7, std_loss 0.01078171845245156, pre_std_loss 0.003364074742421508,  0.46879 0.46137 0.45281 0.48096
2021-05-29 03:00:36,430:INFO:[Rank-1] val time 16.5932, epoch 152, step  40, loss 1.28641419, auc@1 66.67, auc@5 90.10
2021-05-29 03:01:13,392:INFO:[Rank-1] train time 36.9604, epoch 153, step  49, loss 0.46629617, auc@1 85.53, auc@5 98.29, share 10, std_loss 0.014806571682648999, pre_std_loss 0.010469776578247547,  0.46354 0.48798 0.46530 0.45657
2021-05-29 03:01:30,144:INFO:[Rank-1] val time 16.7471, epoch 153, step  40, loss 1.29467903, auc@1 66.47, auc@5 90.15
2021-05-29 03:02:05,969:INFO:[Rank-1] train time 35.8243, epoch 154, step  49, loss 0.46453407, auc@1 85.84, auc@5 98.29, share 6, std_loss 0.011474883012777689, pre_std_loss 0.007559625897556543,  0.45634 0.47741 0.47148 0.46107
2021-05-29 03:02:22,618:INFO:[Rank-1] val time 16.6445, epoch 154, step  40, loss 1.30213343, auc@1 66.67, auc@5 90.07
2021-05-29 03:02:59,387:INFO:[Rank-1] train time 36.7667, epoch 155, step  49, loss 0.45966560, auc@1 85.88, auc@5 98.30, share 5, std_loss 0.008746595801405457, pre_std_loss 0.003864382626488805,  0.45986 0.46050 0.45260 0.45437
2021-05-29 03:03:16,253:INFO:[Rank-1] val time 16.8563, epoch 155, step  40, loss 1.30539979, auc@1 66.65, auc@5 90.10
2021-05-29 03:03:53,445:INFO:[Rank-1] train time 37.1901, epoch 156, step  49, loss 0.46163368, auc@1 85.88, auc@5 98.31, share 8, std_loss 0.016093873162278716, pre_std_loss 0.009069067426025867,  0.44851 0.47286 0.45442 0.46354
2021-05-29 03:04:10,085:INFO:[Rank-1] val time 16.6358, epoch 156, step  40, loss 1.30008832, auc@1 66.53, auc@5 90.19
2021-05-29 03:04:46,866:INFO:[Rank-1] train time 36.7796, epoch 157, step  49, loss 0.45356140, auc@1 86.14, auc@5 98.30, share 9, std_loss 0.018558747876359492, pre_std_loss 0.011132034473121166,  0.46484 0.45396 0.47310 0.42755
2021-05-29 03:05:03,447:INFO:[Rank-1] val time 16.5769, epoch 157, step  40, loss 1.29969260, auc@1 66.61, auc@5 89.92
2021-05-29 03:05:40,132:INFO:[Rank-1] train time 36.6837, epoch 158, step  49, loss 0.45301390, auc@1 86.18, auc@5 98.28, share 9, std_loss 0.013680040513222315, pre_std_loss 0.006001113913953304,  0.45221 0.46350 0.43882 0.45294
2021-05-29 03:05:56,606:INFO:[Rank-1] val time 16.4698, epoch 158, step  40, loss 1.31134450, auc@1 66.60, auc@5 89.84
2021-05-29 03:06:32,941:INFO:[Rank-1] train time 36.3337, epoch 159, step  49, loss 0.45130539, auc@1 86.19, auc@5 98.45, share 8, std_loss 0.01886047430488528, pre_std_loss 0.009900067001581192,  0.46136 0.46153 0.43670 0.43674
2021-05-29 03:06:49,637:INFO:[Rank-1] val time 16.6935, epoch 159, step  40, loss 1.29335813, auc@1 66.89, auc@5 90.07
2021-05-29 03:07:25,854:INFO:[Rank-1] train time 36.2157, epoch 160, step  49, loss 0.44671232, auc@1 86.32, auc@5 98.46, share 6, std_loss 0.012460786231546377, pre_std_loss 0.008342633955180645,  0.44475 0.45526 0.45275 0.43517
2021-05-29 03:07:42,519:INFO:[Rank-1] val time 16.6611, epoch 160, step  40, loss 1.30571225, auc@1 66.53, auc@5 90.15
2021-05-29 03:08:18,701:INFO:[Rank-1] train time 36.1809, epoch 161, step  49, loss 0.44320604, auc@1 86.61, auc@5 98.32, share 4, std_loss 0.01340230922119654, pre_std_loss 0.006893346086144447,  0.42282 0.44719 0.44187 0.45496
2021-05-29 03:08:35,480:INFO:[Rank-1] val time 16.7757, epoch 161, step  40, loss 1.29183828, auc@1 66.99, auc@5 90.39
2021-05-29 03:09:11,442:INFO:[Rank-1] train time 35.9609, epoch 162, step  49, loss 0.43397275, auc@1 86.72, auc@5 98.49, share 6, std_loss 0.01264921676519574, pre_std_loss 0.007016888353973627,  0.43841 0.43321 0.44154 0.42548
2021-05-29 03:09:28,091:INFO:[Rank-1] val time 16.6440, epoch 162, step  40, loss 1.28876184, auc@1 66.93, auc@5 90.41
2021-05-29 03:10:04,240:INFO:[Rank-1] train time 36.1476, epoch 163, step  49, loss 0.43218219, auc@1 86.70, auc@5 98.46, share 3, std_loss 0.02279298056905367, pre_std_loss 0.013470171019434929,  0.43988 0.41338 0.43781 0.44442
2021-05-29 03:10:20,931:INFO:[Rank-1] val time 16.6867, epoch 163, step  40, loss 1.28619356, auc@1 67.13, auc@5 90.33
2021-05-29 03:10:57,370:INFO:[Rank-1] train time 36.4375, epoch 164, step  49, loss 0.42903224, auc@1 86.97, auc@5 98.50, share 7, std_loss 0.016455702673719853, pre_std_loss 0.01605173945426941,  0.40733 0.45042 0.42692 0.42784
2021-05-29 03:11:13,886:INFO:[Rank-1] val time 16.5091, epoch 164, step  40, loss 1.28417780, auc@1 67.01, auc@5 90.30
2021-05-29 03:11:51,243:INFO:[Rank-1] train time 37.3556, epoch 165, step  49, loss 0.42569548, auc@1 87.00, auc@5 98.56, share 10, std_loss 0.009356412024484301, pre_std_loss 0.006749854888767004,  0.42152 0.43341 0.41466 0.42794
2021-05-29 03:12:07,806:INFO:[Rank-1] val time 16.5576, epoch 165, step  40, loss 1.28174312, auc@1 67.06, auc@5 90.33
2021-05-29 03:12:44,091:INFO:[Rank-1] train time 36.2840, epoch 166, step  49, loss 0.42480481, auc@1 86.93, auc@5 98.51, share 10, std_loss 0.009347758284408828, pre_std_loss 0.0063152615912258625,  0.41839 0.42532 0.43147 0.43179
2021-05-29 03:13:00,648:INFO:[Rank-1] val time 16.5546, epoch 166, step  40, loss 1.28110627, auc@1 67.07, auc@5 90.36
2021-05-29 03:13:37,034:INFO:[Rank-1] train time 36.3849, epoch 167, step  49, loss 0.42248410, auc@1 87.29, auc@5 98.55, share 8, std_loss 0.01594334635503438, pre_std_loss 0.008964561857283115,  0.40983 0.42452 0.43083 0.42515
2021-05-29 03:13:53,700:INFO:[Rank-1] val time 16.6593, epoch 167, step  40, loss 1.28202349, auc@1 67.20, auc@5 90.38
2021-05-29 03:14:29,776:INFO:[Rank-1] train time 36.0620, epoch 168, step  49, loss 0.42547664, auc@1 86.96, auc@5 98.62, share 6, std_loss 0.009997040567900605, pre_std_loss 0.0031312427017837763,  0.41006 0.43029 0.42475 0.42701
2021-05-29 03:14:46,381:INFO:[Rank-1] val time 16.6014, epoch 168, step  40, loss 1.28047404, auc@1 67.32, auc@5 90.47
2021-05-29 03:15:23,108:INFO:[Rank-1] train time 36.7258, epoch 169, step  49, loss 0.42651716, auc@1 86.93, auc@5 98.51, share 11, std_loss 0.01071172262713009, pre_std_loss 0.007813161239027977,  0.42400 0.43291 0.41831 0.43531
2021-05-29 03:15:39,529:INFO:[Rank-1] val time 16.4163, epoch 169, step  40, loss 1.28268874, auc@1 67.20, auc@5 90.25
2021-05-29 03:16:16,976:INFO:[Rank-1] train time 37.4454, epoch 170, step  49, loss 0.42230323, auc@1 87.00, auc@5 98.56, share 14, std_loss 0.013573751974926919, pre_std_loss 0.011680231429636478,  0.42270 0.43730 0.40462 0.41159
2021-05-29 03:16:33,384:INFO:[Rank-1] val time 16.4015, epoch 170, step  40, loss 1.27913220, auc@1 67.19, auc@5 90.36
2021-05-29 03:17:09,986:INFO:[Rank-1] train time 36.6015, epoch 171, step  49, loss 0.41929188, auc@1 87.25, auc@5 98.59, share 8, std_loss 0.015204220611069883, pre_std_loss 0.013146600686013699,  0.41978 0.43376 0.40199 0.42496
2021-05-29 03:17:26,370:INFO:[Rank-1] val time 16.3816, epoch 171, step  40, loss 1.27842693, auc@1 66.96, auc@5 90.38
2021-05-29 03:18:02,469:INFO:[Rank-1] train time 36.0969, epoch 172, step  49, loss 0.41967690, auc@1 87.18, auc@5 98.53, share 7, std_loss 0.00950872419135911, pre_std_loss 0.004800508264452219,  0.42521 0.42151 0.41374 0.41931
2021-05-29 03:18:18,706:INFO:[Rank-1] val time 16.2323, epoch 172, step  40, loss 1.28024081, auc@1 67.19, auc@5 90.33
2021-05-29 03:18:55,353:INFO:[Rank-1] train time 36.6445, epoch 173, step  49, loss 0.42269140, auc@1 87.11, auc@5 98.52, share 9, std_loss 0.008337168785629376, pre_std_loss 0.007491378113627434,  0.41430 0.43400 0.41498 0.42445
2021-05-29 03:19:11,965:INFO:[Rank-1] val time 16.6068, epoch 173, step  40, loss 1.27931603, auc@1 67.13, auc@5 90.43
2021-05-29 03:19:48,701:INFO:[Rank-1] train time 36.7346, epoch 174, step  49, loss 0.41861430, auc@1 87.12, auc@5 98.57, share 12, std_loss 0.00874927497411869, pre_std_loss 0.010620481334626675,  0.41147 0.42234 0.40868 0.43183
2021-05-29 03:20:05,275:INFO:[Rank-1] val time 16.5708, epoch 174, step  40, loss 1.27998655, auc@1 67.00, auc@5 90.32
2021-05-29 03:20:41,559:INFO:[Rank-1] train time 36.2832, epoch 175, step  49, loss 0.42138773, auc@1 87.02, auc@5 98.59, share 7, std_loss 0.014094539043702642, pre_std_loss 0.009524928405880928,  0.41368 0.42934 0.43116 0.41392
2021-05-29 03:20:58,688:INFO:[Rank-1] val time 17.1248, epoch 175, step  40, loss 1.28246752, auc@1 67.03, auc@5 90.34
2021-05-29 03:21:35,093:INFO:[Rank-1] train time 36.4024, epoch 176, step  49, loss 0.42045140, auc@1 87.12, auc@5 98.55, share 9, std_loss 0.01363673747270083, pre_std_loss 0.008708037436008453,  0.41217 0.43290 0.41895 0.41903
2021-05-29 03:21:51,487:INFO:[Rank-1] val time 16.3896, epoch 176, step  40, loss 1.28272249, auc@1 66.98, auc@5 90.34
2021-05-29 03:22:28,139:INFO:[Rank-1] train time 36.6502, epoch 177, step  49, loss 0.41455835, auc@1 87.27, auc@5 98.62, share 11, std_loss 0.011155003539229534, pre_std_loss 0.010355208069086075,  0.40230 0.42649 0.39879 0.42091
2021-05-29 03:22:44,701:INFO:[Rank-1] val time 16.5564, epoch 177, step  40, loss 1.27891871, auc@1 67.00, auc@5 90.40
2021-05-29 03:23:20,988:INFO:[Rank-1] train time 36.2860, epoch 178, step  49, loss 0.41638294, auc@1 87.30, auc@5 98.62, share 6, std_loss 0.015575966218068284, pre_std_loss 0.007465112954378128,  0.43022 0.40385 0.40802 0.42956
2021-05-29 03:23:37,761:INFO:[Rank-1] val time 16.7696, epoch 178, step  40, loss 1.28068499, auc@1 67.14, auc@5 90.42
2021-05-29 03:24:14,445:INFO:[Rank-1] train time 36.6819, epoch 179, step  49, loss 0.41768628, auc@1 87.22, auc@5 98.57, share 6, std_loss 0.015675724816641638, pre_std_loss 0.007624197285622358,  0.42436 0.43441 0.40607 0.41485
2021-05-29 03:24:30,857:INFO:[Rank-1] val time 16.4066, epoch 179, step  40, loss 1.27584849, auc@1 67.20, auc@5 90.41
2021-05-29 03:25:07,387:INFO:[Rank-1] train time 36.5274, epoch 180, step  49, loss 0.41565201, auc@1 87.19, auc@5 98.62, share 11, std_loss 0.009255433854247843, pre_std_loss 0.009161372669041157,  0.41977 0.41969 0.41958 0.40136
2021-05-29 03:25:23,942:INFO:[Rank-1] val time 16.5494, epoch 180, step  40, loss 1.27742485, auc@1 67.16, auc@5 90.43
2021-05-29 03:26:01,146:INFO:[Rank-1] train time 37.2028, epoch 181, step  49, loss 0.41829690, auc@1 87.16, auc@5 98.60, share 11, std_loss 0.012186013133626203, pre_std_loss 0.007621461059898138,  0.41522 0.42204 0.41859 0.40316
2021-05-29 03:26:18,136:INFO:[Rank-1] val time 16.9871, epoch 181, step  40, loss 1.28171881, auc@1 66.96, auc@5 90.28
2021-05-29 03:26:54,626:INFO:[Rank-1] train time 36.4885, epoch 182, step  49, loss 0.41337687, auc@1 87.31, auc@5 98.65, share 8, std_loss 0.012042765728939248, pre_std_loss 0.006265893578529358,  0.41906 0.42508 0.41632 0.40612
2021-05-29 03:27:11,452:INFO:[Rank-1] val time 16.8226, epoch 182, step  40, loss 1.28231071, auc@1 67.10, auc@5 90.46
2021-05-29 03:27:47,268:INFO:[Rank-1] train time 35.8138, epoch 183, step  49, loss 0.41598305, auc@1 87.29, auc@5 98.59, share 9, std_loss 0.017017194469060217, pre_std_loss 0.013662014156579971,  0.40211 0.43161 0.40476 0.42832
2021-05-29 03:28:03,684:INFO:[Rank-1] val time 16.4094, epoch 183, step  40, loss 1.28044877, auc@1 67.03, auc@5 90.34
2021-05-29 03:28:39,539:INFO:[Rank-1] train time 35.8532, epoch 184, step  49, loss 0.40938359, auc@1 87.58, auc@5 98.64, share 4, std_loss 0.014616775948896396, pre_std_loss 0.0061063505709171295,  0.40519 0.41356 0.40077 0.41256
2021-05-29 03:28:56,173:INFO:[Rank-1] val time 16.6305, epoch 184, step  40, loss 1.27891131, auc@1 67.14, auc@5 90.45
2021-05-29 03:29:32,293:INFO:[Rank-1] train time 36.1182, epoch 185, step  49, loss 0.41509673, auc@1 87.46, auc@5 98.63, share 6, std_loss 0.014279223674414109, pre_std_loss 0.01059973705559969,  0.41387 0.42234 0.42279 0.40152
2021-05-29 03:29:48,733:INFO:[Rank-1] val time 16.4384, epoch 185, step  40, loss 1.28099629, auc@1 67.22, auc@5 90.34
2021-05-29 03:30:25,357:INFO:[Rank-1] train time 36.6225, epoch 186, step  49, loss 0.41325155, auc@1 87.45, auc@5 98.60, share 11, std_loss 0.011424789285971498, pre_std_loss 0.009291010908782482,  0.40561 0.43609 0.39989 0.41687
2021-05-29 03:30:41,755:INFO:[Rank-1] val time 16.3936, epoch 186, step  40, loss 1.27748761, auc@1 67.23, auc@5 90.44
2021-05-29 03:31:17,872:INFO:[Rank-1] train time 36.1147, epoch 187, step  49, loss 0.41036063, auc@1 87.34, auc@5 98.61, share 8, std_loss 0.0062115467581137715, pre_std_loss 0.0044898297637701035,  0.40916 0.40706 0.40993 0.41523
2021-05-29 03:31:34,383:INFO:[Rank-1] val time 16.5087, epoch 187, step  40, loss 1.27595015, auc@1 67.04, auc@5 90.38
2021-05-29 03:32:10,789:INFO:[Rank-1] train time 36.4039, epoch 188, step  49, loss 0.41089228, auc@1 87.48, auc@5 98.68, share 7, std_loss 0.01129906704383237, pre_std_loss 0.004629346076399088,  0.40539 0.40632 0.41565 0.40909
2021-05-29 03:32:27,247:INFO:[Rank-1] val time 16.4505, epoch 188, step  40, loss 1.28113066, auc@1 67.21, auc@5 90.42
2021-05-29 03:33:03,557:INFO:[Rank-1] train time 36.3089, epoch 189, step  49, loss 0.41156191, auc@1 87.44, auc@5 98.64, share 11, std_loss 0.0075720866182248815, pre_std_loss 0.0061575439758598804,  0.40999 0.41916 0.40467 0.41268
2021-05-29 03:33:19,781:INFO:[Rank-1] val time 16.2213, epoch 189, step  40, loss 1.27860817, auc@1 67.10, auc@5 90.31
2021-05-29 03:33:57,043:INFO:[Rank-1] train time 37.2603, epoch 190, step  49, loss 0.41246903, auc@1 87.33, auc@5 98.68, share 7, std_loss 0.013895968668999113, pre_std_loss 0.009097645059227943,  0.40622 0.42463 0.41208 0.40455
2021-05-29 03:34:13,489:INFO:[Rank-1] val time 16.4424, epoch 190, step  40, loss 1.28054976, auc@1 67.10, auc@5 90.39
2021-05-29 03:34:50,008:INFO:[Rank-1] train time 36.5183, epoch 191, step  49, loss 0.41482964, auc@1 87.34, auc@5 98.56, share 8, std_loss 0.009094069901929826, pre_std_loss 0.006269883830100298,  0.41498 0.41670 0.40499 0.41933
2021-05-29 03:35:06,443:INFO:[Rank-1] val time 16.4311, epoch 191, step  40, loss 1.27915365, auc@1 67.20, auc@5 90.34
2021-05-29 03:35:42,497:INFO:[Rank-1] train time 36.0524, epoch 192, step  49, loss 0.40573293, auc@1 87.67, auc@5 98.62, share 5, std_loss 0.011348214922282768, pre_std_loss 0.007554154377430677,  0.39674 0.40214 0.40328 0.41478
2021-05-29 03:35:59,054:INFO:[Rank-1] val time 16.5515, epoch 192, step  40, loss 1.28215010, auc@1 67.15, auc@5 90.38
2021-05-29 03:36:35,633:INFO:[Rank-1] train time 36.5764, epoch 193, step  49, loss 0.41307461, auc@1 87.34, auc@5 98.59, share 9, std_loss 0.009570428740461262, pre_std_loss 0.005275508388876915,  0.40376 0.40636 0.40985 0.42288
2021-05-29 03:36:52,108:INFO:[Rank-1] val time 16.4692, epoch 193, step  40, loss 1.28069114, auc@1 67.22, auc@5 90.30
2021-05-29 03:37:28,850:INFO:[Rank-1] train time 36.7409, epoch 194, step  49, loss 0.41086853, auc@1 87.40, auc@5 98.67, share 8, std_loss 0.014860525575219368, pre_std_loss 0.008523254655301571,  0.39723 0.42052 0.41964 0.42132
2021-05-29 03:37:45,327:INFO:[Rank-1] val time 16.4743, epoch 194, step  40, loss 1.28279042, auc@1 67.08, auc@5 90.34
2021-05-29 03:38:22,130:INFO:[Rank-1] train time 36.8014, epoch 195, step  49, loss 0.40795404, auc@1 87.58, auc@5 98.67, share 10, std_loss 0.008283774366089123, pre_std_loss 0.006416992284357548,  0.40289 0.40213 0.41013 0.42008
2021-05-29 03:38:38,990:INFO:[Rank-1] val time 16.8554, epoch 195, step  40, loss 1.28326314, auc@1 66.92, auc@5 90.32
2021-05-29 03:39:15,290:INFO:[Rank-1] train time 36.2995, epoch 196, step  49, loss 0.41042429, auc@1 87.55, auc@5 98.64, share 7, std_loss 0.015437895622180432, pre_std_loss 0.011931700631976128,  0.41065 0.40832 0.43438 0.39583
2021-05-29 03:39:31,870:INFO:[Rank-1] val time 16.5766, epoch 196, step  40, loss 1.28543481, auc@1 67.04, auc@5 90.39
2021-05-29 03:40:08,005:INFO:[Rank-1] train time 36.1338, epoch 197, step  49, loss 0.40720168, auc@1 87.55, auc@5 98.66, share 7, std_loss 0.006950389256472795, pre_std_loss 0.004039586056023836,  0.40424 0.41078 0.39785 0.41184
2021-05-29 03:40:24,666:INFO:[Rank-1] val time 16.6589, epoch 197, step  40, loss 1.28142721, auc@1 67.16, auc@5 90.36
2021-05-29 03:41:00,825:INFO:[Rank-1] train time 36.1580, epoch 198, step  49, loss 0.40777263, auc@1 87.57, auc@5 98.57, share 8, std_loss 0.013541381663585804, pre_std_loss 0.00956332590430975,  0.40251 0.42233 0.40160 0.40901
2021-05-29 03:41:17,383:INFO:[Rank-1] val time 16.5452, epoch 198, step  40, loss 1.28338473, auc@1 67.08, auc@5 90.33
2021-05-29 03:41:53,701:INFO:[Rank-1] train time 36.3162, epoch 199, step  49, loss 0.40946749, auc@1 87.37, auc@5 98.73, share 9, std_loss 0.01114477401798857, pre_std_loss 0.004528195131570101,  0.40537 0.41032 0.40736 0.41365
2021-05-29 03:42:10,220:INFO:[Rank-1] val time 16.5115, epoch 199, step  40, loss 1.28372692, auc@1 67.05, auc@5 90.41
2021-05-29 03:42:46,237:INFO:[Rank-1] train time 36.0160, epoch 200, step  49, loss 0.40903315, auc@1 87.43, auc@5 98.58, share 6, std_loss 0.009008421652893327, pre_std_loss 0.006071155425161123,  0.41728 0.40276 0.40732 0.40976
2021-05-29 03:43:02,768:INFO:[Rank-1] val time 16.5244, epoch 200, step  40, loss 1.28479119, auc@1 67.00, auc@5 90.41
2021-05-29 03:43:02,769:INFO:[Rank-1] finish, train+val 10614.33892, train 7298.16868, reduce_count 1715
