2021-05-19 16:43:08,886:INFO:[Rank-3] args : Namespace(batch=2048, current_time='20210519_162650', dataset='cifar100', epochs=10, ip='192.168.1.1:7548', k=16, lr=0.0001, momentum=0.9, name='local(k=16)', rank=3, scheduler_step=50, train_type='local', weight_decay=0.05, world=4)
2021-05-19 16:43:44,299:INFO:[Rank-3] train time 33.7463, epoch   1, step  25, loss 4.96527195, auc@1 1.06, auc@5 5.25, share 1, std_loss 0, 
2021-05-19 16:43:57,807:INFO:[Rank-3] val time 13.5041, epoch   1, step  20, loss 4.66615122, auc@1 1.06, auc@5 4.88
2021-05-19 16:44:30,690:INFO:[Rank-3] train time 32.7556, epoch   2, step  25, loss 4.89235973, auc@1 1.02, auc@5 5.15, share 1, std_loss 0, 
2021-05-19 16:44:44,033:INFO:[Rank-3] val time 13.3397, epoch   2, step  20, loss 4.65730132, auc@1 1.18, auc@5 5.17
2021-05-19 16:45:16,982:INFO:[Rank-3] train time 32.7659, epoch   3, step  25, loss 4.82376671, auc@1 1.14, auc@5 5.57, share 1, std_loss 0, 
2021-05-19 16:45:30,658:INFO:[Rank-3] val time 13.6728, epoch   3, step  20, loss 4.63454435, auc@1 1.27, auc@5 5.84
2021-05-19 16:46:03,522:INFO:[Rank-3] train time 32.6048, epoch   4, step  25, loss 4.77825928, auc@1 1.33, auc@5 5.91, share 1, std_loss 0, 
2021-05-19 16:46:16,916:INFO:[Rank-3] val time 13.3914, epoch   4, step  20, loss 4.61221235, auc@1 1.46, auc@5 6.57
2021-05-19 16:46:49,632:INFO:[Rank-3] train time 32.4002, epoch   5, step  25, loss 4.75810528, auc@1 1.24, auc@5 6.01, share 1, std_loss 0, 
2021-05-19 16:47:03,009:INFO:[Rank-3] val time 13.3745, epoch   5, step  20, loss 4.59475049, auc@1 1.64, auc@5 6.84
2021-05-19 16:47:36,165:INFO:[Rank-3] train time 33.0014, epoch   6, step  25, loss 4.73470449, auc@1 1.43, auc@5 6.37, share 1, std_loss 0, 
2021-05-19 16:47:49,540:INFO:[Rank-3] val time 13.3719, epoch   6, step  20, loss 4.58372924, auc@1 1.73, auc@5 7.72
2021-05-19 16:48:22,414:INFO:[Rank-3] train time 32.6292, epoch   7, step  25, loss 4.71731138, auc@1 1.37, auc@5 6.55, share 1, std_loss 0, 
2021-05-19 16:48:35,910:INFO:[Rank-3] val time 13.4939, epoch   7, step  20, loss 4.56391922, auc@1 1.99, auc@5 8.09
2021-05-19 16:49:09,367:INFO:[Rank-3] train time 33.3271, epoch   8, step  25, loss 4.70088148, auc@1 1.53, auc@5 6.74, share 1, std_loss 0, 
2021-05-19 16:49:22,756:INFO:[Rank-3] val time 13.3866, epoch   8, step  20, loss 4.55035836, auc@1 2.34, auc@5 8.30
2021-05-19 16:49:55,451:INFO:[Rank-3] train time 32.4287, epoch   9, step  25, loss 4.69395733, auc@1 1.51, auc@5 6.77, share 1, std_loss 0, 
2021-05-19 16:50:08,754:INFO:[Rank-3] val time 13.3004, epoch   9, step  20, loss 4.54066194, auc@1 2.56, auc@5 9.25
2021-05-19 16:50:42,039:INFO:[Rank-3] train time 32.9859, epoch  10, step  25, loss 4.68034410, auc@1 1.64, auc@5 7.22, share 1, std_loss 0, 
2021-05-19 16:50:55,570:INFO:[Rank-3] val time 13.5289, epoch  10, step  20, loss 4.52921225, auc@1 2.48, auc@5 9.57
2021-05-19 16:50:55,571:INFO:[Rank-3] finish, train+val 465.15577, train 330.77408, reduce_count  10
