2021-05-19 16:26:58,599:INFO:[Rank-3] args : Namespace(batch=2048, current_time='20210519_162650', dataset='cifar100', epochs=10, ip='192.168.1.1:7548', k=4, lr=0.0001, momentum=0.9, name='local(k=4)', rank=3, scheduler_step=50, train_type='local', weight_decay=0.05, world=4)
2021-05-19 16:27:34,177:INFO:[Rank-3] train time 33.9043, epoch   1, step  25, loss 4.94439793, auc@1 0.97, auc@5 4.98, share 6, std_loss 0, 
2021-05-19 16:27:47,468:INFO:[Rank-3] val time 13.2879, epoch   1, step  20, loss 4.65477680, auc@1 0.89, auc@5 4.81
2021-05-19 16:28:21,260:INFO:[Rank-3] train time 33.6473, epoch   2, step  25, loss 4.88265181, auc@1 1.09, auc@5 5.25, share 6, std_loss 0, 
2021-05-19 16:28:34,513:INFO:[Rank-3] val time 13.2505, epoch   2, step  20, loss 4.64072244, auc@1 0.98, auc@5 5.62
2021-05-19 16:29:08,479:INFO:[Rank-3] train time 33.6943, epoch   3, step  25, loss 4.83884621, auc@1 1.09, auc@5 5.33, share 6, std_loss 0, 
2021-05-19 16:29:21,794:INFO:[Rank-3] val time 13.3112, epoch   3, step  20, loss 4.61250309, auc@1 1.50, auc@5 6.95
2021-05-19 16:29:55,736:INFO:[Rank-3] train time 33.8663, epoch   4, step  25, loss 4.79715681, auc@1 1.25, auc@5 5.76, share 6, std_loss 0, 
2021-05-19 16:30:09,121:INFO:[Rank-3] val time 13.3830, epoch   4, step  20, loss 4.59300799, auc@1 1.71, auc@5 7.65
2021-05-19 16:30:43,340:INFO:[Rank-3] train time 34.1157, epoch   5, step  25, loss 4.77145243, auc@1 1.18, auc@5 5.83, share 6, std_loss 0, 
2021-05-19 16:30:56,586:INFO:[Rank-3] val time 13.2446, epoch   5, step  20, loss 4.58028825, auc@1 1.87, auc@5 7.88
2021-05-19 16:31:30,273:INFO:[Rank-3] train time 33.6422, epoch   6, step  25, loss 4.75461626, auc@1 1.28, auc@5 6.11, share 6, std_loss 0, 
2021-05-19 16:31:43,645:INFO:[Rank-3] val time 13.3693, epoch   6, step  20, loss 4.56494988, auc@1 1.95, auc@5 8.25
2021-05-19 16:32:17,585:INFO:[Rank-3] train time 33.8274, epoch   7, step  25, loss 4.74085188, auc@1 1.35, auc@5 6.08, share 6, std_loss 0, 
2021-05-19 16:32:30,895:INFO:[Rank-3] val time 13.3075, epoch   7, step  20, loss 4.55930408, auc@1 1.98, auc@5 8.14
2021-05-19 16:33:04,614:INFO:[Rank-3] train time 33.5830, epoch   8, step  25, loss 4.72325182, auc@1 1.40, auc@5 6.37, share 6, std_loss 0, 
2021-05-19 16:33:17,945:INFO:[Rank-3] val time 13.3287, epoch   8, step  20, loss 4.55207415, auc@1 2.20, auc@5 9.24
2021-05-19 16:33:51,969:INFO:[Rank-3] train time 33.9681, epoch   9, step  25, loss 4.71177197, auc@1 1.42, auc@5 6.53, share 6, std_loss 0, 
2021-05-19 16:34:05,506:INFO:[Rank-3] val time 13.5350, epoch   9, step  20, loss 4.54540340, auc@1 2.42, auc@5 9.08
2021-05-19 16:34:38,558:INFO:[Rank-3] train time 32.9984, epoch  10, step  25, loss 4.70064497, auc@1 1.41, auc@5 6.62, share 6, std_loss 0, 
2021-05-19 16:34:51,867:INFO:[Rank-3] val time 13.3070, epoch  10, step  20, loss 4.53499195, auc@1 2.47, auc@5 9.38
2021-05-19 16:34:51,868:INFO:[Rank-3] finish, train+val 471.73325, train 338.39242, reduce_count  60
