2021-05-19 16:26:58,592:INFO:[Rank-1] args : Namespace(batch=2048, current_time='20210519_162650', dataset='cifar100', epochs=10, ip='192.168.1.1:7548', k=4, lr=0.0001, momentum=0.9, name='local(k=4)', rank=1, scheduler_step=50, train_type='local', weight_decay=0.05, world=4)
2021-05-19 16:27:34,178:INFO:[Rank-1] train time 34.0748, epoch   1, step  25, loss 4.94439793, auc@1 0.97, auc@5 4.98, share 6, std_loss 0, 
2021-05-19 16:27:47,883:INFO:[Rank-1] val time 13.7004, epoch   1, step  20, loss 4.65518922, auc@1 1.00, auc@5 4.72
2021-05-19 16:28:21,260:INFO:[Rank-1] train time 33.3752, epoch   2, step  25, loss 4.88265181, auc@1 1.09, auc@5 5.25, share 6, std_loss 0, 
2021-05-19 16:28:34,970:INFO:[Rank-1] val time 13.7069, epoch   2, step  20, loss 4.65549987, auc@1 1.00, auc@5 4.98
2021-05-19 16:29:08,480:INFO:[Rank-1] train time 33.5080, epoch   3, step  25, loss 4.83884621, auc@1 1.09, auc@5 5.33, share 6, std_loss 0, 
2021-05-19 16:29:22,371:INFO:[Rank-1] val time 13.8853, epoch   3, step  20, loss 4.63552012, auc@1 1.33, auc@5 6.01
2021-05-19 16:29:55,736:INFO:[Rank-1] train time 33.3626, epoch   4, step  25, loss 4.79715681, auc@1 1.25, auc@5 5.76, share 6, std_loss 0, 
2021-05-19 16:30:09,701:INFO:[Rank-1] val time 13.9612, epoch   4, step  20, loss 4.61065746, auc@1 1.63, auc@5 7.04
2021-05-19 16:30:43,339:INFO:[Rank-1] train time 33.4931, epoch   5, step  25, loss 4.77145243, auc@1 1.18, auc@5 5.83, share 6, std_loss 0, 
2021-05-19 16:30:57,321:INFO:[Rank-1] val time 13.9789, epoch   5, step  20, loss 4.60015104, auc@1 1.70, auc@5 6.74
2021-05-19 16:31:30,274:INFO:[Rank-1] train time 32.9507, epoch   6, step  25, loss 4.75461626, auc@1 1.28, auc@5 6.11, share 6, std_loss 0, 
2021-05-19 16:31:44,239:INFO:[Rank-1] val time 13.9597, epoch   6, step  20, loss 4.58995962, auc@1 1.74, auc@5 7.30
2021-05-19 16:32:17,585:INFO:[Rank-1] train time 33.3254, epoch   7, step  25, loss 4.74085188, auc@1 1.35, auc@5 6.08, share 6, std_loss 0, 
2021-05-19 16:32:31,434:INFO:[Rank-1] val time 13.8459, epoch   7, step  20, loss 4.57616897, auc@1 2.08, auc@5 8.27
2021-05-19 16:33:04,615:INFO:[Rank-1] train time 33.1781, epoch   8, step  25, loss 4.72325182, auc@1 1.40, auc@5 6.37, share 6, std_loss 0, 
2021-05-19 16:33:18,600:INFO:[Rank-1] val time 13.9792, epoch   8, step  20, loss 4.56219544, auc@1 2.07, auc@5 8.91
2021-05-19 16:33:51,969:INFO:[Rank-1] train time 33.3677, epoch   9, step  25, loss 4.71177197, auc@1 1.42, auc@5 6.53, share 6, std_loss 0, 
2021-05-19 16:34:05,407:INFO:[Rank-1] val time 13.4357, epoch   9, step  20, loss 4.55447145, auc@1 2.01, auc@5 8.75
2021-05-19 16:34:38,558:INFO:[Rank-1] train time 33.1496, epoch  10, step  25, loss 4.70064497, auc@1 1.41, auc@5 6.62, share 6, std_loss 0, 
2021-05-19 16:34:52,249:INFO:[Rank-1] val time 13.6878, epoch  10, step  20, loss 4.54391043, auc@1 1.88, auc@5 9.11
2021-05-19 16:34:52,250:INFO:[Rank-1] finish, train+val 472.14816, train 333.98623, reduce_count  60
