2021-05-19 16:26:58,598:INFO:[Rank-2] args : Namespace(batch=2048, current_time='20210519_162650', dataset='cifar100', epochs=10, ip='192.168.1.1:7548', k=4, lr=0.0001, momentum=0.9, name='local(k=4)', rank=2, scheduler_step=50, train_type='local', weight_decay=0.05, world=4)
2021-05-19 16:27:34,177:INFO:[Rank-2] train time 33.9832, epoch   1, step  25, loss 4.94439793, auc@1 0.97, auc@5 4.98, share 6, std_loss 0, 
2021-05-19 16:27:47,233:INFO:[Rank-2] val time 13.0537, epoch   1, step  20, loss 4.65354145, auc@1 1.01, auc@5 4.87
2021-05-19 16:28:21,260:INFO:[Rank-2] train time 33.8718, epoch   2, step  25, loss 4.88265181, auc@1 1.09, auc@5 5.25, share 6, std_loss 0, 
2021-05-19 16:28:34,492:INFO:[Rank-2] val time 13.2295, epoch   2, step  20, loss 4.65102775, auc@1 1.12, auc@5 5.58
2021-05-19 16:29:08,479:INFO:[Rank-2] train time 33.7174, epoch   3, step  25, loss 4.83884621, auc@1 1.09, auc@5 5.33, share 6, std_loss 0, 
2021-05-19 16:29:21,582:INFO:[Rank-2] val time 13.1008, epoch   3, step  20, loss 4.62014826, auc@1 1.65, auc@5 6.53
2021-05-19 16:29:55,735:INFO:[Rank-2] train time 34.0612, epoch   4, step  25, loss 4.79715681, auc@1 1.25, auc@5 5.76, share 6, std_loss 0, 
2021-05-19 16:30:08,728:INFO:[Rank-2] val time 12.9907, epoch   4, step  20, loss 4.59863603, auc@1 1.71, auc@5 7.32
2021-05-19 16:30:43,339:INFO:[Rank-2] train time 34.5113, epoch   5, step  25, loss 4.77145243, auc@1 1.18, auc@5 5.83, share 6, std_loss 0, 
2021-05-19 16:30:56,323:INFO:[Rank-2] val time 12.9813, epoch   5, step  20, loss 4.58466033, auc@1 1.75, auc@5 7.40
2021-05-19 16:31:30,273:INFO:[Rank-2] train time 33.8143, epoch   6, step  25, loss 4.75461626, auc@1 1.28, auc@5 6.11, share 6, std_loss 0, 
2021-05-19 16:31:43,338:INFO:[Rank-2] val time 13.0634, epoch   6, step  20, loss 4.57294394, auc@1 1.89, auc@5 7.71
2021-05-19 16:32:17,585:INFO:[Rank-2] train time 34.2276, epoch   7, step  25, loss 4.74085188, auc@1 1.35, auc@5 6.08, share 6, std_loss 0, 
2021-05-19 16:32:30,854:INFO:[Rank-2] val time 13.2657, epoch   7, step  20, loss 4.56387845, auc@1 1.79, auc@5 8.17
2021-05-19 16:33:04,614:INFO:[Rank-2] train time 33.6159, epoch   8, step  25, loss 4.72325182, auc@1 1.40, auc@5 6.37, share 6, std_loss 0, 
2021-05-19 16:33:17,703:INFO:[Rank-2] val time 13.0866, epoch   8, step  20, loss 4.55637696, auc@1 1.91, auc@5 8.51
2021-05-19 16:33:51,969:INFO:[Rank-2] train time 34.1663, epoch   9, step  25, loss 4.71177197, auc@1 1.42, auc@5 6.53, share 6, std_loss 0, 
2021-05-19 16:34:04,902:INFO:[Rank-2] val time 12.9311, epoch   9, step  20, loss 4.54847459, auc@1 2.26, auc@5 9.36
2021-05-19 16:34:38,558:INFO:[Rank-2] train time 33.6011, epoch  10, step  25, loss 4.70064497, auc@1 1.41, auc@5 6.62, share 6, std_loss 0, 
2021-05-19 16:34:51,491:INFO:[Rank-2] val time 12.9315, epoch  10, step  20, loss 4.53873165, auc@1 2.18, auc@5 9.62
2021-05-19 16:34:51,491:INFO:[Rank-2] finish, train+val 471.44967, train 340.80447, reduce_count  60
