2021-05-19 19:44:47,322:INFO:[Rank-2] args : Namespace(batch=512, current_time='20210519_194439', dataset='cifar100', epochs=100, ip='192.168.1.1:7548', k=4, loss_std_gap_rate=0.7, lr=0.0005, momentum=0.9, name='loss(r=1.25)', rank=2, scheduler_step=50, train_type='loss', weight_decay=0.0001, world=4)
2021-05-19 19:45:27,684:INFO:[Rank-2] train time 38.6389, epoch   1, step  98, loss 4.76300573, auc@1 1.44, auc@5 6.52, share 48, std_loss 0.011552615495094535,  4.75195 4.77109 4.75738 4.77161
2021-05-19 19:45:43,021:INFO:[Rank-2] val time 15.3337, epoch   1, step  79, loss 4.53587798, auc@1 2.58, auc@5 10.17
2021-05-19 19:46:21,641:INFO:[Rank-2] train time 38.4750, epoch   2, step  98, loss 4.61061764, auc@1 2.27, auc@5 9.11, share 48, std_loss 0.021895477747810737,  4.58900 4.61427 4.62889 4.61031
2021-05-19 19:46:37,029:INFO:[Rank-2] val time 15.3841, epoch   2, step  79, loss 4.48777900, auc@1 3.70, auc@5 14.09
2021-05-19 19:47:15,712:INFO:[Rank-2] train time 38.6775, epoch   3, step  98, loss 4.51904392, auc@1 3.01, auc@5 11.59, share 49, std_loss 0.028037796471724098,  4.47578 4.53389 4.53915 4.52735
2021-05-19 19:47:30,950:INFO:[Rank-2] val time 15.2330, epoch   3, step  79, loss 4.31972306, auc@1 5.18, auc@5 18.59
2021-05-19 19:48:10,219:INFO:[Rank-2] train time 39.0787, epoch   4, step  98, loss 4.40812874, auc@1 4.14, auc@5 15.07, share 49, std_loss 0.0498412871087084,  4.35080 4.44428 4.42820 4.40924
2021-05-19 19:48:25,990:INFO:[Rank-2] val time 15.7681, epoch   4, step  79, loss 4.21109618, auc@1 6.63, auc@5 22.45
2021-05-19 19:49:04,837:INFO:[Rank-2] train time 38.6397, epoch   5, step  98, loss 4.30703020, auc@1 4.82, auc@5 17.55, share 48, std_loss 0.02742825846700948,  4.27877 4.33629 4.30841 4.30466
2021-05-19 19:49:20,481:INFO:[Rank-2] val time 15.6406, epoch   5, step  79, loss 4.10848436, auc@1 7.67, auc@5 25.08
2021-05-19 19:49:59,221:INFO:[Rank-2] train time 38.5363, epoch   6, step  98, loss 4.22664928, auc@1 5.73, auc@5 20.12, share 49, std_loss 0.030134431428599114,  4.19284 4.25503 4.23393 4.22479
2021-05-19 19:50:14,642:INFO:[Rank-2] val time 15.4181, epoch   6, step  79, loss 4.02497310, auc@1 8.79, auc@5 26.50
2021-05-19 19:50:53,728:INFO:[Rank-2] train time 38.9613, epoch   7, step  98, loss 4.15567017, auc@1 6.45, auc@5 22.02, share 49, std_loss 0.031216305072362324,  4.11760 4.18856 4.16966 4.14686
2021-05-19 19:51:09,225:INFO:[Rank-2] val time 15.4944, epoch   7, step  79, loss 3.96004089, auc@1 10.10, auc@5 28.63
2021-05-19 19:51:48,271:INFO:[Rank-2] train time 38.8204, epoch   8, step  98, loss 4.09738350, auc@1 7.07, auc@5 23.67, share 49, std_loss 0.03241577840467193,  4.07752 4.12366 4.11521 4.07314
2021-05-19 19:52:03,923:INFO:[Rank-2] val time 15.6497, epoch   8, step  79, loss 3.90078151, auc@1 10.78, auc@5 30.35
2021-05-19 19:52:42,480:INFO:[Rank-2] train time 38.3292, epoch   9, step  98, loss 4.03845978, auc@1 7.80, auc@5 25.79, share 49, std_loss 0.02185258879421317,  4.02514 4.05990 4.04434 4.02446
2021-05-19 19:52:58,127:INFO:[Rank-2] val time 15.6436, epoch   9, step  79, loss 3.84579201, auc@1 11.33, auc@5 31.26
2021-05-19 19:53:36,095:INFO:[Rank-2] train time 37.8555, epoch  10, step  98, loss 3.98574615, auc@1 8.79, auc@5 27.25, share 48, std_loss 0.023107425423757155,  3.97469 4.00850 3.99780 3.96201
2021-05-19 19:53:51,716:INFO:[Rank-2] val time 15.6183, epoch  10, step  79, loss 3.79564359, auc@1 12.30, auc@5 33.98
2021-05-19 19:54:30,353:INFO:[Rank-2] train time 38.4333, epoch  11, step  98, loss 3.93743968, auc@1 9.34, auc@5 28.80, share 49, std_loss 0.028417306971185063,  3.93205 3.96202 3.92875 3.92694
2021-05-19 19:54:45,820:INFO:[Rank-2] val time 15.4644, epoch  11, step  79, loss 3.75687914, auc@1 12.84, auc@5 34.79
2021-05-19 19:55:25,236:INFO:[Rank-2] train time 39.2983, epoch  12, step  98, loss 3.89451313, auc@1 9.96, auc@5 30.33, share 47, std_loss 0.017244862459067787,  3.88777 3.91593 3.89276 3.88159
2021-05-19 19:55:40,801:INFO:[Rank-2] val time 15.5629, epoch  12, step  79, loss 3.74959020, auc@1 12.81, auc@5 35.49
2021-05-19 19:56:19,954:INFO:[Rank-2] train time 38.8942, epoch  13, step  98, loss 3.84558439, auc@1 10.72, auc@5 31.71, share 49, std_loss 0.020700022483206525,  3.83928 3.85751 3.85579 3.82976
2021-05-19 19:56:35,717:INFO:[Rank-2] val time 15.7607, epoch  13, step  79, loss 3.67430445, auc@1 14.11, auc@5 36.71
2021-05-19 19:57:13,768:INFO:[Rank-2] train time 37.9324, epoch  14, step  98, loss 3.81064582, auc@1 11.16, auc@5 32.57, share 47, std_loss 0.018130177090286602,  3.80072 3.80604 3.83427 3.80156
2021-05-19 19:57:29,280:INFO:[Rank-2] val time 15.5092, epoch  14, step  79, loss 3.63619345, auc@1 14.49, auc@5 38.40
2021-05-19 19:58:08,556:INFO:[Rank-2] train time 39.0721, epoch  15, step  98, loss 3.77981091, auc@1 11.60, auc@5 33.76, share 49, std_loss 0.02064897734861897,  3.76329 3.78028 3.80571 3.76997
2021-05-19 19:58:24,024:INFO:[Rank-2] val time 15.4657, epoch  15, step  79, loss 3.62670184, auc@1 14.51, auc@5 39.63
2021-05-19 19:59:02,739:INFO:[Rank-2] train time 38.5551, epoch  16, step  98, loss 3.73857999, auc@1 12.02, auc@5 34.83, share 48, std_loss 0.027547128099415983,  3.74430 3.76624 3.74404 3.69975
2021-05-19 19:59:18,543:INFO:[Rank-2] val time 15.8009, epoch  16, step  79, loss 3.55915680, auc@1 16.06, auc@5 40.17
2021-05-19 19:59:57,553:INFO:[Rank-2] train time 38.9309, epoch  17, step  98, loss 3.71962214, auc@1 12.55, auc@5 35.50, share 49, std_loss 0.02477660115656196,  3.73228 3.71253 3.72236 3.71132
2021-05-19 20:00:12,895:INFO:[Rank-2] val time 15.3386, epoch  17, step  79, loss 3.52968236, auc@1 15.87, auc@5 41.42
2021-05-19 20:00:52,046:INFO:[Rank-2] train time 39.0533, epoch  18, step  98, loss 3.68067312, auc@1 13.24, auc@5 36.44, share 48, std_loss 0.024509855669600015,  3.69341 3.69918 3.67544 3.65466
2021-05-19 20:01:07,535:INFO:[Rank-2] val time 15.4859, epoch  18, step  79, loss 3.49682395, auc@1 16.16, auc@5 42.28
2021-05-19 20:01:46,785:INFO:[Rank-2] train time 39.1062, epoch  19, step  98, loss 3.65250492, auc@1 13.65, auc@5 37.26, share 49, std_loss 0.04150559667649926,  3.68471 3.66255 3.63621 3.62655
2021-05-19 20:02:02,189:INFO:[Rank-2] val time 15.4015, epoch  19, step  79, loss 3.46565893, auc@1 16.82, auc@5 42.42
2021-05-19 20:02:41,229:INFO:[Rank-2] train time 38.8659, epoch  20, step  98, loss 3.61118937, auc@1 14.15, auc@5 38.46, share 48, std_loss 0.020930396383438184,  3.63580 3.59945 3.61753 3.59198
2021-05-19 20:02:56,976:INFO:[Rank-2] val time 15.7442, epoch  20, step  79, loss 3.44949731, auc@1 17.70, auc@5 43.44
2021-05-19 20:03:36,891:INFO:[Rank-2] train time 39.7465, epoch  21, step  98, loss 3.59095025, auc@1 14.51, auc@5 38.98, share 49, std_loss 0.024439760930456068,  3.59789 3.57967 3.60011 3.58613
2021-05-19 20:03:52,496:INFO:[Rank-2] val time 15.6023, epoch  21, step  79, loss 3.45569008, auc@1 17.31, auc@5 43.29
2021-05-19 20:04:31,224:INFO:[Rank-2] train time 38.5752, epoch  22, step  98, loss 3.55635810, auc@1 15.09, auc@5 40.24, share 49, std_loss 0.020349403624707947,  3.56807 3.55898 3.56017 3.53821
2021-05-19 20:04:46,765:INFO:[Rank-2] val time 15.5380, epoch  22, step  79, loss 3.36658626, auc@1 18.85, auc@5 45.79
2021-05-19 20:05:26,216:INFO:[Rank-2] train time 39.2596, epoch  23, step  98, loss 3.52697754, auc@1 15.53, auc@5 40.78, share 48, std_loss 0.022314013010461112,  3.53886 3.52220 3.52673 3.52012
2021-05-19 20:05:41,830:INFO:[Rank-2] val time 15.6112, epoch  23, step  79, loss 3.39682700, auc@1 18.17, auc@5 45.02
2021-05-19 20:06:20,781:INFO:[Rank-2] train time 38.8845, epoch  24, step  98, loss 3.50193596, auc@1 15.98, auc@5 41.45, share 48, std_loss 0.01877326776311562,  3.52019 3.49972 3.49788 3.48996
2021-05-19 20:06:36,413:INFO:[Rank-2] val time 15.6284, epoch  24, step  79, loss 3.31820224, auc@1 19.22, auc@5 46.53
2021-05-19 20:07:15,250:INFO:[Rank-2] train time 38.7168, epoch  25, step  98, loss 3.46379900, auc@1 16.68, auc@5 42.52, share 45, std_loss 0.01603221829400911,  3.48611 3.46073 3.45619 3.45216
2021-05-19 20:07:30,753:INFO:[Rank-2] val time 15.4998, epoch  25, step  79, loss 3.29193004, auc@1 20.53, auc@5 47.58
2021-05-19 20:08:09,929:INFO:[Rank-2] train time 39.0712, epoch  26, step  98, loss 3.44043374, auc@1 17.26, auc@5 43.22, share 49, std_loss 0.027549756054139257,  3.45440 3.44561 3.44376 3.41796
2021-05-19 20:08:25,532:INFO:[Rank-2] val time 15.6001, epoch  26, step  79, loss 3.27231936, auc@1 20.28, auc@5 47.88
2021-05-19 20:09:05,137:INFO:[Rank-2] train time 39.4713, epoch  27, step  98, loss 3.40914226, auc@1 17.68, auc@5 44.38, share 49, std_loss 0.028390652138967902,  3.42098 3.40924 3.42423 3.38212
2021-05-19 20:09:20,975:INFO:[Rank-2] val time 15.8356, epoch  27, step  79, loss 3.24057187, auc@1 21.34, auc@5 48.98
2021-05-19 20:10:00,082:INFO:[Rank-2] train time 39.0085, epoch  28, step  98, loss 3.37747192, auc@1 17.95, auc@5 45.14, share 49, std_loss 0.024394319516283517,  3.41176 3.37147 3.37257 3.35409
2021-05-19 20:10:15,586:INFO:[Rank-2] val time 15.5005, epoch  28, step  79, loss 3.19907475, auc@1 22.29, auc@5 50.11
2021-05-19 20:10:55,172:INFO:[Rank-2] train time 39.2849, epoch  29, step  98, loss 3.34904742, auc@1 18.82, auc@5 46.07, share 48, std_loss 0.03285390214652431,  3.38069 3.33718 3.33869 3.33963
2021-05-19 20:11:10,804:INFO:[Rank-2] val time 15.6291, epoch  29, step  79, loss 3.20030276, auc@1 21.81, auc@5 49.89
2021-05-19 20:11:50,492:INFO:[Rank-2] train time 39.4360, epoch  30, step  98, loss 3.32238770, auc@1 19.08, auc@5 46.80, share 49, std_loss 0.023323828995950063,  3.33818 3.32023 3.30756 3.32358
2021-05-19 20:12:05,974:INFO:[Rank-2] val time 15.4788, epoch  30, step  79, loss 3.14770107, auc@1 23.11, auc@5 50.69
2021-05-19 20:12:45,092:INFO:[Rank-2] train time 38.9936, epoch  31, step  98, loss 3.29161882, auc@1 19.86, auc@5 47.85, share 49, std_loss 0.018258050397722696,  3.29879 3.28902 3.29924 3.27942
2021-05-19 20:13:00,659:INFO:[Rank-2] val time 15.5634, epoch  31, step  79, loss 3.17427425, auc@1 22.73, auc@5 51.33
2021-05-19 20:13:39,502:INFO:[Rank-2] train time 38.7028, epoch  32, step  98, loss 3.26467323, auc@1 20.24, auc@5 48.31, share 49, std_loss 0.02296150362651263,  3.26623 3.27569 3.25838 3.25839
2021-05-19 20:13:55,065:INFO:[Rank-2] val time 15.5596, epoch  32, step  79, loss 3.08760847, auc@1 23.77, auc@5 52.94
2021-05-19 20:14:33,704:INFO:[Rank-2] train time 38.5073, epoch  33, step  98, loss 3.23969746, auc@1 20.59, auc@5 49.02, share 48, std_loss 0.016665978946399932,  3.23346 3.25394 3.24349 3.22790
2021-05-19 20:14:49,352:INFO:[Rank-2] val time 15.6459, epoch  33, step  79, loss 3.09723456, auc@1 23.95, auc@5 53.00
2021-05-19 20:15:28,776:INFO:[Rank-2] train time 39.2142, epoch  34, step  98, loss 3.20621133, auc@1 21.36, auc@5 49.90, share 49, std_loss 0.027294989732303182,  3.19785 3.20787 3.21586 3.20325
2021-05-19 20:15:44,377:INFO:[Rank-2] val time 15.5980, epoch  34, step  79, loss 3.04024376, auc@1 25.00, auc@5 53.96
2021-05-19 20:16:23,628:INFO:[Rank-2] train time 39.1831, epoch  35, step  98, loss 3.18406820, auc@1 21.61, auc@5 50.46, share 49, std_loss 0.03084634956238525,  3.19261 3.16814 3.18419 3.19133
2021-05-19 20:16:39,238:INFO:[Rank-2] val time 15.6066, epoch  35, step  79, loss 3.01334116, auc@1 25.27, auc@5 54.97
2021-05-19 20:17:17,934:INFO:[Rank-2] train time 38.4699, epoch  36, step  98, loss 3.15786934, auc@1 22.16, auc@5 51.20, share 48, std_loss 0.02539099129487057,  3.17777 3.16118 3.15020 3.14233
2021-05-19 20:17:33,482:INFO:[Rank-2] val time 15.5455, epoch  36, step  79, loss 3.00274614, auc@1 25.60, auc@5 55.39
2021-05-19 20:18:12,704:INFO:[Rank-2] train time 39.1005, epoch  37, step  98, loss 3.12875342, auc@1 22.60, auc@5 51.96, share 47, std_loss 0.015307329604592251,  3.14166 3.12023 3.12911 3.12401
2021-05-19 20:18:28,334:INFO:[Rank-2] val time 15.6280, epoch  37, step  79, loss 2.97757003, auc@1 26.22, auc@5 56.11
2021-05-19 20:19:07,628:INFO:[Rank-2] train time 39.1880, epoch  38, step  98, loss 3.09654403, auc@1 23.09, auc@5 52.88, share 48, std_loss 0.02264705144477134,  3.10736 3.08279 3.11174 3.08428
2021-05-19 20:19:23,426:INFO:[Rank-2] val time 15.7943, epoch  38, step  79, loss 2.94161097, auc@1 27.01, auc@5 56.95
2021-05-19 20:20:02,123:INFO:[Rank-2] train time 38.5479, epoch  39, step  98, loss 3.06941748, auc@1 23.85, auc@5 53.75, share 49, std_loss 0.032497001061101954,  3.08289 3.06351 3.07524 3.05603
2021-05-19 20:20:17,654:INFO:[Rank-2] val time 15.5272, epoch  39, step  79, loss 2.90361868, auc@1 27.33, auc@5 57.57
2021-05-19 20:20:56,774:INFO:[Rank-2] train time 38.9100, epoch  40, step  98, loss 3.04114532, auc@1 24.28, auc@5 54.35, share 48, std_loss 0.026772028600264872,  3.03893 3.03179 3.07076 3.02309
2021-05-19 20:21:12,365:INFO:[Rank-2] val time 15.5882, epoch  40, step  79, loss 2.90396736, auc@1 27.35, auc@5 57.82
2021-05-19 20:21:52,109:INFO:[Rank-2] train time 39.6682, epoch  41, step  98, loss 3.02667809, auc@1 24.56, auc@5 54.85, share 47, std_loss 0.02657582171793495,  3.04595 3.02274 3.02972 3.00830
2021-05-19 20:22:07,573:INFO:[Rank-2] val time 15.4583, epoch  41, step  79, loss 2.91484001, auc@1 27.74, auc@5 57.96
2021-05-19 20:22:46,169:INFO:[Rank-2] train time 38.4762, epoch  42, step  98, loss 2.99621820, auc@1 25.27, auc@5 55.55, share 49, std_loss 0.03809996515664519,  3.00999 3.02050 2.97876 2.97562
2021-05-19 20:23:01,629:INFO:[Rank-2] val time 15.4577, epoch  42, step  79, loss 2.83107131, auc@1 28.72, auc@5 59.71
2021-05-19 20:23:40,924:INFO:[Rank-2] train time 39.1698, epoch  43, step  98, loss 2.96343136, auc@1 25.54, auc@5 56.40, share 49, std_loss 0.02744540212942021,  2.96582 2.97166 2.94056 2.97568
2021-05-19 20:23:56,335:INFO:[Rank-2] val time 15.4080, epoch  43, step  79, loss 2.80823380, auc@1 29.21, auc@5 60.00
2021-05-19 20:24:35,506:INFO:[Rank-2] train time 39.0503, epoch  44, step  98, loss 2.94215846, auc@1 26.04, auc@5 56.99, share 48, std_loss 0.02904959342309407,  2.95427 2.93312 2.95194 2.92931
2021-05-19 20:24:50,941:INFO:[Rank-2] val time 15.4328, epoch  44, step  79, loss 2.81703683, auc@1 28.74, auc@5 59.44
2021-05-19 20:25:29,948:INFO:[Rank-2] train time 38.9846, epoch  45, step  98, loss 2.92030168, auc@1 26.40, auc@5 57.38, share 46, std_loss 0.019902033719462246,  2.92933 2.90034 2.93048 2.92107
2021-05-19 20:25:45,657:INFO:[Rank-2] val time 15.7057, epoch  45, step  79, loss 2.80406191, auc@1 28.99, auc@5 60.19
2021-05-19 20:26:24,067:INFO:[Rank-2] train time 38.1979, epoch  46, step  98, loss 2.89638782, auc@1 26.78, auc@5 58.08, share 47, std_loss 0.02499471316399167,  2.92279 2.88202 2.89413 2.88662
2021-05-19 20:26:39,683:INFO:[Rank-2] val time 15.6134, epoch  46, step  79, loss 2.75290645, auc@1 30.09, auc@5 61.75
2021-05-19 20:27:18,593:INFO:[Rank-2] train time 38.7972, epoch  47, step  98, loss 2.86101365, auc@1 27.79, auc@5 58.69, share 49, std_loss 0.03929799823660632,  2.90145 2.83310 2.83493 2.87457
2021-05-19 20:27:34,240:INFO:[Rank-2] val time 15.6443, epoch  47, step  79, loss 2.72849179, auc@1 30.45, auc@5 61.81
2021-05-19 20:28:12,832:INFO:[Rank-2] train time 38.3474, epoch  48, step  98, loss 2.83864355, auc@1 27.75, auc@5 59.36, share 45, std_loss 0.01597899387647607,  2.84392 2.85416 2.82353 2.83296
2021-05-19 20:28:28,379:INFO:[Rank-2] val time 15.5436, epoch  48, step  79, loss 2.73830168, auc@1 30.46, auc@5 62.04
2021-05-19 20:29:07,238:INFO:[Rank-2] train time 38.6618, epoch  49, step  98, loss 2.82060146, auc@1 28.42, auc@5 59.82, share 48, std_loss 0.03059472162656638,  2.83469 2.82797 2.79602 2.82374
2021-05-19 20:29:22,947:INFO:[Rank-2] val time 15.7062, epoch  49, step  79, loss 2.68998919, auc@1 31.37, auc@5 62.91
2021-05-19 20:30:01,949:INFO:[Rank-2] train time 38.7986, epoch  50, step  98, loss 2.79170465, auc@1 29.00, auc@5 60.55, share 48, std_loss 0.03832245068814682,  2.81514 2.79431 2.78296 2.77441
2021-05-19 20:30:17,292:INFO:[Rank-2] val time 15.3406, epoch  50, step  79, loss 2.64624969, auc@1 32.43, auc@5 63.66
2021-05-19 20:30:55,941:INFO:[Rank-2] train time 38.4788, epoch  51, step  98, loss 2.71947312, auc@1 30.35, auc@5 62.28, share 48, std_loss 0.025750801394864613,  2.72987 2.73063 2.70947 2.70792
2021-05-19 20:31:11,781:INFO:[Rank-2] val time 15.8369, epoch  51, step  79, loss 2.57201526, auc@1 33.91, auc@5 65.36
2021-05-19 20:31:50,916:INFO:[Rank-2] train time 38.8960, epoch  52, step  98, loss 2.69102621, auc@1 30.88, auc@5 62.92, share 48, std_loss 0.024401758274785718,  2.70537 2.69426 2.66295 2.70152
2021-05-19 20:32:06,461:INFO:[Rank-2] val time 15.5417, epoch  52, step  79, loss 2.55499395, auc@1 34.21, auc@5 65.50
2021-05-19 20:32:44,815:INFO:[Rank-2] train time 38.2434, epoch  53, step  98, loss 2.67838478, auc@1 31.23, auc@5 62.96, share 48, std_loss 0.02701756481689458,  2.66935 2.68128 2.67149 2.69142
2021-05-19 20:33:00,544:INFO:[Rank-2] val time 15.7263, epoch  53, step  79, loss 2.54496416, auc@1 34.71, auc@5 65.99
2021-05-19 20:33:39,105:INFO:[Rank-2] train time 38.4601, epoch  54, step  98, loss 2.67333627, auc@1 31.18, auc@5 63.10, share 47, std_loss 0.026881498322651094,  2.69020 2.66903 2.67063 2.66349
2021-05-19 20:33:54,626:INFO:[Rank-2] val time 15.5174, epoch  54, step  79, loss 2.54018397, auc@1 34.58, auc@5 66.17
2021-05-19 20:34:32,987:INFO:[Rank-2] train time 38.1933, epoch  55, step  98, loss 2.66415834, auc@1 31.35, auc@5 63.41, share 49, std_loss 0.031493150144435315,  2.66814 2.63959 2.66324 2.68567
2021-05-19 20:34:48,377:INFO:[Rank-2] val time 15.3861, epoch  55, step  79, loss 2.52978854, auc@1 34.81, auc@5 66.21
2021-05-19 20:35:27,670:INFO:[Rank-2] train time 39.0844, epoch  56, step  98, loss 2.66448498, auc@1 31.30, auc@5 63.60, share 48, std_loss 0.04300237893678096,  2.69260 2.67894 2.61036 2.67603
2021-05-19 20:35:43,151:INFO:[Rank-2] val time 15.4781, epoch  56, step  79, loss 2.53451749, auc@1 34.70, auc@5 65.99
2021-05-19 20:36:22,080:INFO:[Rank-2] train time 38.8479, epoch  57, step  98, loss 2.65352345, auc@1 31.66, auc@5 63.55, share 49, std_loss 0.028515216818421472,  2.66504 2.65259 2.62928 2.66719
2021-05-19 20:36:37,585:INFO:[Rank-2] val time 15.5025, epoch  57, step  79, loss 2.52979972, auc@1 34.85, auc@5 66.27
2021-05-19 20:37:16,110:INFO:[Rank-2] train time 38.4451, epoch  58, step  98, loss 2.64614558, auc@1 31.84, auc@5 63.68, share 49, std_loss 0.03710683708896442,  2.63290 2.67237 2.62271 2.65660
2021-05-19 20:37:31,727:INFO:[Rank-2] val time 15.6138, epoch  58, step  79, loss 2.52727822, auc@1 34.94, auc@5 66.19
2021-05-19 20:38:10,546:INFO:[Rank-2] train time 38.7344, epoch  59, step  98, loss 2.64141059, auc@1 31.97, auc@5 63.92, share 48, std_loss 0.01828887068894597,  2.64914 2.64032 2.63270 2.64348
2021-05-19 20:38:26,266:INFO:[Rank-2] val time 15.7166, epoch  59, step  79, loss 2.52296079, auc@1 35.20, auc@5 66.39
2021-05-19 20:39:05,082:INFO:[Rank-2] train time 38.6789, epoch  60, step  98, loss 2.64145207, auc@1 31.78, auc@5 63.87, share 49, std_loss 0.026160553002692,  2.66344 2.64223 2.61748 2.64266
2021-05-19 20:39:20,621:INFO:[Rank-2] val time 15.5358, epoch  60, step  79, loss 2.51981283, auc@1 35.29, auc@5 66.22
2021-05-19 20:39:59,547:INFO:[Rank-2] train time 38.8797, epoch  61, step  98, loss 2.63105440, auc@1 32.09, auc@5 64.19, share 48, std_loss 0.023796044850759968,  2.65034 2.61902 2.62674 2.62811
2021-05-19 20:40:15,125:INFO:[Rank-2] val time 15.5752, epoch  61, step  79, loss 2.51008527, auc@1 34.95, auc@5 66.83
2021-05-19 20:40:54,146:INFO:[Rank-2] train time 38.8934, epoch  62, step  98, loss 2.62889910, auc@1 32.17, auc@5 64.27, share 49, std_loss 0.025695691550416604,  2.65209 2.62724 2.60885 2.62742
2021-05-19 20:41:09,653:INFO:[Rank-2] val time 15.5036, epoch  62, step  79, loss 2.51154932, auc@1 35.31, auc@5 66.83
2021-05-19 20:41:48,004:INFO:[Rank-2] train time 38.1059, epoch  63, step  98, loss 2.62901068, auc@1 31.93, auc@5 64.20, share 48, std_loss 0.016935246611698245,  2.63447 2.63532 2.62136 2.62489
2021-05-19 20:42:03,576:INFO:[Rank-2] val time 15.5692, epoch  63, step  79, loss 2.51329717, auc@1 35.31, auc@5 66.66
2021-05-19 20:42:42,337:INFO:[Rank-2] train time 38.6559, epoch  64, step  98, loss 2.62076712, auc@1 32.30, auc@5 64.42, share 48, std_loss 0.019002345471395825,  2.63761 2.60488 2.62174 2.61885
2021-05-19 20:42:57,981:INFO:[Rank-2] val time 15.6420, epoch  64, step  79, loss 2.50186698, auc@1 35.35, auc@5 66.78
2021-05-19 20:43:36,949:INFO:[Rank-2] train time 38.8174, epoch  65, step  98, loss 2.62242532, auc@1 32.17, auc@5 64.28, share 48, std_loss 0.025909036065318754,  2.63320 2.62745 2.59736 2.63169
2021-05-19 20:43:52,314:INFO:[Rank-2] val time 15.3619, epoch  65, step  79, loss 2.50070142, auc@1 35.55, auc@5 66.97
2021-05-19 20:44:31,584:INFO:[Rank-2] train time 39.1372, epoch  66, step  98, loss 2.61267567, auc@1 32.62, auc@5 64.72, share 48, std_loss 0.027210710057038432,  2.64401 2.61196 2.58711 2.60762
2021-05-19 20:44:47,100:INFO:[Rank-2] val time 15.5130, epoch  66, step  79, loss 2.49591478, auc@1 35.62, auc@5 66.96
2021-05-19 20:45:26,130:INFO:[Rank-2] train time 38.9164, epoch  67, step  98, loss 2.60593605, auc@1 32.61, auc@5 64.80, share 47, std_loss 0.0226103897035426,  2.61909 2.60430 2.58900 2.61136
2021-05-19 20:45:41,539:INFO:[Rank-2] val time 15.4063, epoch  67, step  79, loss 2.49129077, auc@1 35.69, auc@5 67.29
2021-05-19 20:46:20,708:INFO:[Rank-2] train time 39.0619, epoch  68, step  98, loss 2.60263062, auc@1 32.66, auc@5 64.88, share 47, std_loss 0.019564214333587765,  2.61507 2.62008 2.59869 2.57668
2021-05-19 20:46:36,291:INFO:[Rank-2] val time 15.5802, epoch  68, step  79, loss 2.49072584, auc@1 35.86, auc@5 67.07
2021-05-19 20:47:15,529:INFO:[Rank-2] train time 39.2161, epoch  69, step  98, loss 2.60616708, auc@1 32.70, auc@5 64.59, share 49, std_loss 0.03377371944715174,  2.61282 2.61068 2.58459 2.61658
2021-05-19 20:47:30,975:INFO:[Rank-2] val time 15.4423, epoch  69, step  79, loss 2.49091409, auc@1 35.72, auc@5 67.06
2021-05-19 20:48:10,227:INFO:[Rank-2] train time 39.1374, epoch  70, step  98, loss 2.59457684, auc@1 32.65, auc@5 65.07, share 48, std_loss 0.01422017780061317,  2.59818 2.60578 2.58446 2.58988
2021-05-19 20:48:26,017:INFO:[Rank-2] val time 15.7851, epoch  70, step  79, loss 2.48660127, auc@1 35.41, auc@5 67.16
2021-05-19 20:49:05,406:INFO:[Rank-2] train time 39.1198, epoch  71, step  98, loss 2.58780217, auc@1 32.92, auc@5 65.19, share 49, std_loss 0.024584219363347,  2.60119 2.58900 2.57576 2.58526
2021-05-19 20:49:20,846:INFO:[Rank-2] val time 15.4376, epoch  71, step  79, loss 2.48143498, auc@1 35.67, auc@5 67.51
2021-05-19 20:49:59,931:INFO:[Rank-2] train time 38.9654, epoch  72, step  98, loss 2.58591413, auc@1 33.11, auc@5 65.20, share 49, std_loss 0.03997805370588084,  2.60704 2.59375 2.56524 2.57762
2021-05-19 20:50:15,552:INFO:[Rank-2] val time 15.6176, epoch  72, step  79, loss 2.47678706, auc@1 35.69, auc@5 67.61
2021-05-19 20:50:53,671:INFO:[Rank-2] train time 37.9755, epoch  73, step  98, loss 2.59253168, auc@1 32.73, auc@5 64.98, share 48, std_loss 0.025503206817547277,  2.59545 2.57490 2.59776 2.60201
2021-05-19 20:51:09,297:INFO:[Rank-2] val time 15.6235, epoch  73, step  79, loss 2.47912691, auc@1 35.87, auc@5 67.22
2021-05-19 20:51:48,561:INFO:[Rank-2] train time 39.0093, epoch  74, step  98, loss 2.58372521, auc@1 32.90, auc@5 65.23, share 49, std_loss 0.0378572588824496,  2.60337 2.58242 2.55752 2.59159
2021-05-19 20:52:03,898:INFO:[Rank-2] val time 15.3338, epoch  74, step  79, loss 2.47412083, auc@1 35.76, auc@5 67.63
2021-05-19 20:52:42,973:INFO:[Rank-2] train time 38.8487, epoch  75, step  98, loss 2.57733703, auc@1 33.29, auc@5 65.38, share 48, std_loss 0.03258607912884683,  2.59470 2.57264 2.54786 2.59415
2021-05-19 20:52:58,517:INFO:[Rank-2] val time 15.5412, epoch  75, step  79, loss 2.47811894, auc@1 35.96, auc@5 67.31
2021-05-19 20:53:37,903:INFO:[Rank-2] train time 39.2291, epoch  76, step  98, loss 2.57492352, auc@1 33.12, auc@5 65.41, share 47, std_loss 0.026530167610593597,  2.60851 2.55449 2.56687 2.56982
2021-05-19 20:53:53,425:INFO:[Rank-2] val time 15.5195, epoch  76, step  79, loss 2.46865649, auc@1 36.02, auc@5 67.81
2021-05-19 20:54:32,082:INFO:[Rank-2] train time 38.5272, epoch  77, step  98, loss 2.57421350, auc@1 33.24, auc@5 65.48, share 47, std_loss 0.022990499029164106,  2.56857 2.58999 2.56043 2.57786
2021-05-19 20:54:47,902:INFO:[Rank-2] val time 15.8165, epoch  77, step  79, loss 2.46141243, auc@1 36.24, auc@5 67.79
2021-05-19 20:55:26,557:INFO:[Rank-2] train time 38.5739, epoch  78, step  98, loss 2.57288909, auc@1 33.29, auc@5 65.44, share 48, std_loss 0.02706795255415978,  2.57352 2.56231 2.58192 2.57381
2021-05-19 20:55:42,258:INFO:[Rank-2] val time 15.6984, epoch  78, step  79, loss 2.46883960, auc@1 36.23, auc@5 67.47
2021-05-19 20:56:21,843:INFO:[Rank-2] train time 39.3420, epoch  79, step  98, loss 2.56365657, auc@1 33.35, auc@5 65.66, share 48, std_loss 0.03836819962883482,  2.60372 2.56968 2.53581 2.54541
2021-05-19 20:56:37,384:INFO:[Rank-2] val time 15.5382, epoch  79, step  79, loss 2.46709090, auc@1 36.34, auc@5 67.79
2021-05-19 20:57:16,345:INFO:[Rank-2] train time 38.7133, epoch  80, step  98, loss 2.56520152, auc@1 33.57, auc@5 65.58, share 48, std_loss 0.025882432598392575,  2.60328 2.55322 2.53524 2.56907
2021-05-19 20:57:32,020:INFO:[Rank-2] val time 15.6718, epoch  80, step  79, loss 2.45164975, auc@1 36.45, auc@5 67.92
2021-05-19 20:58:10,667:INFO:[Rank-2] train time 38.3857, epoch  81, step  98, loss 2.56591606, auc@1 33.47, auc@5 65.49, share 48, std_loss 0.030743661735739027,  2.58633 2.56664 2.53671 2.57399
2021-05-19 20:58:26,310:INFO:[Rank-2] val time 15.6399, epoch  81, step  79, loss 2.46212586, auc@1 36.02, auc@5 67.90
2021-05-19 20:59:04,780:INFO:[Rank-2] train time 38.2361, epoch  82, step  98, loss 2.56188703, auc@1 33.49, auc@5 65.64, share 48, std_loss 0.024286798115971744,  2.58076 2.55784 2.53683 2.57211
2021-05-19 20:59:20,343:INFO:[Rank-2] val time 15.5597, epoch  82, step  79, loss 2.45756115, auc@1 36.31, auc@5 67.84
2021-05-19 20:59:59,001:INFO:[Rank-2] train time 38.5089, epoch  83, step  98, loss 2.54723668, auc@1 33.83, auc@5 66.14, share 46, std_loss 0.01692645703157296,  2.55046 2.54686 2.55247 2.53916
2021-05-19 21:00:14,660:INFO:[Rank-2] val time 15.6554, epoch  83, step  79, loss 2.46203812, auc@1 36.24, auc@5 67.93
2021-05-19 21:00:53,356:INFO:[Rank-2] train time 38.5348, epoch  84, step  98, loss 2.55513620, auc@1 33.55, auc@5 65.91, share 49, std_loss 0.040748282639803936,  2.58737 2.55059 2.54082 2.54177
2021-05-19 21:01:09,080:INFO:[Rank-2] val time 15.7202, epoch  84, step  79, loss 2.45354800, auc@1 36.12, auc@5 67.83
2021-05-19 21:01:47,850:INFO:[Rank-2] train time 38.3126, epoch  85, step  98, loss 2.54769826, auc@1 33.80, auc@5 65.74, share 46, std_loss 0.01873729156795889,  2.53711 2.53284 2.56298 2.55787
2021-05-19 21:02:03,281:INFO:[Rank-2] val time 15.4281, epoch  85, step  79, loss 2.44549652, auc@1 36.30, auc@5 68.28
2021-05-19 21:02:42,770:INFO:[Rank-2] train time 39.4202, epoch  86, step  98, loss 2.53990674, auc@1 33.95, auc@5 66.21, share 48, std_loss 0.02526932468219679,  2.54719 2.54344 2.54569 2.52331
2021-05-19 21:02:58,495:INFO:[Rank-2] val time 15.7221, epoch  86, step  79, loss 2.44806067, auc@1 36.45, auc@5 68.09
2021-05-19 21:03:38,088:INFO:[Rank-2] train time 39.4165, epoch  87, step  98, loss 2.53746104, auc@1 34.15, auc@5 66.41, share 49, std_loss 0.03308504386519899,  2.56530 2.52046 2.53567 2.52841
2021-05-19 21:03:53,918:INFO:[Rank-2] val time 15.8269, epoch  87, step  79, loss 2.44358419, auc@1 36.66, auc@5 68.38
2021-05-19 21:04:32,143:INFO:[Rank-2] train time 38.1229, epoch  88, step  98, loss 2.53951335, auc@1 33.78, auc@5 66.16, share 48, std_loss 0.03193194930422671,  2.53329 2.58215 2.52365 2.51897
2021-05-19 21:04:47,685:INFO:[Rank-2] val time 15.5388, epoch  88, step  79, loss 2.43621697, auc@1 36.74, auc@5 68.42
2021-05-19 21:05:26,679:INFO:[Rank-2] train time 38.8524, epoch  89, step  98, loss 2.52862668, auc@1 34.25, auc@5 66.41, share 48, std_loss 0.0350972467805354,  2.52520 2.50648 2.53830 2.54454
2021-05-19 21:05:42,329:INFO:[Rank-2] val time 15.6470, epoch  89, step  79, loss 2.44186881, auc@1 36.74, auc@5 68.36
2021-05-19 21:06:21,462:INFO:[Rank-2] train time 38.7802, epoch  90, step  98, loss 2.53227854, auc@1 33.96, auc@5 66.43, share 48, std_loss 0.029005445383147012,  2.55581 2.54673 2.51289 2.51369
2021-05-19 21:06:37,226:INFO:[Rank-2] val time 15.7608, epoch  90, step  79, loss 2.43118225, auc@1 36.75, auc@5 68.37
2021-05-19 21:07:16,094:INFO:[Rank-2] train time 38.5952, epoch  91, step  98, loss 2.52081513, auc@1 34.42, auc@5 66.50, share 49, std_loss 0.022449900538717607,  2.54656 2.50538 2.51458 2.51674
2021-05-19 21:07:31,748:INFO:[Rank-2] val time 15.6508, epoch  91, step  79, loss 2.43745607, auc@1 36.39, auc@5 68.35
2021-05-19 21:08:09,791:INFO:[Rank-2] train time 37.7302, epoch  92, step  98, loss 2.52604318, auc@1 34.12, auc@5 66.28, share 48, std_loss 0.0251421006206347,  2.51612 2.52037 2.51842 2.54927
2021-05-19 21:08:25,298:INFO:[Rank-2] val time 15.5044, epoch  92, step  79, loss 2.42946032, auc@1 36.69, auc@5 68.55
2021-05-19 21:09:03,718:INFO:[Rank-2] train time 38.2850, epoch  93, step  98, loss 2.51326728, auc@1 34.38, auc@5 66.87, share 49, std_loss 0.043527819881481786,  2.54674 2.49785 2.48907 2.51941
2021-05-19 21:09:19,321:INFO:[Rank-2] val time 15.6001, epoch  93, step  79, loss 2.42847005, auc@1 36.95, auc@5 68.46
2021-05-19 21:09:57,829:INFO:[Rank-2] train time 38.3912, epoch  94, step  98, loss 2.51299715, auc@1 34.44, auc@5 66.86, share 46, std_loss 0.01866251295099833,  2.51736 2.51009 2.50981 2.51474
2021-05-19 21:10:13,409:INFO:[Rank-2] val time 15.5768, epoch  94, step  79, loss 2.43009277, auc@1 36.74, auc@5 68.67
2021-05-19 21:10:52,138:INFO:[Rank-2] train time 38.5116, epoch  95, step  98, loss 2.51200914, auc@1 34.57, auc@5 66.72, share 48, std_loss 0.04262230742950829,  2.52873 2.55386 2.48580 2.47965
2021-05-19 21:11:07,649:INFO:[Rank-2] val time 15.5084, epoch  95, step  79, loss 2.42080296, auc@1 36.84, auc@5 68.82
2021-05-19 21:11:46,599:INFO:[Rank-2] train time 38.8919, epoch  96, step  98, loss 2.51181817, auc@1 34.69, auc@5 66.72, share 48, std_loss 0.012553004982729196,  2.51775 2.50266 2.51244 2.51442
2021-05-19 21:12:02,133:INFO:[Rank-2] val time 15.5312, epoch  96, step  79, loss 2.41966393, auc@1 37.28, auc@5 68.82
2021-05-19 21:12:40,652:INFO:[Rank-2] train time 38.2578, epoch  97, step  98, loss 2.51035666, auc@1 34.47, auc@5 66.85, share 48, std_loss 0.02004658309172611,  2.51952 2.51651 2.51390 2.49150
2021-05-19 21:12:56,192:INFO:[Rank-2] val time 15.5376, epoch  97, step  79, loss 2.42534832, auc@1 36.90, auc@5 68.52
2021-05-19 21:13:34,624:INFO:[Rank-2] train time 38.2627, epoch  98, step  98, loss 2.50231147, auc@1 34.56, auc@5 67.22, share 46, std_loss 0.02024542247729224,  2.50835 2.49793 2.49099 2.51197
2021-05-19 21:13:50,025:INFO:[Rank-2] val time 15.3983, epoch  98, step  79, loss 2.42015878, auc@1 36.75, auc@5 68.77
2021-05-19 21:14:29,245:INFO:[Rank-2] train time 39.0816, epoch  99, step  98, loss 2.50148892, auc@1 34.78, auc@5 67.11, share 48, std_loss 0.0258415908153568,  2.51518 2.49519 2.49454 2.50105
2021-05-19 21:14:45,000:INFO:[Rank-2] val time 15.7525, epoch  99, step  79, loss 2.41508958, auc@1 37.31, auc@5 68.52
2021-05-19 21:15:23,466:INFO:[Rank-2] train time 37.9915, epoch 100, step  98, loss 2.50043130, auc@1 34.71, auc@5 66.97, share 48, std_loss 0.019146829862527703,  2.52127 2.50229 2.48520 2.49297
2021-05-19 21:15:39,070:INFO:[Rank-2] val time 15.6016, epoch 100, step  79, loss 2.41887697, auc@1 37.03, auc@5 68.75
2021-05-19 21:15:39,071:INFO:[Rank-2] finish, train+val 5450.29216, train 3892.96225, reduce_count 4812
