2021-05-16 13:00:27,885:INFO:[Rank-1] args : Namespace(batch=2048, current_time='20210516_084949', dataset='cifar100', epochs=300, ip='192.168.1.1:7548', k=8, lr=0.1, momentum=0.9, rank=1, train_type='local', weight_decay=0.005, world=4)
2021-05-16 13:01:03,417:INFO:[Rank-1] train time 34.0167, epoch   1, step  25, loss 5.27556753, auc@1 1.21, auc@5 5.72, share 0, std_loss 0, 
2021-05-16 13:01:18,199:INFO:[Rank-1] val time 14.7761, epoch   1, step  20, loss 34.41830757, auc@1 1.04, auc@5 5.39
2021-05-16 13:01:51,334:INFO:[Rank-1] train time 33.1323, epoch   2, step  25, loss 4.70730829, auc@1 1.65, auc@5 7.30, share 0, std_loss 0, 
2021-05-16 13:02:05,455:INFO:[Rank-1] val time 14.1181, epoch   2, step  20, loss 4.55649520, auc@1 2.78, auc@5 9.68
2021-05-16 13:02:38,407:INFO:[Rank-1] train time 32.9514, epoch   3, step  25, loss 4.51075649, auc@1 2.78, auc@5 11.22, share 0, std_loss 0, 
2021-05-16 13:02:52,714:INFO:[Rank-1] val time 14.3005, epoch   3, step  20, loss 4.36389365, auc@1 3.50, auc@5 13.43
2021-05-16 13:03:25,875:INFO:[Rank-1] train time 33.1601, epoch   4, step  25, loss 4.30198526, auc@1 4.19, auc@5 16.86, share 0, std_loss 0, 
2021-05-16 13:03:39,773:INFO:[Rank-1] val time 13.8928, epoch   4, step  20, loss 4.34216707, auc@1 3.38, auc@5 14.46
2021-05-16 13:04:12,892:INFO:[Rank-1] train time 33.1184, epoch   5, step  25, loss 4.14179182, auc@1 5.30, auc@5 21.07, share 0, std_loss 0, 
2021-05-16 13:04:27,357:INFO:[Rank-1] val time 14.4614, epoch   5, step  20, loss 4.31540445, auc@1 3.74, auc@5 15.66
2021-05-16 13:05:00,585:INFO:[Rank-1] train time 33.2262, epoch   6, step  25, loss 4.05327749, auc@1 6.28, auc@5 23.93, share 0, std_loss 0, 
2021-05-16 13:05:14,990:INFO:[Rank-1] val time 14.4003, epoch   6, step  20, loss 4.37977058, auc@1 3.23, auc@5 12.85
2021-05-16 13:05:48,171:INFO:[Rank-1] train time 33.1800, epoch   7, step  25, loss 3.97704124, auc@1 7.42, auc@5 26.34, share 0, std_loss 0, 
2021-05-16 13:06:02,009:INFO:[Rank-1] val time 13.8356, epoch   7, step  20, loss 4.42370394, auc@1 3.98, auc@5 13.73
2021-05-16 13:06:35,455:INFO:[Rank-1] train time 33.4441, epoch   8, step  25, loss 3.90965867, auc@1 8.59, auc@5 28.57, share 0, std_loss 0, 
2021-05-16 13:06:49,572:INFO:[Rank-1] val time 14.1116, epoch   8, step  20, loss 4.55928933, auc@1 3.65, auc@5 14.54
2021-05-16 13:07:22,349:INFO:[Rank-1] train time 32.7747, epoch   9, step  25, loss 3.85339308, auc@1 9.23, auc@5 30.67, share 0, std_loss 0, 
2021-05-16 13:07:36,513:INFO:[Rank-1] val time 14.1604, epoch   9, step  20, loss 4.35302171, auc@1 4.42, auc@5 16.70
2021-05-16 13:08:08,785:INFO:[Rank-1] train time 32.2702, epoch  10, step  25, loss 3.80431366, auc@1 10.00, auc@5 32.08, share 0, std_loss 0, 
2021-05-16 13:08:22,713:INFO:[Rank-1] val time 13.9259, epoch  10, step  20, loss 4.18125122, auc@1 5.38, auc@5 21.50
2021-05-16 13:08:55,534:INFO:[Rank-1] train time 32.8204, epoch  11, step  25, loss 3.75293398, auc@1 10.76, auc@5 33.91, share 0, std_loss 0, 
2021-05-16 13:09:09,705:INFO:[Rank-1] val time 14.1683, epoch  11, step  20, loss 4.07462300, auc@1 7.28, auc@5 24.40
2021-05-16 13:09:42,535:INFO:[Rank-1] train time 32.8283, epoch  12, step  25, loss 3.70178437, auc@1 11.78, auc@5 35.76, share 0, std_loss 0, 
2021-05-16 13:09:56,569:INFO:[Rank-1] val time 14.0280, epoch  12, step  20, loss 4.05343317, auc@1 6.80, auc@5 24.56
2021-05-16 13:10:28,867:INFO:[Rank-1] train time 32.2961, epoch  13, step  25, loss 3.67016912, auc@1 11.96, auc@5 36.40, share 0, std_loss 0, 
2021-05-16 13:10:42,742:INFO:[Rank-1] val time 13.8704, epoch  13, step  20, loss 3.96942008, auc@1 8.55, auc@5 28.14
2021-05-16 13:11:15,966:INFO:[Rank-1] train time 33.2227, epoch  14, step  25, loss 3.60866189, auc@1 13.03, auc@5 38.82, share 0, std_loss 0, 
2021-05-16 13:11:30,047:INFO:[Rank-1] val time 14.0782, epoch  14, step  20, loss 3.81648191, auc@1 9.81, auc@5 32.44
2021-05-16 13:12:03,640:INFO:[Rank-1] train time 33.5919, epoch  15, step  25, loss 3.56741261, auc@1 13.84, auc@5 40.09, share 0, std_loss 0, 
2021-05-16 13:12:18,057:INFO:[Rank-1] val time 14.4121, epoch  15, step  20, loss 3.75629488, auc@1 12.13, auc@5 35.94
2021-05-16 13:12:51,035:INFO:[Rank-1] train time 32.9769, epoch  16, step  25, loss 3.52481818, auc@1 14.77, auc@5 41.43, share 0, std_loss 0, 
2021-05-16 13:13:04,962:INFO:[Rank-1] val time 13.9229, epoch  16, step  20, loss 3.64587384, auc@1 13.54, auc@5 38.24
2021-05-16 13:13:37,706:INFO:[Rank-1] train time 32.7428, epoch  17, step  25, loss 3.48303246, auc@1 15.54, auc@5 42.95, share 0, std_loss 0, 
2021-05-16 13:13:51,659:INFO:[Rank-1] val time 13.9480, epoch  17, step  20, loss 3.64637652, auc@1 13.04, auc@5 37.74
2021-05-16 13:14:24,600:INFO:[Rank-1] train time 32.9392, epoch  18, step  25, loss 3.45079565, auc@1 16.20, auc@5 43.82, share 0, std_loss 0, 
2021-05-16 13:14:38,895:INFO:[Rank-1] val time 14.2906, epoch  18, step  20, loss 3.56909113, auc@1 14.14, auc@5 40.40
2021-05-16 13:15:11,723:INFO:[Rank-1] train time 32.8243, epoch  19, step  25, loss 3.40453386, auc@1 16.91, auc@5 45.13, share 0, std_loss 0, 
2021-05-16 13:15:25,879:INFO:[Rank-1] val time 14.1529, epoch  19, step  20, loss 3.61197878, auc@1 13.96, auc@5 39.34
2021-05-16 13:15:58,696:INFO:[Rank-1] train time 32.8151, epoch  20, step  25, loss 3.37489247, auc@1 17.37, auc@5 46.20, share 0, std_loss 0, 
2021-05-16 13:16:13,091:INFO:[Rank-1] val time 14.3926, epoch  20, step  20, loss 3.47615000, auc@1 16.63, auc@5 43.52
2021-05-16 13:16:46,439:INFO:[Rank-1] train time 33.3462, epoch  21, step  25, loss 3.34028363, auc@1 18.22, auc@5 46.98, share 0, std_loss 0, 
2021-05-16 13:17:00,545:INFO:[Rank-1] val time 14.1032, epoch  21, step  20, loss 3.82560200, auc@1 10.96, auc@5 33.52
2021-05-16 13:17:33,235:INFO:[Rank-1] train time 32.6887, epoch  22, step  25, loss 3.30673695, auc@1 19.02, auc@5 47.68, share 0, std_loss 0, 
2021-05-16 13:17:47,303:INFO:[Rank-1] val time 14.0658, epoch  22, step  20, loss 3.37408424, auc@1 17.32, auc@5 45.18
2021-05-16 13:18:20,142:INFO:[Rank-1] train time 32.8376, epoch  23, step  25, loss 3.27036881, auc@1 19.31, auc@5 49.13, share 0, std_loss 0, 
2021-05-16 13:18:34,236:INFO:[Rank-1] val time 14.0891, epoch  23, step  20, loss 3.60953394, auc@1 13.91, auc@5 38.92
2021-05-16 13:19:06,779:INFO:[Rank-1] train time 32.5412, epoch  24, step  25, loss 3.24369574, auc@1 19.97, auc@5 49.74, share 0, std_loss 0, 
2021-05-16 13:19:20,647:INFO:[Rank-1] val time 13.8656, epoch  24, step  20, loss 3.33141375, auc@1 18.54, auc@5 46.36
2021-05-16 13:19:53,252:INFO:[Rank-1] train time 32.6039, epoch  25, step  25, loss 3.20365405, auc@1 20.45, auc@5 50.69, share 0, std_loss 0, 
2021-05-16 13:20:07,228:INFO:[Rank-1] val time 13.9717, epoch  25, step  20, loss 3.56433234, auc@1 16.52, auc@5 41.53
2021-05-16 13:20:40,097:INFO:[Rank-1] train time 32.8679, epoch  26, step  25, loss 3.17677259, auc@1 21.19, auc@5 51.54, share 0, std_loss 0, 
2021-05-16 13:20:53,990:INFO:[Rank-1] val time 13.8900, epoch  26, step  20, loss 3.48270219, auc@1 15.73, auc@5 42.59
2021-05-16 13:21:26,467:INFO:[Rank-1] train time 32.4761, epoch  27, step  25, loss 3.14760256, auc@1 21.34, auc@5 52.39, share 0, std_loss 0, 
2021-05-16 13:21:40,723:INFO:[Rank-1] val time 14.2504, epoch  27, step  20, loss 3.47404361, auc@1 15.73, auc@5 43.79
2021-05-16 13:22:13,602:INFO:[Rank-1] train time 32.8784, epoch  28, step  25, loss 3.09678864, auc@1 22.40, auc@5 53.65, share 0, std_loss 0, 
2021-05-16 13:22:27,643:INFO:[Rank-1] val time 14.0382, epoch  28, step  20, loss 3.42924659, auc@1 18.17, auc@5 46.26
2021-05-16 13:23:00,751:INFO:[Rank-1] train time 33.1076, epoch  29, step  25, loss 3.06288624, auc@1 23.08, auc@5 54.57, share 0, std_loss 0, 
2021-05-16 13:23:15,146:INFO:[Rank-1] val time 14.3925, epoch  29, step  20, loss 3.56177464, auc@1 15.23, auc@5 41.71
2021-05-16 13:23:48,063:INFO:[Rank-1] train time 32.9153, epoch  30, step  25, loss 3.02673149, auc@1 23.70, auc@5 55.50, share 0, std_loss 0, 
2021-05-16 13:24:02,231:INFO:[Rank-1] val time 14.1632, epoch  30, step  20, loss 3.80997956, auc@1 13.32, auc@5 37.42
2021-05-16 13:24:35,019:INFO:[Rank-1] train time 32.7863, epoch  31, step  25, loss 2.98838615, auc@1 24.28, auc@5 56.35, share 0, std_loss 0, 
2021-05-16 13:24:49,043:INFO:[Rank-1] val time 14.0167, epoch  31, step  20, loss 4.17726400, auc@1 12.76, auc@5 36.01
2021-05-16 13:25:22,348:INFO:[Rank-1] train time 33.3032, epoch  32, step  25, loss 2.94549060, auc@1 25.35, auc@5 57.80, share 0, std_loss 0, 
2021-05-16 13:25:36,486:INFO:[Rank-1] val time 14.1351, epoch  32, step  20, loss 3.87475895, auc@1 13.72, auc@5 37.09
2021-05-16 13:26:09,417:INFO:[Rank-1] train time 32.9302, epoch  33, step  25, loss 2.92923403, auc@1 25.41, auc@5 57.97, share 0, std_loss 0, 
2021-05-16 13:26:23,752:INFO:[Rank-1] val time 14.3320, epoch  33, step  20, loss 3.80448536, auc@1 14.08, auc@5 40.07
2021-05-16 13:26:57,027:INFO:[Rank-1] train time 33.2734, epoch  34, step  25, loss 2.89385438, auc@1 26.11, auc@5 58.99, share 0, std_loss 0, 
2021-05-16 13:27:10,891:INFO:[Rank-1] val time 13.8596, epoch  34, step  20, loss 3.21847414, auc@1 20.82, auc@5 51.65
2021-05-16 13:27:43,473:INFO:[Rank-1] train time 32.5806, epoch  35, step  25, loss 2.85966063, auc@1 26.84, auc@5 59.83, share 0, std_loss 0, 
2021-05-16 13:27:57,396:INFO:[Rank-1] val time 13.9204, epoch  35, step  20, loss 3.18282215, auc@1 22.06, auc@5 52.09
2021-05-16 13:28:30,367:INFO:[Rank-1] train time 32.9662, epoch  36, step  25, loss 2.82192039, auc@1 27.37, auc@5 60.92, share 0, std_loss 0, 
2021-05-16 13:28:44,781:INFO:[Rank-1] val time 14.4118, epoch  36, step  20, loss 3.48098284, auc@1 17.19, auc@5 46.84
2021-05-16 13:29:17,983:INFO:[Rank-1] train time 33.2013, epoch  37, step  25, loss 2.81245375, auc@1 27.56, auc@5 60.72, share 0, std_loss 0, 
2021-05-16 13:29:32,657:INFO:[Rank-1] val time 14.6700, epoch  37, step  20, loss 3.34603590, auc@1 18.50, auc@5 48.88
2021-05-16 13:30:05,610:INFO:[Rank-1] train time 32.9513, epoch  38, step  25, loss 2.79928637, auc@1 28.23, auc@5 61.01, share 0, std_loss 0, 
2021-05-16 13:30:19,760:INFO:[Rank-1] val time 14.1477, epoch  38, step  20, loss 3.83724929, auc@1 15.50, auc@5 41.37
2021-05-16 13:30:52,767:INFO:[Rank-1] train time 33.0063, epoch  39, step  25, loss 2.75815463, auc@1 28.75, auc@5 62.33, share 0, std_loss 0, 
2021-05-16 13:31:06,699:INFO:[Rank-1] val time 13.9277, epoch  39, step  20, loss 5.06388818, auc@1 8.05, auc@5 27.98
2021-05-16 13:31:39,101:INFO:[Rank-1] train time 32.4005, epoch  40, step  25, loss 2.72425604, auc@1 29.48, auc@5 63.19, share 0, std_loss 0, 
2021-05-16 13:31:53,470:INFO:[Rank-1] val time 14.3666, epoch  40, step  20, loss 3.63975598, auc@1 18.10, auc@5 42.88
2021-05-16 13:32:26,608:INFO:[Rank-1] train time 33.1372, epoch  41, step  25, loss 2.71376133, auc@1 29.68, auc@5 63.37, share 0, std_loss 0, 
2021-05-16 13:32:41,400:INFO:[Rank-1] val time 14.7886, epoch  41, step  20, loss 3.72141704, auc@1 15.38, auc@5 43.12
2021-05-16 13:33:14,167:INFO:[Rank-1] train time 32.7659, epoch  42, step  25, loss 2.70473313, auc@1 29.88, auc@5 63.76, share 0, std_loss 0, 
2021-05-16 13:33:28,282:INFO:[Rank-1] val time 14.1035, epoch  42, step  20, loss 4.05266077, auc@1 17.70, auc@5 43.20
2021-05-16 13:34:01,548:INFO:[Rank-1] train time 33.2644, epoch  43, step  25, loss 2.67741060, auc@1 30.43, auc@5 64.24, share 0, std_loss 0, 
2021-05-16 13:34:15,581:INFO:[Rank-1] val time 14.0302, epoch  43, step  20, loss 3.07615481, auc@1 22.88, auc@5 53.29
2021-05-16 13:34:48,176:INFO:[Rank-1] train time 32.5944, epoch  44, step  25, loss 2.66503167, auc@1 30.80, auc@5 64.38, share 0, std_loss 0, 
2021-05-16 13:35:02,663:INFO:[Rank-1] val time 14.4844, epoch  44, step  20, loss 4.88887721, auc@1 9.21, auc@5 28.37
2021-05-16 13:35:36,036:INFO:[Rank-1] train time 33.3717, epoch  45, step  25, loss 2.64790249, auc@1 31.27, auc@5 64.96, share 0, std_loss 0, 
2021-05-16 13:35:49,916:INFO:[Rank-1] val time 13.8749, epoch  45, step  20, loss 4.53345217, auc@1 10.77, auc@5 29.19
2021-05-16 13:36:22,790:INFO:[Rank-1] train time 32.8727, epoch  46, step  25, loss 2.61911988, auc@1 31.82, auc@5 65.63, share 0, std_loss 0, 
2021-05-16 13:36:37,122:INFO:[Rank-1] val time 14.3266, epoch  46, step  20, loss 3.24390725, auc@1 20.37, auc@5 50.41
2021-05-16 13:37:09,926:INFO:[Rank-1] train time 32.8028, epoch  47, step  25, loss 2.60468602, auc@1 32.22, auc@5 66.12, share 0, std_loss 0, 
2021-05-16 13:37:23,986:INFO:[Rank-1] val time 14.0580, epoch  47, step  20, loss 3.07096225, auc@1 22.74, auc@5 54.58
2021-05-16 13:37:57,030:INFO:[Rank-1] train time 33.0419, epoch  48, step  25, loss 2.59374428, auc@1 32.24, auc@5 66.36, share 0, std_loss 0, 
2021-05-16 13:38:11,393:INFO:[Rank-1] val time 14.3598, epoch  48, step  20, loss 3.35422455, auc@1 20.20, auc@5 48.55
2021-05-16 13:38:44,258:INFO:[Rank-1] train time 32.8632, epoch  49, step  25, loss 2.58551145, auc@1 32.11, auc@5 66.73, share 0, std_loss 0, 
2021-05-16 13:38:58,517:INFO:[Rank-1] val time 14.2568, epoch  49, step  20, loss 3.76863879, auc@1 15.75, auc@5 40.63
2021-05-16 13:39:31,142:INFO:[Rank-1] train time 32.6237, epoch  50, step  25, loss 2.58114934, auc@1 32.36, auc@5 66.81, share 0, std_loss 0, 
2021-05-16 13:39:44,893:INFO:[Rank-1] val time 13.7485, epoch  50, step  20, loss 5.30428377, auc@1 8.56, auc@5 23.99
2021-05-16 13:40:17,438:INFO:[Rank-1] train time 32.5438, epoch  51, step  25, loss 2.56907630, auc@1 32.88, auc@5 66.77, share 0, std_loss 0, 
2021-05-16 13:40:31,706:INFO:[Rank-1] val time 14.2616, epoch  51, step  20, loss 3.32325814, auc@1 20.12, auc@5 49.51
2021-05-16 13:41:05,085:INFO:[Rank-1] train time 33.3774, epoch  52, step  25, loss 2.55374956, auc@1 33.08, auc@5 67.32, share 0, std_loss 0, 
2021-05-16 13:41:19,406:INFO:[Rank-1] val time 14.3159, epoch  52, step  20, loss 3.80913480, auc@1 14.66, auc@5 39.76
2021-05-16 13:41:52,284:INFO:[Rank-1] train time 32.8768, epoch  53, step  25, loss 2.54919910, auc@1 33.30, auc@5 67.37, share 0, std_loss 0, 
2021-05-16 13:42:06,513:INFO:[Rank-1] val time 14.2241, epoch  53, step  20, loss 3.47328398, auc@1 20.26, auc@5 46.51
2021-05-16 13:42:38,935:INFO:[Rank-1] train time 32.4182, epoch  54, step  25, loss 2.53037691, auc@1 33.75, auc@5 67.73, share 0, std_loss 0, 
2021-05-16 13:42:53,281:INFO:[Rank-1] val time 14.3431, epoch  54, step  20, loss 3.11827135, auc@1 22.93, auc@5 53.26
2021-05-16 13:43:26,379:INFO:[Rank-1] train time 33.0959, epoch  55, step  25, loss 2.52866554, auc@1 33.53, auc@5 67.88, share 0, std_loss 0, 
2021-05-16 13:43:40,318:INFO:[Rank-1] val time 13.9367, epoch  55, step  20, loss 3.33782865, auc@1 20.45, auc@5 49.17
2021-05-16 13:44:13,122:INFO:[Rank-1] train time 32.8031, epoch  56, step  25, loss 2.50914931, auc@1 34.19, auc@5 68.51, share 0, std_loss 0, 
2021-05-16 13:44:26,892:INFO:[Rank-1] val time 13.7668, epoch  56, step  20, loss 3.34007444, auc@1 20.28, auc@5 50.16
2021-05-16 13:44:59,926:INFO:[Rank-1] train time 33.0330, epoch  57, step  25, loss 2.51290822, auc@1 34.23, auc@5 67.96, share 0, std_loss 0, 
2021-05-16 13:45:14,291:INFO:[Rank-1] val time 14.3590, epoch  57, step  20, loss 4.49949146, auc@1 10.54, auc@5 29.91
2021-05-16 13:45:47,310:INFO:[Rank-1] train time 33.0171, epoch  58, step  25, loss 2.49301457, auc@1 34.49, auc@5 68.48, share 0, std_loss 0, 
2021-05-16 13:46:01,504:INFO:[Rank-1] val time 14.1916, epoch  58, step  20, loss 3.56352458, auc@1 17.92, auc@5 45.87
2021-05-16 13:46:34,208:INFO:[Rank-1] train time 32.7032, epoch  59, step  25, loss 2.49310946, auc@1 34.44, auc@5 68.53, share 0, std_loss 0, 
2021-05-16 13:46:48,409:INFO:[Rank-1] val time 14.1987, epoch  59, step  20, loss 3.11130377, auc@1 24.01, auc@5 56.04
2021-05-16 13:47:21,607:INFO:[Rank-1] train time 33.1971, epoch  60, step  25, loss 2.49893165, auc@1 34.57, auc@5 68.59, share 0, std_loss 0, 
2021-05-16 13:47:35,827:INFO:[Rank-1] val time 14.2151, epoch  60, step  20, loss 2.90633449, auc@1 26.09, auc@5 58.38
2021-05-16 13:48:08,544:INFO:[Rank-1] train time 32.7158, epoch  61, step  25, loss 2.46886635, auc@1 34.95, auc@5 69.50, share 0, std_loss 0, 
2021-05-16 13:48:22,651:INFO:[Rank-1] val time 14.1022, epoch  61, step  20, loss 2.95750150, auc@1 26.56, auc@5 57.01
2021-05-16 13:48:55,403:INFO:[Rank-1] train time 32.7513, epoch  62, step  25, loss 2.45309448, auc@1 35.30, auc@5 69.55, share 0, std_loss 0, 
2021-05-16 13:49:09,745:INFO:[Rank-1] val time 14.3383, epoch  62, step  20, loss 5.72136143, auc@1 6.61, auc@5 25.38
2021-05-16 13:49:42,729:INFO:[Rank-1] train time 32.9828, epoch  63, step  25, loss 2.46423531, auc@1 35.48, auc@5 69.56, share 0, std_loss 0, 
2021-05-16 13:49:56,950:INFO:[Rank-1] val time 14.2159, epoch  63, step  20, loss 3.88818386, auc@1 17.59, auc@5 45.01
2021-05-16 13:50:29,840:INFO:[Rank-1] train time 32.8889, epoch  64, step  25, loss 2.47622490, auc@1 35.21, auc@5 69.05, share 0, std_loss 0, 
2021-05-16 13:50:44,187:INFO:[Rank-1] val time 14.3408, epoch  64, step  20, loss 3.07932139, auc@1 23.89, auc@5 55.93
2021-05-16 13:51:17,282:INFO:[Rank-1] train time 33.0942, epoch  65, step  25, loss 2.45158887, auc@1 35.51, auc@5 69.57, share 0, std_loss 0, 
2021-05-16 13:51:31,512:INFO:[Rank-1] val time 14.2265, epoch  65, step  20, loss 3.23095044, auc@1 22.81, auc@5 52.83
2021-05-16 13:52:04,190:INFO:[Rank-1] train time 32.6757, epoch  66, step  25, loss 2.42076135, auc@1 36.30, auc@5 70.26, share 0, std_loss 0, 
2021-05-16 13:52:18,422:INFO:[Rank-1] val time 14.2300, epoch  66, step  20, loss 2.96285965, auc@1 25.21, auc@5 58.90
2021-05-16 13:52:51,326:INFO:[Rank-1] train time 32.9026, epoch  67, step  25, loss 2.42186475, auc@1 36.12, auc@5 70.30, share 0, std_loss 0, 
2021-05-16 13:53:05,344:INFO:[Rank-1] val time 14.0157, epoch  67, step  20, loss 2.93512574, auc@1 24.86, auc@5 58.56
2021-05-16 13:53:37,985:INFO:[Rank-1] train time 32.6391, epoch  68, step  25, loss 2.40666604, auc@1 36.68, auc@5 70.53, share 0, std_loss 0, 
2021-05-16 13:53:52,040:INFO:[Rank-1] val time 14.0515, epoch  68, step  20, loss 3.64095209, auc@1 18.06, auc@5 44.22
2021-05-16 13:54:24,861:INFO:[Rank-1] train time 32.8198, epoch  69, step  25, loss 2.42064047, auc@1 36.27, auc@5 70.00, share 0, std_loss 0, 
2021-05-16 13:54:38,523:INFO:[Rank-1] val time 13.6572, epoch  69, step  20, loss 3.09689841, auc@1 23.87, auc@5 54.63
2021-05-16 13:55:11,540:INFO:[Rank-1] train time 33.0159, epoch  70, step  25, loss 2.41567802, auc@1 36.22, auc@5 70.54, share 0, std_loss 0, 
2021-05-16 13:55:26,035:INFO:[Rank-1] val time 14.4914, epoch  70, step  20, loss 3.22769140, auc@1 22.67, auc@5 52.19
2021-05-16 13:55:58,708:INFO:[Rank-1] train time 32.6714, epoch  71, step  25, loss 2.41803265, auc@1 36.41, auc@5 70.26, share 0, std_loss 0, 
2021-05-16 13:56:13,205:INFO:[Rank-1] val time 14.4923, epoch  71, step  20, loss 3.29163221, auc@1 21.81, auc@5 54.04
2021-05-16 13:56:46,270:INFO:[Rank-1] train time 33.0640, epoch  72, step  25, loss 2.40812397, auc@1 36.61, auc@5 70.62, share 0, std_loss 0, 
2021-05-16 13:56:59,964:INFO:[Rank-1] val time 13.6917, epoch  72, step  20, loss 2.93646299, auc@1 26.26, auc@5 57.40
2021-05-16 13:57:32,511:INFO:[Rank-1] train time 32.5457, epoch  73, step  25, loss 2.39881587, auc@1 36.51, auc@5 70.83, share 0, std_loss 0, 
2021-05-16 13:57:46,695:INFO:[Rank-1] val time 14.1805, epoch  73, step  20, loss 3.77973237, auc@1 16.03, auc@5 43.28
2021-05-16 13:58:19,286:INFO:[Rank-1] train time 32.5888, epoch  74, step  25, loss 2.39461279, auc@1 36.79, auc@5 70.75, share 0, std_loss 0, 
2021-05-16 13:58:33,394:INFO:[Rank-1] val time 14.1051, epoch  74, step  20, loss 7.76005317, auc@1 8.75, auc@5 22.74
2021-05-16 13:59:06,176:INFO:[Rank-1] train time 32.7813, epoch  75, step  25, loss 2.38210082, auc@1 37.15, auc@5 71.18, share 0, std_loss 0, 
2021-05-16 13:59:19,917:INFO:[Rank-1] val time 13.7381, epoch  75, step  20, loss 3.31329878, auc@1 21.73, auc@5 50.67
2021-05-16 13:59:52,444:INFO:[Rank-1] train time 32.5256, epoch  76, step  25, loss 2.38575983, auc@1 37.05, auc@5 71.20, share 0, std_loss 0, 
2021-05-16 14:00:06,671:INFO:[Rank-1] val time 14.2241, epoch  76, step  20, loss 3.64706166, auc@1 17.46, auc@5 43.83
2021-05-16 14:00:39,301:INFO:[Rank-1] train time 32.6295, epoch  77, step  25, loss 2.38731718, auc@1 37.15, auc@5 71.21, share 0, std_loss 0, 
2021-05-16 14:00:53,348:INFO:[Rank-1] val time 14.0445, epoch  77, step  20, loss 3.94462416, auc@1 17.53, auc@5 42.50
2021-05-16 14:01:26,096:INFO:[Rank-1] train time 32.7470, epoch  78, step  25, loss 2.38676429, auc@1 37.23, auc@5 71.06, share 0, std_loss 0, 
2021-05-16 14:01:40,177:INFO:[Rank-1] val time 14.0758, epoch  78, step  20, loss 4.11051868, auc@1 15.57, auc@5 42.87
2021-05-16 14:02:12,584:INFO:[Rank-1] train time 32.4058, epoch  79, step  25, loss 2.38050294, auc@1 37.29, auc@5 71.02, share 0, std_loss 0, 
2021-05-16 14:02:26,807:INFO:[Rank-1] val time 14.2188, epoch  79, step  20, loss 3.48300272, auc@1 19.47, auc@5 46.36
2021-05-16 14:02:59,748:INFO:[Rank-1] train time 32.9406, epoch  80, step  25, loss 2.36928844, auc@1 37.46, auc@5 71.39, share 0, std_loss 0, 
2021-05-16 14:03:14,107:INFO:[Rank-1] val time 14.3539, epoch  80, step  20, loss 2.90784247, auc@1 28.01, auc@5 58.13
2021-05-16 14:03:47,519:INFO:[Rank-1] train time 33.4104, epoch  81, step  25, loss 2.15095210, auc@1 43.02, auc@5 76.14, share 0, std_loss 0, 
2021-05-16 14:04:01,711:INFO:[Rank-1] val time 14.1872, epoch  81, step  20, loss 2.02295468, auc@1 45.75, auc@5 78.02
2021-05-16 14:04:35,102:INFO:[Rank-1] train time 33.3891, epoch  82, step  25, loss 1.94319785, auc@1 48.19, auc@5 80.45, share 0, std_loss 0, 
2021-05-16 14:04:49,094:INFO:[Rank-1] val time 13.9886, epoch  82, step  20, loss 1.95135582, auc@1 47.86, auc@5 78.99
2021-05-16 14:05:21,681:INFO:[Rank-1] train time 32.5853, epoch  83, step  25, loss 1.87039995, auc@1 49.44, auc@5 81.65, share 0, std_loss 0, 
2021-05-16 14:05:35,892:INFO:[Rank-1] val time 14.2087, epoch  83, step  20, loss 1.87598112, auc@1 49.49, auc@5 80.74
2021-05-16 14:06:09,377:INFO:[Rank-1] train time 33.4825, epoch  84, step  25, loss 1.83025873, auc@1 50.60, auc@5 82.33, share 0, std_loss 0, 
2021-05-16 14:06:23,789:INFO:[Rank-1] val time 14.4071, epoch  84, step  20, loss 1.85432756, auc@1 50.19, auc@5 81.24
2021-05-16 14:06:56,638:INFO:[Rank-1] train time 32.8465, epoch  85, step  25, loss 1.79599988, auc@1 51.16, auc@5 82.80, share 0, std_loss 0, 
2021-05-16 14:07:11,222:INFO:[Rank-1] val time 14.5793, epoch  85, step  20, loss 1.81329613, auc@1 51.17, auc@5 81.68
2021-05-16 14:07:43,988:INFO:[Rank-1] train time 32.7651, epoch  86, step  25, loss 1.75976622, auc@1 52.30, auc@5 83.44, share 0, std_loss 0, 
2021-05-16 14:07:58,048:INFO:[Rank-1] val time 14.0570, epoch  86, step  20, loss 1.83608071, auc@1 50.10, auc@5 80.80
2021-05-16 14:08:30,746:INFO:[Rank-1] train time 32.6974, epoch  87, step  25, loss 1.73773956, auc@1 52.62, auc@5 83.78, share 0, std_loss 0, 
2021-05-16 14:08:44,792:INFO:[Rank-1] val time 14.0429, epoch  87, step  20, loss 1.79766374, auc@1 51.14, auc@5 81.90
2021-05-16 14:09:17,277:INFO:[Rank-1] train time 32.4798, epoch  88, step  25, loss 1.71237278, auc@1 53.30, auc@5 84.16, share 0, std_loss 0, 
2021-05-16 14:09:31,806:INFO:[Rank-1] val time 14.5240, epoch  88, step  20, loss 1.77819379, auc@1 51.86, auc@5 82.31
2021-05-16 14:10:04,256:INFO:[Rank-1] train time 32.4486, epoch  89, step  25, loss 1.69259393, auc@1 53.82, auc@5 84.53, share 0, std_loss 0, 
2021-05-16 14:10:18,277:INFO:[Rank-1] val time 14.0163, epoch  89, step  20, loss 1.81086929, auc@1 50.31, auc@5 81.13
2021-05-16 14:10:51,405:INFO:[Rank-1] train time 33.1257, epoch  90, step  25, loss 1.67470098, auc@1 54.17, auc@5 84.85, share 0, std_loss 0, 
2021-05-16 14:11:05,600:INFO:[Rank-1] val time 14.1930, epoch  90, step  20, loss 1.76054014, auc@1 51.91, auc@5 82.15
2021-05-16 14:11:38,266:INFO:[Rank-1] train time 32.6649, epoch  91, step  25, loss 1.65328777, auc@1 55.09, auc@5 85.18, share 0, std_loss 0, 
2021-05-16 14:11:52,599:INFO:[Rank-1] val time 14.3310, epoch  91, step  20, loss 1.74116679, auc@1 52.07, auc@5 82.66
2021-05-16 14:12:25,795:INFO:[Rank-1] train time 33.1952, epoch  92, step  25, loss 1.64152896, auc@1 55.23, auc@5 85.30, share 0, std_loss 0, 
2021-05-16 14:12:39,930:INFO:[Rank-1] val time 14.1313, epoch  92, step  20, loss 1.79362621, auc@1 51.15, auc@5 81.83
2021-05-16 14:13:12,672:INFO:[Rank-1] train time 32.7405, epoch  93, step  25, loss 1.61821282, auc@1 55.55, auc@5 85.68, share 0, std_loss 0, 
2021-05-16 14:13:26,909:INFO:[Rank-1] val time 14.2341, epoch  93, step  20, loss 1.75167547, auc@1 52.36, auc@5 82.36
2021-05-16 14:13:59,918:INFO:[Rank-1] train time 33.0082, epoch  94, step  25, loss 1.60400593, auc@1 56.09, auc@5 85.76, share 0, std_loss 0, 
2021-05-16 14:14:13,899:INFO:[Rank-1] val time 13.9779, epoch  94, step  20, loss 1.73670709, auc@1 52.37, auc@5 82.68
2021-05-16 14:14:46,350:INFO:[Rank-1] train time 32.4499, epoch  95, step  25, loss 1.59221220, auc@1 56.33, auc@5 85.91, share 0, std_loss 0, 
2021-05-16 14:15:00,593:INFO:[Rank-1] val time 14.2399, epoch  95, step  20, loss 1.73718935, auc@1 52.16, auc@5 82.29
2021-05-16 14:15:33,305:INFO:[Rank-1] train time 32.7113, epoch  96, step  25, loss 1.58119130, auc@1 56.70, auc@5 86.17, share 0, std_loss 0, 
2021-05-16 14:15:47,490:INFO:[Rank-1] val time 14.1821, epoch  96, step  20, loss 1.72226455, auc@1 52.93, auc@5 82.35
2021-05-16 14:16:20,430:INFO:[Rank-1] train time 32.9395, epoch  97, step  25, loss 1.56508338, auc@1 57.20, auc@5 86.53, share 0, std_loss 0, 
2021-05-16 14:16:35,114:INFO:[Rank-1] val time 14.6812, epoch  97, step  20, loss 1.83708245, auc@1 49.48, auc@5 80.29
2021-05-16 14:17:08,108:INFO:[Rank-1] train time 32.9926, epoch  98, step  25, loss 1.56739902, auc@1 56.96, auc@5 86.49, share 0, std_loss 0, 
2021-05-16 14:17:22,015:INFO:[Rank-1] val time 13.9042, epoch  98, step  20, loss 1.72007276, auc@1 52.90, auc@5 82.50
2021-05-16 14:17:54,333:INFO:[Rank-1] train time 32.3171, epoch  99, step  25, loss 1.54944909, auc@1 57.72, auc@5 86.73, share 0, std_loss 0, 
2021-05-16 14:18:08,647:INFO:[Rank-1] val time 14.3086, epoch  99, step  20, loss 1.74374127, auc@1 52.18, auc@5 82.36
2021-05-16 14:18:42,377:INFO:[Rank-1] train time 33.7199, epoch 100, step  25, loss 1.53742301, auc@1 57.83, auc@5 86.82, share 0, std_loss 0, 
2021-05-16 14:18:56,655:INFO:[Rank-1] val time 14.2745, epoch 100, step  20, loss 1.76572499, auc@1 51.62, auc@5 82.20
2021-05-16 14:19:30,003:INFO:[Rank-1] train time 33.3472, epoch 101, step  25, loss 1.52733028, auc@1 58.33, auc@5 87.05, share 0, std_loss 0, 
2021-05-16 14:19:44,064:INFO:[Rank-1] val time 14.0579, epoch 101, step  20, loss 1.70875322, auc@1 53.00, auc@5 82.37
2021-05-16 14:20:16,374:INFO:[Rank-1] train time 32.3082, epoch 102, step  25, loss 1.51720190, auc@1 58.38, auc@5 87.21, share 0, std_loss 0, 
2021-05-16 14:20:30,695:INFO:[Rank-1] val time 14.3185, epoch 102, step  20, loss 1.82363094, auc@1 50.35, auc@5 80.82
2021-05-16 14:21:03,257:INFO:[Rank-1] train time 32.5614, epoch 103, step  25, loss 1.50405371, auc@1 58.68, auc@5 87.32, share 0, std_loss 0, 
2021-05-16 14:21:17,503:INFO:[Rank-1] val time 14.2417, epoch 103, step  20, loss 1.68112904, auc@1 53.59, auc@5 83.61
2021-05-16 14:21:50,348:INFO:[Rank-1] train time 32.8429, epoch 104, step  25, loss 1.49392045, auc@1 58.98, auc@5 87.55, share 0, std_loss 0, 
2021-05-16 14:22:04,689:INFO:[Rank-1] val time 14.3388, epoch 104, step  20, loss 1.85157498, auc@1 49.73, auc@5 80.45
2021-05-16 14:22:37,432:INFO:[Rank-1] train time 32.7417, epoch 105, step  25, loss 1.48758781, auc@1 59.26, auc@5 87.69, share 0, std_loss 0, 
2021-05-16 14:22:51,657:INFO:[Rank-1] val time 14.2198, epoch 105, step  20, loss 1.66108410, auc@1 53.97, auc@5 83.90
2021-05-16 14:23:25,163:INFO:[Rank-1] train time 33.5048, epoch 106, step  25, loss 1.48109829, auc@1 59.18, auc@5 87.71, share 0, std_loss 0, 
2021-05-16 14:23:39,399:INFO:[Rank-1] val time 14.2338, epoch 106, step  20, loss 1.72809605, auc@1 52.64, auc@5 81.82
2021-05-16 14:24:12,592:INFO:[Rank-1] train time 33.1916, epoch 107, step  25, loss 1.46818972, auc@1 59.72, auc@5 87.91, share 0, std_loss 0, 
2021-05-16 14:24:26,902:INFO:[Rank-1] val time 14.3060, epoch 107, step  20, loss 1.70185324, auc@1 53.25, auc@5 83.15
2021-05-16 14:24:59,985:INFO:[Rank-1] train time 33.0819, epoch 108, step  25, loss 1.46548784, auc@1 59.74, auc@5 87.96, share 0, std_loss 0, 
2021-05-16 14:25:13,778:INFO:[Rank-1] val time 13.7883, epoch 108, step  20, loss 1.77205940, auc@1 51.85, auc@5 81.95
2021-05-16 14:25:46,750:INFO:[Rank-1] train time 32.9712, epoch 109, step  25, loss 1.46225762, auc@1 59.80, auc@5 88.00, share 0, std_loss 0, 
2021-05-16 14:26:00,509:INFO:[Rank-1] val time 13.7555, epoch 109, step  20, loss 2.02530526, auc@1 45.77, auc@5 77.45
2021-05-16 14:26:32,891:INFO:[Rank-1] train time 32.3813, epoch 110, step  25, loss 1.45541298, auc@1 60.27, auc@5 88.08, share 0, std_loss 0, 
2021-05-16 14:26:47,161:INFO:[Rank-1] val time 14.2609, epoch 110, step  20, loss 1.73216321, auc@1 52.37, auc@5 82.45
2021-05-16 14:27:20,518:INFO:[Rank-1] train time 33.3506, epoch 111, step  25, loss 1.43585730, auc@1 60.49, auc@5 88.39, share 0, std_loss 0, 
2021-05-16 14:27:34,612:INFO:[Rank-1] val time 14.0896, epoch 111, step  20, loss 1.71801491, auc@1 52.71, auc@5 82.35
2021-05-16 14:28:07,475:INFO:[Rank-1] train time 32.8614, epoch 112, step  25, loss 1.43995941, auc@1 60.45, auc@5 88.18, share 0, std_loss 0, 
2021-05-16 14:28:21,450:INFO:[Rank-1] val time 13.9729, epoch 112, step  20, loss 1.69774790, auc@1 53.51, auc@5 82.88
2021-05-16 14:28:53,871:INFO:[Rank-1] train time 32.4173, epoch 113, step  25, loss 1.42434561, auc@1 61.06, auc@5 88.56, share 0, std_loss 0, 
2021-05-16 14:29:07,967:INFO:[Rank-1] val time 14.0932, epoch 113, step  20, loss 1.89821282, auc@1 48.97, auc@5 79.00
2021-05-16 14:29:40,492:INFO:[Rank-1] train time 32.5243, epoch 114, step  25, loss 1.42510378, auc@1 60.94, auc@5 88.59, share 0, std_loss 0, 
2021-05-16 14:29:55,120:INFO:[Rank-1] val time 14.6225, epoch 114, step  20, loss 1.63806482, auc@1 54.61, auc@5 83.85
2021-05-16 14:30:28,217:INFO:[Rank-1] train time 33.0967, epoch 115, step  25, loss 1.41843283, auc@1 60.82, auc@5 88.77, share 0, std_loss 0, 
2021-05-16 14:30:42,507:INFO:[Rank-1] val time 14.2876, epoch 115, step  20, loss 1.70470668, auc@1 52.45, auc@5 83.17
2021-05-16 14:31:15,673:INFO:[Rank-1] train time 33.1642, epoch 116, step  25, loss 1.39964986, auc@1 61.56, auc@5 88.95, share 0, std_loss 0, 
2021-05-16 14:31:29,559:INFO:[Rank-1] val time 13.8815, epoch 116, step  20, loss 1.73827530, auc@1 52.75, auc@5 82.09
2021-05-16 14:32:02,226:INFO:[Rank-1] train time 32.6659, epoch 117, step  25, loss 1.40273666, auc@1 61.34, auc@5 88.74, share 0, std_loss 0, 
2021-05-16 14:32:16,314:INFO:[Rank-1] val time 14.0835, epoch 117, step  20, loss 1.68672490, auc@1 53.55, auc@5 83.07
2021-05-16 14:32:49,648:INFO:[Rank-1] train time 33.3326, epoch 118, step  25, loss 1.38778341, auc@1 61.80, auc@5 89.08, share 0, std_loss 0, 
2021-05-16 14:33:03,841:INFO:[Rank-1] val time 14.1846, epoch 118, step  20, loss 1.82710741, auc@1 51.21, auc@5 80.85
2021-05-16 14:33:36,717:INFO:[Rank-1] train time 32.8747, epoch 119, step  25, loss 1.39312315, auc@1 61.75, auc@5 89.04, share 0, std_loss 0, 
2021-05-16 14:33:50,582:INFO:[Rank-1] val time 13.8626, epoch 119, step  20, loss 1.80522612, auc@1 51.73, auc@5 80.82
2021-05-16 14:34:23,360:INFO:[Rank-1] train time 32.7771, epoch 120, step  25, loss 1.38697278, auc@1 62.03, auc@5 88.96, share 0, std_loss 0, 
2021-05-16 14:34:37,947:INFO:[Rank-1] val time 14.5837, epoch 120, step  20, loss 1.82262139, auc@1 50.40, auc@5 80.57
2021-05-16 14:35:10,994:INFO:[Rank-1] train time 33.0454, epoch 121, step  25, loss 1.37730670, auc@1 61.98, auc@5 89.17, share 0, std_loss 0, 
2021-05-16 14:35:25,339:INFO:[Rank-1] val time 14.3425, epoch 121, step  20, loss 2.04317851, auc@1 46.64, auc@5 76.51
2021-05-16 14:35:58,982:INFO:[Rank-1] train time 33.6414, epoch 122, step  25, loss 1.37503028, auc@1 62.13, auc@5 89.18, share 0, std_loss 0, 
2021-05-16 14:36:13,021:INFO:[Rank-1] val time 14.0341, epoch 122, step  20, loss 1.72714973, auc@1 53.35, auc@5 82.38
2021-05-16 14:36:46,014:INFO:[Rank-1] train time 32.9916, epoch 123, step  25, loss 1.36187375, auc@1 62.69, auc@5 89.35, share 0, std_loss 0, 
2021-05-16 14:36:59,875:INFO:[Rank-1] val time 13.8573, epoch 123, step  20, loss 1.91791490, auc@1 49.42, auc@5 78.60
2021-05-16 14:37:32,502:INFO:[Rank-1] train time 32.6249, epoch 124, step  25, loss 1.36465597, auc@1 62.53, auc@5 89.24, share 0, std_loss 0, 
2021-05-16 14:37:46,746:INFO:[Rank-1] val time 14.2392, epoch 124, step  20, loss 1.62997819, auc@1 55.03, auc@5 84.21
2021-05-16 14:38:19,426:INFO:[Rank-1] train time 32.6799, epoch 125, step  25, loss 1.35243428, auc@1 62.94, auc@5 89.55, share 0, std_loss 0, 
2021-05-16 14:38:33,632:INFO:[Rank-1] val time 14.2026, epoch 125, step  20, loss 1.69965644, auc@1 53.43, auc@5 82.99
2021-05-16 14:39:06,734:INFO:[Rank-1] train time 33.1012, epoch 126, step  25, loss 1.34957230, auc@1 63.02, auc@5 89.65, share 0, std_loss 0, 
2021-05-16 14:39:20,746:INFO:[Rank-1] val time 14.0096, epoch 126, step  20, loss 1.71339695, auc@1 53.13, auc@5 82.91
2021-05-16 14:39:52,992:INFO:[Rank-1] train time 32.2453, epoch 127, step  25, loss 1.34219825, auc@1 63.38, auc@5 89.70, share 0, std_loss 0, 
2021-05-16 14:40:07,031:INFO:[Rank-1] val time 14.0333, epoch 127, step  20, loss 1.70064634, auc@1 53.87, auc@5 83.32
2021-05-16 14:40:39,881:INFO:[Rank-1] train time 32.8492, epoch 128, step  25, loss 1.32412732, auc@1 63.85, auc@5 89.98, share 0, std_loss 0, 
2021-05-16 14:40:54,115:INFO:[Rank-1] val time 14.2295, epoch 128, step  20, loss 1.67044433, auc@1 53.94, auc@5 83.84
2021-05-16 14:41:27,524:INFO:[Rank-1] train time 33.4079, epoch 129, step  25, loss 1.31605077, auc@1 63.79, auc@5 90.01, share 0, std_loss 0, 
2021-05-16 14:41:41,793:INFO:[Rank-1] val time 14.2637, epoch 129, step  20, loss 1.71241409, auc@1 52.90, auc@5 82.85
2021-05-16 14:42:14,761:INFO:[Rank-1] train time 32.9668, epoch 130, step  25, loss 1.32210875, auc@1 63.83, auc@5 90.11, share 0, std_loss 0, 
2021-05-16 14:42:28,731:INFO:[Rank-1] val time 13.9655, epoch 130, step  20, loss 1.79869370, auc@1 51.22, auc@5 81.24
2021-05-16 14:43:01,295:INFO:[Rank-1] train time 32.5617, epoch 131, step  25, loss 1.31441784, auc@1 63.99, auc@5 90.19, share 0, std_loss 0, 
2021-05-16 14:43:15,342:INFO:[Rank-1] val time 14.0428, epoch 131, step  20, loss 2.04606300, auc@1 46.79, auc@5 76.60
2021-05-16 14:43:48,347:INFO:[Rank-1] train time 33.0032, epoch 132, step  25, loss 1.31206119, auc@1 63.92, auc@5 90.08, share 0, std_loss 0, 
2021-05-16 14:44:02,344:INFO:[Rank-1] val time 13.9913, epoch 132, step  20, loss 1.81643242, auc@1 51.62, auc@5 81.06
2021-05-16 14:44:35,461:INFO:[Rank-1] train time 33.1156, epoch 133, step  25, loss 1.30218089, auc@1 64.29, auc@5 90.14, share 0, std_loss 0, 
2021-05-16 14:44:49,689:INFO:[Rank-1] val time 14.2253, epoch 133, step  20, loss 1.69950606, auc@1 53.76, auc@5 82.62
2021-05-16 14:45:22,133:INFO:[Rank-1] train time 32.4426, epoch 134, step  25, loss 1.30108905, auc@1 64.39, auc@5 90.27, share 0, std_loss 0, 
2021-05-16 14:45:35,972:INFO:[Rank-1] val time 13.8341, epoch 134, step  20, loss 1.69578237, auc@1 53.80, auc@5 83.05
2021-05-16 14:46:08,194:INFO:[Rank-1] train time 32.2207, epoch 135, step  25, loss 1.30176592, auc@1 64.17, auc@5 90.26, share 0, std_loss 0, 
2021-05-16 14:46:21,838:INFO:[Rank-1] val time 13.6413, epoch 135, step  20, loss 1.78100698, auc@1 51.38, auc@5 81.48
2021-05-16 14:46:54,494:INFO:[Rank-1] train time 32.6548, epoch 136, step  25, loss 1.29129088, auc@1 64.48, auc@5 90.39, share 0, std_loss 0, 
2021-05-16 14:47:08,748:INFO:[Rank-1] val time 14.2501, epoch 136, step  20, loss 1.68174009, auc@1 53.74, auc@5 83.38
2021-05-16 14:47:41,235:INFO:[Rank-1] train time 32.4845, epoch 137, step  25, loss 1.28587484, auc@1 64.85, auc@5 90.26, share 0, std_loss 0, 
2021-05-16 14:47:55,476:INFO:[Rank-1] val time 14.2388, epoch 137, step  20, loss 1.65186758, auc@1 54.64, auc@5 84.00
2021-05-16 14:48:28,049:INFO:[Rank-1] train time 32.5711, epoch 138, step  25, loss 1.27562380, auc@1 64.96, auc@5 90.69, share 0, std_loss 0, 
2021-05-16 14:48:42,325:INFO:[Rank-1] val time 14.2723, epoch 138, step  20, loss 1.70503763, auc@1 53.71, auc@5 83.52
2021-05-16 14:49:15,514:INFO:[Rank-1] train time 33.1872, epoch 139, step  25, loss 1.26579595, auc@1 65.27, auc@5 90.89, share 0, std_loss 0, 
2021-05-16 14:49:29,717:INFO:[Rank-1] val time 14.1977, epoch 139, step  20, loss 1.55751234, auc@1 56.77, auc@5 85.32
2021-05-16 14:50:02,744:INFO:[Rank-1] train time 33.0219, epoch 140, step  25, loss 1.25324452, auc@1 65.78, auc@5 90.88, share 0, std_loss 0, 
2021-05-16 14:50:16,697:INFO:[Rank-1] val time 13.9508, epoch 140, step  20, loss 1.67436226, auc@1 54.54, auc@5 83.17
2021-05-16 14:50:50,101:INFO:[Rank-1] train time 33.4027, epoch 141, step  25, loss 1.25733471, auc@1 65.78, auc@5 90.74, share 0, std_loss 0, 
2021-05-16 14:51:03,737:INFO:[Rank-1] val time 13.6324, epoch 141, step  20, loss 1.67181053, auc@1 54.68, auc@5 83.66
2021-05-16 14:51:36,252:INFO:[Rank-1] train time 32.5130, epoch 142, step  25, loss 1.24572730, auc@1 65.82, auc@5 90.97, share 0, std_loss 0, 
2021-05-16 14:51:50,483:INFO:[Rank-1] val time 14.2270, epoch 142, step  20, loss 1.63048138, auc@1 56.04, auc@5 84.09
2021-05-16 14:52:23,023:INFO:[Rank-1] train time 32.5390, epoch 143, step  25, loss 1.25055170, auc@1 65.70, auc@5 90.96, share 0, std_loss 0, 
2021-05-16 14:52:36,993:INFO:[Rank-1] val time 13.9654, epoch 143, step  20, loss 1.83505345, auc@1 51.82, auc@5 80.19
2021-05-16 14:53:09,535:INFO:[Rank-1] train time 32.5412, epoch 144, step  25, loss 1.23701549, auc@1 66.09, auc@5 91.12, share 0, std_loss 0, 
2021-05-16 14:53:24,172:INFO:[Rank-1] val time 14.6341, epoch 144, step  20, loss 1.79887316, auc@1 51.89, auc@5 81.79
2021-05-16 14:53:57,244:INFO:[Rank-1] train time 33.0696, epoch 145, step  25, loss 1.23257792, auc@1 66.22, auc@5 91.20, share 0, std_loss 0, 
2021-05-16 14:54:11,466:INFO:[Rank-1] val time 14.2170, epoch 145, step  20, loss 1.61659248, auc@1 56.15, auc@5 84.69
2021-05-16 14:54:44,148:INFO:[Rank-1] train time 32.6813, epoch 146, step  25, loss 1.22482002, auc@1 66.63, auc@5 91.29, share 0, std_loss 0, 
2021-05-16 14:54:58,019:INFO:[Rank-1] val time 13.8686, epoch 146, step  20, loss 1.74628317, auc@1 53.61, auc@5 81.75
2021-05-16 14:55:30,449:INFO:[Rank-1] train time 32.4284, epoch 147, step  25, loss 1.22042310, auc@1 66.54, auc@5 91.41, share 0, std_loss 0, 
2021-05-16 14:55:44,714:INFO:[Rank-1] val time 14.2602, epoch 147, step  20, loss 1.77833856, auc@1 52.75, auc@5 81.32
2021-05-16 14:56:17,489:INFO:[Rank-1] train time 32.7740, epoch 148, step  25, loss 1.22164595, auc@1 66.66, auc@5 91.56, share 0, std_loss 0, 
2021-05-16 14:56:31,335:INFO:[Rank-1] val time 13.8424, epoch 148, step  20, loss 1.74541642, auc@1 52.92, auc@5 82.12
2021-05-16 14:57:03,928:INFO:[Rank-1] train time 32.5910, epoch 149, step  25, loss 1.21061933, auc@1 66.83, auc@5 91.52, share 0, std_loss 0, 
2021-05-16 14:57:17,647:INFO:[Rank-1] val time 13.7138, epoch 149, step  20, loss 1.80124412, auc@1 51.10, auc@5 82.15
2021-05-16 14:57:50,355:INFO:[Rank-1] train time 32.7068, epoch 150, step  25, loss 1.21314764, auc@1 66.85, auc@5 91.35, share 0, std_loss 0, 
2021-05-16 14:58:04,318:INFO:[Rank-1] val time 13.9581, epoch 150, step  20, loss 1.62046076, auc@1 55.99, auc@5 84.35
2021-05-16 14:58:37,019:INFO:[Rank-1] train time 32.6997, epoch 151, step  25, loss 1.20611024, auc@1 66.99, auc@5 91.55, share 0, std_loss 0, 
2021-05-16 14:58:51,329:INFO:[Rank-1] val time 14.3086, epoch 151, step  20, loss 1.78353070, auc@1 52.17, auc@5 81.44
2021-05-16 14:59:23,667:INFO:[Rank-1] train time 32.3371, epoch 152, step  25, loss 1.20257378, auc@1 67.10, auc@5 91.65, share 0, std_loss 0, 
2021-05-16 14:59:38,082:INFO:[Rank-1] val time 14.4118, epoch 152, step  20, loss 1.91827485, auc@1 49.80, auc@5 79.50
2021-05-16 15:00:10,962:INFO:[Rank-1] train time 32.8785, epoch 153, step  25, loss 1.19088364, auc@1 67.32, auc@5 91.86, share 0, std_loss 0, 
2021-05-16 15:00:25,483:INFO:[Rank-1] val time 14.5164, epoch 153, step  20, loss 1.84244918, auc@1 51.30, auc@5 80.82
2021-05-16 15:00:58,804:INFO:[Rank-1] train time 33.3199, epoch 154, step  25, loss 1.19128966, auc@1 67.16, auc@5 91.87, share 0, std_loss 0, 
2021-05-16 15:01:12,731:INFO:[Rank-1] val time 13.9239, epoch 154, step  20, loss 1.92492665, auc@1 49.81, auc@5 78.95
2021-05-16 15:01:46,325:INFO:[Rank-1] train time 33.5928, epoch 155, step  25, loss 1.17910945, auc@1 67.75, auc@5 91.97, share 0, std_loss 0, 
2021-05-16 15:02:00,468:INFO:[Rank-1] val time 14.1407, epoch 155, step  20, loss 1.64443095, auc@1 55.26, auc@5 84.49
2021-05-16 15:02:33,137:INFO:[Rank-1] train time 32.6680, epoch 156, step  25, loss 1.16996002, auc@1 67.89, auc@5 91.99, share 0, std_loss 0, 
2021-05-16 15:02:47,014:INFO:[Rank-1] val time 13.8739, epoch 156, step  20, loss 1.77278040, auc@1 53.40, auc@5 81.66
2021-05-16 15:03:19,811:INFO:[Rank-1] train time 32.7968, epoch 157, step  25, loss 1.16639125, auc@1 68.15, auc@5 92.05, share 0, std_loss 0, 
2021-05-16 15:03:34,247:INFO:[Rank-1] val time 14.4334, epoch 157, step  20, loss 2.02515932, auc@1 47.51, auc@5 76.95
2021-05-16 15:04:06,733:INFO:[Rank-1] train time 32.4848, epoch 158, step  25, loss 1.16034102, auc@1 68.22, auc@5 92.01, share 0, std_loss 0, 
2021-05-16 15:04:20,836:INFO:[Rank-1] val time 14.0981, epoch 158, step  20, loss 1.76933663, auc@1 53.41, auc@5 81.71
2021-05-16 15:04:54,102:INFO:[Rank-1] train time 33.2649, epoch 159, step  25, loss 1.16474998, auc@1 68.06, auc@5 92.03, share 0, std_loss 0, 
2021-05-16 15:05:08,178:INFO:[Rank-1] val time 14.0713, epoch 159, step  20, loss 1.88212665, auc@1 50.57, auc@5 79.82
2021-05-16 15:05:40,881:INFO:[Rank-1] train time 32.7018, epoch 160, step  25, loss 1.16050708, auc@1 68.42, auc@5 92.16, share 0, std_loss 0, 
2021-05-16 15:05:55,334:INFO:[Rank-1] val time 14.4482, epoch 160, step  20, loss 1.88003376, auc@1 50.79, auc@5 80.60
2021-05-16 15:06:27,939:INFO:[Rank-1] train time 32.6040, epoch 161, step  25, loss 1.05680156, auc@1 71.29, auc@5 93.26, share 0, std_loss 0, 
2021-05-16 15:06:41,963:INFO:[Rank-1] val time 14.0200, epoch 161, step  20, loss 1.26480261, auc@1 64.58, auc@5 89.16
2021-05-16 15:07:14,828:INFO:[Rank-1] train time 32.8628, epoch 162, step  25, loss 0.94175798, auc@1 74.89, auc@5 94.67, share 0, std_loss 0, 
2021-05-16 15:07:29,251:INFO:[Rank-1] val time 14.4178, epoch 162, step  20, loss 1.21699415, auc@1 66.26, auc@5 90.04
2021-05-16 15:08:02,317:INFO:[Rank-1] train time 33.0646, epoch 163, step  25, loss 0.89967102, auc@1 76.12, auc@5 95.01, share 0, std_loss 0, 
2021-05-16 15:08:16,149:INFO:[Rank-1] val time 13.8281, epoch 163, step  20, loss 1.19866297, auc@1 66.45, auc@5 90.24
2021-05-16 15:08:48,837:INFO:[Rank-1] train time 32.6866, epoch 164, step  25, loss 0.87889415, auc@1 76.77, auc@5 95.38, share 0, std_loss 0, 
2021-05-16 15:09:03,148:INFO:[Rank-1] val time 14.3066, epoch 164, step  20, loss 1.19452219, auc@1 66.66, auc@5 90.14
2021-05-16 15:09:36,701:INFO:[Rank-1] train time 33.5511, epoch 165, step  25, loss 0.85956866, auc@1 77.39, auc@5 95.64, share 0, std_loss 0, 
2021-05-16 15:09:50,459:INFO:[Rank-1] val time 13.7563, epoch 165, step  20, loss 1.19108300, auc@1 66.77, auc@5 90.35
2021-05-16 15:10:23,176:INFO:[Rank-1] train time 32.7158, epoch 166, step  25, loss 0.85125422, auc@1 77.54, auc@5 95.63, share 0, std_loss 0, 
2021-05-16 15:10:37,341:INFO:[Rank-1] val time 14.1622, epoch 166, step  20, loss 1.17838301, auc@1 67.30, auc@5 90.45
2021-05-16 15:11:10,174:INFO:[Rank-1] train time 32.8326, epoch 167, step  25, loss 0.83755803, auc@1 78.09, auc@5 95.74, share 0, std_loss 0, 
2021-05-16 15:11:24,111:INFO:[Rank-1] val time 13.9310, epoch 167, step  20, loss 1.17695372, auc@1 67.29, auc@5 90.34
2021-05-16 15:11:56,815:INFO:[Rank-1] train time 32.7032, epoch 168, step  25, loss 0.82370692, auc@1 78.49, auc@5 95.92, share 0, std_loss 0, 
2021-05-16 15:12:11,058:INFO:[Rank-1] val time 14.2386, epoch 168, step  20, loss 1.17054162, auc@1 67.38, auc@5 90.41
2021-05-16 15:12:44,122:INFO:[Rank-1] train time 33.0633, epoch 169, step  25, loss 0.81709367, auc@1 78.52, auc@5 95.98, share 0, std_loss 0, 
2021-05-16 15:12:58,288:INFO:[Rank-1] val time 14.1625, epoch 169, step  20, loss 1.17365627, auc@1 67.29, auc@5 90.47
2021-05-16 15:13:31,507:INFO:[Rank-1] train time 33.2180, epoch 170, step  25, loss 0.80266327, auc@1 79.09, auc@5 96.24, share 0, std_loss 0, 
2021-05-16 15:13:45,965:INFO:[Rank-1] val time 14.4546, epoch 170, step  20, loss 1.17558658, auc@1 67.31, auc@5 90.36
2021-05-16 15:14:18,782:INFO:[Rank-1] train time 32.8163, epoch 171, step  25, loss 0.79975259, auc@1 79.10, auc@5 96.11, share 0, std_loss 0, 
2021-05-16 15:14:32,966:INFO:[Rank-1] val time 14.1813, epoch 171, step  20, loss 1.16008089, auc@1 67.42, auc@5 90.75
2021-05-16 15:15:05,867:INFO:[Rank-1] train time 32.9000, epoch 172, step  25, loss 0.79260087, auc@1 79.37, auc@5 96.24, share 0, std_loss 0, 
2021-05-16 15:15:19,726:INFO:[Rank-1] val time 13.8547, epoch 172, step  20, loss 1.16316417, auc@1 67.62, auc@5 90.71
2021-05-16 15:15:52,547:INFO:[Rank-1] train time 32.8202, epoch 173, step  25, loss 0.78585982, auc@1 79.68, auc@5 96.33, share 0, std_loss 0, 
2021-05-16 15:16:06,517:INFO:[Rank-1] val time 13.9660, epoch 173, step  20, loss 1.15893300, auc@1 67.74, auc@5 90.57
2021-05-16 15:16:39,420:INFO:[Rank-1] train time 32.9012, epoch 174, step  25, loss 0.77899665, auc@1 79.81, auc@5 96.27, share 0, std_loss 0, 
2021-05-16 15:16:53,772:INFO:[Rank-1] val time 14.3466, epoch 174, step  20, loss 1.16169704, auc@1 67.49, auc@5 90.48
2021-05-16 15:17:26,537:INFO:[Rank-1] train time 32.7627, epoch 175, step  25, loss 0.77178478, auc@1 79.94, auc@5 96.40, share 0, std_loss 0, 
2021-05-16 15:17:40,431:INFO:[Rank-1] val time 13.8895, epoch 175, step  20, loss 1.15330799, auc@1 67.72, auc@5 90.83
2021-05-16 15:18:12,719:INFO:[Rank-1] train time 32.2869, epoch 176, step  25, loss 0.76620352, auc@1 80.33, auc@5 96.36, share 0, std_loss 0, 
2021-05-16 15:18:26,785:INFO:[Rank-1] val time 14.0609, epoch 176, step  20, loss 1.15093554, auc@1 67.99, auc@5 90.81
2021-05-16 15:18:59,772:INFO:[Rank-1] train time 32.9865, epoch 177, step  25, loss 0.75681055, auc@1 80.48, auc@5 96.54, share 0, std_loss 0, 
2021-05-16 15:19:14,079:INFO:[Rank-1] val time 14.3025, epoch 177, step  20, loss 1.15555221, auc@1 67.81, auc@5 90.52
2021-05-16 15:19:46,656:INFO:[Rank-1] train time 32.5759, epoch 178, step  25, loss 0.75387865, auc@1 80.64, auc@5 96.58, share 0, std_loss 0, 
2021-05-16 15:20:00,673:INFO:[Rank-1] val time 14.0119, epoch 178, step  20, loss 1.15083113, auc@1 67.73, auc@5 90.57
2021-05-16 15:20:33,226:INFO:[Rank-1] train time 32.5528, epoch 179, step  25, loss 0.74764013, auc@1 80.63, auc@5 96.63, share 0, std_loss 0, 
2021-05-16 15:20:47,746:INFO:[Rank-1] val time 14.5170, epoch 179, step  20, loss 1.15100822, auc@1 67.96, auc@5 90.72
2021-05-16 15:21:20,689:INFO:[Rank-1] train time 32.9423, epoch 180, step  25, loss 0.74234873, auc@1 80.86, auc@5 96.78, share 0, std_loss 0, 
2021-05-16 15:21:34,640:INFO:[Rank-1] val time 13.9472, epoch 180, step  20, loss 1.15854184, auc@1 67.95, auc@5 90.58
2021-05-16 15:22:07,208:INFO:[Rank-1] train time 32.5662, epoch 181, step  25, loss 0.72922283, auc@1 81.17, auc@5 96.87, share 0, std_loss 0, 
2021-05-16 15:22:21,800:INFO:[Rank-1] val time 14.5867, epoch 181, step  20, loss 1.14912984, auc@1 68.05, auc@5 90.75
2021-05-16 15:22:54,383:INFO:[Rank-1] train time 32.5822, epoch 182, step  25, loss 0.72910190, auc@1 81.45, auc@5 96.67, share 0, std_loss 0, 
2021-05-16 15:23:08,313:INFO:[Rank-1] val time 13.9242, epoch 182, step  20, loss 1.14998674, auc@1 67.58, auc@5 90.58
2021-05-16 15:23:41,102:INFO:[Rank-1] train time 32.7870, epoch 183, step  25, loss 0.72737437, auc@1 81.34, auc@5 96.78, share 0, std_loss 0, 
2021-05-16 15:23:55,185:INFO:[Rank-1] val time 14.0786, epoch 183, step  20, loss 1.15017729, auc@1 68.05, auc@5 90.70
2021-05-16 15:24:28,102:INFO:[Rank-1] train time 32.9155, epoch 184, step  25, loss 0.71668929, auc@1 81.82, auc@5 96.87, share 0, std_loss 0, 
2021-05-16 15:24:42,551:INFO:[Rank-1] val time 14.4457, epoch 184, step  20, loss 1.13976604, auc@1 68.09, auc@5 91.00
2021-05-16 15:25:15,236:INFO:[Rank-1] train time 32.6845, epoch 185, step  25, loss 0.71460950, auc@1 81.71, auc@5 96.94, share 0, std_loss 0, 
2021-05-16 15:25:29,169:INFO:[Rank-1] val time 13.9300, epoch 185, step  20, loss 1.14979361, auc@1 68.24, auc@5 90.76
2021-05-16 15:26:02,318:INFO:[Rank-1] train time 33.1475, epoch 186, step  25, loss 0.70820647, auc@1 81.93, auc@5 96.96, share 0, std_loss 0, 
2021-05-16 15:26:16,126:INFO:[Rank-1] val time 13.8032, epoch 186, step  20, loss 1.13989038, auc@1 68.42, auc@5 90.74
2021-05-16 15:26:48,807:INFO:[Rank-1] train time 32.6794, epoch 187, step  25, loss 0.70507139, auc@1 82.01, auc@5 97.01, share 0, std_loss 0, 
2021-05-16 15:27:02,913:INFO:[Rank-1] val time 14.1012, epoch 187, step  20, loss 1.14344441, auc@1 68.08, auc@5 90.83
2021-05-16 15:27:35,857:INFO:[Rank-1] train time 32.9423, epoch 188, step  25, loss 0.69810867, auc@1 82.48, auc@5 97.05, share 0, std_loss 0, 
2021-05-16 15:27:49,664:INFO:[Rank-1] val time 13.8043, epoch 188, step  20, loss 1.14387683, auc@1 68.27, auc@5 91.10
2021-05-16 15:28:22,389:INFO:[Rank-1] train time 32.7234, epoch 189, step  25, loss 0.69382167, auc@1 82.47, auc@5 97.11, share 0, std_loss 0, 
2021-05-16 15:28:36,799:INFO:[Rank-1] val time 14.4054, epoch 189, step  20, loss 1.14504209, auc@1 68.02, auc@5 91.00
2021-05-16 15:29:09,978:INFO:[Rank-1] train time 33.1771, epoch 190, step  25, loss 0.68705368, auc@1 82.44, auc@5 97.24, share 0, std_loss 0, 
2021-05-16 15:29:24,092:INFO:[Rank-1] val time 14.1113, epoch 190, step  20, loss 1.13846210, auc@1 68.65, auc@5 90.95
2021-05-16 15:29:56,660:INFO:[Rank-1] train time 32.5673, epoch 191, step  25, loss 0.68270361, auc@1 82.81, auc@5 97.22, share 0, std_loss 0, 
2021-05-16 15:30:10,972:INFO:[Rank-1] val time 14.3070, epoch 191, step  20, loss 1.14271667, auc@1 68.74, auc@5 90.69
2021-05-16 15:30:44,388:INFO:[Rank-1] train time 33.4140, epoch 192, step  25, loss 0.68078405, auc@1 82.65, auc@5 97.26, share 0, std_loss 0, 
2021-05-16 15:30:59,030:INFO:[Rank-1] val time 14.6378, epoch 192, step  20, loss 1.13559788, auc@1 68.62, auc@5 90.99
2021-05-16 15:31:32,098:INFO:[Rank-1] train time 33.0660, epoch 193, step  25, loss 0.67758697, auc@1 82.79, auc@5 97.25, share 0, std_loss 0, 
2021-05-16 15:31:46,208:INFO:[Rank-1] val time 14.1050, epoch 193, step  20, loss 1.14509061, auc@1 68.24, auc@5 90.78
2021-05-16 15:32:18,859:INFO:[Rank-1] train time 32.6501, epoch 194, step  25, loss 0.66980338, auc@1 83.05, auc@5 97.26, share 0, std_loss 0, 
2021-05-16 15:32:32,906:INFO:[Rank-1] val time 14.0439, epoch 194, step  20, loss 1.13504601, auc@1 68.71, auc@5 90.88
2021-05-16 15:33:05,396:INFO:[Rank-1] train time 32.4887, epoch 195, step  25, loss 0.66529477, auc@1 83.22, auc@5 97.35, share 0, std_loss 0, 
2021-05-16 15:33:19,532:INFO:[Rank-1] val time 14.1337, epoch 195, step  20, loss 1.14193448, auc@1 68.63, auc@5 90.88
2021-05-16 15:33:52,721:INFO:[Rank-1] train time 33.1873, epoch 196, step  25, loss 0.66549224, auc@1 83.20, auc@5 97.29, share 0, std_loss 0, 
2021-05-16 15:34:06,794:INFO:[Rank-1] val time 14.0683, epoch 196, step  20, loss 1.14641774, auc@1 68.35, auc@5 90.54
2021-05-16 15:34:39,489:INFO:[Rank-1] train time 32.6942, epoch 197, step  25, loss 0.65956044, auc@1 83.44, auc@5 97.36, share 0, std_loss 0, 
2021-05-16 15:34:53,581:INFO:[Rank-1] val time 14.0894, epoch 197, step  20, loss 1.13615336, auc@1 68.58, auc@5 90.66
2021-05-16 15:35:26,824:INFO:[Rank-1] train time 33.2412, epoch 198, step  25, loss 0.65477002, auc@1 83.56, auc@5 97.35, share 0, std_loss 0, 
2021-05-16 15:35:40,962:INFO:[Rank-1] val time 14.1332, epoch 198, step  20, loss 1.13881305, auc@1 68.58, auc@5 90.94
2021-05-16 15:36:13,892:INFO:[Rank-1] train time 32.9292, epoch 199, step  25, loss 0.64679664, auc@1 83.80, auc@5 97.56, share 0, std_loss 0, 
2021-05-16 15:36:28,210:INFO:[Rank-1] val time 14.3135, epoch 199, step  20, loss 1.14507083, auc@1 68.12, auc@5 90.67
2021-05-16 15:37:01,545:INFO:[Rank-1] train time 33.3334, epoch 200, step  25, loss 0.64495170, auc@1 83.82, auc@5 97.47, share 0, std_loss 0, 
2021-05-16 15:37:15,874:INFO:[Rank-1] val time 14.3248, epoch 200, step  20, loss 1.13192006, auc@1 68.73, auc@5 90.92
2021-05-16 15:37:48,687:INFO:[Rank-1] train time 32.8106, epoch 201, step  25, loss 0.63825232, auc@1 84.04, auc@5 97.63, share 0, std_loss 0, 
2021-05-16 15:38:02,971:INFO:[Rank-1] val time 14.2788, epoch 201, step  20, loss 1.12557630, auc@1 68.81, auc@5 91.01
2021-05-16 15:38:36,018:INFO:[Rank-1] train time 33.0451, epoch 202, step  25, loss 0.63474876, auc@1 84.09, auc@5 97.59, share 0, std_loss 0, 
2021-05-16 15:38:49,885:INFO:[Rank-1] val time 13.8641, epoch 202, step  20, loss 1.14777094, auc@1 68.17, auc@5 90.72
2021-05-16 15:39:22,810:INFO:[Rank-1] train time 32.9233, epoch 203, step  25, loss 0.63262314, auc@1 84.12, auc@5 97.60, share 0, std_loss 0, 
2021-05-16 15:39:37,095:INFO:[Rank-1] val time 14.2810, epoch 203, step  20, loss 1.15763639, auc@1 68.21, auc@5 90.69
2021-05-16 15:40:10,169:INFO:[Rank-1] train time 33.0727, epoch 204, step  25, loss 0.62432134, auc@1 84.64, auc@5 97.70, share 0, std_loss 0, 
2021-05-16 15:40:24,219:INFO:[Rank-1] val time 14.0474, epoch 204, step  20, loss 1.14144109, auc@1 68.58, auc@5 90.80
2021-05-16 15:40:56,943:INFO:[Rank-1] train time 32.7237, epoch 205, step  25, loss 0.62419420, auc@1 84.55, auc@5 97.69, share 0, std_loss 0, 
2021-05-16 15:41:11,204:INFO:[Rank-1] val time 14.2563, epoch 205, step  20, loss 1.14682381, auc@1 68.25, auc@5 90.80
2021-05-16 15:41:44,072:INFO:[Rank-1] train time 32.8661, epoch 206, step  25, loss 0.62031490, auc@1 84.62, auc@5 97.76, share 0, std_loss 0, 
2021-05-16 15:41:57,951:INFO:[Rank-1] val time 13.8751, epoch 206, step  20, loss 1.13524543, auc@1 68.55, auc@5 90.84
2021-05-16 15:42:30,507:INFO:[Rank-1] train time 32.5544, epoch 207, step  25, loss 0.61465997, auc@1 84.66, auc@5 97.84, share 0, std_loss 0, 
2021-05-16 15:42:44,296:INFO:[Rank-1] val time 13.7859, epoch 207, step  20, loss 1.14396778, auc@1 68.24, auc@5 90.82
2021-05-16 15:43:17,382:INFO:[Rank-1] train time 33.0842, epoch 208, step  25, loss 0.60955960, auc@1 85.00, auc@5 97.90, share 0, std_loss 0, 
2021-05-16 15:43:31,573:INFO:[Rank-1] val time 14.1867, epoch 208, step  20, loss 1.13915008, auc@1 68.52, auc@5 90.66
2021-05-16 15:44:04,317:INFO:[Rank-1] train time 32.7420, epoch 209, step  25, loss 0.60498506, auc@1 85.08, auc@5 97.95, share 0, std_loss 0, 
2021-05-16 15:44:18,407:INFO:[Rank-1] val time 14.0857, epoch 209, step  20, loss 1.14885750, auc@1 68.40, auc@5 90.94
2021-05-16 15:44:51,510:INFO:[Rank-1] train time 33.1021, epoch 210, step  25, loss 0.59960538, auc@1 85.14, auc@5 97.94, share 0, std_loss 0, 
2021-05-16 15:45:05,537:INFO:[Rank-1] val time 14.0243, epoch 210, step  20, loss 1.13465797, auc@1 68.71, auc@5 90.78
2021-05-16 15:45:38,126:INFO:[Rank-1] train time 32.5871, epoch 211, step  25, loss 0.59714985, auc@1 85.18, auc@5 97.96, share 0, std_loss 0, 
2021-05-16 15:45:52,001:INFO:[Rank-1] val time 13.8725, epoch 211, step  20, loss 1.14247877, auc@1 68.69, auc@5 90.80
2021-05-16 15:46:24,623:INFO:[Rank-1] train time 32.6212, epoch 212, step  25, loss 0.59518164, auc@1 85.40, auc@5 97.89, share 0, std_loss 0, 
2021-05-16 15:46:38,625:INFO:[Rank-1] val time 13.9999, epoch 212, step  20, loss 1.12702145, auc@1 69.00, auc@5 91.15
2021-05-16 15:47:11,345:INFO:[Rank-1] train time 32.7176, epoch 213, step  25, loss 0.59358513, auc@1 85.43, auc@5 97.93, share 0, std_loss 0, 
2021-05-16 15:47:25,533:INFO:[Rank-1] val time 14.1854, epoch 213, step  20, loss 1.14554395, auc@1 68.25, auc@5 90.79
2021-05-16 15:47:58,244:INFO:[Rank-1] train time 32.7106, epoch 214, step  25, loss 0.58769083, auc@1 85.77, auc@5 97.95, share 0, std_loss 0, 
2021-05-16 15:48:12,973:INFO:[Rank-1] val time 14.7249, epoch 214, step  20, loss 1.13156233, auc@1 69.03, auc@5 90.89
2021-05-16 15:48:45,678:INFO:[Rank-1] train time 32.7036, epoch 215, step  25, loss 0.58560055, auc@1 85.77, auc@5 98.04, share 0, std_loss 0, 
2021-05-16 15:48:59,513:INFO:[Rank-1] val time 13.8303, epoch 215, step  20, loss 1.12316993, auc@1 69.15, auc@5 90.97
2021-05-16 15:49:32,638:INFO:[Rank-1] train time 33.1240, epoch 216, step  25, loss 0.58135396, auc@1 85.97, auc@5 98.07, share 0, std_loss 0, 
2021-05-16 15:49:46,679:INFO:[Rank-1] val time 14.0361, epoch 216, step  20, loss 1.13992490, auc@1 68.86, auc@5 90.80
2021-05-16 15:50:19,813:INFO:[Rank-1] train time 33.1323, epoch 217, step  25, loss 0.57859242, auc@1 85.84, auc@5 98.03, share 0, std_loss 0, 
2021-05-16 15:50:33,748:INFO:[Rank-1] val time 13.9304, epoch 217, step  20, loss 1.13321263, auc@1 69.11, auc@5 91.01
2021-05-16 15:51:07,042:INFO:[Rank-1] train time 33.2925, epoch 218, step  25, loss 0.57538772, auc@1 86.08, auc@5 98.10, share 0, std_loss 0, 
2021-05-16 15:51:21,081:INFO:[Rank-1] val time 14.0363, epoch 218, step  20, loss 1.13757349, auc@1 68.74, auc@5 91.00
2021-05-16 15:51:54,262:INFO:[Rank-1] train time 33.1782, epoch 219, step  25, loss 0.56698287, auc@1 86.18, auc@5 98.13, share 0, std_loss 0, 
2021-05-16 15:52:08,629:INFO:[Rank-1] val time 14.3620, epoch 219, step  20, loss 1.13120958, auc@1 69.31, auc@5 90.85
2021-05-16 15:52:41,492:INFO:[Rank-1] train time 32.8618, epoch 220, step  25, loss 0.56228560, auc@1 86.53, auc@5 98.21, share 0, std_loss 0, 
2021-05-16 15:52:55,983:INFO:[Rank-1] val time 14.4886, epoch 220, step  20, loss 1.12851535, auc@1 69.01, auc@5 90.90
2021-05-16 15:53:28,428:INFO:[Rank-1] train time 32.4445, epoch 221, step  25, loss 0.56226194, auc@1 86.36, auc@5 98.28, share 0, std_loss 0, 
2021-05-16 15:53:42,558:INFO:[Rank-1] val time 14.1250, epoch 221, step  20, loss 1.12722660, auc@1 69.05, auc@5 91.01
2021-05-16 15:54:15,045:INFO:[Rank-1] train time 32.4854, epoch 222, step  25, loss 0.55370200, auc@1 86.69, auc@5 98.29, share 0, std_loss 0, 
2021-05-16 15:54:29,471:INFO:[Rank-1] val time 14.4216, epoch 222, step  20, loss 1.13139744, auc@1 68.81, auc@5 90.71
2021-05-16 15:55:02,097:INFO:[Rank-1] train time 32.6254, epoch 223, step  25, loss 0.55067259, auc@1 86.71, auc@5 98.34, share 0, std_loss 0, 
2021-05-16 15:55:15,997:INFO:[Rank-1] val time 13.8962, epoch 223, step  20, loss 1.13248725, auc@1 68.85, auc@5 90.71
2021-05-16 15:55:48,471:INFO:[Rank-1] train time 32.4728, epoch 224, step  25, loss 0.54592407, auc@1 87.00, auc@5 98.32, share 0, std_loss 0, 
2021-05-16 15:56:03,038:INFO:[Rank-1] val time 14.5651, epoch 224, step  20, loss 1.13961791, auc@1 68.78, auc@5 90.71
2021-05-16 15:56:36,062:INFO:[Rank-1] train time 33.0228, epoch 225, step  25, loss 0.54513949, auc@1 87.03, auc@5 98.32, share 0, std_loss 0, 
2021-05-16 15:56:50,278:INFO:[Rank-1] val time 14.2133, epoch 225, step  20, loss 1.12703998, auc@1 69.32, auc@5 90.89
2021-05-16 15:57:22,790:INFO:[Rank-1] train time 32.5115, epoch 226, step  25, loss 0.54291862, auc@1 87.14, auc@5 98.32, share 0, std_loss 0, 
2021-05-16 15:57:37,147:INFO:[Rank-1] val time 14.3535, epoch 226, step  20, loss 1.13979242, auc@1 68.92, auc@5 91.22
2021-05-16 15:58:09,993:INFO:[Rank-1] train time 32.8447, epoch 227, step  25, loss 0.53857350, auc@1 87.18, auc@5 98.38, share 0, std_loss 0, 
2021-05-16 15:58:24,258:INFO:[Rank-1] val time 14.2614, epoch 227, step  20, loss 1.12974940, auc@1 68.98, auc@5 91.02
2021-05-16 15:58:56,903:INFO:[Rank-1] train time 32.6438, epoch 228, step  25, loss 0.53584081, auc@1 87.26, auc@5 98.47, share 0, std_loss 0, 
2021-05-16 15:59:10,750:INFO:[Rank-1] val time 13.8433, epoch 228, step  20, loss 1.13104662, auc@1 69.37, auc@5 90.91
2021-05-16 15:59:43,158:INFO:[Rank-1] train time 32.4074, epoch 229, step  25, loss 0.53236490, auc@1 87.19, auc@5 98.41, share 0, std_loss 0, 
2021-05-16 15:59:57,386:INFO:[Rank-1] val time 14.2235, epoch 229, step  20, loss 1.13876596, auc@1 68.71, auc@5 90.89
2021-05-16 16:00:30,442:INFO:[Rank-1] train time 33.0550, epoch 230, step  25, loss 0.52987939, auc@1 87.34, auc@5 98.42, share 0, std_loss 0, 
2021-05-16 16:00:44,278:INFO:[Rank-1] val time 13.8304, epoch 230, step  20, loss 1.14156852, auc@1 68.65, auc@5 90.66
2021-05-16 16:01:16,741:INFO:[Rank-1] train time 32.4618, epoch 231, step  25, loss 0.52570343, auc@1 87.63, auc@5 98.36, share 0, std_loss 0, 
2021-05-16 16:01:30,862:INFO:[Rank-1] val time 14.1198, epoch 231, step  20, loss 1.13698931, auc@1 68.88, auc@5 90.89
2021-05-16 16:02:03,522:INFO:[Rank-1] train time 32.6588, epoch 232, step  25, loss 0.51921368, auc@1 87.76, auc@5 98.53, share 0, std_loss 0, 
2021-05-16 16:02:17,744:INFO:[Rank-1] val time 14.2189, epoch 232, step  20, loss 1.14313313, auc@1 68.87, auc@5 90.50
2021-05-16 16:02:50,880:INFO:[Rank-1] train time 33.1344, epoch 233, step  25, loss 0.51780373, auc@1 87.70, auc@5 98.50, share 0, std_loss 0, 
2021-05-16 16:03:04,680:INFO:[Rank-1] val time 13.7938, epoch 233, step  20, loss 1.13994320, auc@1 68.79, auc@5 90.89
2021-05-16 16:03:37,003:INFO:[Rank-1] train time 32.3223, epoch 234, step  25, loss 0.51149869, auc@1 88.01, auc@5 98.51, share 0, std_loss 0, 
2021-05-16 16:03:51,521:INFO:[Rank-1] val time 14.5127, epoch 234, step  20, loss 1.13486443, auc@1 68.72, auc@5 90.90
2021-05-16 16:04:24,192:INFO:[Rank-1] train time 32.6704, epoch 235, step  25, loss 0.51074398, auc@1 88.04, auc@5 98.55, share 0, std_loss 0, 
2021-05-16 16:04:38,241:INFO:[Rank-1] val time 14.0456, epoch 235, step  20, loss 1.14286616, auc@1 68.66, auc@5 90.79
2021-05-16 16:05:10,778:INFO:[Rank-1] train time 32.5364, epoch 236, step  25, loss 0.50729936, auc@1 88.02, auc@5 98.58, share 0, std_loss 0, 
2021-05-16 16:05:25,505:INFO:[Rank-1] val time 14.7230, epoch 236, step  20, loss 1.15320757, auc@1 68.64, auc@5 90.62
2021-05-16 16:05:58,456:INFO:[Rank-1] train time 32.9496, epoch 237, step  25, loss 0.50501871, auc@1 88.23, auc@5 98.60, share 0, std_loss 0, 
2021-05-16 16:06:12,666:INFO:[Rank-1] val time 14.2041, epoch 237, step  20, loss 1.13635712, auc@1 69.10, auc@5 90.74
2021-05-16 16:06:45,871:INFO:[Rank-1] train time 33.2030, epoch 238, step  25, loss 0.50166732, auc@1 88.43, auc@5 98.61, share 0, std_loss 0, 
2021-05-16 16:06:59,708:INFO:[Rank-1] val time 13.8325, epoch 238, step  20, loss 1.13246097, auc@1 69.02, auc@5 90.82
2021-05-16 16:07:32,736:INFO:[Rank-1] train time 33.0269, epoch 239, step  25, loss 0.50007194, auc@1 88.33, auc@5 98.56, share 0, std_loss 0, 
2021-05-16 16:07:46,923:INFO:[Rank-1] val time 14.1788, epoch 239, step  20, loss 1.14585400, auc@1 68.79, auc@5 90.52
2021-05-16 16:08:19,709:INFO:[Rank-1] train time 32.7856, epoch 240, step  25, loss 0.49492231, auc@1 88.29, auc@5 98.65, share 0, std_loss 0, 
2021-05-16 16:08:33,976:INFO:[Rank-1] val time 14.2646, epoch 240, step  20, loss 1.15581649, auc@1 68.28, auc@5 90.73
2021-05-16 16:09:07,138:INFO:[Rank-1] train time 33.1606, epoch 241, step  25, loss 0.48311874, auc@1 88.80, auc@5 98.75, share 0, std_loss 0, 
2021-05-16 16:09:21,133:INFO:[Rank-1] val time 13.9929, epoch 241, step  20, loss 1.11937271, auc@1 69.58, auc@5 91.07
2021-05-16 16:09:53,619:INFO:[Rank-1] train time 32.4854, epoch 242, step  25, loss 0.47339538, auc@1 89.20, auc@5 98.79, share 0, std_loss 0, 
2021-05-16 16:10:08,002:INFO:[Rank-1] val time 14.3801, epoch 242, step  20, loss 1.11208530, auc@1 70.00, auc@5 91.17
2021-05-16 16:10:40,768:INFO:[Rank-1] train time 32.7647, epoch 243, step  25, loss 0.46528777, auc@1 89.65, auc@5 98.85, share 0, std_loss 0, 
2021-05-16 16:10:54,953:INFO:[Rank-1] val time 14.1822, epoch 243, step  20, loss 1.10834517, auc@1 69.92, auc@5 91.12
2021-05-16 16:11:27,539:INFO:[Rank-1] train time 32.5841, epoch 244, step  25, loss 0.46166405, auc@1 89.65, auc@5 98.83, share 0, std_loss 0, 
2021-05-16 16:11:41,541:INFO:[Rank-1] val time 13.9990, epoch 244, step  20, loss 1.10774703, auc@1 69.97, auc@5 91.16
2021-05-16 16:12:14,498:INFO:[Rank-1] train time 32.9560, epoch 245, step  25, loss 0.45953915, auc@1 89.77, auc@5 98.81, share 0, std_loss 0, 
2021-05-16 16:12:28,533:INFO:[Rank-1] val time 14.0328, epoch 245, step  20, loss 1.10705418, auc@1 70.02, auc@5 91.19
2021-05-16 16:13:01,153:INFO:[Rank-1] train time 32.6189, epoch 246, step  25, loss 0.45950460, auc@1 89.89, auc@5 98.82, share 0, std_loss 0, 
2021-05-16 16:13:15,766:INFO:[Rank-1] val time 14.6072, epoch 246, step  20, loss 1.10585052, auc@1 70.09, auc@5 91.11
2021-05-16 16:13:48,836:INFO:[Rank-1] train time 33.0684, epoch 247, step  25, loss 0.45632911, auc@1 89.89, auc@5 98.85, share 0, std_loss 0, 
2021-05-16 16:14:03,016:INFO:[Rank-1] val time 14.1744, epoch 247, step  20, loss 1.10509460, auc@1 70.19, auc@5 91.19
2021-05-16 16:14:35,506:INFO:[Rank-1] train time 32.4889, epoch 248, step  25, loss 0.45653489, auc@1 90.03, auc@5 98.87, share 0, std_loss 0, 
2021-05-16 16:14:49,999:INFO:[Rank-1] val time 14.4906, epoch 248, step  20, loss 1.10462991, auc@1 70.12, auc@5 91.30
2021-05-16 16:15:22,615:INFO:[Rank-1] train time 32.6148, epoch 249, step  25, loss 0.45205659, auc@1 90.09, auc@5 98.87, share 0, std_loss 0, 
2021-05-16 16:15:36,573:INFO:[Rank-1] val time 13.9531, epoch 249, step  20, loss 1.10497188, auc@1 70.18, auc@5 91.25
2021-05-16 16:16:09,346:INFO:[Rank-1] train time 32.7710, epoch 250, step  25, loss 0.45465198, auc@1 89.88, auc@5 98.88, share 0, std_loss 0, 
2021-05-16 16:16:23,409:INFO:[Rank-1] val time 14.0583, epoch 250, step  20, loss 1.10559979, auc@1 70.14, auc@5 91.28
2021-05-16 16:16:56,738:INFO:[Rank-1] train time 33.3273, epoch 251, step  25, loss 0.45114794, auc@1 90.10, auc@5 98.87, share 0, std_loss 0, 
2021-05-16 16:17:11,218:INFO:[Rank-1] val time 14.4785, epoch 251, step  20, loss 1.10476886, auc@1 70.32, auc@5 91.26
2021-05-16 16:17:43,799:INFO:[Rank-1] train time 32.5798, epoch 252, step  25, loss 0.45115551, auc@1 90.13, auc@5 98.89, share 0, std_loss 0, 
2021-05-16 16:17:57,665:INFO:[Rank-1] val time 13.8627, epoch 252, step  20, loss 1.10448200, auc@1 70.25, auc@5 91.25
2021-05-16 16:18:30,396:INFO:[Rank-1] train time 32.7295, epoch 253, step  25, loss 0.44950992, auc@1 90.15, auc@5 98.84, share 0, std_loss 0, 
2021-05-16 16:18:44,548:INFO:[Rank-1] val time 14.1485, epoch 253, step  20, loss 1.10368561, auc@1 70.23, auc@5 91.39
2021-05-16 16:19:17,360:INFO:[Rank-1] train time 32.8104, epoch 254, step  25, loss 0.44903529, auc@1 90.21, auc@5 98.91, share 0, std_loss 0, 
2021-05-16 16:19:31,698:INFO:[Rank-1] val time 14.3350, epoch 254, step  20, loss 1.10400032, auc@1 70.26, auc@5 91.20
2021-05-16 16:20:04,619:INFO:[Rank-1] train time 32.9201, epoch 255, step  25, loss 0.44475681, auc@1 90.29, auc@5 98.97, share 0, std_loss 0, 
2021-05-16 16:20:18,444:INFO:[Rank-1] val time 13.8225, epoch 255, step  20, loss 1.10583693, auc@1 70.10, auc@5 91.34
2021-05-16 16:20:51,302:INFO:[Rank-1] train time 32.8569, epoch 256, step  25, loss 0.44409984, auc@1 90.38, auc@5 98.91, share 0, std_loss 0, 
2021-05-16 16:21:05,326:INFO:[Rank-1] val time 14.0216, epoch 256, step  20, loss 1.10376417, auc@1 70.27, auc@5 91.32
2021-05-16 16:21:38,037:INFO:[Rank-1] train time 32.7080, epoch 257, step  25, loss 0.44782001, auc@1 90.13, auc@5 98.86, share 0, std_loss 0, 
2021-05-16 16:21:51,937:INFO:[Rank-1] val time 13.8969, epoch 257, step  20, loss 1.10235090, auc@1 70.10, auc@5 91.26
2021-05-16 16:22:24,700:INFO:[Rank-1] train time 32.7613, epoch 258, step  25, loss 0.44239718, auc@1 90.36, auc@5 98.99, share 0, std_loss 0, 
2021-05-16 16:22:38,641:INFO:[Rank-1] val time 13.9381, epoch 258, step  20, loss 1.10236516, auc@1 70.20, auc@5 91.25
2021-05-16 16:23:11,536:INFO:[Rank-1] train time 32.8932, epoch 259, step  25, loss 0.44220400, auc@1 90.45, auc@5 98.91, share 0, std_loss 0, 
2021-05-16 16:23:25,524:INFO:[Rank-1] val time 13.9829, epoch 259, step  20, loss 1.10163157, auc@1 70.17, auc@5 91.38
2021-05-16 16:23:58,147:INFO:[Rank-1] train time 32.6213, epoch 260, step  25, loss 0.44161376, auc@1 90.33, auc@5 98.99, share 0, std_loss 0, 
2021-05-16 16:24:12,507:INFO:[Rank-1] val time 14.3580, epoch 260, step  20, loss 1.10347937, auc@1 70.00, auc@5 91.29
2021-05-16 16:24:45,443:INFO:[Rank-1] train time 32.9344, epoch 261, step  25, loss 0.44118690, auc@1 90.44, auc@5 98.93, share 0, std_loss 0, 
2021-05-16 16:24:59,539:INFO:[Rank-1] val time 14.0931, epoch 261, step  20, loss 1.10521411, auc@1 70.10, auc@5 91.28
2021-05-16 16:25:32,217:INFO:[Rank-1] train time 32.6769, epoch 262, step  25, loss 0.44076407, auc@1 90.47, auc@5 98.97, share 0, std_loss 0, 
2021-05-16 16:25:46,162:INFO:[Rank-1] val time 13.9429, epoch 262, step  20, loss 1.10360154, auc@1 70.01, auc@5 91.35
2021-05-16 16:26:18,825:INFO:[Rank-1] train time 32.6622, epoch 263, step  25, loss 0.43515360, auc@1 90.54, auc@5 98.97, share 0, std_loss 0, 
2021-05-16 16:26:33,454:INFO:[Rank-1] val time 14.6260, epoch 263, step  20, loss 1.10616907, auc@1 70.19, auc@5 91.16
2021-05-16 16:27:06,148:INFO:[Rank-1] train time 32.6628, epoch 264, step  25, loss 0.44148839, auc@1 90.36, auc@5 98.94, share 0, std_loss 0, 
2021-05-16 16:27:20,456:INFO:[Rank-1] val time 14.3056, epoch 264, step  20, loss 1.10415236, auc@1 69.97, auc@5 91.25
2021-05-16 16:27:53,137:INFO:[Rank-1] train time 32.6804, epoch 265, step  25, loss 0.43755919, auc@1 90.55, auc@5 98.97, share 0, std_loss 0, 
2021-05-16 16:28:07,296:INFO:[Rank-1] val time 14.1539, epoch 265, step  20, loss 1.10240480, auc@1 70.14, auc@5 91.20
2021-05-16 16:28:40,077:INFO:[Rank-1] train time 32.7796, epoch 266, step  25, loss 0.43766835, auc@1 90.40, auc@5 99.00, share 0, std_loss 0, 
2021-05-16 16:28:54,406:INFO:[Rank-1] val time 14.3262, epoch 266, step  20, loss 1.10414545, auc@1 70.09, auc@5 91.32
2021-05-16 16:29:26,954:INFO:[Rank-1] train time 32.5470, epoch 267, step  25, loss 0.43576175, auc@1 90.52, auc@5 98.98, share 0, std_loss 0, 
2021-05-16 16:29:41,119:INFO:[Rank-1] val time 14.1589, epoch 267, step  20, loss 1.10389840, auc@1 70.23, auc@5 91.24
2021-05-16 16:30:14,016:INFO:[Rank-1] train time 32.8952, epoch 268, step  25, loss 0.43409735, auc@1 90.75, auc@5 99.02, share 0, std_loss 0, 
2021-05-16 16:30:27,944:INFO:[Rank-1] val time 13.9262, epoch 268, step  20, loss 1.10273636, auc@1 70.01, auc@5 91.33
2021-05-16 16:31:00,749:INFO:[Rank-1] train time 32.8040, epoch 269, step  25, loss 0.43819126, auc@1 90.50, auc@5 98.98, share 0, std_loss 0, 
2021-05-16 16:31:14,967:INFO:[Rank-1] val time 14.2149, epoch 269, step  20, loss 1.10309964, auc@1 70.12, auc@5 91.23
2021-05-16 16:31:48,200:INFO:[Rank-1] train time 33.2318, epoch 270, step  25, loss 0.43551594, auc@1 90.77, auc@5 98.99, share 0, std_loss 0, 
2021-05-16 16:32:02,791:INFO:[Rank-1] val time 14.5868, epoch 270, step  20, loss 1.10377419, auc@1 70.05, auc@5 91.26
2021-05-16 16:32:35,658:INFO:[Rank-1] train time 32.8669, epoch 271, step  25, loss 0.43371657, auc@1 90.74, auc@5 98.99, share 0, std_loss 0, 
2021-05-16 16:32:50,118:INFO:[Rank-1] val time 14.4564, epoch 271, step  20, loss 1.10234520, auc@1 70.00, auc@5 91.17
2021-05-16 16:33:22,825:INFO:[Rank-1] train time 32.7063, epoch 272, step  25, loss 0.43649253, auc@1 90.60, auc@5 98.90, share 0, std_loss 0, 
2021-05-16 16:33:36,936:INFO:[Rank-1] val time 14.1084, epoch 272, step  20, loss 1.10418597, auc@1 70.14, auc@5 91.28
2021-05-16 16:34:09,914:INFO:[Rank-1] train time 32.9769, epoch 273, step  25, loss 0.43500251, auc@1 90.75, auc@5 98.97, share 0, std_loss 0, 
2021-05-16 16:34:24,112:INFO:[Rank-1] val time 14.1920, epoch 273, step  20, loss 1.10390942, auc@1 70.12, auc@5 91.33
2021-05-16 16:34:56,855:INFO:[Rank-1] train time 32.7426, epoch 274, step  25, loss 0.42886618, auc@1 90.87, auc@5 99.04, share 0, std_loss 0, 
2021-05-16 16:35:10,900:INFO:[Rank-1] val time 14.0410, epoch 274, step  20, loss 1.10412730, auc@1 70.10, auc@5 91.28
2021-05-16 16:35:43,278:INFO:[Rank-1] train time 32.3759, epoch 275, step  25, loss 0.43010476, auc@1 90.81, auc@5 99.03, share 0, std_loss 0, 
2021-05-16 16:35:57,263:INFO:[Rank-1] val time 13.9799, epoch 275, step  20, loss 1.10643720, auc@1 70.09, auc@5 91.21
2021-05-16 16:36:29,979:INFO:[Rank-1] train time 32.7156, epoch 276, step  25, loss 0.43088019, auc@1 90.71, auc@5 99.03, share 0, std_loss 0, 
2021-05-16 16:36:44,245:INFO:[Rank-1] val time 14.2609, epoch 276, step  20, loss 1.10514016, auc@1 70.14, auc@5 91.17
2021-05-16 16:37:17,276:INFO:[Rank-1] train time 33.0294, epoch 277, step  25, loss 0.42792374, auc@1 90.84, auc@5 99.00, share 0, std_loss 0, 
2021-05-16 16:37:31,269:INFO:[Rank-1] val time 13.9902, epoch 277, step  20, loss 1.10350540, auc@1 70.24, auc@5 91.33
2021-05-16 16:38:03,837:INFO:[Rank-1] train time 32.5656, epoch 278, step  25, loss 0.43179119, auc@1 90.61, auc@5 99.04, share 0, std_loss 0, 
2021-05-16 16:38:17,735:INFO:[Rank-1] val time 13.8935, epoch 278, step  20, loss 1.10355059, auc@1 70.26, auc@5 91.22
2021-05-16 16:38:50,331:INFO:[Rank-1] train time 32.5945, epoch 279, step  25, loss 0.42816454, auc@1 90.91, auc@5 99.00, share 0, std_loss 0, 
2021-05-16 16:39:04,366:INFO:[Rank-1] val time 14.0299, epoch 279, step  20, loss 1.10481591, auc@1 70.20, auc@5 91.31
2021-05-16 16:39:37,076:INFO:[Rank-1] train time 32.7083, epoch 280, step  25, loss 0.42897987, auc@1 90.92, auc@5 98.98, share 0, std_loss 0, 
2021-05-16 16:39:51,188:INFO:[Rank-1] val time 14.1092, epoch 280, step  20, loss 1.10418035, auc@1 70.10, auc@5 91.23
2021-05-16 16:40:23,789:INFO:[Rank-1] train time 32.5998, epoch 281, step  25, loss 0.42894208, auc@1 90.98, auc@5 99.00, share 0, std_loss 0, 
2021-05-16 16:40:38,084:INFO:[Rank-1] val time 14.2910, epoch 281, step  20, loss 1.10270078, auc@1 70.07, auc@5 91.31
2021-05-16 16:41:10,959:INFO:[Rank-1] train time 32.8733, epoch 282, step  25, loss 0.42662388, auc@1 90.94, auc@5 99.05, share 0, std_loss 0, 
2021-05-16 16:41:25,228:INFO:[Rank-1] val time 14.2643, epoch 282, step  20, loss 1.10332065, auc@1 70.19, auc@5 91.32
2021-05-16 16:41:57,671:INFO:[Rank-1] train time 32.4422, epoch 283, step  25, loss 0.42588449, auc@1 90.98, auc@5 99.08, share 0, std_loss 0, 
2021-05-16 16:42:11,480:INFO:[Rank-1] val time 13.8053, epoch 283, step  20, loss 1.10614642, auc@1 70.14, auc@5 91.31
2021-05-16 16:42:44,021:INFO:[Rank-1] train time 32.5395, epoch 284, step  25, loss 0.42299625, auc@1 91.02, auc@5 99.05, share 0, std_loss 0, 
2021-05-16 16:42:58,102:INFO:[Rank-1] val time 14.0773, epoch 284, step  20, loss 1.10638046, auc@1 69.98, auc@5 91.40
2021-05-16 16:43:31,416:INFO:[Rank-1] train time 33.3131, epoch 285, step  25, loss 0.42276895, auc@1 91.04, auc@5 99.10, share 0, std_loss 0, 
2021-05-16 16:43:45,605:INFO:[Rank-1] val time 14.1876, epoch 285, step  20, loss 1.10400262, auc@1 70.14, auc@5 91.41
2021-05-16 16:44:18,628:INFO:[Rank-1] train time 33.0217, epoch 286, step  25, loss 0.42511725, auc@1 90.84, auc@5 99.08, share 0, std_loss 0, 
2021-05-16 16:44:32,493:INFO:[Rank-1] val time 13.8624, epoch 286, step  20, loss 1.10482405, auc@1 70.05, auc@5 91.23
2021-05-16 16:45:04,807:INFO:[Rank-1] train time 32.3135, epoch 287, step  25, loss 0.42428142, auc@1 90.96, auc@5 99.07, share 0, std_loss 0, 
2021-05-16 16:45:18,777:INFO:[Rank-1] val time 13.9656, epoch 287, step  20, loss 1.10489003, auc@1 70.14, auc@5 91.26
2021-05-16 16:45:51,555:INFO:[Rank-1] train time 32.7759, epoch 288, step  25, loss 0.42519200, auc@1 90.94, auc@5 99.05, share 0, std_loss 0, 
2021-05-16 16:46:05,822:INFO:[Rank-1] val time 14.2607, epoch 288, step  20, loss 1.10539402, auc@1 69.96, auc@5 91.33
2021-05-16 16:46:38,364:INFO:[Rank-1] train time 32.5409, epoch 289, step  25, loss 0.42270687, auc@1 91.11, auc@5 99.12, share 0, std_loss 0, 
2021-05-16 16:46:52,472:INFO:[Rank-1] val time 14.1050, epoch 289, step  20, loss 1.10615624, auc@1 70.20, auc@5 91.34
2021-05-16 16:47:25,735:INFO:[Rank-1] train time 33.2620, epoch 290, step  25, loss 0.42104059, auc@1 91.15, auc@5 99.03, share 0, std_loss 0, 
2021-05-16 16:47:40,029:INFO:[Rank-1] val time 14.2917, epoch 290, step  20, loss 1.10489980, auc@1 70.15, auc@5 91.42
2021-05-16 16:48:12,726:INFO:[Rank-1] train time 32.6969, epoch 291, step  25, loss 0.41831797, auc@1 91.12, auc@5 99.06, share 0, std_loss 0, 
2021-05-16 16:48:26,813:INFO:[Rank-1] val time 14.0797, epoch 291, step  20, loss 1.10452219, auc@1 70.00, auc@5 91.44
2021-05-16 16:48:59,352:INFO:[Rank-1] train time 32.5384, epoch 292, step  25, loss 0.42289320, auc@1 90.96, auc@5 99.09, share 0, std_loss 0, 
2021-05-16 16:49:13,440:INFO:[Rank-1] val time 14.0840, epoch 292, step  20, loss 1.10347466, auc@1 70.15, auc@5 91.38
2021-05-16 16:49:46,518:INFO:[Rank-1] train time 33.0721, epoch 293, step  25, loss 0.41917750, auc@1 91.19, auc@5 99.11, share 0, std_loss 0, 
2021-05-16 16:50:00,659:INFO:[Rank-1] val time 14.1384, epoch 293, step  20, loss 1.10655583, auc@1 70.10, auc@5 91.29
2021-05-16 16:50:33,458:INFO:[Rank-1] train time 32.7973, epoch 294, step  25, loss 0.42010680, auc@1 91.12, auc@5 99.10, share 0, std_loss 0, 
2021-05-16 16:50:47,737:INFO:[Rank-1] val time 14.2758, epoch 294, step  20, loss 1.10757870, auc@1 69.94, auc@5 91.26
2021-05-16 16:51:20,243:INFO:[Rank-1] train time 32.5052, epoch 295, step  25, loss 0.41945598, auc@1 91.14, auc@5 99.10, share 0, std_loss 0, 
2021-05-16 16:51:34,370:INFO:[Rank-1] val time 14.1241, epoch 295, step  20, loss 1.10524116, auc@1 70.09, auc@5 91.30
2021-05-16 16:52:07,235:INFO:[Rank-1] train time 32.8636, epoch 296, step  25, loss 0.41719380, auc@1 91.26, auc@5 99.12, share 0, std_loss 0, 
2021-05-16 16:52:21,170:INFO:[Rank-1] val time 13.9280, epoch 296, step  20, loss 1.10460569, auc@1 70.21, auc@5 91.27
2021-05-16 16:52:54,117:INFO:[Rank-1] train time 32.9451, epoch 297, step  25, loss 0.41828999, auc@1 91.21, auc@5 99.10, share 0, std_loss 0, 
2021-05-16 16:53:07,778:INFO:[Rank-1] val time 13.6593, epoch 297, step  20, loss 1.10371937, auc@1 70.12, auc@5 91.38
2021-05-16 16:53:40,724:INFO:[Rank-1] train time 32.9443, epoch 298, step  25, loss 0.41659516, auc@1 91.30, auc@5 99.09, share 0, std_loss 0, 
2021-05-16 16:53:54,681:INFO:[Rank-1] val time 13.9542, epoch 298, step  20, loss 1.10473551, auc@1 69.89, auc@5 91.32
2021-05-16 16:54:27,244:INFO:[Rank-1] train time 32.5615, epoch 299, step  25, loss 0.41917437, auc@1 91.14, auc@5 99.10, share 0, std_loss 0, 
2021-05-16 16:54:41,678:INFO:[Rank-1] val time 14.4292, epoch 299, step  20, loss 1.10353428, auc@1 70.07, auc@5 91.40
2021-05-16 16:55:14,307:INFO:[Rank-1] train time 32.6279, epoch 300, step  25, loss 0.41497830, auc@1 91.23, auc@5 99.12, share 0, std_loss 0, 
2021-05-16 16:55:28,239:INFO:[Rank-1] val time 13.9277, epoch 300, step  20, loss 1.10511577, auc@1 69.86, auc@5 91.33
2021-05-16 16:55:28,240:INFO:[Rank-1] finish, train+val 14098.84072, train 9854.59743, reduce_count   0
