2021-05-16 08:49:56,889:INFO:[Rank-3] args : Namespace(batch=2048, current_time='20210516_084949', dataset='cifar100', epochs=300, ip='192.168.1.1:7548', k=8, lr=0.1, momentum=0.9, rank=3, train_type='minibatch', weight_decay=0.005, world=4)
2021-05-16 08:50:35,086:INFO:[Rank-3] train time 36.4937, epoch   1, step  25, loss 4.82104445, auc@1 1.35, auc@5 6.27, share 0, std_loss 0, 
2021-05-16 08:50:48,423:INFO:[Rank-3] val time 13.3342, epoch   1, step  20, loss 4.66702219, auc@1 1.49, auc@5 6.23
2021-05-16 08:51:25,159:INFO:[Rank-3] train time 36.6599, epoch   2, step  25, loss 4.52783203, auc@1 2.82, auc@5 11.32, share 0, std_loss 0, 
2021-05-16 08:51:38,496:INFO:[Rank-3] val time 13.3339, epoch   2, step  20, loss 4.67074427, auc@1 1.13, auc@5 5.87
2021-05-16 08:52:15,335:INFO:[Rank-3] train time 36.6361, epoch   3, step  25, loss 4.24627686, auc@1 4.55, auc@5 18.05, share 0, std_loss 0, 
2021-05-16 08:52:28,838:INFO:[Rank-3] val time 13.4998, epoch   3, step  20, loss 4.73238062, auc@1 1.36, auc@5 6.43
2021-05-16 08:53:05,044:INFO:[Rank-3] train time 36.0046, epoch   4, step  25, loss 4.08759403, auc@1 6.36, auc@5 22.91, share 0, std_loss 0, 
2021-05-16 08:53:18,342:INFO:[Rank-3] val time 13.2948, epoch   4, step  20, loss 4.65441439, auc@1 1.70, auc@5 7.54
2021-05-16 08:53:55,726:INFO:[Rank-3] train time 37.2301, epoch   5, step  25, loss 3.92481804, auc@1 8.47, auc@5 28.53, share 0, std_loss 0, 
2021-05-16 08:54:09,144:INFO:[Rank-3] val time 13.4151, epoch   5, step  20, loss 4.73109228, auc@1 1.89, auc@5 8.04
2021-05-16 08:54:45,893:INFO:[Rank-3] train time 36.5669, epoch   6, step  25, loss 3.81963730, auc@1 9.79, auc@5 31.99, share 0, std_loss 0, 
2021-05-16 08:54:59,197:INFO:[Rank-3] val time 13.3008, epoch   6, step  20, loss 4.61929519, auc@1 2.36, auc@5 11.57
2021-05-16 08:55:36,222:INFO:[Rank-3] train time 36.7720, epoch   7, step  25, loss 3.72498989, auc@1 11.31, auc@5 34.80, share 0, std_loss 0, 
2021-05-16 08:55:49,572:INFO:[Rank-3] val time 13.3483, epoch   7, step  20, loss 4.66965844, auc@1 3.53, auc@5 12.64
2021-05-16 08:56:25,336:INFO:[Rank-3] train time 35.5108, epoch   8, step  25, loss 3.63742113, auc@1 12.58, auc@5 37.69, share 0, std_loss 0, 
2021-05-16 08:56:38,636:INFO:[Rank-3] val time 13.2971, epoch   8, step  20, loss 4.54184287, auc@1 3.80, auc@5 14.43
2021-05-16 08:57:15,436:INFO:[Rank-3] train time 36.6260, epoch   9, step  25, loss 3.52781820, auc@1 14.60, auc@5 41.06, share 0, std_loss 0, 
2021-05-16 08:57:28,569:INFO:[Rank-3] val time 13.1300, epoch   9, step  20, loss 4.38301220, auc@1 4.67, auc@5 19.41
2021-05-16 08:58:05,499:INFO:[Rank-3] train time 36.7474, epoch  10, step  25, loss 3.41516900, auc@1 16.71, auc@5 44.31, share 0, std_loss 0, 
2021-05-16 08:58:18,766:INFO:[Rank-3] val time 13.2656, epoch  10, step  20, loss 4.21457105, auc@1 6.02, auc@5 22.41
2021-05-16 08:58:56,211:INFO:[Rank-3] train time 37.1610, epoch  11, step  25, loss 3.29372621, auc@1 18.69, auc@5 47.81, share 0, std_loss 0, 
2021-05-16 08:59:09,447:INFO:[Rank-3] val time 13.2340, epoch  11, step  20, loss 3.97099442, auc@1 9.64, auc@5 30.29
2021-05-16 08:59:45,856:INFO:[Rank-3] train time 36.2337, epoch  12, step  25, loss 3.17944431, auc@1 20.84, auc@5 50.92, share 0, std_loss 0, 
2021-05-16 08:59:59,160:INFO:[Rank-3] val time 13.3012, epoch  12, step  20, loss 3.66661455, auc@1 13.99, auc@5 37.88
2021-05-16 09:00:36,049:INFO:[Rank-3] train time 36.6483, epoch  13, step  25, loss 3.04114652, auc@1 23.31, auc@5 55.08, share 0, std_loss 0, 
2021-05-16 09:00:49,564:INFO:[Rank-3] val time 13.5125, epoch  13, step  20, loss 3.60361458, auc@1 13.95, auc@5 39.49
2021-05-16 09:01:25,321:INFO:[Rank-3] train time 35.5779, epoch  14, step  25, loss 2.90428686, auc@1 26.05, auc@5 58.37, share 0, std_loss 0, 
2021-05-16 09:01:38,739:INFO:[Rank-3] val time 13.4152, epoch  14, step  20, loss 3.60030465, auc@1 14.62, auc@5 40.45
2021-05-16 09:02:15,219:INFO:[Rank-3] train time 36.3295, epoch  15, step  25, loss 2.75521803, auc@1 29.05, auc@5 62.44, share 0, std_loss 0, 
2021-05-16 09:02:28,681:INFO:[Rank-3] val time 13.4590, epoch  15, step  20, loss 3.31125706, auc@1 19.35, auc@5 46.30
2021-05-16 09:03:05,294:INFO:[Rank-3] train time 36.5282, epoch  16, step  25, loss 2.59385633, auc@1 32.22, auc@5 66.28, share 0, std_loss 0, 
2021-05-16 09:03:18,750:INFO:[Rank-3] val time 13.4525, epoch  16, step  20, loss 3.84716442, auc@1 13.94, auc@5 36.03
2021-05-16 09:03:55,857:INFO:[Rank-3] train time 36.9627, epoch  17, step  25, loss 2.45708203, auc@1 35.08, auc@5 69.48, share 0, std_loss 0, 
2021-05-16 09:04:09,267:INFO:[Rank-3] val time 13.4067, epoch  17, step  20, loss 3.31801999, auc@1 19.28, auc@5 47.37
2021-05-16 09:04:45,670:INFO:[Rank-3] train time 36.1352, epoch  18, step  25, loss 2.33540797, auc@1 37.89, auc@5 72.10, share 0, std_loss 0, 
2021-05-16 09:04:59,139:INFO:[Rank-3] val time 13.4669, epoch  18, step  20, loss 3.12009665, auc@1 22.15, auc@5 52.05
2021-05-16 09:05:35,194:INFO:[Rank-3] train time 35.9203, epoch  19, step  25, loss 2.23265314, auc@1 40.27, auc@5 74.30, share 0, std_loss 0, 
2021-05-16 09:05:48,728:INFO:[Rank-3] val time 13.5316, epoch  19, step  20, loss 2.98976469, auc@1 25.41, auc@5 56.09
2021-05-16 09:06:25,118:INFO:[Rank-3] train time 36.1707, epoch  20, step  25, loss 2.13094997, auc@1 42.62, auc@5 76.21, share 0, std_loss 0, 
2021-05-16 09:06:38,459:INFO:[Rank-3] val time 13.3382, epoch  20, step  20, loss 2.59511393, auc@1 32.82, auc@5 65.29
2021-05-16 09:07:14,658:INFO:[Rank-3] train time 35.9905, epoch  21, step  25, loss 2.03804398, auc@1 44.68, auc@5 78.20, share 0, std_loss 0, 
2021-05-16 09:07:28,092:INFO:[Rank-3] val time 13.4314, epoch  21, step  20, loss 3.07032175, auc@1 26.51, auc@5 56.05
2021-05-16 09:08:04,762:INFO:[Rank-3] train time 36.5154, epoch  22, step  25, loss 1.99712777, auc@1 45.63, auc@5 78.95, share 0, std_loss 0, 
2021-05-16 09:08:18,175:INFO:[Rank-3] val time 13.4101, epoch  22, step  20, loss 2.64940671, auc@1 31.61, auc@5 65.38
2021-05-16 09:08:54,924:INFO:[Rank-3] train time 36.5533, epoch  23, step  25, loss 1.93764436, auc@1 47.47, auc@5 80.04, share 0, std_loss 0, 
2021-05-16 09:09:08,339:INFO:[Rank-3] val time 13.4130, epoch  23, step  20, loss 2.52694721, auc@1 34.15, auc@5 67.77
2021-05-16 09:09:44,866:INFO:[Rank-3] train time 36.3790, epoch  24, step  25, loss 1.88401699, auc@1 48.87, auc@5 80.91, share 0, std_loss 0, 
2021-05-16 09:09:58,173:INFO:[Rank-3] val time 13.3048, epoch  24, step  20, loss 2.44048452, auc@1 36.38, auc@5 69.21
2021-05-16 09:10:35,456:INFO:[Rank-3] train time 37.0264, epoch  25, step  25, loss 1.83615875, auc@1 49.80, auc@5 81.82, share 0, std_loss 0, 
2021-05-16 09:10:48,731:INFO:[Rank-3] val time 13.2717, epoch  25, step  20, loss 2.36234629, auc@1 37.51, auc@5 71.19
2021-05-16 09:11:25,660:INFO:[Rank-3] train time 36.7577, epoch  26, step  25, loss 1.78690553, auc@1 51.00, auc@5 82.75, share 0, std_loss 0, 
2021-05-16 09:11:39,044:INFO:[Rank-3] val time 13.3822, epoch  26, step  20, loss 2.49583277, auc@1 35.60, auc@5 67.60
2021-05-16 09:12:15,477:INFO:[Rank-3] train time 36.1936, epoch  27, step  25, loss 1.72541940, auc@1 52.97, auc@5 83.69, share 0, std_loss 0, 
2021-05-16 09:12:28,842:INFO:[Rank-3] val time 13.3626, epoch  27, step  20, loss 2.18727921, auc@1 41.75, auc@5 74.30
2021-05-16 09:13:05,694:INFO:[Rank-3] train time 36.5350, epoch  28, step  25, loss 1.69482768, auc@1 53.73, auc@5 84.24, share 0, std_loss 0, 
2021-05-16 09:13:19,053:INFO:[Rank-3] val time 13.3563, epoch  28, step  20, loss 2.26515500, auc@1 39.89, auc@5 72.65
2021-05-16 09:13:55,169:INFO:[Rank-3] train time 35.8022, epoch  29, step  25, loss 1.70275939, auc@1 53.69, auc@5 84.07, share 0, std_loss 0, 
2021-05-16 09:14:08,552:INFO:[Rank-3] val time 13.3804, epoch  29, step  20, loss 2.33765717, auc@1 38.00, auc@5 72.16
2021-05-16 09:14:44,737:INFO:[Rank-3] train time 35.9687, epoch  30, step  25, loss 1.64191020, auc@1 54.91, auc@5 85.20, share 0, std_loss 0, 
2021-05-16 09:14:58,048:INFO:[Rank-3] val time 13.3083, epoch  30, step  20, loss 2.52081780, auc@1 35.83, auc@5 67.70
2021-05-16 09:15:35,480:INFO:[Rank-3] train time 37.2190, epoch  31, step  25, loss 1.58172786, auc@1 56.80, auc@5 86.08, share 0, std_loss 0, 
2021-05-16 09:15:48,868:INFO:[Rank-3] val time 13.3842, epoch  31, step  20, loss 2.34192985, auc@1 39.91, auc@5 70.92
2021-05-16 09:16:26,148:INFO:[Rank-3] train time 37.0013, epoch  32, step  25, loss 1.54794776, auc@1 57.53, auc@5 86.47, share 0, std_loss 0, 
2021-05-16 09:16:39,558:INFO:[Rank-3] val time 13.4081, epoch  32, step  20, loss 2.24725555, auc@1 42.08, auc@5 74.66
2021-05-16 09:17:16,282:INFO:[Rank-3] train time 36.5709, epoch  33, step  25, loss 1.51826954, auc@1 58.33, auc@5 87.02, share 0, std_loss 0, 
2021-05-16 09:17:29,414:INFO:[Rank-3] val time 13.1284, epoch  33, step  20, loss 2.24292380, auc@1 41.16, auc@5 75.05
2021-05-16 09:18:06,484:INFO:[Rank-3] train time 36.7996, epoch  34, step  25, loss 1.51244628, auc@1 58.67, auc@5 86.96, share 0, std_loss 0, 
2021-05-16 09:18:19,744:INFO:[Rank-3] val time 13.2569, epoch  34, step  20, loss 2.75194449, auc@1 33.58, auc@5 64.12
2021-05-16 09:18:56,429:INFO:[Rank-3] train time 36.6620, epoch  35, step  25, loss 1.47048092, auc@1 59.59, auc@5 87.74, share 0, std_loss 0, 
2021-05-16 09:19:09,764:INFO:[Rank-3] val time 13.3327, epoch  35, step  20, loss 2.27748698, auc@1 40.72, auc@5 74.25
2021-05-16 09:19:46,442:INFO:[Rank-3] train time 36.4773, epoch  36, step  25, loss 1.45245838, auc@1 60.20, auc@5 88.15, share 0, std_loss 0, 
2021-05-16 09:19:59,942:INFO:[Rank-3] val time 13.4973, epoch  36, step  20, loss 2.11648392, auc@1 45.10, auc@5 75.48
2021-05-16 09:20:36,428:INFO:[Rank-3] train time 36.3741, epoch  37, step  25, loss 1.43436730, auc@1 60.41, auc@5 88.39, share 0, std_loss 0, 
2021-05-16 09:20:49,747:INFO:[Rank-3] val time 13.3165, epoch  37, step  20, loss 2.07652516, auc@1 45.74, auc@5 77.42
2021-05-16 09:21:25,936:INFO:[Rank-3] train time 35.9280, epoch  38, step  25, loss 1.45717406, auc@1 59.81, auc@5 87.81, share 0, std_loss 0, 
2021-05-16 09:21:39,332:INFO:[Rank-3] val time 13.3941, epoch  38, step  20, loss 2.99028344, auc@1 30.46, auc@5 61.84
2021-05-16 09:22:16,411:INFO:[Rank-3] train time 36.8240, epoch  39, step  25, loss 1.41281748, auc@1 61.01, auc@5 88.72, share 0, std_loss 0, 
2021-05-16 09:22:29,849:INFO:[Rank-3] val time 13.4350, epoch  39, step  20, loss 1.98802976, auc@1 47.87, auc@5 77.99
2021-05-16 09:23:06,648:INFO:[Rank-3] train time 36.5903, epoch  40, step  25, loss 1.37893641, auc@1 62.06, auc@5 88.99, share 0, std_loss 0, 
2021-05-16 09:23:20,102:INFO:[Rank-3] val time 13.4510, epoch  40, step  20, loss 2.02711074, auc@1 47.21, auc@5 77.46
2021-05-16 09:23:56,669:INFO:[Rank-3] train time 36.4402, epoch  41, step  25, loss 1.35914218, auc@1 62.75, auc@5 89.31, share 0, std_loss 0, 
2021-05-16 09:24:10,229:INFO:[Rank-3] val time 13.5577, epoch  41, step  20, loss 2.00526416, auc@1 47.22, auc@5 78.34
2021-05-16 09:24:46,789:INFO:[Rank-3] train time 36.3610, epoch  42, step  25, loss 1.35850894, auc@1 62.70, auc@5 89.36, share 0, std_loss 0, 
2021-05-16 09:25:00,244:INFO:[Rank-3] val time 13.4520, epoch  42, step  20, loss 2.20205135, auc@1 43.36, auc@5 74.21
2021-05-16 09:25:37,290:INFO:[Rank-3] train time 36.7248, epoch  43, step  25, loss 1.35984933, auc@1 62.73, auc@5 89.33, share 0, std_loss 0, 
2021-05-16 09:25:50,671:INFO:[Rank-3] val time 13.3790, epoch  43, step  20, loss 2.33569875, auc@1 40.64, auc@5 72.17
2021-05-16 09:26:27,703:INFO:[Rank-3] train time 36.8528, epoch  44, step  25, loss 1.32694042, auc@1 63.53, auc@5 89.83, share 0, std_loss 0, 
2021-05-16 09:26:41,006:INFO:[Rank-3] val time 13.2997, epoch  44, step  20, loss 2.56566276, auc@1 38.58, auc@5 69.01
2021-05-16 09:27:17,464:INFO:[Rank-3] train time 36.2719, epoch  45, step  25, loss 1.31603062, auc@1 64.00, auc@5 89.94, share 0, std_loss 0, 
2021-05-16 09:27:30,777:INFO:[Rank-3] val time 13.3106, epoch  45, step  20, loss 2.03230280, auc@1 47.26, auc@5 77.14
2021-05-16 09:28:07,699:INFO:[Rank-3] train time 36.7418, epoch  46, step  25, loss 1.28881514, auc@1 64.68, auc@5 90.28, share 0, std_loss 0, 
2021-05-16 09:28:21,043:INFO:[Rank-3] val time 13.3426, epoch  46, step  20, loss 2.32260746, auc@1 41.73, auc@5 73.31
2021-05-16 09:28:57,914:INFO:[Rank-3] train time 36.5674, epoch  47, step  25, loss 1.30346000, auc@1 64.34, auc@5 90.09, share 0, std_loss 0, 
2021-05-16 09:29:11,183:INFO:[Rank-3] val time 13.2664, epoch  47, step  20, loss 2.75633082, auc@1 37.27, auc@5 66.69
2021-05-16 09:29:47,675:INFO:[Rank-3] train time 36.2645, epoch  48, step  25, loss 1.29445267, auc@1 64.57, auc@5 90.09, share 0, std_loss 0, 
2021-05-16 09:30:01,253:INFO:[Rank-3] val time 13.5749, epoch  48, step  20, loss 2.00087207, auc@1 47.22, auc@5 78.17
2021-05-16 09:30:37,482:INFO:[Rank-3] train time 35.9492, epoch  49, step  25, loss 1.27207959, auc@1 65.11, auc@5 90.40, share 0, std_loss 0, 
2021-05-16 09:30:50,788:INFO:[Rank-3] val time 13.3039, epoch  49, step  20, loss 2.28073210, auc@1 42.05, auc@5 73.88
2021-05-16 09:31:27,807:INFO:[Rank-3] train time 36.8908, epoch  50, step  25, loss 1.25915527, auc@1 65.73, auc@5 90.66, share 0, std_loss 0, 
2021-05-16 09:31:41,031:INFO:[Rank-3] val time 13.2203, epoch  50, step  20, loss 2.20424994, auc@1 44.32, auc@5 76.02
2021-05-16 09:32:17,789:INFO:[Rank-3] train time 36.4726, epoch  51, step  25, loss 1.23868775, auc@1 66.32, auc@5 90.94, share 0, std_loss 0, 
2021-05-16 09:32:31,201:INFO:[Rank-3] val time 13.4104, epoch  51, step  20, loss 2.44475922, auc@1 40.28, auc@5 71.51
2021-05-16 09:33:07,609:INFO:[Rank-3] train time 36.3324, epoch  52, step  25, loss 1.26482403, auc@1 65.19, auc@5 90.64, share 0, std_loss 0, 
2021-05-16 09:33:21,023:INFO:[Rank-3] val time 13.4116, epoch  52, step  20, loss 2.49586792, auc@1 40.82, auc@5 70.36
2021-05-16 09:33:57,992:INFO:[Rank-3] train time 36.8163, epoch  53, step  25, loss 1.23152196, auc@1 66.05, auc@5 91.05, share 0, std_loss 0, 
2021-05-16 09:34:11,436:INFO:[Rank-3] val time 13.4407, epoch  53, step  20, loss 2.88945771, auc@1 32.49, auc@5 62.58
2021-05-16 09:34:47,356:INFO:[Rank-3] train time 35.6529, epoch  54, step  25, loss 1.24664378, auc@1 66.10, auc@5 90.81, share 0, std_loss 0, 
2021-05-16 09:35:00,632:INFO:[Rank-3] val time 13.2709, epoch  54, step  20, loss 2.01874144, auc@1 47.45, auc@5 77.42
2021-05-16 09:35:37,287:INFO:[Rank-3] train time 36.4382, epoch  55, step  25, loss 1.22433484, auc@1 66.62, auc@5 91.14, share 0, std_loss 0, 
2021-05-16 09:35:50,412:INFO:[Rank-3] val time 13.1234, epoch  55, step  20, loss 2.22505392, auc@1 46.27, auc@5 76.55
2021-05-16 09:36:26,894:INFO:[Rank-3] train time 36.2659, epoch  56, step  25, loss 1.22843826, auc@1 66.47, auc@5 91.06, share 0, std_loss 0, 
2021-05-16 09:36:40,045:INFO:[Rank-3] val time 13.1485, epoch  56, step  20, loss 2.18489079, auc@1 44.49, auc@5 76.44
2021-05-16 09:37:17,063:INFO:[Rank-3] train time 36.8741, epoch  57, step  25, loss 1.19859135, auc@1 67.30, auc@5 91.44, share 0, std_loss 0, 
2021-05-16 09:37:30,463:INFO:[Rank-3] val time 13.3980, epoch  57, step  20, loss 2.09378433, auc@1 47.09, auc@5 77.66
2021-05-16 09:38:07,332:INFO:[Rank-3] train time 36.6456, epoch  58, step  25, loss 1.20284724, auc@1 67.06, auc@5 91.33, share 0, std_loss 0, 
2021-05-16 09:38:20,924:INFO:[Rank-3] val time 13.5889, epoch  58, step  20, loss 2.63050711, auc@1 39.70, auc@5 69.24
2021-05-16 09:38:57,182:INFO:[Rank-3] train time 35.9982, epoch  59, step  25, loss 1.19973993, auc@1 67.31, auc@5 91.33, share 0, std_loss 0, 
2021-05-16 09:39:10,487:INFO:[Rank-3] val time 13.3025, epoch  59, step  20, loss 2.38369455, auc@1 41.45, auc@5 73.18
2021-05-16 09:39:47,402:INFO:[Rank-3] train time 36.6681, epoch  60, step  25, loss 1.21461058, auc@1 66.65, auc@5 91.26, share 0, std_loss 0, 
2021-05-16 09:40:00,681:INFO:[Rank-3] val time 13.2768, epoch  60, step  20, loss 2.23544411, auc@1 45.47, auc@5 75.75
2021-05-16 09:40:36,764:INFO:[Rank-3] train time 35.8378, epoch  61, step  25, loss 1.17825925, auc@1 67.84, auc@5 91.83, share 0, std_loss 0, 
2021-05-16 09:40:50,235:INFO:[Rank-3] val time 13.4679, epoch  61, step  20, loss 2.25808561, auc@1 44.11, auc@5 74.17
2021-05-16 09:41:26,387:INFO:[Rank-3] train time 35.9162, epoch  62, step  25, loss 1.18662584, auc@1 67.58, auc@5 91.55, share 0, std_loss 0, 
2021-05-16 09:41:40,171:INFO:[Rank-3] val time 13.7819, epoch  62, step  20, loss 2.66995122, auc@1 36.21, auc@5 65.09
2021-05-16 09:42:16,353:INFO:[Rank-3] train time 36.0149, epoch  63, step  25, loss 1.17608750, auc@1 67.80, auc@5 91.84, share 0, std_loss 0, 
2021-05-16 09:42:29,655:INFO:[Rank-3] val time 13.2984, epoch  63, step  20, loss 2.31556987, auc@1 42.35, auc@5 72.14
2021-05-16 09:43:06,177:INFO:[Rank-3] train time 36.2307, epoch  64, step  25, loss 1.17702484, auc@1 67.99, auc@5 91.74, share 0, std_loss 0, 
2021-05-16 09:43:19,725:INFO:[Rank-3] val time 13.5445, epoch  64, step  20, loss 2.35860843, auc@1 42.04, auc@5 72.58
2021-05-16 09:43:56,293:INFO:[Rank-3] train time 36.4610, epoch  65, step  25, loss 1.17161798, auc@1 67.99, auc@5 91.75, share 0, std_loss 0, 
2021-05-16 09:44:09,653:INFO:[Rank-3] val time 13.3574, epoch  65, step  20, loss 1.98463979, auc@1 49.83, auc@5 79.22
2021-05-16 09:44:45,803:INFO:[Rank-3] train time 35.9428, epoch  66, step  25, loss 1.17640853, auc@1 67.84, auc@5 91.81, share 0, std_loss 0, 
2021-05-16 09:44:59,261:INFO:[Rank-3] val time 13.4557, epoch  66, step  20, loss 2.24464475, auc@1 44.59, auc@5 76.55
2021-05-16 09:45:35,601:INFO:[Rank-3] train time 36.1193, epoch  67, step  25, loss 1.17725754, auc@1 67.98, auc@5 91.74, share 0, std_loss 0, 
2021-05-16 09:45:49,057:INFO:[Rank-3] val time 13.4534, epoch  67, step  20, loss 2.13366829, auc@1 45.58, auc@5 76.03
2021-05-16 09:46:26,712:INFO:[Rank-3] train time 37.4689, epoch  68, step  25, loss 1.13948953, auc@1 69.01, auc@5 92.18, share 0, std_loss 0, 
2021-05-16 09:46:39,890:INFO:[Rank-3] val time 13.1756, epoch  68, step  20, loss 2.85407308, auc@1 35.31, auc@5 66.58
2021-05-16 09:47:16,495:INFO:[Rank-3] train time 36.3820, epoch  69, step  25, loss 1.15539813, auc@1 68.31, auc@5 92.00, share 0, std_loss 0, 
2021-05-16 09:47:29,768:INFO:[Rank-3] val time 13.2700, epoch  69, step  20, loss 1.89120413, auc@1 50.39, auc@5 80.58
2021-05-16 09:48:06,246:INFO:[Rank-3] train time 36.0082, epoch  70, step  25, loss 1.13998067, auc@1 68.59, auc@5 92.23, share 0, std_loss 0, 
2021-05-16 09:48:19,685:INFO:[Rank-3] val time 13.4362, epoch  70, step  20, loss 2.47652529, auc@1 41.01, auc@5 69.38
2021-05-16 09:48:56,137:INFO:[Rank-3] train time 36.1871, epoch  71, step  25, loss 1.15605438, auc@1 68.48, auc@5 92.03, share 0, std_loss 0, 
2021-05-16 09:49:09,454:INFO:[Rank-3] val time 13.3150, epoch  71, step  20, loss 2.19851960, auc@1 45.53, auc@5 74.30
2021-05-16 09:49:46,140:INFO:[Rank-3] train time 36.4860, epoch  72, step  25, loss 1.14225495, auc@1 68.83, auc@5 92.24, share 0, std_loss 0, 
2021-05-16 09:49:59,540:INFO:[Rank-3] val time 13.3978, epoch  72, step  20, loss 2.61437200, auc@1 37.09, auc@5 66.69
2021-05-16 09:50:36,544:INFO:[Rank-3] train time 36.8087, epoch  73, step  25, loss 1.13420343, auc@1 69.32, auc@5 92.26, share 0, std_loss 0, 
2021-05-16 09:50:49,973:INFO:[Rank-3] val time 13.4268, epoch  73, step  20, loss 2.46353211, auc@1 40.08, auc@5 70.63
2021-05-16 09:51:26,666:INFO:[Rank-3] train time 36.3649, epoch  74, step  25, loss 1.13908982, auc@1 69.00, auc@5 92.14, share 0, std_loss 0, 
2021-05-16 09:51:40,160:INFO:[Rank-3] val time 13.4910, epoch  74, step  20, loss 2.22387073, auc@1 44.68, auc@5 74.56
2021-05-16 09:52:19,721:INFO:[Rank-3] train time 39.3663, epoch  75, step  25, loss 1.14876688, auc@1 68.58, auc@5 92.02, share 0, std_loss 0, 
2021-05-16 09:52:33,048:INFO:[Rank-3] val time 13.3242, epoch  75, step  20, loss 2.39186210, auc@1 42.06, auc@5 71.93
2021-05-16 09:53:12,780:INFO:[Rank-3] train time 39.5004, epoch  76, step  25, loss 1.15255785, auc@1 68.66, auc@5 92.06, share 0, std_loss 0, 
2021-05-16 09:53:26,210:INFO:[Rank-3] val time 13.4271, epoch  76, step  20, loss 2.20508614, auc@1 45.08, auc@5 75.13
2021-05-16 09:54:02,785:INFO:[Rank-3] train time 36.4056, epoch  77, step  25, loss 1.11640036, auc@1 69.46, auc@5 92.61, share 0, std_loss 0, 
2021-05-16 09:54:16,330:INFO:[Rank-3] val time 13.5426, epoch  77, step  20, loss 2.52254754, auc@1 41.12, auc@5 70.79
2021-05-16 09:54:53,665:INFO:[Rank-3] train time 37.1454, epoch  78, step  25, loss 1.14112628, auc@1 68.92, auc@5 92.16, share 0, std_loss 0, 
2021-05-16 09:55:06,912:INFO:[Rank-3] val time 13.2450, epoch  78, step  20, loss 2.25798698, auc@1 44.91, auc@5 74.04
2021-05-16 09:55:43,998:INFO:[Rank-3] train time 36.8640, epoch  79, step  25, loss 1.12025535, auc@1 69.58, auc@5 92.53, share 0, std_loss 0, 
2021-05-16 09:55:57,358:INFO:[Rank-3] val time 13.3573, epoch  79, step  20, loss 2.51865744, auc@1 41.13, auc@5 70.28
2021-05-16 09:56:33,099:INFO:[Rank-3] train time 35.6087, epoch  80, step  25, loss 1.13209307, auc@1 69.31, auc@5 92.25, share 0, std_loss 0, 
2021-05-16 09:56:46,400:INFO:[Rank-3] val time 13.2988, epoch  80, step  20, loss 2.04913985, auc@1 47.90, auc@5 78.72
2021-05-16 09:57:23,453:INFO:[Rank-3] train time 36.7450, epoch  81, step  25, loss 0.86146772, auc@1 76.85, auc@5 95.24, share 0, std_loss 0, 
2021-05-16 09:57:36,794:INFO:[Rank-3] val time 13.3395, epoch  81, step  20, loss 1.01931580, auc@1 71.95, auc@5 92.74
2021-05-16 09:58:13,661:INFO:[Rank-3] train time 36.5920, epoch  82, step  25, loss 0.65440828, auc@1 82.46, auc@5 97.08, share 0, std_loss 0, 
2021-05-16 09:58:27,011:INFO:[Rank-3] val time 13.3481, epoch  82, step  20, loss 0.94857939, auc@1 73.26, auc@5 93.56
2021-05-16 09:59:03,323:INFO:[Rank-3] train time 36.0544, epoch  83, step  25, loss 0.58635080, auc@1 84.48, auc@5 97.62, share 0, std_loss 0, 
2021-05-16 09:59:16,565:INFO:[Rank-3] val time 13.2397, epoch  83, step  20, loss 0.92181309, auc@1 74.01, auc@5 94.07
2021-05-16 09:59:53,425:INFO:[Rank-3] train time 36.6320, epoch  84, step  25, loss 0.54472315, auc@1 85.67, auc@5 97.84, share 0, std_loss 0, 
2021-05-16 10:00:06,708:INFO:[Rank-3] val time 13.2796, epoch  84, step  20, loss 0.92266312, auc@1 74.41, auc@5 93.84
2021-05-16 10:00:43,661:INFO:[Rank-3] train time 36.6492, epoch  85, step  25, loss 0.50909579, auc@1 86.72, auc@5 98.17, share 0, std_loss 0, 
2021-05-16 10:00:56,869:INFO:[Rank-3] val time 13.2064, epoch  85, step  20, loss 0.89301630, auc@1 75.49, auc@5 93.99
2021-05-16 10:01:33,473:INFO:[Rank-3] train time 36.4479, epoch  86, step  25, loss 0.47654039, auc@1 87.60, auc@5 98.42, share 0, std_loss 0, 
2021-05-16 10:01:46,738:INFO:[Rank-3] val time 13.2630, epoch  86, step  20, loss 0.90528394, auc@1 74.81, auc@5 93.97
2021-05-16 10:02:23,886:INFO:[Rank-3] train time 36.8966, epoch  87, step  25, loss 0.45229578, auc@1 88.51, auc@5 98.51, share 0, std_loss 0, 
2021-05-16 10:02:37,175:INFO:[Rank-3] val time 13.2867, epoch  87, step  20, loss 0.92411122, auc@1 74.58, auc@5 93.78
2021-05-16 10:03:13,670:INFO:[Rank-3] train time 36.2894, epoch  88, step  25, loss 0.42723835, auc@1 89.21, auc@5 98.74, share 0, std_loss 0, 
2021-05-16 10:03:27,195:INFO:[Rank-3] val time 13.5222, epoch  88, step  20, loss 0.92016422, auc@1 74.70, auc@5 94.00
2021-05-16 10:04:03,522:INFO:[Rank-3] train time 36.1481, epoch  89, step  25, loss 0.40295786, auc@1 89.97, auc@5 98.86, share 0, std_loss 0, 
2021-05-16 10:04:16,998:INFO:[Rank-3] val time 13.4741, epoch  89, step  20, loss 0.90390130, auc@1 75.29, auc@5 94.02
2021-05-16 10:04:52,779:INFO:[Rank-3] train time 35.6319, epoch  90, step  25, loss 0.38407201, auc@1 90.57, auc@5 98.99, share 0, std_loss 0, 
2021-05-16 10:05:06,179:INFO:[Rank-3] val time 13.3986, epoch  90, step  20, loss 0.91153153, auc@1 75.33, auc@5 93.79
2021-05-16 10:05:42,417:INFO:[Rank-3] train time 35.9523, epoch  91, step  25, loss 0.36199081, auc@1 91.32, auc@5 99.11, share 0, std_loss 0, 
2021-05-16 10:05:55,861:INFO:[Rank-3] val time 13.4420, epoch  91, step  20, loss 0.90625575, auc@1 75.22, auc@5 93.88
2021-05-16 10:06:31,930:INFO:[Rank-3] train time 35.9274, epoch  92, step  25, loss 0.34253147, auc@1 91.82, auc@5 99.18, share 0, std_loss 0, 
2021-05-16 10:06:45,503:INFO:[Rank-3] val time 13.5699, epoch  92, step  20, loss 0.94849410, auc@1 74.18, auc@5 93.50
2021-05-16 10:07:22,457:INFO:[Rank-3] train time 36.8154, epoch  93, step  25, loss 0.32451588, auc@1 92.40, auc@5 99.32, share 0, std_loss 0, 
2021-05-16 10:07:35,786:INFO:[Rank-3] val time 13.3269, epoch  93, step  20, loss 0.92962514, auc@1 74.72, auc@5 93.76
2021-05-16 10:08:13,647:INFO:[Rank-3] train time 37.4985, epoch  94, step  25, loss 0.31304905, auc@1 92.65, auc@5 99.37, share 0, std_loss 0, 
2021-05-16 10:08:26,890:INFO:[Rank-3] val time 13.2415, epoch  94, step  20, loss 0.94076625, auc@1 74.54, auc@5 93.62
2021-05-16 10:09:03,605:INFO:[Rank-3] train time 36.5700, epoch  95, step  25, loss 0.29925859, auc@1 93.20, auc@5 99.41, share 0, std_loss 0, 
2021-05-16 10:09:17,167:INFO:[Rank-3] val time 13.5595, epoch  95, step  20, loss 0.95141624, auc@1 74.60, auc@5 93.42
2021-05-16 10:09:53,630:INFO:[Rank-3] train time 36.3122, epoch  96, step  25, loss 0.28286633, auc@1 93.56, auc@5 99.47, share 0, std_loss 0, 
2021-05-16 10:10:07,091:INFO:[Rank-3] val time 13.4575, epoch  96, step  20, loss 0.94432090, auc@1 74.88, auc@5 93.51
2021-05-16 10:10:43,797:INFO:[Rank-3] train time 36.3978, epoch  97, step  25, loss 0.26904923, auc@1 94.18, auc@5 99.56, share 0, std_loss 0, 
2021-05-16 10:10:56,981:INFO:[Rank-3] val time 13.1821, epoch  97, step  20, loss 1.02124819, auc@1 72.91, auc@5 92.94
2021-05-16 10:11:33,618:INFO:[Rank-3] train time 36.4431, epoch  98, step  25, loss 0.25794423, auc@1 94.43, auc@5 99.55, share 0, std_loss 0, 
2021-05-16 10:11:46,888:INFO:[Rank-3] val time 13.2674, epoch  98, step  20, loss 1.00261603, auc@1 73.76, auc@5 93.30
2021-05-16 10:12:24,509:INFO:[Rank-3] train time 37.3380, epoch  99, step  25, loss 0.25059426, auc@1 94.52, auc@5 99.61, share 0, std_loss 0, 
2021-05-16 10:12:37,945:INFO:[Rank-3] val time 13.4337, epoch  99, step  20, loss 1.03558500, auc@1 72.76, auc@5 93.05
2021-05-16 10:13:14,436:INFO:[Rank-3] train time 36.2258, epoch 100, step  25, loss 0.23873240, auc@1 94.99, auc@5 99.63, share 0, std_loss 0, 
2021-05-16 10:13:27,859:INFO:[Rank-3] val time 13.4208, epoch 100, step  20, loss 0.99357011, auc@1 74.12, auc@5 93.13
2021-05-16 10:14:04,807:INFO:[Rank-3] train time 36.7943, epoch 101, step  25, loss 0.23135142, auc@1 95.24, auc@5 99.66, share 0, std_loss 0, 
2021-05-16 10:14:17,952:INFO:[Rank-3] val time 13.1420, epoch 101, step  20, loss 1.01006777, auc@1 73.85, auc@5 93.32
2021-05-16 10:14:55,127:INFO:[Rank-3] train time 36.9251, epoch 102, step  25, loss 0.22058968, auc@1 95.48, auc@5 99.72, share 0, std_loss 0, 
2021-05-16 10:15:08,435:INFO:[Rank-3] val time 13.3059, epoch 102, step  20, loss 0.99577124, auc@1 73.83, auc@5 93.53
2021-05-16 10:15:45,353:INFO:[Rank-3] train time 36.7216, epoch 103, step  25, loss 0.21477234, auc@1 95.74, auc@5 99.75, share 0, std_loss 0, 
2021-05-16 10:15:58,688:INFO:[Rank-3] val time 13.3316, epoch 103, step  20, loss 1.06485870, auc@1 72.28, auc@5 92.60
2021-05-16 10:16:34,928:INFO:[Rank-3] train time 36.0095, epoch 104, step  25, loss 0.20757754, auc@1 95.85, auc@5 99.77, share 0, std_loss 0, 
2021-05-16 10:16:48,365:INFO:[Rank-3] val time 13.4344, epoch 104, step  20, loss 1.01202057, auc@1 73.90, auc@5 93.01
2021-05-16 10:17:25,215:INFO:[Rank-3] train time 36.5714, epoch 105, step  25, loss 0.20400012, auc@1 95.97, auc@5 99.76, share 0, std_loss 0, 
2021-05-16 10:17:38,546:INFO:[Rank-3] val time 13.3277, epoch 105, step  20, loss 1.02126856, auc@1 73.60, auc@5 93.01
2021-05-16 10:18:15,001:INFO:[Rank-3] train time 36.2889, epoch 106, step  25, loss 0.18950553, auc@1 96.43, auc@5 99.78, share 0, std_loss 0, 
2021-05-16 10:18:28,416:INFO:[Rank-3] val time 13.4119, epoch 106, step  20, loss 1.07512182, auc@1 72.74, auc@5 92.68
2021-05-16 10:19:04,669:INFO:[Rank-3] train time 36.1124, epoch 107, step  25, loss 0.19087081, auc@1 96.34, auc@5 99.81, share 0, std_loss 0, 
2021-05-16 10:19:18,125:INFO:[Rank-3] val time 13.4535, epoch 107, step  20, loss 1.08243770, auc@1 72.55, auc@5 92.28
2021-05-16 10:19:54,461:INFO:[Rank-3] train time 36.2206, epoch 108, step  25, loss 0.19519217, auc@1 96.19, auc@5 99.80, share 0, std_loss 0, 
2021-05-16 10:20:07,865:INFO:[Rank-3] val time 13.4020, epoch 108, step  20, loss 1.08158740, auc@1 72.52, auc@5 92.64
2021-05-16 10:20:44,234:INFO:[Rank-3] train time 36.1838, epoch 109, step  25, loss 0.18942906, auc@1 96.28, auc@5 99.82, share 0, std_loss 0, 
2021-05-16 10:20:57,590:INFO:[Rank-3] val time 13.3548, epoch 109, step  20, loss 1.05625609, auc@1 73.11, auc@5 92.93
2021-05-16 10:21:34,097:INFO:[Rank-3] train time 36.3040, epoch 110, step  25, loss 0.18575768, auc@1 96.49, auc@5 99.82, share 0, std_loss 0, 
2021-05-16 10:21:47,543:INFO:[Rank-3] val time 13.4446, epoch 110, step  20, loss 1.10923014, auc@1 72.13, auc@5 92.14
2021-05-16 10:22:25,247:INFO:[Rank-3] train time 37.4322, epoch 111, step  25, loss 0.18213934, auc@1 96.51, auc@5 99.84, share 0, std_loss 0, 
2021-05-16 10:22:38,709:INFO:[Rank-3] val time 13.4602, epoch 111, step  20, loss 1.08279383, auc@1 72.72, auc@5 92.70
2021-05-16 10:23:14,758:INFO:[Rank-3] train time 35.8153, epoch 112, step  25, loss 0.17766508, auc@1 96.68, auc@5 99.85, share 0, std_loss 0, 
2021-05-16 10:23:28,138:INFO:[Rank-3] val time 13.3781, epoch 112, step  20, loss 1.10487311, auc@1 72.03, auc@5 92.28
2021-05-16 10:24:04,475:INFO:[Rank-3] train time 36.1504, epoch 113, step  25, loss 0.17792115, auc@1 96.68, auc@5 99.86, share 0, std_loss 0, 
2021-05-16 10:24:17,875:INFO:[Rank-3] val time 13.3975, epoch 113, step  20, loss 1.11428847, auc@1 72.20, auc@5 92.41
2021-05-16 10:24:54,068:INFO:[Rank-3] train time 36.0640, epoch 114, step  25, loss 0.17711185, auc@1 96.66, auc@5 99.86, share 0, std_loss 0, 
2021-05-16 10:25:07,398:INFO:[Rank-3] val time 13.3267, epoch 114, step  20, loss 1.11550828, auc@1 72.27, auc@5 92.19
2021-05-16 10:25:44,189:INFO:[Rank-3] train time 36.5700, epoch 115, step  25, loss 0.17253613, auc@1 96.85, auc@5 99.87, share 0, std_loss 0, 
2021-05-16 10:25:57,576:INFO:[Rank-3] val time 13.3854, epoch 115, step  20, loss 1.15932418, auc@1 71.19, auc@5 92.18
2021-05-16 10:26:34,080:INFO:[Rank-3] train time 36.2937, epoch 116, step  25, loss 0.17734562, auc@1 96.70, auc@5 99.86, share 0, std_loss 0, 
2021-05-16 10:26:47,552:INFO:[Rank-3] val time 13.4691, epoch 116, step  20, loss 1.14976415, auc@1 71.36, auc@5 91.85
2021-05-16 10:27:24,832:INFO:[Rank-3] train time 36.9784, epoch 117, step  25, loss 0.18376014, auc@1 96.31, auc@5 99.87, share 0, std_loss 0, 
2021-05-16 10:27:38,093:INFO:[Rank-3] val time 13.2593, epoch 117, step  20, loss 1.20082791, auc@1 70.16, auc@5 90.99
2021-05-16 10:28:15,251:INFO:[Rank-3] train time 36.9280, epoch 118, step  25, loss 0.18297738, auc@1 96.47, auc@5 99.86, share 0, std_loss 0, 
2021-05-16 10:28:28,649:INFO:[Rank-3] val time 13.3971, epoch 118, step  20, loss 1.11739146, auc@1 72.27, auc@5 92.13
2021-05-16 10:29:05,782:INFO:[Rank-3] train time 36.9342, epoch 119, step  25, loss 0.16878597, auc@1 96.98, auc@5 99.89, share 0, std_loss 0, 
2021-05-16 10:29:19,170:INFO:[Rank-3] val time 13.3845, epoch 119, step  20, loss 1.11117352, auc@1 72.66, auc@5 92.36
2021-05-16 10:29:55,801:INFO:[Rank-3] train time 36.4916, epoch 120, step  25, loss 0.16522563, auc@1 97.00, auc@5 99.89, share 0, std_loss 0, 
2021-05-16 10:30:09,219:INFO:[Rank-3] val time 13.4148, epoch 120, step  20, loss 1.12488374, auc@1 72.00, auc@5 92.10
2021-05-16 10:30:46,134:INFO:[Rank-3] train time 36.7655, epoch 121, step  25, loss 0.16416347, auc@1 96.96, auc@5 99.90, share 0, std_loss 0, 
2021-05-16 10:30:59,526:INFO:[Rank-3] val time 13.3896, epoch 121, step  20, loss 1.16107337, auc@1 71.67, auc@5 91.83
2021-05-16 10:31:36,360:INFO:[Rank-3] train time 36.5878, epoch 122, step  25, loss 0.17200461, auc@1 96.77, auc@5 99.88, share 0, std_loss 0, 
2021-05-16 10:31:49,773:INFO:[Rank-3] val time 13.4102, epoch 122, step  20, loss 1.18243430, auc@1 71.10, auc@5 91.38
2021-05-16 10:32:26,560:INFO:[Rank-3] train time 36.5793, epoch 123, step  25, loss 0.17431937, auc@1 96.72, auc@5 99.86, share 0, std_loss 0, 
2021-05-16 10:32:39,882:INFO:[Rank-3] val time 13.3198, epoch 123, step  20, loss 1.13908707, auc@1 72.02, auc@5 92.05
2021-05-16 10:33:17,030:INFO:[Rank-3] train time 36.9594, epoch 124, step  25, loss 0.19174002, auc@1 96.18, auc@5 99.87, share 0, std_loss 0, 
2021-05-16 10:33:30,754:INFO:[Rank-3] val time 13.7222, epoch 124, step  20, loss 1.19067853, auc@1 70.98, auc@5 91.64
2021-05-16 10:34:07,020:INFO:[Rank-3] train time 35.8814, epoch 125, step  25, loss 0.19343469, auc@1 96.07, auc@5 99.87, share 0, std_loss 0, 
2021-05-16 10:34:20,297:INFO:[Rank-3] val time 13.2746, epoch 125, step  20, loss 1.20814425, auc@1 70.31, auc@5 91.35
2021-05-16 10:34:56,492:INFO:[Rank-3] train time 36.0745, epoch 126, step  25, loss 0.19376859, auc@1 96.06, auc@5 99.85, share 0, std_loss 0, 
2021-05-16 10:35:09,991:INFO:[Rank-3] val time 13.4964, epoch 126, step  20, loss 1.29449706, auc@1 68.76, auc@5 90.44
2021-05-16 10:35:46,214:INFO:[Rank-3] train time 36.0733, epoch 127, step  25, loss 0.18997617, auc@1 96.19, auc@5 99.87, share 0, std_loss 0, 
2021-05-16 10:35:59,559:INFO:[Rank-3] val time 13.3425, epoch 127, step  20, loss 1.21338451, auc@1 70.78, auc@5 91.15
2021-05-16 10:36:35,923:INFO:[Rank-3] train time 36.1066, epoch 128, step  25, loss 0.18706074, auc@1 96.36, auc@5 99.86, share 0, std_loss 0, 
2021-05-16 10:36:49,292:INFO:[Rank-3] val time 13.3671, epoch 128, step  20, loss 1.18798741, auc@1 70.95, auc@5 91.45
2021-05-16 10:37:25,812:INFO:[Rank-3] train time 36.4426, epoch 129, step  25, loss 0.18306203, auc@1 96.44, auc@5 99.89, share 0, std_loss 0, 
2021-05-16 10:37:39,285:INFO:[Rank-3] val time 13.4704, epoch 129, step  20, loss 1.22341004, auc@1 70.21, auc@5 90.93
2021-05-16 10:38:16,668:INFO:[Rank-3] train time 37.1433, epoch 130, step  25, loss 0.18903573, auc@1 96.11, auc@5 99.89, share 0, std_loss 0, 
2021-05-16 10:38:30,205:INFO:[Rank-3] val time 13.5349, epoch 130, step  20, loss 1.21254518, auc@1 70.65, auc@5 91.07
2021-05-16 10:39:07,616:INFO:[Rank-3] train time 37.1395, epoch 131, step  25, loss 0.18366735, auc@1 96.41, auc@5 99.87, share 0, std_loss 0, 
2021-05-16 10:39:20,893:INFO:[Rank-3] val time 13.2743, epoch 131, step  20, loss 1.17253997, auc@1 71.78, auc@5 91.36
2021-05-16 10:39:57,046:INFO:[Rank-3] train time 36.0343, epoch 132, step  25, loss 0.17079605, auc@1 96.82, auc@5 99.91, share 0, std_loss 0, 
2021-05-16 10:40:10,305:INFO:[Rank-3] val time 13.2568, epoch 132, step  20, loss 1.19191225, auc@1 71.24, auc@5 91.68
2021-05-16 10:40:46,623:INFO:[Rank-3] train time 36.1738, epoch 133, step  25, loss 0.16812642, auc@1 96.88, auc@5 99.91, share 0, std_loss 0, 
2021-05-16 10:41:00,062:INFO:[Rank-3] val time 13.4365, epoch 133, step  20, loss 1.24943721, auc@1 69.76, auc@5 90.49
2021-05-16 10:41:36,546:INFO:[Rank-3] train time 36.2237, epoch 134, step  25, loss 0.17762336, auc@1 96.63, auc@5 99.90, share 0, std_loss 0, 
2021-05-16 10:41:49,663:INFO:[Rank-3] val time 13.1151, epoch 134, step  20, loss 1.19161453, auc@1 71.40, auc@5 91.56
2021-05-16 10:42:26,967:INFO:[Rank-3] train time 37.0594, epoch 135, step  25, loss 0.17538045, auc@1 96.62, auc@5 99.90, share 0, std_loss 0, 
2021-05-16 10:42:40,326:INFO:[Rank-3] val time 13.3555, epoch 135, step  20, loss 1.28928325, auc@1 68.59, auc@5 90.02
2021-05-16 10:43:17,508:INFO:[Rank-3] train time 36.9780, epoch 136, step  25, loss 0.17803660, auc@1 96.51, auc@5 99.89, share 0, std_loss 0, 
2021-05-16 10:43:30,818:INFO:[Rank-3] val time 13.3068, epoch 136, step  20, loss 1.23318822, auc@1 69.73, auc@5 91.10
2021-05-16 10:44:08,447:INFO:[Rank-3] train time 37.4683, epoch 137, step  25, loss 0.18354021, auc@1 96.37, auc@5 99.87, share 0, std_loss 0, 
2021-05-16 10:44:22,047:INFO:[Rank-3] val time 13.5957, epoch 137, step  20, loss 1.22979773, auc@1 70.47, auc@5 91.13
2021-05-16 10:44:58,231:INFO:[Rank-3] train time 35.9788, epoch 138, step  25, loss 0.18336959, auc@1 96.37, auc@5 99.88, share 0, std_loss 0, 
2021-05-16 10:45:11,564:INFO:[Rank-3] val time 13.3296, epoch 138, step  20, loss 1.22948753, auc@1 70.24, auc@5 91.28
2021-05-16 10:45:47,797:INFO:[Rank-3] train time 35.9076, epoch 139, step  25, loss 0.17504278, auc@1 96.60, auc@5 99.89, share 0, std_loss 0, 
2021-05-16 10:46:01,087:INFO:[Rank-3] val time 13.2873, epoch 139, step  20, loss 1.26090541, auc@1 69.05, auc@5 90.58
2021-05-16 10:46:38,156:INFO:[Rank-3] train time 36.8663, epoch 140, step  25, loss 0.17127827, auc@1 96.74, auc@5 99.89, share 0, std_loss 0, 
2021-05-16 10:46:51,507:INFO:[Rank-3] val time 13.3483, epoch 140, step  20, loss 1.26427868, auc@1 69.73, auc@5 90.82
2021-05-16 10:47:27,581:INFO:[Rank-3] train time 35.7418, epoch 141, step  25, loss 0.17126471, auc@1 96.76, auc@5 99.90, share 0, std_loss 0, 
2021-05-16 10:47:40,988:INFO:[Rank-3] val time 13.4047, epoch 141, step  20, loss 1.16314475, auc@1 72.02, auc@5 91.66
2021-05-16 10:48:17,130:INFO:[Rank-3] train time 35.9719, epoch 142, step  25, loss 0.16500211, auc@1 97.01, auc@5 99.90, share 0, std_loss 0, 
2021-05-16 10:48:30,714:INFO:[Rank-3] val time 13.5813, epoch 142, step  20, loss 1.15869208, auc@1 72.05, auc@5 92.04
2021-05-16 10:49:06,973:INFO:[Rank-3] train time 35.9803, epoch 143, step  25, loss 0.16865635, auc@1 96.82, auc@5 99.90, share 0, std_loss 0, 
2021-05-16 10:49:20,401:INFO:[Rank-3] val time 13.4252, epoch 143, step  20, loss 1.23930656, auc@1 70.46, auc@5 90.99
2021-05-16 10:49:56,728:INFO:[Rank-3] train time 36.1215, epoch 144, step  25, loss 0.18044825, auc@1 96.44, auc@5 99.87, share 0, std_loss 0, 
2021-05-16 10:50:10,122:INFO:[Rank-3] val time 13.3912, epoch 144, step  20, loss 1.29756128, auc@1 68.50, auc@5 90.21
2021-05-16 10:50:46,428:INFO:[Rank-3] train time 36.0492, epoch 145, step  25, loss 0.18262434, auc@1 96.33, auc@5 99.90, share 0, std_loss 0, 
2021-05-16 10:50:59,780:INFO:[Rank-3] val time 13.3490, epoch 145, step  20, loss 1.27777002, auc@1 69.34, auc@5 90.77
2021-05-16 10:51:37,199:INFO:[Rank-3] train time 37.1628, epoch 146, step  25, loss 0.18199682, auc@1 96.48, auc@5 99.88, share 0, std_loss 0, 
2021-05-16 10:51:50,689:INFO:[Rank-3] val time 13.4877, epoch 146, step  20, loss 1.24387667, auc@1 70.39, auc@5 91.19
2021-05-16 10:52:28,077:INFO:[Rank-3] train time 37.1210, epoch 147, step  25, loss 0.17928554, auc@1 96.52, auc@5 99.91, share 0, std_loss 0, 
2021-05-16 10:52:41,414:INFO:[Rank-3] val time 13.3345, epoch 147, step  20, loss 1.25701113, auc@1 69.98, auc@5 90.46
2021-05-16 10:53:18,090:INFO:[Rank-3] train time 36.4613, epoch 148, step  25, loss 0.18028779, auc@1 96.45, auc@5 99.89, share 0, std_loss 0, 
2021-05-16 10:53:31,444:INFO:[Rank-3] val time 13.3513, epoch 148, step  20, loss 1.21974856, auc@1 70.66, auc@5 91.17
2021-05-16 10:54:08,431:INFO:[Rank-3] train time 36.6762, epoch 149, step  25, loss 0.18070410, auc@1 96.44, auc@5 99.89, share 0, std_loss 0, 
2021-05-16 10:54:21,783:INFO:[Rank-3] val time 13.3493, epoch 149, step  20, loss 1.24825349, auc@1 70.58, auc@5 90.92
2021-05-16 10:54:59,210:INFO:[Rank-3] train time 37.0710, epoch 150, step  25, loss 0.18834558, auc@1 96.15, auc@5 99.83, share 0, std_loss 0, 
2021-05-16 10:55:12,605:INFO:[Rank-3] val time 13.3924, epoch 150, step  20, loss 1.28190454, auc@1 69.14, auc@5 90.66
2021-05-16 10:55:50,070:INFO:[Rank-3] train time 37.3165, epoch 151, step  25, loss 0.18345942, auc@1 96.33, auc@5 99.90, share 0, std_loss 0, 
2021-05-16 10:56:03,462:INFO:[Rank-3] val time 13.3889, epoch 151, step  20, loss 1.29744081, auc@1 69.50, auc@5 90.18
2021-05-16 10:56:40,184:INFO:[Rank-3] train time 36.4590, epoch 152, step  25, loss 0.17430905, auc@1 96.62, auc@5 99.90, share 0, std_loss 0, 
2021-05-16 10:56:54,159:INFO:[Rank-3] val time 13.9705, epoch 152, step  20, loss 1.26824027, auc@1 69.74, auc@5 90.85
2021-05-16 10:57:30,211:INFO:[Rank-3] train time 35.8845, epoch 153, step  25, loss 0.17548716, auc@1 96.55, auc@5 99.90, share 0, std_loss 0, 
2021-05-16 10:57:43,620:INFO:[Rank-3] val time 13.4069, epoch 153, step  20, loss 1.31828512, auc@1 69.50, auc@5 90.04
2021-05-16 10:58:19,775:INFO:[Rank-3] train time 35.9972, epoch 154, step  25, loss 0.18247521, auc@1 96.39, auc@5 99.87, share 0, std_loss 0, 
2021-05-16 10:58:33,225:INFO:[Rank-3] val time 13.4472, epoch 154, step  20, loss 1.25562335, auc@1 69.72, auc@5 90.61
2021-05-16 10:59:09,776:INFO:[Rank-3] train time 36.2913, epoch 155, step  25, loss 0.18422687, auc@1 96.28, auc@5 99.88, share 0, std_loss 0, 
2021-05-16 10:59:23,354:INFO:[Rank-3] val time 13.5751, epoch 155, step  20, loss 1.33375105, auc@1 68.40, auc@5 89.92
2021-05-16 11:00:00,320:INFO:[Rank-3] train time 36.7490, epoch 156, step  25, loss 0.17528172, auc@1 96.57, auc@5 99.87, share 0, std_loss 0, 
2021-05-16 11:00:13,649:INFO:[Rank-3] val time 13.3266, epoch 156, step  20, loss 1.26894236, auc@1 69.83, auc@5 90.87
2021-05-16 11:00:50,262:INFO:[Rank-3] train time 36.4705, epoch 157, step  25, loss 0.16924487, auc@1 96.76, auc@5 99.90, share 0, std_loss 0, 
2021-05-16 11:01:03,398:INFO:[Rank-3] val time 13.1329, epoch 157, step  20, loss 1.23577326, auc@1 70.49, auc@5 90.94
2021-05-16 11:01:40,429:INFO:[Rank-3] train time 36.8783, epoch 158, step  25, loss 0.17162597, auc@1 96.72, auc@5 99.90, share 0, std_loss 0, 
2021-05-16 11:01:53,684:INFO:[Rank-3] val time 13.2522, epoch 158, step  20, loss 1.29578517, auc@1 69.95, auc@5 90.20
2021-05-16 11:02:30,180:INFO:[Rank-3] train time 36.3773, epoch 159, step  25, loss 0.16896480, auc@1 96.69, auc@5 99.92, share 0, std_loss 0, 
2021-05-16 11:02:43,541:INFO:[Rank-3] val time 13.3582, epoch 159, step  20, loss 1.22967992, auc@1 71.04, auc@5 90.92
2021-05-16 11:03:19,630:INFO:[Rank-3] train time 35.9040, epoch 160, step  25, loss 0.17537129, auc@1 96.63, auc@5 99.89, share 0, std_loss 0, 
2021-05-16 11:03:32,988:INFO:[Rank-3] val time 13.3552, epoch 160, step  20, loss 1.37811668, auc@1 67.39, auc@5 89.16
2021-05-16 11:04:09,196:INFO:[Rank-3] train time 36.0365, epoch 161, step  25, loss 0.11490425, auc@1 98.44, auc@5 99.97, share 0, std_loss 0, 
2021-05-16 11:04:22,355:INFO:[Rank-3] val time 13.1566, epoch 161, step  20, loss 0.99366745, auc@1 76.01, auc@5 93.44
2021-05-16 11:04:58,711:INFO:[Rank-3] train time 36.1718, epoch 162, step  25, loss 0.07616383, auc@1 99.49, auc@5 99.99, share 0, std_loss 0, 
2021-05-16 11:05:11,989:INFO:[Rank-3] val time 13.2759, epoch 162, step  20, loss 0.95726166, auc@1 76.87, auc@5 93.77
2021-05-16 11:05:49,176:INFO:[Rank-3] train time 36.9065, epoch 163, step  25, loss 0.06824944, auc@1 99.65, auc@5 99.99, share 0, std_loss 0, 
2021-05-16 11:06:02,643:INFO:[Rank-3] val time 13.4633, epoch 163, step  20, loss 0.94376288, auc@1 77.05, auc@5 93.81
2021-05-16 11:06:38,989:INFO:[Rank-3] train time 36.0434, epoch 164, step  25, loss 0.06348997, auc@1 99.72, auc@5 99.99, share 0, std_loss 0, 
2021-05-16 11:06:52,212:INFO:[Rank-3] val time 13.2205, epoch 164, step  20, loss 0.94193320, auc@1 77.06, auc@5 94.05
2021-05-16 11:07:29,044:INFO:[Rank-3] train time 36.6651, epoch 165, step  25, loss 0.06124305, auc@1 99.75, auc@5 100.00, share 0, std_loss 0, 
2021-05-16 11:07:42,403:INFO:[Rank-3] val time 13.3565, epoch 165, step  20, loss 0.94374620, auc@1 77.06, auc@5 93.90
2021-05-16 11:08:19,859:INFO:[Rank-3] train time 37.2409, epoch 166, step  25, loss 0.05844374, auc@1 99.81, auc@5 100.00, share 0, std_loss 0, 
2021-05-16 11:08:33,145:INFO:[Rank-3] val time 13.2835, epoch 166, step  20, loss 0.94012777, auc@1 77.13, auc@5 93.99
2021-05-16 11:09:09,966:INFO:[Rank-3] train time 36.6662, epoch 167, step  25, loss 0.05830348, auc@1 99.79, auc@5 99.99, share 0, std_loss 0, 
2021-05-16 11:09:23,548:INFO:[Rank-3] val time 13.5798, epoch 167, step  20, loss 0.93775271, auc@1 77.22, auc@5 94.05
2021-05-16 11:09:59,736:INFO:[Rank-3] train time 35.9000, epoch 168, step  25, loss 0.05689344, auc@1 99.82, auc@5 100.00, share 0, std_loss 0, 
2021-05-16 11:10:13,299:INFO:[Rank-3] val time 13.5603, epoch 168, step  20, loss 0.93877368, auc@1 77.23, auc@5 93.98
2021-05-16 11:10:49,815:INFO:[Rank-3] train time 36.3344, epoch 169, step  25, loss 0.05536230, auc@1 99.86, auc@5 100.00, share 0, std_loss 0, 
2021-05-16 11:11:03,186:INFO:[Rank-3] val time 13.3687, epoch 169, step  20, loss 0.93393659, auc@1 77.25, auc@5 94.06
2021-05-16 11:11:40,433:INFO:[Rank-3] train time 37.0067, epoch 170, step  25, loss 0.05478188, auc@1 99.87, auc@5 100.00, share 0, std_loss 0, 
2021-05-16 11:11:53,900:INFO:[Rank-3] val time 13.4640, epoch 170, step  20, loss 0.93508094, auc@1 77.23, auc@5 94.10
2021-05-16 11:12:30,417:INFO:[Rank-3] train time 36.3455, epoch 171, step  25, loss 0.05381728, auc@1 99.86, auc@5 99.99, share 0, std_loss 0, 
2021-05-16 11:12:43,592:INFO:[Rank-3] val time 13.1718, epoch 171, step  20, loss 0.93514022, auc@1 77.11, auc@5 94.04
2021-05-16 11:13:20,160:INFO:[Rank-3] train time 36.3497, epoch 172, step  25, loss 0.05396276, auc@1 99.85, auc@5 100.00, share 0, std_loss 0, 
2021-05-16 11:13:34,064:INFO:[Rank-3] val time 13.9019, epoch 172, step  20, loss 0.93545049, auc@1 77.26, auc@5 94.02
2021-05-16 11:14:10,910:INFO:[Rank-3] train time 36.5287, epoch 173, step  25, loss 0.05309982, auc@1 99.88, auc@5 100.00, share 0, std_loss 0, 
2021-05-16 11:14:24,137:INFO:[Rank-3] val time 13.2243, epoch 173, step  20, loss 0.93289599, auc@1 77.09, auc@5 94.00
2021-05-16 11:15:00,985:INFO:[Rank-3] train time 36.7012, epoch 174, step  25, loss 0.05194627, auc@1 99.89, auc@5 100.00, share 0, std_loss 0, 
2021-05-16 11:15:14,303:INFO:[Rank-3] val time 13.3156, epoch 174, step  20, loss 0.93364335, auc@1 77.11, auc@5 94.03
2021-05-16 11:15:50,610:INFO:[Rank-3] train time 36.1041, epoch 175, step  25, loss 0.05235283, auc@1 99.87, auc@5 100.00, share 0, std_loss 0, 
2021-05-16 11:16:04,108:INFO:[Rank-3] val time 13.4950, epoch 175, step  20, loss 0.93231102, auc@1 76.97, auc@5 94.11
2021-05-16 11:16:40,901:INFO:[Rank-3] train time 36.6366, epoch 176, step  25, loss 0.05175716, auc@1 99.89, auc@5 100.00, share 0, std_loss 0, 
2021-05-16 11:16:54,223:INFO:[Rank-3] val time 13.3200, epoch 176, step  20, loss 0.93261754, auc@1 77.16, auc@5 94.08
2021-05-16 11:17:30,798:INFO:[Rank-3] train time 36.2683, epoch 177, step  25, loss 0.05189322, auc@1 99.91, auc@5 100.00, share 0, std_loss 0, 
2021-05-16 11:17:44,369:INFO:[Rank-3] val time 13.5686, epoch 177, step  20, loss 0.93044723, auc@1 77.43, auc@5 93.96
2021-05-16 11:18:20,816:INFO:[Rank-3] train time 36.1840, epoch 178, step  25, loss 0.05153891, auc@1 99.90, auc@5 100.00, share 0, std_loss 0, 
2021-05-16 11:18:34,200:INFO:[Rank-3] val time 13.3813, epoch 178, step  20, loss 0.93153351, auc@1 77.43, auc@5 94.02
2021-05-16 11:19:11,600:INFO:[Rank-3] train time 37.1742, epoch 179, step  25, loss 0.05109458, auc@1 99.91, auc@5 100.00, share 0, std_loss 0, 
2021-05-16 11:19:25,019:INFO:[Rank-3] val time 13.4170, epoch 179, step  20, loss 0.93347368, auc@1 77.47, auc@5 93.95
2021-05-16 11:20:02,035:INFO:[Rank-3] train time 36.8651, epoch 180, step  25, loss 0.05105277, auc@1 99.90, auc@5 100.00, share 0, std_loss 0, 
2021-05-16 11:20:15,454:INFO:[Rank-3] val time 13.4160, epoch 180, step  20, loss 0.93214081, auc@1 77.40, auc@5 94.03
2021-05-16 11:20:52,040:INFO:[Rank-3] train time 36.2641, epoch 181, step  25, loss 0.05015003, auc@1 99.92, auc@5 100.00, share 0, std_loss 0, 
2021-05-16 11:21:05,329:INFO:[Rank-3] val time 13.2866, epoch 181, step  20, loss 0.93216244, auc@1 77.36, auc@5 94.03
2021-05-16 11:21:41,898:INFO:[Rank-3] train time 36.3179, epoch 182, step  25, loss 0.05056154, auc@1 99.89, auc@5 100.00, share 0, std_loss 0, 
2021-05-16 11:21:55,197:INFO:[Rank-3] val time 13.2964, epoch 182, step  20, loss 0.93264117, auc@1 77.33, auc@5 93.88
2021-05-16 11:22:31,984:INFO:[Rank-3] train time 36.5299, epoch 183, step  25, loss 0.05051258, auc@1 99.91, auc@5 100.00, share 0, std_loss 0, 
2021-05-16 11:22:45,398:INFO:[Rank-3] val time 13.4124, epoch 183, step  20, loss 0.92997492, auc@1 77.29, auc@5 93.96
2021-05-16 11:23:21,670:INFO:[Rank-3] train time 36.0658, epoch 184, step  25, loss 0.04988623, auc@1 99.91, auc@5 100.00, share 0, std_loss 0, 
2021-05-16 11:23:34,833:INFO:[Rank-3] val time 13.1597, epoch 184, step  20, loss 0.92830263, auc@1 77.54, auc@5 93.91
2021-05-16 11:24:11,275:INFO:[Rank-3] train time 36.1357, epoch 185, step  25, loss 0.05033036, auc@1 99.92, auc@5 100.00, share 0, std_loss 0, 
2021-05-16 11:24:24,675:INFO:[Rank-3] val time 13.3982, epoch 185, step  20, loss 0.93077497, auc@1 77.47, auc@5 93.89
2021-05-16 11:25:01,173:INFO:[Rank-3] train time 36.3271, epoch 186, step  25, loss 0.04976634, auc@1 99.92, auc@5 100.00, share 0, std_loss 0, 
2021-05-16 11:25:14,588:INFO:[Rank-3] val time 13.4127, epoch 186, step  20, loss 0.93022144, auc@1 77.43, auc@5 93.95
2021-05-16 11:25:51,494:INFO:[Rank-3] train time 36.7576, epoch 187, step  25, loss 0.04959631, auc@1 99.90, auc@5 100.00, share 0, std_loss 0, 
2021-05-16 11:26:04,947:INFO:[Rank-3] val time 13.4505, epoch 187, step  20, loss 0.93035774, auc@1 77.34, auc@5 93.92
2021-05-16 11:26:41,534:INFO:[Rank-3] train time 36.3611, epoch 188, step  25, loss 0.04987140, auc@1 99.91, auc@5 100.00, share 0, std_loss 0, 
2021-05-16 11:26:54,978:INFO:[Rank-3] val time 13.4407, epoch 188, step  20, loss 0.93293637, auc@1 77.37, auc@5 93.97
2021-05-16 11:27:31,282:INFO:[Rank-3] train time 36.0529, epoch 189, step  25, loss 0.04927420, auc@1 99.94, auc@5 100.00, share 0, std_loss 0, 
2021-05-16 11:27:44,671:INFO:[Rank-3] val time 13.3859, epoch 189, step  20, loss 0.92950473, auc@1 77.50, auc@5 94.08
2021-05-16 11:28:20,929:INFO:[Rank-3] train time 36.2103, epoch 190, step  25, loss 0.04952997, auc@1 99.92, auc@5 100.00, share 0, std_loss 0, 
2021-05-16 11:28:34,360:INFO:[Rank-3] val time 13.4268, epoch 190, step  20, loss 0.93058094, auc@1 77.48, auc@5 93.89
2021-05-16 11:29:11,132:INFO:[Rank-3] train time 36.5616, epoch 191, step  25, loss 0.04999906, auc@1 99.92, auc@5 100.00, share 0, std_loss 0, 
2021-05-16 11:29:24,510:INFO:[Rank-3] val time 13.3754, epoch 191, step  20, loss 0.93218855, auc@1 77.41, auc@5 93.98
2021-05-16 11:30:01,253:INFO:[Rank-3] train time 36.5073, epoch 192, step  25, loss 0.04901868, auc@1 99.93, auc@5 100.00, share 0, std_loss 0, 
2021-05-16 11:30:14,526:INFO:[Rank-3] val time 13.2709, epoch 192, step  20, loss 0.93441474, auc@1 77.47, auc@5 93.91
2021-05-16 11:30:51,399:INFO:[Rank-3] train time 36.7566, epoch 193, step  25, loss 0.04977147, auc@1 99.92, auc@5 100.00, share 0, std_loss 0, 
2021-05-16 11:31:04,891:INFO:[Rank-3] val time 13.4897, epoch 193, step  20, loss 0.93561178, auc@1 77.34, auc@5 93.83
2021-05-16 11:31:40,832:INFO:[Rank-3] train time 35.7407, epoch 194, step  25, loss 0.04945826, auc@1 99.91, auc@5 100.00, share 0, std_loss 0, 
2021-05-16 11:31:54,112:INFO:[Rank-3] val time 13.2781, epoch 194, step  20, loss 0.93192213, auc@1 77.48, auc@5 94.02
2021-05-16 11:32:31,145:INFO:[Rank-3] train time 36.7596, epoch 195, step  25, loss 0.04950849, auc@1 99.93, auc@5 100.00, share 0, std_loss 0, 
2021-05-16 11:32:44,621:INFO:[Rank-3] val time 13.4739, epoch 195, step  20, loss 0.93186907, auc@1 77.29, auc@5 93.94
2021-05-16 11:33:21,081:INFO:[Rank-3] train time 36.2308, epoch 196, step  25, loss 0.04921567, auc@1 99.93, auc@5 100.00, share 0, std_loss 0, 
2021-05-16 11:33:34,500:INFO:[Rank-3] val time 13.4170, epoch 196, step  20, loss 0.93258406, auc@1 77.43, auc@5 93.97
2021-05-16 11:34:11,669:INFO:[Rank-3] train time 36.9024, epoch 197, step  25, loss 0.04918524, auc@1 99.94, auc@5 100.00, share 0, std_loss 0, 
2021-05-16 11:34:25,052:INFO:[Rank-3] val time 13.3812, epoch 197, step  20, loss 0.93416055, auc@1 77.41, auc@5 93.98
2021-05-16 11:35:01,934:INFO:[Rank-3] train time 36.6206, epoch 198, step  25, loss 0.04892656, auc@1 99.92, auc@5 100.00, share 0, std_loss 0, 
2021-05-16 11:35:14,907:INFO:[Rank-3] val time 12.9711, epoch 198, step  20, loss 0.93139947, auc@1 77.41, auc@5 94.03
2021-05-16 11:35:52,533:INFO:[Rank-3] train time 37.3958, epoch 199, step  25, loss 0.04947543, auc@1 99.94, auc@5 100.00, share 0, std_loss 0, 
2021-05-16 11:36:05,830:INFO:[Rank-3] val time 13.2949, epoch 199, step  20, loss 0.93298123, auc@1 77.36, auc@5 94.06
2021-05-16 11:36:42,095:INFO:[Rank-3] train time 36.0423, epoch 200, step  25, loss 0.04874064, auc@1 99.93, auc@5 100.00, share 0, std_loss 0, 
2021-05-16 11:36:55,719:INFO:[Rank-3] val time 13.6216, epoch 200, step  20, loss 0.93107347, auc@1 77.48, auc@5 94.08
2021-05-16 11:37:32,184:INFO:[Rank-3] train time 36.3122, epoch 201, step  25, loss 0.04915648, auc@1 99.93, auc@5 100.00, share 0, std_loss 0, 
2021-05-16 11:37:45,693:INFO:[Rank-3] val time 13.5068, epoch 201, step  20, loss 0.93253219, auc@1 77.42, auc@5 93.97
2021-05-16 11:38:22,268:INFO:[Rank-3] train time 36.4362, epoch 202, step  25, loss 0.04936200, auc@1 99.94, auc@5 100.00, share 0, std_loss 0, 
2021-05-16 11:38:35,456:INFO:[Rank-3] val time 13.1866, epoch 202, step  20, loss 0.92937449, auc@1 77.43, auc@5 94.07
2021-05-16 11:39:12,261:INFO:[Rank-3] train time 36.7055, epoch 203, step  25, loss 0.04914590, auc@1 99.95, auc@5 100.00, share 0, std_loss 0, 
2021-05-16 11:39:25,564:INFO:[Rank-3] val time 13.3002, epoch 203, step  20, loss 0.93457487, auc@1 77.45, auc@5 93.93
2021-05-16 11:40:02,346:INFO:[Rank-3] train time 36.5439, epoch 204, step  25, loss 0.04894303, auc@1 99.93, auc@5 100.00, share 0, std_loss 0, 
2021-05-16 11:40:15,766:INFO:[Rank-3] val time 13.4170, epoch 204, step  20, loss 0.93152053, auc@1 77.53, auc@5 94.10
2021-05-16 11:40:52,869:INFO:[Rank-3] train time 36.8290, epoch 205, step  25, loss 0.04912069, auc@1 99.93, auc@5 100.00, share 0, std_loss 0, 
2021-05-16 11:41:06,240:INFO:[Rank-3] val time 13.3684, epoch 205, step  20, loss 0.93320302, auc@1 77.42, auc@5 93.89
2021-05-16 11:41:42,381:INFO:[Rank-3] train time 35.9389, epoch 206, step  25, loss 0.04948072, auc@1 99.93, auc@5 100.00, share 0, std_loss 0, 
2021-05-16 11:41:55,817:INFO:[Rank-3] val time 13.4337, epoch 206, step  20, loss 0.93283139, auc@1 77.49, auc@5 93.99
2021-05-16 11:42:32,620:INFO:[Rank-3] train time 36.5587, epoch 207, step  25, loss 0.04933761, auc@1 99.95, auc@5 100.00, share 0, std_loss 0, 
2021-05-16 11:42:46,064:INFO:[Rank-3] val time 13.4418, epoch 207, step  20, loss 0.93536093, auc@1 77.35, auc@5 94.00
2021-05-16 11:43:22,499:INFO:[Rank-3] train time 36.3497, epoch 208, step  25, loss 0.04932467, auc@1 99.93, auc@5 100.00, share 0, std_loss 0, 
2021-05-16 11:43:35,850:INFO:[Rank-3] val time 13.3491, epoch 208, step  20, loss 0.93224334, auc@1 77.36, auc@5 93.98
2021-05-16 11:44:12,429:INFO:[Rank-3] train time 36.3419, epoch 209, step  25, loss 0.04911581, auc@1 99.96, auc@5 100.00, share 0, std_loss 0, 
2021-05-16 11:44:25,774:INFO:[Rank-3] val time 13.3420, epoch 209, step  20, loss 0.93482669, auc@1 77.41, auc@5 93.98
2021-05-16 11:45:02,116:INFO:[Rank-3] train time 36.0667, epoch 210, step  25, loss 0.04936368, auc@1 99.94, auc@5 100.00, share 0, std_loss 0, 
2021-05-16 11:45:15,432:INFO:[Rank-3] val time 13.3138, epoch 210, step  20, loss 0.93479544, auc@1 77.26, auc@5 93.98
2021-05-16 11:45:52,102:INFO:[Rank-3] train time 36.4921, epoch 211, step  25, loss 0.04897827, auc@1 99.93, auc@5 100.00, share 0, std_loss 0, 
2021-05-16 11:46:05,485:INFO:[Rank-3] val time 13.3803, epoch 211, step  20, loss 0.93006464, auc@1 77.46, auc@5 94.00
2021-05-16 11:46:42,471:INFO:[Rank-3] train time 36.8137, epoch 212, step  25, loss 0.04926609, auc@1 99.95, auc@5 100.00, share 0, std_loss 0, 
2021-05-16 11:46:55,911:INFO:[Rank-3] val time 13.4371, epoch 212, step  20, loss 0.93194464, auc@1 77.47, auc@5 94.02
2021-05-16 11:47:32,438:INFO:[Rank-3] train time 36.2847, epoch 213, step  25, loss 0.04924423, auc@1 99.94, auc@5 100.00, share 0, std_loss 0, 
2021-05-16 11:47:45,632:INFO:[Rank-3] val time 13.1911, epoch 213, step  20, loss 0.93027769, auc@1 77.51, auc@5 93.95
2021-05-16 11:48:23,940:INFO:[Rank-3] train time 38.0836, epoch 214, step  25, loss 0.04934482, auc@1 99.94, auc@5 100.00, share 0, std_loss 0, 
2021-05-16 11:48:37,342:INFO:[Rank-3] val time 13.3995, epoch 214, step  20, loss 0.93396901, auc@1 77.37, auc@5 93.93
2021-05-16 11:49:13,934:INFO:[Rank-3] train time 36.3284, epoch 215, step  25, loss 0.04942880, auc@1 99.94, auc@5 100.00, share 0, std_loss 0, 
2021-05-16 11:49:27,246:INFO:[Rank-3] val time 13.3101, epoch 215, step  20, loss 0.93223204, auc@1 77.28, auc@5 93.97
2021-05-16 11:50:04,096:INFO:[Rank-3] train time 36.5770, epoch 216, step  25, loss 0.04900473, auc@1 99.95, auc@5 100.00, share 0, std_loss 0, 
2021-05-16 11:50:17,595:INFO:[Rank-3] val time 13.4971, epoch 216, step  20, loss 0.93405158, auc@1 77.39, auc@5 93.96
2021-05-16 11:50:54,150:INFO:[Rank-3] train time 36.2687, epoch 217, step  25, loss 0.04952514, auc@1 99.93, auc@5 100.00, share 0, std_loss 0, 
2021-05-16 11:51:07,536:INFO:[Rank-3] val time 13.3843, epoch 217, step  20, loss 0.93104631, auc@1 77.41, auc@5 94.02
2021-05-16 11:51:44,097:INFO:[Rank-3] train time 36.3074, epoch 218, step  25, loss 0.04947360, auc@1 99.95, auc@5 100.00, share 0, std_loss 0, 
2021-05-16 11:51:57,354:INFO:[Rank-3] val time 13.2546, epoch 218, step  20, loss 0.93377096, auc@1 77.45, auc@5 93.87
2021-05-16 11:52:34,274:INFO:[Rank-3] train time 36.7025, epoch 219, step  25, loss 0.04918692, auc@1 99.94, auc@5 100.00, share 0, std_loss 0, 
2021-05-16 11:52:47,726:INFO:[Rank-3] val time 13.4491, epoch 219, step  20, loss 0.93192827, auc@1 77.33, auc@5 93.95
2021-05-16 11:53:24,267:INFO:[Rank-3] train time 36.2756, epoch 220, step  25, loss 0.04937263, auc@1 99.94, auc@5 100.00, share 0, std_loss 0, 
2021-05-16 11:53:37,559:INFO:[Rank-3] val time 13.2898, epoch 220, step  20, loss 0.93218932, auc@1 77.47, auc@5 94.03
2021-05-16 11:54:14,539:INFO:[Rank-3] train time 36.7463, epoch 221, step  25, loss 0.04937615, auc@1 99.95, auc@5 100.00, share 0, std_loss 0, 
2021-05-16 11:54:28,046:INFO:[Rank-3] val time 13.5044, epoch 221, step  20, loss 0.93109674, auc@1 77.48, auc@5 93.94
2021-05-16 11:55:03,977:INFO:[Rank-3] train time 35.7839, epoch 222, step  25, loss 0.04897791, auc@1 99.95, auc@5 100.00, share 0, std_loss 0, 
2021-05-16 11:55:17,376:INFO:[Rank-3] val time 13.3968, epoch 222, step  20, loss 0.93444164, auc@1 77.34, auc@5 94.04
2021-05-16 11:55:53,834:INFO:[Rank-3] train time 36.2963, epoch 223, step  25, loss 0.04934001, auc@1 99.95, auc@5 100.00, share 0, std_loss 0, 
2021-05-16 11:56:07,248:INFO:[Rank-3] val time 13.4103, epoch 223, step  20, loss 0.93091295, auc@1 77.39, auc@5 94.05
2021-05-16 11:56:43,889:INFO:[Rank-3] train time 36.4214, epoch 224, step  25, loss 0.04926120, auc@1 99.96, auc@5 100.00, share 0, std_loss 0, 
2021-05-16 11:56:57,567:INFO:[Rank-3] val time 13.6747, epoch 224, step  20, loss 0.93290737, auc@1 77.26, auc@5 94.08
2021-05-16 11:57:33,650:INFO:[Rank-3] train time 35.9413, epoch 225, step  25, loss 0.04963882, auc@1 99.94, auc@5 100.00, share 0, std_loss 0, 
2021-05-16 11:57:46,970:INFO:[Rank-3] val time 13.3175, epoch 225, step  20, loss 0.93182079, auc@1 77.37, auc@5 94.06
2021-05-16 11:58:23,423:INFO:[Rank-3] train time 36.2602, epoch 226, step  25, loss 0.04938168, auc@1 99.95, auc@5 100.00, share 0, std_loss 0, 
2021-05-16 11:58:36,777:INFO:[Rank-3] val time 13.3518, epoch 226, step  20, loss 0.92996674, auc@1 77.54, auc@5 94.04
2021-05-16 11:59:14,063:INFO:[Rank-3] train time 36.9799, epoch 227, step  25, loss 0.04996430, auc@1 99.94, auc@5 100.00, share 0, std_loss 0, 
2021-05-16 11:59:27,737:INFO:[Rank-3] val time 13.6718, epoch 227, step  20, loss 0.92963554, auc@1 77.61, auc@5 94.15
2021-05-16 12:00:05,438:INFO:[Rank-3] train time 37.4110, epoch 228, step  25, loss 0.04947806, auc@1 99.96, auc@5 100.00, share 0, std_loss 0, 
2021-05-16 12:00:18,977:INFO:[Rank-3] val time 13.5367, epoch 228, step  20, loss 0.92929546, auc@1 77.45, auc@5 94.02
2021-05-16 12:00:55,378:INFO:[Rank-3] train time 36.2445, epoch 229, step  25, loss 0.04949808, auc@1 99.96, auc@5 100.00, share 0, std_loss 0, 
2021-05-16 12:01:08,716:INFO:[Rank-3] val time 13.3353, epoch 229, step  20, loss 0.92854099, auc@1 77.56, auc@5 94.02
2021-05-16 12:01:45,123:INFO:[Rank-3] train time 36.1290, epoch 230, step  25, loss 0.04980217, auc@1 99.95, auc@5 100.00, share 0, std_loss 0, 
2021-05-16 12:01:58,565:INFO:[Rank-3] val time 13.4398, epoch 230, step  20, loss 0.93064427, auc@1 77.55, auc@5 94.18
2021-05-16 12:02:35,380:INFO:[Rank-3] train time 36.6239, epoch 231, step  25, loss 0.04929230, auc@1 99.96, auc@5 100.00, share 0, std_loss 0, 
2021-05-16 12:02:48,598:INFO:[Rank-3] val time 13.2157, epoch 231, step  20, loss 0.93038929, auc@1 77.49, auc@5 94.16
2021-05-16 12:03:25,362:INFO:[Rank-3] train time 36.4670, epoch 232, step  25, loss 0.04995496, auc@1 99.95, auc@5 100.00, share 0, std_loss 0, 
2021-05-16 12:03:38,754:INFO:[Rank-3] val time 13.3885, epoch 232, step  20, loss 0.93159311, auc@1 77.34, auc@5 94.02
2021-05-16 12:04:15,506:INFO:[Rank-3] train time 36.4791, epoch 233, step  25, loss 0.05005917, auc@1 99.96, auc@5 100.00, share 0, std_loss 0, 
2021-05-16 12:04:28,847:INFO:[Rank-3] val time 13.3379, epoch 233, step  20, loss 0.92986622, auc@1 77.46, auc@5 94.13
2021-05-16 12:05:05,390:INFO:[Rank-3] train time 36.2851, epoch 234, step  25, loss 0.04941432, auc@1 99.96, auc@5 100.00, share 0, std_loss 0, 
2021-05-16 12:05:18,723:INFO:[Rank-3] val time 13.3307, epoch 234, step  20, loss 0.93109798, auc@1 77.51, auc@5 94.04
2021-05-16 12:05:55,299:INFO:[Rank-3] train time 36.3208, epoch 235, step  25, loss 0.04979919, auc@1 99.94, auc@5 100.00, share 0, std_loss 0, 
2021-05-16 12:06:08,718:INFO:[Rank-3] val time 13.4160, epoch 235, step  20, loss 0.93076457, auc@1 77.37, auc@5 94.01
2021-05-16 12:06:44,955:INFO:[Rank-3] train time 36.0653, epoch 236, step  25, loss 0.04977787, auc@1 99.96, auc@5 100.00, share 0, std_loss 0, 
2021-05-16 12:06:58,602:INFO:[Rank-3] val time 13.6447, epoch 236, step  20, loss 0.93330886, auc@1 77.53, auc@5 93.98
2021-05-16 12:07:35,277:INFO:[Rank-3] train time 36.4228, epoch 237, step  25, loss 0.05014723, auc@1 99.95, auc@5 100.00, share 0, std_loss 0, 
2021-05-16 12:07:48,838:INFO:[Rank-3] val time 13.5574, epoch 237, step  20, loss 0.93064676, auc@1 77.51, auc@5 94.01
2021-05-16 12:08:25,791:INFO:[Rank-3] train time 36.7420, epoch 238, step  25, loss 0.05023376, auc@1 99.95, auc@5 100.00, share 0, std_loss 0, 
2021-05-16 12:08:39,156:INFO:[Rank-3] val time 13.3627, epoch 238, step  20, loss 0.92898869, auc@1 77.54, auc@5 94.02
2021-05-16 12:09:15,715:INFO:[Rank-3] train time 36.2890, epoch 239, step  25, loss 0.04990703, auc@1 99.95, auc@5 100.00, share 0, std_loss 0, 
2021-05-16 12:09:29,268:INFO:[Rank-3] val time 13.5503, epoch 239, step  20, loss 0.93055427, auc@1 77.57, auc@5 94.03
2021-05-16 12:10:06,242:INFO:[Rank-3] train time 36.6239, epoch 240, step  25, loss 0.04938690, auc@1 99.96, auc@5 100.00, share 0, std_loss 0, 
2021-05-16 12:10:19,679:INFO:[Rank-3] val time 13.4342, epoch 240, step  20, loss 0.93104871, auc@1 77.60, auc@5 94.02
2021-05-16 12:10:56,330:INFO:[Rank-3] train time 36.5353, epoch 241, step  25, loss 0.04960008, auc@1 99.96, auc@5 100.00, share 0, std_loss 0, 
2021-05-16 12:11:09,817:INFO:[Rank-3] val time 13.4845, epoch 241, step  20, loss 0.93177333, auc@1 77.36, auc@5 94.00
2021-05-16 12:11:45,965:INFO:[Rank-3] train time 35.8783, epoch 242, step  25, loss 0.04965279, auc@1 99.97, auc@5 100.00, share 0, std_loss 0, 
2021-05-16 12:11:59,358:INFO:[Rank-3] val time 13.3901, epoch 242, step  20, loss 0.93106509, auc@1 77.50, auc@5 94.10
2021-05-16 12:12:36,544:INFO:[Rank-3] train time 37.0337, epoch 243, step  25, loss 0.05031896, auc@1 99.95, auc@5 100.00, share 0, std_loss 0, 
2021-05-16 12:12:49,920:INFO:[Rank-3] val time 13.3732, epoch 243, step  20, loss 0.93185322, auc@1 77.40, auc@5 94.03
2021-05-16 12:13:26,870:INFO:[Rank-3] train time 36.7477, epoch 244, step  25, loss 0.05002084, auc@1 99.96, auc@5 100.00, share 0, std_loss 0, 
2021-05-16 12:13:40,152:INFO:[Rank-3] val time 13.2788, epoch 244, step  20, loss 0.93041898, auc@1 77.60, auc@5 94.04
2021-05-16 12:14:17,190:INFO:[Rank-3] train time 36.7184, epoch 245, step  25, loss 0.04995994, auc@1 99.97, auc@5 100.00, share 0, std_loss 0, 
2021-05-16 12:14:30,598:INFO:[Rank-3] val time 13.4050, epoch 245, step  20, loss 0.93160762, auc@1 77.31, auc@5 94.08
2021-05-16 12:15:07,326:INFO:[Rank-3] train time 36.5761, epoch 246, step  25, loss 0.04976191, auc@1 99.97, auc@5 100.00, share 0, std_loss 0, 
2021-05-16 12:15:20,683:INFO:[Rank-3] val time 13.3539, epoch 246, step  20, loss 0.92994596, auc@1 77.51, auc@5 94.03
2021-05-16 12:15:56,939:INFO:[Rank-3] train time 36.0578, epoch 247, step  25, loss 0.04982335, auc@1 99.96, auc@5 100.00, share 0, std_loss 0, 
2021-05-16 12:16:10,372:INFO:[Rank-3] val time 13.4308, epoch 247, step  20, loss 0.92948801, auc@1 77.57, auc@5 93.94
2021-05-16 12:16:45,910:INFO:[Rank-3] train time 35.2227, epoch 248, step  25, loss 0.04954862, auc@1 99.97, auc@5 100.00, share 0, std_loss 0, 
2021-05-16 12:16:59,380:INFO:[Rank-3] val time 13.4676, epoch 248, step  20, loss 0.93153560, auc@1 77.66, auc@5 94.00
2021-05-16 12:17:35,686:INFO:[Rank-3] train time 36.1146, epoch 249, step  25, loss 0.05004892, auc@1 99.95, auc@5 100.00, share 0, std_loss 0, 
2021-05-16 12:17:49,004:INFO:[Rank-3] val time 13.3147, epoch 249, step  20, loss 0.93068656, auc@1 77.61, auc@5 94.04
2021-05-16 12:18:25,776:INFO:[Rank-3] train time 36.5546, epoch 250, step  25, loss 0.04968856, auc@1 99.96, auc@5 100.00, share 0, std_loss 0, 
2021-05-16 12:18:39,274:INFO:[Rank-3] val time 13.4956, epoch 250, step  20, loss 0.93134542, auc@1 77.45, auc@5 94.02
2021-05-16 12:19:15,749:INFO:[Rank-3] train time 36.2443, epoch 251, step  25, loss 0.04998787, auc@1 99.96, auc@5 100.00, share 0, std_loss 0, 
2021-05-16 12:19:29,005:INFO:[Rank-3] val time 13.2543, epoch 251, step  20, loss 0.93123204, auc@1 77.50, auc@5 94.00
2021-05-16 12:20:06,306:INFO:[Rank-3] train time 37.0456, epoch 252, step  25, loss 0.04950363, auc@1 99.96, auc@5 100.00, share 0, std_loss 0, 
2021-05-16 12:20:19,820:INFO:[Rank-3] val time 13.5124, epoch 252, step  20, loss 0.92852841, auc@1 77.50, auc@5 94.05
2021-05-16 12:20:55,730:INFO:[Rank-3] train time 35.7231, epoch 253, step  25, loss 0.04972267, auc@1 99.96, auc@5 100.00, share 0, std_loss 0, 
2021-05-16 12:21:09,048:INFO:[Rank-3] val time 13.3152, epoch 253, step  20, loss 0.92820833, auc@1 77.64, auc@5 94.17
2021-05-16 12:21:45,343:INFO:[Rank-3] train time 36.0565, epoch 254, step  25, loss 0.04964431, auc@1 99.97, auc@5 100.00, share 0, std_loss 0, 
2021-05-16 12:21:58,631:INFO:[Rank-3] val time 13.2858, epoch 254, step  20, loss 0.92983129, auc@1 77.64, auc@5 93.99
2021-05-16 12:22:35,266:INFO:[Rank-3] train time 36.4215, epoch 255, step  25, loss 0.05005056, auc@1 99.95, auc@5 100.00, share 0, std_loss 0, 
2021-05-16 12:22:48,509:INFO:[Rank-3] val time 13.2402, epoch 255, step  20, loss 0.92931176, auc@1 77.40, auc@5 94.01
2021-05-16 12:23:25,348:INFO:[Rank-3] train time 36.6267, epoch 256, step  25, loss 0.04955858, auc@1 99.97, auc@5 100.00, share 0, std_loss 0, 
2021-05-16 12:23:38,613:INFO:[Rank-3] val time 13.2617, epoch 256, step  20, loss 0.93181062, auc@1 77.53, auc@5 94.10
2021-05-16 12:24:15,913:INFO:[Rank-3] train time 36.9600, epoch 257, step  25, loss 0.04987782, auc@1 99.96, auc@5 100.00, share 0, std_loss 0, 
2021-05-16 12:24:29,276:INFO:[Rank-3] val time 13.3605, epoch 257, step  20, loss 0.93080135, auc@1 77.47, auc@5 94.02
2021-05-16 12:25:06,080:INFO:[Rank-3] train time 36.6172, epoch 258, step  25, loss 0.04951959, auc@1 99.96, auc@5 100.00, share 0, std_loss 0, 
2021-05-16 12:25:19,535:INFO:[Rank-3] val time 13.4522, epoch 258, step  20, loss 0.93078705, auc@1 77.47, auc@5 94.06
2021-05-16 12:25:55,722:INFO:[Rank-3] train time 35.8379, epoch 259, step  25, loss 0.04980371, auc@1 99.96, auc@5 100.00, share 0, std_loss 0, 
2021-05-16 12:26:09,282:INFO:[Rank-3] val time 13.5573, epoch 259, step  20, loss 0.93001845, auc@1 77.56, auc@5 94.05
2021-05-16 12:26:45,708:INFO:[Rank-3] train time 36.2717, epoch 260, step  25, loss 0.04982447, auc@1 99.96, auc@5 100.00, share 0, std_loss 0, 
2021-05-16 12:26:59,026:INFO:[Rank-3] val time 13.3156, epoch 260, step  20, loss 0.93036746, auc@1 77.54, auc@5 94.18
2021-05-16 12:27:35,542:INFO:[Rank-3] train time 36.2450, epoch 261, step  25, loss 0.04953094, auc@1 99.97, auc@5 100.00, share 0, std_loss 0, 
2021-05-16 12:27:48,760:INFO:[Rank-3] val time 13.2152, epoch 261, step  20, loss 0.92918466, auc@1 77.58, auc@5 94.07
2021-05-16 12:28:25,578:INFO:[Rank-3] train time 36.6866, epoch 262, step  25, loss 0.04928065, auc@1 99.96, auc@5 100.00, share 0, std_loss 0, 
2021-05-16 12:28:38,865:INFO:[Rank-3] val time 13.2845, epoch 262, step  20, loss 0.93005913, auc@1 77.61, auc@5 94.10
2021-05-16 12:29:15,601:INFO:[Rank-3] train time 36.5563, epoch 263, step  25, loss 0.04952129, auc@1 99.96, auc@5 100.00, share 0, std_loss 0, 
2021-05-16 12:29:29,048:INFO:[Rank-3] val time 13.4447, epoch 263, step  20, loss 0.92865881, auc@1 77.62, auc@5 94.05
2021-05-16 12:30:05,423:INFO:[Rank-3] train time 36.2179, epoch 264, step  25, loss 0.04952676, auc@1 99.95, auc@5 100.00, share 0, std_loss 0, 
2021-05-16 12:30:18,706:INFO:[Rank-3] val time 13.2804, epoch 264, step  20, loss 0.93089529, auc@1 77.53, auc@5 94.04
2021-05-16 12:30:55,463:INFO:[Rank-3] train time 36.5392, epoch 265, step  25, loss 0.05039435, auc@1 99.96, auc@5 100.00, share 0, std_loss 0, 
2021-05-16 12:31:08,779:INFO:[Rank-3] val time 13.3122, epoch 265, step  20, loss 0.93083349, auc@1 77.60, auc@5 94.11
2021-05-16 12:31:45,439:INFO:[Rank-3] train time 36.5242, epoch 266, step  25, loss 0.04969073, auc@1 99.96, auc@5 100.00, share 0, std_loss 0, 
2021-05-16 12:31:58,738:INFO:[Rank-3] val time 13.2963, epoch 266, step  20, loss 0.93089141, auc@1 77.44, auc@5 94.10
2021-05-16 12:32:35,873:INFO:[Rank-3] train time 36.9990, epoch 267, step  25, loss 0.04959255, auc@1 99.96, auc@5 100.00, share 0, std_loss 0, 
2021-05-16 12:32:49,393:INFO:[Rank-3] val time 13.5178, epoch 267, step  20, loss 0.93036323, auc@1 77.47, auc@5 93.98
2021-05-16 12:33:25,552:INFO:[Rank-3] train time 35.9157, epoch 268, step  25, loss 0.04978325, auc@1 99.96, auc@5 100.00, share 0, std_loss 0, 
2021-05-16 12:33:38,968:INFO:[Rank-3] val time 13.4128, epoch 268, step  20, loss 0.92923347, auc@1 77.49, auc@5 94.10
2021-05-16 12:34:14,857:INFO:[Rank-3] train time 35.6497, epoch 269, step  25, loss 0.04947453, auc@1 99.97, auc@5 100.00, share 0, std_loss 0, 
2021-05-16 12:34:28,370:INFO:[Rank-3] val time 13.5098, epoch 269, step  20, loss 0.93029654, auc@1 77.63, auc@5 94.01
2021-05-16 12:35:04,752:INFO:[Rank-3] train time 36.1761, epoch 270, step  25, loss 0.05004572, auc@1 99.95, auc@5 100.00, share 0, std_loss 0, 
2021-05-16 12:35:18,236:INFO:[Rank-3] val time 13.4807, epoch 270, step  20, loss 0.93126005, auc@1 77.49, auc@5 94.11
2021-05-16 12:35:55,150:INFO:[Rank-3] train time 36.7853, epoch 271, step  25, loss 0.04980562, auc@1 99.95, auc@5 100.00, share 0, std_loss 0, 
2021-05-16 12:36:08,450:INFO:[Rank-3] val time 13.2978, epoch 271, step  20, loss 0.93067669, auc@1 77.57, auc@5 94.00
2021-05-16 12:36:44,487:INFO:[Rank-3] train time 35.8622, epoch 272, step  25, loss 0.05013567, auc@1 99.97, auc@5 100.00, share 0, std_loss 0, 
2021-05-16 12:36:57,806:INFO:[Rank-3] val time 13.3166, epoch 272, step  20, loss 0.93016641, auc@1 77.45, auc@5 93.94
2021-05-16 12:37:34,424:INFO:[Rank-3] train time 36.4526, epoch 273, step  25, loss 0.05005054, auc@1 99.96, auc@5 100.00, share 0, std_loss 0, 
2021-05-16 12:37:47,730:INFO:[Rank-3] val time 13.3038, epoch 273, step  20, loss 0.92997400, auc@1 77.61, auc@5 94.01
2021-05-16 12:38:24,315:INFO:[Rank-3] train time 36.4646, epoch 274, step  25, loss 0.04960732, auc@1 99.96, auc@5 100.00, share 0, std_loss 0, 
2021-05-16 12:38:38,142:INFO:[Rank-3] val time 13.8242, epoch 274, step  20, loss 0.93073743, auc@1 77.55, auc@5 94.21
2021-05-16 12:39:14,716:INFO:[Rank-3] train time 36.3840, epoch 275, step  25, loss 0.04964163, auc@1 99.97, auc@5 100.00, share 0, std_loss 0, 
2021-05-16 12:39:28,032:INFO:[Rank-3] val time 13.3127, epoch 275, step  20, loss 0.92902154, auc@1 77.62, auc@5 94.08
2021-05-16 12:40:04,766:INFO:[Rank-3] train time 36.6445, epoch 276, step  25, loss 0.04984159, auc@1 99.96, auc@5 100.00, share 0, std_loss 0, 
2021-05-16 12:40:18,372:INFO:[Rank-3] val time 13.6027, epoch 276, step  20, loss 0.93116127, auc@1 77.43, auc@5 94.03
2021-05-16 12:40:54,382:INFO:[Rank-3] train time 35.6812, epoch 277, step  25, loss 0.04967565, auc@1 99.96, auc@5 100.00, share 0, std_loss 0, 
2021-05-16 12:41:07,757:INFO:[Rank-3] val time 13.3725, epoch 277, step  20, loss 0.93153690, auc@1 77.54, auc@5 94.01
2021-05-16 12:41:44,163:INFO:[Rank-3] train time 36.1845, epoch 278, step  25, loss 0.04974003, auc@1 99.95, auc@5 100.00, share 0, std_loss 0, 
2021-05-16 12:41:57,422:INFO:[Rank-3] val time 13.2566, epoch 278, step  20, loss 0.92888583, auc@1 77.68, auc@5 93.97
2021-05-16 12:42:34,009:INFO:[Rank-3] train time 36.3614, epoch 279, step  25, loss 0.05009033, auc@1 99.96, auc@5 100.00, share 0, std_loss 0, 
2021-05-16 12:42:47,429:INFO:[Rank-3] val time 13.4177, epoch 279, step  20, loss 0.92959392, auc@1 77.55, auc@5 94.07
2021-05-16 12:43:24,256:INFO:[Rank-3] train time 36.6229, epoch 280, step  25, loss 0.04957425, auc@1 99.96, auc@5 100.00, share 0, std_loss 0, 
2021-05-16 12:43:37,562:INFO:[Rank-3] val time 13.3044, epoch 280, step  20, loss 0.93220573, auc@1 77.46, auc@5 93.98
2021-05-16 12:44:14,247:INFO:[Rank-3] train time 36.5574, epoch 281, step  25, loss 0.04940818, auc@1 99.97, auc@5 100.00, share 0, std_loss 0, 
2021-05-16 12:44:27,279:INFO:[Rank-3] val time 13.0301, epoch 281, step  20, loss 0.93013774, auc@1 77.51, auc@5 94.06
2021-05-16 12:45:04,687:INFO:[Rank-3] train time 37.2428, epoch 282, step  25, loss 0.04964998, auc@1 99.97, auc@5 100.00, share 0, std_loss 0, 
2021-05-16 12:45:18,169:INFO:[Rank-3] val time 13.4789, epoch 282, step  20, loss 0.92945418, auc@1 77.47, auc@5 94.04
2021-05-16 12:45:54,830:INFO:[Rank-3] train time 36.4171, epoch 283, step  25, loss 0.04967629, auc@1 99.96, auc@5 100.00, share 0, std_loss 0, 
2021-05-16 12:46:08,194:INFO:[Rank-3] val time 13.3618, epoch 283, step  20, loss 0.93064391, auc@1 77.54, auc@5 94.01
2021-05-16 12:46:45,253:INFO:[Rank-3] train time 36.8597, epoch 284, step  25, loss 0.04959694, auc@1 99.96, auc@5 100.00, share 0, std_loss 0, 
2021-05-16 12:46:58,787:INFO:[Rank-3] val time 13.5309, epoch 284, step  20, loss 0.92856188, auc@1 77.68, auc@5 94.10
2021-05-16 12:47:35,765:INFO:[Rank-3] train time 36.8461, epoch 285, step  25, loss 0.05006740, auc@1 99.96, auc@5 100.00, share 0, std_loss 0, 
2021-05-16 12:47:49,117:INFO:[Rank-3] val time 13.3495, epoch 285, step  20, loss 0.93137321, auc@1 77.46, auc@5 94.01
2021-05-16 12:48:25,539:INFO:[Rank-3] train time 36.4160, epoch 286, step  25, loss 0.04999366, auc@1 99.96, auc@5 100.00, share 0, std_loss 0, 
2021-05-16 12:48:39,035:INFO:[Rank-3] val time 13.4905, epoch 286, step  20, loss 0.93164908, auc@1 77.48, auc@5 94.07
2021-05-16 12:49:15,390:INFO:[Rank-3] train time 36.1075, epoch 287, step  25, loss 0.05000361, auc@1 99.96, auc@5 100.00, share 0, std_loss 0, 
2021-05-16 12:49:28,806:INFO:[Rank-3] val time 13.4129, epoch 287, step  20, loss 0.93154755, auc@1 77.41, auc@5 94.08
2021-05-16 12:50:05,098:INFO:[Rank-3] train time 36.2410, epoch 288, step  25, loss 0.04995313, auc@1 99.96, auc@5 100.00, share 0, std_loss 0, 
2021-05-16 12:50:18,541:INFO:[Rank-3] val time 13.4400, epoch 288, step  20, loss 0.93075161, auc@1 77.56, auc@5 93.98
2021-05-16 12:50:55,833:INFO:[Rank-3] train time 37.2027, epoch 289, step  25, loss 0.05010639, auc@1 99.95, auc@5 100.00, share 0, std_loss 0, 
2021-05-16 12:51:09,361:INFO:[Rank-3] val time 13.5254, epoch 289, step  20, loss 0.93119678, auc@1 77.62, auc@5 94.16
2021-05-16 12:51:44,899:INFO:[Rank-3] train time 35.4048, epoch 290, step  25, loss 0.05016807, auc@1 99.98, auc@5 100.00, share 0, std_loss 0, 
2021-05-16 12:51:58,422:INFO:[Rank-3] val time 13.5195, epoch 290, step  20, loss 0.93207785, auc@1 77.43, auc@5 94.06
2021-05-16 12:52:35,125:INFO:[Rank-3] train time 36.4933, epoch 291, step  25, loss 0.04975595, auc@1 99.96, auc@5 100.00, share 0, std_loss 0, 
2021-05-16 12:52:48,392:INFO:[Rank-3] val time 13.2651, epoch 291, step  20, loss 0.93058003, auc@1 77.54, auc@5 93.99
2021-05-16 12:53:25,505:INFO:[Rank-3] train time 36.7974, epoch 292, step  25, loss 0.04979276, auc@1 99.97, auc@5 100.00, share 0, std_loss 0, 
2021-05-16 12:53:38,993:INFO:[Rank-3] val time 13.4851, epoch 292, step  20, loss 0.92992790, auc@1 77.44, auc@5 94.05
2021-05-16 12:54:15,896:INFO:[Rank-3] train time 36.7628, epoch 293, step  25, loss 0.05037430, auc@1 99.95, auc@5 100.00, share 0, std_loss 0, 
2021-05-16 12:54:29,226:INFO:[Rank-3] val time 13.3269, epoch 293, step  20, loss 0.93085471, auc@1 77.45, auc@5 94.08
2021-05-16 12:55:05,132:INFO:[Rank-3] train time 35.8194, epoch 294, step  25, loss 0.04995220, auc@1 99.97, auc@5 100.00, share 0, std_loss 0, 
2021-05-16 12:55:18,514:INFO:[Rank-3] val time 13.3784, epoch 294, step  20, loss 0.93011610, auc@1 77.55, auc@5 94.02
2021-05-16 12:55:55,076:INFO:[Rank-3] train time 36.3799, epoch 295, step  25, loss 0.05018558, auc@1 99.96, auc@5 100.00, share 0, std_loss 0, 
2021-05-16 12:56:08,573:INFO:[Rank-3] val time 13.4952, epoch 295, step  20, loss 0.93045205, auc@1 77.42, auc@5 94.06
2021-05-16 12:56:45,470:INFO:[Rank-3] train time 36.7687, epoch 296, step  25, loss 0.04977238, auc@1 99.97, auc@5 100.00, share 0, std_loss 0, 
2021-05-16 12:56:58,871:INFO:[Rank-3] val time 13.3987, epoch 296, step  20, loss 0.92962982, auc@1 77.59, auc@5 94.03
2021-05-16 12:57:35,295:INFO:[Rank-3] train time 36.2448, epoch 297, step  25, loss 0.04978195, auc@1 99.96, auc@5 100.00, share 0, std_loss 0, 
2021-05-16 12:57:48,516:INFO:[Rank-3] val time 13.2189, epoch 297, step  20, loss 0.93020715, auc@1 77.51, auc@5 94.13
2021-05-16 12:58:25,715:INFO:[Rank-3] train time 36.9451, epoch 298, step  25, loss 0.04989995, auc@1 99.95, auc@5 100.00, share 0, std_loss 0, 
2021-05-16 12:58:39,219:INFO:[Rank-3] val time 13.5001, epoch 298, step  20, loss 0.93067673, auc@1 77.44, auc@5 94.01
2021-05-16 12:59:16,185:INFO:[Rank-3] train time 36.7174, epoch 299, step  25, loss 0.04980280, auc@1 99.97, auc@5 100.00, share 0, std_loss 0, 
2021-05-16 12:59:29,503:INFO:[Rank-3] val time 13.3165, epoch 299, step  20, loss 0.93123680, auc@1 77.42, auc@5 94.09
2021-05-16 13:00:05,775:INFO:[Rank-3] train time 36.0696, epoch 300, step  25, loss 0.04954402, auc@1 99.97, auc@5 100.00, share 0, std_loss 0, 
2021-05-16 13:00:19,317:INFO:[Rank-3] val time 13.5397, epoch 300, step  20, loss 0.93036855, auc@1 77.55, auc@5 94.07
2021-05-16 13:00:19,317:INFO:[Rank-3] finish, train+val 15020.89197, train 11005.36231, reduce_count   0
