2021-05-31 09:28:16,349:INFO:[Rank-0] args : Namespace(batch=1024, current_time='20210531_003353', dataset='cifar100', epochs=200, ip='192.168.1.1:7548', k=8, loss_std_gap_rate=1.0, lr=0.05, momentum=0.6, name='async2(k=8)', rank=0, scheduler_step=80, train_type='async2', weight_decay=0.0005, world=4)
2021-05-31 09:28:54,349:INFO:[Rank-0] train time 36.4532, epoch   1, step  49, loss 4.71282196, auc@1 2.85, auc@5 11.31, share 7, std_loss 0, pre_std_loss 0, 
2021-05-31 09:29:10,481:INFO:[Rank-0] val time 16.1251, epoch   1, step  40, loss 4.23898424, auc@1 4.47, auc@5 18.76
2021-05-31 09:29:46,178:INFO:[Rank-0] train time 35.5322, epoch   2, step  49, loss 4.20108700, auc@1 6.09, auc@5 22.01, share 7, std_loss 0, pre_std_loss 0, 
2021-05-31 09:30:01,778:INFO:[Rank-0] val time 15.5968, epoch   2, step  40, loss 4.02280236, auc@1 7.25, auc@5 26.63
2021-05-31 09:30:39,169:INFO:[Rank-0] train time 35.3087, epoch   3, step  49, loss 3.98911405, auc@1 8.46, auc@5 27.81, share 7, std_loss 0, pre_std_loss 0, 
2021-05-31 09:30:55,151:INFO:[Rank-0] val time 15.9781, epoch   3, step  40, loss 3.80667530, auc@1 10.51, auc@5 32.37
2021-05-31 09:31:32,193:INFO:[Rank-0] train time 35.3446, epoch   4, step  49, loss 3.85085225, auc@1 10.24, auc@5 31.94, share 7, std_loss 0, pre_std_loss 0, 
2021-05-31 09:31:47,756:INFO:[Rank-0] val time 15.5591, epoch   4, step  40, loss 3.79451304, auc@1 10.63, auc@5 33.04
2021-05-31 09:32:25,158:INFO:[Rank-0] train time 35.5916, epoch   5, step  49, loss 3.74169803, auc@1 11.93, auc@5 35.25, share 7, std_loss 0, pre_std_loss 0, 
2021-05-31 09:32:41,056:INFO:[Rank-0] val time 15.8931, epoch   5, step  40, loss 3.58603057, auc@1 14.77, auc@5 38.78
2021-05-31 09:33:18,847:INFO:[Rank-0] train time 35.7367, epoch   6, step  49, loss 3.62286305, auc@1 13.71, auc@5 38.98, share 7, std_loss 0, pre_std_loss 0, 
2021-05-31 09:33:34,792:INFO:[Rank-0] val time 15.9404, epoch   6, step  40, loss 3.53898385, auc@1 15.07, auc@5 40.67
2021-05-31 09:34:14,645:INFO:[Rank-0] train time 35.5050, epoch   7, step  49, loss 3.51760101, auc@1 15.40, auc@5 42.29, share 7, std_loss 0, pre_std_loss 0, 
2021-05-31 09:34:30,630:INFO:[Rank-0] val time 15.9809, epoch   7, step  40, loss 3.46908625, auc@1 16.24, auc@5 43.74
2021-05-31 09:35:08,166:INFO:[Rank-0] train time 35.0874, epoch   8, step  49, loss 3.40435624, auc@1 17.40, auc@5 45.16, share 7, std_loss 0, pre_std_loss 0, 
2021-05-31 09:35:23,857:INFO:[Rank-0] val time 15.6857, epoch   8, step  40, loss 3.28785242, auc@1 19.92, auc@5 48.32
2021-05-31 09:36:01,671:INFO:[Rank-0] train time 35.3968, epoch   9, step  49, loss 3.30699992, auc@1 18.95, auc@5 47.79, share 7, std_loss 0, pre_std_loss 0, 
2021-05-31 09:36:17,630:INFO:[Rank-0] val time 15.9537, epoch   9, step  40, loss 3.18799457, auc@1 21.77, auc@5 49.90
2021-05-31 09:36:55,468:INFO:[Rank-0] train time 35.1927, epoch  10, step  49, loss 3.21809602, auc@1 20.33, auc@5 49.99, share 7, std_loss 0, pre_std_loss 0, 
2021-05-31 09:37:11,119:INFO:[Rank-0] val time 15.6461, epoch  10, step  40, loss 3.37070588, auc@1 19.83, auc@5 47.64
2021-05-31 09:37:48,722:INFO:[Rank-0] train time 35.2026, epoch  11, step  49, loss 3.13200927, auc@1 21.81, auc@5 52.47, share 7, std_loss 0, pre_std_loss 0, 
2021-05-31 09:38:04,483:INFO:[Rank-0] val time 15.7566, epoch  11, step  40, loss 3.12413071, auc@1 23.15, auc@5 53.29
2021-05-31 09:38:43,515:INFO:[Rank-0] train time 36.3254, epoch  12, step  49, loss 3.04016399, auc@1 23.87, auc@5 54.62, share 7, std_loss 0, pre_std_loss 0, 
2021-05-31 09:38:59,692:INFO:[Rank-0] val time 16.1720, epoch  12, step  40, loss 3.16022348, auc@1 21.81, auc@5 53.18
2021-05-31 09:39:37,385:INFO:[Rank-0] train time 35.8760, epoch  13, step  49, loss 2.96295428, auc@1 25.21, auc@5 56.59, share 7, std_loss 0, pre_std_loss 0, 
2021-05-31 09:39:53,064:INFO:[Rank-0] val time 15.6753, epoch  13, step  40, loss 3.09686456, auc@1 24.04, auc@5 55.62
2021-05-31 09:40:31,155:INFO:[Rank-0] train time 35.8852, epoch  14, step  49, loss 2.88491821, auc@1 26.62, auc@5 58.60, share 7, std_loss 0, pre_std_loss 0, 
2021-05-31 09:40:46,818:INFO:[Rank-0] val time 15.6589, epoch  14, step  40, loss 2.80319162, auc@1 28.60, auc@5 60.68
2021-05-31 09:41:24,410:INFO:[Rank-0] train time 35.8717, epoch  15, step  49, loss 2.79271007, auc@1 28.64, auc@5 60.86, share 7, std_loss 0, pre_std_loss 0, 
2021-05-31 09:41:40,058:INFO:[Rank-0] val time 15.6439, epoch  15, step  40, loss 2.71308849, auc@1 30.02, auc@5 63.60
2021-05-31 09:42:17,942:INFO:[Rank-0] train time 35.5446, epoch  16, step  49, loss 2.72083592, auc@1 29.98, auc@5 62.60, share 7, std_loss 0, pre_std_loss 0, 
2021-05-31 09:42:33,761:INFO:[Rank-0] val time 15.8143, epoch  16, step  40, loss 2.72253769, auc@1 30.32, auc@5 63.31
2021-05-31 09:43:11,590:INFO:[Rank-0] train time 35.4068, epoch  17, step  49, loss 2.64351177, auc@1 31.48, auc@5 64.56, share 7, std_loss 0, pre_std_loss 0, 
2021-05-31 09:43:27,247:INFO:[Rank-0] val time 15.6527, epoch  17, step  40, loss 2.72385249, auc@1 30.93, auc@5 62.74
2021-05-31 09:44:05,227:INFO:[Rank-0] train time 35.4491, epoch  18, step  49, loss 2.56287074, auc@1 32.99, auc@5 66.13, share 7, std_loss 0, pre_std_loss 0, 
2021-05-31 09:44:21,114:INFO:[Rank-0] val time 15.8834, epoch  18, step  40, loss 2.55301633, auc@1 33.20, auc@5 67.13
2021-05-31 09:44:58,743:INFO:[Rank-0] train time 35.3166, epoch  19, step  49, loss 2.51134396, auc@1 34.43, auc@5 67.30, share 7, std_loss 0, pre_std_loss 0, 
2021-05-31 09:45:14,569:INFO:[Rank-0] val time 15.8224, epoch  19, step  40, loss 2.81817614, auc@1 31.55, auc@5 63.25
2021-05-31 09:45:51,873:INFO:[Rank-0] train time 35.2261, epoch  20, step  49, loss 2.43429995, auc@1 35.61, auc@5 69.15, share 7, std_loss 0, pre_std_loss 0, 
2021-05-31 09:46:08,048:INFO:[Rank-0] val time 16.1713, epoch  20, step  40, loss 2.52589226, auc@1 34.43, auc@5 67.58
2021-05-31 09:46:44,940:INFO:[Rank-0] train time 35.2929, epoch  21, step  49, loss 2.36678338, auc@1 37.23, auc@5 70.47, share 7, std_loss 0, pre_std_loss 0, 
2021-05-31 09:47:00,764:INFO:[Rank-0] val time 15.8204, epoch  21, step  40, loss 2.26921662, auc@1 39.38, auc@5 72.02
2021-05-31 09:47:38,958:INFO:[Rank-0] train time 35.5912, epoch  22, step  49, loss 2.29546165, auc@1 38.67, auc@5 72.10, share 7, std_loss 0, pre_std_loss 0, 
2021-05-31 09:47:54,801:INFO:[Rank-0] val time 15.8384, epoch  22, step  40, loss 2.35608267, auc@1 39.33, auc@5 71.03
2021-05-31 09:48:32,821:INFO:[Rank-0] train time 35.4713, epoch  23, step  49, loss 2.24416351, auc@1 39.58, auc@5 73.19, share 7, std_loss 0, pre_std_loss 0, 
2021-05-31 09:48:48,438:INFO:[Rank-0] val time 15.6129, epoch  23, step  40, loss 2.42673086, auc@1 37.72, auc@5 70.27
2021-05-31 09:49:26,469:INFO:[Rank-0] train time 35.5793, epoch  24, step  49, loss 2.19428086, auc@1 40.94, auc@5 74.16, share 7, std_loss 0, pre_std_loss 0, 
2021-05-31 09:49:42,119:INFO:[Rank-0] val time 15.6454, epoch  24, step  40, loss 2.31238213, auc@1 40.19, auc@5 72.04
2021-05-31 09:50:19,786:INFO:[Rank-0] train time 35.2908, epoch  25, step  49, loss 2.13142157, auc@1 42.03, auc@5 75.58, share 7, std_loss 0, pre_std_loss 0, 
2021-05-31 09:50:35,234:INFO:[Rank-0] val time 15.4442, epoch  25, step  40, loss 2.26779988, auc@1 40.81, auc@5 73.58
2021-05-31 09:51:12,851:INFO:[Rank-0] train time 35.2447, epoch  26, step  49, loss 2.08244848, auc@1 43.13, auc@5 76.50, share 7, std_loss 0, pre_std_loss 0, 
2021-05-31 09:51:28,573:INFO:[Rank-0] val time 15.7179, epoch  26, step  40, loss 2.29768098, auc@1 40.65, auc@5 72.85
2021-05-31 09:52:05,822:INFO:[Rank-0] train time 35.2706, epoch  27, step  49, loss 2.02944040, auc@1 44.75, auc@5 77.52, share 7, std_loss 0, pre_std_loss 0, 
2021-05-31 09:52:21,423:INFO:[Rank-0] val time 15.5984, epoch  27, step  40, loss 2.27056586, auc@1 40.54, auc@5 73.13
2021-05-31 09:52:58,756:INFO:[Rank-0] train time 35.2508, epoch  28, step  49, loss 1.98238564, auc@1 45.61, auc@5 78.43, share 7, std_loss 0, pre_std_loss 0, 
2021-05-31 09:53:14,350:INFO:[Rank-0] val time 15.5902, epoch  28, step  40, loss 2.21898379, auc@1 42.22, auc@5 73.53
2021-05-31 09:53:51,809:INFO:[Rank-0] train time 35.1105, epoch  29, step  49, loss 1.95044589, auc@1 46.50, auc@5 79.09, share 7, std_loss 0, pre_std_loss 0, 
2021-05-31 09:54:07,623:INFO:[Rank-0] val time 15.8099, epoch  29, step  40, loss 2.10127236, auc@1 44.41, auc@5 75.66
2021-05-31 09:54:44,390:INFO:[Rank-0] train time 35.3237, epoch  30, step  49, loss 1.90712810, auc@1 47.41, auc@5 79.78, share 7, std_loss 0, pre_std_loss 0, 
2021-05-31 09:55:00,282:INFO:[Rank-0] val time 15.8878, epoch  30, step  40, loss 2.06704446, auc@1 44.93, auc@5 76.32
2021-05-31 09:55:37,548:INFO:[Rank-0] train time 35.8097, epoch  31, step  49, loss 1.86199355, auc@1 48.45, auc@5 80.65, share 7, std_loss 0, pre_std_loss 0, 
2021-05-31 09:55:53,807:INFO:[Rank-0] val time 16.2555, epoch  31, step  40, loss 2.18545775, auc@1 43.00, auc@5 74.52
2021-05-31 09:56:29,857:INFO:[Rank-0] train time 35.0455, epoch  32, step  49, loss 1.81912386, auc@1 49.40, auc@5 81.34, share 7, std_loss 0, pre_std_loss 0, 
2021-05-31 09:56:45,519:INFO:[Rank-0] val time 15.6585, epoch  32, step  40, loss 2.09189236, auc@1 44.11, auc@5 75.98
2021-05-31 09:57:22,431:INFO:[Rank-0] train time 34.9912, epoch  33, step  49, loss 1.77515292, auc@1 50.49, auc@5 82.08, share 7, std_loss 0, pre_std_loss 0, 
2021-05-31 09:57:37,944:INFO:[Rank-0] val time 15.5082, epoch  33, step  40, loss 2.04726646, auc@1 45.27, auc@5 77.80
2021-05-31 09:58:14,949:INFO:[Rank-0] train time 35.0694, epoch  34, step  49, loss 1.74149263, auc@1 51.41, auc@5 82.63, share 7, std_loss 0, pre_std_loss 0, 
2021-05-31 09:58:30,538:INFO:[Rank-0] val time 15.5839, epoch  34, step  40, loss 1.95113412, auc@1 47.89, auc@5 79.20
2021-05-31 09:59:07,055:INFO:[Rank-0] train time 35.1785, epoch  35, step  49, loss 1.71677840, auc@1 52.06, auc@5 83.05, share 7, std_loss 0, pre_std_loss 0, 
2021-05-31 09:59:22,920:INFO:[Rank-0] val time 15.8613, epoch  35, step  40, loss 1.98257643, auc@1 46.72, auc@5 78.70
2021-05-31 10:00:00,010:INFO:[Rank-0] train time 35.0791, epoch  36, step  49, loss 1.69298434, auc@1 52.50, auc@5 83.51, share 7, std_loss 0, pre_std_loss 0, 
2021-05-31 10:00:15,651:INFO:[Rank-0] val time 15.6375, epoch  36, step  40, loss 1.89705107, auc@1 48.67, auc@5 79.76
2021-05-31 10:00:53,211:INFO:[Rank-0] train time 35.2831, epoch  37, step  49, loss 1.65267551, auc@1 53.63, auc@5 84.22, share 7, std_loss 0, pre_std_loss 0, 
2021-05-31 10:01:08,826:INFO:[Rank-0] val time 15.6112, epoch  37, step  40, loss 1.99015066, auc@1 47.45, auc@5 78.53
2021-05-31 10:01:46,001:INFO:[Rank-0] train time 35.0124, epoch  38, step  49, loss 1.61604750, auc@1 54.23, auc@5 84.85, share 7, std_loss 0, pre_std_loss 0, 
2021-05-31 10:02:01,600:INFO:[Rank-0] val time 15.5950, epoch  38, step  40, loss 1.93358611, auc@1 49.16, auc@5 80.10
2021-05-31 10:02:37,601:INFO:[Rank-0] train time 35.3346, epoch  39, step  49, loss 1.59464109, auc@1 54.87, auc@5 85.28, share 7, std_loss 0, pre_std_loss 0, 
2021-05-31 10:02:53,269:INFO:[Rank-0] val time 15.6642, epoch  39, step  40, loss 1.76489269, auc@1 51.94, auc@5 81.94
2021-05-31 10:03:30,772:INFO:[Rank-0] train time 35.3232, epoch  40, step  49, loss 1.56447434, auc@1 55.79, auc@5 85.67, share 7, std_loss 0, pre_std_loss 0, 
2021-05-31 10:03:46,620:INFO:[Rank-0] val time 15.8443, epoch  40, step  40, loss 1.93293633, auc@1 49.39, auc@5 79.56
2021-05-31 10:04:23,622:INFO:[Rank-0] train time 35.3037, epoch  41, step  49, loss 1.53523874, auc@1 56.11, auc@5 86.37, share 7, std_loss 0, pre_std_loss 0, 
2021-05-31 10:04:39,131:INFO:[Rank-0] val time 15.5045, epoch  41, step  40, loss 1.89332741, auc@1 50.05, auc@5 81.03
2021-05-31 10:05:16,536:INFO:[Rank-0] train time 35.4161, epoch  42, step  49, loss 1.50978935, auc@1 56.98, auc@5 86.48, share 7, std_loss 0, pre_std_loss 0, 
2021-05-31 10:05:32,086:INFO:[Rank-0] val time 15.5470, epoch  42, step  40, loss 1.90472360, auc@1 49.62, auc@5 80.28
2021-05-31 10:06:09,021:INFO:[Rank-0] train time 35.1998, epoch  43, step  49, loss 1.48637044, auc@1 57.37, auc@5 87.04, share 7, std_loss 0, pre_std_loss 0, 
2021-05-31 10:06:24,838:INFO:[Rank-0] val time 15.8140, epoch  43, step  40, loss 1.93982787, auc@1 50.14, auc@5 80.95
2021-05-31 10:07:01,737:INFO:[Rank-0] train time 35.0572, epoch  44, step  49, loss 1.45487034, auc@1 58.43, auc@5 87.21, share 7, std_loss 0, pre_std_loss 0, 
2021-05-31 10:07:17,352:INFO:[Rank-0] val time 15.6130, epoch  44, step  40, loss 1.74476485, auc@1 53.40, auc@5 83.63
2021-05-31 10:07:54,730:INFO:[Rank-0] train time 35.2748, epoch  45, step  49, loss 1.42696142, auc@1 59.36, auc@5 87.79, share 7, std_loss 0, pre_std_loss 0, 
2021-05-31 10:08:10,436:INFO:[Rank-0] val time 15.7025, epoch  45, step  40, loss 1.81063966, auc@1 51.97, auc@5 81.73
2021-05-31 10:08:48,160:INFO:[Rank-0] train time 35.5533, epoch  46, step  49, loss 1.41197503, auc@1 59.45, auc@5 88.14, share 7, std_loss 0, pre_std_loss 0, 
2021-05-31 10:09:03,714:INFO:[Rank-0] val time 15.5507, epoch  46, step  40, loss 1.75411531, auc@1 52.98, auc@5 82.76
2021-05-31 10:09:41,183:INFO:[Rank-0] train time 35.1579, epoch  47, step  49, loss 1.38181221, auc@1 60.10, auc@5 88.41, share 7, std_loss 0, pre_std_loss 0, 
2021-05-31 10:09:56,790:INFO:[Rank-0] val time 15.6021, epoch  47, step  40, loss 1.87743070, auc@1 50.04, auc@5 81.15
2021-05-31 10:10:34,097:INFO:[Rank-0] train time 35.1214, epoch  48, step  49, loss 1.36717808, auc@1 60.71, auc@5 88.62, share 7, std_loss 0, pre_std_loss 0, 
2021-05-31 10:10:49,949:INFO:[Rank-0] val time 15.8483, epoch  48, step  40, loss 1.72704872, auc@1 53.50, auc@5 82.89
2021-05-31 10:11:26,918:INFO:[Rank-0] train time 35.0633, epoch  49, step  49, loss 1.34927511, auc@1 61.15, auc@5 88.85, share 7, std_loss 0, pre_std_loss 0, 
2021-05-31 10:11:42,599:INFO:[Rank-0] val time 15.6762, epoch  49, step  40, loss 1.68843604, auc@1 54.78, auc@5 83.51
2021-05-31 10:12:19,615:INFO:[Rank-0] train time 35.2456, epoch  50, step  49, loss 1.32893157, auc@1 61.49, auc@5 89.28, share 7, std_loss 0, pre_std_loss 0, 
2021-05-31 10:12:35,279:INFO:[Rank-0] val time 15.6600, epoch  50, step  40, loss 1.58877137, auc@1 56.33, auc@5 85.33
2021-05-31 10:13:12,840:INFO:[Rank-0] train time 35.3305, epoch  51, step  49, loss 1.31441855, auc@1 62.01, auc@5 89.42, share 7, std_loss 0, pre_std_loss 0, 
2021-05-31 10:13:28,443:INFO:[Rank-0] val time 15.5996, epoch  51, step  40, loss 1.71074335, auc@1 55.27, auc@5 83.81
2021-05-31 10:14:05,813:INFO:[Rank-0] train time 35.5268, epoch  52, step  49, loss 1.29077411, auc@1 62.45, auc@5 89.60, share 7, std_loss 0, pre_std_loss 0, 
2021-05-31 10:14:21,484:INFO:[Rank-0] val time 15.6664, epoch  52, step  40, loss 1.60064360, auc@1 55.76, auc@5 84.79
2021-05-31 10:14:58,297:INFO:[Rank-0] train time 35.6382, epoch  53, step  49, loss 1.26497996, auc@1 63.13, auc@5 90.03, share 7, std_loss 0, pre_std_loss 0, 
2021-05-31 10:15:13,922:INFO:[Rank-0] val time 15.6199, epoch  53, step  40, loss 1.76634063, auc@1 54.13, auc@5 82.52
2021-05-31 10:15:50,940:INFO:[Rank-0] train time 35.1575, epoch  54, step  49, loss 1.25647748, auc@1 63.45, auc@5 90.12, share 7, std_loss 0, pre_std_loss 0, 
2021-05-31 10:16:06,793:INFO:[Rank-0] val time 15.8484, epoch  54, step  40, loss 1.58533010, auc@1 56.86, auc@5 85.21
2021-05-31 10:16:44,199:INFO:[Rank-0] train time 35.2505, epoch  55, step  49, loss 1.23118174, auc@1 64.13, auc@5 90.48, share 7, std_loss 0, pre_std_loss 0, 
2021-05-31 10:16:59,836:INFO:[Rank-0] val time 15.6332, epoch  55, step  40, loss 1.63911335, auc@1 55.75, auc@5 85.13
2021-05-31 10:17:37,436:INFO:[Rank-0] train time 35.0410, epoch  56, step  49, loss 1.20605135, auc@1 64.84, auc@5 90.82, share 7, std_loss 0, pre_std_loss 0, 
2021-05-31 10:17:53,059:INFO:[Rank-0] val time 15.6195, epoch  56, step  40, loss 1.74905816, auc@1 53.59, auc@5 83.94
2021-05-31 10:18:30,514:INFO:[Rank-0] train time 35.3834, epoch  57, step  49, loss 1.19698620, auc@1 64.92, auc@5 91.06, share 7, std_loss 0, pre_std_loss 0, 
2021-05-31 10:18:46,287:INFO:[Rank-0] val time 15.7688, epoch  57, step  40, loss 1.49097021, auc@1 58.99, auc@5 86.29
2021-05-31 10:19:23,308:INFO:[Rank-0] train time 35.3227, epoch  58, step  49, loss 1.17808771, auc@1 65.58, auc@5 91.26, share 7, std_loss 0, pre_std_loss 0, 
2021-05-31 10:19:38,915:INFO:[Rank-0] val time 15.6041, epoch  58, step  40, loss 1.62344571, auc@1 56.89, auc@5 85.67
2021-05-31 10:20:15,841:INFO:[Rank-0] train time 35.0676, epoch  59, step  49, loss 1.17573178, auc@1 65.46, auc@5 91.10, share 7, std_loss 0, pre_std_loss 0, 
2021-05-31 10:20:31,737:INFO:[Rank-0] val time 15.8933, epoch  59, step  40, loss 1.70989794, auc@1 54.92, auc@5 83.90
2021-05-31 10:21:08,626:INFO:[Rank-0] train time 35.3765, epoch  60, step  49, loss 1.14840889, auc@1 66.19, auc@5 91.65, share 7, std_loss 0, pre_std_loss 0, 
2021-05-31 10:21:24,304:INFO:[Rank-0] val time 15.6735, epoch  60, step  40, loss 1.51495699, auc@1 58.14, auc@5 86.44
2021-05-31 10:22:01,723:INFO:[Rank-0] train time 35.5462, epoch  61, step  49, loss 1.15080869, auc@1 66.40, auc@5 91.67, share 7, std_loss 0, pre_std_loss 0, 
2021-05-31 10:22:17,319:INFO:[Rank-0] val time 15.5918, epoch  61, step  40, loss 1.62506051, auc@1 56.69, auc@5 85.23
2021-05-31 10:22:54,293:INFO:[Rank-0] train time 35.4941, epoch  62, step  49, loss 1.11548853, auc@1 67.15, auc@5 92.12, share 7, std_loss 0, pre_std_loss 0, 
2021-05-31 10:23:10,085:INFO:[Rank-0] val time 15.7892, epoch  62, step  40, loss 1.48204338, auc@1 59.89, auc@5 87.06
2021-05-31 10:23:47,727:INFO:[Rank-0] train time 35.3054, epoch  63, step  49, loss 1.09556317, auc@1 67.42, auc@5 92.32, share 7, std_loss 0, pre_std_loss 0, 
2021-05-31 10:24:03,477:INFO:[Rank-0] val time 15.7465, epoch  63, step  40, loss 1.57410310, auc@1 58.43, auc@5 86.39
2021-05-31 10:24:41,589:INFO:[Rank-0] train time 35.6206, epoch  64, step  49, loss 1.09022784, auc@1 67.74, auc@5 92.41, share 7, std_loss 0, pre_std_loss 0, 
2021-05-31 10:24:57,523:INFO:[Rank-0] val time 15.9294, epoch  64, step  40, loss 1.59012499, auc@1 58.00, auc@5 85.71
2021-05-31 10:25:39,784:INFO:[Rank-0] train time 35.5959, epoch  65, step  49, loss 1.07305098, auc@1 68.39, auc@5 92.58, share 7, std_loss 0, pre_std_loss 0, 
2021-05-31 10:25:55,992:INFO:[Rank-0] val time 16.2034, epoch  65, step  40, loss 1.62523605, auc@1 56.89, auc@5 85.88
2021-05-31 10:26:34,196:INFO:[Rank-0] train time 35.0976, epoch  66, step  49, loss 1.06943667, auc@1 68.33, auc@5 92.78, share 7, std_loss 0, pre_std_loss 0, 
2021-05-31 10:26:50,206:INFO:[Rank-0] val time 16.0050, epoch  66, step  40, loss 1.73671475, auc@1 54.58, auc@5 84.03
2021-05-31 10:27:28,495:INFO:[Rank-0] train time 35.4612, epoch  67, step  49, loss 1.04823482, auc@1 68.96, auc@5 92.75, share 7, std_loss 0, pre_std_loss 0, 
2021-05-31 10:27:44,120:INFO:[Rank-0] val time 15.6217, epoch  67, step  40, loss 1.55670232, auc@1 58.57, auc@5 86.51
2021-05-31 10:28:21,781:INFO:[Rank-0] train time 35.2734, epoch  68, step  49, loss 1.03368127, auc@1 69.31, auc@5 93.06, share 7, std_loss 0, pre_std_loss 0, 
2021-05-31 10:28:37,550:INFO:[Rank-0] val time 15.7653, epoch  68, step  40, loss 1.49426574, auc@1 59.38, auc@5 86.92
2021-05-31 10:29:15,205:INFO:[Rank-0] train time 35.4395, epoch  69, step  49, loss 1.02950156, auc@1 69.29, auc@5 93.16, share 7, std_loss 0, pre_std_loss 0, 
2021-05-31 10:29:31,367:INFO:[Rank-0] val time 16.1584, epoch  69, step  40, loss 1.62898376, auc@1 57.87, auc@5 85.28
2021-05-31 10:30:08,359:INFO:[Rank-0] train time 35.3049, epoch  70, step  49, loss 1.00306559, auc@1 70.20, auc@5 93.37, share 7, std_loss 0, pre_std_loss 0, 
2021-05-31 10:30:24,324:INFO:[Rank-0] val time 15.9621, epoch  70, step  40, loss 1.51648886, auc@1 59.94, auc@5 86.72
2021-05-31 10:31:01,779:INFO:[Rank-0] train time 35.4257, epoch  71, step  49, loss 0.99378669, auc@1 70.38, auc@5 93.65, share 7, std_loss 0, pre_std_loss 0, 
2021-05-31 10:31:17,517:INFO:[Rank-0] val time 15.7349, epoch  71, step  40, loss 1.63424931, auc@1 57.11, auc@5 86.03
2021-05-31 10:31:55,262:INFO:[Rank-0] train time 35.7337, epoch  72, step  49, loss 0.96578997, auc@1 71.07, auc@5 93.82, share 7, std_loss 0, pre_std_loss 0, 
2021-05-31 10:32:10,875:INFO:[Rank-0] val time 15.6094, epoch  72, step  40, loss 1.52313213, auc@1 60.40, auc@5 87.06
2021-05-31 10:32:48,751:INFO:[Rank-0] train time 35.5055, epoch  73, step  49, loss 0.96806610, auc@1 70.96, auc@5 93.68, share 7, std_loss 0, pre_std_loss 0, 
2021-05-31 10:33:04,371:INFO:[Rank-0] val time 15.6166, epoch  73, step  40, loss 1.54345927, auc@1 59.48, auc@5 86.94
2021-05-31 10:33:42,341:INFO:[Rank-0] train time 35.4087, epoch  74, step  49, loss 0.95998311, auc@1 71.27, auc@5 93.92, share 7, std_loss 0, pre_std_loss 0, 
2021-05-31 10:33:58,001:INFO:[Rank-0] val time 15.6546, epoch  74, step  40, loss 1.45958490, auc@1 61.45, auc@5 87.58
2021-05-31 10:34:35,459:INFO:[Rank-0] train time 35.6977, epoch  75, step  49, loss 0.93371749, auc@1 72.07, auc@5 94.31, share 7, std_loss 0, pre_std_loss 0, 
2021-05-31 10:34:51,160:INFO:[Rank-0] val time 15.6981, epoch  75, step  40, loss 1.51993434, auc@1 60.12, auc@5 87.05
2021-05-31 10:35:29,246:INFO:[Rank-0] train time 35.5543, epoch  76, step  49, loss 0.92929643, auc@1 72.31, auc@5 94.28, share 7, std_loss 0, pre_std_loss 0, 
2021-05-31 10:35:45,024:INFO:[Rank-0] val time 15.7732, epoch  76, step  40, loss 1.49853766, auc@1 60.85, auc@5 87.04
2021-05-31 10:36:22,238:INFO:[Rank-0] train time 35.5266, epoch  77, step  49, loss 0.91714555, auc@1 72.26, auc@5 94.45, share 7, std_loss 0, pre_std_loss 0, 
2021-05-31 10:36:38,040:INFO:[Rank-0] val time 15.7981, epoch  77, step  40, loss 1.51516050, auc@1 59.34, auc@5 86.58
2021-05-31 10:37:16,053:INFO:[Rank-0] train time 35.6093, epoch  78, step  49, loss 0.91041577, auc@1 72.73, auc@5 94.64, share 7, std_loss 0, pre_std_loss 0, 
2021-05-31 10:37:32,152:INFO:[Rank-0] val time 16.0959, epoch  78, step  40, loss 1.61992775, auc@1 58.36, auc@5 86.31
2021-05-31 10:38:08,953:INFO:[Rank-0] train time 35.3976, epoch  79, step  49, loss 0.90785962, auc@1 72.74, auc@5 94.52, share 7, std_loss 0, pre_std_loss 0, 
2021-05-31 10:38:24,803:INFO:[Rank-0] val time 15.8461, epoch  79, step  40, loss 1.43368521, auc@1 61.10, auc@5 88.34
2021-05-31 10:39:01,946:INFO:[Rank-0] train time 35.5891, epoch  80, step  49, loss 0.87808967, auc@1 73.57, auc@5 94.91, share 7, std_loss 0, pre_std_loss 0, 
2021-05-31 10:39:17,991:INFO:[Rank-0] val time 16.0396, epoch  80, step  40, loss 1.52855119, auc@1 60.78, auc@5 87.45
2021-05-31 10:39:55,303:INFO:[Rank-0] train time 35.3949, epoch  81, step  49, loss 0.88462532, auc@1 73.26, auc@5 94.80, share 7, std_loss 0, pre_std_loss 0, 
2021-05-31 10:40:11,007:INFO:[Rank-0] val time 15.7008, epoch  81, step  40, loss 1.62627371, auc@1 58.26, auc@5 85.66
2021-05-31 10:40:48,748:INFO:[Rank-0] train time 35.4126, epoch  82, step  49, loss 0.86034656, auc@1 74.09, auc@5 94.94, share 7, std_loss 0, pre_std_loss 0, 
2021-05-31 10:41:04,602:INFO:[Rank-0] val time 15.8516, epoch  82, step  40, loss 1.45908911, auc@1 62.14, auc@5 87.95
2021-05-31 10:41:42,185:INFO:[Rank-0] train time 35.2253, epoch  83, step  49, loss 0.85748148, auc@1 74.26, auc@5 95.13, share 7, std_loss 0, pre_std_loss 0, 
2021-05-31 10:41:57,850:INFO:[Rank-0] val time 15.6617, epoch  83, step  40, loss 1.45353972, auc@1 61.38, auc@5 87.72
2021-05-31 10:42:34,584:INFO:[Rank-0] train time 35.0957, epoch  84, step  49, loss 0.84535646, auc@1 74.21, auc@5 95.19, share 7, std_loss 0, pre_std_loss 0, 
2021-05-31 10:42:50,202:INFO:[Rank-0] val time 15.6144, epoch  84, step  40, loss 1.67431474, auc@1 58.31, auc@5 86.23
2021-05-31 10:43:27,522:INFO:[Rank-0] train time 35.5447, epoch  85, step  49, loss 0.83357471, auc@1 74.73, auc@5 95.35, share 7, std_loss 0, pre_std_loss 0, 
2021-05-31 10:43:43,112:INFO:[Rank-0] val time 15.5863, epoch  85, step  40, loss 1.48459790, auc@1 61.81, auc@5 87.78
2021-05-31 10:44:21,157:INFO:[Rank-0] train time 35.4384, epoch  86, step  49, loss 0.82874888, auc@1 74.99, auc@5 95.31, share 7, std_loss 0, pre_std_loss 0, 
2021-05-31 10:44:36,875:INFO:[Rank-0] val time 15.7135, epoch  86, step  40, loss 1.57256744, auc@1 59.86, auc@5 86.79
2021-05-31 10:45:14,671:INFO:[Rank-0] train time 35.2612, epoch  87, step  49, loss 0.81853491, auc@1 75.21, auc@5 95.43, share 7, std_loss 0, pre_std_loss 0, 
2021-05-31 10:45:30,448:INFO:[Rank-0] val time 15.7732, epoch  87, step  40, loss 1.41030983, auc@1 62.92, auc@5 88.09
2021-05-31 10:46:07,785:INFO:[Rank-0] train time 35.5868, epoch  88, step  49, loss 0.81167966, auc@1 75.44, auc@5 95.56, share 7, std_loss 0, pre_std_loss 0, 
2021-05-31 10:46:23,578:INFO:[Rank-0] val time 15.7891, epoch  88, step  40, loss 1.51431472, auc@1 61.93, auc@5 87.56
2021-05-31 10:47:00,574:INFO:[Rank-0] train time 35.5533, epoch  89, step  49, loss 0.79939038, auc@1 75.83, auc@5 95.68, share 7, std_loss 0, pre_std_loss 0, 
2021-05-31 10:47:16,293:INFO:[Rank-0] val time 15.7158, epoch  89, step  40, loss 1.52697876, auc@1 60.35, auc@5 87.91
2021-05-31 10:47:54,043:INFO:[Rank-0] train time 35.4279, epoch  90, step  49, loss 0.79259002, auc@1 75.67, auc@5 95.87, share 7, std_loss 0, pre_std_loss 0, 
2021-05-31 10:48:09,685:INFO:[Rank-0] val time 15.6364, epoch  90, step  40, loss 1.56047634, auc@1 61.29, auc@5 87.35
2021-05-31 10:48:47,771:INFO:[Rank-0] train time 35.9184, epoch  91, step  49, loss 0.77087659, auc@1 76.62, auc@5 96.00, share 7, std_loss 0, pre_std_loss 0, 
2021-05-31 10:49:03,708:INFO:[Rank-0] val time 15.9326, epoch  91, step  40, loss 1.54155862, auc@1 60.02, auc@5 87.31
2021-05-31 10:49:41,569:INFO:[Rank-0] train time 36.0808, epoch  92, step  49, loss 0.76989639, auc@1 76.46, auc@5 96.01, share 7, std_loss 0, pre_std_loss 0, 
2021-05-31 10:49:57,221:INFO:[Rank-0] val time 15.6482, epoch  92, step  40, loss 1.50301747, auc@1 61.95, auc@5 87.88
2021-05-31 10:50:36,888:INFO:[Rank-0] train time 36.0504, epoch  93, step  49, loss 0.75719380, auc@1 76.93, auc@5 96.20, share 7, std_loss 0, pre_std_loss 0, 
2021-05-31 10:50:52,920:INFO:[Rank-0] val time 16.0275, epoch  93, step  40, loss 1.56932564, auc@1 60.02, auc@5 87.52
2021-05-31 10:51:33,843:INFO:[Rank-0] train time 36.3469, epoch  94, step  49, loss 0.75155884, auc@1 77.03, auc@5 96.26, share 7, std_loss 0, pre_std_loss 0, 
2021-05-31 10:51:49,964:INFO:[Rank-0] val time 16.1159, epoch  94, step  40, loss 1.48167378, auc@1 61.78, auc@5 87.52
2021-05-31 10:52:32,245:INFO:[Rank-0] train time 35.9133, epoch  95, step  49, loss 0.73842078, auc@1 77.28, auc@5 96.30, share 7, std_loss 0, pre_std_loss 0, 
2021-05-31 10:52:48,983:INFO:[Rank-0] val time 16.7331, epoch  95, step  40, loss 1.44075282, auc@1 62.77, auc@5 88.67
2021-05-31 10:53:30,013:INFO:[Rank-0] train time 36.6060, epoch  96, step  49, loss 0.74192321, auc@1 77.31, auc@5 96.26, share 7, std_loss 0, pre_std_loss 0, 
2021-05-31 10:53:46,055:INFO:[Rank-0] val time 16.0374, epoch  96, step  40, loss 1.56366400, auc@1 61.37, auc@5 87.02
2021-05-31 10:54:24,843:INFO:[Rank-0] train time 36.1698, epoch  97, step  49, loss 0.72139502, auc@1 77.78, auc@5 96.42, share 7, std_loss 0, pre_std_loss 0, 
2021-05-31 10:54:41,050:INFO:[Rank-0] val time 16.2027, epoch  97, step  40, loss 1.48971920, auc@1 61.73, auc@5 87.81
2021-05-31 10:55:19,655:INFO:[Rank-0] train time 36.8925, epoch  98, step  49, loss 0.71438217, auc@1 78.13, auc@5 96.54, share 7, std_loss 0, pre_std_loss 0, 
2021-05-31 10:55:35,863:INFO:[Rank-0] val time 16.2032, epoch  98, step  40, loss 1.58583539, auc@1 60.73, auc@5 87.37
2021-05-31 10:56:13,789:INFO:[Rank-0] train time 36.3167, epoch  99, step  49, loss 0.71208549, auc@1 78.13, auc@5 96.42, share 7, std_loss 0, pre_std_loss 0, 
2021-05-31 10:56:30,027:INFO:[Rank-0] val time 16.2321, epoch  99, step  40, loss 1.45701816, auc@1 62.90, auc@5 88.12
2021-05-31 10:57:08,870:INFO:[Rank-0] train time 36.9394, epoch 100, step  49, loss 0.69790447, auc@1 78.60, auc@5 96.70, share 7, std_loss 0, pre_std_loss 0, 
2021-05-31 10:57:25,280:INFO:[Rank-0] val time 16.4065, epoch 100, step  40, loss 1.43531717, auc@1 62.30, auc@5 88.43
2021-05-31 10:58:05,536:INFO:[Rank-0] train time 36.8454, epoch 101, step  49, loss 0.68171680, auc@1 78.95, auc@5 96.78, share 7, std_loss 0, pre_std_loss 0, 
2021-05-31 10:58:21,925:INFO:[Rank-0] val time 16.3861, epoch 101, step  40, loss 1.43911359, auc@1 63.15, auc@5 88.42
2021-05-31 10:59:00,150:INFO:[Rank-0] train time 35.9234, epoch 102, step  49, loss 0.68863642, auc@1 78.80, auc@5 96.74, share 7, std_loss 0, pre_std_loss 0, 
2021-05-31 10:59:16,333:INFO:[Rank-0] val time 16.1794, epoch 102, step  40, loss 1.51605542, auc@1 62.68, auc@5 88.00
2021-05-31 10:59:53,888:INFO:[Rank-0] train time 35.7526, epoch 103, step  49, loss 0.67457688, auc@1 79.25, auc@5 96.78, share 7, std_loss 0, pre_std_loss 0, 
2021-05-31 11:00:10,017:INFO:[Rank-0] val time 16.1242, epoch 103, step  40, loss 1.54830399, auc@1 61.23, auc@5 87.45
2021-05-31 11:00:48,466:INFO:[Rank-0] train time 35.9588, epoch 104, step  49, loss 0.66811794, auc@1 79.33, auc@5 96.94, share 7, std_loss 0, pre_std_loss 0, 
2021-05-31 11:01:04,674:INFO:[Rank-0] val time 16.2039, epoch 104, step  40, loss 1.57023273, auc@1 61.36, auc@5 87.70
2021-05-31 11:01:42,572:INFO:[Rank-0] train time 36.0201, epoch 105, step  49, loss 0.66551709, auc@1 79.46, auc@5 96.83, share 7, std_loss 0, pre_std_loss 0, 
2021-05-31 11:01:58,658:INFO:[Rank-0] val time 16.0809, epoch 105, step  40, loss 1.41661640, auc@1 63.45, auc@5 89.07
2021-05-31 11:02:35,529:INFO:[Rank-0] train time 35.9156, epoch 106, step  49, loss 0.65116286, auc@1 79.96, auc@5 97.03, share 7, std_loss 0, pre_std_loss 0, 
2021-05-31 11:02:52,300:INFO:[Rank-0] val time 16.7657, epoch 106, step  40, loss 1.64033605, auc@1 59.90, auc@5 86.78
2021-05-31 11:03:28,571:INFO:[Rank-0] train time 35.9382, epoch 107, step  49, loss 0.64943981, auc@1 79.94, auc@5 97.16, share 7, std_loss 0, pre_std_loss 0, 
2021-05-31 11:03:44,559:INFO:[Rank-0] val time 15.9849, epoch 107, step  40, loss 1.64633319, auc@1 60.32, auc@5 87.05
2021-05-31 11:04:22,000:INFO:[Rank-0] train time 35.9045, epoch 108, step  49, loss 0.64386314, auc@1 80.19, auc@5 97.09, share 7, std_loss 0, pre_std_loss 0, 
2021-05-31 11:04:38,180:INFO:[Rank-0] val time 16.1747, epoch 108, step  40, loss 1.55521469, auc@1 62.44, auc@5 87.42
2021-05-31 11:05:15,385:INFO:[Rank-0] train time 35.8395, epoch 109, step  49, loss 0.63924593, auc@1 80.01, auc@5 97.20, share 7, std_loss 0, pre_std_loss 0, 
2021-05-31 11:05:31,584:INFO:[Rank-0] val time 16.1962, epoch 109, step  40, loss 1.49517737, auc@1 63.11, auc@5 88.07
2021-05-31 11:06:10,090:INFO:[Rank-0] train time 36.2871, epoch 110, step  49, loss 0.62471306, auc@1 80.70, auc@5 97.23, share 7, std_loss 0, pre_std_loss 0, 
2021-05-31 11:06:26,116:INFO:[Rank-0] val time 16.0213, epoch 110, step  40, loss 1.41518262, auc@1 64.80, auc@5 89.63
2021-05-31 11:07:04,428:INFO:[Rank-0] train time 35.9660, epoch 111, step  49, loss 0.61523890, auc@1 80.82, auc@5 97.34, share 7, std_loss 0, pre_std_loss 0, 
2021-05-31 11:07:20,440:INFO:[Rank-0] val time 16.0070, epoch 111, step  40, loss 1.40653379, auc@1 64.30, auc@5 89.11
2021-05-31 11:07:59,113:INFO:[Rank-0] train time 35.9118, epoch 112, step  49, loss 0.61654431, auc@1 81.12, auc@5 97.35, share 7, std_loss 0, pre_std_loss 0, 
2021-05-31 11:08:15,394:INFO:[Rank-0] val time 16.2770, epoch 112, step  40, loss 1.48142083, auc@1 63.40, auc@5 88.25
2021-05-31 11:08:53,225:INFO:[Rank-0] train time 36.0602, epoch 113, step  49, loss 0.60299873, auc@1 81.37, auc@5 97.52, share 7, std_loss 0, pre_std_loss 0, 
2021-05-31 11:09:09,572:INFO:[Rank-0] val time 16.3424, epoch 113, step  40, loss 1.49808116, auc@1 62.79, auc@5 87.88
2021-05-31 11:09:47,264:INFO:[Rank-0] train time 35.8979, epoch 114, step  49, loss 0.59739041, auc@1 81.50, auc@5 97.52, share 7, std_loss 0, pre_std_loss 0, 
2021-05-31 11:10:03,264:INFO:[Rank-0] val time 15.9953, epoch 114, step  40, loss 1.33715072, auc@1 65.98, auc@5 89.73
2021-05-31 11:10:41,198:INFO:[Rank-0] train time 36.3485, epoch 115, step  49, loss 0.58725208, auc@1 81.62, auc@5 97.63, share 7, std_loss 0, pre_std_loss 0, 
2021-05-31 11:10:57,979:INFO:[Rank-0] val time 16.7754, epoch 115, step  40, loss 1.35384097, auc@1 65.52, auc@5 89.59
2021-05-31 11:11:35,432:INFO:[Rank-0] train time 36.3385, epoch 116, step  49, loss 0.59048718, auc@1 81.61, auc@5 97.60, share 7, std_loss 0, pre_std_loss 0, 
2021-05-31 11:11:51,723:INFO:[Rank-0] val time 16.2875, epoch 116, step  40, loss 1.46205476, auc@1 64.05, auc@5 88.68
2021-05-31 11:12:29,526:INFO:[Rank-0] train time 35.9767, epoch 117, step  49, loss 0.58269328, auc@1 81.91, auc@5 97.63, share 7, std_loss 0, pre_std_loss 0, 
2021-05-31 11:12:45,640:INFO:[Rank-0] val time 16.1095, epoch 117, step  40, loss 1.40021482, auc@1 64.79, auc@5 89.43
2021-05-31 11:13:23,445:INFO:[Rank-0] train time 36.2691, epoch 118, step  49, loss 0.57401758, auc@1 82.21, auc@5 97.70, share 7, std_loss 0, pre_std_loss 0, 
2021-05-31 11:13:39,253:INFO:[Rank-0] val time 15.8038, epoch 118, step  40, loss 1.40912542, auc@1 65.15, auc@5 89.06
2021-05-31 11:14:17,505:INFO:[Rank-0] train time 36.2490, epoch 119, step  49, loss 0.57381141, auc@1 82.07, auc@5 97.69, share 7, std_loss 0, pre_std_loss 0, 
2021-05-31 11:14:33,723:INFO:[Rank-0] val time 16.2117, epoch 119, step  40, loss 1.45166199, auc@1 63.48, auc@5 88.54
2021-05-31 11:15:11,598:INFO:[Rank-0] train time 36.2302, epoch 120, step  49, loss 0.56350267, auc@1 82.55, auc@5 97.77, share 7, std_loss 0, pre_std_loss 0, 
2021-05-31 11:15:27,910:INFO:[Rank-0] val time 16.3068, epoch 120, step  40, loss 1.49870645, auc@1 63.56, auc@5 88.30
2021-05-31 11:16:05,658:INFO:[Rank-0] train time 36.3053, epoch 121, step  49, loss 0.44359833, auc@1 86.41, auc@5 98.52, share 7, std_loss 0, pre_std_loss 0, 
2021-05-31 11:16:21,842:INFO:[Rank-0] val time 16.1806, epoch 121, step  40, loss 1.11182699, auc@1 71.11, auc@5 92.31
2021-05-31 11:17:00,489:INFO:[Rank-0] train time 36.1929, epoch 122, step  49, loss 0.36851820, auc@1 88.75, auc@5 98.89, share 7, std_loss 0, pre_std_loss 0, 
2021-05-31 11:17:16,285:INFO:[Rank-0] val time 15.7914, epoch 122, step  40, loss 1.09200356, auc@1 71.23, auc@5 92.55
2021-05-31 11:17:55,187:INFO:[Rank-0] train time 36.6720, epoch 123, step  49, loss 0.33626488, auc@1 89.74, auc@5 99.11, share 7, std_loss 0, pre_std_loss 0, 
2021-05-31 11:18:11,424:INFO:[Rank-0] val time 16.2305, epoch 123, step  40, loss 1.08403448, auc@1 71.50, auc@5 92.77
2021-05-31 11:18:49,823:INFO:[Rank-0] train time 36.3837, epoch 124, step  49, loss 0.32148388, auc@1 90.24, auc@5 99.17, share 7, std_loss 0, pre_std_loss 0, 
2021-05-31 11:19:05,837:INFO:[Rank-0] val time 16.0104, epoch 124, step  40, loss 1.09184561, auc@1 71.87, auc@5 92.69
2021-05-31 11:19:44,548:INFO:[Rank-0] train time 36.7464, epoch 125, step  49, loss 0.31010169, auc@1 90.40, auc@5 99.26, share 7, std_loss 0, pre_std_loss 0, 
2021-05-31 11:20:00,684:INFO:[Rank-0] val time 16.1323, epoch 125, step  40, loss 1.08940432, auc@1 71.91, auc@5 92.86
2021-05-31 11:20:39,406:INFO:[Rank-0] train time 36.4343, epoch 126, step  49, loss 0.30047360, auc@1 90.94, auc@5 99.26, share 7, std_loss 0, pre_std_loss 0, 
2021-05-31 11:20:55,802:INFO:[Rank-0] val time 16.3900, epoch 126, step  40, loss 1.08147148, auc@1 72.07, auc@5 92.74
2021-05-31 11:21:34,183:INFO:[Rank-0] train time 36.1047, epoch 127, step  49, loss 0.28950524, auc@1 91.25, auc@5 99.33, share 7, std_loss 0, pre_std_loss 0, 
2021-05-31 11:21:50,126:INFO:[Rank-0] val time 15.9391, epoch 127, step  40, loss 1.08781422, auc@1 71.97, auc@5 92.81
2021-05-31 11:22:29,549:INFO:[Rank-0] train time 36.5698, epoch 128, step  49, loss 0.27951360, auc@1 91.50, auc@5 99.30, share 7, std_loss 0, pre_std_loss 0, 
2021-05-31 11:22:45,988:INFO:[Rank-0] val time 16.4332, epoch 128, step  40, loss 1.08451365, auc@1 72.24, auc@5 92.92
2021-05-31 11:23:24,850:INFO:[Rank-0] train time 36.4522, epoch 129, step  49, loss 0.27375698, auc@1 91.69, auc@5 99.33, share 7, std_loss 0, pre_std_loss 0, 
2021-05-31 11:23:41,080:INFO:[Rank-0] val time 16.2253, epoch 129, step  40, loss 1.09006132, auc@1 72.45, auc@5 92.81
2021-05-31 11:24:20,478:INFO:[Rank-0] train time 36.2576, epoch 130, step  49, loss 0.26622510, auc@1 91.91, auc@5 99.40, share 7, std_loss 0, pre_std_loss 0, 
2021-05-31 11:24:36,623:INFO:[Rank-0] val time 16.1405, epoch 130, step  40, loss 1.09044385, auc@1 72.28, auc@5 92.75
2021-05-31 11:25:16,110:INFO:[Rank-0] train time 36.5027, epoch 131, step  49, loss 0.26392919, auc@1 92.06, auc@5 99.37, share 7, std_loss 0, pre_std_loss 0, 
2021-05-31 11:25:32,277:INFO:[Rank-0] val time 16.1635, epoch 131, step  40, loss 1.08903950, auc@1 72.19, auc@5 92.78
2021-05-31 11:26:11,705:INFO:[Rank-0] train time 35.8300, epoch 132, step  49, loss 0.25969148, auc@1 92.20, auc@5 99.41, share 7, std_loss 0, pre_std_loss 0, 
2021-05-31 11:26:27,798:INFO:[Rank-0] val time 16.0883, epoch 132, step  40, loss 1.08878537, auc@1 72.63, auc@5 92.98
2021-05-31 11:27:07,746:INFO:[Rank-0] train time 36.3621, epoch 133, step  49, loss 0.25041798, auc@1 92.51, auc@5 99.45, share 7, std_loss 0, pre_std_loss 0, 
2021-05-31 11:27:24,068:INFO:[Rank-0] val time 16.3150, epoch 133, step  40, loss 1.08548477, auc@1 72.40, auc@5 93.08
2021-05-31 11:28:03,486:INFO:[Rank-0] train time 36.8646, epoch 134, step  49, loss 0.24708687, auc@1 92.50, auc@5 99.47, share 7, std_loss 0, pre_std_loss 0, 
2021-05-31 11:28:19,724:INFO:[Rank-0] val time 16.2350, epoch 134, step  40, loss 1.08872330, auc@1 72.81, auc@5 92.98
2021-05-31 11:28:58,772:INFO:[Rank-0] train time 36.0424, epoch 135, step  49, loss 0.24445713, auc@1 92.59, auc@5 99.47, share 7, std_loss 0, pre_std_loss 0, 
2021-05-31 11:29:14,885:INFO:[Rank-0] val time 16.1086, epoch 135, step  40, loss 1.08692693, auc@1 72.62, auc@5 92.98
2021-05-31 11:29:53,579:INFO:[Rank-0] train time 36.3805, epoch 136, step  49, loss 0.23659924, auc@1 92.89, auc@5 99.50, share 7, std_loss 0, pre_std_loss 0, 
2021-05-31 11:30:09,763:INFO:[Rank-0] val time 16.1799, epoch 136, step  40, loss 1.09101957, auc@1 72.81, auc@5 92.79
2021-05-31 11:30:49,740:INFO:[Rank-0] train time 36.4618, epoch 137, step  49, loss 0.23584200, auc@1 92.97, auc@5 99.49, share 7, std_loss 0, pre_std_loss 0, 
2021-05-31 11:31:05,882:INFO:[Rank-0] val time 16.1384, epoch 137, step  40, loss 1.09693636, auc@1 72.74, auc@5 92.86
2021-05-31 11:31:49,357:INFO:[Rank-0] train time 36.4694, epoch 138, step  49, loss 0.23173164, auc@1 93.01, auc@5 99.51, share 7, std_loss 0, pre_std_loss 0, 
2021-05-31 11:32:05,683:INFO:[Rank-0] val time 16.3198, epoch 138, step  40, loss 1.09628288, auc@1 72.83, auc@5 92.82
2021-05-31 11:32:48,371:INFO:[Rank-0] train time 36.5681, epoch 139, step  49, loss 0.22999187, auc@1 93.11, auc@5 99.54, share 7, std_loss 0, pre_std_loss 0, 
2021-05-31 11:33:04,791:INFO:[Rank-0] val time 16.4155, epoch 139, step  40, loss 1.09401473, auc@1 72.61, auc@5 92.94
2021-05-31 11:33:46,257:INFO:[Rank-0] train time 36.5449, epoch 140, step  49, loss 0.22043034, auc@1 93.40, auc@5 99.60, share 7, std_loss 0, pre_std_loss 0, 
2021-05-31 11:34:02,432:INFO:[Rank-0] val time 16.1714, epoch 140, step  40, loss 1.09564468, auc@1 72.66, auc@5 93.03
2021-05-31 11:34:42,207:INFO:[Rank-0] train time 36.1172, epoch 141, step  49, loss 0.22359379, auc@1 93.19, auc@5 99.55, share 7, std_loss 0, pre_std_loss 0, 
2021-05-31 11:34:58,261:INFO:[Rank-0] val time 16.0499, epoch 141, step  40, loss 1.09077974, auc@1 72.58, auc@5 92.90
2021-05-31 11:35:38,335:INFO:[Rank-0] train time 37.1514, epoch 142, step  49, loss 0.21657851, auc@1 93.51, auc@5 99.63, share 7, std_loss 0, pre_std_loss 0, 
2021-05-31 11:35:54,301:INFO:[Rank-0] val time 15.9613, epoch 142, step  40, loss 1.09826143, auc@1 72.41, auc@5 92.91
2021-05-31 11:36:35,042:INFO:[Rank-0] train time 36.3059, epoch 143, step  49, loss 0.21641852, auc@1 93.59, auc@5 99.61, share 7, std_loss 0, pre_std_loss 0, 
2021-05-31 11:36:51,142:INFO:[Rank-0] val time 16.0954, epoch 143, step  40, loss 1.09403313, auc@1 72.67, auc@5 92.88
2021-05-31 11:37:31,277:INFO:[Rank-0] train time 36.6149, epoch 144, step  49, loss 0.21513289, auc@1 93.60, auc@5 99.62, share 7, std_loss 0, pre_std_loss 0, 
2021-05-31 11:37:47,722:INFO:[Rank-0] val time 16.4398, epoch 144, step  40, loss 1.09641121, auc@1 72.66, auc@5 92.73
2021-05-31 11:38:27,972:INFO:[Rank-0] train time 36.7082, epoch 145, step  49, loss 0.21209083, auc@1 93.59, auc@5 99.62, share 7, std_loss 0, pre_std_loss 0, 
2021-05-31 11:38:43,968:INFO:[Rank-0] val time 15.9926, epoch 145, step  40, loss 1.09689312, auc@1 72.79, auc@5 92.79
2021-05-31 11:39:24,639:INFO:[Rank-0] train time 36.6459, epoch 146, step  49, loss 0.20744266, auc@1 93.88, auc@5 99.65, share 7, std_loss 0, pre_std_loss 0, 
2021-05-31 11:39:40,707:INFO:[Rank-0] val time 16.0638, epoch 146, step  40, loss 1.09817322, auc@1 72.72, auc@5 92.73
2021-05-31 11:40:20,887:INFO:[Rank-0] train time 36.3236, epoch 147, step  49, loss 0.20328937, auc@1 93.91, auc@5 99.68, share 7, std_loss 0, pre_std_loss 0, 
2021-05-31 11:40:36,859:INFO:[Rank-0] val time 15.9691, epoch 147, step  40, loss 1.10461907, auc@1 72.53, auc@5 92.91
2021-05-31 11:41:15,557:INFO:[Rank-0] train time 35.6475, epoch 148, step  49, loss 0.20270972, auc@1 94.01, auc@5 99.69, share 7, std_loss 0, pre_std_loss 0, 
2021-05-31 11:41:31,544:INFO:[Rank-0] val time 15.9822, epoch 148, step  40, loss 1.10708167, auc@1 72.48, auc@5 92.97
2021-05-31 11:42:10,769:INFO:[Rank-0] train time 35.5523, epoch 149, step  49, loss 0.19632843, auc@1 94.26, auc@5 99.69, share 7, std_loss 0, pre_std_loss 0, 
2021-05-31 11:42:26,647:INFO:[Rank-0] val time 15.8739, epoch 149, step  40, loss 1.10433270, auc@1 72.55, auc@5 92.86
2021-05-31 11:43:05,448:INFO:[Rank-0] train time 35.5832, epoch 150, step  49, loss 0.19685976, auc@1 94.15, auc@5 99.68, share 7, std_loss 0, pre_std_loss 0, 
2021-05-31 11:43:21,270:INFO:[Rank-0] val time 15.8199, epoch 150, step  40, loss 1.10765860, auc@1 72.83, auc@5 92.89
2021-05-31 11:44:02,400:INFO:[Rank-0] train time 35.4179, epoch 151, step  49, loss 0.19566713, auc@1 94.31, auc@5 99.71, share 7, std_loss 0, pre_std_loss 0, 
2021-05-31 11:44:18,520:INFO:[Rank-0] val time 16.1158, epoch 151, step  40, loss 1.10908217, auc@1 72.46, auc@5 92.90
2021-05-31 11:44:57,356:INFO:[Rank-0] train time 35.2990, epoch 152, step  49, loss 0.19016516, auc@1 94.39, auc@5 99.71, share 7, std_loss 0, pre_std_loss 0, 
2021-05-31 11:45:13,326:INFO:[Rank-0] val time 15.9670, epoch 152, step  40, loss 1.10579789, auc@1 72.84, auc@5 92.92
2021-05-31 11:45:51,458:INFO:[Rank-0] train time 35.7579, epoch 153, step  49, loss 0.19036250, auc@1 94.35, auc@5 99.70, share 7, std_loss 0, pre_std_loss 0, 
2021-05-31 11:46:07,373:INFO:[Rank-0] val time 15.9105, epoch 153, step  40, loss 1.10981203, auc@1 72.86, auc@5 92.89
2021-05-31 11:46:45,927:INFO:[Rank-0] train time 35.5558, epoch 154, step  49, loss 0.18407264, auc@1 94.65, auc@5 99.75, share 7, std_loss 0, pre_std_loss 0, 
2021-05-31 11:47:01,803:INFO:[Rank-0] val time 15.8725, epoch 154, step  40, loss 1.10638161, auc@1 72.82, auc@5 92.69
2021-05-31 11:47:40,999:INFO:[Rank-0] train time 35.5203, epoch 155, step  49, loss 0.18485311, auc@1 94.51, auc@5 99.72, share 7, std_loss 0, pre_std_loss 0, 
2021-05-31 11:47:56,923:INFO:[Rank-0] val time 15.9202, epoch 155, step  40, loss 1.11263790, auc@1 72.61, auc@5 92.87
2021-05-31 11:48:36,443:INFO:[Rank-0] train time 35.6183, epoch 156, step  49, loss 0.17817245, auc@1 94.81, auc@5 99.71, share 7, std_loss 0, pre_std_loss 0, 
2021-05-31 11:48:52,464:INFO:[Rank-0] val time 16.0173, epoch 156, step  40, loss 1.11314015, auc@1 72.68, auc@5 92.75
2021-05-31 11:49:31,233:INFO:[Rank-0] train time 35.8301, epoch 157, step  49, loss 0.18253238, auc@1 94.63, auc@5 99.68, share 7, std_loss 0, pre_std_loss 0, 
2021-05-31 11:49:47,349:INFO:[Rank-0] val time 16.1111, epoch 157, step  40, loss 1.11689699, auc@1 72.78, auc@5 92.86
2021-05-31 11:50:25,629:INFO:[Rank-0] train time 35.6593, epoch 158, step  49, loss 0.17691614, auc@1 94.91, auc@5 99.73, share 7, std_loss 0, pre_std_loss 0, 
2021-05-31 11:50:41,385:INFO:[Rank-0] val time 15.7524, epoch 158, step  40, loss 1.11641039, auc@1 72.68, auc@5 92.81
2021-05-31 11:51:20,405:INFO:[Rank-0] train time 35.3857, epoch 159, step  49, loss 0.17224590, auc@1 95.06, auc@5 99.83, share 7, std_loss 0, pre_std_loss 0, 
2021-05-31 11:51:36,216:INFO:[Rank-0] val time 15.8081, epoch 159, step  40, loss 1.11341837, auc@1 72.57, auc@5 92.92
2021-05-31 11:52:15,512:INFO:[Rank-0] train time 35.2954, epoch 160, step  49, loss 0.17141336, auc@1 94.95, auc@5 99.74, share 7, std_loss 0, pre_std_loss 0, 
2021-05-31 11:52:31,718:INFO:[Rank-0] val time 16.2031, epoch 160, step  40, loss 1.11613112, auc@1 72.76, auc@5 92.84
2021-05-31 11:53:10,488:INFO:[Rank-0] train time 35.7764, epoch 161, step  49, loss 0.16784871, auc@1 95.13, auc@5 99.78, share 7, std_loss 0, pre_std_loss 0, 
2021-05-31 11:53:26,265:INFO:[Rank-0] val time 15.7718, epoch 161, step  40, loss 1.11203977, auc@1 72.73, auc@5 92.94
2021-05-31 11:54:04,921:INFO:[Rank-0] train time 35.4183, epoch 162, step  49, loss 0.16543303, auc@1 95.24, auc@5 99.77, share 7, std_loss 0, pre_std_loss 0, 
2021-05-31 11:54:20,459:INFO:[Rank-0] val time 15.5340, epoch 162, step  40, loss 1.10999898, auc@1 72.65, auc@5 93.10
2021-05-31 11:54:59,415:INFO:[Rank-0] train time 35.8158, epoch 163, step  49, loss 0.16657449, auc@1 95.26, auc@5 99.77, share 7, std_loss 0, pre_std_loss 0, 
2021-05-31 11:55:15,422:INFO:[Rank-0] val time 16.0032, epoch 163, step  40, loss 1.10972944, auc@1 72.88, auc@5 92.97
2021-05-31 11:55:54,228:INFO:[Rank-0] train time 35.3434, epoch 164, step  49, loss 0.16452952, auc@1 95.24, auc@5 99.77, share 7, std_loss 0, pre_std_loss 0, 
2021-05-31 11:56:09,816:INFO:[Rank-0] val time 15.5832, epoch 164, step  40, loss 1.11031671, auc@1 72.79, auc@5 92.95
2021-05-31 11:56:48,919:INFO:[Rank-0] train time 35.4795, epoch 165, step  49, loss 0.16648570, auc@1 95.25, auc@5 99.77, share 7, std_loss 0, pre_std_loss 0, 
2021-05-31 11:57:04,579:INFO:[Rank-0] val time 15.6554, epoch 165, step  40, loss 1.10985122, auc@1 72.77, auc@5 93.05
2021-05-31 11:57:42,993:INFO:[Rank-0] train time 35.5016, epoch 166, step  49, loss 0.16116713, auc@1 95.36, auc@5 99.81, share 7, std_loss 0, pre_std_loss 0, 
2021-05-31 11:57:58,559:INFO:[Rank-0] val time 15.5628, epoch 166, step  40, loss 1.10839148, auc@1 72.73, auc@5 93.00
2021-05-31 11:58:37,430:INFO:[Rank-0] train time 36.3777, epoch 167, step  49, loss 0.16169307, auc@1 95.35, auc@5 99.79, share 7, std_loss 0, pre_std_loss 0, 
2021-05-31 11:58:52,932:INFO:[Rank-0] val time 15.4987, epoch 167, step  40, loss 1.11251713, auc@1 72.77, auc@5 92.98
2021-05-31 11:59:32,207:INFO:[Rank-0] train time 35.4751, epoch 168, step  49, loss 0.16111565, auc@1 95.48, auc@5 99.80, share 7, std_loss 0, pre_std_loss 0, 
2021-05-31 11:59:47,781:INFO:[Rank-0] val time 15.5703, epoch 168, step  40, loss 1.11333692, auc@1 72.87, auc@5 92.92
2021-05-31 12:00:26,671:INFO:[Rank-0] train time 35.5241, epoch 169, step  49, loss 0.16107094, auc@1 95.59, auc@5 99.76, share 7, std_loss 0, pre_std_loss 0, 
2021-05-31 12:00:42,417:INFO:[Rank-0] val time 15.7427, epoch 169, step  40, loss 1.10765928, auc@1 72.77, auc@5 92.93
2021-05-31 12:01:21,266:INFO:[Rank-0] train time 36.0061, epoch 170, step  49, loss 0.15985367, auc@1 95.57, auc@5 99.81, share 7, std_loss 0, pre_std_loss 0, 
2021-05-31 12:01:36,831:INFO:[Rank-0] val time 15.5620, epoch 170, step  40, loss 1.10595884, auc@1 72.83, auc@5 93.07
2021-05-31 12:02:15,858:INFO:[Rank-0] train time 35.4291, epoch 171, step  49, loss 0.16282818, auc@1 95.24, auc@5 99.80, share 7, std_loss 0, pre_std_loss 0, 
2021-05-31 12:02:31,575:INFO:[Rank-0] val time 15.7120, epoch 171, step  40, loss 1.10799108, auc@1 72.74, auc@5 93.18
2021-05-31 12:03:10,301:INFO:[Rank-0] train time 35.7679, epoch 172, step  49, loss 0.15767662, auc@1 95.50, auc@5 99.82, share 7, std_loss 0, pre_std_loss 0, 
2021-05-31 12:03:26,199:INFO:[Rank-0] val time 15.8947, epoch 172, step  40, loss 1.10675989, auc@1 72.89, auc@5 93.07
2021-05-31 12:04:04,379:INFO:[Rank-0] train time 35.5639, epoch 173, step  49, loss 0.15840247, auc@1 95.57, auc@5 99.80, share 7, std_loss 0, pre_std_loss 0, 
2021-05-31 12:04:20,035:INFO:[Rank-0] val time 15.6531, epoch 173, step  40, loss 1.10736473, auc@1 72.61, auc@5 93.03
2021-05-31 12:04:59,819:INFO:[Rank-0] train time 35.6538, epoch 174, step  49, loss 0.15610139, auc@1 95.59, auc@5 99.82, share 7, std_loss 0, pre_std_loss 0, 
2021-05-31 12:05:15,380:INFO:[Rank-0] val time 15.5573, epoch 174, step  40, loss 1.10902310, auc@1 72.76, auc@5 93.04
2021-05-31 12:05:54,656:INFO:[Rank-0] train time 35.8520, epoch 175, step  49, loss 0.15330942, auc@1 95.80, auc@5 99.81, share 7, std_loss 0, pre_std_loss 0, 
2021-05-31 12:06:10,311:INFO:[Rank-0] val time 15.6490, epoch 175, step  40, loss 1.10879312, auc@1 72.77, auc@5 93.01
2021-05-31 12:06:49,190:INFO:[Rank-0] train time 35.5174, epoch 176, step  49, loss 0.15739337, auc@1 95.60, auc@5 99.81, share 7, std_loss 0, pre_std_loss 0, 
2021-05-31 12:07:04,697:INFO:[Rank-0] val time 15.5034, epoch 176, step  40, loss 1.10634217, auc@1 72.71, auc@5 93.08
2021-05-31 12:07:43,854:INFO:[Rank-0] train time 35.5956, epoch 177, step  49, loss 0.16097258, auc@1 95.43, auc@5 99.80, share 7, std_loss 0, pre_std_loss 0, 
2021-05-31 12:07:59,369:INFO:[Rank-0] val time 15.5113, epoch 177, step  40, loss 1.10757518, auc@1 72.70, auc@5 93.11
2021-05-31 12:08:38,818:INFO:[Rank-0] train time 35.9314, epoch 178, step  49, loss 0.15494552, auc@1 95.65, auc@5 99.82, share 7, std_loss 0, pre_std_loss 0, 
2021-05-31 12:08:54,207:INFO:[Rank-0] val time 15.3854, epoch 178, step  40, loss 1.10752235, auc@1 72.75, auc@5 93.09
2021-05-31 12:09:33,492:INFO:[Rank-0] train time 35.7183, epoch 179, step  49, loss 0.15481268, auc@1 95.60, auc@5 99.80, share 7, std_loss 0, pre_std_loss 0, 
2021-05-31 12:09:49,171:INFO:[Rank-0] val time 15.6760, epoch 179, step  40, loss 1.10588737, auc@1 72.76, auc@5 93.03
2021-05-31 12:10:27,925:INFO:[Rank-0] train time 35.4758, epoch 180, step  49, loss 0.15590829, auc@1 95.58, auc@5 99.81, share 7, std_loss 0, pre_std_loss 0, 
2021-05-31 12:10:43,596:INFO:[Rank-0] val time 15.6666, epoch 180, step  40, loss 1.11045730, auc@1 72.75, auc@5 93.06
2021-05-31 12:11:22,386:INFO:[Rank-0] train time 35.9143, epoch 181, step  49, loss 0.15613449, auc@1 95.60, auc@5 99.82, share 7, std_loss 0, pre_std_loss 0, 
2021-05-31 12:11:38,473:INFO:[Rank-0] val time 16.0823, epoch 181, step  40, loss 1.10874886, auc@1 72.77, auc@5 93.08
2021-05-31 12:12:16,289:INFO:[Rank-0] train time 35.5503, epoch 182, step  49, loss 0.15587148, auc@1 95.65, auc@5 99.81, share 7, std_loss 0, pre_std_loss 0, 
2021-05-31 12:12:32,272:INFO:[Rank-0] val time 15.9788, epoch 182, step  40, loss 1.10762220, auc@1 72.84, auc@5 93.02
2021-05-31 12:13:10,403:INFO:[Rank-0] train time 36.3561, epoch 183, step  49, loss 0.15398520, auc@1 95.66, auc@5 99.81, share 7, std_loss 0, pre_std_loss 0, 
2021-05-31 12:13:25,929:INFO:[Rank-0] val time 15.5215, epoch 183, step  40, loss 1.10737182, auc@1 72.82, auc@5 93.05
2021-05-31 12:14:04,318:INFO:[Rank-0] train time 35.8322, epoch 184, step  49, loss 0.15311186, auc@1 95.68, auc@5 99.82, share 7, std_loss 0, pre_std_loss 0, 
2021-05-31 12:14:20,017:INFO:[Rank-0] val time 15.6943, epoch 184, step  40, loss 1.10818089, auc@1 72.92, auc@5 92.97
2021-05-31 12:14:58,730:INFO:[Rank-0] train time 35.4926, epoch 185, step  49, loss 0.15620075, auc@1 95.50, auc@5 99.82, share 7, std_loss 0, pre_std_loss 0, 
2021-05-31 12:15:14,662:INFO:[Rank-0] val time 15.9271, epoch 185, step  40, loss 1.10810198, auc@1 72.85, auc@5 93.05
2021-05-31 12:15:53,243:INFO:[Rank-0] train time 35.6213, epoch 186, step  49, loss 0.15455158, auc@1 95.76, auc@5 99.81, share 7, std_loss 0, pre_std_loss 0, 
2021-05-31 12:16:09,261:INFO:[Rank-0] val time 16.0148, epoch 186, step  40, loss 1.10827313, auc@1 72.81, auc@5 93.01
2021-05-31 12:16:48,040:INFO:[Rank-0] train time 35.4990, epoch 187, step  49, loss 0.15525252, auc@1 95.60, auc@5 99.81, share 7, std_loss 0, pre_std_loss 0, 
2021-05-31 12:17:03,678:INFO:[Rank-0] val time 15.6344, epoch 187, step  40, loss 1.10922503, auc@1 72.73, auc@5 93.07
2021-05-31 12:17:41,919:INFO:[Rank-0] train time 36.1188, epoch 188, step  49, loss 0.15177302, auc@1 95.78, auc@5 99.83, share 7, std_loss 0, pre_std_loss 0, 
2021-05-31 12:17:57,561:INFO:[Rank-0] val time 15.6375, epoch 188, step  40, loss 1.10999267, auc@1 72.80, auc@5 93.07
2021-05-31 12:18:36,139:INFO:[Rank-0] train time 35.7155, epoch 189, step  49, loss 0.15128985, auc@1 95.75, auc@5 99.83, share 7, std_loss 0, pre_std_loss 0, 
2021-05-31 12:18:51,741:INFO:[Rank-0] val time 15.5983, epoch 189, step  40, loss 1.10947769, auc@1 72.72, auc@5 93.22
2021-05-31 12:19:31,094:INFO:[Rank-0] train time 35.4175, epoch 190, step  49, loss 0.15086927, auc@1 95.85, auc@5 99.80, share 7, std_loss 0, pre_std_loss 0, 
2021-05-31 12:19:46,700:INFO:[Rank-0] val time 15.6009, epoch 190, step  40, loss 1.10932562, auc@1 72.71, auc@5 93.05
2021-05-31 12:20:24,974:INFO:[Rank-0] train time 35.6941, epoch 191, step  49, loss 0.15430635, auc@1 95.73, auc@5 99.81, share 7, std_loss 0, pre_std_loss 0, 
2021-05-31 12:20:40,620:INFO:[Rank-0] val time 15.6401, epoch 191, step  40, loss 1.11195485, auc@1 72.78, auc@5 93.08
2021-05-31 12:21:19,956:INFO:[Rank-0] train time 35.4640, epoch 192, step  49, loss 0.15216810, auc@1 95.71, auc@5 99.82, share 7, std_loss 0, pre_std_loss 0, 
2021-05-31 12:21:35,559:INFO:[Rank-0] val time 15.5980, epoch 192, step  40, loss 1.10871656, auc@1 72.65, auc@5 93.07
2021-05-31 12:22:14,659:INFO:[Rank-0] train time 35.5827, epoch 193, step  49, loss 0.15327536, auc@1 95.59, auc@5 99.80, share 7, std_loss 0, pre_std_loss 0, 
2021-05-31 12:22:30,816:INFO:[Rank-0] val time 16.1524, epoch 193, step  40, loss 1.11088222, auc@1 72.77, auc@5 93.00
2021-05-31 12:23:08,467:INFO:[Rank-0] train time 37.6497, epoch 194, step  49, loss 0.15046552, auc@1 95.80, auc@5 99.83, share 7, std_loss 0, pre_std_loss 0, 
2021-05-31 12:23:24,127:INFO:[Rank-0] val time 15.6523, epoch 194, step  40, loss 1.11144885, auc@1 72.77, auc@5 93.06
2021-05-31 12:24:02,105:INFO:[Rank-0] train time 35.4945, epoch 195, step  49, loss 0.14961970, auc@1 95.86, auc@5 99.83, share 7, std_loss 0, pre_std_loss 0, 
2021-05-31 12:24:18,164:INFO:[Rank-0] val time 16.0527, epoch 195, step  40, loss 1.11255870, auc@1 72.81, auc@5 93.02
2021-05-31 12:24:56,920:INFO:[Rank-0] train time 35.6309, epoch 196, step  49, loss 0.15052177, auc@1 95.82, auc@5 99.80, share 7, std_loss 0, pre_std_loss 0, 
2021-05-31 12:25:12,820:INFO:[Rank-0] val time 15.8957, epoch 196, step  40, loss 1.11426848, auc@1 72.69, auc@5 93.03
2021-05-31 12:25:51,054:INFO:[Rank-0] train time 35.5720, epoch 197, step  49, loss 0.15181993, auc@1 95.71, auc@5 99.84, share 7, std_loss 0, pre_std_loss 0, 
2021-05-31 12:26:06,551:INFO:[Rank-0] val time 15.4916, epoch 197, step  40, loss 1.11158023, auc@1 72.56, auc@5 93.13
2021-05-31 12:26:45,667:INFO:[Rank-0] train time 35.6465, epoch 198, step  49, loss 0.15119760, auc@1 95.82, auc@5 99.80, share 7, std_loss 0, pre_std_loss 0, 
2021-05-31 12:27:01,234:INFO:[Rank-0] val time 15.5630, epoch 198, step  40, loss 1.11019964, auc@1 72.76, auc@5 93.06
2021-05-31 12:27:40,779:INFO:[Rank-0] train time 36.1844, epoch 199, step  49, loss 0.15019776, auc@1 95.79, auc@5 99.84, share 7, std_loss 0, pre_std_loss 0, 
2021-05-31 12:27:56,369:INFO:[Rank-0] val time 15.5853, epoch 199, step  40, loss 1.10790660, auc@1 72.81, auc@5 93.18
2021-05-31 12:28:35,770:INFO:[Rank-0] train time 35.5431, epoch 200, step  49, loss 0.14971453, auc@1 95.85, auc@5 99.82, share 7, std_loss 0, pre_std_loss 0, 
2021-05-31 12:28:51,983:INFO:[Rank-0] val time 16.2077, epoch 200, step  40, loss 1.11285413, auc@1 72.66, auc@5 93.12
2021-05-31 12:28:51,984:INFO:[Rank-0] finish, train+val 10834.09088, train 7657.97703, reduce_count 1400
