2021-05-31 12:29:00,493:INFO:[Rank-0] args : Namespace(batch=1024, current_time='20210531_003353', dataset='cifar100', epochs=200, ip='192.168.1.1:7548', k=16, loss_std_gap_rate=1.0, lr=0.05, momentum=0.6, name='local(k=16)', rank=0, scheduler_step=80, train_type='local', weight_decay=0.0005, world=4)
2021-05-31 12:29:40,190:INFO:[Rank-0] train time 38.1513, epoch   1, step  49, loss 4.71130753, auc@1 2.98, auc@5 11.67, share 3, std_loss 0, pre_std_loss 0, 
2021-05-31 12:29:55,733:INFO:[Rank-0] val time 15.5402, epoch   1, step  40, loss 4.74910007, auc@1 4.74, auc@5 19.35
2021-05-31 12:30:34,176:INFO:[Rank-0] train time 38.4218, epoch   2, step  49, loss 4.19016027, auc@1 6.47, auc@5 22.54, share 3, std_loss 0, pre_std_loss 0, 
2021-05-31 12:30:49,592:INFO:[Rank-0] val time 15.4139, epoch   2, step  40, loss 9.11968214, auc@1 6.44, auc@5 25.06
2021-05-31 12:31:28,526:INFO:[Rank-0] train time 38.9314, epoch   3, step  49, loss 3.98068762, auc@1 8.82, auc@5 28.44, share 3, std_loss 0, pre_std_loss 0, 
2021-05-31 12:31:44,072:INFO:[Rank-0] val time 15.5409, epoch   3, step  40, loss 4.28748244, auc@1 10.88, auc@5 32.56
2021-05-31 12:32:22,893:INFO:[Rank-0] train time 38.8197, epoch   4, step  49, loss 3.83952928, auc@1 10.51, auc@5 32.39, share 3, std_loss 0, pre_std_loss 0, 
2021-05-31 12:32:38,340:INFO:[Rank-0] val time 15.4424, epoch   4, step  40, loss 3.72600492, auc@1 11.71, auc@5 35.70
2021-05-31 12:33:16,672:INFO:[Rank-0] train time 38.3223, epoch   5, step  49, loss 3.73133564, auc@1 11.92, auc@5 35.60, share 3, std_loss 0, pre_std_loss 0, 
2021-05-31 12:33:32,078:INFO:[Rank-0] val time 15.4027, epoch   5, step  40, loss 3.63785803, auc@1 13.92, auc@5 38.51
2021-05-31 12:34:10,841:INFO:[Rank-0] train time 38.7447, epoch   6, step  49, loss 3.62534070, auc@1 13.86, auc@5 38.93, share 3, std_loss 0, pre_std_loss 0, 
2021-05-31 12:34:26,255:INFO:[Rank-0] val time 15.4109, epoch   6, step  40, loss 3.96816163, auc@1 13.95, auc@5 38.20
2021-05-31 12:35:04,990:INFO:[Rank-0] train time 38.7084, epoch   7, step  49, loss 3.51930213, auc@1 15.67, auc@5 42.17, share 3, std_loss 0, pre_std_loss 0, 
2021-05-31 12:35:20,381:INFO:[Rank-0] val time 15.3878, epoch   7, step  40, loss 4.07213642, auc@1 15.47, auc@5 40.93
2021-05-31 12:35:59,140:INFO:[Rank-0] train time 38.7242, epoch   8, step  49, loss 3.41649365, auc@1 17.31, auc@5 44.75, share 3, std_loss 0, pre_std_loss 0, 
2021-05-31 12:36:14,707:INFO:[Rank-0] val time 15.5651, epoch   8, step  40, loss 3.38793190, auc@1 17.58, auc@5 45.89
2021-05-31 12:36:53,421:INFO:[Rank-0] train time 38.6906, epoch   9, step  49, loss 3.32884407, auc@1 18.62, auc@5 47.40, share 3, std_loss 0, pre_std_loss 0, 
2021-05-31 12:37:08,877:INFO:[Rank-0] val time 15.4535, epoch   9, step  40, loss 3.25127918, auc@1 20.41, auc@5 49.36
2021-05-31 12:37:47,565:INFO:[Rank-0] train time 38.6439, epoch  10, step  49, loss 3.23533940, auc@1 20.33, auc@5 49.61, share 3, std_loss 0, pre_std_loss 0, 
2021-05-31 12:38:03,337:INFO:[Rank-0] val time 15.7697, epoch  10, step  40, loss 3.28227664, auc@1 20.91, auc@5 50.01
2021-05-31 12:38:41,862:INFO:[Rank-0] train time 38.4777, epoch  11, step  49, loss 3.15375066, auc@1 21.63, auc@5 52.11, share 3, std_loss 0, pre_std_loss 0, 
2021-05-31 12:38:57,429:INFO:[Rank-0] val time 15.5654, epoch  11, step  40, loss 3.21538404, auc@1 20.68, auc@5 51.45
2021-05-31 12:39:35,962:INFO:[Rank-0] train time 38.5187, epoch  12, step  49, loss 3.06788468, auc@1 23.35, auc@5 54.07, share 3, std_loss 0, pre_std_loss 0, 
2021-05-31 12:39:51,442:INFO:[Rank-0] val time 15.4771, epoch  12, step  40, loss 3.38933916, auc@1 19.74, auc@5 47.91
2021-05-31 12:40:30,281:INFO:[Rank-0] train time 38.8229, epoch  13, step  49, loss 2.98882532, auc@1 24.82, auc@5 56.11, share 3, std_loss 0, pre_std_loss 0, 
2021-05-31 12:40:45,814:INFO:[Rank-0] val time 15.5304, epoch  13, step  40, loss 2.98132185, auc@1 25.05, auc@5 56.02
2021-05-31 12:41:24,662:INFO:[Rank-0] train time 38.8195, epoch  14, step  49, loss 2.91367149, auc@1 26.23, auc@5 58.15, share 3, std_loss 0, pre_std_loss 0, 
2021-05-31 12:41:40,050:INFO:[Rank-0] val time 15.3857, epoch  14, step  40, loss 3.13666338, auc@1 24.82, auc@5 56.14
2021-05-31 12:42:19,185:INFO:[Rank-0] train time 39.1231, epoch  15, step  49, loss 2.82804251, auc@1 27.79, auc@5 60.27, share 3, std_loss 0, pre_std_loss 0, 
2021-05-31 12:42:34,638:INFO:[Rank-0] val time 15.4498, epoch  15, step  40, loss 3.13726148, auc@1 23.29, auc@5 54.96
2021-05-31 12:43:13,669:INFO:[Rank-0] train time 39.0271, epoch  16, step  49, loss 2.75927210, auc@1 29.13, auc@5 61.66, share 3, std_loss 0, pre_std_loss 0, 
2021-05-31 12:43:29,179:INFO:[Rank-0] val time 15.5050, epoch  16, step  40, loss 2.89702212, auc@1 27.27, auc@5 59.25
2021-05-31 12:44:08,005:INFO:[Rank-0] train time 38.7723, epoch  17, step  49, loss 2.68143940, auc@1 30.61, auc@5 63.82, share 3, std_loss 0, pre_std_loss 0, 
2021-05-31 12:44:23,554:INFO:[Rank-0] val time 15.5472, epoch  17, step  40, loss 2.82738515, auc@1 28.88, auc@5 60.91
2021-05-31 12:45:02,238:INFO:[Rank-0] train time 38.6754, epoch  18, step  49, loss 2.61513448, auc@1 31.85, auc@5 65.14, share 3, std_loss 0, pre_std_loss 0, 
2021-05-31 12:45:17,638:INFO:[Rank-0] val time 15.3974, epoch  18, step  40, loss 2.74090164, auc@1 30.07, auc@5 63.47
2021-05-31 12:45:56,751:INFO:[Rank-0] train time 39.0770, epoch  19, step  49, loss 2.55213070, auc@1 33.28, auc@5 66.55, share 3, std_loss 0, pre_std_loss 0, 
2021-05-31 12:46:12,300:INFO:[Rank-0] val time 15.5463, epoch  19, step  40, loss 2.94759105, auc@1 27.36, auc@5 60.13
2021-05-31 12:46:51,281:INFO:[Rank-0] train time 38.9352, epoch  20, step  49, loss 2.48147225, auc@1 34.50, auc@5 68.01, share 3, std_loss 0, pre_std_loss 0, 
2021-05-31 12:47:07,250:INFO:[Rank-0] val time 15.9665, epoch  20, step  40, loss 2.62703703, auc@1 32.67, auc@5 65.44
2021-05-31 12:47:45,198:INFO:[Rank-0] train time 37.8901, epoch  21, step  49, loss 2.42726350, auc@1 35.90, auc@5 69.45, share 3, std_loss 0, pre_std_loss 0, 
2021-05-31 12:48:00,765:INFO:[Rank-0] val time 15.5651, epoch  21, step  40, loss 2.50533125, auc@1 35.77, auc@5 67.55
2021-05-31 12:48:39,531:INFO:[Rank-0] train time 38.7248, epoch  22, step  49, loss 2.35659575, auc@1 37.27, auc@5 70.83, share 3, std_loss 0, pre_std_loss 0, 
2021-05-31 12:48:55,487:INFO:[Rank-0] val time 15.9533, epoch  22, step  40, loss 2.55817693, auc@1 34.50, auc@5 67.92
2021-05-31 12:49:33,736:INFO:[Rank-0] train time 38.2235, epoch  23, step  49, loss 2.30119920, auc@1 38.39, auc@5 72.10, share 3, std_loss 0, pre_std_loss 0, 
2021-05-31 12:49:49,137:INFO:[Rank-0] val time 15.3985, epoch  23, step  40, loss 2.44528823, auc@1 36.68, auc@5 69.12
2021-05-31 12:50:28,268:INFO:[Rank-0] train time 39.1289, epoch  24, step  49, loss 2.24876308, auc@1 39.49, auc@5 73.04, share 3, std_loss 0, pre_std_loss 0, 
2021-05-31 12:50:43,635:INFO:[Rank-0] val time 15.3621, epoch  24, step  40, loss 2.30499572, auc@1 39.03, auc@5 72.31
2021-05-31 12:51:23,014:INFO:[Rank-0] train time 39.3685, epoch  25, step  49, loss 2.20204782, auc@1 40.57, auc@5 74.12, share 3, std_loss 0, pre_std_loss 0, 
2021-05-31 12:51:38,559:INFO:[Rank-0] val time 15.5419, epoch  25, step  40, loss 2.46767704, auc@1 37.79, auc@5 70.93
2021-05-31 12:52:16,211:INFO:[Rank-0] train time 37.4107, epoch  26, step  49, loss 2.14026570, auc@1 41.93, auc@5 75.25, share 3, std_loss 0, pre_std_loss 0, 
2021-05-31 12:52:32,110:INFO:[Rank-0] val time 15.8956, epoch  26, step  40, loss 2.22996465, auc@1 40.97, auc@5 72.83
2021-05-31 12:53:08,982:INFO:[Rank-0] train time 36.6105, epoch  27, step  49, loss 2.10058975, auc@1 43.00, auc@5 76.12, share 3, std_loss 0, pre_std_loss 0, 
2021-05-31 12:53:24,809:INFO:[Rank-0] val time 15.8241, epoch  27, step  40, loss 2.39667901, auc@1 38.22, auc@5 70.61
2021-05-31 12:54:01,676:INFO:[Rank-0] train time 36.8385, epoch  28, step  49, loss 2.04281092, auc@1 44.17, auc@5 77.25, share 3, std_loss 0, pre_std_loss 0, 
2021-05-31 12:54:17,392:INFO:[Rank-0] val time 15.7140, epoch  28, step  40, loss 2.43532075, auc@1 38.08, auc@5 68.82
2021-05-31 12:54:54,253:INFO:[Rank-0] train time 36.6695, epoch  29, step  49, loss 2.00973392, auc@1 45.04, auc@5 78.01, share 3, std_loss 0, pre_std_loss 0, 
2021-05-31 12:55:09,831:INFO:[Rank-0] val time 15.5762, epoch  29, step  40, loss 2.29689451, auc@1 40.64, auc@5 72.91
2021-05-31 12:55:47,014:INFO:[Rank-0] train time 36.8942, epoch  30, step  49, loss 1.96149635, auc@1 46.12, auc@5 78.60, share 3, std_loss 0, pre_std_loss 0, 
2021-05-31 12:56:02,825:INFO:[Rank-0] val time 15.8094, epoch  30, step  40, loss 2.11310142, auc@1 43.37, auc@5 76.39
2021-05-31 12:56:39,550:INFO:[Rank-0] train time 36.5287, epoch  31, step  49, loss 1.92374396, auc@1 47.04, auc@5 79.40, share 3, std_loss 0, pre_std_loss 0, 
2021-05-31 12:56:55,284:INFO:[Rank-0] val time 15.7317, epoch  31, step  40, loss 2.19191535, auc@1 42.52, auc@5 74.53
2021-05-31 12:57:32,641:INFO:[Rank-0] train time 37.0941, epoch  32, step  49, loss 1.87428355, auc@1 48.10, auc@5 80.33, share 3, std_loss 0, pre_std_loss 0, 
2021-05-31 12:57:48,126:INFO:[Rank-0] val time 15.4831, epoch  32, step  40, loss 2.25196497, auc@1 42.18, auc@5 74.73
2021-05-31 12:58:26,155:INFO:[Rank-0] train time 37.8800, epoch  33, step  49, loss 1.84507501, auc@1 48.65, auc@5 80.98, share 3, std_loss 0, pre_std_loss 0, 
2021-05-31 12:58:41,757:INFO:[Rank-0] val time 15.6002, epoch  33, step  40, loss 2.26059481, auc@1 41.93, auc@5 73.91
2021-05-31 12:59:19,346:INFO:[Rank-0] train time 37.4890, epoch  34, step  49, loss 1.80722904, auc@1 49.74, auc@5 81.65, share 3, std_loss 0, pre_std_loss 0, 
2021-05-31 12:59:35,033:INFO:[Rank-0] val time 15.6851, epoch  34, step  40, loss 2.28995427, auc@1 42.62, auc@5 74.32
2021-05-31 13:00:12,392:INFO:[Rank-0] train time 37.1876, epoch  35, step  49, loss 1.77623594, auc@1 50.13, auc@5 82.29, share 3, std_loss 0, pre_std_loss 0, 
2021-05-31 13:00:28,003:INFO:[Rank-0] val time 15.6083, epoch  35, step  40, loss 1.99370179, auc@1 46.40, auc@5 78.45
2021-05-31 13:01:05,671:INFO:[Rank-0] train time 37.5714, epoch  36, step  49, loss 1.74477577, auc@1 51.22, auc@5 82.70, share 3, std_loss 0, pre_std_loss 0, 
2021-05-31 13:01:21,169:INFO:[Rank-0] val time 15.4958, epoch  36, step  40, loss 2.01920085, auc@1 46.38, auc@5 78.37
2021-05-31 13:01:58,844:INFO:[Rank-0] train time 37.5898, epoch  37, step  49, loss 1.71301019, auc@1 52.06, auc@5 83.27, share 3, std_loss 0, pre_std_loss 0, 
2021-05-31 13:02:14,253:INFO:[Rank-0] val time 15.4073, epoch  37, step  40, loss 2.30541530, auc@1 43.59, auc@5 76.48
2021-05-31 13:02:52,184:INFO:[Rank-0] train time 37.7012, epoch  38, step  49, loss 1.69023693, auc@1 52.74, auc@5 83.43, share 3, std_loss 0, pre_std_loss 0, 
2021-05-31 13:03:07,789:INFO:[Rank-0] val time 15.6027, epoch  38, step  40, loss 1.97931152, auc@1 48.14, auc@5 78.67
2021-05-31 13:03:46,292:INFO:[Rank-0] train time 38.3802, epoch  39, step  49, loss 1.65646660, auc@1 53.21, auc@5 84.33, share 3, std_loss 0, pre_std_loss 0, 
2021-05-31 13:04:01,976:INFO:[Rank-0] val time 15.6811, epoch  39, step  40, loss 1.90675600, auc@1 49.20, auc@5 80.46
2021-05-31 13:04:39,600:INFO:[Rank-0] train time 37.4198, epoch  40, step  49, loss 1.62405968, auc@1 54.15, auc@5 84.74, share 3, std_loss 0, pre_std_loss 0, 
2021-05-31 13:04:55,308:INFO:[Rank-0] val time 15.7052, epoch  40, step  40, loss 1.99285986, auc@1 47.35, auc@5 78.70
2021-05-31 13:05:33,154:INFO:[Rank-0] train time 37.6511, epoch  41, step  49, loss 1.60120356, auc@1 54.81, auc@5 84.98, share 3, std_loss 0, pre_std_loss 0, 
2021-05-31 13:05:48,971:INFO:[Rank-0] val time 15.8152, epoch  41, step  40, loss 1.94652829, auc@1 48.58, auc@5 80.23
2021-05-31 13:06:27,512:INFO:[Rank-0] train time 38.4509, epoch  42, step  49, loss 1.56839192, auc@1 55.78, auc@5 85.55, share 3, std_loss 0, pre_std_loss 0, 
2021-05-31 13:06:43,543:INFO:[Rank-0] val time 16.0280, epoch  42, step  40, loss 2.02875600, auc@1 47.18, auc@5 78.49
2021-05-31 13:07:21,325:INFO:[Rank-0] train time 37.7555, epoch  43, step  49, loss 1.53753734, auc@1 56.32, auc@5 86.06, share 3, std_loss 0, pre_std_loss 0, 
2021-05-31 13:07:37,443:INFO:[Rank-0] val time 16.1139, epoch  43, step  40, loss 2.21766159, auc@1 43.98, auc@5 76.88
2021-05-31 13:08:14,415:INFO:[Rank-0] train time 36.9104, epoch  44, step  49, loss 1.51510048, auc@1 56.89, auc@5 86.32, share 3, std_loss 0, pre_std_loss 0, 
2021-05-31 13:08:30,857:INFO:[Rank-0] val time 16.4391, epoch  44, step  40, loss 1.92341765, auc@1 49.58, auc@5 80.09
2021-05-31 13:09:07,407:INFO:[Rank-0] train time 36.5010, epoch  45, step  49, loss 1.49665332, auc@1 57.40, auc@5 86.69, share 3, std_loss 0, pre_std_loss 0, 
2021-05-31 13:09:23,344:INFO:[Rank-0] val time 15.9342, epoch  45, step  40, loss 1.86295584, auc@1 50.19, auc@5 80.94
2021-05-31 13:10:01,471:INFO:[Rank-0] train time 37.9415, epoch  46, step  49, loss 1.46620905, auc@1 58.02, auc@5 87.08, share 3, std_loss 0, pre_std_loss 0, 
2021-05-31 13:10:17,224:INFO:[Rank-0] val time 15.7499, epoch  46, step  40, loss 1.79736248, auc@1 50.94, auc@5 81.78
2021-05-31 13:10:54,710:INFO:[Rank-0] train time 37.3501, epoch  47, step  49, loss 1.44058251, auc@1 58.97, auc@5 87.69, share 3, std_loss 0, pre_std_loss 0, 
2021-05-31 13:11:10,706:INFO:[Rank-0] val time 15.9935, epoch  47, step  40, loss 1.88812004, auc@1 49.85, auc@5 80.51
2021-05-31 13:11:47,831:INFO:[Rank-0] train time 36.8579, epoch  48, step  49, loss 1.43383658, auc@1 58.99, auc@5 87.74, share 3, std_loss 0, pre_std_loss 0, 
2021-05-31 13:12:03,304:INFO:[Rank-0] val time 15.4706, epoch  48, step  40, loss 1.77774757, auc@1 51.86, auc@5 82.05
2021-05-31 13:12:40,941:INFO:[Rank-0] train time 37.5468, epoch  49, step  49, loss 1.41105068, auc@1 59.66, auc@5 88.01, share 3, std_loss 0, pre_std_loss 0, 
2021-05-31 13:12:56,688:INFO:[Rank-0] val time 15.7453, epoch  49, step  40, loss 1.74686743, auc@1 52.84, auc@5 83.09
2021-05-31 13:13:33,963:INFO:[Rank-0] train time 37.1863, epoch  50, step  49, loss 1.38792527, auc@1 60.03, auc@5 88.30, share 3, std_loss 0, pre_std_loss 0, 
2021-05-31 13:13:49,758:INFO:[Rank-0] val time 15.7930, epoch  50, step  40, loss 1.67938810, auc@1 54.41, auc@5 84.04
2021-05-31 13:14:27,307:INFO:[Rank-0] train time 37.4249, epoch  51, step  49, loss 1.35687876, auc@1 60.73, auc@5 88.78, share 3, std_loss 0, pre_std_loss 0, 
2021-05-31 13:14:42,909:INFO:[Rank-0] val time 15.5986, epoch  51, step  40, loss 2.04602103, auc@1 49.37, auc@5 79.62
2021-05-31 13:15:20,519:INFO:[Rank-0] train time 37.3690, epoch  52, step  49, loss 1.34343064, auc@1 61.23, auc@5 88.96, share 3, std_loss 0, pre_std_loss 0, 
2021-05-31 13:15:36,456:INFO:[Rank-0] val time 15.9361, epoch  52, step  40, loss 1.73734624, auc@1 52.91, auc@5 83.02
2021-05-31 13:16:13,796:INFO:[Rank-0] train time 37.1698, epoch  53, step  49, loss 1.31690717, auc@1 61.86, auc@5 89.29, share 3, std_loss 0, pre_std_loss 0, 
2021-05-31 13:16:29,470:INFO:[Rank-0] val time 15.6728, epoch  53, step  40, loss 1.87212876, auc@1 51.45, auc@5 81.62
2021-05-31 13:17:06,937:INFO:[Rank-0] train time 37.3052, epoch  54, step  49, loss 1.30005372, auc@1 62.35, auc@5 89.56, share 3, std_loss 0, pre_std_loss 0, 
2021-05-31 13:17:22,756:INFO:[Rank-0] val time 15.8161, epoch  54, step  40, loss 1.93453282, auc@1 49.80, auc@5 81.83
2021-05-31 13:18:00,379:INFO:[Rank-0] train time 37.5382, epoch  55, step  49, loss 1.27452886, auc@1 62.91, auc@5 89.90, share 3, std_loss 0, pre_std_loss 0, 
2021-05-31 13:18:16,057:INFO:[Rank-0] val time 15.6764, epoch  55, step  40, loss 1.95815661, auc@1 50.66, auc@5 81.20
2021-05-31 13:18:53,377:INFO:[Rank-0] train time 37.0994, epoch  56, step  49, loss 1.26352680, auc@1 62.99, auc@5 90.11, share 3, std_loss 0, pre_std_loss 0, 
2021-05-31 13:19:08,967:INFO:[Rank-0] val time 15.5876, epoch  56, step  40, loss 1.72390003, auc@1 54.31, auc@5 83.56
2021-05-31 13:19:46,621:INFO:[Rank-0] train time 37.5218, epoch  57, step  49, loss 1.25128543, auc@1 63.45, auc@5 90.31, share 3, std_loss 0, pre_std_loss 0, 
2021-05-31 13:20:02,237:INFO:[Rank-0] val time 15.6129, epoch  57, step  40, loss 1.79813341, auc@1 53.37, auc@5 82.79
2021-05-31 13:20:40,557:INFO:[Rank-0] train time 38.1031, epoch  58, step  49, loss 1.23939526, auc@1 63.88, auc@5 90.50, share 3, std_loss 0, pre_std_loss 0, 
2021-05-31 13:20:56,933:INFO:[Rank-0] val time 16.3735, epoch  58, step  40, loss 1.73897423, auc@1 54.76, auc@5 84.06
2021-05-31 13:21:34,010:INFO:[Rank-0] train time 36.9565, epoch  59, step  49, loss 1.21546876, auc@1 64.49, auc@5 90.76, share 3, std_loss 0, pre_std_loss 0, 
2021-05-31 13:21:49,683:INFO:[Rank-0] val time 15.6705, epoch  59, step  40, loss 1.68860764, auc@1 54.85, auc@5 83.98
2021-05-31 13:22:27,138:INFO:[Rank-0] train time 37.3984, epoch  60, step  49, loss 1.19057155, auc@1 65.15, auc@5 90.99, share 3, std_loss 0, pre_std_loss 0, 
2021-05-31 13:22:42,828:INFO:[Rank-0] val time 15.6874, epoch  60, step  40, loss 1.74416897, auc@1 54.14, auc@5 83.69
2021-05-31 13:23:20,118:INFO:[Rank-0] train time 37.2021, epoch  61, step  49, loss 1.18375897, auc@1 65.39, auc@5 91.20, share 3, std_loss 0, pre_std_loss 0, 
2021-05-31 13:23:36,085:INFO:[Rank-0] val time 15.9654, epoch  61, step  40, loss 1.66501374, auc@1 54.70, auc@5 84.71
2021-05-31 13:24:12,799:INFO:[Rank-0] train time 36.4796, epoch  62, step  49, loss 1.16729236, auc@1 65.81, auc@5 91.43, share 3, std_loss 0, pre_std_loss 0, 
2021-05-31 13:24:28,363:INFO:[Rank-0] val time 15.5616, epoch  62, step  40, loss 1.56184625, auc@1 57.94, auc@5 86.00
2021-05-31 13:25:04,911:INFO:[Rank-0] train time 36.3066, epoch  63, step  49, loss 1.14398825, auc@1 66.28, auc@5 91.72, share 3, std_loss 0, pre_std_loss 0, 
2021-05-31 13:25:20,447:INFO:[Rank-0] val time 15.5320, epoch  63, step  40, loss 1.58451322, auc@1 57.66, auc@5 86.12
2021-05-31 13:25:57,115:INFO:[Rank-0] train time 36.4554, epoch  64, step  49, loss 1.13841343, auc@1 66.43, auc@5 91.61, share 3, std_loss 0, pre_std_loss 0, 
2021-05-31 13:26:12,815:INFO:[Rank-0] val time 15.6970, epoch  64, step  40, loss 1.66370600, auc@1 56.01, auc@5 85.07
2021-05-31 13:26:49,414:INFO:[Rank-0] train time 36.3461, epoch  65, step  49, loss 1.10872865, auc@1 67.33, auc@5 92.10, share 3, std_loss 0, pre_std_loss 0, 
2021-05-31 13:27:04,949:INFO:[Rank-0] val time 15.5327, epoch  65, step  40, loss 1.73749058, auc@1 54.70, auc@5 84.07
2021-05-31 13:27:41,747:INFO:[Rank-0] train time 36.7110, epoch  66, step  49, loss 1.10639441, auc@1 67.36, auc@5 92.16, share 3, std_loss 0, pre_std_loss 0, 
2021-05-31 13:27:57,344:INFO:[Rank-0] val time 15.5941, epoch  66, step  40, loss 1.67783117, auc@1 55.03, auc@5 84.09
2021-05-31 13:28:34,165:INFO:[Rank-0] train time 36.6144, epoch  67, step  49, loss 1.09040809, auc@1 67.76, auc@5 92.39, share 3, std_loss 0, pre_std_loss 0, 
2021-05-31 13:28:49,616:INFO:[Rank-0] val time 15.4482, epoch  67, step  40, loss 1.72597083, auc@1 54.84, auc@5 83.60
2021-05-31 13:29:26,313:INFO:[Rank-0] train time 36.4110, epoch  68, step  49, loss 1.07233143, auc@1 68.20, auc@5 92.62, share 3, std_loss 0, pre_std_loss 0, 
2021-05-31 13:29:42,023:INFO:[Rank-0] val time 15.7069, epoch  68, step  40, loss 1.60025738, auc@1 57.33, auc@5 86.33
2021-05-31 13:30:18,668:INFO:[Rank-0] train time 36.4249, epoch  69, step  49, loss 1.06999433, auc@1 68.30, auc@5 92.58, share 3, std_loss 0, pre_std_loss 0, 
2021-05-31 13:30:34,215:INFO:[Rank-0] val time 15.5447, epoch  69, step  40, loss 1.64432919, auc@1 57.14, auc@5 84.81
2021-05-31 13:31:11,335:INFO:[Rank-0] train time 36.9187, epoch  70, step  49, loss 1.05192423, auc@1 68.52, auc@5 92.93, share 3, std_loss 0, pre_std_loss 0, 
2021-05-31 13:31:26,802:INFO:[Rank-0] val time 15.4654, epoch  70, step  40, loss 1.58117037, auc@1 57.71, auc@5 85.82
2021-05-31 13:32:03,723:INFO:[Rank-0] train time 36.6688, epoch  71, step  49, loss 1.03445697, auc@1 69.39, auc@5 93.08, share 3, std_loss 0, pre_std_loss 0, 
2021-05-31 13:32:19,138:INFO:[Rank-0] val time 15.4133, epoch  71, step  40, loss 1.71051711, auc@1 55.59, auc@5 84.07
2021-05-31 13:32:56,183:INFO:[Rank-0] train time 36.8360, epoch  72, step  49, loss 1.01168382, auc@1 69.76, auc@5 93.34, share 3, std_loss 0, pre_std_loss 0, 
2021-05-31 13:33:11,783:INFO:[Rank-0] val time 15.5980, epoch  72, step  40, loss 1.58487668, auc@1 58.65, auc@5 85.78
2021-05-31 13:33:48,785:INFO:[Rank-0] train time 36.6859, epoch  73, step  49, loss 1.00625277, auc@1 70.12, auc@5 93.43, share 3, std_loss 0, pre_std_loss 0, 
2021-05-31 13:34:04,491:INFO:[Rank-0] val time 15.7040, epoch  73, step  40, loss 1.56267178, auc@1 58.88, auc@5 86.11
2021-05-31 13:34:41,152:INFO:[Rank-0] train time 36.5104, epoch  74, step  49, loss 0.98521811, auc@1 70.48, auc@5 93.68, share 3, std_loss 0, pre_std_loss 0, 
2021-05-31 13:34:56,642:INFO:[Rank-0] val time 15.4878, epoch  74, step  40, loss 1.51813002, auc@1 60.03, auc@5 86.57
2021-05-31 13:35:33,577:INFO:[Rank-0] train time 36.7536, epoch  75, step  49, loss 0.97897065, auc@1 70.79, auc@5 93.77, share 3, std_loss 0, pre_std_loss 0, 
2021-05-31 13:35:49,083:INFO:[Rank-0] val time 15.5030, epoch  75, step  40, loss 1.71812007, auc@1 56.50, auc@5 83.80
2021-05-31 13:36:26,018:INFO:[Rank-0] train time 36.6348, epoch  76, step  49, loss 0.97085768, auc@1 71.00, auc@5 93.89, share 3, std_loss 0, pre_std_loss 0, 
2021-05-31 13:36:41,486:INFO:[Rank-0] val time 15.4661, epoch  76, step  40, loss 1.66440252, auc@1 57.26, auc@5 85.39
2021-05-31 13:37:18,581:INFO:[Rank-0] train time 36.7624, epoch  77, step  49, loss 0.96569252, auc@1 70.93, auc@5 93.93, share 3, std_loss 0, pre_std_loss 0, 
2021-05-31 13:37:33,982:INFO:[Rank-0] val time 15.3983, epoch  77, step  40, loss 1.67012930, auc@1 57.74, auc@5 85.16
2021-05-31 13:38:11,030:INFO:[Rank-0] train time 37.0017, epoch  78, step  49, loss 0.94680804, auc@1 71.58, auc@5 94.09, share 3, std_loss 0, pre_std_loss 0, 
2021-05-31 13:38:26,683:INFO:[Rank-0] val time 15.6508, epoch  78, step  40, loss 1.66458797, auc@1 57.96, auc@5 84.75
2021-05-31 13:39:03,440:INFO:[Rank-0] train time 36.4869, epoch  79, step  49, loss 0.93669021, auc@1 71.73, auc@5 94.09, share 3, std_loss 0, pre_std_loss 0, 
2021-05-31 13:39:19,038:INFO:[Rank-0] val time 15.5950, epoch  79, step  40, loss 1.59930646, auc@1 58.74, auc@5 86.40
2021-05-31 13:39:55,679:INFO:[Rank-0] train time 36.4451, epoch  80, step  49, loss 0.92358702, auc@1 71.90, auc@5 94.45, share 3, std_loss 0, pre_std_loss 0, 
2021-05-31 13:40:11,259:INFO:[Rank-0] val time 15.5779, epoch  80, step  40, loss 1.69115153, auc@1 57.34, auc@5 85.60
2021-05-31 13:40:48,269:INFO:[Rank-0] train time 36.6437, epoch  81, step  49, loss 0.92079204, auc@1 72.41, auc@5 94.35, share 3, std_loss 0, pre_std_loss 0, 
2021-05-31 13:41:03,729:INFO:[Rank-0] val time 15.4581, epoch  81, step  40, loss 1.52868459, auc@1 59.93, auc@5 86.48
2021-05-31 13:41:40,643:INFO:[Rank-0] train time 36.6883, epoch  82, step  49, loss 0.89333916, auc@1 72.98, auc@5 94.62, share 3, std_loss 0, pre_std_loss 0, 
2021-05-31 13:41:56,163:INFO:[Rank-0] val time 15.5181, epoch  82, step  40, loss 1.55426877, auc@1 60.45, auc@5 86.89
2021-05-31 13:42:32,953:INFO:[Rank-0] train time 36.6176, epoch  83, step  49, loss 0.89827460, auc@1 72.93, auc@5 94.71, share 3, std_loss 0, pre_std_loss 0, 
2021-05-31 13:42:48,520:INFO:[Rank-0] val time 15.5650, epoch  83, step  40, loss 1.74972189, auc@1 56.90, auc@5 84.25
2021-05-31 13:43:25,144:INFO:[Rank-0] train time 36.5790, epoch  84, step  49, loss 0.88534188, auc@1 73.57, auc@5 94.76, share 3, std_loss 0, pre_std_loss 0, 
2021-05-31 13:43:40,788:INFO:[Rank-0] val time 15.6413, epoch  84, step  40, loss 1.53777335, auc@1 59.72, auc@5 87.09
2021-05-31 13:44:17,476:INFO:[Rank-0] train time 36.5049, epoch  85, step  49, loss 0.86598927, auc@1 73.86, auc@5 94.89, share 3, std_loss 0, pre_std_loss 0, 
2021-05-31 13:44:32,976:INFO:[Rank-0] val time 15.4970, epoch  85, step  40, loss 1.60008717, auc@1 59.29, auc@5 85.93
2021-05-31 13:45:09,742:INFO:[Rank-0] train time 36.5401, epoch  86, step  49, loss 0.86251354, auc@1 73.94, auc@5 95.02, share 3, std_loss 0, pre_std_loss 0, 
2021-05-31 13:45:25,481:INFO:[Rank-0] val time 15.7364, epoch  86, step  40, loss 1.59926440, auc@1 59.32, auc@5 86.16
2021-05-31 13:46:02,524:INFO:[Rank-0] train time 36.8174, epoch  87, step  49, loss 0.85843313, auc@1 74.03, auc@5 95.03, share 3, std_loss 0, pre_std_loss 0, 
2021-05-31 13:46:17,926:INFO:[Rank-0] val time 15.3979, epoch  87, step  40, loss 1.54493199, auc@1 59.42, auc@5 86.87
2021-05-31 13:46:55,172:INFO:[Rank-0] train time 36.9834, epoch  88, step  49, loss 0.84343696, auc@1 74.43, auc@5 95.28, share 3, std_loss 0, pre_std_loss 0, 
2021-05-31 13:47:10,782:INFO:[Rank-0] val time 15.6075, epoch  88, step  40, loss 1.57665710, auc@1 59.72, auc@5 86.50
2021-05-31 13:47:47,380:INFO:[Rank-0] train time 36.3898, epoch  89, step  49, loss 0.84370780, auc@1 74.37, auc@5 95.18, share 3, std_loss 0, pre_std_loss 0, 
2021-05-31 13:48:02,930:INFO:[Rank-0] val time 15.5478, epoch  89, step  40, loss 1.52657005, auc@1 60.06, auc@5 87.07
2021-05-31 13:48:39,642:INFO:[Rank-0] train time 36.6867, epoch  90, step  49, loss 0.82703549, auc@1 74.90, auc@5 95.43, share 3, std_loss 0, pre_std_loss 0, 
2021-05-31 13:48:55,334:INFO:[Rank-0] val time 15.6897, epoch  90, step  40, loss 1.61640768, auc@1 59.90, auc@5 86.50
2021-05-31 13:49:32,269:INFO:[Rank-0] train time 36.6822, epoch  91, step  49, loss 0.81140345, auc@1 75.47, auc@5 95.53, share 3, std_loss 0, pre_std_loss 0, 
2021-05-31 13:49:47,895:INFO:[Rank-0] val time 15.6230, epoch  91, step  40, loss 1.49095420, auc@1 60.87, auc@5 87.47
2021-05-31 13:50:25,068:INFO:[Rank-0] train time 36.9619, epoch  92, step  49, loss 0.82311201, auc@1 75.11, auc@5 95.49, share 3, std_loss 0, pre_std_loss 0, 
2021-05-31 13:50:40,802:INFO:[Rank-0] val time 15.7316, epoch  92, step  40, loss 1.55413620, auc@1 59.88, auc@5 86.93
2021-05-31 13:51:16,963:INFO:[Rank-0] train time 35.9312, epoch  93, step  49, loss 0.80589080, auc@1 75.50, auc@5 95.67, share 3, std_loss 0, pre_std_loss 0, 
2021-05-31 13:51:32,622:INFO:[Rank-0] val time 15.6565, epoch  93, step  40, loss 1.62456614, auc@1 58.18, auc@5 85.37
2021-05-31 13:52:09,079:INFO:[Rank-0] train time 36.2858, epoch  94, step  49, loss 0.79316866, auc@1 75.80, auc@5 95.80, share 3, std_loss 0, pre_std_loss 0, 
2021-05-31 13:52:24,534:INFO:[Rank-0] val time 15.4517, epoch  94, step  40, loss 1.50296272, auc@1 61.62, auc@5 88.06
2021-05-31 13:53:01,590:INFO:[Rank-0] train time 37.0548, epoch  95, step  49, loss 0.77498347, auc@1 76.38, auc@5 95.87, share 3, std_loss 0, pre_std_loss 0, 
2021-05-31 13:53:17,253:INFO:[Rank-0] val time 15.6573, epoch  95, step  40, loss 1.66434255, auc@1 59.42, auc@5 86.37
2021-05-31 13:53:53,974:INFO:[Rank-0] train time 36.4913, epoch  96, step  49, loss 0.77766937, auc@1 76.38, auc@5 95.98, share 3, std_loss 0, pre_std_loss 0, 
2021-05-31 13:54:09,529:INFO:[Rank-0] val time 15.5535, epoch  96, step  40, loss 1.56962629, auc@1 60.25, auc@5 86.78
2021-05-31 13:54:46,255:INFO:[Rank-0] train time 36.4583, epoch  97, step  49, loss 0.75967729, auc@1 76.84, auc@5 96.08, share 3, std_loss 0, pre_std_loss 0, 
2021-05-31 13:55:01,787:INFO:[Rank-0] val time 15.5296, epoch  97, step  40, loss 1.53702959, auc@1 60.71, auc@5 87.53
2021-05-31 13:55:38,962:INFO:[Rank-0] train time 37.0316, epoch  98, step  49, loss 0.74992716, auc@1 77.08, auc@5 96.17, share 3, std_loss 0, pre_std_loss 0, 
2021-05-31 13:55:54,512:INFO:[Rank-0] val time 15.5479, epoch  98, step  40, loss 1.78614045, auc@1 58.19, auc@5 86.00
2021-05-31 13:56:31,585:INFO:[Rank-0] train time 36.9594, epoch  99, step  49, loss 0.75245279, auc@1 76.95, auc@5 96.15, share 3, std_loss 0, pre_std_loss 0, 
2021-05-31 13:56:47,139:INFO:[Rank-0] val time 15.5509, epoch  99, step  40, loss 1.52261801, auc@1 61.33, auc@5 88.08
2021-05-31 13:57:23,925:INFO:[Rank-0] train time 36.5962, epoch 100, step  49, loss 0.73586470, auc@1 77.44, auc@5 96.33, share 3, std_loss 0, pre_std_loss 0, 
2021-05-31 13:57:39,478:INFO:[Rank-0] val time 15.5503, epoch 100, step  40, loss 1.67161361, auc@1 58.49, auc@5 85.93
2021-05-31 13:58:16,354:INFO:[Rank-0] train time 36.6168, epoch 101, step  49, loss 0.72013062, auc@1 77.74, auc@5 96.34, share 3, std_loss 0, pre_std_loss 0, 
2021-05-31 13:58:31,855:INFO:[Rank-0] val time 15.4976, epoch 101, step  40, loss 1.64921466, auc@1 59.44, auc@5 86.63
2021-05-31 13:59:08,909:INFO:[Rank-0] train time 36.8925, epoch 102, step  49, loss 0.72453922, auc@1 77.86, auc@5 96.43, share 3, std_loss 0, pre_std_loss 0, 
2021-05-31 13:59:24,434:INFO:[Rank-0] val time 15.5221, epoch 102, step  40, loss 1.52095193, auc@1 61.20, auc@5 87.53
2021-05-31 14:00:01,303:INFO:[Rank-0] train time 36.6574, epoch 103, step  49, loss 0.70535499, auc@1 78.43, auc@5 96.45, share 3, std_loss 0, pre_std_loss 0, 
2021-05-31 14:00:16,857:INFO:[Rank-0] val time 15.5511, epoch 103, step  40, loss 1.58663068, auc@1 60.43, auc@5 86.75
2021-05-31 14:00:54,075:INFO:[Rank-0] train time 37.0477, epoch 104, step  49, loss 0.70195287, auc@1 78.48, auc@5 96.59, share 3, std_loss 0, pre_std_loss 0, 
2021-05-31 14:01:09,732:INFO:[Rank-0] val time 15.6537, epoch 104, step  40, loss 1.66857313, auc@1 60.15, auc@5 87.12
2021-05-31 14:01:46,658:INFO:[Rank-0] train time 36.6602, epoch 105, step  49, loss 0.70326859, auc@1 78.40, auc@5 96.61, share 3, std_loss 0, pre_std_loss 0, 
2021-05-31 14:02:02,489:INFO:[Rank-0] val time 15.8286, epoch 105, step  40, loss 1.44139832, auc@1 63.48, auc@5 88.53
2021-05-31 14:02:38,769:INFO:[Rank-0] train time 36.1894, epoch 106, step  49, loss 0.69209093, auc@1 78.81, auc@5 96.71, share 3, std_loss 0, pre_std_loss 0, 
2021-05-31 14:02:55,011:INFO:[Rank-0] val time 16.2397, epoch 106, step  40, loss 1.68265357, auc@1 59.75, auc@5 86.66
2021-05-31 14:03:31,556:INFO:[Rank-0] train time 36.2988, epoch 107, step  49, loss 0.68995392, auc@1 78.85, auc@5 96.65, share 3, std_loss 0, pre_std_loss 0, 
2021-05-31 14:03:47,508:INFO:[Rank-0] val time 15.9497, epoch 107, step  40, loss 1.61171196, auc@1 59.32, auc@5 86.51
2021-05-31 14:04:23,992:INFO:[Rank-0] train time 36.2617, epoch 108, step  49, loss 0.67322111, auc@1 79.40, auc@5 96.84, share 3, std_loss 0, pre_std_loss 0, 
2021-05-31 14:04:39,673:INFO:[Rank-0] val time 15.6791, epoch 108, step  40, loss 1.49725821, auc@1 62.46, auc@5 88.13
2021-05-31 14:05:16,490:INFO:[Rank-0] train time 36.6119, epoch 109, step  49, loss 0.66665649, auc@1 79.38, auc@5 96.96, share 3, std_loss 0, pre_std_loss 0, 
2021-05-31 14:05:32,005:INFO:[Rank-0] val time 15.5128, epoch 109, step  40, loss 1.66194740, auc@1 59.70, auc@5 86.53
2021-05-31 14:06:10,306:INFO:[Rank-0] train time 38.2604, epoch 110, step  49, loss 0.66358501, auc@1 79.59, auc@5 97.04, share 3, std_loss 0, pre_std_loss 0, 
2021-05-31 14:06:26,247:INFO:[Rank-0] val time 15.9383, epoch 110, step  40, loss 1.63943179, auc@1 61.11, auc@5 87.12
2021-05-31 14:07:03,925:INFO:[Rank-0] train time 37.4131, epoch 111, step  49, loss 0.65586257, auc@1 79.81, auc@5 96.97, share 3, std_loss 0, pre_std_loss 0, 
2021-05-31 14:07:19,424:INFO:[Rank-0] val time 15.4959, epoch 111, step  40, loss 1.77828138, auc@1 58.15, auc@5 85.17
2021-05-31 14:07:57,620:INFO:[Rank-0] train time 37.7392, epoch 112, step  49, loss 0.64155638, auc@1 80.40, auc@5 97.19, share 3, std_loss 0, pre_std_loss 0, 
2021-05-31 14:08:13,828:INFO:[Rank-0] val time 16.2066, epoch 112, step  40, loss 1.48569360, auc@1 62.86, auc@5 88.25
2021-05-31 14:08:51,258:INFO:[Rank-0] train time 37.3648, epoch 113, step  49, loss 0.64049417, auc@1 80.16, auc@5 97.20, share 3, std_loss 0, pre_std_loss 0, 
2021-05-31 14:09:07,100:INFO:[Rank-0] val time 15.8395, epoch 113, step  40, loss 1.54697333, auc@1 62.80, auc@5 88.04
2021-05-31 14:09:44,335:INFO:[Rank-0] train time 37.0848, epoch 114, step  49, loss 0.63028920, auc@1 80.58, auc@5 97.28, share 3, std_loss 0, pre_std_loss 0, 
2021-05-31 14:10:00,697:INFO:[Rank-0] val time 16.3599, epoch 114, step  40, loss 1.59589850, auc@1 60.89, auc@5 87.45
2021-05-31 14:10:37,898:INFO:[Rank-0] train time 37.0375, epoch 115, step  49, loss 0.62223142, auc@1 80.74, auc@5 97.32, share 3, std_loss 0, pre_std_loss 0, 
2021-05-31 14:10:53,604:INFO:[Rank-0] val time 15.7044, epoch 115, step  40, loss 1.47995336, auc@1 62.79, auc@5 88.39
2021-05-31 14:11:31,243:INFO:[Rank-0] train time 37.3852, epoch 116, step  49, loss 0.62514216, auc@1 80.68, auc@5 97.37, share 3, std_loss 0, pre_std_loss 0, 
2021-05-31 14:11:47,383:INFO:[Rank-0] val time 16.1374, epoch 116, step  40, loss 1.61568515, auc@1 60.30, auc@5 87.20
2021-05-31 14:12:24,053:INFO:[Rank-0] train time 36.5605, epoch 117, step  49, loss 0.61791974, auc@1 81.01, auc@5 97.34, share 3, std_loss 0, pre_std_loss 0, 
2021-05-31 14:12:39,786:INFO:[Rank-0] val time 15.7300, epoch 117, step  40, loss 1.77397830, auc@1 58.03, auc@5 86.14
2021-05-31 14:13:17,384:INFO:[Rank-0] train time 37.3843, epoch 118, step  49, loss 0.60966992, auc@1 81.09, auc@5 97.50, share 3, std_loss 0, pre_std_loss 0, 
2021-05-31 14:13:32,937:INFO:[Rank-0] val time 15.5503, epoch 118, step  40, loss 1.52692861, auc@1 62.31, auc@5 87.51
2021-05-31 14:14:10,608:INFO:[Rank-0] train time 37.5775, epoch 119, step  49, loss 0.60064417, auc@1 81.37, auc@5 97.59, share 3, std_loss 0, pre_std_loss 0, 
2021-05-31 14:14:26,239:INFO:[Rank-0] val time 15.6292, epoch 119, step  40, loss 1.44731109, auc@1 64.59, auc@5 88.32
2021-05-31 14:15:03,227:INFO:[Rank-0] train time 36.8688, epoch 120, step  49, loss 0.59877676, auc@1 81.30, auc@5 97.57, share 3, std_loss 0, pre_std_loss 0, 
2021-05-31 14:15:19,238:INFO:[Rank-0] val time 16.0097, epoch 120, step  40, loss 1.61093004, auc@1 61.84, auc@5 86.73
2021-05-31 14:15:57,335:INFO:[Rank-0] train time 37.9637, epoch 121, step  49, loss 0.47351289, auc@1 85.44, auc@5 98.30, share 3, std_loss 0, pre_std_loss 0, 
2021-05-31 14:16:13,021:INFO:[Rank-0] val time 15.6835, epoch 121, step  40, loss 1.11840576, auc@1 70.84, auc@5 91.81
2021-05-31 14:16:50,122:INFO:[Rank-0] train time 36.9476, epoch 122, step  49, loss 0.39319286, auc@1 87.88, auc@5 98.87, share 3, std_loss 0, pre_std_loss 0, 
2021-05-31 14:17:05,801:INFO:[Rank-0] val time 15.6772, epoch 122, step  40, loss 1.10390652, auc@1 71.20, auc@5 92.03
2021-05-31 14:17:43,699:INFO:[Rank-0] train time 37.6913, epoch 123, step  49, loss 0.36850497, auc@1 88.79, auc@5 98.88, share 3, std_loss 0, pre_std_loss 0, 
2021-05-31 14:17:59,470:INFO:[Rank-0] val time 15.7684, epoch 123, step  40, loss 1.08595403, auc@1 71.56, auc@5 92.30
2021-05-31 14:18:36,992:INFO:[Rank-0] train time 37.2691, epoch 124, step  49, loss 0.35189578, auc@1 89.22, auc@5 98.99, share 3, std_loss 0, pre_std_loss 0, 
2021-05-31 14:18:52,593:INFO:[Rank-0] val time 15.5990, epoch 124, step  40, loss 1.08664277, auc@1 71.79, auc@5 92.43
2021-05-31 14:19:30,490:INFO:[Rank-0] train time 37.8944, epoch 125, step  49, loss 0.33643720, auc@1 89.82, auc@5 99.05, share 3, std_loss 0, pre_std_loss 0, 
2021-05-31 14:19:46,238:INFO:[Rank-0] val time 15.7450, epoch 125, step  40, loss 1.09462546, auc@1 71.81, auc@5 92.28
2021-05-31 14:20:24,071:INFO:[Rank-0] train time 37.7006, epoch 126, step  49, loss 0.32555413, auc@1 90.02, auc@5 99.14, share 3, std_loss 0, pre_std_loss 0, 
2021-05-31 14:20:39,839:INFO:[Rank-0] val time 15.7656, epoch 126, step  40, loss 1.09020402, auc@1 71.92, auc@5 92.48
2021-05-31 14:21:16,892:INFO:[Rank-0] train time 36.9293, epoch 127, step  49, loss 0.31669796, auc@1 90.49, auc@5 99.17, share 3, std_loss 0, pre_std_loss 0, 
2021-05-31 14:21:32,689:INFO:[Rank-0] val time 15.7948, epoch 127, step  40, loss 1.09341680, auc@1 71.88, auc@5 92.55
2021-05-31 14:22:10,254:INFO:[Rank-0] train time 37.5227, epoch 128, step  49, loss 0.31003526, auc@1 90.64, auc@5 99.15, share 3, std_loss 0, pre_std_loss 0, 
2021-05-31 14:22:26,509:INFO:[Rank-0] val time 16.2528, epoch 128, step  40, loss 1.08880137, auc@1 72.26, auc@5 92.70
2021-05-31 14:23:03,720:INFO:[Rank-0] train time 37.2090, epoch 129, step  49, loss 0.29669940, auc@1 91.08, auc@5 99.21, share 3, std_loss 0, pre_std_loss 0, 
2021-05-31 14:23:19,317:INFO:[Rank-0] val time 15.5941, epoch 129, step  40, loss 1.08476107, auc@1 72.04, auc@5 92.62
2021-05-31 14:23:57,408:INFO:[Rank-0] train time 37.8460, epoch 130, step  49, loss 0.29337400, auc@1 91.07, auc@5 99.30, share 3, std_loss 0, pre_std_loss 0, 
2021-05-31 14:24:13,845:INFO:[Rank-0] val time 16.4352, epoch 130, step  40, loss 1.08899339, auc@1 72.08, auc@5 92.69
2021-05-31 14:24:52,292:INFO:[Rank-0] train time 38.4412, epoch 131, step  49, loss 0.28762999, auc@1 91.21, auc@5 99.31, share 3, std_loss 0, pre_std_loss 0, 
2021-05-31 14:25:08,195:INFO:[Rank-0] val time 15.9008, epoch 131, step  40, loss 1.08351558, auc@1 72.17, auc@5 92.57
2021-05-31 14:25:46,289:INFO:[Rank-0] train time 38.0923, epoch 132, step  49, loss 0.28284714, auc@1 91.36, auc@5 99.32, share 3, std_loss 0, pre_std_loss 0, 
2021-05-31 14:26:02,548:INFO:[Rank-0] val time 16.2556, epoch 132, step  40, loss 1.08343702, auc@1 72.51, auc@5 92.66
2021-05-31 14:26:39,273:INFO:[Rank-0] train time 36.7057, epoch 133, step  49, loss 0.28094441, auc@1 91.56, auc@5 99.32, share 3, std_loss 0, pre_std_loss 0, 
2021-05-31 14:26:54,808:INFO:[Rank-0] val time 15.5320, epoch 133, step  40, loss 1.08105798, auc@1 72.69, auc@5 92.51
2021-05-31 14:27:32,944:INFO:[Rank-0] train time 38.0068, epoch 134, step  49, loss 0.27254665, auc@1 91.76, auc@5 99.42, share 3, std_loss 0, pre_std_loss 0, 
2021-05-31 14:27:49,148:INFO:[Rank-0] val time 16.2010, epoch 134, step  40, loss 1.08933221, auc@1 72.51, auc@5 92.69
2021-05-31 14:28:26,569:INFO:[Rank-0] train time 37.4186, epoch 135, step  49, loss 0.27220556, auc@1 91.79, auc@5 99.34, share 3, std_loss 0, pre_std_loss 0, 
2021-05-31 14:28:43,053:INFO:[Rank-0] val time 16.4790, epoch 135, step  40, loss 1.08655367, auc@1 72.21, auc@5 92.71
2021-05-31 14:29:20,071:INFO:[Rank-0] train time 37.0163, epoch 136, step  49, loss 0.26270068, auc@1 92.05, auc@5 99.40, share 3, std_loss 0, pre_std_loss 0, 
2021-05-31 14:29:36,127:INFO:[Rank-0] val time 16.0546, epoch 136, step  40, loss 1.08687721, auc@1 72.49, auc@5 92.80
2021-05-31 14:30:13,958:INFO:[Rank-0] train time 37.7421, epoch 137, step  49, loss 0.26179245, auc@1 92.06, auc@5 99.42, share 3, std_loss 0, pre_std_loss 0, 
2021-05-31 14:30:30,184:INFO:[Rank-0] val time 16.2234, epoch 137, step  40, loss 1.09673563, auc@1 72.36, auc@5 92.53
2021-05-31 14:31:07,411:INFO:[Rank-0] train time 37.2247, epoch 138, step  49, loss 0.25737596, auc@1 92.31, auc@5 99.48, share 3, std_loss 0, pre_std_loss 0, 
2021-05-31 14:31:23,408:INFO:[Rank-0] val time 15.9930, epoch 138, step  40, loss 1.09283193, auc@1 72.42, auc@5 92.89
2021-05-31 14:32:00,510:INFO:[Rank-0] train time 36.8863, epoch 139, step  49, loss 0.25375971, auc@1 92.40, auc@5 99.44, share 3, std_loss 0, pre_std_loss 0, 
2021-05-31 14:32:16,865:INFO:[Rank-0] val time 16.3531, epoch 139, step  40, loss 1.09200928, auc@1 72.51, auc@5 92.61
2021-05-31 14:32:53,742:INFO:[Rank-0] train time 36.8168, epoch 140, step  49, loss 0.24906117, auc@1 92.57, auc@5 99.46, share 3, std_loss 0, pre_std_loss 0, 
2021-05-31 14:33:09,488:INFO:[Rank-0] val time 15.7430, epoch 140, step  40, loss 1.09589964, auc@1 72.47, auc@5 92.53
2021-05-31 14:33:47,380:INFO:[Rank-0] train time 37.7113, epoch 141, step  49, loss 0.24792485, auc@1 92.45, auc@5 99.47, share 3, std_loss 0, pre_std_loss 0, 
2021-05-31 14:34:02,990:INFO:[Rank-0] val time 15.6079, epoch 141, step  40, loss 1.10057423, auc@1 72.37, auc@5 92.67
2021-05-31 14:34:39,535:INFO:[Rank-0] train time 36.4375, epoch 142, step  49, loss 0.24300551, auc@1 92.73, auc@5 99.51, share 3, std_loss 0, pre_std_loss 0, 
2021-05-31 14:34:55,537:INFO:[Rank-0] val time 15.9997, epoch 142, step  40, loss 1.09095219, auc@1 72.64, auc@5 92.66
2021-05-31 14:35:32,051:INFO:[Rank-0] train time 36.3889, epoch 143, step  49, loss 0.24173048, auc@1 92.83, auc@5 99.52, share 3, std_loss 0, pre_std_loss 0, 
2021-05-31 14:35:47,600:INFO:[Rank-0] val time 15.5463, epoch 143, step  40, loss 1.09451292, auc@1 72.51, auc@5 92.81
2021-05-31 14:36:24,188:INFO:[Rank-0] train time 36.3359, epoch 144, step  49, loss 0.23502439, auc@1 93.04, auc@5 99.55, share 3, std_loss 0, pre_std_loss 0, 
2021-05-31 14:36:39,697:INFO:[Rank-0] val time 15.5061, epoch 144, step  40, loss 1.09771028, auc@1 72.26, auc@5 92.63
2021-05-31 14:37:16,852:INFO:[Rank-0] train time 36.8914, epoch 145, step  49, loss 0.23339422, auc@1 93.00, auc@5 99.56, share 3, std_loss 0, pre_std_loss 0, 
2021-05-31 14:37:32,515:INFO:[Rank-0] val time 15.6597, epoch 145, step  40, loss 1.10459662, auc@1 72.23, auc@5 92.62
2021-05-31 14:38:08,983:INFO:[Rank-0] train time 36.2775, epoch 146, step  49, loss 0.23088777, auc@1 93.27, auc@5 99.55, share 3, std_loss 0, pre_std_loss 0, 
2021-05-31 14:38:24,622:INFO:[Rank-0] val time 15.6369, epoch 146, step  40, loss 1.10491409, auc@1 72.35, auc@5 92.71
2021-05-31 14:39:01,088:INFO:[Rank-0] train time 36.2443, epoch 147, step  49, loss 0.23151016, auc@1 93.07, auc@5 99.55, share 3, std_loss 0, pre_std_loss 0, 
2021-05-31 14:39:16,664:INFO:[Rank-0] val time 15.5734, epoch 147, step  40, loss 1.10734520, auc@1 72.44, auc@5 92.49
2021-05-31 14:39:53,223:INFO:[Rank-0] train time 36.4105, epoch 148, step  49, loss 0.22554742, auc@1 93.34, auc@5 99.57, share 3, std_loss 0, pre_std_loss 0, 
2021-05-31 14:40:09,045:INFO:[Rank-0] val time 15.8198, epoch 148, step  40, loss 1.10837146, auc@1 72.20, auc@5 92.56
2021-05-31 14:40:45,110:INFO:[Rank-0] train time 35.8347, epoch 149, step  49, loss 0.21613485, auc@1 93.59, auc@5 99.62, share 3, std_loss 0, pre_std_loss 0, 
2021-05-31 14:41:00,680:INFO:[Rank-0] val time 15.5676, epoch 149, step  40, loss 1.11007355, auc@1 72.24, auc@5 92.41
2021-05-31 14:41:37,740:INFO:[Rank-0] train time 36.9765, epoch 150, step  49, loss 0.22234680, auc@1 93.35, auc@5 99.60, share 3, std_loss 0, pre_std_loss 0, 
2021-05-31 14:41:53,545:INFO:[Rank-0] val time 15.8029, epoch 150, step  40, loss 1.10494081, auc@1 72.32, auc@5 92.64
2021-05-31 14:42:30,788:INFO:[Rank-0] train time 37.2415, epoch 151, step  49, loss 0.21957107, auc@1 93.48, auc@5 99.55, share 3, std_loss 0, pre_std_loss 0, 
2021-05-31 14:42:46,792:INFO:[Rank-0] val time 15.9990, epoch 151, step  40, loss 1.11376607, auc@1 72.51, auc@5 92.55
2021-05-31 14:43:24,248:INFO:[Rank-0] train time 37.2677, epoch 152, step  49, loss 0.21441844, auc@1 93.65, auc@5 99.59, share 3, std_loss 0, pre_std_loss 0, 
2021-05-31 14:43:40,517:INFO:[Rank-0] val time 16.2669, epoch 152, step  40, loss 1.10241435, auc@1 72.55, auc@5 92.58
2021-05-31 14:44:17,749:INFO:[Rank-0] train time 37.2302, epoch 153, step  49, loss 0.21287942, auc@1 93.68, auc@5 99.65, share 3, std_loss 0, pre_std_loss 0, 
2021-05-31 14:44:33,984:INFO:[Rank-0] val time 16.2298, epoch 153, step  40, loss 1.10946083, auc@1 72.48, auc@5 92.44
2021-05-31 14:45:11,064:INFO:[Rank-0] train time 37.0790, epoch 154, step  49, loss 0.20734942, auc@1 93.98, auc@5 99.67, share 3, std_loss 0, pre_std_loss 0, 
2021-05-31 14:45:26,994:INFO:[Rank-0] val time 15.9257, epoch 154, step  40, loss 1.11054632, auc@1 72.52, auc@5 92.59
2021-05-31 14:46:03,951:INFO:[Rank-0] train time 36.8634, epoch 155, step  49, loss 0.20607562, auc@1 93.96, auc@5 99.63, share 3, std_loss 0, pre_std_loss 0, 
2021-05-31 14:46:20,362:INFO:[Rank-0] val time 16.4087, epoch 155, step  40, loss 1.11640222, auc@1 72.55, auc@5 92.64
2021-05-31 14:46:57,079:INFO:[Rank-0] train time 36.5121, epoch 156, step  49, loss 0.20460789, auc@1 94.05, auc@5 99.65, share 3, std_loss 0, pre_std_loss 0, 
2021-05-31 14:47:12,813:INFO:[Rank-0] val time 15.7316, epoch 156, step  40, loss 1.11265448, auc@1 72.30, auc@5 92.53
2021-05-31 14:47:49,907:INFO:[Rank-0] train time 37.0919, epoch 157, step  49, loss 0.20172389, auc@1 94.16, auc@5 99.64, share 3, std_loss 0, pre_std_loss 0, 
2021-05-31 14:48:05,993:INFO:[Rank-0] val time 16.0841, epoch 157, step  40, loss 1.11379213, auc@1 72.49, auc@5 92.75
2021-05-31 14:48:44,242:INFO:[Rank-0] train time 37.9998, epoch 158, step  49, loss 0.20146678, auc@1 94.11, auc@5 99.66, share 3, std_loss 0, pre_std_loss 0, 
2021-05-31 14:49:00,367:INFO:[Rank-0] val time 16.1224, epoch 158, step  40, loss 1.11297187, auc@1 72.60, auc@5 92.64
2021-05-31 14:49:37,664:INFO:[Rank-0] train time 37.1296, epoch 159, step  49, loss 0.19732699, auc@1 94.23, auc@5 99.71, share 3, std_loss 0, pre_std_loss 0, 
2021-05-31 14:49:53,715:INFO:[Rank-0] val time 16.0479, epoch 159, step  40, loss 1.11695900, auc@1 72.47, auc@5 92.63
2021-05-31 14:50:30,545:INFO:[Rank-0] train time 36.7816, epoch 160, step  49, loss 0.19479315, auc@1 94.44, auc@5 99.66, share 3, std_loss 0, pre_std_loss 0, 
2021-05-31 14:50:46,565:INFO:[Rank-0] val time 16.0182, epoch 160, step  40, loss 1.11978688, auc@1 72.49, auc@5 92.59
2021-05-31 14:51:23,996:INFO:[Rank-0] train time 37.1554, epoch 161, step  49, loss 0.19102173, auc@1 94.46, auc@5 99.69, share 3, std_loss 0, pre_std_loss 0, 
2021-05-31 14:51:39,756:INFO:[Rank-0] val time 15.7579, epoch 161, step  40, loss 1.10939939, auc@1 72.50, auc@5 92.55
2021-05-31 14:52:17,074:INFO:[Rank-0] train time 37.2730, epoch 162, step  49, loss 0.18885995, auc@1 94.40, auc@5 99.76, share 3, std_loss 0, pre_std_loss 0, 
2021-05-31 14:52:32,766:INFO:[Rank-0] val time 15.6907, epoch 162, step  40, loss 1.10823800, auc@1 72.59, auc@5 92.61
2021-05-31 14:53:09,847:INFO:[Rank-0] train time 36.9978, epoch 163, step  49, loss 0.18721193, auc@1 94.60, auc@5 99.72, share 3, std_loss 0, pre_std_loss 0, 
2021-05-31 14:53:25,571:INFO:[Rank-0] val time 15.7213, epoch 163, step  40, loss 1.10565787, auc@1 72.63, auc@5 92.63
2021-05-31 14:54:02,932:INFO:[Rank-0] train time 37.3073, epoch 164, step  49, loss 0.18390773, auc@1 94.74, auc@5 99.70, share 3, std_loss 0, pre_std_loss 0, 
2021-05-31 14:54:18,526:INFO:[Rank-0] val time 15.5915, epoch 164, step  40, loss 1.10597608, auc@1 72.57, auc@5 92.63
2021-05-31 14:54:56,943:INFO:[Rank-0] train time 38.3104, epoch 165, step  49, loss 0.18662569, auc@1 94.69, auc@5 99.71, share 3, std_loss 0, pre_std_loss 0, 
2021-05-31 14:55:12,803:INFO:[Rank-0] val time 15.8568, epoch 165, step  40, loss 1.10534089, auc@1 72.64, auc@5 92.77
2021-05-31 14:55:50,107:INFO:[Rank-0] train time 37.2835, epoch 166, step  49, loss 0.18084948, auc@1 94.81, auc@5 99.73, share 3, std_loss 0, pre_std_loss 0, 
2021-05-31 14:56:05,946:INFO:[Rank-0] val time 15.8371, epoch 166, step  40, loss 1.10277712, auc@1 72.83, auc@5 92.67
2021-05-31 14:56:42,747:INFO:[Rank-0] train time 36.6787, epoch 167, step  49, loss 0.18297461, auc@1 94.85, auc@5 99.73, share 3, std_loss 0, pre_std_loss 0, 
2021-05-31 14:56:59,139:INFO:[Rank-0] val time 16.3900, epoch 167, step  40, loss 1.10669140, auc@1 72.95, auc@5 92.63
2021-05-31 14:57:36,642:INFO:[Rank-0] train time 37.3775, epoch 168, step  49, loss 0.18722683, auc@1 94.53, auc@5 99.69, share 3, std_loss 0, pre_std_loss 0, 
2021-05-31 14:57:53,162:INFO:[Rank-0] val time 16.5181, epoch 168, step  40, loss 1.10538557, auc@1 72.86, auc@5 92.60
2021-05-31 14:58:30,476:INFO:[Rank-0] train time 36.9036, epoch 169, step  49, loss 0.18113536, auc@1 94.81, auc@5 99.76, share 3, std_loss 0, pre_std_loss 0, 
2021-05-31 14:58:46,700:INFO:[Rank-0] val time 16.2225, epoch 169, step  40, loss 1.10336859, auc@1 72.81, auc@5 92.70
2021-05-31 14:59:24,084:INFO:[Rank-0] train time 37.0498, epoch 170, step  49, loss 0.18049785, auc@1 94.84, auc@5 99.74, share 3, std_loss 0, pre_std_loss 0, 
2021-05-31 14:59:40,781:INFO:[Rank-0] val time 16.6941, epoch 170, step  40, loss 1.10417003, auc@1 72.79, auc@5 92.67
2021-05-31 15:00:18,185:INFO:[Rank-0] train time 37.1438, epoch 171, step  49, loss 0.18237109, auc@1 94.77, auc@5 99.75, share 3, std_loss 0, pre_std_loss 0, 
2021-05-31 15:00:34,412:INFO:[Rank-0] val time 16.2251, epoch 171, step  40, loss 1.10379297, auc@1 72.85, auc@5 92.69
2021-05-31 15:01:13,114:INFO:[Rank-0] train time 38.5305, epoch 172, step  49, loss 0.18015710, auc@1 94.92, auc@5 99.76, share 3, std_loss 0, pre_std_loss 0, 
2021-05-31 15:01:29,278:INFO:[Rank-0] val time 16.1617, epoch 172, step  40, loss 1.10146863, auc@1 72.97, auc@5 92.65
2021-05-31 15:02:07,475:INFO:[Rank-0] train time 38.1180, epoch 173, step  49, loss 0.18042833, auc@1 94.86, auc@5 99.73, share 3, std_loss 0, pre_std_loss 0, 
2021-05-31 15:02:23,100:INFO:[Rank-0] val time 15.6225, epoch 173, step  40, loss 1.10207021, auc@1 72.95, auc@5 92.61
2021-05-31 15:03:00,814:INFO:[Rank-0] train time 37.5196, epoch 174, step  49, loss 0.18065625, auc@1 94.72, auc@5 99.75, share 3, std_loss 0, pre_std_loss 0, 
2021-05-31 15:03:16,464:INFO:[Rank-0] val time 15.6480, epoch 174, step  40, loss 1.10448733, auc@1 72.95, auc@5 92.70
2021-05-31 15:03:57,614:INFO:[Rank-0] train time 40.9432, epoch 175, step  49, loss 0.17968743, auc@1 94.95, auc@5 99.72, share 3, std_loss 0, pre_std_loss 0, 
2021-05-31 15:04:13,292:INFO:[Rank-0] val time 15.6751, epoch 175, step  40, loss 1.10391260, auc@1 73.05, auc@5 92.69
2021-05-31 15:04:51,020:INFO:[Rank-0] train time 37.7214, epoch 176, step  49, loss 0.17915156, auc@1 94.86, auc@5 99.76, share 3, std_loss 0, pre_std_loss 0, 
2021-05-31 15:05:06,940:INFO:[Rank-0] val time 15.9171, epoch 176, step  40, loss 1.10206252, auc@1 73.09, auc@5 92.68
2021-05-31 15:05:44,857:INFO:[Rank-0] train time 37.8547, epoch 177, step  49, loss 0.17811687, auc@1 94.92, auc@5 99.75, share 3, std_loss 0, pre_std_loss 0, 
2021-05-31 15:06:00,508:INFO:[Rank-0] val time 15.6489, epoch 177, step  40, loss 1.10388678, auc@1 72.83, auc@5 92.61
2021-05-31 15:06:38,125:INFO:[Rank-0] train time 37.3538, epoch 178, step  49, loss 0.17950471, auc@1 94.85, auc@5 99.73, share 3, std_loss 0, pre_std_loss 0, 
2021-05-31 15:06:54,474:INFO:[Rank-0] val time 16.3465, epoch 178, step  40, loss 1.10177872, auc@1 73.08, auc@5 92.62
2021-05-31 15:07:31,886:INFO:[Rank-0] train time 37.1344, epoch 179, step  49, loss 0.17663912, auc@1 94.94, auc@5 99.76, share 3, std_loss 0, pre_std_loss 0, 
2021-05-31 15:07:47,673:INFO:[Rank-0] val time 15.7849, epoch 179, step  40, loss 1.10285560, auc@1 73.04, auc@5 92.67
2021-05-31 15:08:25,427:INFO:[Rank-0] train time 37.5159, epoch 180, step  49, loss 0.17670164, auc@1 94.94, auc@5 99.75, share 3, std_loss 0, pre_std_loss 0, 
2021-05-31 15:08:41,450:INFO:[Rank-0] val time 16.0206, epoch 180, step  40, loss 1.10201630, auc@1 73.02, auc@5 92.66
2021-05-31 15:09:18,971:INFO:[Rank-0] train time 37.3526, epoch 181, step  49, loss 0.17611253, auc@1 94.95, auc@5 99.77, share 3, std_loss 0, pre_std_loss 0, 
2021-05-31 15:09:34,930:INFO:[Rank-0] val time 15.9571, epoch 181, step  40, loss 1.10129102, auc@1 72.94, auc@5 92.66
2021-05-31 15:10:11,926:INFO:[Rank-0] train time 36.7258, epoch 182, step  49, loss 0.17571789, auc@1 94.93, auc@5 99.75, share 3, std_loss 0, pre_std_loss 0, 
2021-05-31 15:10:27,782:INFO:[Rank-0] val time 15.8535, epoch 182, step  40, loss 1.10332993, auc@1 72.97, auc@5 92.62
2021-05-31 15:11:05,237:INFO:[Rank-0] train time 37.3421, epoch 183, step  49, loss 0.17452373, auc@1 95.09, auc@5 99.72, share 3, std_loss 0, pre_std_loss 0, 
2021-05-31 15:11:20,948:INFO:[Rank-0] val time 15.7081, epoch 183, step  40, loss 1.10182193, auc@1 73.04, auc@5 92.64
2021-05-31 15:11:58,064:INFO:[Rank-0] train time 36.9313, epoch 184, step  49, loss 0.17357020, auc@1 95.12, auc@5 99.76, share 3, std_loss 0, pre_std_loss 0, 
2021-05-31 15:12:13,877:INFO:[Rank-0] val time 15.8120, epoch 184, step  40, loss 1.10192610, auc@1 73.11, auc@5 92.70
2021-05-31 15:12:51,256:INFO:[Rank-0] train time 37.2404, epoch 185, step  49, loss 0.17872843, auc@1 94.88, auc@5 99.70, share 3, std_loss 0, pre_std_loss 0, 
2021-05-31 15:13:07,468:INFO:[Rank-0] val time 16.2098, epoch 185, step  40, loss 1.10305499, auc@1 73.01, auc@5 92.59
2021-05-31 15:13:45,457:INFO:[Rank-0] train time 37.8008, epoch 186, step  49, loss 0.17679211, auc@1 95.03, auc@5 99.77, share 3, std_loss 0, pre_std_loss 0, 
2021-05-31 15:14:00,998:INFO:[Rank-0] val time 15.5389, epoch 186, step  40, loss 1.10271561, auc@1 73.09, auc@5 92.62
2021-05-31 15:14:38,949:INFO:[Rank-0] train time 37.8641, epoch 187, step  49, loss 0.17454739, auc@1 95.08, auc@5 99.75, share 3, std_loss 0, pre_std_loss 0, 
2021-05-31 15:14:54,846:INFO:[Rank-0] val time 15.8950, epoch 187, step  40, loss 1.10267311, auc@1 73.03, auc@5 92.71
2021-05-31 15:15:32,034:INFO:[Rank-0] train time 37.0810, epoch 188, step  49, loss 0.17849290, auc@1 94.85, auc@5 99.72, share 3, std_loss 0, pre_std_loss 0, 
2021-05-31 15:15:48,042:INFO:[Rank-0] val time 16.0056, epoch 188, step  40, loss 1.10435484, auc@1 72.93, auc@5 92.64
2021-05-31 15:16:25,827:INFO:[Rank-0] train time 37.6752, epoch 189, step  49, loss 0.17556773, auc@1 95.06, auc@5 99.74, share 3, std_loss 0, pre_std_loss 0, 
2021-05-31 15:16:41,564:INFO:[Rank-0] val time 15.7351, epoch 189, step  40, loss 1.10306188, auc@1 73.00, auc@5 92.69
2021-05-31 15:17:19,841:INFO:[Rank-0] train time 38.0423, epoch 190, step  49, loss 0.17328441, auc@1 95.00, auc@5 99.76, share 3, std_loss 0, pre_std_loss 0, 
2021-05-31 15:17:35,352:INFO:[Rank-0] val time 15.5081, epoch 190, step  40, loss 1.10268771, auc@1 73.06, auc@5 92.72
2021-05-31 15:18:15,295:INFO:[Rank-0] train time 39.5543, epoch 191, step  49, loss 0.17309728, auc@1 95.16, auc@5 99.72, share 3, std_loss 0, pre_std_loss 0, 
2021-05-31 15:18:31,169:INFO:[Rank-0] val time 15.8723, epoch 191, step  40, loss 1.10343226, auc@1 72.93, auc@5 92.64
2021-05-31 15:19:12,593:INFO:[Rank-0] train time 41.0925, epoch 192, step  49, loss 0.17458816, auc@1 95.07, auc@5 99.74, share 3, std_loss 0, pre_std_loss 0, 
2021-05-31 15:19:28,449:INFO:[Rank-0] val time 15.8538, epoch 192, step  40, loss 1.10310466, auc@1 73.00, auc@5 92.71
2021-05-31 15:20:06,516:INFO:[Rank-0] train time 37.9604, epoch 193, step  49, loss 0.17146160, auc@1 95.21, auc@5 99.78, share 3, std_loss 0, pre_std_loss 0, 
2021-05-31 15:20:22,388:INFO:[Rank-0] val time 15.8693, epoch 193, step  40, loss 1.10556975, auc@1 72.98, auc@5 92.64
2021-05-31 15:20:59,950:INFO:[Rank-0] train time 37.3029, epoch 194, step  49, loss 0.17301023, auc@1 95.05, auc@5 99.75, share 3, std_loss 0, pre_std_loss 0, 
2021-05-31 15:21:15,684:INFO:[Rank-0] val time 15.7320, epoch 194, step  40, loss 1.10406509, auc@1 73.00, auc@5 92.68
2021-05-31 15:21:53,957:INFO:[Rank-0] train time 38.2242, epoch 195, step  49, loss 0.17137589, auc@1 95.21, auc@5 99.77, share 3, std_loss 0, pre_std_loss 0, 
2021-05-31 15:22:09,521:INFO:[Rank-0] val time 15.5619, epoch 195, step  40, loss 1.10477258, auc@1 72.99, auc@5 92.73
2021-05-31 15:22:47,086:INFO:[Rank-0] train time 37.5200, epoch 196, step  49, loss 0.17147039, auc@1 95.17, auc@5 99.79, share 3, std_loss 0, pre_std_loss 0, 
2021-05-31 15:23:02,933:INFO:[Rank-0] val time 15.8445, epoch 196, step  40, loss 1.10534266, auc@1 72.94, auc@5 92.70
2021-05-31 15:23:40,317:INFO:[Rank-0] train time 37.1934, epoch 197, step  49, loss 0.17339541, auc@1 95.12, auc@5 99.76, share 3, std_loss 0, pre_std_loss 0, 
2021-05-31 15:23:55,928:INFO:[Rank-0] val time 15.6085, epoch 197, step  40, loss 1.10405683, auc@1 72.95, auc@5 92.64
2021-05-31 15:24:33,447:INFO:[Rank-0] train time 37.5120, epoch 198, step  49, loss 0.17143582, auc@1 95.18, auc@5 99.78, share 3, std_loss 0, pre_std_loss 0, 
2021-05-31 15:24:49,341:INFO:[Rank-0] val time 15.8908, epoch 198, step  40, loss 1.10203571, auc@1 72.98, auc@5 92.69
2021-05-31 15:25:26,692:INFO:[Rank-0] train time 37.2337, epoch 199, step  49, loss 0.17205818, auc@1 95.10, auc@5 99.74, share 3, std_loss 0, pre_std_loss 0, 
2021-05-31 15:25:43,037:INFO:[Rank-0] val time 16.3427, epoch 199, step  40, loss 1.10358413, auc@1 73.05, auc@5 92.65
2021-05-31 15:26:20,149:INFO:[Rank-0] train time 36.9531, epoch 200, step  49, loss 0.16824839, auc@1 95.22, auc@5 99.81, share 3, std_loss 0, pre_std_loss 0, 
2021-05-31 15:26:35,786:INFO:[Rank-0] val time 15.6349, epoch 200, step  40, loss 1.10548888, auc@1 73.03, auc@5 92.67
2021-05-31 15:26:35,788:INFO:[Rank-0] finish, train+val 10653.83086, train 7502.18247, reduce_count 600
