2021-05-31 12:29:00,516:INFO:[Rank-2] args : Namespace(batch=1024, current_time='20210531_003353', dataset='cifar100', epochs=200, ip='192.168.1.1:7548', k=16, loss_std_gap_rate=1.0, lr=0.05, momentum=0.6, name='local(k=16)', rank=2, scheduler_step=80, train_type='local', weight_decay=0.0005, world=4)
2021-05-31 12:29:40,190:INFO:[Rank-2] train time 38.1175, epoch   1, step  49, loss 4.71130753, auc@1 2.98, auc@5 11.67, share 3, std_loss 0, pre_std_loss 0, 
2021-05-31 12:29:56,396:INFO:[Rank-2] val time 16.2031, epoch   1, step  40, loss 4.20352691, auc@1 5.53, auc@5 20.41
2021-05-31 12:30:34,176:INFO:[Rank-2] train time 37.7376, epoch   2, step  49, loss 4.19016027, auc@1 6.47, auc@5 22.54, share 3, std_loss 0, pre_std_loss 0, 
2021-05-31 12:30:50,254:INFO:[Rank-2] val time 16.0766, epoch   2, step  40, loss 3.92809089, auc@1 9.05, auc@5 29.27
2021-05-31 12:31:28,525:INFO:[Rank-2] train time 38.2142, epoch   3, step  49, loss 3.98068762, auc@1 8.82, auc@5 28.44, share 3, std_loss 0, pre_std_loss 0, 
2021-05-31 12:31:44,593:INFO:[Rank-2] val time 16.0653, epoch   3, step  40, loss 4.04627712, auc@1 8.81, auc@5 30.19
2021-05-31 12:32:22,893:INFO:[Rank-2] train time 38.1283, epoch   4, step  49, loss 3.83952928, auc@1 10.51, auc@5 32.39, share 3, std_loss 0, pre_std_loss 0, 
2021-05-31 12:32:39,068:INFO:[Rank-2] val time 16.1732, epoch   4, step  40, loss 3.74876583, auc@1 12.43, auc@5 36.75
2021-05-31 12:33:16,672:INFO:[Rank-2] train time 37.5698, epoch   5, step  49, loss 3.73133564, auc@1 11.92, auc@5 35.60, share 3, std_loss 0, pre_std_loss 0, 
2021-05-31 12:33:32,827:INFO:[Rank-2] val time 16.1523, epoch   5, step  40, loss 3.60292469, auc@1 14.02, auc@5 39.20
2021-05-31 12:34:10,841:INFO:[Rank-2] train time 37.9873, epoch   6, step  49, loss 3.62534070, auc@1 13.86, auc@5 38.93, share 3, std_loss 0, pre_std_loss 0, 
2021-05-31 12:34:27,002:INFO:[Rank-2] val time 16.1582, epoch   6, step  40, loss 4.01358349, auc@1 15.27, auc@5 40.78
2021-05-31 12:35:04,990:INFO:[Rank-2] train time 37.8946, epoch   7, step  49, loss 3.51930213, auc@1 15.67, auc@5 42.17, share 3, std_loss 0, pre_std_loss 0, 
2021-05-31 12:35:21,152:INFO:[Rank-2] val time 16.1591, epoch   7, step  40, loss 3.42001823, auc@1 17.27, auc@5 45.01
2021-05-31 12:35:59,140:INFO:[Rank-2] train time 37.9030, epoch   8, step  49, loss 3.41649365, auc@1 17.31, auc@5 44.75, share 3, std_loss 0, pre_std_loss 0, 
2021-05-31 12:36:15,310:INFO:[Rank-2] val time 16.1689, epoch   8, step  40, loss 3.37139716, auc@1 18.66, auc@5 46.85
2021-05-31 12:36:53,421:INFO:[Rank-2] train time 38.0535, epoch   9, step  49, loss 3.32884407, auc@1 18.62, auc@5 47.40, share 3, std_loss 0, pre_std_loss 0, 
2021-05-31 12:37:09,476:INFO:[Rank-2] val time 16.0529, epoch   9, step  40, loss 3.29220730, auc@1 19.74, auc@5 48.19
2021-05-31 12:37:47,565:INFO:[Rank-2] train time 37.9954, epoch  10, step  49, loss 3.23533940, auc@1 20.33, auc@5 49.61, share 3, std_loss 0, pre_std_loss 0, 
2021-05-31 12:38:03,757:INFO:[Rank-2] val time 16.1901, epoch  10, step  40, loss 3.20566984, auc@1 20.85, auc@5 50.23
2021-05-31 12:38:41,862:INFO:[Rank-2] train time 38.0019, epoch  11, step  49, loss 3.15375066, auc@1 21.63, auc@5 52.11, share 3, std_loss 0, pre_std_loss 0, 
2021-05-31 12:38:58,081:INFO:[Rank-2] val time 16.2168, epoch  11, step  40, loss 3.21067230, auc@1 21.99, auc@5 51.03
2021-05-31 12:39:35,962:INFO:[Rank-2] train time 37.7937, epoch  12, step  49, loss 3.06788468, auc@1 23.35, auc@5 54.07, share 3, std_loss 0, pre_std_loss 0, 
2021-05-31 12:39:51,971:INFO:[Rank-2] val time 16.0072, epoch  12, step  40, loss 3.05951588, auc@1 24.31, auc@5 55.63
2021-05-31 12:40:30,281:INFO:[Rank-2] train time 38.2394, epoch  13, step  49, loss 2.98882532, auc@1 24.82, auc@5 56.11, share 3, std_loss 0, pre_std_loss 0, 
2021-05-31 12:40:46,346:INFO:[Rank-2] val time 16.0629, epoch  13, step  40, loss 3.01646916, auc@1 25.70, auc@5 55.14
2021-05-31 12:41:24,662:INFO:[Rank-2] train time 38.2383, epoch  14, step  49, loss 2.91367149, auc@1 26.23, auc@5 58.15, share 3, std_loss 0, pre_std_loss 0, 
2021-05-31 12:41:40,844:INFO:[Rank-2] val time 16.1803, epoch  14, step  40, loss 3.24858894, auc@1 21.36, auc@5 51.54
2021-05-31 12:42:19,185:INFO:[Rank-2] train time 38.2820, epoch  15, step  49, loss 2.82804251, auc@1 27.79, auc@5 60.27, share 3, std_loss 0, pre_std_loss 0, 
2021-05-31 12:42:35,356:INFO:[Rank-2] val time 16.1692, epoch  15, step  40, loss 3.01858571, auc@1 25.36, auc@5 56.74
2021-05-31 12:43:13,669:INFO:[Rank-2] train time 38.2930, epoch  16, step  49, loss 2.75927210, auc@1 29.13, auc@5 61.66, share 3, std_loss 0, pre_std_loss 0, 
2021-05-31 12:43:29,714:INFO:[Rank-2] val time 16.0423, epoch  16, step  40, loss 2.85471593, auc@1 29.21, auc@5 61.86
2021-05-31 12:44:08,005:INFO:[Rank-2] train time 38.2067, epoch  17, step  49, loss 2.68143940, auc@1 30.61, auc@5 63.82, share 3, std_loss 0, pre_std_loss 0, 
2021-05-31 12:44:24,101:INFO:[Rank-2] val time 16.0945, epoch  17, step  40, loss 2.81988840, auc@1 29.25, auc@5 61.61
2021-05-31 12:45:02,238:INFO:[Rank-2] train time 38.0665, epoch  18, step  49, loss 2.61513448, auc@1 31.85, auc@5 65.14, share 3, std_loss 0, pre_std_loss 0, 
2021-05-31 12:45:18,340:INFO:[Rank-2] val time 16.0994, epoch  18, step  40, loss 2.54540055, auc@1 33.44, auc@5 66.56
2021-05-31 12:45:56,751:INFO:[Rank-2] train time 38.3470, epoch  19, step  49, loss 2.55213070, auc@1 33.28, auc@5 66.55, share 3, std_loss 0, pre_std_loss 0, 
2021-05-31 12:46:12,923:INFO:[Rank-2] val time 16.1706, epoch  19, step  40, loss 2.76551983, auc@1 30.01, auc@5 62.23
2021-05-31 12:46:51,282:INFO:[Rank-2] train time 38.2648, epoch  20, step  49, loss 2.48147225, auc@1 34.50, auc@5 68.01, share 3, std_loss 0, pre_std_loss 0, 
2021-05-31 12:47:07,367:INFO:[Rank-2] val time 16.0828, epoch  20, step  40, loss 2.58441467, auc@1 33.41, auc@5 65.71
2021-05-31 12:47:45,198:INFO:[Rank-2] train time 37.7167, epoch  21, step  49, loss 2.42726350, auc@1 35.90, auc@5 69.45, share 3, std_loss 0, pre_std_loss 0, 
2021-05-31 12:48:01,356:INFO:[Rank-2] val time 16.1561, epoch  21, step  40, loss 2.51885690, auc@1 35.03, auc@5 67.06
2021-05-31 12:48:39,532:INFO:[Rank-2] train time 38.1101, epoch  22, step  49, loss 2.35659575, auc@1 37.27, auc@5 70.83, share 3, std_loss 0, pre_std_loss 0, 
2021-05-31 12:48:55,679:INFO:[Rank-2] val time 16.1459, epoch  22, step  40, loss 2.39740907, auc@1 37.81, auc@5 69.44
2021-05-31 12:49:33,736:INFO:[Rank-2] train time 37.9852, epoch  23, step  49, loss 2.30119920, auc@1 38.39, auc@5 72.10, share 3, std_loss 0, pre_std_loss 0, 
2021-05-31 12:49:49,917:INFO:[Rank-2] val time 16.1783, epoch  23, step  40, loss 2.38475622, auc@1 37.48, auc@5 71.36
2021-05-31 12:50:28,268:INFO:[Rank-2] train time 38.2674, epoch  24, step  49, loss 2.24876308, auc@1 39.49, auc@5 73.04, share 3, std_loss 0, pre_std_loss 0, 
2021-05-31 12:50:44,436:INFO:[Rank-2] val time 16.1663, epoch  24, step  40, loss 2.38621466, auc@1 37.48, auc@5 70.80
2021-05-31 12:51:23,014:INFO:[Rank-2] train time 38.4884, epoch  25, step  49, loss 2.20204782, auc@1 40.57, auc@5 74.12, share 3, std_loss 0, pre_std_loss 0, 
2021-05-31 12:51:38,614:INFO:[Rank-2] val time 15.5988, epoch  25, step  40, loss 2.39538504, auc@1 38.01, auc@5 70.85
2021-05-31 12:52:16,211:INFO:[Rank-2] train time 37.1710, epoch  26, step  49, loss 2.14026570, auc@1 41.93, auc@5 75.25, share 3, std_loss 0, pre_std_loss 0, 
2021-05-31 12:52:31,701:INFO:[Rank-2] val time 15.4880, epoch  26, step  40, loss 2.21724492, auc@1 40.60, auc@5 73.91
2021-05-31 12:53:08,983:INFO:[Rank-2] train time 36.9073, epoch  27, step  49, loss 2.10058975, auc@1 43.00, auc@5 76.12, share 3, std_loss 0, pre_std_loss 0, 
2021-05-31 12:53:24,537:INFO:[Rank-2] val time 15.5525, epoch  27, step  40, loss 2.43557697, auc@1 38.29, auc@5 71.15
2021-05-31 12:54:01,675:INFO:[Rank-2] train time 36.8441, epoch  28, step  49, loss 2.04281092, auc@1 44.17, auc@5 77.25, share 3, std_loss 0, pre_std_loss 0, 
2021-05-31 12:54:17,190:INFO:[Rank-2] val time 15.5128, epoch  28, step  40, loss 2.32301772, auc@1 40.05, auc@5 72.23
2021-05-31 12:54:54,253:INFO:[Rank-2] train time 36.7081, epoch  29, step  49, loss 2.00973392, auc@1 45.04, auc@5 78.01, share 3, std_loss 0, pre_std_loss 0, 
2021-05-31 12:55:09,708:INFO:[Rank-2] val time 15.4539, epoch  29, step  40, loss 2.20960708, auc@1 41.51, auc@5 75.48
2021-05-31 12:55:47,014:INFO:[Rank-2] train time 36.9048, epoch  30, step  49, loss 1.96149635, auc@1 46.12, auc@5 78.60, share 3, std_loss 0, pre_std_loss 0, 
2021-05-31 12:56:02,462:INFO:[Rank-2] val time 15.4456, epoch  30, step  40, loss 2.31236644, auc@1 41.45, auc@5 72.80
2021-05-31 12:56:39,550:INFO:[Rank-2] train time 36.7710, epoch  31, step  49, loss 1.92374396, auc@1 47.04, auc@5 79.40, share 3, std_loss 0, pre_std_loss 0, 
2021-05-31 12:56:55,553:INFO:[Rank-2] val time 16.0004, epoch  31, step  40, loss 2.13396286, auc@1 44.51, auc@5 76.28
2021-05-31 12:57:32,641:INFO:[Rank-2] train time 36.7277, epoch  32, step  49, loss 1.87428355, auc@1 48.10, auc@5 80.33, share 3, std_loss 0, pre_std_loss 0, 
2021-05-31 12:57:48,284:INFO:[Rank-2] val time 15.6413, epoch  32, step  40, loss 2.28222841, auc@1 41.12, auc@5 73.83
2021-05-31 12:58:26,155:INFO:[Rank-2] train time 37.6930, epoch  33, step  49, loss 1.84507501, auc@1 48.65, auc@5 80.98, share 3, std_loss 0, pre_std_loss 0, 
2021-05-31 12:58:42,219:INFO:[Rank-2] val time 16.0615, epoch  33, step  40, loss 2.09598489, auc@1 44.29, auc@5 76.73
2021-05-31 12:59:19,346:INFO:[Rank-2] train time 36.9655, epoch  34, step  49, loss 1.80722904, auc@1 49.74, auc@5 81.65, share 3, std_loss 0, pre_std_loss 0, 
2021-05-31 12:59:35,309:INFO:[Rank-2] val time 15.9610, epoch  34, step  40, loss 1.98681094, auc@1 45.60, auc@5 79.15
2021-05-31 13:00:12,392:INFO:[Rank-2] train time 36.8394, epoch  35, step  49, loss 1.77623594, auc@1 50.13, auc@5 82.29, share 3, std_loss 0, pre_std_loss 0, 
2021-05-31 13:00:28,292:INFO:[Rank-2] val time 15.8974, epoch  35, step  40, loss 2.08451956, auc@1 44.61, auc@5 76.99
2021-05-31 13:01:05,671:INFO:[Rank-2] train time 37.1837, epoch  36, step  49, loss 1.74477577, auc@1 51.22, auc@5 82.70, share 3, std_loss 0, pre_std_loss 0, 
2021-05-31 13:01:21,693:INFO:[Rank-2] val time 16.0204, epoch  36, step  40, loss 2.23091011, auc@1 42.17, auc@5 74.21
2021-05-31 13:01:58,844:INFO:[Rank-2] train time 36.9167, epoch  37, step  49, loss 1.71301019, auc@1 52.06, auc@5 83.27, share 3, std_loss 0, pre_std_loss 0, 
2021-05-31 13:02:14,896:INFO:[Rank-2] val time 16.0504, epoch  37, step  40, loss 1.93978848, auc@1 47.71, auc@5 79.81
2021-05-31 13:02:52,184:INFO:[Rank-2] train time 36.9976, epoch  38, step  49, loss 1.69023693, auc@1 52.74, auc@5 83.43, share 3, std_loss 0, pre_std_loss 0, 
2021-05-31 13:03:08,279:INFO:[Rank-2] val time 16.0920, epoch  38, step  40, loss 2.01091423, auc@1 47.08, auc@5 78.30
2021-05-31 13:03:46,292:INFO:[Rank-2] train time 37.7684, epoch  39, step  49, loss 1.65646660, auc@1 53.21, auc@5 84.33, share 3, std_loss 0, pre_std_loss 0, 
2021-05-31 13:04:02,378:INFO:[Rank-2] val time 16.0831, epoch  39, step  40, loss 1.99315250, auc@1 46.93, auc@5 78.05
2021-05-31 13:04:39,600:INFO:[Rank-2] train time 36.9308, epoch  40, step  49, loss 1.62405968, auc@1 54.15, auc@5 84.74, share 3, std_loss 0, pre_std_loss 0, 
2021-05-31 13:04:55,418:INFO:[Rank-2] val time 15.8159, epoch  40, step  40, loss 1.93657167, auc@1 48.52, auc@5 79.41
2021-05-31 13:05:33,154:INFO:[Rank-2] train time 37.5173, epoch  41, step  49, loss 1.60120356, auc@1 54.81, auc@5 84.98, share 3, std_loss 0, pre_std_loss 0, 
2021-05-31 13:05:49,188:INFO:[Rank-2] val time 16.0320, epoch  41, step  40, loss 2.05392156, auc@1 46.84, auc@5 79.10
2021-05-31 13:06:27,513:INFO:[Rank-2] train time 38.1694, epoch  42, step  49, loss 1.56839192, auc@1 55.78, auc@5 85.55, share 3, std_loss 0, pre_std_loss 0, 
2021-05-31 13:06:43,496:INFO:[Rank-2] val time 15.9806, epoch  42, step  40, loss 2.00903915, auc@1 47.43, auc@5 79.28
2021-05-31 13:07:21,325:INFO:[Rank-2] train time 37.6315, epoch  43, step  49, loss 1.53753734, auc@1 56.32, auc@5 86.06, share 3, std_loss 0, pre_std_loss 0, 
2021-05-31 13:07:37,165:INFO:[Rank-2] val time 15.8384, epoch  43, step  40, loss 1.99914586, auc@1 48.68, auc@5 78.91
2021-05-31 13:08:14,415:INFO:[Rank-2] train time 37.1141, epoch  44, step  49, loss 1.51510048, auc@1 56.89, auc@5 86.32, share 3, std_loss 0, pre_std_loss 0, 
2021-05-31 13:08:30,501:INFO:[Rank-2] val time 16.0830, epoch  44, step  40, loss 1.96362660, auc@1 48.42, auc@5 79.02
2021-05-31 13:09:07,407:INFO:[Rank-2] train time 36.7874, epoch  45, step  49, loss 1.49665332, auc@1 57.40, auc@5 86.69, share 3, std_loss 0, pre_std_loss 0, 
2021-05-31 13:09:23,437:INFO:[Rank-2] val time 16.0268, epoch  45, step  40, loss 1.82835746, auc@1 50.91, auc@5 81.59
2021-05-31 13:10:01,471:INFO:[Rank-2] train time 37.7636, epoch  46, step  49, loss 1.46620905, auc@1 58.02, auc@5 87.08, share 3, std_loss 0, pre_std_loss 0, 
2021-05-31 13:10:17,311:INFO:[Rank-2] val time 15.8380, epoch  46, step  40, loss 1.81662638, auc@1 51.53, auc@5 82.57
2021-05-31 13:10:54,710:INFO:[Rank-2] train time 37.2173, epoch  47, step  49, loss 1.44058251, auc@1 58.97, auc@5 87.69, share 3, std_loss 0, pre_std_loss 0, 
2021-05-31 13:11:10,748:INFO:[Rank-2] val time 16.0363, epoch  47, step  40, loss 1.80307251, auc@1 51.80, auc@5 82.46
2021-05-31 13:11:47,831:INFO:[Rank-2] train time 36.7744, epoch  48, step  49, loss 1.43383658, auc@1 58.99, auc@5 87.74, share 3, std_loss 0, pre_std_loss 0, 
2021-05-31 13:12:03,954:INFO:[Rank-2] val time 16.1209, epoch  48, step  40, loss 1.72579553, auc@1 53.55, auc@5 83.28
2021-05-31 13:12:40,941:INFO:[Rank-2] train time 36.8155, epoch  49, step  49, loss 1.41105068, auc@1 59.66, auc@5 88.01, share 3, std_loss 0, pre_std_loss 0, 
2021-05-31 13:12:56,796:INFO:[Rank-2] val time 15.8527, epoch  49, step  40, loss 1.98242010, auc@1 49.83, auc@5 80.33
2021-05-31 13:13:33,963:INFO:[Rank-2] train time 36.9734, epoch  50, step  49, loss 1.38792527, auc@1 60.03, auc@5 88.30, share 3, std_loss 0, pre_std_loss 0, 
2021-05-31 13:13:49,841:INFO:[Rank-2] val time 15.8762, epoch  50, step  40, loss 1.80222584, auc@1 52.55, auc@5 82.51
2021-05-31 13:14:27,307:INFO:[Rank-2] train time 37.2405, epoch  51, step  49, loss 1.35687876, auc@1 60.73, auc@5 88.78, share 3, std_loss 0, pre_std_loss 0, 
2021-05-31 13:14:43,273:INFO:[Rank-2] val time 15.9628, epoch  51, step  40, loss 1.76342471, auc@1 53.25, auc@5 83.03
2021-05-31 13:15:20,519:INFO:[Rank-2] train time 36.9373, epoch  52, step  49, loss 1.34343064, auc@1 61.23, auc@5 88.96, share 3, std_loss 0, pre_std_loss 0, 
2021-05-31 13:15:36,539:INFO:[Rank-2] val time 16.0184, epoch  52, step  40, loss 1.86189554, auc@1 51.75, auc@5 81.21
2021-05-31 13:16:13,796:INFO:[Rank-2] train time 37.0311, epoch  53, step  49, loss 1.31690717, auc@1 61.86, auc@5 89.29, share 3, std_loss 0, pre_std_loss 0, 
2021-05-31 13:16:29,858:INFO:[Rank-2] val time 16.0599, epoch  53, step  40, loss 1.91412696, auc@1 49.66, auc@5 80.85
2021-05-31 13:17:06,937:INFO:[Rank-2] train time 36.8363, epoch  54, step  49, loss 1.30005372, auc@1 62.35, auc@5 89.56, share 3, std_loss 0, pre_std_loss 0, 
2021-05-31 13:17:22,760:INFO:[Rank-2] val time 15.8204, epoch  54, step  40, loss 1.87976064, auc@1 50.38, auc@5 81.02
2021-05-31 13:18:00,379:INFO:[Rank-2] train time 37.4460, epoch  55, step  49, loss 1.27452886, auc@1 62.91, auc@5 89.90, share 3, std_loss 0, pre_std_loss 0, 
2021-05-31 13:18:16,368:INFO:[Rank-2] val time 15.9869, epoch  55, step  40, loss 1.67826845, auc@1 53.96, auc@5 84.06
2021-05-31 13:18:53,377:INFO:[Rank-2] train time 36.7259, epoch  56, step  49, loss 1.26352680, auc@1 62.99, auc@5 90.11, share 3, std_loss 0, pre_std_loss 0, 
2021-05-31 13:19:09,463:INFO:[Rank-2] val time 16.0839, epoch  56, step  40, loss 1.54144105, auc@1 57.47, auc@5 86.01
2021-05-31 13:19:46,621:INFO:[Rank-2] train time 36.9474, epoch  57, step  49, loss 1.25128543, auc@1 63.45, auc@5 90.31, share 3, std_loss 0, pre_std_loss 0, 
2021-05-31 13:20:02,515:INFO:[Rank-2] val time 15.8914, epoch  57, step  40, loss 1.80002557, auc@1 52.92, auc@5 82.60
2021-05-31 13:20:40,557:INFO:[Rank-2] train time 37.7116, epoch  58, step  49, loss 1.23939526, auc@1 63.88, auc@5 90.50, share 3, std_loss 0, pre_std_loss 0, 
2021-05-31 13:20:56,394:INFO:[Rank-2] val time 15.8349, epoch  58, step  40, loss 1.64172673, auc@1 55.51, auc@5 84.66
2021-05-31 13:21:34,010:INFO:[Rank-2] train time 37.4134, epoch  59, step  49, loss 1.21546876, auc@1 64.49, auc@5 90.76, share 3, std_loss 0, pre_std_loss 0, 
2021-05-31 13:21:49,842:INFO:[Rank-2] val time 15.8297, epoch  59, step  40, loss 1.92106245, auc@1 52.01, auc@5 81.85
2021-05-31 13:22:27,138:INFO:[Rank-2] train time 37.1208, epoch  60, step  49, loss 1.19057155, auc@1 65.15, auc@5 90.99, share 3, std_loss 0, pre_std_loss 0, 
2021-05-31 13:22:43,068:INFO:[Rank-2] val time 15.9279, epoch  60, step  40, loss 1.74173496, auc@1 54.92, auc@5 83.56
2021-05-31 13:23:20,118:INFO:[Rank-2] train time 36.8891, epoch  61, step  49, loss 1.18375897, auc@1 65.39, auc@5 91.20, share 3, std_loss 0, pre_std_loss 0, 
2021-05-31 13:23:35,927:INFO:[Rank-2] val time 15.8064, epoch  61, step  40, loss 1.66906743, auc@1 55.94, auc@5 84.65
2021-05-31 13:24:12,799:INFO:[Rank-2] train time 36.5327, epoch  62, step  49, loss 1.16729236, auc@1 65.81, auc@5 91.43, share 3, std_loss 0, pre_std_loss 0, 
2021-05-31 13:24:28,174:INFO:[Rank-2] val time 15.3731, epoch  62, step  40, loss 1.62162315, auc@1 56.98, auc@5 85.46
2021-05-31 13:25:04,911:INFO:[Rank-2] train time 36.4033, epoch  63, step  49, loss 1.14398825, auc@1 66.28, auc@5 91.72, share 3, std_loss 0, pre_std_loss 0, 
2021-05-31 13:25:20,326:INFO:[Rank-2] val time 15.4131, epoch  63, step  40, loss 1.77018818, auc@1 55.03, auc@5 83.70
2021-05-31 13:25:57,115:INFO:[Rank-2] train time 36.4828, epoch  64, step  49, loss 1.13841343, auc@1 66.43, auc@5 91.61, share 3, std_loss 0, pre_std_loss 0, 
2021-05-31 13:26:12,634:INFO:[Rank-2] val time 15.5170, epoch  64, step  40, loss 1.67070133, auc@1 55.04, auc@5 84.50
2021-05-31 13:26:49,414:INFO:[Rank-2] train time 36.4192, epoch  65, step  49, loss 1.10872865, auc@1 67.33, auc@5 92.10, share 3, std_loss 0, pre_std_loss 0, 
2021-05-31 13:27:04,872:INFO:[Rank-2] val time 15.4560, epoch  65, step  40, loss 1.68541485, auc@1 56.15, auc@5 84.96
2021-05-31 13:27:41,747:INFO:[Rank-2] train time 36.5362, epoch  66, step  49, loss 1.10639441, auc@1 67.36, auc@5 92.16, share 3, std_loss 0, pre_std_loss 0, 
2021-05-31 13:27:57,279:INFO:[Rank-2] val time 15.5299, epoch  66, step  40, loss 1.63393396, auc@1 56.91, auc@5 85.00
2021-05-31 13:28:34,165:INFO:[Rank-2] train time 36.5419, epoch  67, step  49, loss 1.09040809, auc@1 67.76, auc@5 92.39, share 3, std_loss 0, pre_std_loss 0, 
2021-05-31 13:28:49,604:INFO:[Rank-2] val time 15.4370, epoch  67, step  40, loss 1.64817722, auc@1 55.82, auc@5 84.92
2021-05-31 13:29:26,313:INFO:[Rank-2] train time 36.3040, epoch  68, step  49, loss 1.07233143, auc@1 68.20, auc@5 92.62, share 3, std_loss 0, pre_std_loss 0, 
2021-05-31 13:29:41,770:INFO:[Rank-2] val time 15.4541, epoch  68, step  40, loss 1.68080410, auc@1 56.20, auc@5 84.89
2021-05-31 13:30:18,668:INFO:[Rank-2] train time 36.5656, epoch  69, step  49, loss 1.06999433, auc@1 68.30, auc@5 92.58, share 3, std_loss 0, pre_std_loss 0, 
2021-05-31 13:30:34,084:INFO:[Rank-2] val time 15.4151, epoch  69, step  40, loss 1.62606654, auc@1 56.19, auc@5 85.30
2021-05-31 13:31:11,335:INFO:[Rank-2] train time 36.8971, epoch  70, step  49, loss 1.05192423, auc@1 68.52, auc@5 92.93, share 3, std_loss 0, pre_std_loss 0, 
2021-05-31 13:31:26,761:INFO:[Rank-2] val time 15.4247, epoch  70, step  40, loss 1.53833005, auc@1 58.37, auc@5 86.08
2021-05-31 13:32:03,723:INFO:[Rank-2] train time 36.5802, epoch  71, step  49, loss 1.03445697, auc@1 69.39, auc@5 93.08, share 3, std_loss 0, pre_std_loss 0, 
2021-05-31 13:32:19,116:INFO:[Rank-2] val time 15.3911, epoch  71, step  40, loss 1.62279431, auc@1 56.89, auc@5 85.64
2021-05-31 13:32:56,183:INFO:[Rank-2] train time 36.7253, epoch  72, step  49, loss 1.01168382, auc@1 69.76, auc@5 93.34, share 3, std_loss 0, pre_std_loss 0, 
2021-05-31 13:33:11,631:INFO:[Rank-2] val time 15.4460, epoch  72, step  40, loss 1.66481467, auc@1 57.00, auc@5 85.25
2021-05-31 13:33:48,785:INFO:[Rank-2] train time 36.7125, epoch  73, step  49, loss 1.00625277, auc@1 70.12, auc@5 93.43, share 3, std_loss 0, pre_std_loss 0, 
2021-05-31 13:34:04,294:INFO:[Rank-2] val time 15.5069, epoch  73, step  40, loss 1.69762253, auc@1 56.49, auc@5 85.28
2021-05-31 13:34:41,152:INFO:[Rank-2] train time 36.4907, epoch  74, step  49, loss 0.98521811, auc@1 70.48, auc@5 93.68, share 3, std_loss 0, pre_std_loss 0, 
2021-05-31 13:34:56,631:INFO:[Rank-2] val time 15.4777, epoch  74, step  40, loss 1.71636534, auc@1 56.42, auc@5 84.53
2021-05-31 13:35:33,577:INFO:[Rank-2] train time 36.5714, epoch  75, step  49, loss 0.97897065, auc@1 70.79, auc@5 93.77, share 3, std_loss 0, pre_std_loss 0, 
2021-05-31 13:35:48,976:INFO:[Rank-2] val time 15.3967, epoch  75, step  40, loss 1.66756839, auc@1 57.21, auc@5 85.91
2021-05-31 13:36:26,018:INFO:[Rank-2] train time 36.6553, epoch  76, step  49, loss 0.97085768, auc@1 71.00, auc@5 93.89, share 3, std_loss 0, pre_std_loss 0, 
2021-05-31 13:36:41,414:INFO:[Rank-2] val time 15.3942, epoch  76, step  40, loss 1.66449109, auc@1 57.45, auc@5 85.51
2021-05-31 13:37:18,581:INFO:[Rank-2] train time 36.7294, epoch  77, step  49, loss 0.96569252, auc@1 70.93, auc@5 93.93, share 3, std_loss 0, pre_std_loss 0, 
2021-05-31 13:37:34,017:INFO:[Rank-2] val time 15.4340, epoch  77, step  40, loss 1.56108611, auc@1 58.73, auc@5 86.63
2021-05-31 13:38:11,030:INFO:[Rank-2] train time 36.6743, epoch  78, step  49, loss 0.94680804, auc@1 71.58, auc@5 94.09, share 3, std_loss 0, pre_std_loss 0, 
2021-05-31 13:38:26,486:INFO:[Rank-2] val time 15.4543, epoch  78, step  40, loss 1.58768271, auc@1 57.64, auc@5 86.11
2021-05-31 13:39:03,440:INFO:[Rank-2] train time 36.5780, epoch  79, step  49, loss 0.93669021, auc@1 71.73, auc@5 94.09, share 3, std_loss 0, pre_std_loss 0, 
2021-05-31 13:39:18,893:INFO:[Rank-2] val time 15.4504, epoch  79, step  40, loss 1.70493785, auc@1 55.74, auc@5 84.57
2021-05-31 13:39:55,679:INFO:[Rank-2] train time 36.4836, epoch  80, step  49, loss 0.92358702, auc@1 71.90, auc@5 94.45, share 3, std_loss 0, pre_std_loss 0, 
2021-05-31 13:40:11,218:INFO:[Rank-2] val time 15.5363, epoch  80, step  40, loss 1.53060036, auc@1 60.74, auc@5 87.25
2021-05-31 13:40:48,269:INFO:[Rank-2] train time 36.7229, epoch  81, step  49, loss 0.92079204, auc@1 72.41, auc@5 94.35, share 3, std_loss 0, pre_std_loss 0, 
2021-05-31 13:41:03,721:INFO:[Rank-2] val time 15.4505, epoch  81, step  40, loss 1.57131129, auc@1 58.91, auc@5 86.35
2021-05-31 13:41:40,643:INFO:[Rank-2] train time 36.5858, epoch  82, step  49, loss 0.89333916, auc@1 72.98, auc@5 94.62, share 3, std_loss 0, pre_std_loss 0, 
2021-05-31 13:41:56,044:INFO:[Rank-2] val time 15.3992, epoch  82, step  40, loss 1.57156865, auc@1 59.66, auc@5 86.86
2021-05-31 13:42:32,953:INFO:[Rank-2] train time 36.5455, epoch  83, step  49, loss 0.89827460, auc@1 72.93, auc@5 94.71, share 3, std_loss 0, pre_std_loss 0, 
2021-05-31 13:42:48,360:INFO:[Rank-2] val time 15.4049, epoch  83, step  40, loss 1.47364306, auc@1 60.67, auc@5 87.50
2021-05-31 13:43:25,144:INFO:[Rank-2] train time 36.4505, epoch  84, step  49, loss 0.88534188, auc@1 73.57, auc@5 94.76, share 3, std_loss 0, pre_std_loss 0, 
2021-05-31 13:43:40,690:INFO:[Rank-2] val time 15.5421, epoch  84, step  40, loss 1.55512522, auc@1 59.59, auc@5 86.86
2021-05-31 13:44:17,477:INFO:[Rank-2] train time 36.3781, epoch  85, step  49, loss 0.86598927, auc@1 73.86, auc@5 94.89, share 3, std_loss 0, pre_std_loss 0, 
2021-05-31 13:44:32,946:INFO:[Rank-2] val time 15.4678, epoch  85, step  40, loss 1.59668992, auc@1 58.43, auc@5 86.04
2021-05-31 13:45:09,742:INFO:[Rank-2] train time 36.4673, epoch  86, step  49, loss 0.86251354, auc@1 73.94, auc@5 95.02, share 3, std_loss 0, pre_std_loss 0, 
2021-05-31 13:45:25,141:INFO:[Rank-2] val time 15.3970, epoch  86, step  40, loss 2.09918231, auc@1 50.09, auc@5 80.83
2021-05-31 13:46:02,524:INFO:[Rank-2] train time 36.9386, epoch  87, step  49, loss 0.85843313, auc@1 74.03, auc@5 95.03, share 3, std_loss 0, pre_std_loss 0, 
2021-05-31 13:46:17,993:INFO:[Rank-2] val time 15.4673, epoch  87, step  40, loss 1.54404243, auc@1 59.49, auc@5 86.92
2021-05-31 13:46:55,172:INFO:[Rank-2] train time 36.7798, epoch  88, step  49, loss 0.84343696, auc@1 74.43, auc@5 95.28, share 3, std_loss 0, pre_std_loss 0, 
2021-05-31 13:47:10,591:INFO:[Rank-2] val time 15.4178, epoch  88, step  40, loss 1.62291723, auc@1 57.79, auc@5 85.66
2021-05-31 13:47:47,380:INFO:[Rank-2] train time 36.4381, epoch  89, step  49, loss 0.84370780, auc@1 74.37, auc@5 95.18, share 3, std_loss 0, pre_std_loss 0, 
2021-05-31 13:48:02,813:INFO:[Rank-2] val time 15.4301, epoch  89, step  40, loss 1.49528461, auc@1 61.05, auc@5 87.69
2021-05-31 13:48:39,643:INFO:[Rank-2] train time 36.5506, epoch  90, step  49, loss 0.82703549, auc@1 74.90, auc@5 95.43, share 3, std_loss 0, pre_std_loss 0, 
2021-05-31 13:48:55,127:INFO:[Rank-2] val time 15.4823, epoch  90, step  40, loss 1.58784387, auc@1 59.52, auc@5 86.73
2021-05-31 13:49:32,269:INFO:[Rank-2] train time 36.7693, epoch  91, step  49, loss 0.81140345, auc@1 75.47, auc@5 95.53, share 3, std_loss 0, pre_std_loss 0, 
2021-05-31 13:49:47,712:INFO:[Rank-2] val time 15.4416, epoch  91, step  40, loss 1.48686881, auc@1 61.55, auc@5 87.68
2021-05-31 13:50:25,068:INFO:[Rank-2] train time 36.9973, epoch  92, step  49, loss 0.82311201, auc@1 75.11, auc@5 95.49, share 3, std_loss 0, pre_std_loss 0, 
2021-05-31 13:50:40,561:INFO:[Rank-2] val time 15.4914, epoch  92, step  40, loss 1.49655646, auc@1 60.92, auc@5 87.53
2021-05-31 13:51:16,963:INFO:[Rank-2] train time 36.0564, epoch  93, step  49, loss 0.80589080, auc@1 75.50, auc@5 95.67, share 3, std_loss 0, pre_std_loss 0, 
2021-05-31 13:51:32,336:INFO:[Rank-2] val time 15.3711, epoch  93, step  40, loss 1.54653943, auc@1 60.77, auc@5 87.87
2021-05-31 13:52:09,080:INFO:[Rank-2] train time 36.3486, epoch  94, step  49, loss 0.79316866, auc@1 75.80, auc@5 95.80, share 3, std_loss 0, pre_std_loss 0, 
2021-05-31 13:52:24,511:INFO:[Rank-2] val time 15.4288, epoch  94, step  40, loss 1.60938935, auc@1 60.10, auc@5 87.14
2021-05-31 13:53:01,590:INFO:[Rank-2] train time 36.8988, epoch  95, step  49, loss 0.77498347, auc@1 76.38, auc@5 95.87, share 3, std_loss 0, pre_std_loss 0, 
2021-05-31 13:53:17,100:INFO:[Rank-2] val time 15.5083, epoch  95, step  40, loss 1.75263935, auc@1 57.45, auc@5 85.66
2021-05-31 13:53:53,974:INFO:[Rank-2] train time 36.5144, epoch  96, step  49, loss 0.77766937, auc@1 76.38, auc@5 95.98, share 3, std_loss 0, pre_std_loss 0, 
2021-05-31 13:54:09,398:INFO:[Rank-2] val time 15.4231, epoch  96, step  40, loss 1.65775097, auc@1 59.29, auc@5 86.00
2021-05-31 13:54:46,255:INFO:[Rank-2] train time 36.4846, epoch  97, step  49, loss 0.75967729, auc@1 76.84, auc@5 96.08, share 3, std_loss 0, pre_std_loss 0, 
2021-05-31 13:55:01,693:INFO:[Rank-2] val time 15.4357, epoch  97, step  40, loss 1.41785352, auc@1 63.40, auc@5 88.63
2021-05-31 13:55:38,962:INFO:[Rank-2] train time 36.8664, epoch  98, step  49, loss 0.74992716, auc@1 77.08, auc@5 96.17, share 3, std_loss 0, pre_std_loss 0, 
2021-05-31 13:55:54,481:INFO:[Rank-2] val time 15.5171, epoch  98, step  40, loss 1.51143039, auc@1 61.61, auc@5 87.66
2021-05-31 13:56:31,585:INFO:[Rank-2] train time 36.7669, epoch  99, step  49, loss 0.75245279, auc@1 76.95, auc@5 96.15, share 3, std_loss 0, pre_std_loss 0, 
2021-05-31 13:56:47,012:INFO:[Rank-2] val time 15.4223, epoch  99, step  40, loss 1.52225823, auc@1 60.07, auc@5 87.45
2021-05-31 13:57:23,925:INFO:[Rank-2] train time 36.5449, epoch 100, step  49, loss 0.73586470, auc@1 77.44, auc@5 96.33, share 3, std_loss 0, pre_std_loss 0, 
2021-05-31 13:57:39,301:INFO:[Rank-2] val time 15.3744, epoch 100, step  40, loss 1.51186420, auc@1 62.02, auc@5 87.43
2021-05-31 13:58:16,354:INFO:[Rank-2] train time 36.6519, epoch 101, step  49, loss 0.72013062, auc@1 77.74, auc@5 96.34, share 3, std_loss 0, pre_std_loss 0, 
2021-05-31 13:58:31,802:INFO:[Rank-2] val time 15.4462, epoch 101, step  40, loss 1.58506601, auc@1 59.67, auc@5 86.68
2021-05-31 13:59:08,910:INFO:[Rank-2] train time 36.7468, epoch 102, step  49, loss 0.72453922, auc@1 77.86, auc@5 96.43, share 3, std_loss 0, pre_std_loss 0, 
2021-05-31 13:59:24,374:INFO:[Rank-2] val time 15.4622, epoch 102, step  40, loss 1.61502265, auc@1 60.24, auc@5 87.36
2021-05-31 14:00:01,303:INFO:[Rank-2] train time 36.5007, epoch 103, step  49, loss 0.70535499, auc@1 78.43, auc@5 96.45, share 3, std_loss 0, pre_std_loss 0, 
2021-05-31 14:00:16,707:INFO:[Rank-2] val time 15.4018, epoch 103, step  40, loss 1.53502742, auc@1 60.96, auc@5 87.57
2021-05-31 14:00:54,075:INFO:[Rank-2] train time 37.0810, epoch 104, step  49, loss 0.70195287, auc@1 78.48, auc@5 96.59, share 3, std_loss 0, pre_std_loss 0, 
2021-05-31 14:01:09,636:INFO:[Rank-2] val time 15.5591, epoch 104, step  40, loss 1.52127254, auc@1 62.33, auc@5 87.72
2021-05-31 14:01:46,658:INFO:[Rank-2] train time 36.6442, epoch 105, step  49, loss 0.70326859, auc@1 78.40, auc@5 96.61, share 3, std_loss 0, pre_std_loss 0, 
2021-05-31 14:02:02,139:INFO:[Rank-2] val time 15.4792, epoch 105, step  40, loss 1.66589616, auc@1 59.11, auc@5 86.73
2021-05-31 14:02:38,769:INFO:[Rank-2] train time 36.3878, epoch 106, step  49, loss 0.69209093, auc@1 78.81, auc@5 96.71, share 3, std_loss 0, pre_std_loss 0, 
2021-05-31 14:02:54,147:INFO:[Rank-2] val time 15.3760, epoch 106, step  40, loss 1.44209514, auc@1 63.45, auc@5 88.25
2021-05-31 14:03:31,556:INFO:[Rank-2] train time 37.0828, epoch 107, step  49, loss 0.68995392, auc@1 78.85, auc@5 96.65, share 3, std_loss 0, pre_std_loss 0, 
2021-05-31 14:03:47,010:INFO:[Rank-2] val time 15.4524, epoch 107, step  40, loss 1.56639155, auc@1 61.21, auc@5 87.53
2021-05-31 14:04:23,992:INFO:[Rank-2] train time 36.6276, epoch 108, step  49, loss 0.67322111, auc@1 79.40, auc@5 96.84, share 3, std_loss 0, pre_std_loss 0, 
2021-05-31 14:04:39,484:INFO:[Rank-2] val time 15.4904, epoch 108, step  40, loss 1.57614400, auc@1 60.54, auc@5 87.05
2021-05-31 14:05:16,490:INFO:[Rank-2] train time 36.6369, epoch 109, step  49, loss 0.66665649, auc@1 79.38, auc@5 96.96, share 3, std_loss 0, pre_std_loss 0, 
2021-05-31 14:05:32,166:INFO:[Rank-2] val time 15.6742, epoch 109, step  40, loss 1.52524207, auc@1 61.39, auc@5 87.86
2021-05-31 14:06:10,306:INFO:[Rank-2] train time 37.9553, epoch 110, step  49, loss 0.66358501, auc@1 79.59, auc@5 97.04, share 3, std_loss 0, pre_std_loss 0, 
2021-05-31 14:06:26,394:INFO:[Rank-2] val time 16.0853, epoch 110, step  40, loss 1.46465007, auc@1 62.46, auc@5 88.70
2021-05-31 14:07:03,925:INFO:[Rank-2] train time 37.1980, epoch 111, step  49, loss 0.65586257, auc@1 79.81, auc@5 96.97, share 3, std_loss 0, pre_std_loss 0, 
2021-05-31 14:07:20,080:INFO:[Rank-2] val time 16.1530, epoch 111, step  40, loss 1.55402016, auc@1 61.71, auc@5 87.78
2021-05-31 14:07:57,620:INFO:[Rank-2] train time 37.0326, epoch 112, step  49, loss 0.64155638, auc@1 80.40, auc@5 97.19, share 3, std_loss 0, pre_std_loss 0, 
2021-05-31 14:08:13,846:INFO:[Rank-2] val time 16.2239, epoch 112, step  40, loss 1.50097628, auc@1 62.26, auc@5 88.14
2021-05-31 14:08:51,258:INFO:[Rank-2] train time 37.2617, epoch 113, step  49, loss 0.64049417, auc@1 80.16, auc@5 97.20, share 3, std_loss 0, pre_std_loss 0, 
2021-05-31 14:09:07,108:INFO:[Rank-2] val time 15.8471, epoch 113, step  40, loss 1.48839275, auc@1 62.72, auc@5 88.44
2021-05-31 14:09:44,335:INFO:[Rank-2] train time 36.9127, epoch 114, step  49, loss 0.63028920, auc@1 80.58, auc@5 97.28, share 3, std_loss 0, pre_std_loss 0, 
2021-05-31 14:10:00,527:INFO:[Rank-2] val time 16.1894, epoch 114, step  40, loss 1.62281165, auc@1 60.37, auc@5 87.07
2021-05-31 14:10:37,898:INFO:[Rank-2] train time 37.1472, epoch 115, step  49, loss 0.62223142, auc@1 80.74, auc@5 97.32, share 3, std_loss 0, pre_std_loss 0, 
2021-05-31 14:10:53,825:INFO:[Rank-2] val time 15.9244, epoch 115, step  40, loss 1.52772831, auc@1 62.23, auc@5 88.06
2021-05-31 14:11:31,243:INFO:[Rank-2] train time 37.1428, epoch 116, step  49, loss 0.62514216, auc@1 80.68, auc@5 97.37, share 3, std_loss 0, pre_std_loss 0, 
2021-05-31 14:11:47,201:INFO:[Rank-2] val time 15.9552, epoch 116, step  40, loss 1.53149988, auc@1 62.42, auc@5 88.08
2021-05-31 14:12:24,053:INFO:[Rank-2] train time 36.6408, epoch 117, step  49, loss 0.61791974, auc@1 81.01, auc@5 97.34, share 3, std_loss 0, pre_std_loss 0, 
2021-05-31 14:12:40,214:INFO:[Rank-2] val time 16.1581, epoch 117, step  40, loss 1.57467799, auc@1 61.55, auc@5 87.21
2021-05-31 14:13:17,384:INFO:[Rank-2] train time 36.9087, epoch 118, step  49, loss 0.60966992, auc@1 81.09, auc@5 97.50, share 3, std_loss 0, pre_std_loss 0, 
2021-05-31 14:13:33,261:INFO:[Rank-2] val time 15.8745, epoch 118, step  40, loss 1.52064598, auc@1 61.75, auc@5 87.41
2021-05-31 14:14:10,608:INFO:[Rank-2] train time 37.1661, epoch 119, step  49, loss 0.60064417, auc@1 81.37, auc@5 97.59, share 3, std_loss 0, pre_std_loss 0, 
2021-05-31 14:14:26,571:INFO:[Rank-2] val time 15.9611, epoch 119, step  40, loss 1.52800094, auc@1 62.87, auc@5 88.07
2021-05-31 14:15:03,227:INFO:[Rank-2] train time 36.4687, epoch 120, step  49, loss 0.59877676, auc@1 81.30, auc@5 97.57, share 3, std_loss 0, pre_std_loss 0, 
2021-05-31 14:15:19,112:INFO:[Rank-2] val time 15.8827, epoch 120, step  40, loss 1.52451784, auc@1 62.66, auc@5 87.63
2021-05-31 14:15:57,335:INFO:[Rank-2] train time 37.9956, epoch 121, step  49, loss 0.47351289, auc@1 85.44, auc@5 98.30, share 3, std_loss 0, pre_std_loss 0, 
2021-05-31 14:16:13,246:INFO:[Rank-2] val time 15.9085, epoch 121, step  40, loss 1.11862059, auc@1 70.32, auc@5 91.91
2021-05-31 14:16:50,121:INFO:[Rank-2] train time 36.6500, epoch 122, step  49, loss 0.39319286, auc@1 87.88, auc@5 98.87, share 3, std_loss 0, pre_std_loss 0, 
2021-05-31 14:17:06,159:INFO:[Rank-2] val time 16.0352, epoch 122, step  40, loss 1.09680445, auc@1 70.85, auc@5 92.26
2021-05-31 14:17:43,699:INFO:[Rank-2] train time 37.2475, epoch 123, step  49, loss 0.36850497, auc@1 88.79, auc@5 98.88, share 3, std_loss 0, pre_std_loss 0, 
2021-05-31 14:17:59,572:INFO:[Rank-2] val time 15.8713, epoch 123, step  40, loss 1.08804322, auc@1 71.18, auc@5 92.34
2021-05-31 14:18:36,992:INFO:[Rank-2] train time 37.1667, epoch 124, step  49, loss 0.35189578, auc@1 89.22, auc@5 98.99, share 3, std_loss 0, pre_std_loss 0, 
2021-05-31 14:18:52,937:INFO:[Rank-2] val time 15.9421, epoch 124, step  40, loss 1.08604283, auc@1 71.40, auc@5 92.54
2021-05-31 14:19:30,489:INFO:[Rank-2] train time 37.2899, epoch 125, step  49, loss 0.33643720, auc@1 89.82, auc@5 99.05, share 3, std_loss 0, pre_std_loss 0, 
2021-05-31 14:19:46,227:INFO:[Rank-2] val time 15.7359, epoch 125, step  40, loss 1.08204971, auc@1 71.44, auc@5 92.71
2021-05-31 14:20:24,071:INFO:[Rank-2] train time 37.5760, epoch 126, step  49, loss 0.32555413, auc@1 90.02, auc@5 99.14, share 3, std_loss 0, pre_std_loss 0, 
2021-05-31 14:20:40,012:INFO:[Rank-2] val time 15.9386, epoch 126, step  40, loss 1.08666027, auc@1 71.79, auc@5 92.49
2021-05-31 14:21:16,892:INFO:[Rank-2] train time 36.6423, epoch 127, step  49, loss 0.31669796, auc@1 90.49, auc@5 99.17, share 3, std_loss 0, pre_std_loss 0, 
2021-05-31 14:21:32,744:INFO:[Rank-2] val time 15.8491, epoch 127, step  40, loss 1.07948921, auc@1 71.69, auc@5 92.37
2021-05-31 14:22:10,254:INFO:[Rank-2] train time 37.2309, epoch 128, step  49, loss 0.31003526, auc@1 90.64, auc@5 99.15, share 3, std_loss 0, pre_std_loss 0, 
2021-05-31 14:22:26,073:INFO:[Rank-2] val time 15.8169, epoch 128, step  40, loss 1.07708420, auc@1 71.78, auc@5 92.48
2021-05-31 14:23:03,720:INFO:[Rank-2] train time 37.5336, epoch 129, step  49, loss 0.29669940, auc@1 91.08, auc@5 99.21, share 3, std_loss 0, pre_std_loss 0, 
2021-05-31 14:23:19,791:INFO:[Rank-2] val time 16.0692, epoch 129, step  40, loss 1.07738639, auc@1 72.23, auc@5 92.55
2021-05-31 14:23:57,408:INFO:[Rank-2] train time 37.3046, epoch 130, step  49, loss 0.29337400, auc@1 91.07, auc@5 99.30, share 3, std_loss 0, pre_std_loss 0, 
2021-05-31 14:24:13,068:INFO:[Rank-2] val time 15.6572, epoch 130, step  40, loss 1.08328932, auc@1 72.18, auc@5 92.63
2021-05-31 14:24:52,292:INFO:[Rank-2] train time 39.0127, epoch 131, step  49, loss 0.28762999, auc@1 91.21, auc@5 99.31, share 3, std_loss 0, pre_std_loss 0, 
2021-05-31 14:25:08,053:INFO:[Rank-2] val time 15.7596, epoch 131, step  40, loss 1.07725292, auc@1 72.11, auc@5 92.69
2021-05-31 14:25:46,289:INFO:[Rank-2] train time 38.0711, epoch 132, step  49, loss 0.28284714, auc@1 91.36, auc@5 99.32, share 3, std_loss 0, pre_std_loss 0, 
2021-05-31 14:26:02,115:INFO:[Rank-2] val time 15.8237, epoch 132, step  40, loss 1.07868504, auc@1 72.45, auc@5 92.58
2021-05-31 14:26:39,273:INFO:[Rank-2] train time 36.9803, epoch 133, step  49, loss 0.28094441, auc@1 91.56, auc@5 99.32, share 3, std_loss 0, pre_std_loss 0, 
2021-05-31 14:26:55,210:INFO:[Rank-2] val time 15.9350, epoch 133, step  40, loss 1.08011760, auc@1 72.13, auc@5 92.51
2021-05-31 14:27:32,945:INFO:[Rank-2] train time 37.5158, epoch 134, step  49, loss 0.27254665, auc@1 91.76, auc@5 99.42, share 3, std_loss 0, pre_std_loss 0, 
2021-05-31 14:27:48,660:INFO:[Rank-2] val time 15.7138, epoch 134, step  40, loss 1.07771340, auc@1 72.28, auc@5 92.76
2021-05-31 14:28:26,568:INFO:[Rank-2] train time 37.6749, epoch 135, step  49, loss 0.27220556, auc@1 91.79, auc@5 99.34, share 3, std_loss 0, pre_std_loss 0, 
2021-05-31 14:28:42,301:INFO:[Rank-2] val time 15.7304, epoch 135, step  40, loss 1.07912270, auc@1 72.29, auc@5 92.57
2021-05-31 14:29:20,071:INFO:[Rank-2] train time 37.5742, epoch 136, step  49, loss 0.26270068, auc@1 92.05, auc@5 99.40, share 3, std_loss 0, pre_std_loss 0, 
2021-05-31 14:29:35,985:INFO:[Rank-2] val time 15.9121, epoch 136, step  40, loss 1.08099590, auc@1 72.57, auc@5 92.50
2021-05-31 14:30:13,958:INFO:[Rank-2] train time 37.7572, epoch 137, step  49, loss 0.26179245, auc@1 92.06, auc@5 99.42, share 3, std_loss 0, pre_std_loss 0, 
2021-05-31 14:30:29,762:INFO:[Rank-2] val time 15.8016, epoch 137, step  40, loss 1.07543121, auc@1 72.51, auc@5 92.52
2021-05-31 14:31:07,411:INFO:[Rank-2] train time 37.4927, epoch 138, step  49, loss 0.25737596, auc@1 92.31, auc@5 99.48, share 3, std_loss 0, pre_std_loss 0, 
2021-05-31 14:31:23,150:INFO:[Rank-2] val time 15.7367, epoch 138, step  40, loss 1.08446843, auc@1 72.42, auc@5 92.50
2021-05-31 14:32:00,510:INFO:[Rank-2] train time 37.0959, epoch 139, step  49, loss 0.25375971, auc@1 92.40, auc@5 99.44, share 3, std_loss 0, pre_std_loss 0, 
2021-05-31 14:32:16,324:INFO:[Rank-2] val time 15.8114, epoch 139, step  40, loss 1.08153835, auc@1 72.32, auc@5 92.64
2021-05-31 14:32:53,743:INFO:[Rank-2] train time 37.2926, epoch 140, step  49, loss 0.24906117, auc@1 92.57, auc@5 99.46, share 3, std_loss 0, pre_std_loss 0, 
2021-05-31 14:33:09,605:INFO:[Rank-2] val time 15.8610, epoch 140, step  40, loss 1.07864021, auc@1 72.62, auc@5 92.59
2021-05-31 14:33:47,380:INFO:[Rank-2] train time 37.4293, epoch 141, step  49, loss 0.24792485, auc@1 92.45, auc@5 99.47, share 3, std_loss 0, pre_std_loss 0, 
2021-05-31 14:34:02,692:INFO:[Rank-2] val time 15.3103, epoch 141, step  40, loss 1.08056167, auc@1 72.26, auc@5 92.63
2021-05-31 14:34:39,535:INFO:[Rank-2] train time 36.6057, epoch 142, step  49, loss 0.24300551, auc@1 92.73, auc@5 99.51, share 3, std_loss 0, pre_std_loss 0, 
2021-05-31 14:34:54,987:INFO:[Rank-2] val time 15.4500, epoch 142, step  40, loss 1.08597739, auc@1 72.11, auc@5 92.57
2021-05-31 14:35:32,051:INFO:[Rank-2] train time 36.6755, epoch 143, step  49, loss 0.24173048, auc@1 92.83, auc@5 99.52, share 3, std_loss 0, pre_std_loss 0, 
2021-05-31 14:35:47,433:INFO:[Rank-2] val time 15.3797, epoch 143, step  40, loss 1.08350999, auc@1 72.62, auc@5 92.41
2021-05-31 14:36:24,188:INFO:[Rank-2] train time 36.3952, epoch 144, step  49, loss 0.23502439, auc@1 93.04, auc@5 99.55, share 3, std_loss 0, pre_std_loss 0, 
2021-05-31 14:36:39,534:INFO:[Rank-2] val time 15.3436, epoch 144, step  40, loss 1.08503671, auc@1 72.54, auc@5 92.69
2021-05-31 14:37:16,852:INFO:[Rank-2] train time 36.9783, epoch 145, step  49, loss 0.23339422, auc@1 93.00, auc@5 99.56, share 3, std_loss 0, pre_std_loss 0, 
2021-05-31 14:37:32,243:INFO:[Rank-2] val time 15.3893, epoch 145, step  40, loss 1.08726418, auc@1 72.37, auc@5 92.67
2021-05-31 14:38:08,983:INFO:[Rank-2] train time 36.3597, epoch 146, step  49, loss 0.23088777, auc@1 93.27, auc@5 99.55, share 3, std_loss 0, pre_std_loss 0, 
2021-05-31 14:38:24,382:INFO:[Rank-2] val time 15.3976, epoch 146, step  40, loss 1.08861432, auc@1 72.67, auc@5 92.66
2021-05-31 14:39:01,088:INFO:[Rank-2] train time 36.3480, epoch 147, step  49, loss 0.23151016, auc@1 93.07, auc@5 99.55, share 3, std_loss 0, pre_std_loss 0, 
2021-05-31 14:39:16,602:INFO:[Rank-2] val time 15.5116, epoch 147, step  40, loss 1.09519359, auc@1 72.52, auc@5 92.65
2021-05-31 14:39:53,224:INFO:[Rank-2] train time 36.3247, epoch 148, step  49, loss 0.22554742, auc@1 93.34, auc@5 99.57, share 3, std_loss 0, pre_std_loss 0, 
2021-05-31 14:40:08,815:INFO:[Rank-2] val time 15.5892, epoch 148, step  40, loss 1.09001704, auc@1 72.54, auc@5 92.64
2021-05-31 14:40:45,110:INFO:[Rank-2] train time 35.9253, epoch 149, step  49, loss 0.21613485, auc@1 93.59, auc@5 99.62, share 3, std_loss 0, pre_std_loss 0, 
2021-05-31 14:41:00,642:INFO:[Rank-2] val time 15.5291, epoch 149, step  40, loss 1.09856856, auc@1 72.30, auc@5 92.60
2021-05-31 14:41:37,740:INFO:[Rank-2] train time 36.8277, epoch 150, step  49, loss 0.22234680, auc@1 93.35, auc@5 99.60, share 3, std_loss 0, pre_std_loss 0, 
2021-05-31 14:41:53,702:INFO:[Rank-2] val time 15.9593, epoch 150, step  40, loss 1.09654529, auc@1 72.50, auc@5 92.60
2021-05-31 14:42:30,788:INFO:[Rank-2] train time 36.9385, epoch 151, step  49, loss 0.21957107, auc@1 93.48, auc@5 99.55, share 3, std_loss 0, pre_std_loss 0, 
2021-05-31 14:42:46,541:INFO:[Rank-2] val time 15.7510, epoch 151, step  40, loss 1.10132538, auc@1 72.40, auc@5 92.60
2021-05-31 14:43:24,248:INFO:[Rank-2] train time 37.4617, epoch 152, step  49, loss 0.21441844, auc@1 93.65, auc@5 99.59, share 3, std_loss 0, pre_std_loss 0, 
2021-05-31 14:43:39,974:INFO:[Rank-2] val time 15.7233, epoch 152, step  40, loss 1.09731013, auc@1 72.52, auc@5 92.67
2021-05-31 14:44:17,748:INFO:[Rank-2] train time 37.5014, epoch 153, step  49, loss 0.21287942, auc@1 93.68, auc@5 99.65, share 3, std_loss 0, pre_std_loss 0, 
2021-05-31 14:44:33,442:INFO:[Rank-2] val time 15.6917, epoch 153, step  40, loss 1.09797863, auc@1 72.72, auc@5 92.68
2021-05-31 14:45:11,064:INFO:[Rank-2] train time 37.4335, epoch 154, step  49, loss 0.20734942, auc@1 93.98, auc@5 99.67, share 3, std_loss 0, pre_std_loss 0, 
2021-05-31 14:45:26,973:INFO:[Rank-2] val time 15.9070, epoch 154, step  40, loss 1.11257332, auc@1 72.50, auc@5 92.70
2021-05-31 14:46:03,951:INFO:[Rank-2] train time 36.7503, epoch 155, step  49, loss 0.20607562, auc@1 93.96, auc@5 99.63, share 3, std_loss 0, pre_std_loss 0, 
2021-05-31 14:46:19,592:INFO:[Rank-2] val time 15.6386, epoch 155, step  40, loss 1.10525737, auc@1 72.58, auc@5 92.57
2021-05-31 14:46:57,079:INFO:[Rank-2] train time 37.1966, epoch 156, step  49, loss 0.20460789, auc@1 94.05, auc@5 99.65, share 3, std_loss 0, pre_std_loss 0, 
2021-05-31 14:47:13,006:INFO:[Rank-2] val time 15.9239, epoch 156, step  40, loss 1.10839414, auc@1 72.55, auc@5 92.56
2021-05-31 14:47:49,907:INFO:[Rank-2] train time 36.7547, epoch 157, step  49, loss 0.20172389, auc@1 94.16, auc@5 99.64, share 3, std_loss 0, pre_std_loss 0, 
2021-05-31 14:48:05,892:INFO:[Rank-2] val time 15.9824, epoch 157, step  40, loss 1.11786839, auc@1 72.40, auc@5 92.41
2021-05-31 14:48:44,242:INFO:[Rank-2] train time 38.0591, epoch 158, step  49, loss 0.20146678, auc@1 94.11, auc@5 99.66, share 3, std_loss 0, pre_std_loss 0, 
2021-05-31 14:49:00,261:INFO:[Rank-2] val time 16.0169, epoch 158, step  40, loss 1.11536995, auc@1 72.58, auc@5 92.58
2021-05-31 14:49:37,664:INFO:[Rank-2] train time 37.1526, epoch 159, step  49, loss 0.19732699, auc@1 94.23, auc@5 99.71, share 3, std_loss 0, pre_std_loss 0, 
2021-05-31 14:49:53,639:INFO:[Rank-2] val time 15.9723, epoch 159, step  40, loss 1.11476250, auc@1 72.43, auc@5 92.51
2021-05-31 14:50:30,545:INFO:[Rank-2] train time 36.7557, epoch 160, step  49, loss 0.19479315, auc@1 94.44, auc@5 99.66, share 3, std_loss 0, pre_std_loss 0, 
2021-05-31 14:50:46,429:INFO:[Rank-2] val time 15.8822, epoch 160, step  40, loss 1.11134387, auc@1 72.48, auc@5 92.65
2021-05-31 14:51:23,996:INFO:[Rank-2] train time 37.3976, epoch 161, step  49, loss 0.19102173, auc@1 94.46, auc@5 99.69, share 3, std_loss 0, pre_std_loss 0, 
2021-05-31 14:51:39,855:INFO:[Rank-2] val time 15.8564, epoch 161, step  40, loss 1.10742673, auc@1 72.59, auc@5 92.58
2021-05-31 14:52:17,074:INFO:[Rank-2] train time 37.0952, epoch 162, step  49, loss 0.18885995, auc@1 94.40, auc@5 99.76, share 3, std_loss 0, pre_std_loss 0, 
2021-05-31 14:52:32,910:INFO:[Rank-2] val time 15.8339, epoch 162, step  40, loss 1.10424833, auc@1 72.67, auc@5 92.60
2021-05-31 14:53:09,847:INFO:[Rank-2] train time 36.7342, epoch 163, step  49, loss 0.18721193, auc@1 94.60, auc@5 99.72, share 3, std_loss 0, pre_std_loss 0, 
2021-05-31 14:53:25,762:INFO:[Rank-2] val time 15.9131, epoch 163, step  40, loss 1.10327085, auc@1 72.81, auc@5 92.60
2021-05-31 14:54:02,932:INFO:[Rank-2] train time 37.0145, epoch 164, step  49, loss 0.18390773, auc@1 94.74, auc@5 99.70, share 3, std_loss 0, pre_std_loss 0, 
2021-05-31 14:54:18,899:INFO:[Rank-2] val time 15.9647, epoch 164, step  40, loss 1.10403770, auc@1 72.72, auc@5 92.60
2021-05-31 14:54:56,943:INFO:[Rank-2] train time 37.7973, epoch 165, step  49, loss 0.18662569, auc@1 94.69, auc@5 99.71, share 3, std_loss 0, pre_std_loss 0, 
2021-05-31 14:55:12,979:INFO:[Rank-2] val time 16.0337, epoch 165, step  40, loss 1.10207043, auc@1 72.73, auc@5 92.59
2021-05-31 14:55:50,107:INFO:[Rank-2] train time 36.9939, epoch 166, step  49, loss 0.18084948, auc@1 94.81, auc@5 99.73, share 3, std_loss 0, pre_std_loss 0, 
2021-05-31 14:56:06,102:INFO:[Rank-2] val time 15.9931, epoch 166, step  40, loss 1.10117676, auc@1 72.69, auc@5 92.61
2021-05-31 14:56:42,747:INFO:[Rank-2] train time 36.4920, epoch 167, step  49, loss 0.18297461, auc@1 94.85, auc@5 99.73, share 3, std_loss 0, pre_std_loss 0, 
2021-05-31 14:56:58,920:INFO:[Rank-2] val time 16.1709, epoch 167, step  40, loss 1.09751667, auc@1 72.63, auc@5 92.66
2021-05-31 14:57:36,642:INFO:[Rank-2] train time 37.3727, epoch 168, step  49, loss 0.18722683, auc@1 94.53, auc@5 99.69, share 3, std_loss 0, pre_std_loss 0, 
2021-05-31 14:57:52,729:INFO:[Rank-2] val time 16.0855, epoch 168, step  40, loss 1.09708376, auc@1 72.86, auc@5 92.61
2021-05-31 14:58:30,476:INFO:[Rank-2] train time 37.3325, epoch 169, step  49, loss 0.18113536, auc@1 94.81, auc@5 99.76, share 3, std_loss 0, pre_std_loss 0, 
2021-05-31 14:58:46,714:INFO:[Rank-2] val time 16.2365, epoch 169, step  40, loss 1.10058900, auc@1 72.82, auc@5 92.66
2021-05-31 14:59:24,084:INFO:[Rank-2] train time 36.9738, epoch 170, step  49, loss 0.18049785, auc@1 94.84, auc@5 99.74, share 3, std_loss 0, pre_std_loss 0, 
2021-05-31 14:59:40,281:INFO:[Rank-2] val time 16.1940, epoch 170, step  40, loss 1.09722994, auc@1 72.87, auc@5 92.72
2021-05-31 15:00:18,185:INFO:[Rank-2] train time 37.5504, epoch 171, step  49, loss 0.18237109, auc@1 94.77, auc@5 99.75, share 3, std_loss 0, pre_std_loss 0, 
2021-05-31 15:00:34,547:INFO:[Rank-2] val time 16.3599, epoch 171, step  40, loss 1.09707610, auc@1 72.88, auc@5 92.72
2021-05-31 15:01:13,114:INFO:[Rank-2] train time 38.2457, epoch 172, step  49, loss 0.18015710, auc@1 94.92, auc@5 99.76, share 3, std_loss 0, pre_std_loss 0, 
2021-05-31 15:01:29,546:INFO:[Rank-2] val time 16.4293, epoch 172, step  40, loss 1.10030730, auc@1 72.84, auc@5 92.72
2021-05-31 15:02:07,475:INFO:[Rank-2] train time 37.7033, epoch 173, step  49, loss 0.18042833, auc@1 94.86, auc@5 99.73, share 3, std_loss 0, pre_std_loss 0, 
2021-05-31 15:02:23,829:INFO:[Rank-2] val time 16.3517, epoch 173, step  40, loss 1.09924356, auc@1 72.97, auc@5 92.69
2021-05-31 15:03:00,814:INFO:[Rank-2] train time 36.5798, epoch 174, step  49, loss 0.18065625, auc@1 94.72, auc@5 99.75, share 3, std_loss 0, pre_std_loss 0, 
2021-05-31 15:03:16,350:INFO:[Rank-2] val time 15.5343, epoch 174, step  40, loss 1.09628306, auc@1 72.86, auc@5 92.75
2021-05-31 15:03:57,614:INFO:[Rank-2] train time 40.9630, epoch 175, step  49, loss 0.17968743, auc@1 94.95, auc@5 99.72, share 3, std_loss 0, pre_std_loss 0, 
2021-05-31 15:04:13,509:INFO:[Rank-2] val time 15.8926, epoch 175, step  40, loss 1.09931346, auc@1 72.72, auc@5 92.80
2021-05-31 15:04:51,020:INFO:[Rank-2] train time 37.4061, epoch 176, step  49, loss 0.17915156, auc@1 94.86, auc@5 99.76, share 3, std_loss 0, pre_std_loss 0, 
2021-05-31 15:05:06,995:INFO:[Rank-2] val time 15.9734, epoch 176, step  40, loss 1.10013597, auc@1 72.82, auc@5 92.69
2021-05-31 15:05:44,857:INFO:[Rank-2] train time 37.7004, epoch 177, step  49, loss 0.17811687, auc@1 94.92, auc@5 99.75, share 3, std_loss 0, pre_std_loss 0, 
2021-05-31 15:06:00,927:INFO:[Rank-2] val time 16.0686, epoch 177, step  40, loss 1.10014549, auc@1 72.90, auc@5 92.73
2021-05-31 15:06:38,125:INFO:[Rank-2] train time 36.7671, epoch 178, step  49, loss 0.17950471, auc@1 94.85, auc@5 99.73, share 3, std_loss 0, pre_std_loss 0, 
2021-05-31 15:06:54,285:INFO:[Rank-2] val time 16.1566, epoch 178, step  40, loss 1.10181757, auc@1 72.81, auc@5 92.77
2021-05-31 15:07:31,886:INFO:[Rank-2] train time 37.3026, epoch 179, step  49, loss 0.17663912, auc@1 94.94, auc@5 99.76, share 3, std_loss 0, pre_std_loss 0, 
2021-05-31 15:07:47,913:INFO:[Rank-2] val time 16.0257, epoch 179, step  40, loss 1.10182878, auc@1 72.90, auc@5 92.66
2021-05-31 15:08:25,427:INFO:[Rank-2] train time 37.2083, epoch 180, step  49, loss 0.17670164, auc@1 94.94, auc@5 99.75, share 3, std_loss 0, pre_std_loss 0, 
2021-05-31 15:08:41,343:INFO:[Rank-2] val time 15.9136, epoch 180, step  40, loss 1.10236130, auc@1 72.79, auc@5 92.77
2021-05-31 15:09:18,971:INFO:[Rank-2] train time 37.3826, epoch 181, step  49, loss 0.17611253, auc@1 94.95, auc@5 99.77, share 3, std_loss 0, pre_std_loss 0, 
2021-05-31 15:09:34,939:INFO:[Rank-2] val time 15.9664, epoch 181, step  40, loss 1.10140134, auc@1 72.81, auc@5 92.66
2021-05-31 15:10:11,926:INFO:[Rank-2] train time 36.6486, epoch 182, step  49, loss 0.17571789, auc@1 94.93, auc@5 99.75, share 3, std_loss 0, pre_std_loss 0, 
2021-05-31 15:10:27,953:INFO:[Rank-2] val time 16.0249, epoch 182, step  40, loss 1.10264568, auc@1 72.79, auc@5 92.67
2021-05-31 15:11:05,237:INFO:[Rank-2] train time 37.0652, epoch 183, step  49, loss 0.17452373, auc@1 95.09, auc@5 99.72, share 3, std_loss 0, pre_std_loss 0, 
2021-05-31 15:11:21,211:INFO:[Rank-2] val time 15.9719, epoch 183, step  40, loss 1.10510698, auc@1 72.78, auc@5 92.61
2021-05-31 15:11:58,064:INFO:[Rank-2] train time 36.6366, epoch 184, step  49, loss 0.17357020, auc@1 95.12, auc@5 99.76, share 3, std_loss 0, pre_std_loss 0, 
2021-05-31 15:12:13,882:INFO:[Rank-2] val time 15.8161, epoch 184, step  40, loss 1.09810421, auc@1 72.82, auc@5 92.73
2021-05-31 15:12:51,256:INFO:[Rank-2] train time 37.1538, epoch 185, step  49, loss 0.17872843, auc@1 94.88, auc@5 99.70, share 3, std_loss 0, pre_std_loss 0, 
2021-05-31 15:13:07,481:INFO:[Rank-2] val time 16.2235, epoch 185, step  40, loss 1.10152383, auc@1 72.80, auc@5 92.70
2021-05-31 15:13:45,457:INFO:[Rank-2] train time 37.7356, epoch 186, step  49, loss 0.17679211, auc@1 95.03, auc@5 99.77, share 3, std_loss 0, pre_std_loss 0, 
2021-05-31 15:14:01,618:INFO:[Rank-2] val time 16.1592, epoch 186, step  40, loss 1.09954782, auc@1 72.78, auc@5 92.70
2021-05-31 15:14:38,950:INFO:[Rank-2] train time 37.0607, epoch 187, step  49, loss 0.17454739, auc@1 95.08, auc@5 99.75, share 3, std_loss 0, pre_std_loss 0, 
2021-05-31 15:14:55,016:INFO:[Rank-2] val time 16.0651, epoch 187, step  40, loss 1.09674157, auc@1 72.83, auc@5 92.71
2021-05-31 15:15:32,034:INFO:[Rank-2] train time 36.7950, epoch 188, step  49, loss 0.17849290, auc@1 94.85, auc@5 99.72, share 3, std_loss 0, pre_std_loss 0, 
2021-05-31 15:15:48,007:INFO:[Rank-2] val time 15.9714, epoch 188, step  40, loss 1.10148080, auc@1 72.90, auc@5 92.62
2021-05-31 15:16:25,827:INFO:[Rank-2] train time 37.5927, epoch 189, step  49, loss 0.17556773, auc@1 95.06, auc@5 99.74, share 3, std_loss 0, pre_std_loss 0, 
2021-05-31 15:16:41,808:INFO:[Rank-2] val time 15.9777, epoch 189, step  40, loss 1.10088989, auc@1 72.78, auc@5 92.71
2021-05-31 15:17:19,841:INFO:[Rank-2] train time 37.7360, epoch 190, step  49, loss 0.17328441, auc@1 95.00, auc@5 99.76, share 3, std_loss 0, pre_std_loss 0, 
2021-05-31 15:17:35,881:INFO:[Rank-2] val time 16.0373, epoch 190, step  40, loss 1.09730376, auc@1 72.88, auc@5 92.67
2021-05-31 15:18:15,295:INFO:[Rank-2] train time 39.0306, epoch 191, step  49, loss 0.17309728, auc@1 95.16, auc@5 99.72, share 3, std_loss 0, pre_std_loss 0, 
2021-05-31 15:18:31,114:INFO:[Rank-2] val time 15.8180, epoch 191, step  40, loss 1.10111210, auc@1 72.93, auc@5 92.68
2021-05-31 15:19:12,593:INFO:[Rank-2] train time 41.0544, epoch 192, step  49, loss 0.17458816, auc@1 95.07, auc@5 99.74, share 3, std_loss 0, pre_std_loss 0, 
2021-05-31 15:19:28,712:INFO:[Rank-2] val time 16.1170, epoch 192, step  40, loss 1.10168229, auc@1 72.80, auc@5 92.73
2021-05-31 15:20:06,516:INFO:[Rank-2] train time 37.5859, epoch 193, step  49, loss 0.17146160, auc@1 95.21, auc@5 99.78, share 3, std_loss 0, pre_std_loss 0, 
2021-05-31 15:20:22,547:INFO:[Rank-2] val time 16.0278, epoch 193, step  40, loss 1.09860511, auc@1 72.92, auc@5 92.68
2021-05-31 15:20:59,950:INFO:[Rank-2] train time 37.1228, epoch 194, step  49, loss 0.17301023, auc@1 95.05, auc@5 99.75, share 3, std_loss 0, pre_std_loss 0, 
2021-05-31 15:21:16,022:INFO:[Rank-2] val time 16.0693, epoch 194, step  40, loss 1.09815039, auc@1 72.90, auc@5 92.77
2021-05-31 15:21:53,957:INFO:[Rank-2] train time 37.7830, epoch 195, step  49, loss 0.17137589, auc@1 95.21, auc@5 99.77, share 3, std_loss 0, pre_std_loss 0, 
2021-05-31 15:22:10,055:INFO:[Rank-2] val time 16.0961, epoch 195, step  40, loss 1.09674586, auc@1 72.92, auc@5 92.85
2021-05-31 15:22:47,086:INFO:[Rank-2] train time 36.8796, epoch 196, step  49, loss 0.17147039, auc@1 95.17, auc@5 99.79, share 3, std_loss 0, pre_std_loss 0, 
2021-05-31 15:23:03,069:INFO:[Rank-2] val time 15.9797, epoch 196, step  40, loss 1.09425306, auc@1 72.95, auc@5 92.81
2021-05-31 15:23:40,317:INFO:[Rank-2] train time 37.0368, epoch 197, step  49, loss 0.17339541, auc@1 95.12, auc@5 99.76, share 3, std_loss 0, pre_std_loss 0, 
2021-05-31 15:23:56,439:INFO:[Rank-2] val time 16.1193, epoch 197, step  40, loss 1.09692955, auc@1 72.97, auc@5 92.88
2021-05-31 15:24:33,447:INFO:[Rank-2] train time 36.8669, epoch 198, step  49, loss 0.17143582, auc@1 95.18, auc@5 99.78, share 3, std_loss 0, pre_std_loss 0, 
2021-05-31 15:24:49,325:INFO:[Rank-2] val time 15.8767, epoch 198, step  40, loss 1.09479384, auc@1 72.86, auc@5 92.73
2021-05-31 15:25:26,692:INFO:[Rank-2] train time 37.1905, epoch 199, step  49, loss 0.17205818, auc@1 95.10, auc@5 99.74, share 3, std_loss 0, pre_std_loss 0, 
2021-05-31 15:25:42,492:INFO:[Rank-2] val time 15.7977, epoch 199, step  40, loss 1.09644899, auc@1 72.92, auc@5 92.76
2021-05-31 15:26:20,149:INFO:[Rank-2] train time 37.4321, epoch 200, step  49, loss 0.16824839, auc@1 95.22, auc@5 99.81, share 3, std_loss 0, pre_std_loss 0, 
2021-05-31 15:26:36,252:INFO:[Rank-2] val time 16.1009, epoch 200, step  40, loss 1.10172792, auc@1 73.02, auc@5 92.66
2021-05-31 15:26:36,254:INFO:[Rank-2] finish, train+val 10654.30803, train 7489.85001, reduce_count 600
