2021-05-31 00:34:01,487:INFO:[Rank-2] args : Namespace(batch=1024, current_time='20210531_003353', dataset='cifar100', epochs=200, ip='192.168.1.1:7548', k=4, loss_std_gap_rate=1.0, lr=0.05, momentum=0.6, name='local(k=4)', rank=2, scheduler_step=80, train_type='local', weight_decay=0.0005, world=4)
2021-05-31 00:34:41,741:INFO:[Rank-2] train time 38.3428, epoch   1, step  49, loss 4.77233362, auc@1 2.55, auc@5 10.45, share 12, std_loss 0, pre_std_loss 0, 
2021-05-31 00:34:57,225:INFO:[Rank-2] val time 15.4819, epoch   1, step  40, loss 4.26546142, auc@1 4.22, auc@5 18.55
2021-05-31 00:35:35,660:INFO:[Rank-2] train time 37.9655, epoch   2, step  49, loss 4.21840811, auc@1 6.01, auc@5 21.17, share 12, std_loss 0, pre_std_loss 0, 
2021-05-31 00:35:51,259:INFO:[Rank-2] val time 15.5977, epoch   2, step  40, loss 4.05290543, auc@1 6.55, auc@5 26.06
2021-05-31 00:36:29,861:INFO:[Rank-2] train time 38.1973, epoch   3, step  49, loss 4.02684450, auc@1 8.06, auc@5 27.26, share 12, std_loss 0, pre_std_loss 0, 
2021-05-31 00:36:45,343:INFO:[Rank-2] val time 15.4800, epoch   3, step  40, loss 3.89508296, auc@1 8.89, auc@5 29.80
2021-05-31 00:37:24,091:INFO:[Rank-2] train time 38.3317, epoch   4, step  49, loss 3.89752817, auc@1 9.62, auc@5 30.67, share 12, std_loss 0, pre_std_loss 0, 
2021-05-31 00:37:39,647:INFO:[Rank-2] val time 15.5542, epoch   4, step  40, loss 3.79420908, auc@1 10.80, auc@5 33.28
2021-05-31 00:38:18,728:INFO:[Rank-2] train time 38.6676, epoch   5, step  49, loss 3.79976249, auc@1 10.90, auc@5 33.51, share 12, std_loss 0, pre_std_loss 0, 
2021-05-31 00:38:34,248:INFO:[Rank-2] val time 15.5187, epoch   5, step  40, loss 3.66541341, auc@1 12.72, auc@5 37.38
2021-05-31 00:39:13,033:INFO:[Rank-2] train time 38.3930, epoch   6, step  49, loss 3.70593429, auc@1 12.37, auc@5 36.63, share 12, std_loss 0, pre_std_loss 0, 
2021-05-31 00:39:28,557:INFO:[Rank-2] val time 15.5226, epoch   6, step  40, loss 3.60220591, auc@1 13.78, auc@5 39.00
2021-05-31 00:40:06,570:INFO:[Rank-2] train time 37.7294, epoch   7, step  49, loss 3.61879349, auc@1 13.71, auc@5 39.07, share 12, std_loss 0, pre_std_loss 0, 
2021-05-31 00:40:22,047:INFO:[Rank-2] val time 15.4756, epoch   7, step  40, loss 3.56464232, auc@1 17.68, auc@5 43.80
2021-05-31 00:41:00,331:INFO:[Rank-2] train time 37.9110, epoch   8, step  49, loss 3.52229214, auc@1 15.24, auc@5 41.88, share 12, std_loss 0, pre_std_loss 0, 
2021-05-31 00:41:15,780:INFO:[Rank-2] val time 15.4472, epoch   8, step  40, loss 3.47405995, auc@1 17.06, auc@5 43.06
2021-05-31 00:41:54,608:INFO:[Rank-2] train time 38.3161, epoch   9, step  49, loss 3.43224382, auc@1 17.15, auc@5 44.30, share 12, std_loss 0, pre_std_loss 0, 
2021-05-31 00:42:10,155:INFO:[Rank-2] val time 15.5448, epoch   9, step  40, loss 3.35042602, auc@1 17.92, auc@5 46.97
2021-05-31 00:42:49,322:INFO:[Rank-2] train time 38.7820, epoch  10, step  49, loss 3.35449409, auc@1 18.22, auc@5 46.19, share 12, std_loss 0, pre_std_loss 0, 
2021-05-31 00:43:04,829:INFO:[Rank-2] val time 15.5045, epoch  10, step  40, loss 3.40205699, auc@1 17.77, auc@5 45.47
2021-05-31 00:43:43,561:INFO:[Rank-2] train time 38.3770, epoch  11, step  49, loss 3.27692127, auc@1 19.38, auc@5 48.55, share 12, std_loss 0, pre_std_loss 0, 
2021-05-31 00:43:59,048:INFO:[Rank-2] val time 15.4856, epoch  11, step  40, loss 3.33537564, auc@1 20.24, auc@5 47.45
2021-05-31 00:44:37,571:INFO:[Rank-2] train time 38.1740, epoch  12, step  49, loss 3.19815564, auc@1 20.58, auc@5 50.70, share 12, std_loss 0, pre_std_loss 0, 
2021-05-31 00:44:53,232:INFO:[Rank-2] val time 15.6592, epoch  12, step  40, loss 3.11309076, auc@1 22.70, auc@5 53.18
2021-05-31 00:45:32,285:INFO:[Rank-2] train time 38.6729, epoch  13, step  49, loss 3.12287211, auc@1 22.51, auc@5 52.49, share 12, std_loss 0, pre_std_loss 0, 
2021-05-31 00:45:47,826:INFO:[Rank-2] val time 15.5394, epoch  13, step  40, loss 3.05662843, auc@1 23.11, auc@5 54.09
2021-05-31 00:46:26,365:INFO:[Rank-2] train time 38.1556, epoch  14, step  49, loss 3.05290818, auc@1 23.39, auc@5 54.50, share 12, std_loss 0, pre_std_loss 0, 
2021-05-31 00:46:41,774:INFO:[Rank-2] val time 15.4074, epoch  14, step  40, loss 3.16899264, auc@1 21.81, auc@5 51.67
2021-05-31 00:47:20,291:INFO:[Rank-2] train time 38.1782, epoch  15, step  49, loss 2.97521114, auc@1 24.96, auc@5 56.29, share 12, std_loss 0, pre_std_loss 0, 
2021-05-31 00:47:35,861:INFO:[Rank-2] val time 15.5678, epoch  15, step  40, loss 3.38575294, auc@1 21.33, auc@5 50.14
2021-05-31 00:48:14,370:INFO:[Rank-2] train time 38.1180, epoch  16, step  49, loss 2.91102314, auc@1 26.25, auc@5 58.06, share 12, std_loss 0, pre_std_loss 0, 
2021-05-31 00:48:29,939:INFO:[Rank-2] val time 15.5674, epoch  16, step  40, loss 3.21585613, auc@1 22.79, auc@5 53.06
2021-05-31 00:49:08,145:INFO:[Rank-2] train time 37.7983, epoch  17, step  49, loss 2.83818102, auc@1 27.64, auc@5 59.75, share 12, std_loss 0, pre_std_loss 0, 
2021-05-31 00:49:23,814:INFO:[Rank-2] val time 15.6669, epoch  17, step  40, loss 2.90143174, auc@1 27.39, auc@5 59.22
2021-05-31 00:50:02,071:INFO:[Rank-2] train time 37.8184, epoch  18, step  49, loss 2.77155876, auc@1 28.95, auc@5 61.36, share 12, std_loss 0, pre_std_loss 0, 
2021-05-31 00:50:17,828:INFO:[Rank-2] val time 15.7546, epoch  18, step  40, loss 2.73024520, auc@1 29.93, auc@5 62.60
2021-05-31 00:50:56,472:INFO:[Rank-2] train time 38.2363, epoch  19, step  49, loss 2.70688558, auc@1 29.96, auc@5 62.99, share 12, std_loss 0, pre_std_loss 0, 
2021-05-31 00:51:11,951:INFO:[Rank-2] val time 15.4772, epoch  19, step  40, loss 2.93800351, auc@1 29.31, auc@5 60.80
2021-05-31 00:51:50,634:INFO:[Rank-2] train time 38.3222, epoch  20, step  49, loss 2.64084959, auc@1 31.65, auc@5 64.27, share 12, std_loss 0, pre_std_loss 0, 
2021-05-31 00:52:06,138:INFO:[Rank-2] val time 15.5020, epoch  20, step  40, loss 2.65261241, auc@1 30.95, auc@5 64.87
2021-05-31 00:52:44,575:INFO:[Rank-2] train time 38.0007, epoch  21, step  49, loss 2.59250450, auc@1 32.18, auc@5 65.86, share 12, std_loss 0, pre_std_loss 0, 
2021-05-31 00:53:00,095:INFO:[Rank-2] val time 15.5181, epoch  21, step  40, loss 2.63761021, auc@1 32.07, auc@5 64.29
2021-05-31 00:53:38,627:INFO:[Rank-2] train time 38.2164, epoch  22, step  49, loss 2.51649523, auc@1 33.97, auc@5 67.46, share 12, std_loss 0, pre_std_loss 0, 
2021-05-31 00:53:54,073:INFO:[Rank-2] val time 15.4449, epoch  22, step  40, loss 2.77205804, auc@1 30.15, auc@5 62.40
2021-05-31 00:54:32,487:INFO:[Rank-2] train time 37.9567, epoch  23, step  49, loss 2.47254395, auc@1 34.88, auc@5 68.26, share 12, std_loss 0, pre_std_loss 0, 
2021-05-31 00:54:48,034:INFO:[Rank-2] val time 15.5458, epoch  23, step  40, loss 2.70345539, auc@1 31.61, auc@5 65.38
2021-05-31 00:55:26,935:INFO:[Rank-2] train time 38.4317, epoch  24, step  49, loss 2.40768671, auc@1 36.25, auc@5 69.91, share 12, std_loss 0, pre_std_loss 0, 
2021-05-31 00:55:42,531:INFO:[Rank-2] val time 15.5939, epoch  24, step  40, loss 2.60398296, auc@1 33.53, auc@5 66.36
2021-05-31 00:56:20,971:INFO:[Rank-2] train time 38.0429, epoch  25, step  49, loss 2.35211968, auc@1 37.33, auc@5 70.98, share 12, std_loss 0, pre_std_loss 0, 
2021-05-31 00:56:36,507:INFO:[Rank-2] val time 15.5337, epoch  25, step  40, loss 2.53580649, auc@1 34.56, auc@5 67.62
2021-05-31 00:57:14,809:INFO:[Rank-2] train time 37.9473, epoch  26, step  49, loss 2.29909730, auc@1 38.54, auc@5 71.95, share 12, std_loss 0, pre_std_loss 0, 
2021-05-31 00:57:30,471:INFO:[Rank-2] val time 15.6594, epoch  26, step  40, loss 2.39048998, auc@1 37.14, auc@5 69.98
2021-05-31 00:58:09,114:INFO:[Rank-2] train time 38.1617, epoch  27, step  49, loss 2.30328345, auc@1 38.48, auc@5 71.95, share 12, std_loss 0, pre_std_loss 0, 
2021-05-31 00:58:24,654:INFO:[Rank-2] val time 15.5380, epoch  27, step  40, loss 2.60091494, auc@1 34.78, auc@5 67.15
2021-05-31 00:59:03,161:INFO:[Rank-2] train time 38.1174, epoch  28, step  49, loss 2.21949577, auc@1 40.28, auc@5 73.79, share 12, std_loss 0, pre_std_loss 0, 
2021-05-31 00:59:18,690:INFO:[Rank-2] val time 15.5266, epoch  28, step  40, loss 2.42899535, auc@1 37.56, auc@5 69.64
2021-05-31 00:59:57,200:INFO:[Rank-2] train time 38.1654, epoch  29, step  49, loss 2.17666578, auc@1 41.17, auc@5 74.53, share 12, std_loss 0, pre_std_loss 0, 
2021-05-31 01:00:12,633:INFO:[Rank-2] val time 15.4311, epoch  29, step  40, loss 2.52352971, auc@1 35.57, auc@5 69.81
2021-05-31 01:00:51,901:INFO:[Rank-2] train time 38.7587, epoch  30, step  49, loss 2.11966062, auc@1 42.34, auc@5 75.71, share 12, std_loss 0, pre_std_loss 0, 
2021-05-31 01:01:07,364:INFO:[Rank-2] val time 15.4621, epoch  30, step  40, loss 2.49883208, auc@1 36.46, auc@5 69.92
2021-05-31 01:01:47,350:INFO:[Rank-2] train time 39.5390, epoch  31, step  49, loss 2.08117962, auc@1 43.31, auc@5 76.65, share 12, std_loss 0, pre_std_loss 0, 
2021-05-31 01:02:02,932:INFO:[Rank-2] val time 15.5804, epoch  31, step  40, loss 2.65287670, auc@1 35.79, auc@5 67.00
2021-05-31 01:02:41,345:INFO:[Rank-2] train time 38.0237, epoch  32, step  49, loss 2.03242874, auc@1 44.49, auc@5 77.48, share 12, std_loss 0, pre_std_loss 0, 
2021-05-31 01:02:56,831:INFO:[Rank-2] val time 15.4841, epoch  32, step  40, loss 2.92947668, auc@1 31.50, auc@5 63.24
2021-05-31 01:03:35,318:INFO:[Rank-2] train time 38.1134, epoch  33, step  49, loss 1.99889100, auc@1 45.12, auc@5 78.23, share 12, std_loss 0, pre_std_loss 0, 
2021-05-31 01:03:50,989:INFO:[Rank-2] val time 15.6685, epoch  33, step  40, loss 2.34530007, auc@1 39.82, auc@5 72.43
2021-05-31 01:04:30,551:INFO:[Rank-2] train time 39.1670, epoch  34, step  49, loss 1.94869494, auc@1 46.30, auc@5 79.16, share 12, std_loss 0, pre_std_loss 0, 
2021-05-31 01:04:46,102:INFO:[Rank-2] val time 15.5488, epoch  34, step  40, loss 2.39979860, auc@1 39.65, auc@5 71.78
2021-05-31 01:05:25,163:INFO:[Rank-2] train time 38.7032, epoch  35, step  49, loss 1.92767215, auc@1 46.72, auc@5 79.51, share 12, std_loss 0, pre_std_loss 0, 
2021-05-31 01:05:40,713:INFO:[Rank-2] val time 15.5477, epoch  35, step  40, loss 2.07994891, auc@1 43.87, auc@5 77.11
2021-05-31 01:06:19,115:INFO:[Rank-2] train time 38.0523, epoch  36, step  49, loss 1.89172292, auc@1 47.64, auc@5 80.19, share 12, std_loss 0, pre_std_loss 0, 
2021-05-31 01:06:34,683:INFO:[Rank-2] val time 15.5659, epoch  36, step  40, loss 2.34000568, auc@1 39.72, auc@5 73.01
2021-05-31 01:07:13,296:INFO:[Rank-2] train time 38.1887, epoch  37, step  49, loss 1.85187984, auc@1 48.71, auc@5 80.84, share 12, std_loss 0, pre_std_loss 0, 
2021-05-31 01:07:28,868:INFO:[Rank-2] val time 15.5702, epoch  37, step  40, loss 2.15101426, auc@1 44.03, auc@5 76.31
2021-05-31 01:08:07,225:INFO:[Rank-2] train time 38.0105, epoch  38, step  49, loss 1.81513953, auc@1 49.79, auc@5 81.32, share 12, std_loss 0, pre_std_loss 0, 
2021-05-31 01:08:22,726:INFO:[Rank-2] val time 15.4990, epoch  38, step  40, loss 2.09191697, auc@1 45.02, auc@5 77.66
2021-05-31 01:09:01,425:INFO:[Rank-2] train time 38.2726, epoch  39, step  49, loss 1.78729129, auc@1 49.92, auc@5 82.05, share 12, std_loss 0, pre_std_loss 0, 
2021-05-31 01:09:16,974:INFO:[Rank-2] val time 15.5477, epoch  39, step  40, loss 2.00182190, auc@1 45.64, auc@5 78.20
2021-05-31 01:09:55,689:INFO:[Rank-2] train time 38.2561, epoch  40, step  49, loss 1.75904000, auc@1 50.91, auc@5 82.30, share 12, std_loss 0, pre_std_loss 0, 
2021-05-31 01:10:11,202:INFO:[Rank-2] val time 15.5111, epoch  40, step  40, loss 1.99383275, auc@1 46.34, auc@5 78.66
2021-05-31 01:10:51,089:INFO:[Rank-2] train time 39.4146, epoch  41, step  49, loss 1.73617578, auc@1 51.61, auc@5 82.75, share 12, std_loss 0, pre_std_loss 0, 
2021-05-31 01:11:06,617:INFO:[Rank-2] val time 15.5257, epoch  41, step  40, loss 2.08887020, auc@1 45.61, auc@5 76.55
2021-05-31 01:11:46,447:INFO:[Rank-2] train time 39.4508, epoch  42, step  49, loss 1.69248378, auc@1 52.63, auc@5 83.43, share 12, std_loss 0, pre_std_loss 0, 
2021-05-31 01:12:02,107:INFO:[Rank-2] val time 15.6575, epoch  42, step  40, loss 2.16625330, auc@1 43.71, auc@5 76.06
2021-05-31 01:12:40,754:INFO:[Rank-2] train time 38.2982, epoch  43, step  49, loss 1.67690635, auc@1 52.84, auc@5 83.95, share 12, std_loss 0, pre_std_loss 0, 
2021-05-31 01:12:56,375:INFO:[Rank-2] val time 15.6192, epoch  43, step  40, loss 1.94974823, auc@1 47.60, auc@5 79.18
2021-05-31 01:13:35,254:INFO:[Rank-2] train time 38.4982, epoch  44, step  49, loss 1.64138162, auc@1 53.81, auc@5 84.51, share 12, std_loss 0, pre_std_loss 0, 
2021-05-31 01:13:50,875:INFO:[Rank-2] val time 15.6195, epoch  44, step  40, loss 1.99097273, auc@1 46.95, auc@5 78.83
2021-05-31 01:14:29,519:INFO:[Rank-2] train time 38.1820, epoch  45, step  49, loss 1.62278032, auc@1 54.19, auc@5 84.70, share 12, std_loss 0, pre_std_loss 0, 
2021-05-31 01:14:45,159:INFO:[Rank-2] val time 15.6376, epoch  45, step  40, loss 1.86049660, auc@1 50.47, auc@5 79.91
2021-05-31 01:15:23,949:INFO:[Rank-2] train time 38.4106, epoch  46, step  49, loss 1.58822250, auc@1 55.06, auc@5 85.33, share 12, std_loss 0, pre_std_loss 0, 
2021-05-31 01:15:39,564:INFO:[Rank-2] val time 15.6131, epoch  46, step  40, loss 1.83363141, auc@1 50.71, auc@5 81.92
2021-05-31 01:16:18,193:INFO:[Rank-2] train time 38.1487, epoch  47, step  49, loss 1.57331502, auc@1 55.57, auc@5 85.52, share 12, std_loss 0, pre_std_loss 0, 
2021-05-31 01:16:33,722:INFO:[Rank-2] val time 15.5265, epoch  47, step  40, loss 1.78471310, auc@1 52.34, auc@5 81.49
2021-05-31 01:17:12,306:INFO:[Rank-2] train time 38.2074, epoch  48, step  49, loss 1.54395568, auc@1 55.84, auc@5 86.06, share 12, std_loss 0, pre_std_loss 0, 
2021-05-31 01:17:27,790:INFO:[Rank-2] val time 15.4823, epoch  48, step  40, loss 1.87562987, auc@1 49.91, auc@5 80.60
2021-05-31 01:18:06,667:INFO:[Rank-2] train time 38.5299, epoch  49, step  49, loss 1.52930558, auc@1 56.58, auc@5 86.35, share 12, std_loss 0, pre_std_loss 0, 
2021-05-31 01:18:22,297:INFO:[Rank-2] val time 15.6282, epoch  49, step  40, loss 2.04695163, auc@1 48.10, auc@5 79.03
2021-05-31 01:19:00,559:INFO:[Rank-2] train time 37.8597, epoch  50, step  49, loss 1.50318599, auc@1 57.28, auc@5 86.50, share 12, std_loss 0, pre_std_loss 0, 
2021-05-31 01:19:16,035:INFO:[Rank-2] val time 15.4740, epoch  50, step  40, loss 1.83224097, auc@1 50.42, auc@5 80.79
2021-05-31 01:19:54,703:INFO:[Rank-2] train time 38.2631, epoch  51, step  49, loss 1.47891891, auc@1 57.62, auc@5 87.02, share 12, std_loss 0, pre_std_loss 0, 
2021-05-31 01:20:10,162:INFO:[Rank-2] val time 15.4567, epoch  51, step  40, loss 1.87980747, auc@1 50.15, auc@5 81.25
2021-05-31 01:20:48,979:INFO:[Rank-2] train time 38.4410, epoch  52, step  49, loss 1.46082270, auc@1 58.31, auc@5 87.32, share 12, std_loss 0, pre_std_loss 0, 
2021-05-31 01:21:04,538:INFO:[Rank-2] val time 15.5569, epoch  52, step  40, loss 1.80935216, auc@1 51.32, auc@5 82.15
2021-05-31 01:21:43,094:INFO:[Rank-2] train time 38.1522, epoch  53, step  49, loss 1.43156219, auc@1 59.03, auc@5 87.74, share 12, std_loss 0, pre_std_loss 0, 
2021-05-31 01:21:58,546:INFO:[Rank-2] val time 15.4495, epoch  53, step  40, loss 1.90628211, auc@1 49.40, auc@5 81.19
2021-05-31 01:22:37,118:INFO:[Rank-2] train time 38.2103, epoch  54, step  49, loss 1.42471969, auc@1 59.43, auc@5 87.82, share 12, std_loss 0, pre_std_loss 0, 
2021-05-31 01:22:52,629:INFO:[Rank-2] val time 15.5088, epoch  54, step  40, loss 1.77959760, auc@1 52.28, auc@5 82.64
2021-05-31 01:23:31,191:INFO:[Rank-2] train time 38.2280, epoch  55, step  49, loss 1.40400732, auc@1 59.92, auc@5 88.00, share 12, std_loss 0, pre_std_loss 0, 
2021-05-31 01:23:46,756:INFO:[Rank-2] val time 15.5631, epoch  55, step  40, loss 1.79581997, auc@1 50.46, auc@5 81.97
2021-05-31 01:24:25,261:INFO:[Rank-2] train time 38.2094, epoch  56, step  49, loss 1.38366044, auc@1 60.22, auc@5 88.35, share 12, std_loss 0, pre_std_loss 0, 
2021-05-31 01:24:40,877:INFO:[Rank-2] val time 15.6142, epoch  56, step  40, loss 1.71768057, auc@1 53.19, auc@5 83.18
2021-05-31 01:25:19,597:INFO:[Rank-2] train time 38.3730, epoch  57, step  49, loss 1.36249244, auc@1 60.62, auc@5 88.66, share 12, std_loss 0, pre_std_loss 0, 
2021-05-31 01:25:35,273:INFO:[Rank-2] val time 15.6739, epoch  57, step  40, loss 1.75923010, auc@1 51.89, auc@5 82.76
2021-05-31 01:26:13,680:INFO:[Rank-2] train time 37.9900, epoch  58, step  49, loss 1.34025896, auc@1 61.33, auc@5 89.15, share 12, std_loss 0, pre_std_loss 0, 
2021-05-31 01:26:29,260:INFO:[Rank-2] val time 15.5784, epoch  58, step  40, loss 1.64499259, auc@1 55.21, auc@5 84.40
2021-05-31 01:27:07,895:INFO:[Rank-2] train time 38.2142, epoch  59, step  49, loss 1.32715046, auc@1 61.69, auc@5 89.21, share 12, std_loss 0, pre_std_loss 0, 
2021-05-31 01:27:23,464:INFO:[Rank-2] val time 15.5663, epoch  59, step  40, loss 1.70741615, auc@1 53.42, auc@5 83.89
2021-05-31 01:28:02,227:INFO:[Rank-2] train time 38.3492, epoch  60, step  49, loss 1.31096363, auc@1 62.03, auc@5 89.40, share 12, std_loss 0, pre_std_loss 0, 
2021-05-31 01:28:17,646:INFO:[Rank-2] val time 15.4178, epoch  60, step  40, loss 1.63686678, auc@1 55.46, auc@5 84.34
2021-05-31 01:28:56,801:INFO:[Rank-2] train time 38.6596, epoch  61, step  49, loss 1.30238748, auc@1 62.09, auc@5 89.63, share 12, std_loss 0, pre_std_loss 0, 
2021-05-31 01:29:12,504:INFO:[Rank-2] val time 15.7013, epoch  61, step  40, loss 1.72017691, auc@1 54.17, auc@5 83.06
2021-05-31 01:29:50,858:INFO:[Rank-2] train time 37.9404, epoch  62, step  49, loss 1.27697361, auc@1 62.85, auc@5 89.88, share 12, std_loss 0, pre_std_loss 0, 
2021-05-31 01:30:06,459:INFO:[Rank-2] val time 15.5991, epoch  62, step  40, loss 1.69039387, auc@1 54.22, auc@5 84.20
2021-05-31 01:30:45,053:INFO:[Rank-2] train time 38.2476, epoch  63, step  49, loss 1.25834596, auc@1 63.19, auc@5 90.30, share 12, std_loss 0, pre_std_loss 0, 
2021-05-31 01:31:00,699:INFO:[Rank-2] val time 15.6444, epoch  63, step  40, loss 1.64522774, auc@1 55.85, auc@5 84.49
2021-05-31 01:31:39,361:INFO:[Rank-2] train time 38.2321, epoch  64, step  49, loss 1.24862182, auc@1 63.60, auc@5 90.19, share 12, std_loss 0, pre_std_loss 0, 
2021-05-31 01:31:54,905:INFO:[Rank-2] val time 15.5415, epoch  64, step  40, loss 1.70182442, auc@1 54.35, auc@5 83.43
2021-05-31 01:32:33,646:INFO:[Rank-2] train time 38.3327, epoch  65, step  49, loss 1.22417974, auc@1 64.17, auc@5 90.68, share 12, std_loss 0, pre_std_loss 0, 
2021-05-31 01:32:49,184:INFO:[Rank-2] val time 15.5361, epoch  65, step  40, loss 1.76587967, auc@1 52.87, auc@5 82.85
2021-05-31 01:33:28,113:INFO:[Rank-2] train time 38.5588, epoch  66, step  49, loss 1.22954667, auc@1 64.16, auc@5 90.66, share 12, std_loss 0, pre_std_loss 0, 
2021-05-31 01:33:43,768:INFO:[Rank-2] val time 15.6537, epoch  66, step  40, loss 1.65855597, auc@1 56.28, auc@5 84.78
2021-05-31 01:34:23,368:INFO:[Rank-2] train time 39.1062, epoch  67, step  49, loss 1.20200849, auc@1 64.76, auc@5 90.98, share 12, std_loss 0, pre_std_loss 0, 
2021-05-31 01:34:38,905:INFO:[Rank-2] val time 15.5350, epoch  67, step  40, loss 1.82412932, auc@1 52.47, auc@5 81.85
2021-05-31 01:35:20,290:INFO:[Rank-2] train time 41.0636, epoch  68, step  49, loss 1.19921625, auc@1 65.06, auc@5 90.94, share 12, std_loss 0, pre_std_loss 0, 
2021-05-31 01:35:35,864:INFO:[Rank-2] val time 15.5724, epoch  68, step  40, loss 1.67120196, auc@1 55.00, auc@5 84.74
2021-05-31 01:36:16,203:INFO:[Rank-2] train time 39.8914, epoch  69, step  49, loss 1.18969524, auc@1 65.14, auc@5 90.97, share 12, std_loss 0, pre_std_loss 0, 
2021-05-31 01:36:31,837:INFO:[Rank-2] val time 15.6309, epoch  69, step  40, loss 1.76917832, auc@1 54.92, auc@5 83.48
2021-05-31 01:37:11,502:INFO:[Rank-2] train time 39.0558, epoch  70, step  49, loss 1.16493630, auc@1 65.76, auc@5 91.44, share 12, std_loss 0, pre_std_loss 0, 
2021-05-31 01:37:27,084:INFO:[Rank-2] val time 15.5800, epoch  70, step  40, loss 1.62778057, auc@1 56.74, auc@5 85.06
2021-05-31 01:38:07,964:INFO:[Rank-2] train time 40.3617, epoch  71, step  49, loss 1.14457822, auc@1 66.42, auc@5 91.66, share 12, std_loss 0, pre_std_loss 0, 
2021-05-31 01:38:23,648:INFO:[Rank-2] val time 15.6820, epoch  71, step  40, loss 1.70207004, auc@1 55.05, auc@5 84.85
2021-05-31 01:39:04,750:INFO:[Rank-2] train time 40.6564, epoch  72, step  49, loss 1.13722920, auc@1 66.47, auc@5 91.83, share 12, std_loss 0, pre_std_loss 0, 
2021-05-31 01:39:20,295:INFO:[Rank-2] val time 15.5432, epoch  72, step  40, loss 1.75426020, auc@1 54.28, auc@5 83.85
2021-05-31 01:40:02,891:INFO:[Rank-2] train time 42.0439, epoch  73, step  49, loss 1.11853325, auc@1 66.92, auc@5 92.00, share 12, std_loss 0, pre_std_loss 0, 
2021-05-31 01:40:18,584:INFO:[Rank-2] val time 15.6916, epoch  73, step  40, loss 1.67566681, auc@1 56.83, auc@5 85.09
2021-05-31 01:40:59,808:INFO:[Rank-2] train time 40.7868, epoch  74, step  49, loss 1.11043811, auc@1 67.24, auc@5 92.18, share 12, std_loss 0, pre_std_loss 0, 
2021-05-31 01:41:15,455:INFO:[Rank-2] val time 15.6445, epoch  74, step  40, loss 1.71249680, auc@1 55.92, auc@5 84.13
2021-05-31 01:41:55,106:INFO:[Rank-2] train time 39.2422, epoch  75, step  49, loss 1.10322607, auc@1 67.56, auc@5 92.23, share 12, std_loss 0, pre_std_loss 0, 
2021-05-31 01:42:10,785:INFO:[Rank-2] val time 15.6762, epoch  75, step  40, loss 1.71219900, auc@1 55.87, auc@5 84.78
2021-05-31 01:42:50,935:INFO:[Rank-2] train time 39.6434, epoch  76, step  49, loss 1.09238219, auc@1 67.68, auc@5 92.32, share 12, std_loss 0, pre_std_loss 0, 
2021-05-31 01:43:06,573:INFO:[Rank-2] val time 15.6361, epoch  76, step  40, loss 1.66426159, auc@1 56.15, auc@5 84.77
2021-05-31 01:43:46,865:INFO:[Rank-2] train time 39.9015, epoch  77, step  49, loss 1.07659137, auc@1 68.21, auc@5 92.53, share 12, std_loss 0, pre_std_loss 0, 
2021-05-31 01:44:02,372:INFO:[Rank-2] val time 15.5053, epoch  77, step  40, loss 1.78445193, auc@1 54.24, auc@5 82.45
2021-05-31 01:44:42,968:INFO:[Rank-2] train time 40.2708, epoch  78, step  49, loss 1.06571853, auc@1 68.24, auc@5 92.73, share 12, std_loss 0, pre_std_loss 0, 
2021-05-31 01:44:58,500:INFO:[Rank-2] val time 15.5303, epoch  78, step  40, loss 1.56306186, auc@1 57.97, auc@5 86.06
2021-05-31 01:45:38,138:INFO:[Rank-2] train time 39.1502, epoch  79, step  49, loss 1.04764640, auc@1 69.01, auc@5 92.95, share 12, std_loss 0, pre_std_loss 0, 
2021-05-31 01:45:53,756:INFO:[Rank-2] val time 15.6158, epoch  79, step  40, loss 1.58286615, auc@1 58.10, auc@5 85.88
2021-05-31 01:46:35,153:INFO:[Rank-2] train time 40.8465, epoch  80, step  49, loss 1.03988719, auc@1 69.20, auc@5 93.16, share 12, std_loss 0, pre_std_loss 0, 
2021-05-31 01:46:50,739:INFO:[Rank-2] val time 15.5841, epoch  80, step  40, loss 1.61951504, auc@1 58.86, auc@5 85.91
2021-05-31 01:47:32,362:INFO:[Rank-2] train time 41.0761, epoch  81, step  49, loss 1.02933300, auc@1 69.60, auc@5 93.14, share 12, std_loss 0, pre_std_loss 0, 
2021-05-31 01:47:47,979:INFO:[Rank-2] val time 15.6151, epoch  81, step  40, loss 1.87162596, auc@1 52.67, auc@5 82.33
2021-05-31 01:48:27,724:INFO:[Rank-2] train time 39.0614, epoch  82, step  49, loss 1.00180745, auc@1 70.24, auc@5 93.31, share 12, std_loss 0, pre_std_loss 0, 
2021-05-31 01:48:43,388:INFO:[Rank-2] val time 15.6624, epoch  82, step  40, loss 1.74311904, auc@1 56.02, auc@5 83.87
2021-05-31 01:49:23,865:INFO:[Rank-2] train time 39.8563, epoch  83, step  49, loss 1.00272858, auc@1 70.28, auc@5 93.43, share 12, std_loss 0, pre_std_loss 0, 
2021-05-31 01:49:39,362:INFO:[Rank-2] val time 15.4953, epoch  83, step  40, loss 1.70988718, auc@1 55.88, auc@5 84.08
2021-05-31 01:50:18,807:INFO:[Rank-2] train time 38.9194, epoch  84, step  49, loss 0.99346924, auc@1 70.36, auc@5 93.47, share 12, std_loss 0, pre_std_loss 0, 
2021-05-31 01:50:34,448:INFO:[Rank-2] val time 15.6386, epoch  84, step  40, loss 1.58185804, auc@1 59.17, auc@5 86.18
2021-05-31 01:51:14,011:INFO:[Rank-2] train time 39.1776, epoch  85, step  49, loss 0.98356545, auc@1 70.73, auc@5 93.70, share 12, std_loss 0, pre_std_loss 0, 
2021-05-31 01:51:29,676:INFO:[Rank-2] val time 15.6634, epoch  85, step  40, loss 1.61387269, auc@1 57.13, auc@5 85.81
2021-05-31 01:52:08,388:INFO:[Rank-2] train time 38.4361, epoch  86, step  49, loss 0.97124219, auc@1 71.04, auc@5 93.62, share 12, std_loss 0, pre_std_loss 0, 
2021-05-31 01:52:23,847:INFO:[Rank-2] val time 15.4568, epoch  86, step  40, loss 1.61287172, auc@1 57.94, auc@5 85.42
2021-05-31 01:53:02,272:INFO:[Rank-2] train time 38.0257, epoch  87, step  49, loss 0.95980030, auc@1 71.33, auc@5 93.85, share 12, std_loss 0, pre_std_loss 0, 
2021-05-31 01:53:17,871:INFO:[Rank-2] val time 15.5975, epoch  87, step  40, loss 1.56612205, auc@1 58.86, auc@5 86.20
2021-05-31 01:53:56,280:INFO:[Rank-2] train time 38.0431, epoch  88, step  49, loss 0.95491546, auc@1 71.39, auc@5 93.85, share 12, std_loss 0, pre_std_loss 0, 
2021-05-31 01:54:11,811:INFO:[Rank-2] val time 15.5290, epoch  88, step  40, loss 1.48687128, auc@1 59.75, auc@5 86.91
2021-05-31 01:54:50,330:INFO:[Rank-2] train time 38.0832, epoch  89, step  49, loss 0.95251107, auc@1 71.65, auc@5 94.01, share 12, std_loss 0, pre_std_loss 0, 
2021-05-31 01:55:05,861:INFO:[Rank-2] val time 15.5294, epoch  89, step  40, loss 1.69809762, auc@1 56.93, auc@5 84.33
2021-05-31 01:55:44,413:INFO:[Rank-2] train time 38.1270, epoch  90, step  49, loss 0.93289047, auc@1 72.18, auc@5 94.30, share 12, std_loss 0, pre_std_loss 0, 
2021-05-31 01:55:59,907:INFO:[Rank-2] val time 15.4930, epoch  90, step  40, loss 1.59987684, auc@1 58.54, auc@5 85.40
2021-05-31 01:56:38,622:INFO:[Rank-2] train time 38.3365, epoch  91, step  49, loss 0.91947675, auc@1 72.43, auc@5 94.46, share 12, std_loss 0, pre_std_loss 0, 
2021-05-31 01:56:54,209:INFO:[Rank-2] val time 15.5849, epoch  91, step  40, loss 1.53166714, auc@1 59.54, auc@5 87.00
2021-05-31 01:57:33,149:INFO:[Rank-2] train time 38.5282, epoch  92, step  49, loss 0.91721338, auc@1 72.47, auc@5 94.47, share 12, std_loss 0, pre_std_loss 0, 
2021-05-31 01:57:48,768:INFO:[Rank-2] val time 15.6151, epoch  92, step  40, loss 1.72004766, auc@1 58.03, auc@5 85.51
2021-05-31 01:58:27,227:INFO:[Rank-2] train time 38.0504, epoch  93, step  49, loss 0.90583992, auc@1 72.79, auc@5 94.68, share 12, std_loss 0, pre_std_loss 0, 
2021-05-31 01:58:42,776:INFO:[Rank-2] val time 15.5471, epoch  93, step  40, loss 1.45682019, auc@1 61.77, auc@5 87.56
2021-05-31 01:59:21,409:INFO:[Rank-2] train time 38.2051, epoch  94, step  49, loss 0.89125764, auc@1 73.26, auc@5 94.69, share 12, std_loss 0, pre_std_loss 0, 
2021-05-31 01:59:36,968:INFO:[Rank-2] val time 15.5570, epoch  94, step  40, loss 1.74654073, auc@1 57.08, auc@5 85.25
2021-05-31 02:00:15,297:INFO:[Rank-2] train time 38.0253, epoch  95, step  49, loss 0.87632376, auc@1 73.71, auc@5 94.79, share 12, std_loss 0, pre_std_loss 0, 
2021-05-31 02:00:30,794:INFO:[Rank-2] val time 15.4945, epoch  95, step  40, loss 1.54684374, auc@1 59.39, auc@5 86.46
2021-05-31 02:01:09,294:INFO:[Rank-2] train time 38.0735, epoch  96, step  49, loss 0.88906378, auc@1 73.39, auc@5 94.73, share 12, std_loss 0, pre_std_loss 0, 
2021-05-31 02:01:24,905:INFO:[Rank-2] val time 15.6092, epoch  96, step  40, loss 1.68163392, auc@1 57.93, auc@5 86.05
2021-05-31 02:02:03,772:INFO:[Rank-2] train time 38.3262, epoch  97, step  49, loss 0.87231439, auc@1 73.91, auc@5 94.89, share 12, std_loss 0, pre_std_loss 0, 
2021-05-31 02:02:19,374:INFO:[Rank-2] val time 15.6005, epoch  97, step  40, loss 1.53577088, auc@1 60.03, auc@5 86.69
2021-05-31 02:02:58,135:INFO:[Rank-2] train time 38.3574, epoch  98, step  49, loss 0.85952055, auc@1 74.20, auc@5 95.03, share 12, std_loss 0, pre_std_loss 0, 
2021-05-31 02:03:13,720:INFO:[Rank-2] val time 15.5827, epoch  98, step  40, loss 1.59352049, auc@1 60.02, auc@5 86.33
2021-05-31 02:03:52,276:INFO:[Rank-2] train time 38.2092, epoch  99, step  49, loss 0.86393869, auc@1 74.04, auc@5 95.00, share 12, std_loss 0, pre_std_loss 0, 
2021-05-31 02:04:07,756:INFO:[Rank-2] val time 15.4779, epoch  99, step  40, loss 1.57789868, auc@1 59.38, auc@5 86.66
2021-05-31 02:04:46,565:INFO:[Rank-2] train time 38.3883, epoch 100, step  49, loss 0.83750325, auc@1 74.96, auc@5 95.26, share 12, std_loss 0, pre_std_loss 0, 
2021-05-31 02:05:02,094:INFO:[Rank-2] val time 15.5276, epoch 100, step  40, loss 1.54063122, auc@1 60.54, auc@5 86.76
2021-05-31 02:05:40,771:INFO:[Rank-2] train time 38.3502, epoch 101, step  49, loss 0.82599729, auc@1 74.94, auc@5 95.35, share 12, std_loss 0, pre_std_loss 0, 
2021-05-31 02:05:56,273:INFO:[Rank-2] val time 15.4996, epoch 101, step  40, loss 1.59206372, auc@1 57.78, auc@5 86.24
2021-05-31 02:06:34,863:INFO:[Rank-2] train time 38.1825, epoch 102, step  49, loss 0.83031702, auc@1 74.83, auc@5 95.42, share 12, std_loss 0, pre_std_loss 0, 
2021-05-31 02:06:50,452:INFO:[Rank-2] val time 15.5866, epoch 102, step  40, loss 1.46590536, auc@1 61.83, auc@5 88.04
2021-05-31 02:07:28,979:INFO:[Rank-2] train time 38.0567, epoch 103, step  49, loss 0.81434029, auc@1 75.45, auc@5 95.48, share 12, std_loss 0, pre_std_loss 0, 
2021-05-31 02:07:44,436:INFO:[Rank-2] val time 15.4549, epoch 103, step  40, loss 1.48201038, auc@1 61.10, auc@5 87.55
2021-05-31 02:08:23,063:INFO:[Rank-2] train time 38.2328, epoch 104, step  49, loss 0.80620736, auc@1 75.75, auc@5 95.64, share 12, std_loss 0, pre_std_loss 0, 
2021-05-31 02:08:38,673:INFO:[Rank-2] val time 15.6081, epoch 104, step  40, loss 1.57081122, auc@1 59.74, auc@5 86.61
2021-05-31 02:09:17,476:INFO:[Rank-2] train time 38.4120, epoch 105, step  49, loss 0.80721581, auc@1 75.64, auc@5 95.51, share 12, std_loss 0, pre_std_loss 0, 
2021-05-31 02:09:33,024:INFO:[Rank-2] val time 15.5461, epoch 105, step  40, loss 1.55734109, auc@1 60.23, auc@5 87.48
2021-05-31 02:10:11,664:INFO:[Rank-2] train time 38.1812, epoch 106, step  49, loss 0.79058063, auc@1 76.08, auc@5 95.77, share 12, std_loss 0, pre_std_loss 0, 
2021-05-31 02:10:27,243:INFO:[Rank-2] val time 15.5770, epoch 106, step  40, loss 1.62154151, auc@1 59.53, auc@5 86.50
2021-05-31 02:11:05,989:INFO:[Rank-2] train time 38.3989, epoch 107, step  49, loss 0.79235923, auc@1 75.78, auc@5 95.84, share 12, std_loss 0, pre_std_loss 0, 
2021-05-31 02:11:21,508:INFO:[Rank-2] val time 15.5147, epoch 107, step  40, loss 1.54882055, auc@1 60.58, auc@5 86.70
2021-05-31 02:12:00,305:INFO:[Rank-2] train time 38.3450, epoch 108, step  49, loss 0.77409291, auc@1 76.30, auc@5 95.99, share 12, std_loss 0, pre_std_loss 0, 
2021-05-31 02:12:15,870:INFO:[Rank-2] val time 15.5624, epoch 108, step  40, loss 1.61302188, auc@1 59.86, auc@5 86.35
2021-05-31 02:12:54,519:INFO:[Rank-2] train time 38.2068, epoch 109, step  49, loss 0.77196127, auc@1 76.57, auc@5 95.96, share 12, std_loss 0, pre_std_loss 0, 
2021-05-31 02:13:10,013:INFO:[Rank-2] val time 15.4925, epoch 109, step  40, loss 1.45796709, auc@1 62.04, auc@5 87.60
2021-05-31 02:13:48,891:INFO:[Rank-2] train time 38.4681, epoch 110, step  49, loss 0.76876193, auc@1 76.62, auc@5 95.98, share 12, std_loss 0, pre_std_loss 0, 
2021-05-31 02:14:04,517:INFO:[Rank-2] val time 15.6245, epoch 110, step  40, loss 1.41120457, auc@1 62.62, auc@5 88.33
2021-05-31 02:14:43,067:INFO:[Rank-2] train time 38.0960, epoch 111, step  49, loss 0.75683969, auc@1 76.98, auc@5 95.98, share 12, std_loss 0, pre_std_loss 0, 
2021-05-31 02:14:58,519:INFO:[Rank-2] val time 15.4492, epoch 111, step  40, loss 1.59793220, auc@1 59.86, auc@5 87.04
2021-05-31 02:15:37,336:INFO:[Rank-2] train time 38.4056, epoch 112, step  49, loss 0.74715906, auc@1 77.48, auc@5 96.16, share 12, std_loss 0, pre_std_loss 0, 
2021-05-31 02:15:52,852:INFO:[Rank-2] val time 15.5141, epoch 112, step  40, loss 1.55573084, auc@1 60.32, auc@5 87.23
2021-05-31 02:16:31,525:INFO:[Rank-2] train time 38.2724, epoch 113, step  49, loss 0.73823100, auc@1 77.52, auc@5 96.22, share 12, std_loss 0, pre_std_loss 0, 
2021-05-31 02:16:47,005:INFO:[Rank-2] val time 15.4784, epoch 113, step  40, loss 1.60275000, auc@1 59.81, auc@5 86.79
2021-05-31 02:17:25,888:INFO:[Rank-2] train time 38.4776, epoch 114, step  49, loss 0.74196321, auc@1 77.28, auc@5 96.29, share 12, std_loss 0, pre_std_loss 0, 
2021-05-31 02:17:41,398:INFO:[Rank-2] val time 15.5088, epoch 114, step  40, loss 1.72380934, auc@1 57.99, auc@5 86.03
2021-05-31 02:18:20,007:INFO:[Rank-2] train time 38.1410, epoch 115, step  49, loss 0.72591639, auc@1 77.79, auc@5 96.47, share 12, std_loss 0, pre_std_loss 0, 
2021-05-31 02:18:35,585:INFO:[Rank-2] val time 15.5758, epoch 115, step  40, loss 1.57306041, auc@1 60.99, auc@5 86.93
2021-05-31 02:19:14,068:INFO:[Rank-2] train time 38.1196, epoch 116, step  49, loss 0.72314382, auc@1 77.87, auc@5 96.39, share 12, std_loss 0, pre_std_loss 0, 
2021-05-31 02:19:29,609:INFO:[Rank-2] val time 15.5386, epoch 116, step  40, loss 1.58522887, auc@1 60.73, auc@5 87.17
2021-05-31 02:20:08,498:INFO:[Rank-2] train time 38.4692, epoch 117, step  49, loss 0.71335095, auc@1 78.28, auc@5 96.50, share 12, std_loss 0, pre_std_loss 0, 
2021-05-31 02:20:24,017:INFO:[Rank-2] val time 15.5169, epoch 117, step  40, loss 1.53789451, auc@1 61.05, auc@5 87.52
2021-05-31 02:21:03,584:INFO:[Rank-2] train time 39.1340, epoch 118, step  49, loss 0.71478766, auc@1 78.02, auc@5 96.52, share 12, std_loss 0, pre_std_loss 0, 
2021-05-31 02:21:19,056:INFO:[Rank-2] val time 15.4702, epoch 118, step  40, loss 1.68717515, auc@1 59.15, auc@5 86.16
2021-05-31 02:21:57,703:INFO:[Rank-2] train time 38.1838, epoch 119, step  49, loss 0.70931315, auc@1 78.39, auc@5 96.56, share 12, std_loss 0, pre_std_loss 0, 
2021-05-31 02:22:13,128:INFO:[Rank-2] val time 15.4230, epoch 119, step  40, loss 1.43930080, auc@1 63.39, auc@5 88.44
2021-05-31 02:22:51,845:INFO:[Rank-2] train time 38.2869, epoch 120, step  49, loss 0.69800252, auc@1 78.62, auc@5 96.61, share 12, std_loss 0, pre_std_loss 0, 
2021-05-31 02:23:07,507:INFO:[Rank-2] val time 15.6601, epoch 120, step  40, loss 1.52092910, auc@1 61.64, auc@5 87.59
2021-05-31 02:23:46,134:INFO:[Rank-2] train time 38.2067, epoch 121, step  49, loss 0.57369667, auc@1 82.53, auc@5 97.60, share 12, std_loss 0, pre_std_loss 0, 
2021-05-31 02:24:01,897:INFO:[Rank-2] val time 15.7608, epoch 121, step  40, loss 1.11877510, auc@1 69.98, auc@5 91.39
2021-05-31 02:24:40,522:INFO:[Rank-2] train time 38.2128, epoch 122, step  49, loss 0.49116483, auc@1 85.13, auc@5 98.12, share 12, std_loss 0, pre_std_loss 0, 
2021-05-31 02:24:56,037:INFO:[Rank-2] val time 15.5127, epoch 122, step  40, loss 1.09501365, auc@1 70.74, auc@5 91.95
2021-05-31 02:25:34,759:INFO:[Rank-2] train time 38.3625, epoch 123, step  49, loss 0.45923319, auc@1 85.99, auc@5 98.34, share 12, std_loss 0, pre_std_loss 0, 
2021-05-31 02:25:50,278:INFO:[Rank-2] val time 15.5180, epoch 123, step  40, loss 1.08631924, auc@1 70.75, auc@5 91.88
2021-05-31 02:26:28,996:INFO:[Rank-2] train time 38.2715, epoch 124, step  49, loss 0.44132429, auc@1 86.70, auc@5 98.39, share 12, std_loss 0, pre_std_loss 0, 
2021-05-31 02:26:44,400:INFO:[Rank-2] val time 15.4012, epoch 124, step  40, loss 1.08637775, auc@1 70.95, auc@5 92.06
2021-05-31 02:27:22,952:INFO:[Rank-2] train time 38.1761, epoch 125, step  49, loss 0.43139759, auc@1 86.78, auc@5 98.50, share 12, std_loss 0, pre_std_loss 0, 
2021-05-31 02:27:38,588:INFO:[Rank-2] val time 15.6346, epoch 125, step  40, loss 1.08503180, auc@1 71.12, auc@5 92.13
2021-05-31 02:28:17,004:INFO:[Rank-2] train time 37.9912, epoch 126, step  49, loss 0.41709456, auc@1 87.31, auc@5 98.57, share 12, std_loss 0, pre_std_loss 0, 
2021-05-31 02:28:32,587:INFO:[Rank-2] val time 15.5814, epoch 126, step  40, loss 1.08312727, auc@1 71.45, auc@5 92.08
2021-05-31 02:29:10,209:INFO:[Rank-2] train time 37.3280, epoch 127, step  49, loss 0.40645528, auc@1 87.58, auc@5 98.64, share 12, std_loss 0, pre_std_loss 0, 
2021-05-31 02:29:25,775:INFO:[Rank-2] val time 15.5637, epoch 127, step  40, loss 1.08907039, auc@1 71.29, auc@5 92.24
2021-05-31 02:30:03,744:INFO:[Rank-2] train time 37.5860, epoch 128, step  49, loss 0.40309933, auc@1 87.74, auc@5 98.64, share 12, std_loss 0, pre_std_loss 0, 
2021-05-31 02:30:19,297:INFO:[Rank-2] val time 15.5509, epoch 128, step  40, loss 1.07490993, auc@1 71.43, auc@5 92.24
2021-05-31 02:30:57,405:INFO:[Rank-2] train time 37.7440, epoch 129, step  49, loss 0.39152125, auc@1 87.95, auc@5 98.73, share 12, std_loss 0, pre_std_loss 0, 
2021-05-31 02:31:12,924:INFO:[Rank-2] val time 15.5170, epoch 129, step  40, loss 1.07919099, auc@1 71.59, auc@5 92.11
2021-05-31 02:31:51,431:INFO:[Rank-2] train time 38.0993, epoch 130, step  49, loss 0.38444462, auc@1 88.30, auc@5 98.82, share 12, std_loss 0, pre_std_loss 0, 
2021-05-31 02:32:07,157:INFO:[Rank-2] val time 15.7249, epoch 130, step  40, loss 1.08438324, auc@1 71.21, auc@5 92.24
2021-05-31 02:32:45,047:INFO:[Rank-2] train time 37.4988, epoch 131, step  49, loss 0.37589505, auc@1 88.61, auc@5 98.77, share 12, std_loss 0, pre_std_loss 0, 
2021-05-31 02:33:00,595:INFO:[Rank-2] val time 15.5466, epoch 131, step  40, loss 1.08099194, auc@1 71.47, auc@5 92.31
2021-05-31 02:33:38,907:INFO:[Rank-2] train time 38.0401, epoch 132, step  49, loss 0.37715262, auc@1 88.51, auc@5 98.85, share 12, std_loss 0, pre_std_loss 0, 
2021-05-31 02:33:54,428:INFO:[Rank-2] val time 15.5196, epoch 132, step  40, loss 1.08264923, auc@1 71.25, auc@5 92.27
2021-05-31 02:34:32,749:INFO:[Rank-2] train time 37.9418, epoch 133, step  49, loss 0.37047249, auc@1 88.73, auc@5 98.83, share 12, std_loss 0, pre_std_loss 0, 
2021-05-31 02:34:48,324:INFO:[Rank-2] val time 15.5735, epoch 133, step  40, loss 1.07205133, auc@1 71.60, auc@5 92.31
2021-05-31 02:35:26,637:INFO:[Rank-2] train time 37.9142, epoch 134, step  49, loss 0.36380494, auc@1 88.94, auc@5 98.92, share 12, std_loss 0, pre_std_loss 0, 
2021-05-31 02:35:42,211:INFO:[Rank-2] val time 15.5722, epoch 134, step  40, loss 1.08639939, auc@1 71.69, auc@5 92.49
2021-05-31 02:36:20,136:INFO:[Rank-2] train time 37.6334, epoch 135, step  49, loss 0.35762009, auc@1 89.20, auc@5 98.92, share 12, std_loss 0, pre_std_loss 0, 
2021-05-31 02:36:35,458:INFO:[Rank-2] val time 15.3205, epoch 135, step  40, loss 1.08898240, auc@1 71.41, auc@5 92.26
2021-05-31 02:37:13,728:INFO:[Rank-2] train time 37.8981, epoch 136, step  49, loss 0.35236785, auc@1 89.25, auc@5 98.92, share 12, std_loss 0, pre_std_loss 0, 
2021-05-31 02:37:29,304:INFO:[Rank-2] val time 15.5734, epoch 136, step  40, loss 1.07690691, auc@1 71.70, auc@5 92.42
2021-05-31 02:38:07,290:INFO:[Rank-2] train time 37.5899, epoch 137, step  49, loss 0.35111585, auc@1 89.42, auc@5 98.97, share 12, std_loss 0, pre_std_loss 0, 
2021-05-31 02:38:22,829:INFO:[Rank-2] val time 15.5361, epoch 137, step  40, loss 1.07710061, auc@1 71.86, auc@5 92.48
2021-05-31 02:39:01,195:INFO:[Rank-2] train time 38.0142, epoch 138, step  49, loss 0.34699214, auc@1 89.42, auc@5 98.97, share 12, std_loss 0, pre_std_loss 0, 
2021-05-31 02:39:16,583:INFO:[Rank-2] val time 15.3863, epoch 138, step  40, loss 1.07986711, auc@1 71.60, auc@5 92.32
2021-05-31 02:39:54,930:INFO:[Rank-2] train time 37.9993, epoch 139, step  49, loss 0.34203917, auc@1 89.71, auc@5 99.01, share 12, std_loss 0, pre_std_loss 0, 
2021-05-31 02:40:10,509:INFO:[Rank-2] val time 15.5772, epoch 139, step  40, loss 1.08357813, auc@1 71.63, auc@5 92.39
2021-05-31 02:40:48,685:INFO:[Rank-2] train time 37.8507, epoch 140, step  49, loss 0.33718368, auc@1 89.90, auc@5 99.02, share 12, std_loss 0, pre_std_loss 0, 
2021-05-31 02:41:04,379:INFO:[Rank-2] val time 15.6916, epoch 140, step  40, loss 1.07838954, auc@1 71.74, auc@5 92.50
2021-05-31 02:41:42,100:INFO:[Rank-2] train time 37.3092, epoch 141, step  49, loss 0.33436319, auc@1 89.86, auc@5 99.03, share 12, std_loss 0, pre_std_loss 0, 
2021-05-31 02:41:57,641:INFO:[Rank-2] val time 15.5384, epoch 141, step  40, loss 1.07773248, auc@1 71.74, auc@5 92.47
2021-05-31 02:42:35,579:INFO:[Rank-2] train time 37.5241, epoch 142, step  49, loss 0.32595327, auc@1 90.16, auc@5 99.06, share 12, std_loss 0, pre_std_loss 0, 
2021-05-31 02:42:51,206:INFO:[Rank-2] val time 15.6244, epoch 142, step  40, loss 1.08260775, auc@1 71.78, auc@5 92.18
2021-05-31 02:43:29,407:INFO:[Rank-2] train time 37.7713, epoch 143, step  49, loss 0.32539091, auc@1 90.10, auc@5 99.14, share 12, std_loss 0, pre_std_loss 0, 
2021-05-31 02:43:44,899:INFO:[Rank-2] val time 15.4905, epoch 143, step  40, loss 1.08702318, auc@1 71.69, auc@5 92.45
2021-05-31 02:44:23,477:INFO:[Rank-2] train time 38.2330, epoch 144, step  49, loss 0.32186848, auc@1 90.29, auc@5 99.12, share 12, std_loss 0, pre_std_loss 0, 
2021-05-31 02:44:38,894:INFO:[Rank-2] val time 15.4142, epoch 144, step  40, loss 1.09077945, auc@1 71.62, auc@5 92.41
2021-05-31 02:45:17,228:INFO:[Rank-2] train time 38.0163, epoch 145, step  49, loss 0.31946841, auc@1 90.42, auc@5 99.10, share 12, std_loss 0, pre_std_loss 0, 
2021-05-31 02:45:32,884:INFO:[Rank-2] val time 15.6546, epoch 145, step  40, loss 1.08665698, auc@1 71.75, auc@5 92.45
2021-05-31 02:46:10,642:INFO:[Rank-2] train time 37.3490, epoch 146, step  49, loss 0.31415349, auc@1 90.53, auc@5 99.14, share 12, std_loss 0, pre_std_loss 0, 
2021-05-31 02:46:26,117:INFO:[Rank-2] val time 15.4734, epoch 146, step  40, loss 1.09413175, auc@1 71.26, auc@5 92.49
2021-05-31 02:47:04,256:INFO:[Rank-2] train time 37.8444, epoch 147, step  49, loss 0.31234473, auc@1 90.63, auc@5 99.18, share 12, std_loss 0, pre_std_loss 0, 
2021-05-31 02:47:19,745:INFO:[Rank-2] val time 15.4874, epoch 147, step  40, loss 1.09579404, auc@1 71.58, auc@5 92.36
2021-05-31 02:47:57,947:INFO:[Rank-2] train time 37.8172, epoch 148, step  49, loss 0.30927455, auc@1 90.69, auc@5 99.21, share 12, std_loss 0, pre_std_loss 0, 
2021-05-31 02:48:13,555:INFO:[Rank-2] val time 15.6072, epoch 148, step  40, loss 1.09257262, auc@1 71.84, auc@5 92.42
2021-05-31 02:48:52,660:INFO:[Rank-2] train time 38.7985, epoch 149, step  49, loss 0.30192727, auc@1 90.83, auc@5 99.22, share 12, std_loss 0, pre_std_loss 0, 
2021-05-31 02:49:08,185:INFO:[Rank-2] val time 15.5237, epoch 149, step  40, loss 1.09987874, auc@1 71.68, auc@5 92.39
2021-05-31 02:49:46,507:INFO:[Rank-2] train time 37.9725, epoch 150, step  49, loss 0.30220145, auc@1 91.03, auc@5 99.19, share 12, std_loss 0, pre_std_loss 0, 
2021-05-31 02:50:01,940:INFO:[Rank-2] val time 15.4303, epoch 150, step  40, loss 1.10549201, auc@1 71.50, auc@5 92.47
2021-05-31 02:50:40,370:INFO:[Rank-2] train time 38.0541, epoch 151, step  49, loss 0.29697770, auc@1 91.17, auc@5 99.25, share 12, std_loss 0, pre_std_loss 0, 
2021-05-31 02:50:55,921:INFO:[Rank-2] val time 15.5492, epoch 151, step  40, loss 1.09788557, auc@1 71.85, auc@5 92.56
2021-05-31 02:51:34,406:INFO:[Rank-2] train time 38.0375, epoch 152, step  49, loss 0.29413447, auc@1 91.20, auc@5 99.25, share 12, std_loss 0, pre_std_loss 0, 
2021-05-31 02:51:49,884:INFO:[Rank-2] val time 15.4761, epoch 152, step  40, loss 1.09669318, auc@1 71.73, auc@5 92.57
2021-05-31 02:52:27,814:INFO:[Rank-2] train time 37.5449, epoch 153, step  49, loss 0.29460317, auc@1 91.16, auc@5 99.21, share 12, std_loss 0, pre_std_loss 0, 
2021-05-31 02:52:43,393:INFO:[Rank-2] val time 15.5766, epoch 153, step  40, loss 1.09241002, auc@1 71.70, auc@5 92.54
2021-05-31 02:53:21,589:INFO:[Rank-2] train time 37.7918, epoch 154, step  49, loss 0.28899407, auc@1 91.31, auc@5 99.29, share 12, std_loss 0, pre_std_loss 0, 
2021-05-31 02:53:37,034:INFO:[Rank-2] val time 15.4428, epoch 154, step  40, loss 1.09740222, auc@1 71.89, auc@5 92.53
2021-05-31 02:54:14,919:INFO:[Rank-2] train time 37.5622, epoch 155, step  49, loss 0.28818882, auc@1 91.29, auc@5 99.32, share 12, std_loss 0, pre_std_loss 0, 
2021-05-31 02:54:30,592:INFO:[Rank-2] val time 15.6710, epoch 155, step  40, loss 1.09058883, auc@1 72.04, auc@5 92.58
2021-05-31 02:55:08,540:INFO:[Rank-2] train time 37.5344, epoch 156, step  49, loss 0.28164056, auc@1 91.54, auc@5 99.31, share 12, std_loss 0, pre_std_loss 0, 
2021-05-31 02:55:24,112:INFO:[Rank-2] val time 15.5664, epoch 156, step  40, loss 1.09763300, auc@1 72.01, auc@5 92.54
2021-05-31 02:56:02,573:INFO:[Rank-2] train time 38.0520, epoch 157, step  49, loss 0.28037247, auc@1 91.61, auc@5 99.32, share 12, std_loss 0, pre_std_loss 0, 
2021-05-31 02:56:18,193:INFO:[Rank-2] val time 15.6172, epoch 157, step  40, loss 1.10073572, auc@1 71.84, auc@5 92.49
2021-05-31 02:56:56,309:INFO:[Rank-2] train time 37.7865, epoch 158, step  49, loss 0.27630556, auc@1 91.83, auc@5 99.39, share 12, std_loss 0, pre_std_loss 0, 
2021-05-31 02:57:11,751:INFO:[Rank-2] val time 15.4400, epoch 158, step  40, loss 1.10174950, auc@1 72.22, auc@5 92.42
2021-05-31 02:57:49,908:INFO:[Rank-2] train time 37.8412, epoch 159, step  49, loss 0.27510634, auc@1 91.80, auc@5 99.41, share 12, std_loss 0, pre_std_loss 0, 
2021-05-31 02:58:05,440:INFO:[Rank-2] val time 15.5299, epoch 159, step  40, loss 1.10347905, auc@1 71.70, auc@5 92.39
2021-05-31 02:58:43,384:INFO:[Rank-2] train time 37.5551, epoch 160, step  49, loss 0.27358639, auc@1 91.75, auc@5 99.36, share 12, std_loss 0, pre_std_loss 0, 
2021-05-31 02:58:58,857:INFO:[Rank-2] val time 15.4708, epoch 160, step  40, loss 1.10492795, auc@1 71.87, auc@5 92.66
2021-05-31 02:59:37,920:INFO:[Rank-2] train time 38.6932, epoch 161, step  49, loss 0.26841587, auc@1 92.02, auc@5 99.39, share 12, std_loss 0, pre_std_loss 0, 
2021-05-31 02:59:53,454:INFO:[Rank-2] val time 15.5322, epoch 161, step  40, loss 1.09519105, auc@1 72.03, auc@5 92.65
2021-05-31 03:00:31,546:INFO:[Rank-2] train time 37.6990, epoch 162, step  49, loss 0.26626223, auc@1 92.09, auc@5 99.40, share 12, std_loss 0, pre_std_loss 0, 
2021-05-31 03:00:47,083:INFO:[Rank-2] val time 15.5352, epoch 162, step  40, loss 1.09166231, auc@1 72.10, auc@5 92.64
2021-05-31 03:01:24,954:INFO:[Rank-2] train time 37.4903, epoch 163, step  49, loss 0.26476923, auc@1 92.28, auc@5 99.41, share 12, std_loss 0, pre_std_loss 0, 
2021-05-31 03:01:40,416:INFO:[Rank-2] val time 15.4596, epoch 163, step  40, loss 1.09130935, auc@1 72.03, auc@5 92.70
2021-05-31 03:02:18,617:INFO:[Rank-2] train time 37.8656, epoch 164, step  49, loss 0.26256064, auc@1 92.26, auc@5 99.45, share 12, std_loss 0, pre_std_loss 0, 
2021-05-31 03:02:34,162:INFO:[Rank-2] val time 15.5440, epoch 164, step  40, loss 1.09082156, auc@1 72.14, auc@5 92.67
2021-05-31 03:03:12,330:INFO:[Rank-2] train time 37.7320, epoch 165, step  49, loss 0.26105583, auc@1 92.22, auc@5 99.43, share 12, std_loss 0, pre_std_loss 0, 
2021-05-31 03:03:27,805:INFO:[Rank-2] val time 15.4730, epoch 165, step  40, loss 1.09204168, auc@1 72.01, auc@5 92.67
2021-05-31 03:04:06,258:INFO:[Rank-2] train time 38.1287, epoch 166, step  49, loss 0.25518310, auc@1 92.34, auc@5 99.44, share 12, std_loss 0, pre_std_loss 0, 
2021-05-31 03:04:21,896:INFO:[Rank-2] val time 15.6361, epoch 166, step  40, loss 1.09014048, auc@1 71.99, auc@5 92.65
2021-05-31 03:04:59,704:INFO:[Rank-2] train time 37.5086, epoch 167, step  49, loss 0.25826025, auc@1 92.43, auc@5 99.42, share 12, std_loss 0, pre_std_loss 0, 
2021-05-31 03:05:15,223:INFO:[Rank-2] val time 15.5176, epoch 167, step  40, loss 1.08985330, auc@1 72.22, auc@5 92.67
2021-05-31 03:05:53,061:INFO:[Rank-2] train time 37.4947, epoch 168, step  49, loss 0.26005676, auc@1 92.24, auc@5 99.47, share 12, std_loss 0, pre_std_loss 0, 
2021-05-31 03:06:08,552:INFO:[Rank-2] val time 15.4888, epoch 168, step  40, loss 1.08907632, auc@1 72.10, auc@5 92.65
2021-05-31 03:06:47,249:INFO:[Rank-2] train time 38.3421, epoch 169, step  49, loss 0.25806630, auc@1 92.33, auc@5 99.45, share 12, std_loss 0, pre_std_loss 0, 
2021-05-31 03:07:02,770:INFO:[Rank-2] val time 15.5196, epoch 169, step  40, loss 1.09000242, auc@1 72.18, auc@5 92.63
2021-05-31 03:07:40,804:INFO:[Rank-2] train time 37.6739, epoch 170, step  49, loss 0.25454050, auc@1 92.48, auc@5 99.44, share 12, std_loss 0, pre_std_loss 0, 
2021-05-31 03:07:56,295:INFO:[Rank-2] val time 15.4889, epoch 170, step  40, loss 1.08890555, auc@1 72.08, auc@5 92.75
2021-05-31 03:08:34,835:INFO:[Rank-2] train time 38.1320, epoch 171, step  49, loss 0.25577587, auc@1 92.48, auc@5 99.45, share 12, std_loss 0, pre_std_loss 0, 
2021-05-31 03:08:50,430:INFO:[Rank-2] val time 15.5931, epoch 171, step  40, loss 1.08696156, auc@1 72.12, auc@5 92.68
2021-05-31 03:09:28,580:INFO:[Rank-2] train time 37.7121, epoch 172, step  49, loss 0.25617349, auc@1 92.56, auc@5 99.44, share 12, std_loss 0, pre_std_loss 0, 
2021-05-31 03:09:44,048:INFO:[Rank-2] val time 15.4653, epoch 172, step  40, loss 1.09233063, auc@1 72.07, auc@5 92.68
2021-05-31 03:10:22,239:INFO:[Rank-2] train time 37.8044, epoch 173, step  49, loss 0.25492960, auc@1 92.46, auc@5 99.45, share 12, std_loss 0, pre_std_loss 0, 
2021-05-31 03:10:37,834:INFO:[Rank-2] val time 15.5925, epoch 173, step  40, loss 1.09041337, auc@1 72.16, auc@5 92.77
2021-05-31 03:11:15,764:INFO:[Rank-2] train time 37.5147, epoch 174, step  49, loss 0.25171149, auc@1 92.57, auc@5 99.47, share 12, std_loss 0, pre_std_loss 0, 
2021-05-31 03:11:31,266:INFO:[Rank-2] val time 15.4999, epoch 174, step  40, loss 1.08901299, auc@1 72.11, auc@5 92.75
2021-05-31 03:12:09,485:INFO:[Rank-2] train time 37.8763, epoch 175, step  49, loss 0.25072134, auc@1 92.64, auc@5 99.45, share 12, std_loss 0, pre_std_loss 0, 
2021-05-31 03:12:24,926:INFO:[Rank-2] val time 15.4386, epoch 175, step  40, loss 1.08970420, auc@1 72.10, auc@5 92.73
2021-05-31 03:13:02,984:INFO:[Rank-2] train time 37.7494, epoch 176, step  49, loss 0.25162441, auc@1 92.63, auc@5 99.45, share 12, std_loss 0, pre_std_loss 0, 
2021-05-31 03:13:18,523:INFO:[Rank-2] val time 15.5375, epoch 176, step  40, loss 1.09077605, auc@1 72.28, auc@5 92.63
2021-05-31 03:13:56,490:INFO:[Rank-2] train time 37.6239, epoch 177, step  49, loss 0.25203857, auc@1 92.68, auc@5 99.45, share 12, std_loss 0, pre_std_loss 0, 
2021-05-31 03:14:12,007:INFO:[Rank-2] val time 15.5159, epoch 177, step  40, loss 1.09041438, auc@1 72.10, auc@5 92.75
2021-05-31 03:14:50,535:INFO:[Rank-2] train time 38.1808, epoch 178, step  49, loss 0.25083923, auc@1 92.60, auc@5 99.48, share 12, std_loss 0, pre_std_loss 0, 
2021-05-31 03:15:06,161:INFO:[Rank-2] val time 15.6238, epoch 178, step  40, loss 1.09305298, auc@1 72.26, auc@5 92.72
2021-05-31 03:15:44,206:INFO:[Rank-2] train time 37.7021, epoch 179, step  49, loss 0.25083277, auc@1 92.53, auc@5 99.49, share 12, std_loss 0, pre_std_loss 0, 
2021-05-31 03:15:59,725:INFO:[Rank-2] val time 15.5170, epoch 179, step  40, loss 1.09459550, auc@1 72.00, auc@5 92.59
2021-05-31 03:16:37,892:INFO:[Rank-2] train time 37.7230, epoch 180, step  49, loss 0.24923566, auc@1 92.68, auc@5 99.49, share 12, std_loss 0, pre_std_loss 0, 
2021-05-31 03:16:53,479:INFO:[Rank-2] val time 15.5844, epoch 180, step  40, loss 1.09037332, auc@1 72.29, auc@5 92.70
2021-05-31 03:17:31,747:INFO:[Rank-2] train time 37.8484, epoch 181, step  49, loss 0.25099412, auc@1 92.65, auc@5 99.50, share 12, std_loss 0, pre_std_loss 0, 
2021-05-31 03:17:47,323:INFO:[Rank-2] val time 15.5743, epoch 181, step  40, loss 1.08971853, auc@1 72.23, auc@5 92.72
2021-05-31 03:18:25,174:INFO:[Rank-2] train time 37.5063, epoch 182, step  49, loss 0.24901535, auc@1 92.77, auc@5 99.48, share 12, std_loss 0, pre_std_loss 0, 
2021-05-31 03:18:40,655:INFO:[Rank-2] val time 15.4796, epoch 182, step  40, loss 1.09166007, auc@1 72.19, auc@5 92.64
2021-05-31 03:19:18,728:INFO:[Rank-2] train time 37.7133, epoch 183, step  49, loss 0.24910761, auc@1 92.65, auc@5 99.48, share 12, std_loss 0, pre_std_loss 0, 
2021-05-31 03:19:34,187:INFO:[Rank-2] val time 15.4564, epoch 183, step  40, loss 1.09429195, auc@1 72.06, auc@5 92.55
2021-05-31 03:20:12,592:INFO:[Rank-2] train time 38.0065, epoch 184, step  49, loss 0.24601519, auc@1 92.84, auc@5 99.50, share 12, std_loss 0, pre_std_loss 0, 
2021-05-31 03:20:28,106:INFO:[Rank-2] val time 15.5107, epoch 184, step  40, loss 1.09106069, auc@1 72.19, auc@5 92.71
2021-05-31 03:21:06,610:INFO:[Rank-2] train time 38.1442, epoch 185, step  49, loss 0.25387239, auc@1 92.61, auc@5 99.43, share 12, std_loss 0, pre_std_loss 0, 
2021-05-31 03:21:22,085:INFO:[Rank-2] val time 15.4731, epoch 185, step  40, loss 1.09101645, auc@1 72.13, auc@5 92.67
2021-05-31 03:22:00,388:INFO:[Rank-2] train time 37.9070, epoch 186, step  49, loss 0.25117806, auc@1 92.63, auc@5 99.48, share 12, std_loss 0, pre_std_loss 0, 
2021-05-31 03:22:15,951:INFO:[Rank-2] val time 15.5609, epoch 186, step  40, loss 1.09062482, auc@1 72.29, auc@5 92.67
2021-05-31 03:22:53,974:INFO:[Rank-2] train time 37.7420, epoch 187, step  49, loss 0.25159919, auc@1 92.53, auc@5 99.49, share 12, std_loss 0, pre_std_loss 0, 
2021-05-31 03:23:09,547:INFO:[Rank-2] val time 15.5721, epoch 187, step  40, loss 1.08926165, auc@1 72.31, auc@5 92.67
2021-05-31 03:23:47,598:INFO:[Rank-2] train time 37.6715, epoch 188, step  49, loss 0.24663433, auc@1 92.78, auc@5 99.48, share 12, std_loss 0, pre_std_loss 0, 
2021-05-31 03:24:03,201:INFO:[Rank-2] val time 15.6004, epoch 188, step  40, loss 1.09354326, auc@1 72.31, auc@5 92.66
2021-05-31 03:24:41,411:INFO:[Rank-2] train time 37.8398, epoch 189, step  49, loss 0.24970132, auc@1 92.68, auc@5 99.43, share 12, std_loss 0, pre_std_loss 0, 
2021-05-31 03:24:56,829:INFO:[Rank-2] val time 15.4161, epoch 189, step  40, loss 1.09148781, auc@1 72.24, auc@5 92.74
2021-05-31 03:25:35,044:INFO:[Rank-2] train time 37.8714, epoch 190, step  49, loss 0.24890999, auc@1 92.57, auc@5 99.49, share 12, std_loss 0, pre_std_loss 0, 
2021-05-31 03:25:50,550:INFO:[Rank-2] val time 15.5050, epoch 190, step  40, loss 1.08930881, auc@1 72.21, auc@5 92.66
2021-05-31 03:26:28,403:INFO:[Rank-2] train time 37.5562, epoch 191, step  49, loss 0.25101322, auc@1 92.55, auc@5 99.44, share 12, std_loss 0, pre_std_loss 0, 
2021-05-31 03:26:43,941:INFO:[Rank-2] val time 15.5364, epoch 191, step  40, loss 1.09321671, auc@1 72.17, auc@5 92.54
2021-05-31 03:27:21,982:INFO:[Rank-2] train time 37.7007, epoch 192, step  49, loss 0.24619889, auc@1 92.84, auc@5 99.48, share 12, std_loss 0, pre_std_loss 0, 
2021-05-31 03:27:37,589:INFO:[Rank-2] val time 15.6039, epoch 192, step  40, loss 1.09526597, auc@1 72.30, auc@5 92.58
2021-05-31 03:28:15,580:INFO:[Rank-2] train time 37.6234, epoch 193, step  49, loss 0.24323781, auc@1 92.76, auc@5 99.52, share 12, std_loss 0, pre_std_loss 0, 
2021-05-31 03:28:31,014:INFO:[Rank-2] val time 15.4320, epoch 193, step  40, loss 1.09460672, auc@1 72.21, auc@5 92.60
2021-05-31 03:29:08,901:INFO:[Rank-2] train time 37.4786, epoch 194, step  49, loss 0.24635170, auc@1 92.77, auc@5 99.51, share 12, std_loss 0, pre_std_loss 0, 
2021-05-31 03:29:24,624:INFO:[Rank-2] val time 15.7215, epoch 194, step  40, loss 1.09264224, auc@1 72.11, auc@5 92.59
2021-05-31 03:30:02,928:INFO:[Rank-2] train time 38.0052, epoch 195, step  49, loss 0.24054512, auc@1 93.02, auc@5 99.54, share 12, std_loss 0, pre_std_loss 0, 
2021-05-31 03:30:18,376:INFO:[Rank-2] val time 15.4472, epoch 195, step  40, loss 1.09173940, auc@1 72.27, auc@5 92.66
2021-05-31 03:30:57,130:INFO:[Rank-2] train time 38.3363, epoch 196, step  49, loss 0.24187773, auc@1 93.05, auc@5 99.53, share 12, std_loss 0, pre_std_loss 0, 
2021-05-31 03:31:12,622:INFO:[Rank-2] val time 15.4906, epoch 196, step  40, loss 1.09061024, auc@1 72.31, auc@5 92.65
2021-05-31 03:31:50,794:INFO:[Rank-2] train time 37.7384, epoch 197, step  49, loss 0.24722756, auc@1 92.75, auc@5 99.51, share 12, std_loss 0, pre_std_loss 0, 
2021-05-31 03:32:06,301:INFO:[Rank-2] val time 15.5052, epoch 197, step  40, loss 1.09242758, auc@1 72.26, auc@5 92.57
2021-05-31 03:32:44,196:INFO:[Rank-2] train time 37.5851, epoch 198, step  49, loss 0.24601863, auc@1 92.91, auc@5 99.42, share 12, std_loss 0, pre_std_loss 0, 
2021-05-31 03:32:59,798:INFO:[Rank-2] val time 15.6007, epoch 198, step  40, loss 1.09019613, auc@1 72.17, auc@5 92.54
2021-05-31 03:33:37,559:INFO:[Rank-2] train time 37.4708, epoch 199, step  49, loss 0.24573372, auc@1 92.87, auc@5 99.51, share 12, std_loss 0, pre_std_loss 0, 
2021-05-31 03:33:53,236:INFO:[Rank-2] val time 15.6753, epoch 199, step  40, loss 1.09256864, auc@1 72.26, auc@5 92.60
2021-05-31 03:34:31,391:INFO:[Rank-2] train time 37.7790, epoch 200, step  49, loss 0.24432692, auc@1 92.92, auc@5 99.52, share 12, std_loss 0, pre_std_loss 0, 
2021-05-31 03:34:47,001:INFO:[Rank-2] val time 15.6091, epoch 200, step  40, loss 1.09383652, auc@1 72.22, auc@5 92.63
2021-05-31 03:34:47,002:INFO:[Rank-2] finish, train+val 10844.00439, train 7734.13800, reduce_count 2400
