2021-06-09 11:30:27,955:INFO:[Rank-2] args : Namespace(batch=1024, current_time='20210609_113020', dataset='cifar100', epochs=50, ip='192.168.1.2:7548', k=8, loss_std_gap_rate=1.0, lr=0.05, momentum=0.6, name='async_step(k=8)', rank=2, scheduler_step=80, train_type='async_step', weight_decay=0.0005, world=3)
2021-06-09 11:31:13,454:INFO:[Rank-2] train time 43.7516, epoch   1, step  49, loss 4.63870382, auc@1 3.14, auc@5 12.70, share 7, std_loss 0, pre_std_loss 0, 
2021-06-09 11:31:27,937:INFO:[Rank-2] val time 14.4795, epoch   1, step  30, loss 4.22300051, auc@1 4.86, auc@5 18.69
2021-06-09 11:32:11,630:INFO:[Rank-2] train time 43.4500, epoch   2, step  49, loss 4.11719084, auc@1 7.08, auc@5 24.66, share 7, std_loss 0, pre_std_loss 0, 
2021-06-09 11:32:26,237:INFO:[Rank-2] val time 14.6028, epoch   2, step  30, loss 4.10243659, auc@1 9.02, auc@5 29.95
2021-06-09 11:33:10,594:INFO:[Rank-2] train time 44.0501, epoch   3, step  49, loss 3.89031744, auc@1 9.87, auc@5 30.92, share 7, std_loss 0, pre_std_loss 0, 
2021-06-09 11:33:25,090:INFO:[Rank-2] val time 14.4930, epoch   3, step  30, loss 4.02031289, auc@1 11.23, auc@5 35.21
2021-06-09 11:34:08,728:INFO:[Rank-2] train time 43.4590, epoch   4, step  49, loss 3.75385571, auc@1 11.75, auc@5 35.41, share 7, std_loss 0, pre_std_loss 0, 
2021-06-09 11:34:23,293:INFO:[Rank-2] val time 14.5618, epoch   4, step  30, loss 4.03222382, auc@1 12.02, auc@5 35.73
2021-06-09 11:35:07,261:INFO:[Rank-2] train time 43.6196, epoch   5, step  49, loss 3.61671209, auc@1 13.92, auc@5 39.32, share 7, std_loss 0, pre_std_loss 0, 
2021-06-09 11:35:22,161:INFO:[Rank-2] val time 14.8965, epoch   5, step  30, loss 3.56129593, auc@1 14.49, auc@5 40.72
2021-06-09 11:36:05,701:INFO:[Rank-2] train time 43.2526, epoch   6, step  49, loss 3.48955464, auc@1 16.08, auc@5 42.78, share 7, std_loss 0, pre_std_loss 0, 
2021-06-09 11:36:20,551:INFO:[Rank-2] val time 14.8468, epoch   6, step  30, loss 3.41194779, auc@1 18.14, auc@5 44.51
2021-06-09 11:37:04,087:INFO:[Rank-2] train time 43.3067, epoch   7, step  49, loss 3.37163949, auc@1 17.97, auc@5 46.02, share 7, std_loss 0, pre_std_loss 0, 
2021-06-09 11:37:18,689:INFO:[Rank-2] val time 14.5989, epoch   7, step  30, loss 3.28026917, auc@1 19.37, auc@5 48.52
2021-06-09 11:38:02,094:INFO:[Rank-2] train time 43.1815, epoch   8, step  49, loss 3.25055742, auc@1 20.35, auc@5 49.40, share 7, std_loss 0, pre_std_loss 0, 
2021-06-09 11:38:16,659:INFO:[Rank-2] val time 14.5616, epoch   8, step  30, loss 3.52479646, auc@1 17.02, auc@5 43.74
2021-06-09 11:39:01,284:INFO:[Rank-2] train time 44.3361, epoch   9, step  49, loss 3.14545727, auc@1 21.83, auc@5 52.06, share 7, std_loss 0, pre_std_loss 0, 
2021-06-09 11:39:16,028:INFO:[Rank-2] val time 14.7410, epoch   9, step  30, loss 3.23517765, auc@1 21.21, auc@5 49.72
2021-06-09 11:40:00,305:INFO:[Rank-2] train time 44.0014, epoch  10, step  49, loss 3.05702162, auc@1 23.72, auc@5 54.37, share 7, std_loss 0, pre_std_loss 0, 
2021-06-09 11:40:14,933:INFO:[Rank-2] val time 14.6246, epoch  10, step  30, loss 3.18760638, auc@1 22.42, auc@5 51.96
2021-06-09 11:40:59,505:INFO:[Rank-2] train time 44.2458, epoch  11, step  49, loss 2.93767905, auc@1 25.72, auc@5 57.19, share 7, std_loss 0, pre_std_loss 0, 
2021-06-09 11:41:13,992:INFO:[Rank-2] val time 14.4839, epoch  11, step  30, loss 2.99297841, auc@1 25.25, auc@5 56.33
2021-06-09 11:41:57,897:INFO:[Rank-2] train time 43.6609, epoch  12, step  49, loss 2.84096169, auc@1 27.65, auc@5 59.68, share 7, std_loss 0, pre_std_loss 0, 
2021-06-09 11:42:12,542:INFO:[Rank-2] val time 14.6425, epoch  12, step  30, loss 2.93038760, auc@1 26.54, auc@5 58.34
2021-06-09 11:42:56,853:INFO:[Rank-2] train time 44.0180, epoch  13, step  49, loss 2.73821735, auc@1 29.76, auc@5 62.15, share 7, std_loss 0, pre_std_loss 0, 
2021-06-09 11:43:11,536:INFO:[Rank-2] val time 14.6800, epoch  13, step  30, loss 2.89322419, auc@1 27.02, auc@5 58.62
2021-06-09 11:43:55,663:INFO:[Rank-2] train time 43.8885, epoch  14, step  49, loss 2.62877917, auc@1 31.94, auc@5 64.66, share 7, std_loss 0, pre_std_loss 0, 
2021-06-09 11:44:10,197:INFO:[Rank-2] val time 14.5307, epoch  14, step  30, loss 2.76467199, auc@1 29.45, auc@5 62.58
2021-06-09 11:44:54,442:INFO:[Rank-2] train time 43.9676, epoch  15, step  49, loss 2.54541874, auc@1 33.61, auc@5 66.59, share 7, std_loss 0, pre_std_loss 0, 
2021-06-09 11:45:09,378:INFO:[Rank-2] val time 14.9325, epoch  15, step  30, loss 2.75391473, auc@1 29.82, auc@5 62.31
2021-06-09 11:45:53,475:INFO:[Rank-2] train time 43.8370, epoch  16, step  49, loss 2.46169209, auc@1 35.62, auc@5 68.24, share 7, std_loss 0, pre_std_loss 0, 
2021-06-09 11:46:08,130:INFO:[Rank-2] val time 14.6508, epoch  16, step  30, loss 2.49197197, auc@1 35.40, auc@5 67.50
2021-06-09 11:46:51,661:INFO:[Rank-2] train time 43.2434, epoch  17, step  49, loss 2.37292314, auc@1 37.00, auc@5 70.52, share 7, std_loss 0, pre_std_loss 0, 
2021-06-09 11:47:06,365:INFO:[Rank-2] val time 14.7012, epoch  17, step  30, loss 2.43701937, auc@1 36.16, auc@5 68.44
2021-06-09 11:47:50,429:INFO:[Rank-2] train time 43.8146, epoch  18, step  49, loss 2.29115224, auc@1 38.65, auc@5 72.22, share 7, std_loss 0, pre_std_loss 0, 
2021-06-09 11:48:05,124:INFO:[Rank-2] val time 14.6914, epoch  18, step  30, loss 2.65257788, auc@1 34.15, auc@5 64.92
2021-06-09 11:48:49,611:INFO:[Rank-2] train time 44.1726, epoch  19, step  49, loss 2.22688651, auc@1 40.29, auc@5 73.42, share 7, std_loss 0, pre_std_loss 0, 
2021-06-09 11:49:04,286:INFO:[Rank-2] val time 14.6724, epoch  19, step  30, loss 2.25152770, auc@1 39.70, auc@5 73.51
2021-06-09 11:49:48,349:INFO:[Rank-2] train time 43.8503, epoch  20, step  49, loss 2.15094614, auc@1 42.00, auc@5 75.10, share 7, std_loss 0, pre_std_loss 0, 
2021-06-09 11:50:02,780:INFO:[Rank-2] val time 14.4278, epoch  20, step  30, loss 2.41727501, auc@1 38.46, auc@5 71.14
2021-06-09 11:50:46,660:INFO:[Rank-2] train time 43.7057, epoch  21, step  49, loss 2.09743285, auc@1 43.13, auc@5 76.12, share 7, std_loss 0, pre_std_loss 0, 
2021-06-09 11:51:00,880:INFO:[Rank-2] val time 14.2176, epoch  21, step  30, loss 2.37893602, auc@1 39.49, auc@5 71.21
2021-06-09 11:51:44,729:INFO:[Rank-2] train time 43.6907, epoch  22, step  49, loss 2.03021431, auc@1 44.65, auc@5 77.58, share 7, std_loss 0, pre_std_loss 0, 
2021-06-09 11:51:58,965:INFO:[Rank-2] val time 14.2331, epoch  22, step  30, loss 2.29997684, auc@1 40.10, auc@5 72.98
2021-06-09 11:52:43,432:INFO:[Rank-2] train time 44.1773, epoch  23, step  49, loss 1.96531606, auc@1 46.14, auc@5 78.59, share 7, std_loss 0, pre_std_loss 0, 
2021-06-09 11:52:57,856:INFO:[Rank-2] val time 14.4210, epoch  23, step  30, loss 2.25110401, auc@1 41.13, auc@5 74.44
2021-06-09 11:53:43,113:INFO:[Rank-2] train time 44.9741, epoch  24, step  49, loss 1.92258358, auc@1 47.07, auc@5 79.51, share 7, std_loss 0, pre_std_loss 0, 
2021-06-09 11:53:57,498:INFO:[Rank-2] val time 14.3817, epoch  24, step  30, loss 2.14760868, auc@1 43.61, auc@5 75.37
2021-06-09 11:54:41,877:INFO:[Rank-2] train time 44.1068, epoch  25, step  49, loss 1.86381960, auc@1 48.50, auc@5 80.54, share 7, std_loss 0, pre_std_loss 0, 
2021-06-09 11:54:56,189:INFO:[Rank-2] val time 14.3094, epoch  25, step  30, loss 2.27450941, auc@1 41.52, auc@5 72.86
2021-06-09 11:55:40,833:INFO:[Rank-2] train time 44.4203, epoch  26, step  49, loss 1.81290662, auc@1 49.54, auc@5 81.44, share 7, std_loss 0, pre_std_loss 0, 
2021-06-09 11:55:55,164:INFO:[Rank-2] val time 14.3276, epoch  26, step  30, loss 2.02213247, auc@1 46.34, auc@5 78.20
2021-06-09 11:56:39,718:INFO:[Rank-2] train time 44.3351, epoch  27, step  49, loss 1.77309215, auc@1 50.54, auc@5 82.05, share 7, std_loss 0, pre_std_loss 0, 
2021-06-09 11:56:53,964:INFO:[Rank-2] val time 14.2422, epoch  27, step  30, loss 2.21455393, auc@1 42.92, auc@5 74.98
2021-06-09 11:57:38,341:INFO:[Rank-2] train time 44.1989, epoch  28, step  49, loss 1.71961117, auc@1 51.77, auc@5 83.15, share 7, std_loss 0, pre_std_loss 0, 
2021-06-09 11:57:52,735:INFO:[Rank-2] val time 14.3913, epoch  28, step  30, loss 1.96424714, auc@1 47.17, auc@5 78.76
2021-06-09 11:58:37,090:INFO:[Rank-2] train time 44.1431, epoch  29, step  49, loss 1.67912221, auc@1 52.81, auc@5 83.58, share 7, std_loss 0, pre_std_loss 0, 
2021-06-09 11:58:51,404:INFO:[Rank-2] val time 14.3103, epoch  29, step  30, loss 1.97074770, auc@1 47.99, auc@5 78.96
2021-06-09 11:59:35,495:INFO:[Rank-2] train time 43.8890, epoch  30, step  49, loss 1.64594698, auc@1 53.70, auc@5 84.18, share 7, std_loss 0, pre_std_loss 0, 
2021-06-09 11:59:49,723:INFO:[Rank-2] val time 14.2249, epoch  30, step  30, loss 1.95745337, auc@1 48.02, auc@5 78.97
2021-06-09 12:00:33,852:INFO:[Rank-2] train time 43.8637, epoch  31, step  49, loss 1.59927690, auc@1 54.79, auc@5 85.11, share 7, std_loss 0, pre_std_loss 0, 
2021-06-09 12:00:48,169:INFO:[Rank-2] val time 14.3141, epoch  31, step  30, loss 2.07607560, auc@1 46.46, auc@5 78.63
2021-06-09 12:01:32,170:INFO:[Rank-2] train time 43.7792, epoch  32, step  49, loss 1.56596613, auc@1 55.40, auc@5 85.58, share 7, std_loss 0, pre_std_loss 0, 
2021-06-09 12:01:46,593:INFO:[Rank-2] val time 14.4200, epoch  32, step  30, loss 2.25846038, auc@1 43.31, auc@5 73.50
2021-06-09 12:02:30,552:INFO:[Rank-2] train time 43.8516, epoch  33, step  49, loss 1.53124845, auc@1 56.58, auc@5 86.10, share 7, std_loss 0, pre_std_loss 0, 
2021-06-09 12:02:44,910:INFO:[Rank-2] val time 14.3551, epoch  33, step  30, loss 1.94494822, auc@1 49.10, auc@5 81.01
2021-06-09 12:03:29,256:INFO:[Rank-2] train time 44.1110, epoch  34, step  49, loss 1.49975455, auc@1 57.49, auc@5 86.54, share 7, std_loss 0, pre_std_loss 0, 
2021-06-09 12:03:43,494:INFO:[Rank-2] val time 14.2348, epoch  34, step  30, loss 2.01987312, auc@1 49.19, auc@5 79.38
2021-06-09 12:04:27,431:INFO:[Rank-2] train time 43.7410, epoch  35, step  49, loss 1.46661329, auc@1 58.22, auc@5 87.05, share 7, std_loss 0, pre_std_loss 0, 
2021-06-09 12:04:41,842:INFO:[Rank-2] val time 14.4075, epoch  35, step  30, loss 1.86938833, auc@1 51.04, auc@5 81.47
2021-06-09 12:05:27,381:INFO:[Rank-2] train time 45.3067, epoch  36, step  49, loss 1.43779814, auc@1 58.75, auc@5 87.56, share 7, std_loss 0, pre_std_loss 0, 
2021-06-09 12:05:41,592:INFO:[Rank-2] val time 14.2083, epoch  36, step  30, loss 1.90926559, auc@1 50.83, auc@5 80.23
2021-06-09 12:06:25,400:INFO:[Rank-2] train time 43.6168, epoch  37, step  49, loss 1.39730370, auc@1 59.87, auc@5 88.09, share 7, std_loss 0, pre_std_loss 0, 
2021-06-09 12:06:39,704:INFO:[Rank-2] val time 14.3008, epoch  37, step  30, loss 1.98739042, auc@1 48.84, auc@5 79.51
2021-06-09 12:07:24,082:INFO:[Rank-2] train time 44.1531, epoch  38, step  49, loss 1.37691736, auc@1 60.44, auc@5 88.34, share 7, std_loss 0, pre_std_loss 0, 
2021-06-09 12:07:38,375:INFO:[Rank-2] val time 14.2895, epoch  38, step  30, loss 1.75685920, auc@1 53.32, auc@5 82.87
2021-06-09 12:08:23,210:INFO:[Rank-2] train time 44.6096, epoch  39, step  49, loss 1.35628617, auc@1 60.95, auc@5 88.69, share 7, std_loss 0, pre_std_loss 0, 
2021-06-09 12:08:37,655:INFO:[Rank-2] val time 14.4417, epoch  39, step  30, loss 1.92780466, auc@1 50.95, auc@5 81.14
2021-06-09 12:09:22,245:INFO:[Rank-2] train time 44.4119, epoch  40, step  49, loss 1.32221544, auc@1 61.76, auc@5 89.23, share 7, std_loss 0, pre_std_loss 0, 
2021-06-09 12:09:36,746:INFO:[Rank-2] val time 14.4977, epoch  40, step  30, loss 1.92362319, auc@1 50.38, auc@5 80.21
2021-06-09 12:10:20,584:INFO:[Rank-2] train time 43.6135, epoch  41, step  49, loss 1.29272747, auc@1 62.73, auc@5 89.52, share 7, std_loss 0, pre_std_loss 0, 
2021-06-09 12:10:34,924:INFO:[Rank-2] val time 14.3371, epoch  41, step  30, loss 1.73669210, auc@1 53.74, auc@5 82.78
2021-06-09 12:11:19,389:INFO:[Rank-2] train time 44.1816, epoch  42, step  49, loss 1.26953971, auc@1 63.08, auc@5 90.10, share 7, std_loss 0, pre_std_loss 0, 
2021-06-09 12:11:33,837:INFO:[Rank-2] val time 14.4452, epoch  42, step  30, loss 1.74006411, auc@1 54.09, auc@5 83.40
2021-06-09 12:12:17,921:INFO:[Rank-2] train time 43.8324, epoch  43, step  49, loss 1.24584210, auc@1 63.90, auc@5 90.09, share 7, std_loss 0, pre_std_loss 0, 
2021-06-09 12:12:32,257:INFO:[Rank-2] val time 14.3327, epoch  43, step  30, loss 1.77635581, auc@1 54.01, auc@5 83.62
2021-06-09 12:13:16,048:INFO:[Rank-2] train time 43.6594, epoch  44, step  49, loss 1.21805060, auc@1 64.48, auc@5 90.71, share 7, std_loss 0, pre_std_loss 0, 
2021-06-09 12:13:30,613:INFO:[Rank-2] val time 14.5606, epoch  44, step  30, loss 1.78092652, auc@1 54.16, auc@5 82.38
2021-06-09 12:14:14,012:INFO:[Rank-2] train time 43.1958, epoch  45, step  49, loss 1.19838679, auc@1 65.12, auc@5 90.88, share 7, std_loss 0, pre_std_loss 0, 
2021-06-09 12:14:28,302:INFO:[Rank-2] val time 14.2868, epoch  45, step  30, loss 1.67245471, auc@1 54.86, auc@5 83.67
2021-06-09 12:15:12,710:INFO:[Rank-2] train time 44.1558, epoch  46, step  49, loss 1.18128324, auc@1 65.46, auc@5 91.06, share 7, std_loss 0, pre_std_loss 0, 
2021-06-09 12:15:27,075:INFO:[Rank-2] val time 14.3628, epoch  46, step  30, loss 1.97893982, auc@1 50.24, auc@5 81.20
2021-06-09 12:16:11,307:INFO:[Rank-2] train time 44.0939, epoch  47, step  49, loss 1.15799153, auc@1 66.07, auc@5 91.48, share 7, std_loss 0, pre_std_loss 0, 
2021-06-09 12:16:25,580:INFO:[Rank-2] val time 14.2701, epoch  47, step  30, loss 1.91449364, auc@1 50.85, auc@5 80.10
2021-06-09 12:17:09,586:INFO:[Rank-2] train time 43.6993, epoch  48, step  49, loss 1.14452958, auc@1 66.50, auc@5 91.70, share 7, std_loss 0, pre_std_loss 0, 
2021-06-09 12:17:23,981:INFO:[Rank-2] val time 14.3928, epoch  48, step  30, loss 1.63503137, auc@1 56.88, auc@5 84.97
2021-06-09 12:18:09,114:INFO:[Rank-2] train time 44.8520, epoch  49, step  49, loss 1.11339092, auc@1 67.18, auc@5 91.99, share 7, std_loss 0, pre_std_loss 0, 
2021-06-09 12:18:23,294:INFO:[Rank-2] val time 14.1767, epoch  49, step  30, loss 1.74166553, auc@1 55.13, auc@5 83.47
2021-06-09 12:19:06,878:INFO:[Rank-2] train time 43.3971, epoch  50, step  49, loss 1.08766103, auc@1 67.87, auc@5 92.20, share 7, std_loss 0, pre_std_loss 0, 
2021-06-09 12:19:21,336:INFO:[Rank-2] val time 14.4548, epoch  50, step  30, loss 1.60565794, auc@1 57.80, auc@5 85.35
2021-06-09 12:19:21,337:INFO:[Rank-2] finish, train+val 2931.80916, train 2208.77212, reduce_count 350
