2021-05-21 15:10:52,167:INFO:[Rank-1] args : Namespace(batch=1024, current_time='20210521_145206', dataset='cifar100', epochs=20, ip='192.168.1.2:7548', k=16, lr=0.01, momentum=0.9, name='loss', rank=1, scheduler_step=40, train_type='loss', weight_decay=0.005, world=3)
2021-05-21 15:11:34,962:INFO:[Rank-1] train time 41.2598, epoch   1, step  49, loss 4.80288935, auc@1 1.37, auc@5 7.68, share 17, std_loss 0.0192812979637113,  4.82786 4.77275 4.80806
2021-05-21 15:11:50,508:INFO:[Rank-1] val time 15.5392, epoch   1, step  30, loss 4.51005438, auc@1 2.65, auc@5 12.80
2021-05-21 15:12:31,282:INFO:[Rank-1] train time 40.5663, epoch   2, step  49, loss 4.47586298, auc@1 3.67, auc@5 14.94, share 17, std_loss 0.0734140014618027,  4.50220 4.40066 4.52473
2021-05-21 15:12:46,788:INFO:[Rank-1] val time 15.5024, epoch   2, step  30, loss 4.15562673, auc@1 5.67, auc@5 21.64
2021-05-21 15:13:27,202:INFO:[Rank-1] train time 40.3291, epoch   3, step  49, loss 4.18912935, auc@1 6.13, auc@5 22.39, share 15, std_loss 0.035373508360008805,  4.20718 4.16052 4.19968
2021-05-21 15:13:42,545:INFO:[Rank-1] val time 15.3400, epoch   3, step  30, loss 4.43942136, auc@1 8.69, auc@5 27.91
2021-05-21 15:14:23,054:INFO:[Rank-1] train time 40.3633, epoch   4, step  49, loss 4.00614405, auc@1 8.29, auc@5 27.60, share 16, std_loss 0.029327211787506025,  4.01537 3.98032 4.02274
2021-05-21 15:14:38,427:INFO:[Rank-1] val time 15.3697, epoch   4, step  30, loss 3.81553768, auc@1 10.46, auc@5 32.36
2021-05-21 15:15:18,868:INFO:[Rank-1] train time 40.2895, epoch   5, step  49, loss 3.86274266, auc@1 10.22, auc@5 31.62, share 17, std_loss 0.04115656626467802,  3.89816 3.83597 3.85410
2021-05-21 15:15:34,232:INFO:[Rank-1] val time 15.3613, epoch   5, step  30, loss 3.71263295, auc@1 12.17, auc@5 36.16
2021-05-21 15:16:14,733:INFO:[Rank-1] train time 40.4123, epoch   6, step  49, loss 3.75819349, auc@1 11.41, auc@5 34.56, share 17, std_loss 0.031185680582207078,  3.78034 3.73278 3.76145
2021-05-21 15:16:30,250:INFO:[Rank-1] val time 15.5140, epoch   6, step  30, loss 3.68053912, auc@1 12.92, auc@5 37.68
2021-05-21 15:17:10,865:INFO:[Rank-1] train time 40.4918, epoch   7, step  49, loss 3.66073275, auc@1 12.94, auc@5 37.61, share 17, std_loss 0.018516589559576645,  3.68721 3.65819 3.63680
2021-05-21 15:17:26,365:INFO:[Rank-1] val time 15.4969, epoch   7, step  30, loss 3.49965068, auc@1 16.30, auc@5 42.31
2021-05-21 15:18:06,848:INFO:[Rank-1] train time 40.3913, epoch   8, step  49, loss 3.55811024, auc@1 14.74, auc@5 40.91, share 12, std_loss 0.02770634791908824,  3.58145 3.54534 3.54754
2021-05-21 15:18:22,291:INFO:[Rank-1] val time 15.4396, epoch   8, step  30, loss 3.42859868, auc@1 17.31, auc@5 44.38
2021-05-21 15:19:02,941:INFO:[Rank-1] train time 40.6116, epoch   9, step  49, loss 3.44435406, auc@1 16.77, auc@5 44.02, share 18, std_loss 0.04774735634196169,  3.49559 3.42093 3.41654
2021-05-21 15:19:18,285:INFO:[Rank-1] val time 15.3408, epoch   9, step  30, loss 3.36817506, auc@1 18.16, auc@5 47.24
2021-05-21 15:19:58,857:INFO:[Rank-1] train time 40.5039, epoch  10, step  49, loss 3.36383700, auc@1 18.24, auc@5 46.14, share 16, std_loss 0.0316050262855632,  3.39479 3.36045 3.33627
2021-05-21 15:20:14,180:INFO:[Rank-1] val time 15.3202, epoch  10, step  30, loss 3.28588802, auc@1 19.78, auc@5 48.27
2021-05-21 15:20:54,483:INFO:[Rank-1] train time 40.1921, epoch  11, step  49, loss 3.28135943, auc@1 19.70, auc@5 48.53, share 14, std_loss 0.05109105924410479,  3.31160 3.25294 3.27954
2021-05-21 15:21:09,790:INFO:[Rank-1] val time 15.3043, epoch  11, step  30, loss 3.20755661, auc@1 20.60, auc@5 50.61
2021-05-21 15:21:50,224:INFO:[Rank-1] train time 40.3542, epoch  12, step  49, loss 3.15273976, auc@1 21.74, auc@5 51.73, share 16, std_loss 0.05907112458834843,  3.22345 3.12463 3.11014
2021-05-21 15:22:05,723:INFO:[Rank-1] val time 15.4963, epoch  12, step  30, loss 3.17785102, auc@1 22.65, auc@5 51.49
2021-05-21 15:22:46,652:INFO:[Rank-1] train time 40.8914, epoch  13, step  49, loss 3.05338287, auc@1 23.90, auc@5 54.33, share 17, std_loss 0.03906529337851977,  3.09954 3.05279 3.00782
2021-05-21 15:23:02,126:INFO:[Rank-1] val time 15.4707, epoch  13, step  30, loss 3.05905201, auc@1 24.14, auc@5 55.10
2021-05-21 15:23:42,892:INFO:[Rank-1] train time 40.5544, epoch  14, step  49, loss 2.97087097, auc@1 25.08, auc@5 56.24, share 16, std_loss 0.03996700668061266,  3.01117 2.95938 2.94206
2021-05-21 15:23:57,898:INFO:[Rank-1] val time 15.0034, epoch  14, step  30, loss 2.97389212, auc@1 25.92, auc@5 56.58
2021-05-21 15:24:38,474:INFO:[Rank-1] train time 40.4426, epoch  15, step  49, loss 2.86991405, auc@1 27.15, auc@5 59.04, share 16, std_loss 0.038723595364361395,  2.92050 2.84351 2.84573
2021-05-21 15:24:53,541:INFO:[Rank-1] val time 15.0641, epoch  15, step  30, loss 2.87230393, auc@1 27.67, auc@5 59.39
2021-05-21 15:25:34,122:INFO:[Rank-1] train time 40.4207, epoch  16, step  49, loss 2.80827355, auc@1 28.08, auc@5 60.58, share 15, std_loss 0.06330922268787209,  2.86533 2.80823 2.75126
2021-05-21 15:25:49,181:INFO:[Rank-1] val time 15.0562, epoch  16, step  30, loss 2.94965228, auc@1 25.80, auc@5 57.30
2021-05-21 15:26:29,460:INFO:[Rank-1] train time 40.1064, epoch  17, step  49, loss 2.74834442, auc@1 29.47, auc@5 61.81, share 15, std_loss 0.06542561309678215,  2.81721 2.72202 2.70580
2021-05-21 15:26:44,557:INFO:[Rank-1] val time 15.0933, epoch  17, step  30, loss 2.89209635, auc@1 28.58, auc@5 58.63
2021-05-21 15:27:25,227:INFO:[Rank-1] train time 40.5289, epoch  18, step  49, loss 2.62904835, auc@1 31.71, auc@5 64.52, share 16, std_loss 0.07428488568687926,  2.70841 2.60404 2.57469
2021-05-21 15:27:40,194:INFO:[Rank-1] val time 14.9636, epoch  18, step  30, loss 2.75301360, auc@1 30.54, auc@5 61.22
2021-05-21 15:28:21,270:INFO:[Rank-1] train time 40.9312, epoch  19, step  49, loss 2.57691264, auc@1 32.89, auc@5 65.75, share 14, std_loss 0.03800638698573623,  2.61406 2.56175 2.55493
2021-05-21 15:28:36,230:INFO:[Rank-1] val time 14.9566, epoch  19, step  30, loss 2.63046945, auc@1 33.03, auc@5 64.83
2021-05-21 15:29:16,932:INFO:[Rank-1] train time 40.5602, epoch  20, step  49, loss 2.47492099, auc@1 35.08, auc@5 68.18, share 16, std_loss 0.05146866998806292,  2.52676 2.47565 2.42235
2021-05-21 15:29:31,991:INFO:[Rank-1] val time 15.0565, epoch  20, step  30, loss 2.73760770, auc@1 31.37, auc@5 61.89
2021-05-21 15:29:31,991:INFO:[Rank-1] finish, train+val 1118.34790, train 812.63095, reduce_count 317
