2021-05-22 02:32:34,692:INFO:[Rank-3] args : Namespace(batch=1024, current_time='20210521_202640', dataset='cifar100', epochs=200, ip='192.168.1.1:7548', k=12, lr=0.01, momentum=0.9, name='async2(k=12)', rank=3, scheduler_step=80, train_type='async2', weight_decay=0.008, world=4)
2021-05-22 02:33:12,503:INFO:[Rank-3] train time 35.0623, epoch   1, step  49, loss 4.74720478, auc@1 2.03, auc@5 8.53, share 5, std_loss 0, 
2021-05-22 02:33:27,534:INFO:[Rank-3] val time 15.0270, epoch   1, step  40, loss 4.53226509, auc@1 2.88, auc@5 13.11
2021-05-22 02:34:04,221:INFO:[Rank-3] train time 34.5609, epoch   2, step  49, loss 4.33779478, auc@1 4.78, auc@5 18.18, share 5, std_loss 0, 
2021-05-22 02:34:19,299:INFO:[Rank-3] val time 15.0740, epoch   2, step  40, loss 4.64346580, auc@1 4.27, auc@5 18.68
2021-05-22 02:34:55,803:INFO:[Rank-3] train time 34.2902, epoch   3, step  49, loss 4.10934544, auc@1 6.75, auc@5 24.29, share 5, std_loss 0, 
2021-05-22 02:35:10,820:INFO:[Rank-3] val time 15.0132, epoch   3, step  40, loss 3.96112435, auc@1 8.55, auc@5 27.36
2021-05-22 02:35:47,455:INFO:[Rank-3] train time 34.3447, epoch   4, step  49, loss 3.94408870, auc@1 8.82, auc@5 29.23, share 5, std_loss 0, 
2021-05-22 02:36:02,398:INFO:[Rank-3] val time 14.9387, epoch   4, step  40, loss 3.82215023, auc@1 10.33, auc@5 32.35
2021-05-22 02:36:38,865:INFO:[Rank-3] train time 34.2426, epoch   5, step  49, loss 3.81849003, auc@1 10.61, auc@5 32.81, share 5, std_loss 0, 
2021-05-22 02:36:53,780:INFO:[Rank-3] val time 14.9100, epoch   5, step  40, loss 3.72829992, auc@1 11.40, auc@5 34.98
2021-05-22 02:37:30,181:INFO:[Rank-3] train time 34.2699, epoch   6, step  49, loss 3.71212912, auc@1 11.99, auc@5 35.68, share 5, std_loss 0, 
2021-05-22 02:37:45,244:INFO:[Rank-3] val time 15.0593, epoch   6, step  40, loss 3.64209119, auc@1 13.83, auc@5 37.56
2021-05-22 02:38:21,934:INFO:[Rank-3] train time 34.4082, epoch   7, step  49, loss 3.62148333, auc@1 13.37, auc@5 38.55, share 5, std_loss 0, 
2021-05-22 02:38:36,865:INFO:[Rank-3] val time 14.9275, epoch   7, step  40, loss 3.64228832, auc@1 14.10, auc@5 38.55
2021-05-22 02:39:13,703:INFO:[Rank-3] train time 34.1096, epoch   8, step  49, loss 3.51631069, auc@1 15.12, auc@5 41.73, share 5, std_loss 0, 
2021-05-22 02:39:28,844:INFO:[Rank-3] val time 15.1370, epoch   8, step  40, loss 3.66040917, auc@1 14.27, auc@5 38.49
2021-05-22 02:40:05,288:INFO:[Rank-3] train time 34.1743, epoch   9, step  49, loss 3.41140699, auc@1 17.04, auc@5 44.76, share 5, std_loss 0, 
2021-05-22 02:40:20,405:INFO:[Rank-3] val time 15.1130, epoch   9, step  40, loss 3.34590202, auc@1 18.95, auc@5 46.64
2021-05-22 02:40:57,518:INFO:[Rank-3] train time 34.2671, epoch  10, step  49, loss 3.33044028, auc@1 18.44, auc@5 46.94, share 5, std_loss 0, 
2021-05-22 02:41:12,712:INFO:[Rank-3] val time 15.1897, epoch  10, step  40, loss 3.28856012, auc@1 19.95, auc@5 48.03
2021-05-22 02:41:48,766:INFO:[Rank-3] train time 34.2668, epoch  11, step  49, loss 3.24016380, auc@1 20.02, auc@5 49.50, share 5, std_loss 0, 
2021-05-22 02:42:03,888:INFO:[Rank-3] val time 15.1169, epoch  11, step  40, loss 3.19115567, auc@1 21.54, auc@5 50.76
2021-05-22 02:42:40,681:INFO:[Rank-3] train time 34.4611, epoch  12, step  49, loss 3.15370059, auc@1 21.61, auc@5 51.77, share 5, std_loss 0, 
2021-05-22 02:42:55,826:INFO:[Rank-3] val time 15.1419, epoch  12, step  40, loss 3.15748993, auc@1 21.81, auc@5 50.98
2021-05-22 02:43:31,996:INFO:[Rank-3] train time 34.2896, epoch  13, step  49, loss 3.06842947, auc@1 23.26, auc@5 53.75, share 5, std_loss 0, 
2021-05-22 02:43:47,033:INFO:[Rank-3] val time 15.0339, epoch  13, step  40, loss 3.02433874, auc@1 23.68, auc@5 54.82
2021-05-22 02:44:23,377:INFO:[Rank-3] train time 34.3075, epoch  14, step  49, loss 2.98732615, auc@1 24.45, auc@5 55.86, share 5, std_loss 0, 
2021-05-22 02:44:38,295:INFO:[Rank-3] val time 14.9147, epoch  14, step  40, loss 2.97870056, auc@1 24.30, auc@5 56.19
2021-05-22 02:45:14,742:INFO:[Rank-3] train time 34.1774, epoch  15, step  49, loss 2.88169622, auc@1 26.35, auc@5 58.71, share 5, std_loss 0, 
2021-05-22 02:45:29,730:INFO:[Rank-3] val time 14.9839, epoch  15, step  40, loss 2.82142493, auc@1 28.06, auc@5 59.95
2021-05-22 02:46:06,091:INFO:[Rank-3] train time 34.1741, epoch  16, step  49, loss 2.80330181, auc@1 27.93, auc@5 60.77, share 5, std_loss 0, 
2021-05-22 02:46:21,205:INFO:[Rank-3] val time 15.1100, epoch  16, step  40, loss 2.81162169, auc@1 27.86, auc@5 60.00
2021-05-22 02:46:57,930:INFO:[Rank-3] train time 34.2706, epoch  17, step  49, loss 2.72130179, auc@1 29.75, auc@5 62.54, share 5, std_loss 0, 
2021-05-22 02:47:13,036:INFO:[Rank-3] val time 15.1027, epoch  17, step  40, loss 2.68622052, auc@1 29.91, auc@5 63.72
2021-05-22 02:47:49,387:INFO:[Rank-3] train time 34.2110, epoch  18, step  49, loss 2.65270805, auc@1 30.79, auc@5 64.30, share 5, std_loss 0, 
2021-05-22 02:48:04,467:INFO:[Rank-3] val time 15.0764, epoch  18, step  40, loss 2.60627412, auc@1 31.51, auc@5 64.82
2021-05-22 02:48:40,892:INFO:[Rank-3] train time 34.2297, epoch  19, step  49, loss 2.56372118, auc@1 32.94, auc@5 66.35, share 5, std_loss 0, 
2021-05-22 02:48:55,857:INFO:[Rank-3] val time 14.9613, epoch  19, step  40, loss 2.73422831, auc@1 29.39, auc@5 62.26
2021-05-22 02:49:32,625:INFO:[Rank-3] train time 34.4589, epoch  20, step  49, loss 2.49564409, auc@1 34.24, auc@5 68.08, share 5, std_loss 0, 
2021-05-22 02:49:47,872:INFO:[Rank-3] val time 15.2423, epoch  20, step  40, loss 2.68641621, auc@1 30.44, auc@5 62.73
2021-05-22 02:50:24,359:INFO:[Rank-3] train time 34.5184, epoch  21, step  49, loss 2.43650007, auc@1 35.54, auc@5 69.43, share 5, std_loss 0, 
2021-05-22 02:50:39,484:INFO:[Rank-3] val time 15.1208, epoch  21, step  40, loss 2.53142946, auc@1 33.89, auc@5 67.33
2021-05-22 02:51:16,323:INFO:[Rank-3] train time 34.2763, epoch  22, step  49, loss 2.36536932, auc@1 37.03, auc@5 70.91, share 5, std_loss 0, 
2021-05-22 02:51:31,230:INFO:[Rank-3] val time 14.9027, epoch  22, step  40, loss 2.53070905, auc@1 33.99, auc@5 66.80
2021-05-22 02:52:07,959:INFO:[Rank-3] train time 34.1239, epoch  23, step  49, loss 2.31066537, auc@1 38.14, auc@5 72.02, share 5, std_loss 0, 
2021-05-22 02:52:23,104:INFO:[Rank-3] val time 15.1410, epoch  23, step  40, loss 2.53510954, auc@1 34.03, auc@5 66.44
2021-05-22 02:52:59,140:INFO:[Rank-3] train time 34.4135, epoch  24, step  49, loss 2.26098347, auc@1 39.40, auc@5 73.31, share 5, std_loss 0, 
2021-05-22 02:53:14,764:INFO:[Rank-3] val time 15.6196, epoch  24, step  40, loss 2.20129603, auc@1 40.05, auc@5 74.16
2021-05-22 02:53:50,733:INFO:[Rank-3] train time 34.1482, epoch  25, step  49, loss 2.19752288, auc@1 41.10, auc@5 74.71, share 5, std_loss 0, 
2021-05-22 02:54:06,021:INFO:[Rank-3] val time 15.2837, epoch  25, step  40, loss 2.54243436, auc@1 33.69, auc@5 68.54
2021-05-22 02:54:41,878:INFO:[Rank-3] train time 34.4963, epoch  26, step  49, loss 2.14955878, auc@1 42.08, auc@5 75.64, share 5, std_loss 0, 
2021-05-22 02:54:56,890:INFO:[Rank-3] val time 15.0077, epoch  26, step  40, loss 2.24162988, auc@1 39.28, auc@5 72.78
2021-05-22 02:55:34,109:INFO:[Rank-3] train time 34.1991, epoch  27, step  49, loss 2.09651160, auc@1 43.20, auc@5 76.61, share 5, std_loss 0, 
2021-05-22 02:55:49,026:INFO:[Rank-3] val time 14.9129, epoch  27, step  40, loss 2.33634794, auc@1 38.66, auc@5 71.21
2021-05-22 02:56:25,657:INFO:[Rank-3] train time 34.6059, epoch  28, step  49, loss 2.06410933, auc@1 44.21, auc@5 77.22, share 5, std_loss 0, 
2021-05-22 02:56:40,695:INFO:[Rank-3] val time 15.0341, epoch  28, step  40, loss 2.36828616, auc@1 37.27, auc@5 71.06
2021-05-22 02:57:17,656:INFO:[Rank-3] train time 34.3277, epoch  29, step  49, loss 2.04638648, auc@1 44.51, auc@5 77.79, share 5, std_loss 0, 
2021-05-22 02:57:32,688:INFO:[Rank-3] val time 15.0279, epoch  29, step  40, loss 2.22171719, auc@1 39.81, auc@5 73.76
2021-05-22 02:58:09,652:INFO:[Rank-3] train time 34.1744, epoch  30, step  49, loss 1.99425125, auc@1 45.76, auc@5 78.79, share 5, std_loss 0, 
2021-05-22 02:58:24,834:INFO:[Rank-3] val time 15.1781, epoch  30, step  40, loss 2.04351771, auc@1 44.69, auc@5 77.76
2021-05-22 02:59:01,056:INFO:[Rank-3] train time 34.2615, epoch  31, step  49, loss 1.95620191, auc@1 46.62, auc@5 79.51, share 5, std_loss 0, 
2021-05-22 02:59:16,090:INFO:[Rank-3] val time 15.0289, epoch  31, step  40, loss 2.14166561, auc@1 41.77, auc@5 75.01
2021-05-22 02:59:52,601:INFO:[Rank-3] train time 34.3125, epoch  32, step  49, loss 1.93575609, auc@1 47.49, auc@5 80.03, share 5, std_loss 0, 
2021-05-22 03:00:07,717:INFO:[Rank-3] val time 15.1113, epoch  32, step  40, loss 2.13435132, auc@1 41.90, auc@5 75.14
2021-05-22 03:00:44,377:INFO:[Rank-3] train time 34.3619, epoch  33, step  49, loss 1.89651644, auc@1 48.36, auc@5 80.71, share 5, std_loss 0, 
2021-05-22 03:00:59,516:INFO:[Rank-3] val time 15.1342, epoch  33, step  40, loss 2.13099019, auc@1 42.99, auc@5 75.57
2021-05-22 03:01:36,073:INFO:[Rank-3] train time 34.7106, epoch  34, step  49, loss 1.87421441, auc@1 49.10, auc@5 81.03, share 5, std_loss 0, 
2021-05-22 03:01:51,205:INFO:[Rank-3] val time 15.1273, epoch  34, step  40, loss 2.13232358, auc@1 41.90, auc@5 75.28
2021-05-22 03:02:27,800:INFO:[Rank-3] train time 34.4930, epoch  35, step  49, loss 1.84991062, auc@1 49.58, auc@5 81.65, share 5, std_loss 0, 
2021-05-22 03:02:42,735:INFO:[Rank-3] val time 14.9305, epoch  35, step  40, loss 2.08334692, auc@1 43.18, auc@5 75.40
2021-05-22 03:03:19,716:INFO:[Rank-3] train time 34.2588, epoch  36, step  49, loss 1.83434188, auc@1 49.90, auc@5 81.89, share 5, std_loss 0, 
2021-05-22 03:03:34,836:INFO:[Rank-3] val time 15.1159, epoch  36, step  40, loss 2.02678565, auc@1 44.98, auc@5 78.24
2021-05-22 03:04:11,496:INFO:[Rank-3] train time 34.3425, epoch  37, step  49, loss 1.81839848, auc@1 50.43, auc@5 82.43, share 5, std_loss 0, 
2021-05-22 03:04:26,538:INFO:[Rank-3] val time 15.0373, epoch  37, step  40, loss 1.92181839, auc@1 47.58, auc@5 79.58
2021-05-22 03:05:03,305:INFO:[Rank-3] train time 34.5070, epoch  38, step  49, loss 1.79650950, auc@1 51.20, auc@5 82.71, share 5, std_loss 0, 
2021-05-22 03:05:18,418:INFO:[Rank-3] val time 15.1084, epoch  38, step  40, loss 2.16912116, auc@1 41.57, auc@5 74.71
2021-05-22 03:05:55,260:INFO:[Rank-3] train time 34.3119, epoch  39, step  49, loss 1.77828956, auc@1 51.46, auc@5 82.97, share 5, std_loss 0, 
2021-05-22 03:06:10,396:INFO:[Rank-3] val time 15.1323, epoch  39, step  40, loss 2.06017196, auc@1 44.34, auc@5 77.07
2021-05-22 03:06:46,904:INFO:[Rank-3] train time 34.3464, epoch  40, step  49, loss 1.76886094, auc@1 51.89, auc@5 83.23, share 5, std_loss 0, 
2021-05-22 03:07:02,180:INFO:[Rank-3] val time 15.2709, epoch  40, step  40, loss 2.07539736, auc@1 44.28, auc@5 76.67
2021-05-22 03:07:38,437:INFO:[Rank-3] train time 34.3698, epoch  41, step  49, loss 1.75818670, auc@1 52.27, auc@5 83.33, share 5, std_loss 0, 
2021-05-22 03:07:53,608:INFO:[Rank-3] val time 15.1663, epoch  41, step  40, loss 1.96890691, auc@1 46.88, auc@5 78.41
2021-05-22 03:08:29,726:INFO:[Rank-3] train time 34.2210, epoch  42, step  49, loss 1.73039126, auc@1 53.01, auc@5 83.95, share 5, std_loss 0, 
2021-05-22 03:08:45,122:INFO:[Rank-3] val time 15.3933, epoch  42, step  40, loss 2.34325305, auc@1 39.58, auc@5 71.32
2021-05-22 03:09:21,463:INFO:[Rank-3] train time 34.3739, epoch  43, step  49, loss 1.72160876, auc@1 53.18, auc@5 84.10, share 5, std_loss 0, 
2021-05-22 03:09:36,668:INFO:[Rank-3] val time 15.2017, epoch  43, step  40, loss 1.98222435, auc@1 46.33, auc@5 78.68
2021-05-22 03:10:13,063:INFO:[Rank-3] train time 34.3000, epoch  44, step  49, loss 1.70819581, auc@1 53.60, auc@5 84.37, share 5, std_loss 0, 
2021-05-22 03:10:28,059:INFO:[Rank-3] val time 14.9913, epoch  44, step  40, loss 1.86387627, auc@1 48.80, auc@5 80.89
2021-05-22 03:11:04,479:INFO:[Rank-3] train time 34.3596, epoch  45, step  49, loss 1.68602753, auc@1 54.15, auc@5 84.72, share 5, std_loss 0, 
2021-05-22 03:11:19,552:INFO:[Rank-3] val time 15.0700, epoch  45, step  40, loss 1.87298140, auc@1 48.93, auc@5 80.53
2021-05-22 03:11:56,519:INFO:[Rank-3] train time 34.2790, epoch  46, step  49, loss 1.66812253, auc@1 54.71, auc@5 85.01, share 5, std_loss 0, 
2021-05-22 03:12:11,418:INFO:[Rank-3] val time 14.8955, epoch  46, step  40, loss 1.88374845, auc@1 48.69, auc@5 79.91
2021-05-22 03:12:48,164:INFO:[Rank-3] train time 34.3466, epoch  47, step  49, loss 1.67533016, auc@1 54.53, auc@5 84.92, share 5, std_loss 0, 
2021-05-22 03:13:03,115:INFO:[Rank-3] val time 14.9461, epoch  47, step  40, loss 2.12902922, auc@1 43.06, auc@5 75.46
2021-05-22 03:13:39,595:INFO:[Rank-3] train time 34.1426, epoch  48, step  49, loss 1.67100501, auc@1 54.66, auc@5 85.15, share 5, std_loss 0, 
2021-05-22 03:13:54,584:INFO:[Rank-3] val time 14.9850, epoch  48, step  40, loss 1.88820907, auc@1 49.02, auc@5 80.00
2021-05-22 03:14:30,999:INFO:[Rank-3] train time 34.3902, epoch  49, step  49, loss 1.64665151, auc@1 55.58, auc@5 85.64, share 5, std_loss 0, 
2021-05-22 03:14:46,036:INFO:[Rank-3] val time 15.0333, epoch  49, step  40, loss 1.97564649, auc@1 47.33, auc@5 77.97
2021-05-22 03:15:22,400:INFO:[Rank-3] train time 34.3029, epoch  50, step  49, loss 1.63877881, auc@1 55.63, auc@5 85.46, share 5, std_loss 0, 
2021-05-22 03:15:37,443:INFO:[Rank-3] val time 15.0391, epoch  50, step  40, loss 1.91817885, auc@1 47.92, auc@5 79.57
2021-05-22 03:16:13,961:INFO:[Rank-3] train time 34.4427, epoch  51, step  49, loss 1.63429058, auc@1 55.58, auc@5 85.92, share 5, std_loss 0, 
2021-05-22 03:16:29,030:INFO:[Rank-3] val time 15.0637, epoch  51, step  40, loss 2.10170977, auc@1 43.72, auc@5 75.95
2021-05-22 03:17:05,668:INFO:[Rank-3] train time 34.3309, epoch  52, step  49, loss 1.62726498, auc@1 55.93, auc@5 85.80, share 5, std_loss 0, 
2021-05-22 03:17:20,748:INFO:[Rank-3] val time 15.0752, epoch  52, step  40, loss 1.89517951, auc@1 48.92, auc@5 79.66
2021-05-22 03:17:56,793:INFO:[Rank-3] train time 34.1775, epoch  53, step  49, loss 1.61239338, auc@1 56.49, auc@5 86.11, share 5, std_loss 0, 
2021-05-22 03:18:11,979:INFO:[Rank-3] val time 15.1827, epoch  53, step  40, loss 2.13146600, auc@1 44.42, auc@5 75.75
2021-05-22 03:18:49,146:INFO:[Rank-3] train time 34.4457, epoch  54, step  49, loss 1.61555159, auc@1 56.68, auc@5 86.05, share 5, std_loss 0, 
2021-05-22 03:19:04,368:INFO:[Rank-3] val time 15.2180, epoch  54, step  40, loss 1.99571875, auc@1 46.38, auc@5 78.53
2021-05-22 03:19:40,529:INFO:[Rank-3] train time 34.2208, epoch  55, step  49, loss 1.60130167, auc@1 57.00, auc@5 86.25, share 5, std_loss 0, 
2021-05-22 03:19:55,507:INFO:[Rank-3] val time 14.9750, epoch  55, step  40, loss 1.89063961, auc@1 49.08, auc@5 79.99
2021-05-22 03:20:32,251:INFO:[Rank-3] train time 34.3254, epoch  56, step  49, loss 1.59968901, auc@1 57.07, auc@5 86.18, share 5, std_loss 0, 
2021-05-22 03:20:47,386:INFO:[Rank-3] val time 15.1305, epoch  56, step  40, loss 1.78796594, auc@1 51.81, auc@5 81.89
2021-05-22 03:21:24,140:INFO:[Rank-3] train time 34.3135, epoch  57, step  49, loss 1.59291017, auc@1 56.96, auc@5 86.49, share 5, std_loss 0, 
2021-05-22 03:21:39,145:INFO:[Rank-3] val time 15.0007, epoch  57, step  40, loss 1.71709298, auc@1 53.18, auc@5 83.34
2021-05-22 03:22:15,543:INFO:[Rank-3] train time 34.4332, epoch  58, step  49, loss 1.57335627, auc@1 57.66, auc@5 86.77, share 5, std_loss 0, 
2021-05-22 03:22:30,559:INFO:[Rank-3] val time 15.0120, epoch  58, step  40, loss 1.95820626, auc@1 47.47, auc@5 78.71
2021-05-22 03:23:07,143:INFO:[Rank-3] train time 34.2667, epoch  59, step  49, loss 1.57727122, auc@1 57.90, auc@5 86.62, share 5, std_loss 0, 
2021-05-22 03:23:22,262:INFO:[Rank-3] val time 15.1151, epoch  59, step  40, loss 1.90317326, auc@1 49.19, auc@5 79.46
2021-05-22 03:23:58,672:INFO:[Rank-3] train time 34.2700, epoch  60, step  49, loss 1.57053578, auc@1 57.99, auc@5 86.74, share 5, std_loss 0, 
2021-05-22 03:24:13,693:INFO:[Rank-3] val time 15.0169, epoch  60, step  40, loss 1.91908691, auc@1 49.33, auc@5 79.11
2021-05-22 03:24:50,244:INFO:[Rank-3] train time 34.5100, epoch  61, step  49, loss 1.56242871, auc@1 58.11, auc@5 87.11, share 5, std_loss 0, 
2021-05-22 03:25:05,263:INFO:[Rank-3] val time 15.0154, epoch  61, step  40, loss 1.98142155, auc@1 48.12, auc@5 77.70
2021-05-22 03:25:42,252:INFO:[Rank-3] train time 34.5113, epoch  62, step  49, loss 1.55973184, auc@1 58.05, auc@5 87.07, share 5, std_loss 0, 
2021-05-22 03:25:57,278:INFO:[Rank-3] val time 15.0219, epoch  62, step  40, loss 1.88682071, auc@1 49.96, auc@5 80.04
2021-05-22 03:26:33,786:INFO:[Rank-3] train time 34.3030, epoch  63, step  49, loss 1.54455292, auc@1 58.49, auc@5 87.05, share 5, std_loss 0, 
2021-05-22 03:26:48,838:INFO:[Rank-3] val time 15.0479, epoch  63, step  40, loss 1.89004308, auc@1 50.02, auc@5 80.30
2021-05-22 03:27:25,285:INFO:[Rank-3] train time 34.2199, epoch  64, step  49, loss 1.56090438, auc@1 58.09, auc@5 86.96, share 5, std_loss 0, 
2021-05-22 03:27:40,197:INFO:[Rank-3] val time 14.9079, epoch  64, step  40, loss 1.85837079, auc@1 50.19, auc@5 80.73
2021-05-22 03:28:16,953:INFO:[Rank-3] train time 34.3084, epoch  65, step  49, loss 1.53828347, auc@1 58.77, auc@5 87.29, share 5, std_loss 0, 
2021-05-22 03:28:32,017:INFO:[Rank-3] val time 15.0584, epoch  65, step  40, loss 1.84029242, auc@1 50.06, auc@5 81.91
2021-05-22 03:29:08,653:INFO:[Rank-3] train time 34.3134, epoch  66, step  49, loss 1.54142809, auc@1 58.66, auc@5 87.08, share 5, std_loss 0, 
2021-05-22 03:29:23,707:INFO:[Rank-3] val time 15.0499, epoch  66, step  40, loss 1.76285899, auc@1 51.97, auc@5 82.22
2021-05-22 03:30:00,351:INFO:[Rank-3] train time 34.4063, epoch  67, step  49, loss 1.54252887, auc@1 58.55, auc@5 87.36, share 5, std_loss 0, 
2021-05-22 03:30:15,369:INFO:[Rank-3] val time 15.0131, epoch  67, step  40, loss 1.87242672, auc@1 49.60, auc@5 80.89
2021-05-22 03:30:51,807:INFO:[Rank-3] train time 34.3891, epoch  68, step  49, loss 1.53895628, auc@1 58.91, auc@5 87.35, share 5, std_loss 0, 
2021-05-22 03:31:06,904:INFO:[Rank-3] val time 15.0928, epoch  68, step  40, loss 1.88163864, auc@1 49.84, auc@5 80.57
2021-05-22 03:31:43,334:INFO:[Rank-3] train time 34.4081, epoch  69, step  49, loss 1.53460097, auc@1 58.99, auc@5 87.18, share 5, std_loss 0, 
2021-05-22 03:31:58,452:INFO:[Rank-3] val time 15.1136, epoch  69, step  40, loss 2.00596745, auc@1 46.90, auc@5 77.58
2021-05-22 03:32:35,048:INFO:[Rank-3] train time 34.4141, epoch  70, step  49, loss 1.53443062, auc@1 59.08, auc@5 87.42, share 5, std_loss 0, 
2021-05-22 03:32:50,106:INFO:[Rank-3] val time 15.0526, epoch  70, step  40, loss 2.01694835, auc@1 46.05, auc@5 77.76
2021-05-22 03:33:27,129:INFO:[Rank-3] train time 34.3580, epoch  71, step  49, loss 1.52660954, auc@1 59.38, auc@5 87.23, share 5, std_loss 0, 
2021-05-22 03:33:42,065:INFO:[Rank-3] val time 14.9320, epoch  71, step  40, loss 1.80126978, auc@1 50.36, auc@5 82.38
2021-05-22 03:34:18,678:INFO:[Rank-3] train time 34.2821, epoch  72, step  49, loss 1.51824033, auc@1 59.34, auc@5 87.87, share 5, std_loss 0, 
2021-05-22 03:34:33,660:INFO:[Rank-3] val time 14.9783, epoch  72, step  40, loss 1.88550004, auc@1 49.53, auc@5 80.60
2021-05-22 03:35:10,272:INFO:[Rank-3] train time 34.2631, epoch  73, step  49, loss 1.51836205, auc@1 59.57, auc@5 87.41, share 5, std_loss 0, 
2021-05-22 03:35:25,339:INFO:[Rank-3] val time 15.0634, epoch  73, step  40, loss 1.98636792, auc@1 47.78, auc@5 77.96
2021-05-22 03:36:02,052:INFO:[Rank-3] train time 34.4511, epoch  74, step  49, loss 1.50704932, auc@1 59.91, auc@5 87.72, share 5, std_loss 0, 
2021-05-22 03:36:16,967:INFO:[Rank-3] val time 14.9104, epoch  74, step  40, loss 1.88224310, auc@1 49.97, auc@5 79.82
2021-05-22 03:36:54,036:INFO:[Rank-3] train time 34.3778, epoch  75, step  49, loss 1.51670921, auc@1 59.41, auc@5 87.53, share 5, std_loss 0, 
2021-05-22 03:37:09,082:INFO:[Rank-3] val time 15.0426, epoch  75, step  40, loss 1.87988686, auc@1 49.31, auc@5 80.01
2021-05-22 03:37:45,398:INFO:[Rank-3] train time 34.2658, epoch  76, step  49, loss 1.51413190, auc@1 59.53, auc@5 87.71, share 5, std_loss 0, 
2021-05-22 03:38:00,554:INFO:[Rank-3] val time 15.1530, epoch  76, step  40, loss 1.76882975, auc@1 52.56, auc@5 82.34
2021-05-22 03:38:37,057:INFO:[Rank-3] train time 34.3409, epoch  77, step  49, loss 1.49954736, auc@1 60.02, auc@5 87.90, share 5, std_loss 0, 
2021-05-22 03:38:52,100:INFO:[Rank-3] val time 15.0398, epoch  77, step  40, loss 1.84538523, auc@1 50.61, auc@5 80.85
2021-05-22 03:39:28,529:INFO:[Rank-3] train time 34.2619, epoch  78, step  49, loss 1.50813246, auc@1 60.01, auc@5 87.58, share 5, std_loss 0, 
2021-05-22 03:39:43,725:INFO:[Rank-3] val time 15.1934, epoch  78, step  40, loss 2.01525350, auc@1 46.43, auc@5 78.34
2021-05-22 03:40:20,321:INFO:[Rank-3] train time 34.4035, epoch  79, step  49, loss 1.51412463, auc@1 59.80, auc@5 87.66, share 5, std_loss 0, 
2021-05-22 03:40:35,359:INFO:[Rank-3] val time 15.0332, epoch  79, step  40, loss 1.99557941, auc@1 46.94, auc@5 78.45
2021-05-22 03:41:11,929:INFO:[Rank-3] train time 34.3004, epoch  80, step  49, loss 1.51338005, auc@1 59.81, auc@5 87.61, share 5, std_loss 0, 
2021-05-22 03:41:26,940:INFO:[Rank-3] val time 15.0071, epoch  80, step  40, loss 1.84217515, auc@1 51.18, auc@5 80.99
2021-05-22 03:42:03,426:INFO:[Rank-3] train time 34.2587, epoch  81, step  49, loss 1.27353716, auc@1 66.73, auc@5 90.96, share 5, std_loss 0, 
2021-05-22 03:42:18,452:INFO:[Rank-3] val time 15.0225, epoch  81, step  40, loss 1.23883105, auc@1 65.52, auc@5 90.25
2021-05-22 03:42:55,017:INFO:[Rank-3] train time 34.2593, epoch  82, step  49, loss 1.12161934, auc@1 70.74, auc@5 93.04, share 5, std_loss 0, 
2021-05-22 03:43:10,130:INFO:[Rank-3] val time 15.1087, epoch  82, step  40, loss 1.18450182, auc@1 67.01, auc@5 90.79
2021-05-22 03:43:46,618:INFO:[Rank-3] train time 34.3043, epoch  83, step  49, loss 1.07329535, auc@1 71.88, auc@5 93.46, share 5, std_loss 0, 
2021-05-22 03:44:01,595:INFO:[Rank-3] val time 14.9734, epoch  83, step  40, loss 1.15265816, auc@1 67.90, auc@5 91.48
2021-05-22 03:44:38,234:INFO:[Rank-3] train time 34.2511, epoch  84, step  49, loss 1.04187512, auc@1 72.85, auc@5 93.82, share 5, std_loss 0, 
2021-05-22 03:44:53,438:INFO:[Rank-3] val time 15.1973, epoch  84, step  40, loss 1.14214965, auc@1 68.29, auc@5 91.46
2021-05-22 03:45:29,873:INFO:[Rank-3] train time 34.2487, epoch  85, step  49, loss 1.01427674, auc@1 73.64, auc@5 94.05, share 5, std_loss 0, 
2021-05-22 03:45:44,799:INFO:[Rank-3] val time 14.9219, epoch  85, step  40, loss 1.12732305, auc@1 68.57, auc@5 91.78
2021-05-22 03:46:21,259:INFO:[Rank-3] train time 34.1599, epoch  86, step  49, loss 0.99024612, auc@1 74.26, auc@5 94.37, share 5, std_loss 0, 
2021-05-22 03:46:36,345:INFO:[Rank-3] val time 15.0812, epoch  86, step  40, loss 1.11841354, auc@1 69.10, auc@5 91.63
2021-05-22 03:47:12,653:INFO:[Rank-3] train time 34.3267, epoch  87, step  49, loss 0.97405267, auc@1 74.47, auc@5 94.58, share 5, std_loss 0, 
2021-05-22 03:47:27,708:INFO:[Rank-3] val time 15.0523, epoch  87, step  40, loss 1.11166804, auc@1 69.64, auc@5 91.88
2021-05-22 03:48:04,126:INFO:[Rank-3] train time 34.2806, epoch  88, step  49, loss 0.95704561, auc@1 75.10, auc@5 94.70, share 5, std_loss 0, 
2021-05-22 03:48:19,159:INFO:[Rank-3] val time 15.0278, epoch  88, step  40, loss 1.10077003, auc@1 69.47, auc@5 91.95
2021-05-22 03:48:55,804:INFO:[Rank-3] train time 34.3870, epoch  89, step  49, loss 0.94240874, auc@1 75.55, auc@5 94.92, share 5, std_loss 0, 
2021-05-22 03:49:11,002:INFO:[Rank-3] val time 15.1938, epoch  89, step  40, loss 1.09279248, auc@1 69.83, auc@5 91.92
2021-05-22 03:49:47,727:INFO:[Rank-3] train time 34.2505, epoch  90, step  49, loss 0.92926210, auc@1 75.86, auc@5 95.12, share 5, std_loss 0, 
2021-05-22 03:50:02,725:INFO:[Rank-3] val time 14.9944, epoch  90, step  40, loss 1.09633505, auc@1 69.33, auc@5 92.08
2021-05-22 03:50:39,721:INFO:[Rank-3] train time 34.2546, epoch  91, step  49, loss 0.91042173, auc@1 76.43, auc@5 95.23, share 5, std_loss 0, 
2021-05-22 03:50:54,657:INFO:[Rank-3] val time 14.9320, epoch  91, step  40, loss 1.09500047, auc@1 69.52, auc@5 91.80
2021-05-22 03:51:31,394:INFO:[Rank-3] train time 34.2179, epoch  92, step  49, loss 0.90157866, auc@1 76.68, auc@5 95.30, share 5, std_loss 0, 
2021-05-22 03:51:46,415:INFO:[Rank-3] val time 15.0159, epoch  92, step  40, loss 1.07672155, auc@1 69.91, auc@5 92.32
2021-05-22 03:52:23,042:INFO:[Rank-3] train time 34.6166, epoch  93, step  49, loss 0.88381612, auc@1 77.02, auc@5 95.55, share 5, std_loss 0, 
2021-05-22 03:52:38,092:INFO:[Rank-3] val time 15.0459, epoch  93, step  40, loss 1.07292966, auc@1 70.08, auc@5 92.23
2021-05-22 03:53:14,025:INFO:[Rank-3] train time 34.4560, epoch  94, step  49, loss 0.87179494, auc@1 77.48, auc@5 95.77, share 5, std_loss 0, 
2021-05-22 03:53:29,097:INFO:[Rank-3] val time 15.0676, epoch  94, step  40, loss 1.08164343, auc@1 69.50, auc@5 92.23
2021-05-22 03:54:05,787:INFO:[Rank-3] train time 34.1834, epoch  95, step  49, loss 0.86221749, auc@1 77.67, auc@5 95.64, share 5, std_loss 0, 
2021-05-22 03:54:20,760:INFO:[Rank-3] val time 14.9689, epoch  95, step  40, loss 1.07042222, auc@1 69.99, auc@5 92.28
2021-05-22 03:54:57,462:INFO:[Rank-3] train time 34.2460, epoch  96, step  49, loss 0.85629952, auc@1 78.05, auc@5 95.79, share 5, std_loss 0, 
2021-05-22 03:55:12,424:INFO:[Rank-3] val time 14.9578, epoch  96, step  40, loss 1.07380850, auc@1 70.09, auc@5 92.17
2021-05-22 03:55:49,092:INFO:[Rank-3] train time 34.1720, epoch  97, step  49, loss 0.83847344, auc@1 78.33, auc@5 95.84, share 5, std_loss 0, 
2021-05-22 03:56:04,135:INFO:[Rank-3] val time 15.0385, epoch  97, step  40, loss 1.07743309, auc@1 69.77, auc@5 92.02
2021-05-22 03:56:40,411:INFO:[Rank-3] train time 34.2532, epoch  98, step  49, loss 0.83145291, auc@1 78.67, auc@5 95.87, share 5, std_loss 0, 
2021-05-22 03:56:55,435:INFO:[Rank-3] val time 15.0199, epoch  98, step  40, loss 1.06879960, auc@1 70.25, auc@5 92.26
2021-05-22 03:57:32,188:INFO:[Rank-3] train time 34.2271, epoch  99, step  49, loss 0.82293618, auc@1 78.81, auc@5 96.06, share 5, std_loss 0, 
2021-05-22 03:57:47,184:INFO:[Rank-3] val time 14.9937, epoch  99, step  40, loss 1.09095170, auc@1 69.37, auc@5 91.99
2021-05-22 03:58:24,351:INFO:[Rank-3] train time 34.2416, epoch 100, step  49, loss 0.80988216, auc@1 79.16, auc@5 96.11, share 5, std_loss 0, 
2021-05-22 03:58:39,539:INFO:[Rank-3] val time 15.1833, epoch 100, step  40, loss 1.07326283, auc@1 70.28, auc@5 91.83
2021-05-22 03:59:15,951:INFO:[Rank-3] train time 34.3115, epoch 101, step  49, loss 0.80059296, auc@1 79.50, auc@5 96.28, share 5, std_loss 0, 
2021-05-22 03:59:30,982:INFO:[Rank-3] val time 15.0276, epoch 101, step  40, loss 1.07432754, auc@1 70.31, auc@5 91.85
2021-05-22 04:00:07,975:INFO:[Rank-3] train time 34.3930, epoch 102, step  49, loss 0.78808975, auc@1 79.96, auc@5 96.40, share 5, std_loss 0, 
2021-05-22 04:00:23,018:INFO:[Rank-3] val time 15.0377, epoch 102, step  40, loss 1.06279928, auc@1 70.19, auc@5 92.34
2021-05-22 04:00:59,451:INFO:[Rank-3] train time 34.4062, epoch 103, step  49, loss 0.77958822, auc@1 80.13, auc@5 96.45, share 5, std_loss 0, 
2021-05-22 04:01:14,568:INFO:[Rank-3] val time 15.1122, epoch 103, step  40, loss 1.05279992, auc@1 71.17, auc@5 92.39
2021-05-22 04:01:50,919:INFO:[Rank-3] train time 34.2003, epoch 104, step  49, loss 0.77468991, auc@1 80.33, auc@5 96.49, share 5, std_loss 0, 
2021-05-22 04:02:05,965:INFO:[Rank-3] val time 15.0421, epoch 104, step  40, loss 1.08486159, auc@1 69.57, auc@5 91.81
2021-05-22 04:02:42,076:INFO:[Rank-3] train time 34.3466, epoch 105, step  49, loss 0.76566607, auc@1 80.43, auc@5 96.54, share 5, std_loss 0, 
2021-05-22 04:02:57,075:INFO:[Rank-3] val time 14.9960, epoch 105, step  40, loss 1.04928519, auc@1 71.17, auc@5 92.16
2021-05-22 04:03:33,739:INFO:[Rank-3] train time 34.4344, epoch 106, step  49, loss 0.75459999, auc@1 80.81, auc@5 96.62, share 5, std_loss 0, 
2021-05-22 04:03:48,747:INFO:[Rank-3] val time 15.0039, epoch 106, step  40, loss 1.05308034, auc@1 70.75, auc@5 92.42
2021-05-22 04:04:25,403:INFO:[Rank-3] train time 34.3261, epoch 107, step  49, loss 0.75021195, auc@1 80.88, auc@5 96.77, share 5, std_loss 0, 
2021-05-22 04:04:40,448:INFO:[Rank-3] val time 15.0411, epoch 107, step  40, loss 1.04995129, auc@1 70.66, auc@5 92.47
2021-05-22 04:05:17,054:INFO:[Rank-3] train time 34.2466, epoch 108, step  49, loss 0.74261421, auc@1 81.12, auc@5 96.77, share 5, std_loss 0, 
2021-05-22 04:05:32,151:INFO:[Rank-3] val time 15.0940, epoch 108, step  40, loss 1.06773136, auc@1 70.81, auc@5 91.94
2021-05-22 04:06:08,668:INFO:[Rank-3] train time 34.3448, epoch 109, step  49, loss 0.72611701, auc@1 81.73, auc@5 96.89, share 5, std_loss 0, 
2021-05-22 04:06:23,749:INFO:[Rank-3] val time 15.0767, epoch 109, step  40, loss 1.06450875, auc@1 70.90, auc@5 92.00
2021-05-22 04:06:59,849:INFO:[Rank-3] train time 34.3413, epoch 110, step  49, loss 0.72496718, auc@1 81.69, auc@5 96.87, share 5, std_loss 0, 
2021-05-22 04:07:15,036:INFO:[Rank-3] val time 15.1846, epoch 110, step  40, loss 1.07681727, auc@1 70.22, auc@5 91.91
2021-05-22 04:07:51,300:INFO:[Rank-3] train time 34.3653, epoch 111, step  49, loss 0.71517217, auc@1 81.96, auc@5 97.00, share 5, std_loss 0, 
2021-05-22 04:08:06,366:INFO:[Rank-3] val time 15.0626, epoch 111, step  40, loss 1.06425298, auc@1 70.40, auc@5 92.04
2021-05-22 04:08:42,880:INFO:[Rank-3] train time 34.2742, epoch 112, step  49, loss 0.70424843, auc@1 82.34, auc@5 97.00, share 5, std_loss 0, 
2021-05-22 04:08:57,947:INFO:[Rank-3] val time 15.0634, epoch 112, step  40, loss 1.05522804, auc@1 70.95, auc@5 92.10
2021-05-22 04:09:34,542:INFO:[Rank-3] train time 34.6102, epoch 113, step  49, loss 0.70251203, auc@1 82.34, auc@5 97.18, share 5, std_loss 0, 
2021-05-22 04:09:49,490:INFO:[Rank-3] val time 14.9439, epoch 113, step  40, loss 1.08218607, auc@1 70.70, auc@5 91.80
2021-05-22 04:10:26,209:INFO:[Rank-3] train time 34.2328, epoch 114, step  49, loss 0.69335663, auc@1 82.66, auc@5 97.29, share 5, std_loss 0, 
2021-05-22 04:10:41,355:INFO:[Rank-3] val time 15.1424, epoch 114, step  40, loss 1.06451220, auc@1 70.82, auc@5 92.25
2021-05-22 04:11:18,069:INFO:[Rank-3] train time 34.5338, epoch 115, step  49, loss 0.68533885, auc@1 82.77, auc@5 97.26, share 5, std_loss 0, 
2021-05-22 04:11:33,105:INFO:[Rank-3] val time 15.0312, epoch 115, step  40, loss 1.07957697, auc@1 70.24, auc@5 92.21
2021-05-22 04:12:09,639:INFO:[Rank-3] train time 34.3054, epoch 116, step  49, loss 0.68099999, auc@1 82.85, auc@5 97.28, share 5, std_loss 0, 
2021-05-22 04:12:24,731:INFO:[Rank-3] val time 15.0882, epoch 116, step  40, loss 1.07580021, auc@1 70.44, auc@5 92.04
2021-05-22 04:13:01,408:INFO:[Rank-3] train time 34.3665, epoch 117, step  49, loss 0.67196298, auc@1 83.16, auc@5 97.37, share 5, std_loss 0, 
2021-05-22 04:13:16,501:INFO:[Rank-3] val time 15.0888, epoch 117, step  40, loss 1.07308055, auc@1 70.37, auc@5 92.03
2021-05-22 04:13:52,952:INFO:[Rank-3] train time 34.2934, epoch 118, step  49, loss 0.66841966, auc@1 83.31, auc@5 97.37, share 5, std_loss 0, 
2021-05-22 04:14:07,884:INFO:[Rank-3] val time 14.9282, epoch 118, step  40, loss 1.05996345, auc@1 70.66, auc@5 92.39
2021-05-22 04:14:44,577:INFO:[Rank-3] train time 34.4976, epoch 119, step  49, loss 0.66131860, auc@1 83.47, auc@5 97.40, share 5, std_loss 0, 
2021-05-22 04:14:59,797:INFO:[Rank-3] val time 15.2159, epoch 119, step  40, loss 1.07517259, auc@1 70.86, auc@5 92.02
2021-05-22 04:15:36,177:INFO:[Rank-3] train time 34.3517, epoch 120, step  49, loss 0.65762830, auc@1 83.77, auc@5 97.44, share 5, std_loss 0, 
2021-05-22 04:15:51,405:INFO:[Rank-3] val time 15.2232, epoch 120, step  40, loss 1.08219134, auc@1 70.55, auc@5 91.93
2021-05-22 04:16:28,077:INFO:[Rank-3] train time 34.3143, epoch 121, step  49, loss 0.65011913, auc@1 83.94, auc@5 97.46, share 5, std_loss 0, 
2021-05-22 04:16:43,226:INFO:[Rank-3] val time 15.1434, epoch 121, step  40, loss 1.07557326, auc@1 70.31, auc@5 91.98
2021-05-22 04:17:19,618:INFO:[Rank-3] train time 34.3044, epoch 122, step  49, loss 0.63948357, auc@1 84.06, auc@5 97.70, share 5, std_loss 0, 
2021-05-22 04:17:34,553:INFO:[Rank-3] val time 14.9310, epoch 122, step  40, loss 1.06882171, auc@1 70.87, auc@5 92.31
2021-05-22 04:18:11,190:INFO:[Rank-3] train time 34.1906, epoch 123, step  49, loss 0.62824196, auc@1 84.47, auc@5 97.65, share 5, std_loss 0, 
2021-05-22 04:18:26,205:INFO:[Rank-3] val time 15.0107, epoch 123, step  40, loss 1.11498929, auc@1 69.62, auc@5 91.56
2021-05-22 04:19:02,833:INFO:[Rank-3] train time 34.3692, epoch 124, step  49, loss 0.63045365, auc@1 84.43, auc@5 97.66, share 5, std_loss 0, 
2021-05-22 04:19:17,909:INFO:[Rank-3] val time 15.0711, epoch 124, step  40, loss 1.07200143, auc@1 70.73, auc@5 91.71
2021-05-22 04:19:53,733:INFO:[Rank-3] train time 34.2384, epoch 125, step  49, loss 0.61896038, auc@1 84.71, auc@5 97.78, share 5, std_loss 0, 
2021-05-22 04:20:08,926:INFO:[Rank-3] val time 15.1890, epoch 125, step  40, loss 1.11205442, auc@1 69.72, auc@5 91.36
2021-05-22 04:20:45,530:INFO:[Rank-3] train time 34.4436, epoch 126, step  49, loss 0.61805451, auc@1 84.83, auc@5 97.71, share 5, std_loss 0, 
2021-05-22 04:21:00,537:INFO:[Rank-3] val time 15.0021, epoch 126, step  40, loss 1.08601937, auc@1 70.62, auc@5 91.76
2021-05-22 04:21:36,924:INFO:[Rank-3] train time 34.4355, epoch 127, step  49, loss 0.61236995, auc@1 84.96, auc@5 97.91, share 5, std_loss 0, 
2021-05-22 04:21:51,981:INFO:[Rank-3] val time 15.0519, epoch 127, step  40, loss 1.07957604, auc@1 71.01, auc@5 91.86
2021-05-22 04:22:29,744:INFO:[Rank-3] train time 34.9827, epoch 128, step  49, loss 0.61113268, auc@1 84.98, auc@5 97.75, share 5, std_loss 0, 
2021-05-22 04:22:44,826:INFO:[Rank-3] val time 15.0777, epoch 128, step  40, loss 1.08626605, auc@1 70.10, auc@5 91.84
2021-05-22 04:23:21,122:INFO:[Rank-3] train time 34.4867, epoch 129, step  49, loss 0.60214025, auc@1 85.23, auc@5 97.82, share 5, std_loss 0, 
2021-05-22 04:23:36,253:INFO:[Rank-3] val time 15.1255, epoch 129, step  40, loss 1.07924324, auc@1 70.54, auc@5 92.10
2021-05-22 04:24:13,350:INFO:[Rank-3] train time 34.6747, epoch 130, step  49, loss 0.59376651, auc@1 85.39, auc@5 98.00, share 5, std_loss 0, 
2021-05-22 04:24:28,442:INFO:[Rank-3] val time 15.0877, epoch 130, step  40, loss 1.11517357, auc@1 69.64, auc@5 91.25
2021-05-22 04:25:04,833:INFO:[Rank-3] train time 34.3641, epoch 131, step  49, loss 0.59059680, auc@1 85.47, auc@5 97.99, share 5, std_loss 0, 
2021-05-22 04:25:19,821:INFO:[Rank-3] val time 14.9834, epoch 131, step  40, loss 1.07847530, auc@1 70.70, auc@5 91.80
2021-05-22 04:25:56,787:INFO:[Rank-3] train time 34.3232, epoch 132, step  49, loss 0.58957750, auc@1 85.67, auc@5 97.96, share 5, std_loss 0, 
2021-05-22 04:26:11,769:INFO:[Rank-3] val time 14.9773, epoch 132, step  40, loss 1.08065477, auc@1 70.83, auc@5 91.75
2021-05-22 04:26:48,430:INFO:[Rank-3] train time 34.5049, epoch 133, step  49, loss 0.58776724, auc@1 85.61, auc@5 97.98, share 5, std_loss 0, 
2021-05-22 04:27:03,460:INFO:[Rank-3] val time 15.0256, epoch 133, step  40, loss 1.11690298, auc@1 69.61, auc@5 91.30
2021-05-22 04:27:39,989:INFO:[Rank-3] train time 34.2825, epoch 134, step  49, loss 0.58363193, auc@1 85.73, auc@5 98.01, share 5, std_loss 0, 
2021-05-22 04:27:55,103:INFO:[Rank-3] val time 15.1096, epoch 134, step  40, loss 1.08931861, auc@1 70.68, auc@5 91.51
2021-05-22 04:28:31,313:INFO:[Rank-3] train time 34.3595, epoch 135, step  49, loss 0.58475006, auc@1 85.65, auc@5 98.04, share 5, std_loss 0, 
2021-05-22 04:28:46,297:INFO:[Rank-3] val time 14.9801, epoch 135, step  40, loss 1.08212388, auc@1 70.26, auc@5 91.85
2021-05-22 04:29:23,512:INFO:[Rank-3] train time 34.4120, epoch 136, step  49, loss 0.57491922, auc@1 86.07, auc@5 98.13, share 5, std_loss 0, 
2021-05-22 04:29:38,517:INFO:[Rank-3] val time 15.0015, epoch 136, step  40, loss 1.09592279, auc@1 70.26, auc@5 91.34
2021-05-22 04:30:15,147:INFO:[Rank-3] train time 34.3510, epoch 137, step  49, loss 0.56930894, auc@1 86.16, auc@5 98.13, share 5, std_loss 0, 
2021-05-22 04:30:30,136:INFO:[Rank-3] val time 14.9847, epoch 137, step  40, loss 1.13394980, auc@1 69.53, auc@5 91.25
2021-05-22 04:31:06,751:INFO:[Rank-3] train time 34.3090, epoch 138, step  49, loss 0.56576794, auc@1 86.12, auc@5 98.16, share 5, std_loss 0, 
2021-05-22 04:31:21,754:INFO:[Rank-3] val time 15.0001, epoch 138, step  40, loss 1.10492205, auc@1 70.19, auc@5 91.59
2021-05-22 04:31:58,527:INFO:[Rank-3] train time 34.2333, epoch 139, step  49, loss 0.56490827, auc@1 86.21, auc@5 98.11, share 5, std_loss 0, 
2021-05-22 04:32:13,443:INFO:[Rank-3] val time 14.9120, epoch 139, step  40, loss 1.08440532, auc@1 71.08, auc@5 91.69
2021-05-22 04:32:50,658:INFO:[Rank-3] train time 35.4427, epoch 140, step  49, loss 0.55525011, auc@1 86.49, auc@5 98.22, share 5, std_loss 0, 
2021-05-22 04:33:06,016:INFO:[Rank-3] val time 15.3522, epoch 140, step  40, loss 1.08176986, auc@1 71.15, auc@5 91.67
2021-05-22 04:33:42,224:INFO:[Rank-3] train time 34.3892, epoch 141, step  49, loss 0.55224860, auc@1 86.64, auc@5 98.28, share 5, std_loss 0, 
2021-05-22 04:33:57,372:INFO:[Rank-3] val time 15.1431, epoch 141, step  40, loss 1.15967409, auc@1 69.37, auc@5 90.47
2021-05-22 04:34:33,544:INFO:[Rank-3] train time 34.3572, epoch 142, step  49, loss 0.54763126, auc@1 86.61, auc@5 98.32, share 5, std_loss 0, 
2021-05-22 04:34:48,539:INFO:[Rank-3] val time 14.9904, epoch 142, step  40, loss 1.11323615, auc@1 70.26, auc@5 91.60
2021-05-22 04:35:24,855:INFO:[Rank-3] train time 34.3790, epoch 143, step  49, loss 0.54836595, auc@1 86.75, auc@5 98.25, share 5, std_loss 0, 
2021-05-22 04:35:39,878:INFO:[Rank-3] val time 15.0193, epoch 143, step  40, loss 1.10224139, auc@1 70.51, auc@5 91.71
2021-05-22 04:36:16,390:INFO:[Rank-3] train time 34.1848, epoch 144, step  49, loss 0.54852319, auc@1 86.71, auc@5 98.24, share 5, std_loss 0, 
2021-05-22 04:36:31,358:INFO:[Rank-3] val time 14.9646, epoch 144, step  40, loss 1.13041130, auc@1 69.80, auc@5 91.25
2021-05-22 04:37:08,099:INFO:[Rank-3] train time 34.3674, epoch 145, step  49, loss 0.54889977, auc@1 86.63, auc@5 98.32, share 5, std_loss 0, 
2021-05-22 04:37:23,170:INFO:[Rank-3] val time 15.0664, epoch 145, step  40, loss 1.11714673, auc@1 70.00, auc@5 91.21
2021-05-22 04:37:59,636:INFO:[Rank-3] train time 34.4154, epoch 146, step  49, loss 0.54550362, auc@1 86.73, auc@5 98.25, share 5, std_loss 0, 
2021-05-22 04:38:14,668:INFO:[Rank-3] val time 15.0281, epoch 146, step  40, loss 1.15400990, auc@1 69.39, auc@5 91.12
2021-05-22 04:38:50,981:INFO:[Rank-3] train time 34.4706, epoch 147, step  49, loss 0.53548908, auc@1 87.27, auc@5 98.33, share 5, std_loss 0, 
2021-05-22 04:39:06,006:INFO:[Rank-3] val time 15.0212, epoch 147, step  40, loss 1.13497305, auc@1 70.03, auc@5 90.95
2021-05-22 04:39:42,632:INFO:[Rank-3] train time 34.3309, epoch 148, step  49, loss 0.53087956, auc@1 87.23, auc@5 98.42, share 5, std_loss 0, 
2021-05-22 04:39:57,646:INFO:[Rank-3] val time 15.0098, epoch 148, step  40, loss 1.15334103, auc@1 68.60, auc@5 91.16
2021-05-22 04:40:34,235:INFO:[Rank-3] train time 34.3741, epoch 149, step  49, loss 0.52397579, auc@1 87.44, auc@5 98.49, share 5, std_loss 0, 
2021-05-22 04:40:49,441:INFO:[Rank-3] val time 15.2020, epoch 149, step  40, loss 1.14786620, auc@1 69.16, auc@5 90.90
2021-05-22 04:41:25,944:INFO:[Rank-3] train time 34.2480, epoch 150, step  49, loss 0.52326357, auc@1 87.32, auc@5 98.46, share 5, std_loss 0, 
2021-05-22 04:41:40,975:INFO:[Rank-3] val time 15.0266, epoch 150, step  40, loss 1.14400288, auc@1 69.00, auc@5 91.45
2021-05-22 04:42:17,510:INFO:[Rank-3] train time 34.3815, epoch 151, step  49, loss 0.51917058, auc@1 87.67, auc@5 98.46, share 5, std_loss 0, 
2021-05-22 04:42:32,524:INFO:[Rank-3] val time 15.0096, epoch 151, step  40, loss 1.11374569, auc@1 69.94, auc@5 91.58
2021-05-22 04:43:08,609:INFO:[Rank-3] train time 34.2646, epoch 152, step  49, loss 0.51815307, auc@1 87.55, auc@5 98.56, share 5, std_loss 0, 
2021-05-22 04:43:23,769:INFO:[Rank-3] val time 15.1558, epoch 152, step  40, loss 1.16127666, auc@1 69.33, auc@5 90.86
2021-05-22 04:44:00,211:INFO:[Rank-3] train time 34.2942, epoch 153, step  49, loss 0.51793313, auc@1 87.73, auc@5 98.48, share 5, std_loss 0, 
2021-05-22 04:44:15,367:INFO:[Rank-3] val time 15.1514, epoch 153, step  40, loss 1.12515966, auc@1 70.18, auc@5 90.98
2021-05-22 04:44:51,996:INFO:[Rank-3] train time 34.3051, epoch 154, step  49, loss 0.51540315, auc@1 87.71, auc@5 98.46, share 5, std_loss 0, 
2021-05-22 04:45:06,937:INFO:[Rank-3] val time 14.9374, epoch 154, step  40, loss 1.11771608, auc@1 70.11, auc@5 91.35
2021-05-22 04:45:43,626:INFO:[Rank-3] train time 34.3814, epoch 155, step  49, loss 0.50972432, auc@1 87.78, auc@5 98.60, share 5, std_loss 0, 
2021-05-22 04:45:58,757:INFO:[Rank-3] val time 15.1286, epoch 155, step  40, loss 1.11005003, auc@1 70.27, auc@5 91.25
2021-05-22 04:46:35,156:INFO:[Rank-3] train time 34.1698, epoch 156, step  49, loss 0.50599492, auc@1 87.95, auc@5 98.51, share 5, std_loss 0, 
2021-05-22 04:46:50,277:INFO:[Rank-3] val time 15.1176, epoch 156, step  40, loss 1.16838354, auc@1 68.97, auc@5 90.95
2021-05-22 04:47:26,791:INFO:[Rank-3] train time 34.3481, epoch 157, step  49, loss 0.50522941, auc@1 87.91, auc@5 98.55, share 5, std_loss 0, 
2021-05-22 04:47:41,735:INFO:[Rank-3] val time 14.9402, epoch 157, step  40, loss 1.15885451, auc@1 68.57, auc@5 90.96
2021-05-22 04:48:18,305:INFO:[Rank-3] train time 34.1885, epoch 158, step  49, loss 0.50239688, auc@1 88.04, auc@5 98.57, share 5, std_loss 0, 
2021-05-22 04:48:33,337:INFO:[Rank-3] val time 15.0281, epoch 158, step  40, loss 1.11931909, auc@1 70.44, auc@5 91.47
2021-05-22 04:49:09,964:INFO:[Rank-3] train time 34.7251, epoch 159, step  49, loss 0.49508977, auc@1 88.27, auc@5 98.62, share 5, std_loss 0, 
2021-05-22 04:49:25,075:INFO:[Rank-3] val time 15.1082, epoch 159, step  40, loss 1.18552786, auc@1 68.47, auc@5 91.07
2021-05-22 04:50:01,541:INFO:[Rank-3] train time 33.9854, epoch 160, step  49, loss 0.50467962, auc@1 87.97, auc@5 98.56, share 5, std_loss 0, 
2021-05-22 04:50:16,558:INFO:[Rank-3] val time 15.0131, epoch 160, step  40, loss 1.14279527, auc@1 69.90, auc@5 91.18
2021-05-22 04:50:52,963:INFO:[Rank-3] train time 34.5505, epoch 161, step  49, loss 0.44390866, auc@1 89.97, auc@5 98.84, share 5, std_loss 0, 
2021-05-22 04:51:07,929:INFO:[Rank-3] val time 14.9609, epoch 161, step  40, loss 0.99250339, auc@1 73.60, auc@5 92.69
2021-05-22 04:51:44,542:INFO:[Rank-3] train time 34.2583, epoch 162, step  49, loss 0.39446861, auc@1 91.63, auc@5 99.07, share 5, std_loss 0, 
2021-05-22 04:51:59,483:INFO:[Rank-3] val time 14.9367, epoch 162, step  40, loss 0.97560538, auc@1 74.22, auc@5 92.94
2021-05-22 04:52:36,019:INFO:[Rank-3] train time 34.1820, epoch 163, step  49, loss 0.37790883, auc@1 92.29, auc@5 99.16, share 5, std_loss 0, 
2021-05-22 04:52:50,967:INFO:[Rank-3] val time 14.9428, epoch 163, step  40, loss 0.96947618, auc@1 74.25, auc@5 92.96
2021-05-22 04:53:27,914:INFO:[Rank-3] train time 34.2862, epoch 164, step  49, loss 0.36569831, auc@1 92.62, auc@5 99.20, share 5, std_loss 0, 
2021-05-22 04:53:42,946:INFO:[Rank-3] val time 15.0285, epoch 164, step  40, loss 0.96639179, auc@1 74.47, auc@5 93.06
2021-05-22 04:54:19,549:INFO:[Rank-3] train time 34.1911, epoch 165, step  49, loss 0.35703906, auc@1 92.93, auc@5 99.20, share 5, std_loss 0, 
2021-05-22 04:54:34,478:INFO:[Rank-3] val time 14.9262, epoch 165, step  40, loss 0.96895967, auc@1 74.50, auc@5 93.07
2021-05-22 04:55:11,087:INFO:[Rank-3] train time 34.2826, epoch 166, step  49, loss 0.34958827, auc@1 93.13, auc@5 99.20, share 5, std_loss 0, 
2021-05-22 04:55:26,177:INFO:[Rank-3] val time 15.0850, epoch 166, step  40, loss 0.96549133, auc@1 74.46, auc@5 93.05
2021-05-22 04:56:02,478:INFO:[Rank-3] train time 34.1641, epoch 167, step  49, loss 0.34346712, auc@1 93.33, auc@5 99.26, share 5, std_loss 0, 
2021-05-22 04:56:17,610:INFO:[Rank-3] val time 15.1285, epoch 167, step  40, loss 0.96525394, auc@1 74.59, auc@5 93.05
2021-05-22 04:56:54,066:INFO:[Rank-3] train time 34.2398, epoch 168, step  49, loss 0.34007883, auc@1 93.48, auc@5 99.28, share 5, std_loss 0, 
2021-05-22 04:57:09,094:INFO:[Rank-3] val time 15.0245, epoch 168, step  40, loss 0.96548542, auc@1 74.44, auc@5 93.13
2021-05-22 04:57:45,861:INFO:[Rank-3] train time 34.6428, epoch 169, step  49, loss 0.33199817, auc@1 93.67, auc@5 99.32, share 5, std_loss 0, 
2021-05-22 04:58:00,912:INFO:[Rank-3] val time 15.0461, epoch 169, step  40, loss 0.96658073, auc@1 74.45, auc@5 93.07
2021-05-22 04:58:37,311:INFO:[Rank-3] train time 34.3694, epoch 170, step  49, loss 0.33052224, auc@1 93.73, auc@5 99.33, share 5, std_loss 0, 
2021-05-22 04:58:52,512:INFO:[Rank-3] val time 15.1963, epoch 170, step  40, loss 0.96673711, auc@1 74.70, auc@5 92.97
2021-05-22 04:59:29,257:INFO:[Rank-3] train time 34.4261, epoch 171, step  49, loss 0.32811859, auc@1 94.00, auc@5 99.34, share 5, std_loss 0, 
2021-05-22 04:59:44,251:INFO:[Rank-3] val time 14.9913, epoch 171, step  40, loss 0.96457058, auc@1 74.60, auc@5 93.09
2021-05-22 05:00:20,724:INFO:[Rank-3] train time 34.3284, epoch 172, step  49, loss 0.32278827, auc@1 94.06, auc@5 99.38, share 5, std_loss 0, 
2021-05-22 05:00:35,705:INFO:[Rank-3] val time 14.9761, epoch 172, step  40, loss 0.96774866, auc@1 74.49, auc@5 93.03
2021-05-22 05:01:11,937:INFO:[Rank-3] train time 34.5357, epoch 173, step  49, loss 0.31863874, auc@1 94.23, auc@5 99.42, share 5, std_loss 0, 
2021-05-22 05:01:27,264:INFO:[Rank-3] val time 15.3229, epoch 173, step  40, loss 0.96936995, auc@1 74.73, auc@5 92.97
2021-05-22 05:02:04,239:INFO:[Rank-3] train time 34.2653, epoch 174, step  49, loss 0.31472397, auc@1 94.34, auc@5 99.39, share 5, std_loss 0, 
2021-05-22 05:02:19,235:INFO:[Rank-3] val time 14.9906, epoch 174, step  40, loss 0.96784651, auc@1 74.57, auc@5 92.97
2021-05-22 05:02:56,008:INFO:[Rank-3] train time 34.5847, epoch 175, step  49, loss 0.31057835, auc@1 94.53, auc@5 99.42, share 5, std_loss 0, 
2021-05-22 05:03:11,043:INFO:[Rank-3] val time 15.0306, epoch 175, step  40, loss 0.96630148, auc@1 74.66, auc@5 93.11
2021-05-22 05:03:47,809:INFO:[Rank-3] train time 34.2852, epoch 176, step  49, loss 0.31280503, auc@1 94.34, auc@5 99.41, share 5, std_loss 0, 
2021-05-22 05:04:03,108:INFO:[Rank-3] val time 15.2955, epoch 176, step  40, loss 0.96915583, auc@1 74.59, auc@5 93.04
2021-05-22 05:04:38,715:INFO:[Rank-3] train time 35.1061, epoch 177, step  49, loss 0.31068209, auc@1 94.41, auc@5 99.39, share 5, std_loss 0, 
2021-05-22 05:04:53,923:INFO:[Rank-3] val time 15.2032, epoch 177, step  40, loss 0.96744130, auc@1 74.60, auc@5 93.09
2021-05-22 05:05:30,519:INFO:[Rank-3] train time 34.4777, epoch 178, step  49, loss 0.30517894, auc@1 94.64, auc@5 99.45, share 5, std_loss 0, 
2021-05-22 05:05:45,569:INFO:[Rank-3] val time 15.0455, epoch 178, step  40, loss 0.97178257, auc@1 74.42, auc@5 92.95
2021-05-22 05:06:21,921:INFO:[Rank-3] train time 34.3049, epoch 179, step  49, loss 0.30114970, auc@1 94.72, auc@5 99.48, share 5, std_loss 0, 
2021-05-22 05:06:37,258:INFO:[Rank-3] val time 15.3331, epoch 179, step  40, loss 0.97410034, auc@1 74.30, auc@5 93.08
2021-05-22 05:07:13,601:INFO:[Rank-3] train time 34.1945, epoch 180, step  49, loss 0.30078420, auc@1 94.68, auc@5 99.46, share 5, std_loss 0, 
2021-05-22 05:07:28,681:INFO:[Rank-3] val time 15.0755, epoch 180, step  40, loss 0.97263015, auc@1 74.48, auc@5 93.08
2021-05-22 05:08:05,157:INFO:[Rank-3] train time 34.3836, epoch 181, step  49, loss 0.29544923, auc@1 94.89, auc@5 99.51, share 5, std_loss 0, 
2021-05-22 05:08:20,255:INFO:[Rank-3] val time 15.0931, epoch 181, step  40, loss 0.97252895, auc@1 74.49, auc@5 92.88
2021-05-22 05:08:56,998:INFO:[Rank-3] train time 34.3325, epoch 182, step  49, loss 0.29611167, auc@1 94.88, auc@5 99.48, share 5, std_loss 0, 
2021-05-22 05:09:12,014:INFO:[Rank-3] val time 15.0109, epoch 182, step  40, loss 0.97159532, auc@1 74.37, auc@5 93.04
2021-05-22 05:09:47,954:INFO:[Rank-3] train time 34.2352, epoch 183, step  49, loss 0.29157364, auc@1 95.13, auc@5 99.48, share 5, std_loss 0, 
2021-05-22 05:10:02,909:INFO:[Rank-3] val time 14.9512, epoch 183, step  40, loss 0.97611365, auc@1 74.41, auc@5 92.93
2021-05-22 05:10:39,922:INFO:[Rank-3] train time 34.3335, epoch 184, step  49, loss 0.29030210, auc@1 95.04, auc@5 99.50, share 5, std_loss 0, 
2021-05-22 05:10:55,175:INFO:[Rank-3] val time 15.2485, epoch 184, step  40, loss 0.97182339, auc@1 74.54, auc@5 93.05
2021-05-22 05:11:31,356:INFO:[Rank-3] train time 34.3011, epoch 185, step  49, loss 0.29460177, auc@1 94.87, auc@5 99.47, share 5, std_loss 0, 
2021-05-22 05:11:46,433:INFO:[Rank-3] val time 15.0725, epoch 185, step  40, loss 0.97412755, auc@1 74.28, auc@5 92.99
2021-05-22 05:12:22,696:INFO:[Rank-3] train time 34.3109, epoch 186, step  49, loss 0.29002488, auc@1 95.05, auc@5 99.50, share 5, std_loss 0, 
2021-05-22 05:12:37,690:INFO:[Rank-3] val time 14.9896, epoch 186, step  40, loss 0.97431808, auc@1 74.23, auc@5 93.02
2021-05-22 05:13:14,218:INFO:[Rank-3] train time 34.4363, epoch 187, step  49, loss 0.28471953, auc@1 95.14, auc@5 99.52, share 5, std_loss 0, 
2021-05-22 05:13:29,246:INFO:[Rank-3] val time 15.0245, epoch 187, step  40, loss 0.97599638, auc@1 74.23, auc@5 93.00
2021-05-22 05:14:05,636:INFO:[Rank-3] train time 34.4730, epoch 188, step  49, loss 0.28494111, auc@1 95.27, auc@5 99.51, share 5, std_loss 0, 
2021-05-22 05:14:20,775:INFO:[Rank-3] val time 15.1344, epoch 188, step  40, loss 0.97425622, auc@1 74.18, auc@5 93.06
2021-05-22 05:14:57,370:INFO:[Rank-3] train time 34.3169, epoch 189, step  49, loss 0.28043029, auc@1 95.48, auc@5 99.53, share 5, std_loss 0, 
2021-05-22 05:15:12,532:INFO:[Rank-3] val time 15.1577, epoch 189, step  40, loss 0.97555964, auc@1 74.18, auc@5 93.09
2021-05-22 05:15:48,906:INFO:[Rank-3] train time 34.3510, epoch 190, step  49, loss 0.28097647, auc@1 95.23, auc@5 99.55, share 5, std_loss 0, 
2021-05-22 05:16:04,291:INFO:[Rank-3] val time 15.3812, epoch 190, step  40, loss 0.97507849, auc@1 74.38, auc@5 93.00
2021-05-22 05:16:40,299:INFO:[Rank-3] train time 34.1527, epoch 191, step  49, loss 0.28216302, auc@1 95.32, auc@5 99.45, share 5, std_loss 0, 
2021-05-22 05:16:55,405:INFO:[Rank-3] val time 15.1024, epoch 191, step  40, loss 0.97712140, auc@1 74.46, auc@5 93.05
2021-05-22 05:17:31,480:INFO:[Rank-3] train time 34.4132, epoch 192, step  49, loss 0.27476859, auc@1 95.53, auc@5 99.56, share 5, std_loss 0, 
2021-05-22 05:17:46,473:INFO:[Rank-3] val time 14.9884, epoch 192, step  40, loss 0.97469830, auc@1 74.38, auc@5 93.06
2021-05-22 05:18:23,515:INFO:[Rank-3] train time 34.2108, epoch 193, step  49, loss 0.27353728, auc@1 95.67, auc@5 99.62, share 5, std_loss 0, 
2021-05-22 05:18:38,498:INFO:[Rank-3] val time 14.9789, epoch 193, step  40, loss 0.98142942, auc@1 74.09, auc@5 92.91
2021-05-22 05:19:15,429:INFO:[Rank-3] train time 34.3168, epoch 194, step  49, loss 0.27641079, auc@1 95.38, auc@5 99.53, share 5, std_loss 0, 
2021-05-22 05:19:30,707:INFO:[Rank-3] val time 15.2739, epoch 194, step  40, loss 0.98271082, auc@1 74.02, auc@5 92.94
2021-05-22 05:20:07,188:INFO:[Rank-3] train time 34.2548, epoch 195, step  49, loss 0.27181631, auc@1 95.60, auc@5 99.55, share 5, std_loss 0, 
2021-05-22 05:20:22,306:INFO:[Rank-3] val time 15.1132, epoch 195, step  40, loss 0.98610399, auc@1 74.14, auc@5 92.72
2021-05-22 05:20:58,834:INFO:[Rank-3] train time 34.3707, epoch 196, step  49, loss 0.27127239, auc@1 95.66, auc@5 99.57, share 5, std_loss 0, 
2021-05-22 05:21:13,915:INFO:[Rank-3] val time 15.0773, epoch 196, step  40, loss 0.98396836, auc@1 74.08, auc@5 92.81
2021-05-22 05:21:50,328:INFO:[Rank-3] train time 34.3594, epoch 197, step  49, loss 0.26971087, auc@1 95.70, auc@5 99.57, share 5, std_loss 0, 
2021-05-22 05:22:05,371:INFO:[Rank-3] val time 15.0392, epoch 197, step  40, loss 0.98097326, auc@1 74.09, auc@5 92.97
2021-05-22 05:22:41,959:INFO:[Rank-3] train time 34.4860, epoch 198, step  49, loss 0.26830792, auc@1 95.68, auc@5 99.56, share 5, std_loss 0, 
2021-05-22 05:22:57,045:INFO:[Rank-3] val time 15.0815, epoch 198, step  40, loss 0.97963281, auc@1 74.28, auc@5 92.90
2021-05-22 05:23:33,443:INFO:[Rank-3] train time 34.3016, epoch 199, step  49, loss 0.26633430, auc@1 95.78, auc@5 99.56, share 5, std_loss 0, 
2021-05-22 05:23:48,482:INFO:[Rank-3] val time 15.0356, epoch 199, step  40, loss 0.98623494, auc@1 74.04, auc@5 92.69
2021-05-22 05:24:25,208:INFO:[Rank-3] train time 34.2891, epoch 200, step  49, loss 0.26631278, auc@1 95.83, auc@5 99.60, share 5, std_loss 0, 
2021-05-22 05:24:40,285:INFO:[Rank-3] val time 15.0723, epoch 200, step  40, loss 0.98243648, auc@1 74.27, auc@5 92.92
2021-05-22 05:24:40,285:INFO:[Rank-3] finish, train+val 10324.14032, train 7310.60815, reduce_count 1000
