2021-05-22 02:32:34,669:INFO:[Rank-0] args : Namespace(batch=1024, current_time='20210521_202640', dataset='cifar100', epochs=200, ip='192.168.1.1:7548', k=12, lr=0.01, momentum=0.9, name='async2(k=12)', rank=0, scheduler_step=80, train_type='async2', weight_decay=0.008, world=4)
2021-05-22 02:33:12,502:INFO:[Rank-0] train time 35.6494, epoch   1, step  49, loss 4.74720478, auc@1 2.03, auc@5 8.53, share 5, std_loss 0, 
2021-05-22 02:33:28,158:INFO:[Rank-0] val time 15.6531, epoch   1, step  40, loss 4.39709945, auc@1 3.42, auc@5 14.08
2021-05-22 02:34:04,221:INFO:[Rank-0] train time 34.4930, epoch   2, step  49, loss 4.33779478, auc@1 4.78, auc@5 18.18, share 5, std_loss 0, 
2021-05-22 02:34:19,510:INFO:[Rank-0] val time 15.2843, epoch   2, step  40, loss 4.06835615, auc@1 6.35, auc@5 23.61
2021-05-22 02:34:55,804:INFO:[Rank-0] train time 34.7177, epoch   3, step  49, loss 4.10934544, auc@1 6.75, auc@5 24.29, share 5, std_loss 0, 
2021-05-22 02:35:11,110:INFO:[Rank-0] val time 15.3019, epoch   3, step  40, loss 3.92697597, auc@1 8.55, auc@5 29.07
2021-05-22 02:35:47,455:INFO:[Rank-0] train time 34.5619, epoch   4, step  49, loss 3.94408870, auc@1 8.82, auc@5 29.23, share 5, std_loss 0, 
2021-05-22 02:36:02,725:INFO:[Rank-0] val time 15.2663, epoch   4, step  40, loss 3.82371004, auc@1 10.38, auc@5 32.46
2021-05-22 02:36:38,865:INFO:[Rank-0] train time 34.5290, epoch   5, step  49, loss 3.81849003, auc@1 10.61, auc@5 32.81, share 5, std_loss 0, 
2021-05-22 02:36:54,116:INFO:[Rank-0] val time 15.2485, epoch   5, step  40, loss 3.68477479, auc@1 12.52, auc@5 36.68
2021-05-22 02:37:30,181:INFO:[Rank-0] train time 34.5902, epoch   6, step  49, loss 3.71212912, auc@1 11.99, auc@5 35.68, share 5, std_loss 0, 
2021-05-22 02:37:45,359:INFO:[Rank-0] val time 15.1745, epoch   6, step  40, loss 3.68118344, auc@1 13.56, auc@5 37.06
2021-05-22 02:38:21,933:INFO:[Rank-0] train time 34.6395, epoch   7, step  49, loss 3.62148333, auc@1 13.37, auc@5 38.55, share 5, std_loss 0, 
2021-05-22 02:38:37,223:INFO:[Rank-0] val time 15.2870, epoch   7, step  40, loss 3.49032009, auc@1 16.01, auc@5 42.93
2021-05-22 02:39:13,703:INFO:[Rank-0] train time 34.8743, epoch   8, step  49, loss 3.51631069, auc@1 15.12, auc@5 41.73, share 5, std_loss 0, 
2021-05-22 02:39:29,038:INFO:[Rank-0] val time 15.3305, epoch   8, step  40, loss 3.49494651, auc@1 15.59, auc@5 41.91
2021-05-22 02:40:05,288:INFO:[Rank-0] train time 34.6363, epoch   9, step  49, loss 3.41140699, auc@1 17.04, auc@5 44.76, share 5, std_loss 0, 
2021-05-22 02:40:20,487:INFO:[Rank-0] val time 15.1962, epoch   9, step  40, loss 3.38895835, auc@1 17.34, auc@5 45.15
2021-05-22 02:40:57,518:INFO:[Rank-0] train time 35.2318, epoch  10, step  49, loss 3.33044028, auc@1 18.44, auc@5 46.94, share 5, std_loss 0, 
2021-05-22 02:41:12,880:INFO:[Rank-0] val time 15.3575, epoch  10, step  40, loss 3.26852426, auc@1 19.83, auc@5 48.77
2021-05-22 02:41:48,766:INFO:[Rank-0] train time 34.6272, epoch  11, step  49, loss 3.24016380, auc@1 20.02, auc@5 49.50, share 5, std_loss 0, 
2021-05-22 02:42:04,171:INFO:[Rank-0] val time 15.4026, epoch  11, step  40, loss 3.27793105, auc@1 18.98, auc@5 48.96
2021-05-22 02:42:40,681:INFO:[Rank-0] train time 34.7667, epoch  12, step  49, loss 3.15370059, auc@1 21.61, auc@5 51.77, share 5, std_loss 0, 
2021-05-22 02:42:56,341:INFO:[Rank-0] val time 15.6557, epoch  12, step  40, loss 3.33131768, auc@1 18.97, auc@5 47.86
2021-05-22 02:43:31,996:INFO:[Rank-0] train time 34.6880, epoch  13, step  49, loss 3.06842947, auc@1 23.26, auc@5 53.75, share 5, std_loss 0, 
2021-05-22 02:43:47,329:INFO:[Rank-0] val time 15.3296, epoch  13, step  40, loss 3.10758599, auc@1 23.55, auc@5 52.72
2021-05-22 02:44:23,376:INFO:[Rank-0] train time 35.1723, epoch  14, step  49, loss 2.98732615, auc@1 24.45, auc@5 55.86, share 5, std_loss 0, 
2021-05-22 02:44:38,590:INFO:[Rank-0] val time 15.2094, epoch  14, step  40, loss 3.07523555, auc@1 22.74, auc@5 53.69
2021-05-22 02:45:14,743:INFO:[Rank-0] train time 35.0899, epoch  15, step  49, loss 2.88169622, auc@1 26.35, auc@5 58.71, share 5, std_loss 0, 
2021-05-22 02:45:29,915:INFO:[Rank-0] val time 15.1681, epoch  15, step  40, loss 2.83876461, auc@1 27.86, auc@5 59.50
2021-05-22 02:46:06,091:INFO:[Rank-0] train time 34.8622, epoch  16, step  49, loss 2.80330181, auc@1 27.93, auc@5 60.77, share 5, std_loss 0, 
2021-05-22 02:46:21,463:INFO:[Rank-0] val time 15.3682, epoch  16, step  40, loss 2.89700531, auc@1 27.40, auc@5 58.40
2021-05-22 02:46:57,930:INFO:[Rank-0] train time 34.6887, epoch  17, step  49, loss 2.72130179, auc@1 29.75, auc@5 62.54, share 5, std_loss 0, 
2021-05-22 02:47:13,269:INFO:[Rank-0] val time 15.3343, epoch  17, step  40, loss 2.85909659, auc@1 25.94, auc@5 59.59
2021-05-22 02:47:49,386:INFO:[Rank-0] train time 34.5769, epoch  18, step  49, loss 2.65270805, auc@1 30.79, auc@5 64.30, share 5, std_loss 0, 
2021-05-22 02:48:04,678:INFO:[Rank-0] val time 15.2884, epoch  18, step  40, loss 2.75213936, auc@1 28.98, auc@5 61.17
2021-05-22 02:48:40,891:INFO:[Rank-0] train time 35.1012, epoch  19, step  49, loss 2.56372118, auc@1 32.94, auc@5 66.35, share 5, std_loss 0, 
2021-05-22 02:48:56,124:INFO:[Rank-0] val time 15.2297, epoch  19, step  40, loss 2.74922426, auc@1 30.22, auc@5 62.26
2021-05-22 02:49:32,625:INFO:[Rank-0] train time 34.7949, epoch  20, step  49, loss 2.49564409, auc@1 34.24, auc@5 68.08, share 5, std_loss 0, 
2021-05-22 02:49:48,223:INFO:[Rank-0] val time 15.5933, epoch  20, step  40, loss 2.67041268, auc@1 30.31, auc@5 63.62
2021-05-22 02:50:24,359:INFO:[Rank-0] train time 34.6419, epoch  21, step  49, loss 2.43650007, auc@1 35.54, auc@5 69.43, share 5, std_loss 0, 
2021-05-22 02:50:39,724:INFO:[Rank-0] val time 15.3615, epoch  21, step  40, loss 2.72765836, auc@1 32.23, auc@5 62.67
2021-05-22 02:51:16,323:INFO:[Rank-0] train time 34.6856, epoch  22, step  49, loss 2.36536932, auc@1 37.03, auc@5 70.91, share 5, std_loss 0, 
2021-05-22 02:51:31,758:INFO:[Rank-0] val time 15.4305, epoch  22, step  40, loss 2.51059009, auc@1 34.26, auc@5 67.30
2021-05-22 02:52:07,958:INFO:[Rank-0] train time 34.6659, epoch  23, step  49, loss 2.31066537, auc@1 38.14, auc@5 72.02, share 5, std_loss 0, 
2021-05-22 02:52:23,453:INFO:[Rank-0] val time 15.4907, epoch  23, step  40, loss 2.41733412, auc@1 36.06, auc@5 69.53
2021-05-22 02:52:59,140:INFO:[Rank-0] train time 34.6258, epoch  24, step  49, loss 2.26098347, auc@1 39.40, auc@5 73.31, share 5, std_loss 0, 
2021-05-22 02:53:14,561:INFO:[Rank-0] val time 15.4172, epoch  24, step  40, loss 2.29895890, auc@1 39.61, auc@5 71.70
2021-05-22 02:53:50,733:INFO:[Rank-0] train time 34.6487, epoch  25, step  49, loss 2.19752288, auc@1 41.10, auc@5 74.71, share 5, std_loss 0, 
2021-05-22 02:54:06,153:INFO:[Rank-0] val time 15.4159, epoch  25, step  40, loss 2.58657575, auc@1 32.64, auc@5 66.70
2021-05-22 02:54:41,878:INFO:[Rank-0] train time 34.7636, epoch  26, step  49, loss 2.14955878, auc@1 42.08, auc@5 75.64, share 5, std_loss 0, 
2021-05-22 02:54:57,296:INFO:[Rank-0] val time 15.4143, epoch  26, step  40, loss 2.35862762, auc@1 37.06, auc@5 71.04
2021-05-22 02:55:34,109:INFO:[Rank-0] train time 34.7264, epoch  27, step  49, loss 2.09651160, auc@1 43.20, auc@5 76.61, share 5, std_loss 0, 
2021-05-22 02:55:49,397:INFO:[Rank-0] val time 15.2844, epoch  27, step  40, loss 2.27703743, auc@1 39.06, auc@5 72.65
2021-05-22 02:56:25,657:INFO:[Rank-0] train time 34.6558, epoch  28, step  49, loss 2.06410933, auc@1 44.21, auc@5 77.22, share 5, std_loss 0, 
2021-05-22 02:56:41,087:INFO:[Rank-0] val time 15.4258, epoch  28, step  40, loss 2.27877142, auc@1 39.21, auc@5 72.18
2021-05-22 02:57:17,656:INFO:[Rank-0] train time 34.7547, epoch  29, step  49, loss 2.04638648, auc@1 44.51, auc@5 77.79, share 5, std_loss 0, 
2021-05-22 02:57:32,971:INFO:[Rank-0] val time 15.3121, epoch  29, step  40, loss 2.16042086, auc@1 41.72, auc@5 74.05
2021-05-22 02:58:09,652:INFO:[Rank-0] train time 35.2278, epoch  30, step  49, loss 1.99425125, auc@1 45.76, auc@5 78.79, share 5, std_loss 0, 
2021-05-22 02:58:24,898:INFO:[Rank-0] val time 15.2424, epoch  30, step  40, loss 2.25488444, auc@1 38.65, auc@5 73.16
2021-05-22 02:59:01,055:INFO:[Rank-0] train time 34.7175, epoch  31, step  49, loss 1.95620191, auc@1 46.62, auc@5 79.51, share 5, std_loss 0, 
2021-05-22 02:59:16,322:INFO:[Rank-0] val time 15.2637, epoch  31, step  40, loss 2.23337972, auc@1 40.61, auc@5 72.17
2021-05-22 02:59:52,600:INFO:[Rank-0] train time 35.3665, epoch  32, step  49, loss 1.93575609, auc@1 47.49, auc@5 80.03, share 5, std_loss 0, 
2021-05-22 03:00:08,036:INFO:[Rank-0] val time 15.4324, epoch  32, step  40, loss 2.03856146, auc@1 43.93, auc@5 77.28
2021-05-22 03:00:44,376:INFO:[Rank-0] train time 34.5328, epoch  33, step  49, loss 1.89651644, auc@1 48.36, auc@5 80.71, share 5, std_loss 0, 
2021-05-22 03:00:59,855:INFO:[Rank-0] val time 15.4751, epoch  33, step  40, loss 2.11241790, auc@1 42.99, auc@5 75.80
2021-05-22 03:01:36,073:INFO:[Rank-0] train time 34.6561, epoch  34, step  49, loss 1.87421441, auc@1 49.10, auc@5 81.03, share 5, std_loss 0, 
2021-05-22 03:01:51,437:INFO:[Rank-0] val time 15.3598, epoch  34, step  40, loss 2.23385677, auc@1 40.42, auc@5 72.42
2021-05-22 03:02:27,799:INFO:[Rank-0] train time 34.4994, epoch  35, step  49, loss 1.84991062, auc@1 49.58, auc@5 81.65, share 5, std_loss 0, 
2021-05-22 03:02:43,064:INFO:[Rank-0] val time 15.2604, epoch  35, step  40, loss 2.08421313, auc@1 43.83, auc@5 76.31
2021-05-22 03:03:19,716:INFO:[Rank-0] train time 34.5833, epoch  36, step  49, loss 1.83434188, auc@1 49.90, auc@5 81.89, share 5, std_loss 0, 
2021-05-22 03:03:34,850:INFO:[Rank-0] val time 15.1312, epoch  36, step  40, loss 1.98259823, auc@1 45.87, auc@5 77.75
2021-05-22 03:04:11,495:INFO:[Rank-0] train time 34.7737, epoch  37, step  49, loss 1.81839848, auc@1 50.43, auc@5 82.43, share 5, std_loss 0, 
2021-05-22 03:04:26,972:INFO:[Rank-0] val time 15.4733, epoch  37, step  40, loss 2.20595692, auc@1 41.16, auc@5 73.85
2021-05-22 03:05:03,305:INFO:[Rank-0] train time 34.5476, epoch  38, step  49, loss 1.79650950, auc@1 51.20, auc@5 82.71, share 5, std_loss 0, 
2021-05-22 03:05:18,728:INFO:[Rank-0] val time 15.4189, epoch  38, step  40, loss 2.06882734, auc@1 43.86, auc@5 75.64
2021-05-22 03:05:55,261:INFO:[Rank-0] train time 34.9485, epoch  39, step  49, loss 1.77828956, auc@1 51.46, auc@5 82.97, share 5, std_loss 0, 
2021-05-22 03:06:10,568:INFO:[Rank-0] val time 15.3031, epoch  39, step  40, loss 2.17344381, auc@1 41.52, auc@5 74.00
2021-05-22 03:06:46,904:INFO:[Rank-0] train time 34.6310, epoch  40, step  49, loss 1.76886094, auc@1 51.89, auc@5 83.23, share 5, std_loss 0, 
2021-05-22 03:07:02,282:INFO:[Rank-0] val time 15.3743, epoch  40, step  40, loss 2.07703681, auc@1 44.10, auc@5 76.08
2021-05-22 03:07:38,436:INFO:[Rank-0] train time 34.4997, epoch  41, step  49, loss 1.75818670, auc@1 52.27, auc@5 83.33, share 5, std_loss 0, 
2021-05-22 03:07:53,772:INFO:[Rank-0] val time 15.3322, epoch  41, step  40, loss 2.09594137, auc@1 43.93, auc@5 75.89
2021-05-22 03:08:29,726:INFO:[Rank-0] train time 34.8222, epoch  42, step  49, loss 1.73039126, auc@1 53.01, auc@5 83.95, share 5, std_loss 0, 
2021-05-22 03:08:45,585:INFO:[Rank-0] val time 15.8567, epoch  42, step  40, loss 1.95462926, auc@1 47.44, auc@5 78.22
2021-05-22 03:09:21,463:INFO:[Rank-0] train time 34.5378, epoch  43, step  49, loss 1.72160876, auc@1 53.18, auc@5 84.10, share 5, std_loss 0, 
2021-05-22 03:09:36,887:INFO:[Rank-0] val time 15.4165, epoch  43, step  40, loss 1.90996592, auc@1 48.33, auc@5 79.39
2021-05-22 03:10:13,063:INFO:[Rank-0] train time 34.6150, epoch  44, step  49, loss 1.70819581, auc@1 53.60, auc@5 84.37, share 5, std_loss 0, 
2021-05-22 03:10:28,284:INFO:[Rank-0] val time 15.2178, epoch  44, step  40, loss 1.99633600, auc@1 45.45, auc@5 78.39
2021-05-22 03:11:04,478:INFO:[Rank-0] train time 34.6513, epoch  45, step  49, loss 1.68602753, auc@1 54.15, auc@5 84.72, share 5, std_loss 0, 
2021-05-22 03:11:19,754:INFO:[Rank-0] val time 15.2726, epoch  45, step  40, loss 1.90094948, auc@1 48.79, auc@5 80.10
2021-05-22 03:11:56,518:INFO:[Rank-0] train time 34.7431, epoch  46, step  49, loss 1.66812253, auc@1 54.71, auc@5 85.01, share 5, std_loss 0, 
2021-05-22 03:12:12,034:INFO:[Rank-0] val time 15.5122, epoch  46, step  40, loss 1.93953045, auc@1 47.85, auc@5 78.97
2021-05-22 03:12:48,164:INFO:[Rank-0] train time 34.7368, epoch  47, step  49, loss 1.67533016, auc@1 54.53, auc@5 84.92, share 5, std_loss 0, 
2021-05-22 03:13:03,382:INFO:[Rank-0] val time 15.2152, epoch  47, step  40, loss 1.87662989, auc@1 48.70, auc@5 80.35
2021-05-22 03:13:39,595:INFO:[Rank-0] train time 34.6618, epoch  48, step  49, loss 1.67100501, auc@1 54.66, auc@5 85.15, share 5, std_loss 0, 
2021-05-22 03:13:54,841:INFO:[Rank-0] val time 15.2428, epoch  48, step  40, loss 1.84735366, auc@1 49.04, auc@5 81.19
2021-05-22 03:14:30,999:INFO:[Rank-0] train time 35.1387, epoch  49, step  49, loss 1.64665151, auc@1 55.58, auc@5 85.64, share 5, std_loss 0, 
2021-05-22 03:14:46,439:INFO:[Rank-0] val time 15.4363, epoch  49, step  40, loss 1.80597962, auc@1 50.52, auc@5 82.06
2021-05-22 03:15:22,400:INFO:[Rank-0] train time 34.7767, epoch  50, step  49, loss 1.63877881, auc@1 55.63, auc@5 85.46, share 5, std_loss 0, 
2021-05-22 03:15:37,750:INFO:[Rank-0] val time 15.3471, epoch  50, step  40, loss 1.81228894, auc@1 50.88, auc@5 81.18
2021-05-22 03:16:13,961:INFO:[Rank-0] train time 35.1699, epoch  51, step  49, loss 1.63429058, auc@1 55.58, auc@5 85.92, share 5, std_loss 0, 
2021-05-22 03:16:29,400:INFO:[Rank-0] val time 15.4361, epoch  51, step  40, loss 1.92180013, auc@1 48.60, auc@5 79.67
2021-05-22 03:17:05,667:INFO:[Rank-0] train time 34.6493, epoch  52, step  49, loss 1.62726498, auc@1 55.93, auc@5 85.80, share 5, std_loss 0, 
2021-05-22 03:17:20,882:INFO:[Rank-0] val time 15.2113, epoch  52, step  40, loss 2.02463166, auc@1 45.54, auc@5 77.54
2021-05-22 03:17:56,792:INFO:[Rank-0] train time 34.5963, epoch  53, step  49, loss 1.61239338, auc@1 56.49, auc@5 86.11, share 5, std_loss 0, 
2021-05-22 03:18:12,043:INFO:[Rank-0] val time 15.2474, epoch  53, step  40, loss 1.97104169, auc@1 47.24, auc@5 78.15
2021-05-22 03:18:49,145:INFO:[Rank-0] train time 35.4212, epoch  54, step  49, loss 1.61555159, auc@1 56.68, auc@5 86.05, share 5, std_loss 0, 
2021-05-22 03:19:04,715:INFO:[Rank-0] val time 15.5663, epoch  54, step  40, loss 1.80999595, auc@1 50.97, auc@5 81.20
2021-05-22 03:19:40,529:INFO:[Rank-0] train time 34.6390, epoch  55, step  49, loss 1.60130167, auc@1 57.00, auc@5 86.25, share 5, std_loss 0, 
2021-05-22 03:19:56,040:INFO:[Rank-0] val time 15.5083, epoch  55, step  40, loss 1.95659718, auc@1 47.44, auc@5 79.25
2021-05-22 03:20:32,251:INFO:[Rank-0] train time 34.5494, epoch  56, step  49, loss 1.59968901, auc@1 57.07, auc@5 86.18, share 5, std_loss 0, 
2021-05-22 03:20:47,509:INFO:[Rank-0] val time 15.2541, epoch  56, step  40, loss 1.84337269, auc@1 50.18, auc@5 80.54
2021-05-22 03:21:24,139:INFO:[Rank-0] train time 34.8182, epoch  57, step  49, loss 1.59291017, auc@1 56.96, auc@5 86.49, share 5, std_loss 0, 
2021-05-22 03:21:39,505:INFO:[Rank-0] val time 15.3623, epoch  57, step  40, loss 1.87489755, auc@1 49.26, auc@5 81.27
2021-05-22 03:22:15,543:INFO:[Rank-0] train time 34.5930, epoch  58, step  49, loss 1.57335627, auc@1 57.66, auc@5 86.77, share 5, std_loss 0, 
2021-05-22 03:22:30,758:INFO:[Rank-0] val time 15.2081, epoch  58, step  40, loss 1.87606841, auc@1 48.87, auc@5 81.35
2021-05-22 03:23:07,143:INFO:[Rank-0] train time 34.7595, epoch  59, step  49, loss 1.57727122, auc@1 57.90, auc@5 86.62, share 5, std_loss 0, 
2021-05-22 03:23:22,438:INFO:[Rank-0] val time 15.2924, epoch  59, step  40, loss 1.82753765, auc@1 50.73, auc@5 81.69
2021-05-22 03:23:58,671:INFO:[Rank-0] train time 34.5494, epoch  60, step  49, loss 1.57053578, auc@1 57.99, auc@5 86.74, share 5, std_loss 0, 
2021-05-22 03:24:13,996:INFO:[Rank-0] val time 15.3211, epoch  60, step  40, loss 1.94448599, auc@1 48.21, auc@5 78.81
2021-05-22 03:24:50,243:INFO:[Rank-0] train time 34.7133, epoch  61, step  49, loss 1.56242871, auc@1 58.11, auc@5 87.11, share 5, std_loss 0, 
2021-05-22 03:25:05,545:INFO:[Rank-0] val time 15.2985, epoch  61, step  40, loss 2.01120075, auc@1 46.67, auc@5 77.99
2021-05-22 03:25:42,252:INFO:[Rank-0] train time 34.6077, epoch  62, step  49, loss 1.55973184, auc@1 58.05, auc@5 87.07, share 5, std_loss 0, 
2021-05-22 03:25:57,618:INFO:[Rank-0] val time 15.3624, epoch  62, step  40, loss 1.93892713, auc@1 47.90, auc@5 79.25
2021-05-22 03:26:33,785:INFO:[Rank-0] train time 34.5327, epoch  63, step  49, loss 1.54455292, auc@1 58.49, auc@5 87.05, share 5, std_loss 0, 
2021-05-22 03:26:49,079:INFO:[Rank-0] val time 15.2909, epoch  63, step  40, loss 1.74955038, auc@1 52.67, auc@5 82.29
2021-05-22 03:27:25,285:INFO:[Rank-0] train time 34.5838, epoch  64, step  49, loss 1.56090438, auc@1 58.09, auc@5 86.96, share 5, std_loss 0, 
2021-05-22 03:27:41,233:INFO:[Rank-0] val time 15.9433, epoch  64, step  40, loss 1.84513411, auc@1 50.63, auc@5 80.80
2021-05-22 03:28:16,953:INFO:[Rank-0] train time 35.0248, epoch  65, step  49, loss 1.53828347, auc@1 58.77, auc@5 87.29, share 5, std_loss 0, 
2021-05-22 03:28:32,410:INFO:[Rank-0] val time 15.4542, epoch  65, step  40, loss 1.85574972, auc@1 50.96, auc@5 80.47
2021-05-22 03:29:08,652:INFO:[Rank-0] train time 34.4756, epoch  66, step  49, loss 1.54142809, auc@1 58.66, auc@5 87.08, share 5, std_loss 0, 
2021-05-22 03:29:23,969:INFO:[Rank-0] val time 15.3134, epoch  66, step  40, loss 1.86287318, auc@1 49.88, auc@5 80.92
2021-05-22 03:30:00,351:INFO:[Rank-0] train time 34.5394, epoch  67, step  49, loss 1.54252887, auc@1 58.55, auc@5 87.36, share 5, std_loss 0, 
2021-05-22 03:30:15,596:INFO:[Rank-0] val time 15.2401, epoch  67, step  40, loss 1.80746331, auc@1 51.77, auc@5 82.01
2021-05-22 03:30:51,807:INFO:[Rank-0] train time 35.0198, epoch  68, step  49, loss 1.53895628, auc@1 58.91, auc@5 87.35, share 5, std_loss 0, 
2021-05-22 03:31:07,202:INFO:[Rank-0] val time 15.3915, epoch  68, step  40, loss 1.82161435, auc@1 50.68, auc@5 81.78
2021-05-22 03:31:43,333:INFO:[Rank-0] train time 35.1069, epoch  69, step  49, loss 1.53460097, auc@1 58.99, auc@5 87.18, share 5, std_loss 0, 
2021-05-22 03:31:58,714:INFO:[Rank-0] val time 15.3763, epoch  69, step  40, loss 1.86848683, auc@1 50.48, auc@5 80.20
2021-05-22 03:32:35,048:INFO:[Rank-0] train time 34.5612, epoch  70, step  49, loss 1.53443062, auc@1 59.08, auc@5 87.42, share 5, std_loss 0, 
2021-05-22 03:32:50,414:INFO:[Rank-0] val time 15.3638, epoch  70, step  40, loss 1.89213853, auc@1 48.96, auc@5 80.36
2021-05-22 03:33:27,128:INFO:[Rank-0] train time 34.8445, epoch  71, step  49, loss 1.52660954, auc@1 59.38, auc@5 87.23, share 5, std_loss 0, 
2021-05-22 03:33:42,428:INFO:[Rank-0] val time 15.2953, epoch  71, step  40, loss 1.93089134, auc@1 48.69, auc@5 79.01
2021-05-22 03:34:18,679:INFO:[Rank-0] train time 34.7418, epoch  72, step  49, loss 1.51824033, auc@1 59.34, auc@5 87.87, share 5, std_loss 0, 
2021-05-22 03:34:33,880:INFO:[Rank-0] val time 15.1971, epoch  72, step  40, loss 1.81528999, auc@1 51.82, auc@5 80.68
2021-05-22 03:35:10,272:INFO:[Rank-0] train time 35.2893, epoch  73, step  49, loss 1.51836205, auc@1 59.57, auc@5 87.41, share 5, std_loss 0, 
2021-05-22 03:35:25,563:INFO:[Rank-0] val time 15.2874, epoch  73, step  40, loss 1.92377136, auc@1 48.57, auc@5 80.01
2021-05-22 03:36:02,052:INFO:[Rank-0] train time 34.5756, epoch  74, step  49, loss 1.50704932, auc@1 59.91, auc@5 87.72, share 5, std_loss 0, 
2021-05-22 03:36:17,213:INFO:[Rank-0] val time 15.1563, epoch  74, step  40, loss 1.74188922, auc@1 52.94, auc@5 82.54
2021-05-22 03:36:54,036:INFO:[Rank-0] train time 34.6931, epoch  75, step  49, loss 1.51670921, auc@1 59.41, auc@5 87.53, share 5, std_loss 0, 
2021-05-22 03:37:09,386:INFO:[Rank-0] val time 15.3462, epoch  75, step  40, loss 1.80415220, auc@1 51.50, auc@5 81.87
2021-05-22 03:37:45,398:INFO:[Rank-0] train time 34.6286, epoch  76, step  49, loss 1.51413190, auc@1 59.53, auc@5 87.71, share 5, std_loss 0, 
2021-05-22 03:38:01,162:INFO:[Rank-0] val time 15.7602, epoch  76, step  40, loss 2.01632813, auc@1 47.86, auc@5 77.70
2021-05-22 03:38:37,057:INFO:[Rank-0] train time 34.6816, epoch  77, step  49, loss 1.49954736, auc@1 60.02, auc@5 87.90, share 5, std_loss 0, 
2021-05-22 03:38:52,370:INFO:[Rank-0] val time 15.3101, epoch  77, step  40, loss 2.53343110, auc@1 38.53, auc@5 69.02
2021-05-22 03:39:28,529:INFO:[Rank-0] train time 34.6260, epoch  78, step  49, loss 1.50813246, auc@1 60.01, auc@5 87.58, share 5, std_loss 0, 
2021-05-22 03:39:43,907:INFO:[Rank-0] val time 15.3747, epoch  78, step  40, loss 1.80478595, auc@1 51.59, auc@5 81.89
2021-05-22 03:40:20,320:INFO:[Rank-0] train time 34.6228, epoch  79, step  49, loss 1.51412463, auc@1 59.80, auc@5 87.66, share 5, std_loss 0, 
2021-05-22 03:40:35,496:INFO:[Rank-0] val time 15.1734, epoch  79, step  40, loss 2.14980876, auc@1 46.04, auc@5 74.61
2021-05-22 03:41:11,930:INFO:[Rank-0] train time 34.6185, epoch  80, step  49, loss 1.51338005, auc@1 59.81, auc@5 87.61, share 5, std_loss 0, 
2021-05-22 03:41:27,176:INFO:[Rank-0] val time 15.2418, epoch  80, step  40, loss 1.81540424, auc@1 51.95, auc@5 80.54
2021-05-22 03:42:03,421:INFO:[Rank-0] train time 34.6015, epoch  81, step  49, loss 1.27353716, auc@1 66.73, auc@5 90.96, share 5, std_loss 0, 
2021-05-22 03:42:18,951:INFO:[Rank-0] val time 15.5271, epoch  81, step  40, loss 1.25982591, auc@1 65.67, auc@5 89.86
2021-05-22 03:42:55,017:INFO:[Rank-0] train time 34.5233, epoch  82, step  49, loss 1.12161934, auc@1 70.74, auc@5 93.04, share 5, std_loss 0, 
2021-05-22 03:43:10,232:INFO:[Rank-0] val time 15.2122, epoch  82, step  40, loss 1.19574042, auc@1 67.23, auc@5 91.01
2021-05-22 03:43:46,617:INFO:[Rank-0] train time 34.6642, epoch  83, step  49, loss 1.07329535, auc@1 71.88, auc@5 93.46, share 5, std_loss 0, 
2021-05-22 03:44:01,811:INFO:[Rank-0] val time 15.1907, epoch  83, step  40, loss 1.17356419, auc@1 67.58, auc@5 91.13
2021-05-22 03:44:38,232:INFO:[Rank-0] train time 34.6008, epoch  84, step  49, loss 1.04187512, auc@1 72.85, auc@5 93.82, share 5, std_loss 0, 
2021-05-22 03:44:53,519:INFO:[Rank-0] val time 15.2837, epoch  84, step  40, loss 1.15947435, auc@1 68.10, auc@5 91.30
2021-05-22 03:45:29,872:INFO:[Rank-0] train time 34.6466, epoch  85, step  49, loss 1.01427674, auc@1 73.64, auc@5 94.05, share 5, std_loss 0, 
2021-05-22 03:45:45,041:INFO:[Rank-0] val time 15.1653, epoch  85, step  40, loss 1.14497162, auc@1 68.25, auc@5 91.45
2021-05-22 03:46:21,259:INFO:[Rank-0] train time 34.6288, epoch  86, step  49, loss 0.99024612, auc@1 74.26, auc@5 94.37, share 5, std_loss 0, 
2021-05-22 03:46:36,653:INFO:[Rank-0] val time 15.3906, epoch  86, step  40, loss 1.12686120, auc@1 68.67, auc@5 91.60
2021-05-22 03:47:12,653:INFO:[Rank-0] train time 34.6848, epoch  87, step  49, loss 0.97405267, auc@1 74.47, auc@5 94.58, share 5, std_loss 0, 
2021-05-22 03:47:28,371:INFO:[Rank-0] val time 15.7148, epoch  87, step  40, loss 1.11540454, auc@1 68.61, auc@5 92.01
2021-05-22 03:48:04,126:INFO:[Rank-0] train time 35.0566, epoch  88, step  49, loss 0.95704561, auc@1 75.10, auc@5 94.70, share 5, std_loss 0, 
2021-05-22 03:48:19,323:INFO:[Rank-0] val time 15.1941, epoch  88, step  40, loss 1.11724815, auc@1 68.71, auc@5 91.75
2021-05-22 03:48:55,804:INFO:[Rank-0] train time 34.7013, epoch  89, step  49, loss 0.94240874, auc@1 75.55, auc@5 94.92, share 5, std_loss 0, 
2021-05-22 03:49:11,052:INFO:[Rank-0] val time 15.2443, epoch  89, step  40, loss 1.11419190, auc@1 69.13, auc@5 91.75
2021-05-22 03:49:47,727:INFO:[Rank-0] train time 34.6296, epoch  90, step  49, loss 0.92926210, auc@1 75.86, auc@5 95.12, share 5, std_loss 0, 
2021-05-22 03:50:02,927:INFO:[Rank-0] val time 15.1959, epoch  90, step  40, loss 1.11681196, auc@1 69.04, auc@5 91.71
2021-05-22 03:50:39,722:INFO:[Rank-0] train time 34.7056, epoch  91, step  49, loss 0.91042173, auc@1 76.43, auc@5 95.23, share 5, std_loss 0, 
2021-05-22 03:50:54,899:INFO:[Rank-0] val time 15.1729, epoch  91, step  40, loss 1.11946343, auc@1 68.38, auc@5 91.51
2021-05-22 03:51:31,393:INFO:[Rank-0] train time 34.6932, epoch  92, step  49, loss 0.90157866, auc@1 76.68, auc@5 95.30, share 5, std_loss 0, 
2021-05-22 03:51:46,734:INFO:[Rank-0] val time 15.3375, epoch  92, step  40, loss 1.11294687, auc@1 69.08, auc@5 91.88
2021-05-22 03:52:23,041:INFO:[Rank-0] train time 34.5469, epoch  93, step  49, loss 0.88381612, auc@1 77.02, auc@5 95.55, share 5, std_loss 0, 
2021-05-22 03:52:38,304:INFO:[Rank-0] val time 15.2597, epoch  93, step  40, loss 1.10258541, auc@1 69.08, auc@5 91.73
2021-05-22 03:53:14,024:INFO:[Rank-0] train time 34.7199, epoch  94, step  49, loss 0.87179494, auc@1 77.48, auc@5 95.77, share 5, std_loss 0, 
2021-05-22 03:53:29,287:INFO:[Rank-0] val time 15.2592, epoch  94, step  40, loss 1.09540604, auc@1 69.91, auc@5 91.97
2021-05-22 03:54:05,786:INFO:[Rank-0] train time 35.1935, epoch  95, step  49, loss 0.86221749, auc@1 77.67, auc@5 95.64, share 5, std_loss 0, 
2021-05-22 03:54:21,049:INFO:[Rank-0] val time 15.2559, epoch  95, step  40, loss 1.10411283, auc@1 69.28, auc@5 92.03
2021-05-22 03:54:57,461:INFO:[Rank-0] train time 34.6952, epoch  96, step  49, loss 0.85629952, auc@1 78.05, auc@5 95.79, share 5, std_loss 0, 
2021-05-22 03:55:13,062:INFO:[Rank-0] val time 15.5976, epoch  96, step  40, loss 1.08226823, auc@1 69.87, auc@5 91.93
2021-05-22 03:55:49,091:INFO:[Rank-0] train time 34.6621, epoch  97, step  49, loss 0.83847344, auc@1 78.33, auc@5 95.84, share 5, std_loss 0, 
2021-05-22 03:56:04,362:INFO:[Rank-0] val time 15.2678, epoch  97, step  40, loss 1.08074550, auc@1 69.87, auc@5 92.09
2021-05-22 03:56:40,411:INFO:[Rank-0] train time 34.5212, epoch  98, step  49, loss 0.83145291, auc@1 78.67, auc@5 95.87, share 5, std_loss 0, 
2021-05-22 03:56:55,652:INFO:[Rank-0] val time 15.2378, epoch  98, step  40, loss 1.07357598, auc@1 70.46, auc@5 91.89
2021-05-22 03:57:32,188:INFO:[Rank-0] train time 34.6776, epoch  99, step  49, loss 0.82293618, auc@1 78.81, auc@5 96.06, share 5, std_loss 0, 
2021-05-22 03:57:47,563:INFO:[Rank-0] val time 15.3716, epoch  99, step  40, loss 1.07803667, auc@1 69.98, auc@5 92.07
2021-05-22 03:58:24,351:INFO:[Rank-0] train time 34.6079, epoch 100, step  49, loss 0.80988216, auc@1 79.16, auc@5 96.11, share 5, std_loss 0, 
2021-05-22 03:58:39,761:INFO:[Rank-0] val time 15.4058, epoch 100, step  40, loss 1.09128990, auc@1 69.44, auc@5 92.10
2021-05-22 03:59:15,950:INFO:[Rank-0] train time 34.7076, epoch 101, step  49, loss 0.80059296, auc@1 79.50, auc@5 96.28, share 5, std_loss 0, 
2021-05-22 03:59:31,181:INFO:[Rank-0] val time 15.2271, epoch 101, step  40, loss 1.08149414, auc@1 70.12, auc@5 91.81
2021-05-22 04:00:07,975:INFO:[Rank-0] train time 34.6865, epoch 102, step  49, loss 0.78808975, auc@1 79.96, auc@5 96.40, share 5, std_loss 0, 
2021-05-22 04:00:23,210:INFO:[Rank-0] val time 15.2328, epoch 102, step  40, loss 1.07943792, auc@1 70.04, auc@5 92.05
2021-05-22 04:00:59,451:INFO:[Rank-0] train time 34.6129, epoch 103, step  49, loss 0.77958822, auc@1 80.13, auc@5 96.45, share 5, std_loss 0, 
2021-05-22 04:01:14,745:INFO:[Rank-0] val time 15.2912, epoch 103, step  40, loss 1.08214334, auc@1 70.28, auc@5 91.70
2021-05-22 04:01:50,918:INFO:[Rank-0] train time 34.6448, epoch 104, step  49, loss 0.77468991, auc@1 80.33, auc@5 96.49, share 5, std_loss 0, 
2021-05-22 04:02:06,338:INFO:[Rank-0] val time 15.4160, epoch 104, step  40, loss 1.07233300, auc@1 69.74, auc@5 92.03
2021-05-22 04:02:42,075:INFO:[Rank-0] train time 34.5249, epoch 105, step  49, loss 0.76566607, auc@1 80.43, auc@5 96.54, share 5, std_loss 0, 
2021-05-22 04:02:57,626:INFO:[Rank-0] val time 15.5467, epoch 105, step  40, loss 1.07632418, auc@1 70.29, auc@5 91.99
2021-05-22 04:03:33,739:INFO:[Rank-0] train time 34.5810, epoch 106, step  49, loss 0.75459999, auc@1 80.81, auc@5 96.62, share 5, std_loss 0, 
2021-05-22 04:03:49,080:INFO:[Rank-0] val time 15.3371, epoch 106, step  40, loss 1.06818994, auc@1 70.66, auc@5 92.09
2021-05-22 04:04:25,403:INFO:[Rank-0] train time 34.9015, epoch 107, step  49, loss 0.75021195, auc@1 80.88, auc@5 96.77, share 5, std_loss 0, 
2021-05-22 04:04:40,656:INFO:[Rank-0] val time 15.2491, epoch 107, step  40, loss 1.08006139, auc@1 69.85, auc@5 92.13
2021-05-22 04:05:17,054:INFO:[Rank-0] train time 35.2029, epoch 108, step  49, loss 0.74261421, auc@1 81.12, auc@5 96.77, share 5, std_loss 0, 
2021-05-22 04:05:32,506:INFO:[Rank-0] val time 15.4489, epoch 108, step  40, loss 1.07123465, auc@1 70.50, auc@5 92.18
2021-05-22 04:06:08,667:INFO:[Rank-0] train time 34.5467, epoch 109, step  49, loss 0.72611701, auc@1 81.73, auc@5 96.89, share 5, std_loss 0, 
2021-05-22 04:06:23,995:INFO:[Rank-0] val time 15.3237, epoch 109, step  40, loss 1.09489685, auc@1 69.92, auc@5 91.88
2021-05-22 04:06:59,848:INFO:[Rank-0] train time 34.9849, epoch 110, step  49, loss 0.72496718, auc@1 81.69, auc@5 96.87, share 5, std_loss 0, 
2021-05-22 04:07:15,308:INFO:[Rank-0] val time 15.4567, epoch 110, step  40, loss 1.08961544, auc@1 69.80, auc@5 91.83
2021-05-22 04:07:51,300:INFO:[Rank-0] train time 34.5972, epoch 111, step  49, loss 0.71517217, auc@1 81.96, auc@5 97.00, share 5, std_loss 0, 
2021-05-22 04:08:06,683:INFO:[Rank-0] val time 15.3796, epoch 111, step  40, loss 1.08608992, auc@1 70.10, auc@5 92.01
2021-05-22 04:08:42,880:INFO:[Rank-0] train time 34.5999, epoch 112, step  49, loss 0.70424843, auc@1 82.34, auc@5 97.00, share 5, std_loss 0, 
2021-05-22 04:08:58,120:INFO:[Rank-0] val time 15.2366, epoch 112, step  40, loss 1.08194115, auc@1 69.93, auc@5 91.54
2021-05-22 04:09:34,542:INFO:[Rank-0] train time 34.7308, epoch 113, step  49, loss 0.70251203, auc@1 82.34, auc@5 97.18, share 5, std_loss 0, 
2021-05-22 04:09:49,815:INFO:[Rank-0] val time 15.2701, epoch 113, step  40, loss 1.09707990, auc@1 69.76, auc@5 91.56
2021-05-22 04:10:26,209:INFO:[Rank-0] train time 34.5921, epoch 114, step  49, loss 0.69335663, auc@1 82.66, auc@5 97.29, share 5, std_loss 0, 
2021-05-22 04:10:41,519:INFO:[Rank-0] val time 15.3066, epoch 114, step  40, loss 1.08630510, auc@1 69.77, auc@5 92.07
2021-05-22 04:11:18,068:INFO:[Rank-0] train time 34.7904, epoch 115, step  49, loss 0.68533885, auc@1 82.77, auc@5 97.26, share 5, std_loss 0, 
2021-05-22 04:11:33,380:INFO:[Rank-0] val time 15.3089, epoch 115, step  40, loss 1.06705674, auc@1 70.47, auc@5 92.06
2021-05-22 04:12:09,639:INFO:[Rank-0] train time 34.5817, epoch 116, step  49, loss 0.68099999, auc@1 82.85, auc@5 97.28, share 5, std_loss 0, 
2021-05-22 04:12:24,938:INFO:[Rank-0] val time 15.2957, epoch 116, step  40, loss 1.10084038, auc@1 69.71, auc@5 91.64
2021-05-22 04:13:01,407:INFO:[Rank-0] train time 34.7122, epoch 117, step  49, loss 0.67196298, auc@1 83.16, auc@5 97.37, share 5, std_loss 0, 
2021-05-22 04:13:16,741:INFO:[Rank-0] val time 15.3305, epoch 117, step  40, loss 1.08279778, auc@1 69.88, auc@5 91.85
2021-05-22 04:13:52,952:INFO:[Rank-0] train time 34.4690, epoch 118, step  49, loss 0.66841966, auc@1 83.31, auc@5 97.37, share 5, std_loss 0, 
2021-05-22 04:14:08,097:INFO:[Rank-0] val time 15.1424, epoch 118, step  40, loss 1.10744909, auc@1 69.81, auc@5 91.35
2021-05-22 04:14:44,577:INFO:[Rank-0] train time 34.6946, epoch 119, step  49, loss 0.66131860, auc@1 83.47, auc@5 97.40, share 5, std_loss 0, 
2021-05-22 04:15:00,113:INFO:[Rank-0] val time 15.5315, epoch 119, step  40, loss 1.09149705, auc@1 70.17, auc@5 91.44
2021-05-22 04:15:36,176:INFO:[Rank-0] train time 34.5888, epoch 120, step  49, loss 0.65762830, auc@1 83.77, auc@5 97.44, share 5, std_loss 0, 
2021-05-22 04:15:51,413:INFO:[Rank-0] val time 15.2328, epoch 120, step  40, loss 1.09305714, auc@1 69.90, auc@5 91.40
2021-05-22 04:16:28,076:INFO:[Rank-0] train time 34.8377, epoch 121, step  49, loss 0.65011913, auc@1 83.94, auc@5 97.46, share 5, std_loss 0, 
2021-05-22 04:16:43,412:INFO:[Rank-0] val time 15.3328, epoch 121, step  40, loss 1.09047651, auc@1 70.44, auc@5 91.46
2021-05-22 04:17:19,617:INFO:[Rank-0] train time 34.5966, epoch 122, step  49, loss 0.63948357, auc@1 84.06, auc@5 97.70, share 5, std_loss 0, 
2021-05-22 04:17:34,672:INFO:[Rank-0] val time 15.0518, epoch 122, step  40, loss 1.11308090, auc@1 69.75, auc@5 91.55
2021-05-22 04:18:11,190:INFO:[Rank-0] train time 34.6237, epoch 123, step  49, loss 0.62824196, auc@1 84.47, auc@5 97.65, share 5, std_loss 0, 
2021-05-22 04:18:26,436:INFO:[Rank-0] val time 15.2412, epoch 123, step  40, loss 1.09723726, auc@1 69.95, auc@5 91.79
2021-05-22 04:19:02,832:INFO:[Rank-0] train time 34.6497, epoch 124, step  49, loss 0.63045365, auc@1 84.43, auc@5 97.66, share 5, std_loss 0, 
2021-05-22 04:19:18,246:INFO:[Rank-0] val time 15.4111, epoch 124, step  40, loss 1.11641480, auc@1 69.64, auc@5 91.26
2021-05-22 04:19:53,733:INFO:[Rank-0] train time 34.7942, epoch 125, step  49, loss 0.61896038, auc@1 84.71, auc@5 97.78, share 5, std_loss 0, 
2021-05-22 04:20:09,121:INFO:[Rank-0] val time 15.3835, epoch 125, step  40, loss 1.12441193, auc@1 69.25, auc@5 91.40
2021-05-22 04:20:45,530:INFO:[Rank-0] train time 34.4940, epoch 126, step  49, loss 0.61805451, auc@1 84.83, auc@5 97.71, share 5, std_loss 0, 
2021-05-22 04:21:00,908:INFO:[Rank-0] val time 15.3744, epoch 126, step  40, loss 1.11363901, auc@1 69.95, auc@5 91.30
2021-05-22 04:21:36,924:INFO:[Rank-0] train time 34.5790, epoch 127, step  49, loss 0.61236995, auc@1 84.96, auc@5 97.91, share 5, std_loss 0, 
2021-05-22 04:21:52,169:INFO:[Rank-0] val time 15.2426, epoch 127, step  40, loss 1.08984666, auc@1 70.38, auc@5 91.57
2021-05-22 04:22:29,745:INFO:[Rank-0] train time 35.1097, epoch 128, step  49, loss 0.61113268, auc@1 84.98, auc@5 97.75, share 5, std_loss 0, 
2021-05-22 04:22:45,011:INFO:[Rank-0] val time 15.2625, epoch 128, step  40, loss 1.08703816, auc@1 70.49, auc@5 91.54
2021-05-22 04:23:21,122:INFO:[Rank-0] train time 34.7455, epoch 129, step  49, loss 0.60214025, auc@1 85.23, auc@5 97.82, share 5, std_loss 0, 
2021-05-22 04:23:36,451:INFO:[Rank-0] val time 15.3261, epoch 129, step  40, loss 1.10159369, auc@1 69.96, auc@5 91.61
2021-05-22 04:24:13,350:INFO:[Rank-0] train time 34.8460, epoch 130, step  49, loss 0.59376651, auc@1 85.39, auc@5 98.00, share 5, std_loss 0, 
2021-05-22 04:24:28,689:INFO:[Rank-0] val time 15.3353, epoch 130, step  40, loss 1.08127417, auc@1 70.39, auc@5 92.08
2021-05-22 04:25:04,832:INFO:[Rank-0] train time 34.7563, epoch 131, step  49, loss 0.59059680, auc@1 85.47, auc@5 97.99, share 5, std_loss 0, 
2021-05-22 04:25:20,161:INFO:[Rank-0] val time 15.3249, epoch 131, step  40, loss 1.10209388, auc@1 70.20, auc@5 91.66
2021-05-22 04:25:56,787:INFO:[Rank-0] train time 34.6080, epoch 132, step  49, loss 0.58957750, auc@1 85.67, auc@5 97.96, share 5, std_loss 0, 
2021-05-22 04:26:12,100:INFO:[Rank-0] val time 15.3096, epoch 132, step  40, loss 1.09885584, auc@1 70.31, auc@5 91.57
2021-05-22 04:26:48,429:INFO:[Rank-0] train time 34.6615, epoch 133, step  49, loss 0.58776724, auc@1 85.61, auc@5 97.98, share 5, std_loss 0, 
2021-05-22 04:27:03,800:INFO:[Rank-0] val time 15.3675, epoch 133, step  40, loss 1.12932382, auc@1 69.17, auc@5 91.22
2021-05-22 04:27:39,989:INFO:[Rank-0] train time 34.4415, epoch 134, step  49, loss 0.58363193, auc@1 85.73, auc@5 98.01, share 5, std_loss 0, 
2021-05-22 04:27:55,231:INFO:[Rank-0] val time 15.2386, epoch 134, step  40, loss 1.11659906, auc@1 69.82, auc@5 91.33
2021-05-22 04:28:31,313:INFO:[Rank-0] train time 34.6004, epoch 135, step  49, loss 0.58475006, auc@1 85.65, auc@5 98.04, share 5, std_loss 0, 
2021-05-22 04:28:46,549:INFO:[Rank-0] val time 15.2323, epoch 135, step  40, loss 1.10224590, auc@1 70.75, auc@5 91.53
2021-05-22 04:29:23,513:INFO:[Rank-0] train time 34.9633, epoch 136, step  49, loss 0.57491922, auc@1 86.07, auc@5 98.13, share 5, std_loss 0, 
2021-05-22 04:29:38,767:INFO:[Rank-0] val time 15.2502, epoch 136, step  40, loss 1.10058826, auc@1 70.26, auc@5 91.37
2021-05-22 04:30:15,146:INFO:[Rank-0] train time 34.8370, epoch 137, step  49, loss 0.56930894, auc@1 86.16, auc@5 98.13, share 5, std_loss 0, 
2021-05-22 04:30:30,407:INFO:[Rank-0] val time 15.2583, epoch 137, step  40, loss 1.11159549, auc@1 70.16, auc@5 91.37
2021-05-22 04:31:06,750:INFO:[Rank-0] train time 34.6680, epoch 138, step  49, loss 0.56576794, auc@1 86.12, auc@5 98.16, share 5, std_loss 0, 
2021-05-22 04:31:22,014:INFO:[Rank-0] val time 15.2604, epoch 138, step  40, loss 1.09831868, auc@1 70.53, auc@5 91.64
2021-05-22 04:31:58,526:INFO:[Rank-0] train time 34.7782, epoch 139, step  49, loss 0.56490827, auc@1 86.21, auc@5 98.11, share 5, std_loss 0, 
2021-05-22 04:32:13,719:INFO:[Rank-0] val time 15.1896, epoch 139, step  40, loss 1.11530553, auc@1 69.68, auc@5 91.48
2021-05-22 04:32:50,657:INFO:[Rank-0] train time 35.7980, epoch 140, step  49, loss 0.55525011, auc@1 86.49, auc@5 98.22, share 5, std_loss 0, 
2021-05-22 04:33:06,156:INFO:[Rank-0] val time 15.4935, epoch 140, step  40, loss 1.12396090, auc@1 69.42, auc@5 91.31
2021-05-22 04:33:42,223:INFO:[Rank-0] train time 34.6852, epoch 141, step  49, loss 0.55224860, auc@1 86.64, auc@5 98.28, share 5, std_loss 0, 
2021-05-22 04:33:57,718:INFO:[Rank-0] val time 15.4911, epoch 141, step  40, loss 1.10336607, auc@1 69.96, auc@5 91.49
2021-05-22 04:34:33,544:INFO:[Rank-0] train time 34.4692, epoch 142, step  49, loss 0.54763126, auc@1 86.61, auc@5 98.32, share 5, std_loss 0, 
2021-05-22 04:34:48,794:INFO:[Rank-0] val time 15.2472, epoch 142, step  40, loss 1.12452596, auc@1 69.96, auc@5 91.18
2021-05-22 04:35:24,855:INFO:[Rank-0] train time 34.6571, epoch 143, step  49, loss 0.54836595, auc@1 86.75, auc@5 98.25, share 5, std_loss 0, 
2021-05-22 04:35:40,107:INFO:[Rank-0] val time 15.2488, epoch 143, step  40, loss 1.12188810, auc@1 70.03, auc@5 91.41
2021-05-22 04:36:16,390:INFO:[Rank-0] train time 34.4339, epoch 144, step  49, loss 0.54852319, auc@1 86.71, auc@5 98.24, share 5, std_loss 0, 
2021-05-22 04:36:31,747:INFO:[Rank-0] val time 15.3526, epoch 144, step  40, loss 1.14475513, auc@1 69.11, auc@5 91.01
2021-05-22 04:37:08,099:INFO:[Rank-0] train time 34.6993, epoch 145, step  49, loss 0.54889977, auc@1 86.63, auc@5 98.32, share 5, std_loss 0, 
2021-05-22 04:37:23,553:INFO:[Rank-0] val time 15.4501, epoch 145, step  40, loss 1.16843283, auc@1 68.62, auc@5 90.47
2021-05-22 04:37:59,636:INFO:[Rank-0] train time 34.4988, epoch 146, step  49, loss 0.54550362, auc@1 86.73, auc@5 98.25, share 5, std_loss 0, 
2021-05-22 04:38:14,970:INFO:[Rank-0] val time 15.3312, epoch 146, step  40, loss 1.11563632, auc@1 69.96, auc@5 91.34
2021-05-22 04:38:50,980:INFO:[Rank-0] train time 34.4914, epoch 147, step  49, loss 0.53548908, auc@1 87.27, auc@5 98.33, share 5, std_loss 0, 
2021-05-22 04:39:06,359:INFO:[Rank-0] val time 15.3767, epoch 147, step  40, loss 1.15696845, auc@1 69.22, auc@5 90.89
2021-05-22 04:39:42,631:INFO:[Rank-0] train time 34.5453, epoch 148, step  49, loss 0.53087956, auc@1 87.23, auc@5 98.42, share 5, std_loss 0, 
2021-05-22 04:39:57,938:INFO:[Rank-0] val time 15.3041, epoch 148, step  40, loss 1.17053127, auc@1 68.95, auc@5 90.65
2021-05-22 04:40:34,235:INFO:[Rank-0] train time 34.6629, epoch 149, step  49, loss 0.52397579, auc@1 87.44, auc@5 98.49, share 5, std_loss 0, 
2021-05-22 04:40:49,525:INFO:[Rank-0] val time 15.2866, epoch 149, step  40, loss 1.15784763, auc@1 68.98, auc@5 91.18
2021-05-22 04:41:25,943:INFO:[Rank-0] train time 34.6816, epoch 150, step  49, loss 0.52326357, auc@1 87.32, auc@5 98.46, share 5, std_loss 0, 
2021-05-22 04:41:41,286:INFO:[Rank-0] val time 15.3394, epoch 150, step  40, loss 1.14770657, auc@1 69.41, auc@5 90.88
2021-05-22 04:42:17,510:INFO:[Rank-0] train time 34.7066, epoch 151, step  49, loss 0.51917058, auc@1 87.67, auc@5 98.46, share 5, std_loss 0, 
2021-05-22 04:42:32,829:INFO:[Rank-0] val time 15.3163, epoch 151, step  40, loss 1.18002561, auc@1 68.40, auc@5 90.60
2021-05-22 04:43:08,608:INFO:[Rank-0] train time 34.4401, epoch 152, step  49, loss 0.51815307, auc@1 87.55, auc@5 98.56, share 5, std_loss 0, 
2021-05-22 04:43:24,029:INFO:[Rank-0] val time 15.4171, epoch 152, step  40, loss 1.12023718, auc@1 69.97, auc@5 91.41
2021-05-22 04:44:00,211:INFO:[Rank-0] train time 34.5034, epoch 153, step  49, loss 0.51793313, auc@1 87.73, auc@5 98.48, share 5, std_loss 0, 
2021-05-22 04:44:15,863:INFO:[Rank-0] val time 15.6498, epoch 153, step  40, loss 1.17300307, auc@1 69.18, auc@5 90.45
2021-05-22 04:44:51,996:INFO:[Rank-0] train time 34.6164, epoch 154, step  49, loss 0.51540315, auc@1 87.71, auc@5 98.46, share 5, std_loss 0, 
2021-05-22 04:45:07,239:INFO:[Rank-0] val time 15.2380, epoch 154, step  40, loss 1.14322648, auc@1 69.61, auc@5 90.93
2021-05-22 04:45:43,626:INFO:[Rank-0] train time 34.7946, epoch 155, step  49, loss 0.50972432, auc@1 87.78, auc@5 98.60, share 5, std_loss 0, 
2021-05-22 04:45:59,049:INFO:[Rank-0] val time 15.4192, epoch 155, step  40, loss 1.11174494, auc@1 70.11, auc@5 91.66
2021-05-22 04:46:35,156:INFO:[Rank-0] train time 34.8260, epoch 156, step  49, loss 0.50599492, auc@1 87.95, auc@5 98.51, share 5, std_loss 0, 
2021-05-22 04:46:50,574:INFO:[Rank-0] val time 15.4144, epoch 156, step  40, loss 1.19041818, auc@1 68.58, auc@5 90.17
2021-05-22 04:47:26,790:INFO:[Rank-0] train time 34.5831, epoch 157, step  49, loss 0.50522941, auc@1 87.91, auc@5 98.55, share 5, std_loss 0, 
2021-05-22 04:47:41,992:INFO:[Rank-0] val time 15.1975, epoch 157, step  40, loss 1.11146674, auc@1 70.23, auc@5 91.47
2021-05-22 04:48:18,305:INFO:[Rank-0] train time 34.6354, epoch 158, step  49, loss 0.50239688, auc@1 88.04, auc@5 98.57, share 5, std_loss 0, 
2021-05-22 04:48:33,565:INFO:[Rank-0] val time 15.2565, epoch 158, step  40, loss 1.16180960, auc@1 69.19, auc@5 90.87
2021-05-22 04:49:09,964:INFO:[Rank-0] train time 34.6992, epoch 159, step  49, loss 0.49508977, auc@1 88.27, auc@5 98.62, share 5, std_loss 0, 
2021-05-22 04:49:25,383:INFO:[Rank-0] val time 15.4167, epoch 159, step  40, loss 1.15102710, auc@1 68.89, auc@5 91.11
2021-05-22 04:50:01,541:INFO:[Rank-0] train time 35.3715, epoch 160, step  49, loss 0.50467962, auc@1 87.97, auc@5 98.56, share 5, std_loss 0, 
2021-05-22 04:50:16,714:INFO:[Rank-0] val time 15.1703, epoch 160, step  40, loss 1.12509952, auc@1 70.27, auc@5 91.31
2021-05-22 04:50:52,963:INFO:[Rank-0] train time 34.6642, epoch 161, step  49, loss 0.44390866, auc@1 89.97, auc@5 98.84, share 5, std_loss 0, 
2021-05-22 04:51:08,190:INFO:[Rank-0] val time 15.2216, epoch 161, step  40, loss 1.00571893, auc@1 72.85, auc@5 92.71
2021-05-22 04:51:44,541:INFO:[Rank-0] train time 34.7296, epoch 162, step  49, loss 0.39446861, auc@1 91.63, auc@5 99.07, share 5, std_loss 0, 
2021-05-22 04:51:59,755:INFO:[Rank-0] val time 15.2112, epoch 162, step  40, loss 0.99050339, auc@1 73.46, auc@5 92.86
2021-05-22 04:52:36,019:INFO:[Rank-0] train time 34.7710, epoch 163, step  49, loss 0.37790883, auc@1 92.29, auc@5 99.16, share 5, std_loss 0, 
2021-05-22 04:52:51,197:INFO:[Rank-0] val time 15.1745, epoch 163, step  40, loss 0.98323412, auc@1 73.57, auc@5 92.81
2021-05-22 04:53:27,914:INFO:[Rank-0] train time 34.8991, epoch 164, step  49, loss 0.36569831, auc@1 92.62, auc@5 99.20, share 5, std_loss 0, 
2021-05-22 04:53:43,242:INFO:[Rank-0] val time 15.3251, epoch 164, step  40, loss 0.98163009, auc@1 73.65, auc@5 92.90
2021-05-22 04:54:19,549:INFO:[Rank-0] train time 34.8913, epoch 165, step  49, loss 0.35703906, auc@1 92.93, auc@5 99.20, share 5, std_loss 0, 
2021-05-22 04:54:34,775:INFO:[Rank-0] val time 15.2232, epoch 165, step  40, loss 0.97927579, auc@1 73.82, auc@5 93.05
2021-05-22 04:55:11,087:INFO:[Rank-0] train time 34.6974, epoch 166, step  49, loss 0.34958827, auc@1 93.13, auc@5 99.20, share 5, std_loss 0, 
2021-05-22 04:55:26,266:INFO:[Rank-0] val time 15.1767, epoch 166, step  40, loss 0.98038082, auc@1 73.84, auc@5 93.01
2021-05-22 04:56:02,478:INFO:[Rank-0] train time 34.6516, epoch 167, step  49, loss 0.34346712, auc@1 93.33, auc@5 99.26, share 5, std_loss 0, 
2021-05-22 04:56:17,715:INFO:[Rank-0] val time 15.2342, epoch 167, step  40, loss 0.97937246, auc@1 73.89, auc@5 92.89
2021-05-22 04:56:54,065:INFO:[Rank-0] train time 34.6596, epoch 168, step  49, loss 0.34007883, auc@1 93.48, auc@5 99.28, share 5, std_loss 0, 
2021-05-22 04:57:09,584:INFO:[Rank-0] val time 15.5158, epoch 168, step  40, loss 0.98019293, auc@1 74.22, auc@5 92.92
2021-05-22 04:57:45,861:INFO:[Rank-0] train time 34.5212, epoch 169, step  49, loss 0.33199817, auc@1 93.67, auc@5 99.32, share 5, std_loss 0, 
2021-05-22 04:58:01,387:INFO:[Rank-0] val time 15.5228, epoch 169, step  40, loss 0.97668080, auc@1 74.19, auc@5 93.07
2021-05-22 04:58:37,310:INFO:[Rank-0] train time 34.4992, epoch 170, step  49, loss 0.33052224, auc@1 93.73, auc@5 99.33, share 5, std_loss 0, 
2021-05-22 04:58:52,542:INFO:[Rank-0] val time 15.2275, epoch 170, step  40, loss 0.97589330, auc@1 74.33, auc@5 92.99
2021-05-22 04:59:29,257:INFO:[Rank-0] train time 34.6821, epoch 171, step  49, loss 0.32811859, auc@1 94.00, auc@5 99.34, share 5, std_loss 0, 
2021-05-22 04:59:44,748:INFO:[Rank-0] val time 15.4875, epoch 171, step  40, loss 0.97854479, auc@1 74.03, auc@5 92.91
2021-05-22 05:00:20,724:INFO:[Rank-0] train time 34.4832, epoch 172, step  49, loss 0.32278827, auc@1 94.06, auc@5 99.38, share 5, std_loss 0, 
2021-05-22 05:00:35,928:INFO:[Rank-0] val time 15.2020, epoch 172, step  40, loss 0.97452201, auc@1 74.19, auc@5 93.08
2021-05-22 05:01:11,937:INFO:[Rank-0] train time 34.5907, epoch 173, step  49, loss 0.31863874, auc@1 94.23, auc@5 99.42, share 5, std_loss 0, 
2021-05-22 05:01:27,403:INFO:[Rank-0] val time 15.4626, epoch 173, step  40, loss 0.97698436, auc@1 74.15, auc@5 93.10
2021-05-22 05:02:04,239:INFO:[Rank-0] train time 34.6402, epoch 174, step  49, loss 0.31472397, auc@1 94.34, auc@5 99.39, share 5, std_loss 0, 
2021-05-22 05:02:20,340:INFO:[Rank-0] val time 16.0957, epoch 174, step  40, loss 0.97776723, auc@1 74.03, auc@5 92.92
2021-05-22 05:02:56,007:INFO:[Rank-0] train time 34.4360, epoch 175, step  49, loss 0.31057835, auc@1 94.53, auc@5 99.42, share 5, std_loss 0, 
2021-05-22 05:03:11,346:INFO:[Rank-0] val time 15.3356, epoch 175, step  40, loss 0.98122541, auc@1 73.92, auc@5 93.13
2021-05-22 05:03:47,809:INFO:[Rank-0] train time 35.5009, epoch 176, step  49, loss 0.31280503, auc@1 94.34, auc@5 99.41, share 5, std_loss 0, 
2021-05-22 05:04:03,192:INFO:[Rank-0] val time 15.3791, epoch 176, step  40, loss 0.97886558, auc@1 73.91, auc@5 93.02
2021-05-22 05:04:38,714:INFO:[Rank-0] train time 35.2279, epoch 177, step  49, loss 0.31068209, auc@1 94.41, auc@5 99.39, share 5, std_loss 0, 
2021-05-22 05:04:53,910:INFO:[Rank-0] val time 15.1932, epoch 177, step  40, loss 0.97866552, auc@1 73.98, auc@5 92.88
2021-05-22 05:05:30,519:INFO:[Rank-0] train time 35.0948, epoch 178, step  49, loss 0.30517894, auc@1 94.64, auc@5 99.45, share 5, std_loss 0, 
2021-05-22 05:05:45,861:INFO:[Rank-0] val time 15.3381, epoch 178, step  40, loss 0.97612322, auc@1 74.22, auc@5 93.04
2021-05-22 05:06:21,921:INFO:[Rank-0] train time 34.5628, epoch 179, step  49, loss 0.30114970, auc@1 94.72, auc@5 99.48, share 5, std_loss 0, 
2021-05-22 05:06:37,114:INFO:[Rank-0] val time 15.1910, epoch 179, step  40, loss 0.98294692, auc@1 73.99, auc@5 93.02
2021-05-22 05:07:13,600:INFO:[Rank-0] train time 34.7172, epoch 180, step  49, loss 0.30078420, auc@1 94.68, auc@5 99.46, share 5, std_loss 0, 
2021-05-22 05:07:29,220:INFO:[Rank-0] val time 15.6160, epoch 180, step  40, loss 0.98028882, auc@1 74.09, auc@5 93.06
2021-05-22 05:08:05,157:INFO:[Rank-0] train time 35.1734, epoch 181, step  49, loss 0.29544923, auc@1 94.89, auc@5 99.51, share 5, std_loss 0, 
2021-05-22 05:08:20,518:INFO:[Rank-0] val time 15.3572, epoch 181, step  40, loss 0.97927419, auc@1 74.09, auc@5 92.88
2021-05-22 05:08:56,998:INFO:[Rank-0] train time 35.3594, epoch 182, step  49, loss 0.29611167, auc@1 94.88, auc@5 99.48, share 5, std_loss 0, 
2021-05-22 05:09:12,273:INFO:[Rank-0] val time 15.2708, epoch 182, step  40, loss 0.97969084, auc@1 73.99, auc@5 93.01
2021-05-22 05:09:47,954:INFO:[Rank-0] train time 34.6235, epoch 183, step  49, loss 0.29157364, auc@1 95.13, auc@5 99.48, share 5, std_loss 0, 
2021-05-22 05:10:03,138:INFO:[Rank-0] val time 15.1809, epoch 183, step  40, loss 0.98235503, auc@1 74.05, auc@5 92.95
2021-05-22 05:10:39,922:INFO:[Rank-0] train time 34.7835, epoch 184, step  49, loss 0.29030210, auc@1 95.04, auc@5 99.50, share 5, std_loss 0, 
2021-05-22 05:10:55,467:INFO:[Rank-0] val time 15.5413, epoch 184, step  40, loss 0.97982889, auc@1 74.09, auc@5 92.88
2021-05-22 05:11:31,356:INFO:[Rank-0] train time 34.5287, epoch 185, step  49, loss 0.29460177, auc@1 94.87, auc@5 99.47, share 5, std_loss 0, 
2021-05-22 05:11:46,718:INFO:[Rank-0] val time 15.3591, epoch 185, step  40, loss 0.98674245, auc@1 73.64, auc@5 92.97
2021-05-22 05:12:22,695:INFO:[Rank-0] train time 34.5355, epoch 186, step  49, loss 0.29002488, auc@1 95.05, auc@5 99.50, share 5, std_loss 0, 
2021-05-22 05:12:37,882:INFO:[Rank-0] val time 15.1845, epoch 186, step  40, loss 0.98633854, auc@1 73.77, auc@5 92.94
2021-05-22 05:13:14,218:INFO:[Rank-0] train time 34.6718, epoch 187, step  49, loss 0.28471953, auc@1 95.14, auc@5 99.52, share 5, std_loss 0, 
2021-05-22 05:13:29,632:INFO:[Rank-0] val time 15.4094, epoch 187, step  40, loss 0.98811929, auc@1 73.73, auc@5 92.95
2021-05-22 05:14:05,636:INFO:[Rank-0] train time 34.7273, epoch 188, step  49, loss 0.28494111, auc@1 95.27, auc@5 99.51, share 5, std_loss 0, 
2021-05-22 05:14:21,208:INFO:[Rank-0] val time 15.5672, epoch 188, step  40, loss 0.98636655, auc@1 73.68, auc@5 92.98
2021-05-22 05:14:57,370:INFO:[Rank-0] train time 35.0572, epoch 189, step  49, loss 0.28043029, auc@1 95.48, auc@5 99.53, share 5, std_loss 0, 
2021-05-22 05:15:12,687:INFO:[Rank-0] val time 15.3132, epoch 189, step  40, loss 0.98775309, auc@1 73.84, auc@5 92.87
2021-05-22 05:15:48,906:INFO:[Rank-0] train time 34.7278, epoch 190, step  49, loss 0.28097647, auc@1 95.23, auc@5 99.55, share 5, std_loss 0, 
2021-05-22 05:16:04,366:INFO:[Rank-0] val time 15.4567, epoch 190, step  40, loss 0.98416926, auc@1 74.02, auc@5 92.91
2021-05-22 05:16:40,298:INFO:[Rank-0] train time 34.5667, epoch 191, step  49, loss 0.28216302, auc@1 95.32, auc@5 99.45, share 5, std_loss 0, 
2021-05-22 05:16:55,832:INFO:[Rank-0] val time 15.5304, epoch 191, step  40, loss 0.98558227, auc@1 74.07, auc@5 92.92
2021-05-22 05:17:31,479:INFO:[Rank-0] train time 34.5127, epoch 192, step  49, loss 0.27476859, auc@1 95.53, auc@5 99.56, share 5, std_loss 0, 
2021-05-22 05:17:46,800:INFO:[Rank-0] val time 15.3173, epoch 192, step  40, loss 0.98713832, auc@1 73.98, auc@5 92.93
2021-05-22 05:18:23,515:INFO:[Rank-0] train time 34.9336, epoch 193, step  49, loss 0.27353728, auc@1 95.67, auc@5 99.62, share 5, std_loss 0, 
2021-05-22 05:18:38,753:INFO:[Rank-0] val time 15.2336, epoch 193, step  40, loss 0.98717105, auc@1 74.12, auc@5 92.84
2021-05-22 05:19:15,429:INFO:[Rank-0] train time 34.7650, epoch 194, step  49, loss 0.27641079, auc@1 95.38, auc@5 99.53, share 5, std_loss 0, 
2021-05-22 05:19:30,736:INFO:[Rank-0] val time 15.3033, epoch 194, step  40, loss 0.98756174, auc@1 73.93, auc@5 92.91
2021-05-22 05:20:07,188:INFO:[Rank-0] train time 34.7550, epoch 195, step  49, loss 0.27181631, auc@1 95.60, auc@5 99.55, share 5, std_loss 0, 
2021-05-22 05:20:22,538:INFO:[Rank-0] val time 15.3475, epoch 195, step  40, loss 0.98940976, auc@1 73.96, auc@5 92.85
2021-05-22 05:20:58,834:INFO:[Rank-0] train time 34.6429, epoch 196, step  49, loss 0.27127239, auc@1 95.66, auc@5 99.57, share 5, std_loss 0, 
2021-05-22 05:21:14,200:INFO:[Rank-0] val time 15.3619, epoch 196, step  40, loss 0.99325696, auc@1 73.75, auc@5 92.91
2021-05-22 05:21:50,328:INFO:[Rank-0] train time 34.6315, epoch 197, step  49, loss 0.26971087, auc@1 95.70, auc@5 99.57, share 5, std_loss 0, 
2021-05-22 05:22:05,657:INFO:[Rank-0] val time 15.3264, epoch 197, step  40, loss 0.98782397, auc@1 73.67, auc@5 92.86
2021-05-22 05:22:41,959:INFO:[Rank-0] train time 34.6321, epoch 198, step  49, loss 0.26830792, auc@1 95.68, auc@5 99.56, share 5, std_loss 0, 
2021-05-22 05:22:57,337:INFO:[Rank-0] val time 15.3755, epoch 198, step  40, loss 0.98908745, auc@1 73.74, auc@5 92.99
2021-05-22 05:23:33,443:INFO:[Rank-0] train time 34.6034, epoch 199, step  49, loss 0.26633430, auc@1 95.78, auc@5 99.56, share 5, std_loss 0, 
2021-05-22 05:23:48,808:INFO:[Rank-0] val time 15.3617, epoch 199, step  40, loss 0.98860611, auc@1 73.84, auc@5 92.90
2021-05-22 05:24:25,207:INFO:[Rank-0] train time 34.6651, epoch 200, step  49, loss 0.26631278, auc@1 95.83, auc@5 99.60, share 5, std_loss 0, 
2021-05-22 05:24:40,521:INFO:[Rank-0] val time 15.3101, epoch 200, step  40, loss 0.98743012, auc@1 73.68, auc@5 92.97
2021-05-22 05:24:40,522:INFO:[Rank-0] finish, train+val 10324.41138, train 7255.47801, reduce_count 1000
