2021-05-21 23:40:08,816:INFO:[Rank-2] args : Namespace(batch=1024, current_time='20210521_202640', dataset='cifar100', epochs=200, ip='192.168.1.1:7548', k=12, lr=0.01, momentum=0.9, name='async(k=12)', rank=2, scheduler_step=80, train_type='async', weight_decay=0.008, world=4)
2021-05-21 23:40:46,402:INFO:[Rank-2] train time 35.2939, epoch   1, step  49, loss 4.75776577, auc@1 2.11, auc@5 8.49, share 5, std_loss 0, 
2021-05-21 23:41:01,633:INFO:[Rank-2] val time 15.2281, epoch   1, step  40, loss 4.47358677, auc@1 4.39, auc@5 15.79
2021-05-21 23:41:37,733:INFO:[Rank-2] train time 34.5209, epoch   2, step  49, loss 4.36846828, auc@1 4.63, auc@5 17.60, share 5, std_loss 0, 
2021-05-21 23:41:52,943:INFO:[Rank-2] val time 15.2070, epoch   2, step  40, loss 4.53851786, auc@1 5.60, auc@5 21.02
2021-05-21 23:42:29,468:INFO:[Rank-2] train time 34.5793, epoch   3, step  49, loss 4.10627365, auc@1 6.84, auc@5 24.43, share 5, std_loss 0, 
2021-05-21 23:42:44,701:INFO:[Rank-2] val time 15.2306, epoch   3, step  40, loss 4.29473341, auc@1 7.58, auc@5 27.27
2021-05-21 23:43:21,260:INFO:[Rank-2] train time 34.7109, epoch   4, step  49, loss 3.94841003, auc@1 8.79, auc@5 28.75, share 5, std_loss 0, 
2021-05-21 23:43:36,508:INFO:[Rank-2] val time 15.2448, epoch   4, step  40, loss 3.82092983, auc@1 10.65, auc@5 32.09
2021-05-21 23:44:12,991:INFO:[Rank-2] train time 34.5193, epoch   5, step  49, loss 3.82125258, auc@1 10.32, auc@5 32.31, share 5, std_loss 0, 
2021-05-21 23:44:28,191:INFO:[Rank-2] val time 15.1966, epoch   5, step  40, loss 3.82969555, auc@1 10.77, auc@5 33.29
2021-05-21 23:45:04,588:INFO:[Rank-2] train time 34.4761, epoch   6, step  49, loss 3.72761917, auc@1 11.80, auc@5 35.30, share 5, std_loss 0, 
2021-05-21 23:45:19,794:INFO:[Rank-2] val time 15.2029, epoch   6, step  40, loss 3.74096490, auc@1 11.15, auc@5 34.66
2021-05-21 23:45:56,162:INFO:[Rank-2] train time 34.4518, epoch   7, step  49, loss 3.62964034, auc@1 13.35, auc@5 38.64, share 5, std_loss 0, 
2021-05-21 23:46:11,274:INFO:[Rank-2] val time 15.1090, epoch   7, step  40, loss 3.59717573, auc@1 14.43, auc@5 39.17
2021-05-21 23:46:47,931:INFO:[Rank-2] train time 34.5428, epoch   8, step  49, loss 3.52943563, auc@1 14.98, auc@5 41.45, share 5, std_loss 0, 
2021-05-21 23:47:03,200:INFO:[Rank-2] val time 15.2663, epoch   8, step  40, loss 3.52283476, auc@1 15.46, auc@5 41.23
2021-05-21 23:47:39,252:INFO:[Rank-2] train time 34.5528, epoch   9, step  49, loss 3.42872310, auc@1 16.59, auc@5 44.27, share 5, std_loss 0, 
2021-05-21 23:47:54,527:INFO:[Rank-2] val time 15.2716, epoch   9, step  40, loss 3.38581905, auc@1 18.05, auc@5 45.66
2021-05-21 23:48:30,547:INFO:[Rank-2] train time 34.4925, epoch  10, step  49, loss 3.33420086, auc@1 18.28, auc@5 46.57, share 5, std_loss 0, 
2021-05-21 23:48:45,743:INFO:[Rank-2] val time 15.1931, epoch  10, step  40, loss 3.30695242, auc@1 19.14, auc@5 47.82
2021-05-21 23:49:22,206:INFO:[Rank-2] train time 34.4053, epoch  11, step  49, loss 3.25192332, auc@1 19.66, auc@5 49.11, share 5, std_loss 0, 
2021-05-21 23:49:37,405:INFO:[Rank-2] val time 15.1968, epoch  11, step  40, loss 3.43779536, auc@1 18.09, auc@5 45.11
2021-05-21 23:50:13,651:INFO:[Rank-2] train time 34.5358, epoch  12, step  49, loss 3.16356969, auc@1 21.61, auc@5 51.47, share 5, std_loss 0, 
2021-05-21 23:50:28,933:INFO:[Rank-2] val time 15.2792, epoch  12, step  40, loss 3.19876471, auc@1 21.34, auc@5 50.88
2021-05-21 23:51:05,523:INFO:[Rank-2] train time 34.5905, epoch  13, step  49, loss 3.09540677, auc@1 22.74, auc@5 53.11, share 5, std_loss 0, 
2021-05-21 23:51:20,719:INFO:[Rank-2] val time 15.1927, epoch  13, step  40, loss 3.13183101, auc@1 22.12, auc@5 52.23
2021-05-21 23:51:57,255:INFO:[Rank-2] train time 34.6489, epoch  14, step  49, loss 3.01572990, auc@1 24.16, auc@5 55.37, share 5, std_loss 0, 
2021-05-21 23:52:12,583:INFO:[Rank-2] val time 15.3248, epoch  14, step  40, loss 3.08730226, auc@1 22.58, auc@5 53.57
2021-05-21 23:52:48,264:INFO:[Rank-2] train time 34.6690, epoch  15, step  49, loss 2.92932820, auc@1 25.90, auc@5 57.39, share 5, std_loss 0, 
2021-05-21 23:53:03,475:INFO:[Rank-2] val time 15.2080, epoch  15, step  40, loss 2.87241873, auc@1 27.23, auc@5 59.03
2021-05-21 23:53:39,956:INFO:[Rank-2] train time 34.4532, epoch  16, step  49, loss 2.86880565, auc@1 27.00, auc@5 58.90, share 5, std_loss 0, 
2021-05-21 23:53:55,177:INFO:[Rank-2] val time 15.2179, epoch  16, step  40, loss 2.95114830, auc@1 26.38, auc@5 56.92
2021-05-21 23:54:31,786:INFO:[Rank-2] train time 34.4672, epoch  17, step  49, loss 2.77614403, auc@1 28.96, auc@5 61.18, share 5, std_loss 0, 
2021-05-21 23:54:46,909:INFO:[Rank-2] val time 15.1196, epoch  17, step  40, loss 2.88905612, auc@1 26.23, auc@5 59.22
2021-05-21 23:55:23,333:INFO:[Rank-2] train time 34.3974, epoch  18, step  49, loss 2.71867681, auc@1 30.13, auc@5 62.81, share 5, std_loss 0, 
2021-05-21 23:55:38,531:INFO:[Rank-2] val time 15.1964, epoch  18, step  40, loss 2.90515247, auc@1 26.21, auc@5 57.98
2021-05-21 23:56:14,889:INFO:[Rank-2] train time 34.7905, epoch  19, step  49, loss 2.63558817, auc@1 31.83, auc@5 64.49, share 5, std_loss 0, 
2021-05-21 23:56:30,185:INFO:[Rank-2] val time 15.2935, epoch  19, step  40, loss 3.16962528, auc@1 22.74, auc@5 52.37
2021-05-21 23:57:06,597:INFO:[Rank-2] train time 34.4698, epoch  20, step  49, loss 2.56463122, auc@1 33.32, auc@5 66.47, share 5, std_loss 0, 
2021-05-21 23:57:21,724:INFO:[Rank-2] val time 15.1240, epoch  20, step  40, loss 2.76905626, auc@1 29.03, auc@5 61.67
2021-05-21 23:57:58,286:INFO:[Rank-2] train time 34.6857, epoch  21, step  49, loss 2.50336909, auc@1 34.36, auc@5 67.75, share 5, std_loss 0, 
2021-05-21 23:58:13,524:INFO:[Rank-2] val time 15.2355, epoch  21, step  40, loss 2.76695499, auc@1 29.55, auc@5 60.80
2021-05-21 23:58:49,929:INFO:[Rank-2] train time 34.7151, epoch  22, step  49, loss 2.43452978, auc@1 35.45, auc@5 69.51, share 5, std_loss 0, 
2021-05-21 23:59:05,134:INFO:[Rank-2] val time 15.2019, epoch  22, step  40, loss 2.57444611, auc@1 33.77, auc@5 66.31
2021-05-21 23:59:41,555:INFO:[Rank-2] train time 34.4990, epoch  23, step  49, loss 2.36477447, auc@1 37.08, auc@5 70.92, share 5, std_loss 0, 
2021-05-21 23:59:56,961:INFO:[Rank-2] val time 15.4017, epoch  23, step  40, loss 2.74698149, auc@1 29.44, auc@5 63.22
2021-05-22 00:00:33,204:INFO:[Rank-2] train time 34.5462, epoch  24, step  49, loss 2.31820536, auc@1 38.32, auc@5 72.14, share 5, std_loss 0, 
2021-05-22 00:00:48,419:INFO:[Rank-2] val time 15.2122, epoch  24, step  40, loss 2.43963782, auc@1 35.21, auc@5 69.26
2021-05-22 00:01:24,913:INFO:[Rank-2] train time 34.5111, epoch  25, step  49, loss 2.25303960, auc@1 39.81, auc@5 73.43, share 5, std_loss 0, 
2021-05-22 00:01:40,231:INFO:[Rank-2] val time 15.3153, epoch  25, step  40, loss 2.45098975, auc@1 35.78, auc@5 68.42
2021-05-22 00:02:16,729:INFO:[Rank-2] train time 34.5153, epoch  26, step  49, loss 2.20469427, auc@1 40.72, auc@5 74.62, share 5, std_loss 0, 
2021-05-22 00:02:31,984:INFO:[Rank-2] val time 15.2521, epoch  26, step  40, loss 2.40869422, auc@1 37.05, auc@5 69.99
2021-05-22 00:03:08,600:INFO:[Rank-2] train time 34.7299, epoch  27, step  49, loss 2.15234280, auc@1 42.13, auc@5 75.58, share 5, std_loss 0, 
2021-05-22 00:03:23,860:INFO:[Rank-2] val time 15.2575, epoch  27, step  40, loss 2.29446673, auc@1 39.03, auc@5 71.30
2021-05-22 00:03:59,960:INFO:[Rank-2] train time 34.6319, epoch  28, step  49, loss 2.10123682, auc@1 43.31, auc@5 76.65, share 5, std_loss 0, 
2021-05-22 00:04:15,135:INFO:[Rank-2] val time 15.1719, epoch  28, step  40, loss 2.36586576, auc@1 37.64, auc@5 69.95
2021-05-22 00:04:51,926:INFO:[Rank-2] train time 34.5970, epoch  29, step  49, loss 2.07925272, auc@1 43.84, auc@5 77.12, share 5, std_loss 0, 
2021-05-22 00:05:07,213:INFO:[Rank-2] val time 15.2843, epoch  29, step  40, loss 2.37906155, auc@1 37.47, auc@5 69.55
2021-05-22 00:05:43,875:INFO:[Rank-2] train time 34.5778, epoch  30, step  49, loss 2.02780008, auc@1 45.07, auc@5 78.09, share 5, std_loss 0, 
2021-05-22 00:05:59,122:INFO:[Rank-2] val time 15.2438, epoch  30, step  40, loss 2.21583543, auc@1 40.81, auc@5 73.32
2021-05-22 00:06:35,548:INFO:[Rank-2] train time 34.5944, epoch  31, step  49, loss 1.99608123, auc@1 45.96, auc@5 78.46, share 5, std_loss 0, 
2021-05-22 00:06:50,762:INFO:[Rank-2] val time 15.2113, epoch  31, step  40, loss 2.21845512, auc@1 40.40, auc@5 73.40
2021-05-22 00:07:27,353:INFO:[Rank-2] train time 34.4167, epoch  32, step  49, loss 1.95846272, auc@1 46.86, auc@5 79.47, share 5, std_loss 0, 
2021-05-22 00:07:42,547:INFO:[Rank-2] val time 15.1906, epoch  32, step  40, loss 2.18310512, auc@1 41.01, auc@5 74.74
2021-05-22 00:08:19,319:INFO:[Rank-2] train time 34.5068, epoch  33, step  49, loss 1.92296064, auc@1 47.57, auc@5 80.36, share 5, std_loss 0, 
2021-05-22 00:08:34,656:INFO:[Rank-2] val time 15.3341, epoch  33, step  40, loss 2.22467370, auc@1 40.04, auc@5 73.46
2021-05-22 00:09:11,313:INFO:[Rank-2] train time 34.4230, epoch  34, step  49, loss 1.88867736, auc@1 48.58, auc@5 80.95, share 5, std_loss 0, 
2021-05-22 00:09:26,577:INFO:[Rank-2] val time 15.2616, epoch  34, step  40, loss 2.14010042, auc@1 43.33, auc@5 75.04
2021-05-22 00:10:02,444:INFO:[Rank-2] train time 34.6741, epoch  35, step  49, loss 1.85609627, auc@1 49.04, auc@5 81.70, share 5, std_loss 0, 
2021-05-22 00:10:17,782:INFO:[Rank-2] val time 15.3352, epoch  35, step  40, loss 2.15981188, auc@1 42.61, auc@5 74.35
2021-05-22 00:10:54,272:INFO:[Rank-2] train time 34.4069, epoch  36, step  49, loss 1.84940207, auc@1 49.73, auc@5 81.53, share 5, std_loss 0, 
2021-05-22 00:11:09,492:INFO:[Rank-2] val time 15.2138, epoch  36, step  40, loss 2.24087827, auc@1 40.86, auc@5 72.35
2021-05-22 00:11:46,218:INFO:[Rank-2] train time 34.6057, epoch  37, step  49, loss 1.83442295, auc@1 50.02, auc@5 81.90, share 5, std_loss 0, 
2021-05-22 00:12:01,491:INFO:[Rank-2] val time 15.2702, epoch  37, step  40, loss 2.00496957, auc@1 45.49, auc@5 78.20
2021-05-22 00:12:37,573:INFO:[Rank-2] train time 34.5692, epoch  38, step  49, loss 1.79804778, auc@1 51.25, auc@5 82.52, share 5, std_loss 0, 
2021-05-22 00:12:52,858:INFO:[Rank-2] val time 15.2825, epoch  38, step  40, loss 2.01799743, auc@1 45.01, auc@5 77.65
2021-05-22 00:13:29,029:INFO:[Rank-2] train time 34.6726, epoch  39, step  49, loss 1.78286433, auc@1 51.23, auc@5 82.86, share 5, std_loss 0, 
2021-05-22 00:13:44,453:INFO:[Rank-2] val time 15.4217, epoch  39, step  40, loss 1.94295952, auc@1 46.69, auc@5 78.65
2021-05-22 00:14:20,824:INFO:[Rank-2] train time 34.5738, epoch  40, step  49, loss 1.77053010, auc@1 51.78, auc@5 83.31, share 5, std_loss 0, 
2021-05-22 00:14:36,074:INFO:[Rank-2] val time 15.2472, epoch  40, step  40, loss 2.03846748, auc@1 45.09, auc@5 77.10
2021-05-22 00:15:12,606:INFO:[Rank-2] train time 34.3345, epoch  41, step  49, loss 1.75103080, auc@1 52.42, auc@5 83.47, share 5, std_loss 0, 
2021-05-22 00:15:27,886:INFO:[Rank-2] val time 15.2763, epoch  41, step  40, loss 2.31660862, auc@1 40.25, auc@5 71.17
2021-05-22 00:16:04,727:INFO:[Rank-2] train time 34.6934, epoch  42, step  49, loss 1.73271823, auc@1 52.68, auc@5 83.82, share 5, std_loss 0, 
2021-05-22 00:16:19,958:INFO:[Rank-2] val time 15.2277, epoch  42, step  40, loss 2.21913273, auc@1 41.36, auc@5 73.43
2021-05-22 00:16:56,686:INFO:[Rank-2] train time 34.5972, epoch  43, step  49, loss 1.71208644, auc@1 53.14, auc@5 84.08, share 5, std_loss 0, 
2021-05-22 00:17:11,952:INFO:[Rank-2] val time 15.2632, epoch  43, step  40, loss 2.10814093, auc@1 42.85, auc@5 76.24
2021-05-22 00:17:48,262:INFO:[Rank-2] train time 34.4484, epoch  44, step  49, loss 1.70512903, auc@1 53.65, auc@5 84.27, share 5, std_loss 0, 
2021-05-22 00:18:03,453:INFO:[Rank-2] val time 15.1841, epoch  44, step  40, loss 2.10327813, auc@1 42.72, auc@5 76.17
2021-05-22 00:18:39,968:INFO:[Rank-2] train time 34.5210, epoch  45, step  49, loss 1.69252956, auc@1 54.04, auc@5 84.57, share 5, std_loss 0, 
2021-05-22 00:18:55,195:INFO:[Rank-2] val time 15.2233, epoch  45, step  40, loss 1.96242716, auc@1 46.92, auc@5 78.61
2021-05-22 00:19:31,359:INFO:[Rank-2] train time 34.5646, epoch  46, step  49, loss 1.67981660, auc@1 54.19, auc@5 84.63, share 5, std_loss 0, 
2021-05-22 00:19:46,470:INFO:[Rank-2] val time 15.1083, epoch  46, step  40, loss 2.01796220, auc@1 46.18, auc@5 77.20
2021-05-22 00:20:23,795:INFO:[Rank-2] train time 34.5165, epoch  47, step  49, loss 1.66046941, auc@1 55.05, auc@5 85.19, share 5, std_loss 0, 
2021-05-22 00:20:38,968:INFO:[Rank-2] val time 15.1704, epoch  47, step  40, loss 1.96455120, auc@1 47.19, auc@5 79.39
2021-05-22 00:21:15,259:INFO:[Rank-2] train time 34.5712, epoch  48, step  49, loss 1.65306294, auc@1 55.13, auc@5 85.24, share 5, std_loss 0, 
2021-05-22 00:21:30,577:INFO:[Rank-2] val time 15.3152, epoch  48, step  40, loss 1.92315119, auc@1 48.44, auc@5 79.60
2021-05-22 00:22:07,019:INFO:[Rank-2] train time 34.5035, epoch  49, step  49, loss 1.63462722, auc@1 55.63, auc@5 85.71, share 5, std_loss 0, 
2021-05-22 00:22:22,294:INFO:[Rank-2] val time 15.2716, epoch  49, step  40, loss 2.04341001, auc@1 45.31, auc@5 77.35
2021-05-22 00:22:58,466:INFO:[Rank-2] train time 34.6815, epoch  50, step  49, loss 1.63347387, auc@1 55.68, auc@5 85.49, share 5, std_loss 0, 
2021-05-22 00:23:13,636:INFO:[Rank-2] val time 15.1672, epoch  50, step  40, loss 2.11174159, auc@1 43.77, auc@5 75.61
2021-05-22 00:23:50,889:INFO:[Rank-2] train time 34.6308, epoch  51, step  49, loss 1.61835599, auc@1 56.14, auc@5 85.78, share 5, std_loss 0, 
2021-05-22 00:24:06,125:INFO:[Rank-2] val time 15.2329, epoch  51, step  40, loss 1.88847911, auc@1 48.91, auc@5 80.51
2021-05-22 00:24:42,229:INFO:[Rank-2] train time 34.6097, epoch  52, step  49, loss 1.61022925, auc@1 56.45, auc@5 85.80, share 5, std_loss 0, 
2021-05-22 00:24:57,459:INFO:[Rank-2] val time 15.2265, epoch  52, step  40, loss 1.96853174, auc@1 46.24, auc@5 79.33
2021-05-22 00:25:33,567:INFO:[Rank-2] train time 34.4226, epoch  53, step  49, loss 1.60058093, auc@1 56.55, auc@5 86.13, share 5, std_loss 0, 
2021-05-22 00:25:48,795:INFO:[Rank-2] val time 15.2256, epoch  53, step  40, loss 1.96990141, auc@1 46.71, auc@5 78.77
2021-05-22 00:26:25,136:INFO:[Rank-2] train time 34.7264, epoch  54, step  49, loss 1.61158645, auc@1 56.50, auc@5 85.92, share 5, std_loss 0, 
2021-05-22 00:26:40,381:INFO:[Rank-2] val time 15.2417, epoch  54, step  40, loss 1.92414490, auc@1 47.52, auc@5 79.54
2021-05-22 00:27:16,434:INFO:[Rank-2] train time 34.6311, epoch  55, step  49, loss 1.58603370, auc@1 57.08, auc@5 86.43, share 5, std_loss 0, 
2021-05-22 00:27:31,681:INFO:[Rank-2] val time 15.2433, epoch  55, step  40, loss 1.94398537, auc@1 48.05, auc@5 79.19
2021-05-22 00:28:08,835:INFO:[Rank-2] train time 34.6652, epoch  56, step  49, loss 1.57731724, auc@1 57.52, auc@5 86.48, share 5, std_loss 0, 
2021-05-22 00:28:24,141:INFO:[Rank-2] val time 15.3030, epoch  56, step  40, loss 1.97027119, auc@1 47.18, auc@5 78.84
2021-05-22 00:29:00,378:INFO:[Rank-2] train time 34.6703, epoch  57, step  49, loss 1.58216333, auc@1 57.11, auc@5 86.34, share 5, std_loss 0, 
2021-05-22 00:29:15,560:INFO:[Rank-2] val time 15.1787, epoch  57, step  40, loss 1.95755867, auc@1 47.85, auc@5 78.36
2021-05-22 00:29:52,156:INFO:[Rank-2] train time 34.5477, epoch  58, step  49, loss 1.55440021, auc@1 57.88, auc@5 86.92, share 5, std_loss 0, 
2021-05-22 00:30:07,401:INFO:[Rank-2] val time 15.2423, epoch  58, step  40, loss 1.90377494, auc@1 48.84, auc@5 79.92
2021-05-22 00:30:43,778:INFO:[Rank-2] train time 34.5852, epoch  59, step  49, loss 1.55083299, auc@1 58.04, auc@5 86.80, share 5, std_loss 0, 
2021-05-22 00:30:59,053:INFO:[Rank-2] val time 15.2725, epoch  59, step  40, loss 1.83151185, auc@1 50.36, auc@5 81.52
2021-05-22 00:31:34,940:INFO:[Rank-2] train time 34.5352, epoch  60, step  49, loss 1.54359567, auc@1 58.51, auc@5 87.03, share 5, std_loss 0, 
2021-05-22 00:31:50,160:INFO:[Rank-2] val time 15.2169, epoch  60, step  40, loss 1.83699096, auc@1 51.18, auc@5 80.72
2021-05-22 00:32:26,642:INFO:[Rank-2] train time 34.4580, epoch  61, step  49, loss 1.54619825, auc@1 58.39, auc@5 87.14, share 5, std_loss 0, 
2021-05-22 00:32:41,921:INFO:[Rank-2] val time 15.2755, epoch  61, step  40, loss 1.84482629, auc@1 49.79, auc@5 81.04
2021-05-22 00:33:18,670:INFO:[Rank-2] train time 34.4817, epoch  62, step  49, loss 1.53864682, auc@1 58.55, auc@5 87.10, share 5, std_loss 0, 
2021-05-22 00:33:34,062:INFO:[Rank-2] val time 15.3881, epoch  62, step  40, loss 1.77823890, auc@1 51.12, auc@5 82.34
2021-05-22 00:34:10,684:INFO:[Rank-2] train time 34.5859, epoch  63, step  49, loss 1.52347255, auc@1 58.99, auc@5 87.34, share 5, std_loss 0, 
2021-05-22 00:34:25,952:INFO:[Rank-2] val time 15.2646, epoch  63, step  40, loss 1.92797859, auc@1 48.61, auc@5 79.14
2021-05-22 00:35:02,364:INFO:[Rank-2] train time 34.6662, epoch  64, step  49, loss 1.52803159, auc@1 59.01, auc@5 87.21, share 5, std_loss 0, 
2021-05-22 00:35:17,613:INFO:[Rank-2] val time 15.2461, epoch  64, step  40, loss 1.96531611, auc@1 47.62, auc@5 78.98
2021-05-22 00:35:53,773:INFO:[Rank-2] train time 34.6956, epoch  65, step  49, loss 1.51802599, auc@1 58.98, auc@5 87.41, share 5, std_loss 0, 
2021-05-22 00:36:09,154:INFO:[Rank-2] val time 15.3785, epoch  65, step  40, loss 1.88200231, auc@1 49.61, auc@5 80.16
2021-05-22 00:36:45,885:INFO:[Rank-2] train time 34.6395, epoch  66, step  49, loss 1.52353311, auc@1 59.03, auc@5 87.19, share 5, std_loss 0, 
2021-05-22 00:37:01,095:INFO:[Rank-2] val time 15.2078, epoch  66, step  40, loss 1.98034774, auc@1 47.07, auc@5 78.21
2021-05-22 00:37:37,779:INFO:[Rank-2] train time 34.6455, epoch  67, step  49, loss 1.50930560, auc@1 59.46, auc@5 87.54, share 5, std_loss 0, 
2021-05-22 00:37:53,103:INFO:[Rank-2] val time 15.3208, epoch  67, step  40, loss 1.92606404, auc@1 48.72, auc@5 79.56
2021-05-22 00:38:29,268:INFO:[Rank-2] train time 34.5598, epoch  68, step  49, loss 1.51032448, auc@1 59.51, auc@5 87.28, share 5, std_loss 0, 
2021-05-22 00:38:44,457:INFO:[Rank-2] val time 15.1857, epoch  68, step  40, loss 1.90782526, auc@1 48.88, auc@5 80.10
2021-05-22 00:39:20,497:INFO:[Rank-2] train time 34.6721, epoch  69, step  49, loss 1.50916934, auc@1 59.43, auc@5 87.55, share 5, std_loss 0, 
2021-05-22 00:39:35,775:INFO:[Rank-2] val time 15.2750, epoch  69, step  40, loss 1.87815787, auc@1 49.80, auc@5 80.27
2021-05-22 00:40:12,149:INFO:[Rank-2] train time 34.6463, epoch  70, step  49, loss 1.50556219, auc@1 59.69, auc@5 87.62, share 5, std_loss 0, 
2021-05-22 00:40:27,357:INFO:[Rank-2] val time 15.2053, epoch  70, step  40, loss 1.82651089, auc@1 51.31, auc@5 80.86
2021-05-22 00:41:03,604:INFO:[Rank-2] train time 34.6496, epoch  71, step  49, loss 1.50133908, auc@1 59.70, auc@5 87.38, share 5, std_loss 0, 
2021-05-22 00:41:18,886:INFO:[Rank-2] val time 15.2788, epoch  71, step  40, loss 1.84985856, auc@1 51.38, auc@5 80.02
2021-05-22 00:41:55,480:INFO:[Rank-2] train time 34.5491, epoch  72, step  49, loss 1.49382365, auc@1 59.76, auc@5 87.75, share 5, std_loss 0, 
2021-05-22 00:42:10,751:INFO:[Rank-2] val time 15.2676, epoch  72, step  40, loss 1.88192790, auc@1 49.42, auc@5 79.54
2021-05-22 00:42:47,588:INFO:[Rank-2] train time 34.5320, epoch  73, step  49, loss 1.49284971, auc@1 59.88, auc@5 87.75, share 5, std_loss 0, 
2021-05-22 00:43:02,820:INFO:[Rank-2] val time 15.2283, epoch  73, step  40, loss 2.04873888, auc@1 46.82, auc@5 76.49
2021-05-22 00:43:39,412:INFO:[Rank-2] train time 34.6066, epoch  74, step  49, loss 1.48468781, auc@1 60.09, auc@5 87.93, share 5, std_loss 0, 
2021-05-22 00:43:54,700:INFO:[Rank-2] val time 15.2854, epoch  74, step  40, loss 1.90113648, auc@1 49.54, auc@5 79.57
2021-05-22 00:44:31,074:INFO:[Rank-2] train time 34.5794, epoch  75, step  49, loss 1.48948610, auc@1 60.08, auc@5 87.76, share 5, std_loss 0, 
2021-05-22 00:44:46,335:INFO:[Rank-2] val time 15.2584, epoch  75, step  40, loss 1.91625318, auc@1 49.66, auc@5 79.28
2021-05-22 00:45:23,069:INFO:[Rank-2] train time 34.4363, epoch  76, step  49, loss 1.48131013, auc@1 60.15, auc@5 87.98, share 5, std_loss 0, 
2021-05-22 00:45:38,293:INFO:[Rank-2] val time 15.2214, epoch  76, step  40, loss 2.00065665, auc@1 48.19, auc@5 78.34
2021-05-22 00:46:13,989:INFO:[Rank-2] train time 34.5339, epoch  77, step  49, loss 1.47866905, auc@1 60.48, auc@5 87.87, share 5, std_loss 0, 
2021-05-22 00:46:29,243:INFO:[Rank-2] val time 15.2506, epoch  77, step  40, loss 1.85078570, auc@1 50.55, auc@5 81.80
2021-05-22 00:47:05,739:INFO:[Rank-2] train time 34.3990, epoch  78, step  49, loss 1.48611903, auc@1 60.24, auc@5 87.91, share 5, std_loss 0, 
2021-05-22 00:47:20,996:INFO:[Rank-2] val time 15.2547, epoch  78, step  40, loss 1.75756364, auc@1 52.61, auc@5 82.34
2021-05-22 00:47:57,475:INFO:[Rank-2] train time 34.5188, epoch  79, step  49, loss 1.48088217, auc@1 60.24, auc@5 87.91, share 5, std_loss 0, 
2021-05-22 00:48:12,776:INFO:[Rank-2] val time 15.2981, epoch  79, step  40, loss 1.98863171, auc@1 48.01, auc@5 78.51
2021-05-22 00:48:49,394:INFO:[Rank-2] train time 34.5555, epoch  80, step  49, loss 1.47387981, auc@1 60.46, auc@5 88.15, share 5, std_loss 0, 
2021-05-22 00:49:04,649:INFO:[Rank-2] val time 15.2522, epoch  80, step  40, loss 1.84185724, auc@1 51.09, auc@5 80.57
2021-05-22 00:49:41,063:INFO:[Rank-2] train time 34.5627, epoch  81, step  49, loss 1.26155651, auc@1 66.52, auc@5 91.02, share 5, std_loss 0, 
2021-05-22 00:49:56,432:INFO:[Rank-2] val time 15.3665, epoch  81, step  40, loss 1.23432567, auc@1 65.94, auc@5 90.09
2021-05-22 00:50:33,167:INFO:[Rank-2] train time 34.6132, epoch  82, step  49, loss 1.10296500, auc@1 70.99, auc@5 92.95, share 5, std_loss 0, 
2021-05-22 00:50:48,341:INFO:[Rank-2] val time 15.1709, epoch  82, step  40, loss 1.19350845, auc@1 66.76, auc@5 90.74
2021-05-22 00:51:24,659:INFO:[Rank-2] train time 34.5903, epoch  83, step  49, loss 1.05044329, auc@1 72.22, auc@5 93.60, share 5, std_loss 0, 
2021-05-22 00:51:39,856:INFO:[Rank-2] val time 15.1947, epoch  83, step  40, loss 1.15961164, auc@1 67.69, auc@5 91.20
2021-05-22 00:52:16,003:INFO:[Rank-2] train time 34.6438, epoch  84, step  49, loss 1.02120793, auc@1 73.14, auc@5 93.90, share 5, std_loss 0, 
2021-05-22 00:52:31,240:INFO:[Rank-2] val time 15.2329, epoch  84, step  40, loss 1.14547337, auc@1 68.00, auc@5 91.29
2021-05-22 00:53:07,687:INFO:[Rank-2] train time 34.6721, epoch  85, step  49, loss 0.99426663, auc@1 74.02, auc@5 94.12, share 5, std_loss 0, 
2021-05-22 00:53:22,893:INFO:[Rank-2] val time 15.2030, epoch  85, step  40, loss 1.13081378, auc@1 68.36, auc@5 91.39
2021-05-22 00:53:59,199:INFO:[Rank-2] train time 34.5319, epoch  86, step  49, loss 0.96998376, auc@1 74.50, auc@5 94.42, share 5, std_loss 0, 
2021-05-22 00:54:14,395:INFO:[Rank-2] val time 15.1931, epoch  86, step  40, loss 1.12149922, auc@1 68.28, auc@5 91.71
2021-05-22 00:54:50,692:INFO:[Rank-2] train time 34.6729, epoch  87, step  49, loss 0.94892788, auc@1 75.08, auc@5 94.74, share 5, std_loss 0, 
2021-05-22 00:55:05,894:INFO:[Rank-2] val time 15.1986, epoch  87, step  40, loss 1.10644376, auc@1 69.20, auc@5 91.92
2021-05-22 00:55:42,275:INFO:[Rank-2] train time 34.3715, epoch  88, step  49, loss 0.93706119, auc@1 75.28, auc@5 94.90, share 5, std_loss 0, 
2021-05-22 00:55:57,487:INFO:[Rank-2] val time 15.2090, epoch  88, step  40, loss 1.10019324, auc@1 69.20, auc@5 91.97
2021-05-22 00:56:33,766:INFO:[Rank-2] train time 34.3177, epoch  89, step  49, loss 0.91879982, auc@1 75.84, auc@5 95.01, share 5, std_loss 0, 
2021-05-22 00:56:49,106:INFO:[Rank-2] val time 15.3371, epoch  89, step  40, loss 1.08553617, auc@1 69.60, auc@5 92.03
2021-05-22 00:57:25,097:INFO:[Rank-2] train time 34.5677, epoch  90, step  49, loss 0.90520203, auc@1 76.08, auc@5 95.15, share 5, std_loss 0, 
2021-05-22 00:57:40,320:INFO:[Rank-2] val time 15.2204, epoch  90, step  40, loss 1.08751924, auc@1 69.56, auc@5 92.00
2021-05-22 00:58:16,469:INFO:[Rank-2] train time 34.4449, epoch  91, step  49, loss 0.88514048, auc@1 76.80, auc@5 95.33, share 5, std_loss 0, 
2021-05-22 00:58:31,741:INFO:[Rank-2] val time 15.2694, epoch  91, step  40, loss 1.08183567, auc@1 69.34, auc@5 92.10
2021-05-22 00:59:07,943:INFO:[Rank-2] train time 34.6733, epoch  92, step  49, loss 0.87369347, auc@1 77.19, auc@5 95.39, share 5, std_loss 0, 
2021-05-22 00:59:23,146:INFO:[Rank-2] val time 15.1997, epoch  92, step  40, loss 1.08644088, auc@1 69.60, auc@5 92.11
2021-05-22 00:59:59,769:INFO:[Rank-2] train time 34.4603, epoch  93, step  49, loss 0.85936075, auc@1 77.53, auc@5 95.64, share 5, std_loss 0, 
2021-05-22 01:00:15,048:INFO:[Rank-2] val time 15.2757, epoch  93, step  40, loss 1.07182911, auc@1 70.05, auc@5 92.26
2021-05-22 01:00:50,850:INFO:[Rank-2] train time 34.7229, epoch  94, step  49, loss 0.84839368, auc@1 77.86, auc@5 95.70, share 5, std_loss 0, 
2021-05-22 01:01:05,987:INFO:[Rank-2] val time 15.1343, epoch  94, step  40, loss 1.06963058, auc@1 69.93, auc@5 92.33
2021-05-22 01:01:42,539:INFO:[Rank-2] train time 34.4505, epoch  95, step  49, loss 0.83525229, auc@1 78.07, auc@5 95.84, share 5, std_loss 0, 
2021-05-22 01:01:57,765:INFO:[Rank-2] val time 15.2235, epoch  95, step  40, loss 1.05639627, auc@1 70.31, auc@5 92.46
2021-05-22 01:02:33,920:INFO:[Rank-2] train time 34.5758, epoch  96, step  49, loss 0.82619452, auc@1 78.40, auc@5 95.95, share 5, std_loss 0, 
2021-05-22 01:02:49,106:INFO:[Rank-2] val time 15.1828, epoch  96, step  40, loss 1.06254710, auc@1 70.08, auc@5 92.14
2021-05-22 01:03:25,667:INFO:[Rank-2] train time 34.4991, epoch  97, step  49, loss 0.81584132, auc@1 78.67, auc@5 96.00, share 5, std_loss 0, 
2021-05-22 01:03:40,911:INFO:[Rank-2] val time 15.2413, epoch  97, step  40, loss 1.05514790, auc@1 70.32, auc@5 92.38
2021-05-22 01:04:17,517:INFO:[Rank-2] train time 34.6817, epoch  98, step  49, loss 0.80486172, auc@1 79.08, auc@5 96.08, share 5, std_loss 0, 
2021-05-22 01:04:32,823:INFO:[Rank-2] val time 15.3030, epoch  98, step  40, loss 1.04544215, auc@1 70.61, auc@5 92.43
2021-05-22 01:05:09,024:INFO:[Rank-2] train time 34.6077, epoch  99, step  49, loss 0.79610938, auc@1 79.43, auc@5 96.11, share 5, std_loss 0, 
2021-05-22 01:05:24,238:INFO:[Rank-2] val time 15.2107, epoch  99, step  40, loss 1.06477709, auc@1 70.01, auc@5 92.08
2021-05-22 01:06:00,651:INFO:[Rank-2] train time 34.6396, epoch 100, step  49, loss 0.78408372, auc@1 79.65, auc@5 96.25, share 5, std_loss 0, 
2021-05-22 01:06:16,032:INFO:[Rank-2] val time 15.3778, epoch 100, step  40, loss 1.05277665, auc@1 70.27, auc@5 92.36
2021-05-22 01:06:52,690:INFO:[Rank-2] train time 34.6031, epoch 101, step  49, loss 0.77609032, auc@1 79.91, auc@5 96.29, share 5, std_loss 0, 
2021-05-22 01:07:07,948:INFO:[Rank-2] val time 15.2549, epoch 101, step  40, loss 1.04226015, auc@1 70.35, auc@5 92.57
2021-05-22 01:07:43,696:INFO:[Rank-2] train time 34.6431, epoch 102, step  49, loss 0.76331753, auc@1 80.33, auc@5 96.55, share 5, std_loss 0, 
2021-05-22 01:07:58,956:INFO:[Rank-2] val time 15.2577, epoch 102, step  40, loss 1.04992818, auc@1 70.74, auc@5 92.30
2021-05-22 01:08:35,774:INFO:[Rank-2] train time 34.4590, epoch 103, step  49, loss 0.75563014, auc@1 80.33, auc@5 96.49, share 5, std_loss 0, 
2021-05-22 01:08:50,967:INFO:[Rank-2] val time 15.1902, epoch 103, step  40, loss 1.05940906, auc@1 70.58, auc@5 92.39
2021-05-22 01:09:28,590:INFO:[Rank-2] train time 34.5782, epoch 104, step  49, loss 0.74664557, auc@1 80.67, auc@5 96.70, share 5, std_loss 0, 
2021-05-22 01:09:43,801:INFO:[Rank-2] val time 15.2087, epoch 104, step  40, loss 1.04803139, auc@1 70.51, auc@5 92.45
2021-05-22 01:10:20,171:INFO:[Rank-2] train time 34.4431, epoch 105, step  49, loss 0.74333054, auc@1 80.78, auc@5 96.68, share 5, std_loss 0, 
2021-05-22 01:10:35,422:INFO:[Rank-2] val time 15.2477, epoch 105, step  40, loss 1.06856560, auc@1 69.68, auc@5 92.09
2021-05-22 01:11:11,709:INFO:[Rank-2] train time 34.7767, epoch 106, step  49, loss 0.73221385, auc@1 81.19, auc@5 96.71, share 5, std_loss 0, 
2021-05-22 01:11:26,843:INFO:[Rank-2] val time 15.1317, epoch 106, step  40, loss 1.05064339, auc@1 70.66, auc@5 92.40
2021-05-22 01:12:03,495:INFO:[Rank-2] train time 34.5632, epoch 107, step  49, loss 0.72336435, auc@1 81.45, auc@5 96.83, share 5, std_loss 0, 
2021-05-22 01:12:18,807:INFO:[Rank-2] val time 15.3095, epoch 107, step  40, loss 1.03744472, auc@1 70.79, auc@5 92.41
2021-05-22 01:12:55,355:INFO:[Rank-2] train time 34.4443, epoch 108, step  49, loss 0.71430844, auc@1 81.76, auc@5 96.89, share 5, std_loss 0, 
2021-05-22 01:13:10,455:INFO:[Rank-2] val time 15.0972, epoch 108, step  40, loss 1.07408256, auc@1 69.49, auc@5 92.14
2021-05-22 01:13:46,518:INFO:[Rank-2] train time 34.6690, epoch 109, step  49, loss 0.70081276, auc@1 82.05, auc@5 97.08, share 5, std_loss 0, 
2021-05-22 01:14:01,692:INFO:[Rank-2] val time 15.1715, epoch 109, step  40, loss 1.05764535, auc@1 70.20, auc@5 92.16
2021-05-22 01:14:38,228:INFO:[Rank-2] train time 34.5191, epoch 110, step  49, loss 0.69871092, auc@1 82.14, auc@5 97.00, share 5, std_loss 0, 
2021-05-22 01:14:53,508:INFO:[Rank-2] val time 15.2777, epoch 110, step  40, loss 1.06512049, auc@1 69.95, auc@5 92.16
2021-05-22 01:15:29,757:INFO:[Rank-2] train time 34.3200, epoch 111, step  49, loss 0.69023061, auc@1 82.26, auc@5 97.04, share 5, std_loss 0, 
2021-05-22 01:15:45,020:INFO:[Rank-2] val time 15.2596, epoch 111, step  40, loss 1.06204847, auc@1 70.46, auc@5 91.93
2021-05-22 01:16:21,504:INFO:[Rank-2] train time 34.7328, epoch 112, step  49, loss 0.68123674, auc@1 82.68, auc@5 97.14, share 5, std_loss 0, 
2021-05-22 01:16:36,775:INFO:[Rank-2] val time 15.2676, epoch 112, step  40, loss 1.06060926, auc@1 70.11, auc@5 92.15
2021-05-22 01:17:13,204:INFO:[Rank-2] train time 34.6738, epoch 113, step  49, loss 0.67415118, auc@1 82.90, auc@5 97.21, share 5, std_loss 0, 
2021-05-22 01:17:28,393:INFO:[Rank-2] val time 15.1861, epoch 113, step  40, loss 1.06193540, auc@1 69.78, auc@5 92.37
2021-05-22 01:18:05,400:INFO:[Rank-2] train time 34.4687, epoch 114, step  49, loss 0.67019361, auc@1 82.97, auc@5 97.26, share 5, std_loss 0, 
2021-05-22 01:18:20,693:INFO:[Rank-2] val time 15.2905, epoch 114, step  40, loss 1.05137337, auc@1 70.40, auc@5 92.55
2021-05-22 01:18:56,825:INFO:[Rank-2] train time 34.6174, epoch 115, step  49, loss 0.65181404, auc@1 83.29, auc@5 97.50, share 5, std_loss 0, 
2021-05-22 01:19:12,051:INFO:[Rank-2] val time 15.2232, epoch 115, step  40, loss 1.06340931, auc@1 70.33, auc@5 92.37
2021-05-22 01:19:48,736:INFO:[Rank-2] train time 34.4515, epoch 116, step  49, loss 0.65370709, auc@1 83.48, auc@5 97.37, share 5, std_loss 0, 
2021-05-22 01:20:03,934:INFO:[Rank-2] val time 15.1945, epoch 116, step  40, loss 1.07404938, auc@1 69.90, auc@5 92.16
2021-05-22 01:20:40,346:INFO:[Rank-2] train time 34.5674, epoch 117, step  49, loss 0.64556372, auc@1 83.60, auc@5 97.42, share 5, std_loss 0, 
2021-05-22 01:20:55,517:INFO:[Rank-2] val time 15.1684, epoch 117, step  40, loss 1.08557212, auc@1 69.34, auc@5 92.06
2021-05-22 01:21:32,069:INFO:[Rank-2] train time 34.4606, epoch 118, step  49, loss 0.63943923, auc@1 83.81, auc@5 97.46, share 5, std_loss 0, 
2021-05-22 01:21:47,316:INFO:[Rank-2] val time 15.2444, epoch 118, step  40, loss 1.08917049, auc@1 69.77, auc@5 91.63
2021-05-22 01:22:23,791:INFO:[Rank-2] train time 34.4770, epoch 119, step  49, loss 0.63514274, auc@1 83.91, auc@5 97.55, share 5, std_loss 0, 
2021-05-22 01:22:38,939:INFO:[Rank-2] val time 15.1458, epoch 119, step  40, loss 1.05482591, auc@1 70.60, auc@5 92.08
2021-05-22 01:23:15,576:INFO:[Rank-2] train time 34.3460, epoch 120, step  49, loss 0.62529200, auc@1 84.37, auc@5 97.58, share 5, std_loss 0, 
2021-05-22 01:23:30,912:INFO:[Rank-2] val time 15.3339, epoch 120, step  40, loss 1.07772474, auc@1 69.97, auc@5 92.14
2021-05-22 01:24:07,073:INFO:[Rank-2] train time 34.7005, epoch 121, step  49, loss 0.62403095, auc@1 84.25, auc@5 97.69, share 5, std_loss 0, 
2021-05-22 01:24:22,254:INFO:[Rank-2] val time 15.1772, epoch 121, step  40, loss 1.08420289, auc@1 70.18, auc@5 91.86
2021-05-22 01:24:58,916:INFO:[Rank-2] train time 34.5164, epoch 122, step  49, loss 0.61190832, auc@1 84.77, auc@5 97.73, share 5, std_loss 0, 
2021-05-22 01:25:14,192:INFO:[Rank-2] val time 15.2735, epoch 122, step  40, loss 1.09397693, auc@1 69.91, auc@5 91.69
2021-05-22 01:25:50,998:INFO:[Rank-2] train time 34.6700, epoch 123, step  49, loss 0.60459143, auc@1 84.79, auc@5 97.75, share 5, std_loss 0, 
2021-05-22 01:26:06,283:INFO:[Rank-2] val time 15.2830, epoch 123, step  40, loss 1.07022039, auc@1 70.03, auc@5 91.95
2021-05-22 01:26:42,973:INFO:[Rank-2] train time 34.6211, epoch 124, step  49, loss 0.59964424, auc@1 85.02, auc@5 97.78, share 5, std_loss 0, 
2021-05-22 01:26:58,141:INFO:[Rank-2] val time 15.1643, epoch 124, step  40, loss 1.10245772, auc@1 69.45, auc@5 91.64
2021-05-22 01:27:34,499:INFO:[Rank-2] train time 34.5692, epoch 125, step  49, loss 0.59268343, auc@1 85.16, auc@5 97.88, share 5, std_loss 0, 
2021-05-22 01:27:49,682:INFO:[Rank-2] val time 15.1806, epoch 125, step  40, loss 1.11043585, auc@1 69.84, auc@5 91.22
2021-05-22 01:28:25,747:INFO:[Rank-2] train time 34.3069, epoch 126, step  49, loss 0.58538413, auc@1 85.45, auc@5 97.85, share 5, std_loss 0, 
2021-05-22 01:28:40,997:INFO:[Rank-2] val time 15.2473, epoch 126, step  40, loss 1.08765175, auc@1 70.08, auc@5 91.96
2021-05-22 01:29:17,535:INFO:[Rank-2] train time 34.6229, epoch 127, step  49, loss 0.58112407, auc@1 85.50, auc@5 97.95, share 5, std_loss 0, 
2021-05-22 01:29:32,702:INFO:[Rank-2] val time 15.1636, epoch 127, step  40, loss 1.13349805, auc@1 68.84, auc@5 91.29
2021-05-22 01:30:09,041:INFO:[Rank-2] train time 34.4220, epoch 128, step  49, loss 0.58220983, auc@1 85.62, auc@5 97.93, share 5, std_loss 0, 
2021-05-22 01:30:24,231:INFO:[Rank-2] val time 15.1866, epoch 128, step  40, loss 1.08469206, auc@1 70.15, auc@5 91.78
2021-05-22 01:31:00,753:INFO:[Rank-2] train time 34.6830, epoch 129, step  49, loss 0.56831312, auc@1 85.87, auc@5 98.02, share 5, std_loss 0, 
2021-05-22 01:31:15,973:INFO:[Rank-2] val time 15.2165, epoch 129, step  40, loss 1.06843119, auc@1 70.32, auc@5 92.15
2021-05-22 01:31:52,196:INFO:[Rank-2] train time 34.5394, epoch 130, step  49, loss 0.56007391, auc@1 86.19, auc@5 98.08, share 5, std_loss 0, 
2021-05-22 01:32:07,695:INFO:[Rank-2] val time 15.4966, epoch 130, step  40, loss 1.08796040, auc@1 70.25, auc@5 91.73
2021-05-22 01:32:43,828:INFO:[Rank-2] train time 34.7338, epoch 131, step  49, loss 0.56581318, auc@1 85.93, auc@5 98.02, share 5, std_loss 0, 
2021-05-22 01:32:58,958:INFO:[Rank-2] val time 15.1275, epoch 131, step  40, loss 1.09247603, auc@1 70.18, auc@5 91.45
2021-05-22 01:33:35,475:INFO:[Rank-2] train time 34.2959, epoch 132, step  49, loss 0.55817819, auc@1 86.18, auc@5 98.04, share 5, std_loss 0, 
2021-05-22 01:33:50,690:INFO:[Rank-2] val time 15.2123, epoch 132, step  40, loss 1.07007969, auc@1 70.37, auc@5 92.17
2021-05-22 01:34:27,180:INFO:[Rank-2] train time 34.4519, epoch 133, step  49, loss 0.56200314, auc@1 86.13, auc@5 98.01, share 5, std_loss 0, 
2021-05-22 01:34:42,505:INFO:[Rank-2] val time 15.3231, epoch 133, step  40, loss 1.10449601, auc@1 69.85, auc@5 91.82
2021-05-22 01:35:19,091:INFO:[Rank-2] train time 34.4437, epoch 134, step  49, loss 0.55198699, auc@1 86.32, auc@5 98.22, share 5, std_loss 0, 
2021-05-22 01:35:34,328:INFO:[Rank-2] val time 15.2339, epoch 134, step  40, loss 1.11860131, auc@1 69.12, auc@5 91.45
2021-05-22 01:36:10,311:INFO:[Rank-2] train time 34.5147, epoch 135, step  49, loss 0.55068851, auc@1 86.49, auc@5 98.10, share 5, std_loss 0, 
2021-05-22 01:36:25,619:INFO:[Rank-2] val time 15.3050, epoch 135, step  40, loss 1.08146937, auc@1 70.29, auc@5 91.89
2021-05-22 01:37:02,404:INFO:[Rank-2] train time 34.5805, epoch 136, step  49, loss 0.54367185, auc@1 86.64, auc@5 98.23, share 5, std_loss 0, 
2021-05-22 01:37:17,693:INFO:[Rank-2] val time 15.2862, epoch 136, step  40, loss 1.13707007, auc@1 69.07, auc@5 91.26
2021-05-22 01:37:53,915:INFO:[Rank-2] train time 34.7744, epoch 137, step  49, loss 0.53729987, auc@1 86.75, auc@5 98.25, share 5, std_loss 0, 
2021-05-22 01:38:09,088:INFO:[Rank-2] val time 15.1706, epoch 137, step  40, loss 1.10402046, auc@1 69.63, auc@5 91.88
2021-05-22 01:38:46,185:INFO:[Rank-2] train time 34.5675, epoch 138, step  49, loss 0.53314048, auc@1 86.83, auc@5 98.27, share 5, std_loss 0, 
2021-05-22 01:39:01,368:INFO:[Rank-2] val time 15.1794, epoch 138, step  40, loss 1.12282196, auc@1 69.57, auc@5 91.55
2021-05-22 01:39:37,380:INFO:[Rank-2] train time 34.5992, epoch 139, step  49, loss 0.52966291, auc@1 87.12, auc@5 98.34, share 5, std_loss 0, 
2021-05-22 01:39:52,580:INFO:[Rank-2] val time 15.1965, epoch 139, step  40, loss 1.13512973, auc@1 68.88, auc@5 91.31
2021-05-22 01:40:28,623:INFO:[Rank-2] train time 34.7758, epoch 140, step  49, loss 0.52729440, auc@1 86.83, auc@5 98.32, share 5, std_loss 0, 
2021-05-22 01:40:43,892:INFO:[Rank-2] val time 15.2653, epoch 140, step  40, loss 1.10091320, auc@1 70.02, auc@5 91.74
2021-05-22 01:41:20,517:INFO:[Rank-2] train time 34.4567, epoch 141, step  49, loss 0.52522397, auc@1 87.14, auc@5 98.32, share 5, std_loss 0, 
2021-05-22 01:41:35,747:INFO:[Rank-2] val time 15.2278, epoch 141, step  40, loss 1.11655988, auc@1 69.47, auc@5 91.73
2021-05-22 01:42:13,308:INFO:[Rank-2] train time 34.6447, epoch 142, step  49, loss 0.52142620, auc@1 87.24, auc@5 98.32, share 5, std_loss 0, 
2021-05-22 01:42:28,537:INFO:[Rank-2] val time 15.2263, epoch 142, step  40, loss 1.11996746, auc@1 69.85, auc@5 91.25
2021-05-22 01:43:04,863:INFO:[Rank-2] train time 34.4840, epoch 143, step  49, loss 0.51784217, auc@1 87.38, auc@5 98.37, share 5, std_loss 0, 
2021-05-22 01:43:20,097:INFO:[Rank-2] val time 15.2312, epoch 143, step  40, loss 1.13891349, auc@1 69.35, auc@5 91.10
2021-05-22 01:43:56,202:INFO:[Rank-2] train time 34.3826, epoch 144, step  49, loss 0.51233637, auc@1 87.49, auc@5 98.40, share 5, std_loss 0, 
2021-05-22 01:44:11,407:INFO:[Rank-2] val time 15.2022, epoch 144, step  40, loss 1.05675017, auc@1 70.89, auc@5 92.24
2021-05-22 01:44:48,052:INFO:[Rank-2] train time 34.5295, epoch 145, step  49, loss 0.51316464, auc@1 87.46, auc@5 98.44, share 5, std_loss 0, 
2021-05-22 01:45:03,239:INFO:[Rank-2] val time 15.1832, epoch 145, step  40, loss 1.15098668, auc@1 69.40, auc@5 90.94
2021-05-22 01:45:39,520:INFO:[Rank-2] train time 34.7373, epoch 146, step  49, loss 0.51078308, auc@1 87.50, auc@5 98.44, share 5, std_loss 0, 
2021-05-22 01:45:54,696:INFO:[Rank-2] val time 15.1721, epoch 146, step  40, loss 1.12306862, auc@1 69.78, auc@5 91.33
2021-05-22 01:46:31,119:INFO:[Rank-2] train time 34.3932, epoch 147, step  49, loss 0.50543332, auc@1 87.78, auc@5 98.45, share 5, std_loss 0, 
2021-05-22 01:46:46,331:INFO:[Rank-2] val time 15.2096, epoch 147, step  40, loss 1.12653813, auc@1 69.61, auc@5 91.33
2021-05-22 01:47:22,472:INFO:[Rank-2] train time 34.5866, epoch 148, step  49, loss 0.50307620, auc@1 87.79, auc@5 98.50, share 5, std_loss 0, 
2021-05-22 01:47:37,759:INFO:[Rank-2] val time 15.2843, epoch 148, step  40, loss 1.15854876, auc@1 68.41, auc@5 90.88
2021-05-22 01:48:14,157:INFO:[Rank-2] train time 34.5304, epoch 149, step  49, loss 0.49891195, auc@1 87.99, auc@5 98.48, share 5, std_loss 0, 
2021-05-22 01:48:29,559:INFO:[Rank-2] val time 15.3996, epoch 149, step  40, loss 1.13003705, auc@1 69.53, auc@5 91.42
2021-05-22 01:49:06,267:INFO:[Rank-2] train time 34.5080, epoch 150, step  49, loss 0.49414945, auc@1 87.98, auc@5 98.48, share 5, std_loss 0, 
2021-05-22 01:49:21,579:INFO:[Rank-2] val time 15.3087, epoch 150, step  40, loss 1.15113820, auc@1 68.91, auc@5 91.23
2021-05-22 01:49:57,871:INFO:[Rank-2] train time 34.5019, epoch 151, step  49, loss 0.49521822, auc@1 87.99, auc@5 98.50, share 5, std_loss 0, 
2021-05-22 01:50:13,008:INFO:[Rank-2] val time 15.1352, epoch 151, step  40, loss 1.23253108, auc@1 67.01, auc@5 90.13
2021-05-22 01:50:49,298:INFO:[Rank-2] train time 34.6486, epoch 152, step  49, loss 0.48984441, auc@1 88.06, auc@5 98.54, share 5, std_loss 0, 
2021-05-22 01:51:04,540:INFO:[Rank-2] val time 15.2393, epoch 152, step  40, loss 1.13888363, auc@1 69.71, auc@5 91.40
2021-05-22 01:51:40,978:INFO:[Rank-2] train time 34.4634, epoch 153, step  49, loss 0.48174882, auc@1 88.37, auc@5 98.64, share 5, std_loss 0, 
2021-05-22 01:51:56,151:INFO:[Rank-2] val time 15.1695, epoch 153, step  40, loss 1.12066664, auc@1 69.41, auc@5 91.44
2021-05-22 01:52:32,509:INFO:[Rank-2] train time 34.6199, epoch 154, step  49, loss 0.48615003, auc@1 88.36, auc@5 98.61, share 5, std_loss 0, 
2021-05-22 01:52:47,680:INFO:[Rank-2] val time 15.1679, epoch 154, step  40, loss 1.21214018, auc@1 67.82, auc@5 90.29
2021-05-22 01:53:23,932:INFO:[Rank-2] train time 34.4981, epoch 155, step  49, loss 0.48108405, auc@1 88.42, auc@5 98.60, share 5, std_loss 0, 
2021-05-22 01:53:39,145:INFO:[Rank-2] val time 15.2102, epoch 155, step  40, loss 1.13179650, auc@1 69.29, auc@5 91.14
2021-05-22 01:54:15,383:INFO:[Rank-2] train time 34.4486, epoch 156, step  49, loss 0.47690994, auc@1 88.46, auc@5 98.66, share 5, std_loss 0, 
2021-05-22 01:54:30,572:INFO:[Rank-2] val time 15.1864, epoch 156, step  40, loss 1.14689547, auc@1 69.49, auc@5 91.06
2021-05-22 01:55:06,997:INFO:[Rank-2] train time 34.5628, epoch 157, step  49, loss 0.47786629, auc@1 88.28, auc@5 98.64, share 5, std_loss 0, 
2021-05-22 01:55:22,238:INFO:[Rank-2] val time 15.2385, epoch 157, step  40, loss 1.15651691, auc@1 69.06, auc@5 91.17
2021-05-22 01:55:58,852:INFO:[Rank-2] train time 34.6084, epoch 158, step  49, loss 0.47097340, auc@1 88.68, auc@5 98.69, share 5, std_loss 0, 
2021-05-22 01:56:14,052:INFO:[Rank-2] val time 15.1968, epoch 158, step  40, loss 1.18172410, auc@1 68.80, auc@5 90.52
2021-05-22 01:56:50,333:INFO:[Rank-2] train time 34.5130, epoch 159, step  49, loss 0.47066405, auc@1 88.61, auc@5 98.68, share 5, std_loss 0, 
2021-05-22 01:57:05,509:INFO:[Rank-2] val time 15.1730, epoch 159, step  40, loss 1.16344338, auc@1 68.95, auc@5 90.76
2021-05-22 01:57:42,195:INFO:[Rank-2] train time 34.4295, epoch 160, step  49, loss 0.47103882, auc@1 88.70, auc@5 98.70, share 5, std_loss 0, 
2021-05-22 01:57:57,417:INFO:[Rank-2] val time 15.2200, epoch 160, step  40, loss 1.16630629, auc@1 69.14, auc@5 90.94
2021-05-22 01:58:33,754:INFO:[Rank-2] train time 34.6968, epoch 161, step  49, loss 0.41582444, auc@1 90.56, auc@5 98.89, share 5, std_loss 0, 
2021-05-22 01:58:49,025:INFO:[Rank-2] val time 15.2680, epoch 161, step  40, loss 1.01243248, auc@1 72.77, auc@5 92.52
2021-05-22 01:59:25,380:INFO:[Rank-2] train time 34.4407, epoch 162, step  49, loss 0.36798453, auc@1 92.07, auc@5 99.08, share 5, std_loss 0, 
2021-05-22 01:59:40,559:INFO:[Rank-2] val time 15.1758, epoch 162, step  40, loss 0.99707272, auc@1 73.37, auc@5 92.87
2021-05-22 02:00:17,052:INFO:[Rank-2] train time 34.4742, epoch 163, step  49, loss 0.35344765, auc@1 92.55, auc@5 99.21, share 5, std_loss 0, 
2021-05-22 02:00:32,300:INFO:[Rank-2] val time 15.2454, epoch 163, step  40, loss 0.98855226, auc@1 73.51, auc@5 92.80
2021-05-22 02:01:08,718:INFO:[Rank-2] train time 34.4640, epoch 164, step  49, loss 0.33981711, auc@1 93.08, auc@5 99.25, share 5, std_loss 0, 
2021-05-22 02:01:24,000:INFO:[Rank-2] val time 15.2790, epoch 164, step  40, loss 0.98626775, auc@1 73.74, auc@5 92.88
2021-05-22 02:02:00,477:INFO:[Rank-2] train time 34.5585, epoch 165, step  49, loss 0.32905266, auc@1 93.30, auc@5 99.34, share 5, std_loss 0, 
2021-05-22 02:02:15,656:INFO:[Rank-2] val time 15.1770, epoch 165, step  40, loss 0.98280817, auc@1 73.69, auc@5 93.01
2021-05-22 02:02:52,097:INFO:[Rank-2] train time 34.4365, epoch 166, step  49, loss 0.32396230, auc@1 93.64, auc@5 99.32, share 5, std_loss 0, 
2021-05-22 02:03:07,270:INFO:[Rank-2] val time 15.1711, epoch 166, step  40, loss 0.98163768, auc@1 73.65, auc@5 92.91
2021-05-22 02:03:44,217:INFO:[Rank-2] train time 34.5873, epoch 167, step  49, loss 0.31924900, auc@1 93.81, auc@5 99.29, share 5, std_loss 0, 
2021-05-22 02:03:59,629:INFO:[Rank-2] val time 15.4088, epoch 167, step  40, loss 0.98226931, auc@1 73.76, auc@5 92.84
2021-05-22 02:04:35,535:INFO:[Rank-2] train time 34.3083, epoch 168, step  49, loss 0.31504056, auc@1 93.90, auc@5 99.35, share 5, std_loss 0, 
2021-05-22 02:04:50,690:INFO:[Rank-2] val time 15.1524, epoch 168, step  40, loss 0.98294891, auc@1 73.79, auc@5 92.91
2021-05-22 02:05:27,593:INFO:[Rank-2] train time 34.4043, epoch 169, step  49, loss 0.30859691, auc@1 94.16, auc@5 99.38, share 5, std_loss 0, 
2021-05-22 02:05:42,907:INFO:[Rank-2] val time 15.3104, epoch 169, step  40, loss 0.98288812, auc@1 73.83, auc@5 92.87
2021-05-22 02:06:19,200:INFO:[Rank-2] train time 34.4177, epoch 170, step  49, loss 0.30699307, auc@1 94.14, auc@5 99.38, share 5, std_loss 0, 
2021-05-22 02:06:34,428:INFO:[Rank-2] val time 15.2257, epoch 170, step  40, loss 0.98235359, auc@1 74.02, auc@5 92.84
2021-05-22 02:07:10,699:INFO:[Rank-2] train time 34.3874, epoch 171, step  49, loss 0.30305409, auc@1 94.33, auc@5 99.33, share 5, std_loss 0, 
2021-05-22 02:07:26,087:INFO:[Rank-2] val time 15.3854, epoch 171, step  40, loss 0.97939412, auc@1 74.06, auc@5 93.01
2021-05-22 02:08:02,524:INFO:[Rank-2] train time 34.4666, epoch 172, step  49, loss 0.29855931, auc@1 94.38, auc@5 99.41, share 5, std_loss 0, 
2021-05-22 02:08:17,769:INFO:[Rank-2] val time 15.2422, epoch 172, step  40, loss 0.98341643, auc@1 73.79, auc@5 92.85
2021-05-22 02:08:54,446:INFO:[Rank-2] train time 34.4806, epoch 173, step  49, loss 0.29338309, auc@1 94.62, auc@5 99.40, share 5, std_loss 0, 
2021-05-22 02:09:09,678:INFO:[Rank-2] val time 15.2296, epoch 173, step  40, loss 0.98373860, auc@1 73.85, auc@5 93.01
2021-05-22 02:09:46,106:INFO:[Rank-2] train time 34.6931, epoch 174, step  49, loss 0.29009485, auc@1 94.66, auc@5 99.47, share 5, std_loss 0, 
2021-05-22 02:10:01,412:INFO:[Rank-2] val time 15.3034, epoch 174, step  40, loss 0.98358541, auc@1 74.03, auc@5 92.86
2021-05-22 02:10:37,828:INFO:[Rank-2] train time 34.5380, epoch 175, step  49, loss 0.28693157, auc@1 94.77, auc@5 99.45, share 5, std_loss 0, 
2021-05-22 02:10:52,996:INFO:[Rank-2] val time 15.1654, epoch 175, step  40, loss 0.98391512, auc@1 73.69, auc@5 93.03
2021-05-22 02:11:29,274:INFO:[Rank-2] train time 34.4817, epoch 176, step  49, loss 0.28635740, auc@1 94.70, auc@5 99.45, share 5, std_loss 0, 
2021-05-22 02:11:44,502:INFO:[Rank-2] val time 15.2250, epoch 176, step  40, loss 0.98237147, auc@1 73.89, auc@5 92.84
2021-05-22 02:12:20,662:INFO:[Rank-2] train time 34.6259, epoch 177, step  49, loss 0.28408018, auc@1 94.94, auc@5 99.45, share 5, std_loss 0, 
2021-05-22 02:12:35,932:INFO:[Rank-2] val time 15.2669, epoch 177, step  40, loss 0.98213508, auc@1 73.82, auc@5 92.91
2021-05-22 02:13:12,400:INFO:[Rank-2] train time 34.6218, epoch 178, step  49, loss 0.27980632, auc@1 95.01, auc@5 99.45, share 5, std_loss 0, 
2021-05-22 02:13:27,692:INFO:[Rank-2] val time 15.2887, epoch 178, step  40, loss 0.98407012, auc@1 73.65, auc@5 92.78
2021-05-22 02:14:04,257:INFO:[Rank-2] train time 34.5111, epoch 179, step  49, loss 0.27868646, auc@1 95.06, auc@5 99.47, share 5, std_loss 0, 
2021-05-22 02:14:19,496:INFO:[Rank-2] val time 15.2355, epoch 179, step  40, loss 0.98907521, auc@1 73.81, auc@5 92.95
2021-05-22 02:14:55,904:INFO:[Rank-2] train time 34.7693, epoch 180, step  49, loss 0.27769879, auc@1 95.01, auc@5 99.52, share 5, std_loss 0, 
2021-05-22 02:15:11,118:INFO:[Rank-2] val time 15.2113, epoch 180, step  40, loss 0.98296966, auc@1 74.04, auc@5 92.83
2021-05-22 02:15:47,536:INFO:[Rank-2] train time 34.4159, epoch 181, step  49, loss 0.27449700, auc@1 95.15, auc@5 99.50, share 5, std_loss 0, 
2021-05-22 02:16:02,743:INFO:[Rank-2] val time 15.2042, epoch 181, step  40, loss 0.98615844, auc@1 73.98, auc@5 92.89
2021-05-22 02:16:39,577:INFO:[Rank-2] train time 34.4905, epoch 182, step  49, loss 0.27531353, auc@1 95.09, auc@5 99.46, share 5, std_loss 0, 
2021-05-22 02:16:54,770:INFO:[Rank-2] val time 15.1896, epoch 182, step  40, loss 0.98940344, auc@1 73.64, auc@5 92.85
2021-05-22 02:17:31,171:INFO:[Rank-2] train time 34.4744, epoch 183, step  49, loss 0.27097917, auc@1 95.29, auc@5 99.51, share 5, std_loss 0, 
2021-05-22 02:17:46,415:INFO:[Rank-2] val time 15.2410, epoch 183, step  40, loss 0.98516515, auc@1 73.90, auc@5 92.92
2021-05-22 02:18:22,946:INFO:[Rank-2] train time 34.5054, epoch 184, step  49, loss 0.26602763, auc@1 95.44, auc@5 99.51, share 5, std_loss 0, 
2021-05-22 02:18:38,157:INFO:[Rank-2] val time 15.2084, epoch 184, step  40, loss 0.98143331, auc@1 73.91, auc@5 92.92
2021-05-22 02:19:14,934:INFO:[Rank-2] train time 34.5487, epoch 185, step  49, loss 0.27022672, auc@1 95.32, auc@5 99.50, share 5, std_loss 0, 
2021-05-22 02:19:30,241:INFO:[Rank-2] val time 15.3053, epoch 185, step  40, loss 0.98536136, auc@1 74.09, auc@5 92.90
2021-05-22 02:20:06,488:INFO:[Rank-2] train time 34.6319, epoch 186, step  49, loss 0.26383966, auc@1 95.43, auc@5 99.55, share 5, std_loss 0, 
2021-05-22 02:20:21,743:INFO:[Rank-2] val time 15.2521, epoch 186, step  40, loss 0.98395582, auc@1 74.18, auc@5 92.88
2021-05-22 02:20:58,720:INFO:[Rank-2] train time 34.6253, epoch 187, step  49, loss 0.26256263, auc@1 95.60, auc@5 99.51, share 5, std_loss 0, 
2021-05-22 02:21:13,894:INFO:[Rank-2] val time 15.1712, epoch 187, step  40, loss 0.98411695, auc@1 74.26, auc@5 92.95
2021-05-22 02:21:50,456:INFO:[Rank-2] train time 35.1478, epoch 188, step  49, loss 0.26071870, auc@1 95.63, auc@5 99.51, share 5, std_loss 0, 
2021-05-22 02:22:05,743:INFO:[Rank-2] val time 15.2843, epoch 188, step  40, loss 0.98800556, auc@1 73.76, auc@5 93.12
2021-05-22 02:22:42,465:INFO:[Rank-2] train time 34.3231, epoch 189, step  49, loss 0.25657171, auc@1 95.73, auc@5 99.52, share 5, std_loss 0, 
2021-05-22 02:22:57,810:INFO:[Rank-2] val time 15.3415, epoch 189, step  40, loss 0.98999463, auc@1 74.05, auc@5 92.93
2021-05-22 02:23:34,457:INFO:[Rank-2] train time 34.4324, epoch 190, step  49, loss 0.25721869, auc@1 95.66, auc@5 99.55, share 5, std_loss 0, 
2021-05-22 02:23:49,657:INFO:[Rank-2] val time 15.1966, epoch 190, step  40, loss 0.98499599, auc@1 74.23, auc@5 93.03
2021-05-22 02:24:26,359:INFO:[Rank-2] train time 34.3800, epoch 191, step  49, loss 0.25875941, auc@1 95.73, auc@5 99.52, share 5, std_loss 0, 
2021-05-22 02:24:41,526:INFO:[Rank-2] val time 15.1641, epoch 191, step  40, loss 0.98866043, auc@1 74.01, auc@5 92.91
2021-05-22 02:25:18,024:INFO:[Rank-2] train time 34.6499, epoch 192, step  49, loss 0.25242549, auc@1 95.85, auc@5 99.60, share 5, std_loss 0, 
2021-05-22 02:25:33,190:INFO:[Rank-2] val time 15.1636, epoch 192, step  40, loss 0.99290419, auc@1 73.95, auc@5 92.88
2021-05-22 02:26:09,506:INFO:[Rank-2] train time 34.6513, epoch 193, step  49, loss 0.25178546, auc@1 95.90, auc@5 99.57, share 5, std_loss 0, 
2021-05-22 02:26:24,818:INFO:[Rank-2] val time 15.3083, epoch 193, step  40, loss 0.98939517, auc@1 73.74, auc@5 92.91
2021-05-22 02:27:00,945:INFO:[Rank-2] train time 34.5097, epoch 194, step  49, loss 0.25191873, auc@1 95.90, auc@5 99.56, share 5, std_loss 0, 
2021-05-22 02:27:16,180:INFO:[Rank-2] val time 15.2323, epoch 194, step  40, loss 0.99339469, auc@1 73.89, auc@5 92.78
2021-05-22 02:27:52,677:INFO:[Rank-2] train time 34.5596, epoch 195, step  49, loss 0.24630384, auc@1 96.07, auc@5 99.58, share 5, std_loss 0, 
2021-05-22 02:28:07,960:INFO:[Rank-2] val time 15.2809, epoch 195, step  40, loss 0.98928045, auc@1 73.91, auc@5 92.92
2021-05-22 02:28:44,439:INFO:[Rank-2] train time 34.5082, epoch 196, step  49, loss 0.25065038, auc@1 95.90, auc@5 99.58, share 5, std_loss 0, 
2021-05-22 02:28:59,670:INFO:[Rank-2] val time 15.2279, epoch 196, step  40, loss 0.99139749, auc@1 73.78, auc@5 92.88
2021-05-22 02:29:36,084:INFO:[Rank-2] train time 34.5130, epoch 197, step  49, loss 0.24744363, auc@1 96.01, auc@5 99.56, share 5, std_loss 0, 
2021-05-22 02:29:51,294:INFO:[Rank-2] val time 15.2068, epoch 197, step  40, loss 0.98934208, auc@1 73.91, auc@5 93.02
2021-05-22 02:30:27,925:INFO:[Rank-2] train time 34.5996, epoch 198, step  49, loss 0.24380994, auc@1 96.11, auc@5 99.63, share 5, std_loss 0, 
2021-05-22 02:30:43,223:INFO:[Rank-2] val time 15.2954, epoch 198, step  40, loss 0.98825947, auc@1 74.06, auc@5 92.95
2021-05-22 02:31:19,263:INFO:[Rank-2] train time 34.4359, epoch 199, step  49, loss 0.24383028, auc@1 96.03, auc@5 99.61, share 5, std_loss 0, 
2021-05-22 02:31:34,480:INFO:[Rank-2] val time 15.2148, epoch 199, step  40, loss 0.98950781, auc@1 74.23, auc@5 92.90
2021-05-22 02:32:11,039:INFO:[Rank-2] train time 34.6158, epoch 200, step  49, loss 0.24059883, auc@1 96.30, auc@5 99.60, share 5, std_loss 0, 
2021-05-22 02:32:26,344:INFO:[Rank-2] val time 15.3022, epoch 200, step  40, loss 0.99360220, auc@1 73.89, auc@5 92.84
2021-05-22 02:32:26,345:INFO:[Rank-2] finish, train+val 10336.11370, train 7288.31621, reduce_count 1000
