2021-05-21 20:26:48,416:INFO:[Rank-2] args : Namespace(batch=1024, current_time='20210521_202640', dataset='cifar100', epochs=200, ip='192.168.1.1:7548', k=8, lr=0.01, momentum=0.9, name='minibatch', rank=2, scheduler_step=80, train_type='minibatch', weight_decay=0.008, world=4)
2021-05-21 20:27:32,098:INFO:[Rank-2] train time 41.8971, epoch   1, step  49, loss 4.78591585, auc@1 1.45, auc@5 6.55, share 49, std_loss 0, 
2021-05-21 20:27:47,019:INFO:[Rank-2] val time 14.9191, epoch   1, step  40, loss 4.63259579, auc@1 1.81, auc@5 7.34
2021-05-21 20:28:29,543:INFO:[Rank-2] train time 42.1601, epoch   2, step  49, loss 4.56914949, auc@1 2.76, auc@5 10.56, share 49, std_loss 0, 
2021-05-21 20:28:44,576:INFO:[Rank-2] val time 15.0306, epoch   2, step  40, loss 4.47626288, auc@1 3.10, auc@5 12.06
2021-05-21 20:29:26,965:INFO:[Rank-2] train time 42.0149, epoch   3, step  49, loss 4.36940289, auc@1 3.99, auc@5 15.57, share 49, std_loss 0, 
2021-05-21 20:29:42,129:INFO:[Rank-2] val time 15.1620, epoch   3, step  40, loss 4.26213201, auc@1 5.16, auc@5 18.55
2021-05-21 20:30:24,414:INFO:[Rank-2] train time 41.9812, epoch   4, step  49, loss 4.19713306, auc@1 5.59, auc@5 20.12, share 49, std_loss 0, 
2021-05-21 20:30:39,674:INFO:[Rank-2] val time 15.2579, epoch   4, step  40, loss 4.13361533, auc@1 6.99, auc@5 23.23
2021-05-21 20:31:22,322:INFO:[Rank-2] train time 42.2754, epoch   5, step  49, loss 4.05738735, auc@1 7.33, auc@5 24.70, share 49, std_loss 0, 
2021-05-21 20:31:37,507:INFO:[Rank-2] val time 15.1834, epoch   5, step  40, loss 4.01312598, auc@1 8.27, auc@5 27.11
2021-05-21 20:32:20,146:INFO:[Rank-2] train time 42.3504, epoch   6, step  49, loss 3.95163965, auc@1 8.75, auc@5 28.04, share 49, std_loss 0, 
2021-05-21 20:32:35,538:INFO:[Rank-2] val time 15.3899, epoch   6, step  40, loss 3.88679167, auc@1 9.92, auc@5 31.18
2021-05-21 20:33:18,132:INFO:[Rank-2] train time 42.2281, epoch   7, step  49, loss 3.85628557, auc@1 10.11, auc@5 31.16, share 49, std_loss 0, 
2021-05-21 20:33:33,423:INFO:[Rank-2] val time 15.2883, epoch   7, step  40, loss 3.79759045, auc@1 10.84, auc@5 33.43
2021-05-21 20:34:16,022:INFO:[Rank-2] train time 42.2609, epoch   8, step  49, loss 3.77387738, auc@1 11.27, auc@5 33.51, share 49, std_loss 0, 
2021-05-21 20:34:31,303:INFO:[Rank-2] val time 15.2797, epoch   8, step  40, loss 3.70827964, auc@1 12.80, auc@5 37.01
2021-05-21 20:35:14,166:INFO:[Rank-2] train time 42.4800, epoch   9, step  49, loss 3.69506288, auc@1 12.27, auc@5 35.90, share 49, std_loss 0, 
2021-05-21 20:35:29,444:INFO:[Rank-2] val time 15.2763, epoch   9, step  40, loss 3.68575696, auc@1 12.91, auc@5 37.36
2021-05-21 20:36:11,849:INFO:[Rank-2] train time 42.1339, epoch  10, step  49, loss 3.63261628, auc@1 13.40, auc@5 37.65, share 49, std_loss 0, 
2021-05-21 20:36:27,035:INFO:[Rank-2] val time 15.1836, epoch  10, step  40, loss 3.63734217, auc@1 13.59, auc@5 38.55
2021-05-21 20:37:09,824:INFO:[Rank-2] train time 42.3938, epoch  11, step  49, loss 3.56879568, auc@1 14.24, auc@5 39.84, share 49, std_loss 0, 
2021-05-21 20:37:25,082:INFO:[Rank-2] val time 15.2561, epoch  11, step  40, loss 3.60250908, auc@1 14.56, auc@5 39.78
2021-05-21 20:38:07,549:INFO:[Rank-2] train time 42.1211, epoch  12, step  49, loss 3.51294708, auc@1 15.16, auc@5 41.56, share 49, std_loss 0, 
2021-05-21 20:38:22,921:INFO:[Rank-2] val time 15.3704, epoch  12, step  40, loss 3.56487537, auc@1 14.53, auc@5 40.29
2021-05-21 20:39:05,603:INFO:[Rank-2] train time 42.3156, epoch  13, step  49, loss 3.45773363, auc@1 16.37, auc@5 43.05, share 49, std_loss 0, 
2021-05-21 20:39:20,799:INFO:[Rank-2] val time 15.1942, epoch  13, step  40, loss 3.48803492, auc@1 16.70, auc@5 42.99
2021-05-21 20:40:03,346:INFO:[Rank-2] train time 42.1866, epoch  14, step  49, loss 3.39266443, auc@1 17.48, auc@5 45.12, share 49, std_loss 0, 
2021-05-21 20:40:18,632:INFO:[Rank-2] val time 15.2837, epoch  14, step  40, loss 3.36129474, auc@1 18.32, auc@5 47.00
2021-05-21 20:41:01,164:INFO:[Rank-2] train time 42.1722, epoch  15, step  49, loss 3.33297324, auc@1 18.62, auc@5 46.92, share 49, std_loss 0, 
2021-05-21 20:41:16,382:INFO:[Rank-2] val time 15.2164, epoch  15, step  40, loss 3.36203257, auc@1 18.75, auc@5 46.74
2021-05-21 20:41:58,700:INFO:[Rank-2] train time 42.0524, epoch  16, step  49, loss 3.26261687, auc@1 19.73, auc@5 48.88, share 49, std_loss 0, 
2021-05-21 20:42:13,980:INFO:[Rank-2] val time 15.2777, epoch  16, step  40, loss 3.36177448, auc@1 18.06, auc@5 45.77
2021-05-21 20:42:56,698:INFO:[Rank-2] train time 42.3828, epoch  17, step  49, loss 3.20198965, auc@1 20.94, auc@5 50.56, share 49, std_loss 0, 
2021-05-21 20:43:11,922:INFO:[Rank-2] val time 15.2222, epoch  17, step  40, loss 3.19359467, auc@1 21.32, auc@5 51.13
2021-05-21 20:43:54,271:INFO:[Rank-2] train time 41.9721, epoch  18, step  49, loss 3.13149214, auc@1 22.24, auc@5 52.38, share 49, std_loss 0, 
2021-05-21 20:44:09,557:INFO:[Rank-2] val time 15.2837, epoch  18, step  40, loss 3.28409043, auc@1 20.62, auc@5 47.97
2021-05-21 20:44:52,329:INFO:[Rank-2] train time 42.4294, epoch  19, step  49, loss 3.07224226, auc@1 23.33, auc@5 53.84, share 49, std_loss 0, 
2021-05-21 20:45:07,640:INFO:[Rank-2] val time 15.3090, epoch  19, step  40, loss 3.13253345, auc@1 21.60, auc@5 52.58
2021-05-21 20:45:50,886:INFO:[Rank-2] train time 42.8688, epoch  20, step  49, loss 3.00786066, auc@1 24.47, auc@5 55.56, share 49, std_loss 0, 
2021-05-21 20:46:06,126:INFO:[Rank-2] val time 15.2388, epoch  20, step  40, loss 3.10810463, auc@1 23.17, auc@5 52.09
2021-05-21 20:46:49,104:INFO:[Rank-2] train time 42.5230, epoch  21, step  49, loss 2.95156693, auc@1 25.59, auc@5 56.95, share 49, std_loss 0, 
2021-05-21 20:47:04,349:INFO:[Rank-2] val time 15.2434, epoch  21, step  40, loss 3.06834043, auc@1 23.35, auc@5 53.47
2021-05-21 20:47:47,113:INFO:[Rank-2] train time 42.5107, epoch  22, step  49, loss 2.88218617, auc@1 27.10, auc@5 58.61, share 49, std_loss 0, 
2021-05-21 20:48:02,436:INFO:[Rank-2] val time 15.3211, epoch  22, step  40, loss 2.95860145, auc@1 25.04, auc@5 56.81
2021-05-21 20:48:45,236:INFO:[Rank-2] train time 42.4720, epoch  23, step  49, loss 2.82854342, auc@1 28.01, auc@5 60.17, share 49, std_loss 0, 
2021-05-21 20:49:00,465:INFO:[Rank-2] val time 15.2261, epoch  23, step  40, loss 2.96656223, auc@1 24.84, auc@5 56.12
2021-05-21 20:49:42,905:INFO:[Rank-2] train time 42.0724, epoch  24, step  49, loss 2.77096963, auc@1 29.04, auc@5 61.57, share 49, std_loss 0, 
2021-05-21 20:49:58,146:INFO:[Rank-2] val time 15.2389, epoch  24, step  40, loss 2.88157985, auc@1 27.12, auc@5 58.89
2021-05-21 20:50:40,819:INFO:[Rank-2] train time 42.3459, epoch  25, step  49, loss 2.70941377, auc@1 30.33, auc@5 63.18, share 49, std_loss 0, 
2021-05-21 20:50:56,110:INFO:[Rank-2] val time 15.2889, epoch  25, step  40, loss 2.89209156, auc@1 26.73, auc@5 58.10
2021-05-21 20:51:38,845:INFO:[Rank-2] train time 42.3545, epoch  26, step  49, loss 2.65677619, auc@1 31.31, auc@5 64.26, share 49, std_loss 0, 
2021-05-21 20:51:54,175:INFO:[Rank-2] val time 15.3280, epoch  26, step  40, loss 2.80511699, auc@1 28.85, auc@5 60.32
2021-05-21 20:52:37,509:INFO:[Rank-2] train time 42.9414, epoch  27, step  49, loss 2.60819340, auc@1 32.33, auc@5 65.79, share 49, std_loss 0, 
2021-05-21 20:52:52,812:INFO:[Rank-2] val time 15.3017, epoch  27, step  40, loss 2.77024798, auc@1 28.94, auc@5 61.66
2021-05-21 20:53:35,480:INFO:[Rank-2] train time 42.3049, epoch  28, step  49, loss 2.55678916, auc@1 33.36, auc@5 66.65, share 49, std_loss 0, 
2021-05-21 20:53:50,704:INFO:[Rank-2] val time 15.2222, epoch  28, step  40, loss 2.72471616, auc@1 30.33, auc@5 61.82
2021-05-21 20:54:33,396:INFO:[Rank-2] train time 42.2918, epoch  29, step  49, loss 2.49240661, auc@1 34.66, auc@5 68.30, share 49, std_loss 0, 
2021-05-21 20:54:48,587:INFO:[Rank-2] val time 15.1887, epoch  29, step  40, loss 2.70866876, auc@1 30.17, auc@5 62.39
2021-05-21 20:55:31,385:INFO:[Rank-2] train time 42.4392, epoch  30, step  49, loss 2.44969511, auc@1 35.69, auc@5 69.27, share 49, std_loss 0, 
2021-05-21 20:55:46,649:INFO:[Rank-2] val time 15.2624, epoch  30, step  40, loss 2.79427639, auc@1 29.14, auc@5 60.30
2021-05-21 20:56:29,241:INFO:[Rank-2] train time 42.2729, epoch  31, step  49, loss 2.38881230, auc@1 37.15, auc@5 70.51, share 49, std_loss 0, 
2021-05-21 20:56:44,514:INFO:[Rank-2] val time 15.2713, epoch  31, step  40, loss 2.53784967, auc@1 33.14, auc@5 66.50
2021-05-21 20:57:27,008:INFO:[Rank-2] train time 42.1275, epoch  32, step  49, loss 2.35125208, auc@1 37.88, auc@5 71.42, share 49, std_loss 0, 
2021-05-21 20:57:42,211:INFO:[Rank-2] val time 15.2012, epoch  32, step  40, loss 2.53749100, auc@1 33.36, auc@5 66.73
2021-05-21 20:58:24,913:INFO:[Rank-2] train time 42.3491, epoch  33, step  49, loss 2.31505919, auc@1 38.81, auc@5 72.40, share 49, std_loss 0, 
2021-05-21 20:58:40,209:INFO:[Rank-2] val time 15.2945, epoch  33, step  40, loss 2.74494765, auc@1 30.29, auc@5 62.78
2021-05-21 20:59:22,919:INFO:[Rank-2] train time 42.3543, epoch  34, step  49, loss 2.27343512, auc@1 39.69, auc@5 73.29, share 49, std_loss 0, 
2021-05-21 20:59:38,088:INFO:[Rank-2] val time 15.1673, epoch  34, step  40, loss 2.57362678, auc@1 32.36, auc@5 65.84
2021-05-21 21:00:21,100:INFO:[Rank-2] train time 42.5873, epoch  35, step  49, loss 2.21413589, auc@1 41.09, auc@5 74.72, share 49, std_loss 0, 
2021-05-21 21:00:36,400:INFO:[Rank-2] val time 15.2977, epoch  35, step  40, loss 2.96967087, auc@1 26.85, auc@5 56.93
2021-05-21 21:01:18,557:INFO:[Rank-2] train time 41.7720, epoch  36, step  49, loss 2.19188976, auc@1 41.62, auc@5 75.12, share 49, std_loss 0, 
2021-05-21 21:01:33,780:INFO:[Rank-2] val time 15.2215, epoch  36, step  40, loss 2.67161698, auc@1 31.61, auc@5 63.52
2021-05-21 21:02:16,535:INFO:[Rank-2] train time 42.4462, epoch  37, step  49, loss 2.15727353, auc@1 42.57, auc@5 75.65, share 49, std_loss 0, 
2021-05-21 21:02:31,852:INFO:[Rank-2] val time 15.3153, epoch  37, step  40, loss 2.44605314, auc@1 35.96, auc@5 68.73
2021-05-21 21:03:14,565:INFO:[Rank-2] train time 42.3664, epoch  38, step  49, loss 2.11413336, auc@1 43.70, auc@5 76.54, share 49, std_loss 0, 
2021-05-21 21:03:29,813:INFO:[Rank-2] val time 15.2468, epoch  38, step  40, loss 2.48865726, auc@1 34.44, auc@5 68.02
2021-05-21 21:04:12,570:INFO:[Rank-2] train time 42.3858, epoch  39, step  49, loss 2.08369088, auc@1 44.18, auc@5 77.26, share 49, std_loss 0, 
2021-05-21 21:04:27,817:INFO:[Rank-2] val time 15.2454, epoch  39, step  40, loss 2.45497664, auc@1 35.93, auc@5 69.55
2021-05-21 21:05:10,403:INFO:[Rank-2] train time 42.2292, epoch  40, step  49, loss 2.05046773, auc@1 44.86, auc@5 77.87, share 49, std_loss 0, 
2021-05-21 21:05:25,834:INFO:[Rank-2] val time 15.4297, epoch  40, step  40, loss 2.18918075, auc@1 41.50, auc@5 74.13
2021-05-21 21:06:08,438:INFO:[Rank-2] train time 42.2045, epoch  41, step  49, loss 2.00616741, auc@1 46.14, auc@5 78.76, share 49, std_loss 0, 
2021-05-21 21:06:23,675:INFO:[Rank-2] val time 15.2360, epoch  41, step  40, loss 2.48698053, auc@1 35.32, auc@5 68.03
2021-05-21 21:07:06,409:INFO:[Rank-2] train time 42.3512, epoch  42, step  49, loss 1.98583746, auc@1 46.67, auc@5 79.19, share 49, std_loss 0, 
2021-05-21 21:07:21,633:INFO:[Rank-2] val time 15.2216, epoch  42, step  40, loss 2.43238007, auc@1 35.89, auc@5 68.73
2021-05-21 21:08:04,475:INFO:[Rank-2] train time 42.5653, epoch  43, step  49, loss 1.95007908, auc@1 47.21, auc@5 79.78, share 49, std_loss 0, 
2021-05-21 21:08:19,823:INFO:[Rank-2] val time 15.3464, epoch  43, step  40, loss 2.43860433, auc@1 35.88, auc@5 68.85
2021-05-21 21:09:02,456:INFO:[Rank-2] train time 42.2604, epoch  44, step  49, loss 1.93534756, auc@1 47.67, auc@5 80.26, share 49, std_loss 0, 
2021-05-21 21:09:17,756:INFO:[Rank-2] val time 15.2982, epoch  44, step  40, loss 2.33655959, auc@1 37.85, auc@5 70.80
2021-05-21 21:10:00,560:INFO:[Rank-2] train time 42.5106, epoch  45, step  49, loss 1.90282154, auc@1 48.79, auc@5 80.76, share 49, std_loss 0, 
2021-05-21 21:10:15,844:INFO:[Rank-2] val time 15.2811, epoch  45, step  40, loss 2.22282831, auc@1 40.47, auc@5 73.67
2021-05-21 21:10:58,395:INFO:[Rank-2] train time 42.1717, epoch  46, step  49, loss 1.87398207, auc@1 49.27, auc@5 81.46, share 49, std_loss 0, 
2021-05-21 21:11:13,682:INFO:[Rank-2] val time 15.2850, epoch  46, step  40, loss 2.09321844, auc@1 43.73, auc@5 76.62
2021-05-21 21:11:56,136:INFO:[Rank-2] train time 42.0677, epoch  47, step  49, loss 1.85122895, auc@1 49.92, auc@5 81.69, share 49, std_loss 0, 
2021-05-21 21:12:11,388:INFO:[Rank-2] val time 15.2495, epoch  47, step  40, loss 2.56282983, auc@1 35.38, auc@5 66.81
2021-05-21 21:12:54,008:INFO:[Rank-2] train time 42.2570, epoch  48, step  49, loss 1.84420979, auc@1 50.31, auc@5 81.78, share 49, std_loss 0, 
2021-05-21 21:13:09,371:INFO:[Rank-2] val time 15.3610, epoch  48, step  40, loss 2.10588998, auc@1 42.76, auc@5 76.17
2021-05-21 21:13:51,534:INFO:[Rank-2] train time 41.8501, epoch  49, step  49, loss 1.79947591, auc@1 51.49, auc@5 82.68, share 49, std_loss 0, 
2021-05-21 21:14:06,850:INFO:[Rank-2] val time 15.3150, epoch  49, step  40, loss 2.22578083, auc@1 42.32, auc@5 73.16
2021-05-21 21:14:49,305:INFO:[Rank-2] train time 42.1798, epoch  50, step  49, loss 1.77679682, auc@1 52.23, auc@5 83.02, share 49, std_loss 0, 
2021-05-21 21:15:04,514:INFO:[Rank-2] val time 15.2069, epoch  50, step  40, loss 2.09916833, auc@1 42.98, auc@5 76.26
2021-05-21 21:15:47,362:INFO:[Rank-2] train time 42.3754, epoch  51, step  49, loss 1.75602591, auc@1 52.63, auc@5 83.41, share 49, std_loss 0, 
2021-05-21 21:16:02,687:INFO:[Rank-2] val time 15.3234, epoch  51, step  40, loss 2.07907047, auc@1 44.07, auc@5 76.41
2021-05-21 21:16:45,501:INFO:[Rank-2] train time 42.4866, epoch  52, step  49, loss 1.74513471, auc@1 52.94, auc@5 83.68, share 49, std_loss 0, 
2021-05-21 21:17:00,727:INFO:[Rank-2] val time 15.2251, epoch  52, step  40, loss 2.13051952, auc@1 43.25, auc@5 75.15
2021-05-21 21:17:43,369:INFO:[Rank-2] train time 42.2981, epoch  53, step  49, loss 1.71441674, auc@1 53.75, auc@5 84.27, share 49, std_loss 0, 
2021-05-21 21:17:58,581:INFO:[Rank-2] val time 15.2100, epoch  53, step  40, loss 2.29144420, auc@1 40.58, auc@5 72.42
2021-05-21 21:18:41,148:INFO:[Rank-2] train time 42.2196, epoch  54, step  49, loss 1.69502997, auc@1 54.16, auc@5 84.57, share 49, std_loss 0, 
2021-05-21 21:18:56,433:INFO:[Rank-2] val time 15.2836, epoch  54, step  40, loss 2.02383873, auc@1 45.32, auc@5 77.57
2021-05-21 21:19:38,975:INFO:[Rank-2] train time 42.1831, epoch  55, step  49, loss 1.67855144, auc@1 54.80, auc@5 84.95, share 49, std_loss 0, 
2021-05-21 21:19:54,199:INFO:[Rank-2] val time 15.2225, epoch  55, step  40, loss 2.15192715, auc@1 43.13, auc@5 74.84
2021-05-21 21:20:36,988:INFO:[Rank-2] train time 42.3513, epoch  56, step  49, loss 1.65230656, auc@1 55.50, auc@5 85.28, share 49, std_loss 0, 
2021-05-21 21:20:52,321:INFO:[Rank-2] val time 15.3311, epoch  56, step  40, loss 2.05801843, auc@1 44.53, auc@5 77.25
2021-05-21 21:21:35,045:INFO:[Rank-2] train time 42.3706, epoch  57, step  49, loss 1.62684131, auc@1 56.07, auc@5 85.68, share 49, std_loss 0, 
2021-05-21 21:21:50,269:INFO:[Rank-2] val time 15.2227, epoch  57, step  40, loss 2.01039387, auc@1 45.44, auc@5 77.86
2021-05-21 21:22:32,828:INFO:[Rank-2] train time 42.2241, epoch  58, step  49, loss 1.58340716, auc@1 57.29, auc@5 86.43, share 49, std_loss 0, 
2021-05-21 21:22:48,150:INFO:[Rank-2] val time 15.3202, epoch  58, step  40, loss 2.11629070, auc@1 44.22, auc@5 75.36
2021-05-21 21:23:30,740:INFO:[Rank-2] train time 42.2112, epoch  59, step  49, loss 1.55831349, auc@1 57.87, auc@5 86.74, share 49, std_loss 0, 
2021-05-21 21:23:45,987:INFO:[Rank-2] val time 15.2446, epoch  59, step  40, loss 1.86130122, auc@1 49.19, auc@5 80.43
2021-05-21 21:24:29,620:INFO:[Rank-2] train time 43.2596, epoch  60, step  49, loss 1.51220107, auc@1 59.09, auc@5 87.54, share 49, std_loss 0, 
2021-05-21 21:24:44,849:INFO:[Rank-2] val time 15.2272, epoch  60, step  40, loss 1.77539732, auc@1 51.38, auc@5 82.74
2021-05-21 21:25:27,634:INFO:[Rank-2] train time 42.4376, epoch  61, step  49, loss 1.46092963, auc@1 60.67, auc@5 88.35, share 49, std_loss 0, 
2021-05-21 21:25:42,942:INFO:[Rank-2] val time 15.3064, epoch  61, step  40, loss 1.77310435, auc@1 51.84, auc@5 82.03
2021-05-21 21:26:25,904:INFO:[Rank-2] train time 42.6992, epoch  62, step  49, loss 1.39188457, auc@1 62.44, auc@5 89.36, share 49, std_loss 0, 
2021-05-21 21:26:41,268:INFO:[Rank-2] val time 15.3618, epoch  62, step  40, loss 1.64226695, auc@1 54.84, auc@5 84.45
2021-05-21 21:27:23,862:INFO:[Rank-2] train time 42.2714, epoch  63, step  49, loss 1.35133886, auc@1 63.58, auc@5 89.87, share 49, std_loss 0, 
2021-05-21 21:27:39,103:INFO:[Rank-2] val time 15.2391, epoch  63, step  40, loss 1.97473644, auc@1 48.18, auc@5 77.59
2021-05-21 21:28:21,546:INFO:[Rank-2] train time 42.0749, epoch  64, step  49, loss 1.29789472, auc@1 64.98, auc@5 90.52, share 49, std_loss 0, 
2021-05-21 21:28:36,907:INFO:[Rank-2] val time 15.3594, epoch  64, step  40, loss 1.57220342, auc@1 56.89, auc@5 85.05
2021-05-21 21:29:19,546:INFO:[Rank-2] train time 42.3070, epoch  65, step  49, loss 1.26550364, auc@1 65.60, auc@5 91.15, share 49, std_loss 0, 
2021-05-21 21:29:34,873:INFO:[Rank-2] val time 15.3255, epoch  65, step  40, loss 1.51153162, auc@1 57.95, auc@5 86.42
2021-05-21 21:30:17,366:INFO:[Rank-2] train time 42.0816, epoch  66, step  49, loss 1.21604347, auc@1 67.15, auc@5 91.67, share 49, std_loss 0, 
2021-05-21 21:30:32,613:INFO:[Rank-2] val time 15.2455, epoch  66, step  40, loss 1.54351562, auc@1 57.23, auc@5 85.63
2021-05-21 21:31:15,282:INFO:[Rank-2] train time 42.2376, epoch  67, step  49, loss 1.17651045, auc@1 68.27, auc@5 92.16, share 49, std_loss 0, 
2021-05-21 21:31:30,454:INFO:[Rank-2] val time 15.1702, epoch  67, step  40, loss 1.64555353, auc@1 55.19, auc@5 84.22
2021-05-21 21:32:13,803:INFO:[Rank-2] train time 43.0535, epoch  68, step  49, loss 1.15203393, auc@1 68.99, auc@5 92.51, share 49, std_loss 0, 
2021-05-21 21:32:29,149:INFO:[Rank-2] val time 15.3438, epoch  68, step  40, loss 1.52523055, auc@1 57.92, auc@5 86.13
2021-05-21 21:33:11,740:INFO:[Rank-2] train time 42.2605, epoch  69, step  49, loss 1.12252283, auc@1 69.76, auc@5 92.86, share 49, std_loss 0, 
2021-05-21 21:33:27,110:INFO:[Rank-2] val time 15.3672, epoch  69, step  40, loss 1.48647889, auc@1 58.83, auc@5 86.73
2021-05-21 21:34:09,575:INFO:[Rank-2] train time 42.1144, epoch  70, step  49, loss 1.08389246, auc@1 70.97, auc@5 93.26, share 49, std_loss 0, 
2021-05-21 21:34:24,802:INFO:[Rank-2] val time 15.2246, epoch  70, step  40, loss 1.73189197, auc@1 54.77, auc@5 82.71
2021-05-21 21:35:07,322:INFO:[Rank-2] train time 42.1415, epoch  71, step  49, loss 1.04444921, auc@1 71.83, auc@5 93.79, share 49, std_loss 0, 
2021-05-21 21:35:22,608:INFO:[Rank-2] val time 15.2834, epoch  71, step  40, loss 1.52911692, auc@1 59.12, auc@5 85.32
2021-05-21 21:36:05,456:INFO:[Rank-2] train time 42.4508, epoch  72, step  49, loss 1.03303921, auc@1 72.31, auc@5 93.82, share 49, std_loss 0, 
2021-05-21 21:36:20,666:INFO:[Rank-2] val time 15.2078, epoch  72, step  40, loss 1.60953067, auc@1 57.65, auc@5 84.43
2021-05-21 21:37:03,359:INFO:[Rank-2] train time 42.3546, epoch  73, step  49, loss 1.01318300, auc@1 72.86, auc@5 94.04, share 49, std_loss 0, 
2021-05-21 21:37:18,632:INFO:[Rank-2] val time 15.2717, epoch  73, step  40, loss 1.53574620, auc@1 59.20, auc@5 85.26
2021-05-21 21:38:01,538:INFO:[Rank-2] train time 42.5898, epoch  74, step  49, loss 0.99368006, auc@1 73.24, auc@5 94.27, share 49, std_loss 0, 
2021-05-21 21:38:16,765:INFO:[Rank-2] val time 15.2252, epoch  74, step  40, loss 1.52055147, auc@1 58.81, auc@5 86.38
2021-05-21 21:38:59,316:INFO:[Rank-2] train time 42.2053, epoch  75, step  49, loss 0.97431302, auc@1 74.11, auc@5 94.37, share 49, std_loss 0, 
2021-05-21 21:39:14,566:INFO:[Rank-2] val time 15.2480, epoch  75, step  40, loss 1.56215340, auc@1 58.41, auc@5 84.97
2021-05-21 21:39:57,205:INFO:[Rank-2] train time 42.2498, epoch  76, step  49, loss 0.95749086, auc@1 74.34, auc@5 94.63, share 49, std_loss 0, 
2021-05-21 21:40:12,546:INFO:[Rank-2] val time 15.3386, epoch  76, step  40, loss 1.60837968, auc@1 58.42, auc@5 84.06
2021-05-21 21:40:55,179:INFO:[Rank-2] train time 42.2564, epoch  77, step  49, loss 0.92098570, auc@1 75.67, auc@5 94.93, share 49, std_loss 0, 
2021-05-21 21:41:10,552:INFO:[Rank-2] val time 15.3721, epoch  77, step  40, loss 1.53947431, auc@1 58.78, auc@5 86.02
2021-05-21 21:41:52,944:INFO:[Rank-2] train time 42.0754, epoch  78, step  49, loss 0.90927982, auc@1 75.82, auc@5 95.16, share 49, std_loss 0, 
2021-05-21 21:42:08,215:INFO:[Rank-2] val time 15.2702, epoch  78, step  40, loss 1.54137954, auc@1 59.57, auc@5 85.01
2021-05-21 21:42:50,793:INFO:[Rank-2] train time 42.2396, epoch  79, step  49, loss 0.89613003, auc@1 76.19, auc@5 95.33, share 49, std_loss 0, 
2021-05-21 21:43:06,095:INFO:[Rank-2] val time 15.2997, epoch  79, step  40, loss 1.42718679, auc@1 61.66, auc@5 87.45
2021-05-21 21:43:48,745:INFO:[Rank-2] train time 42.2733, epoch  80, step  49, loss 0.88202131, auc@1 76.62, auc@5 95.47, share 49, std_loss 0, 
2021-05-21 21:44:04,191:INFO:[Rank-2] val time 15.4436, epoch  80, step  40, loss 1.44088393, auc@1 61.76, auc@5 87.07
2021-05-21 21:44:46,902:INFO:[Rank-2] train time 42.4255, epoch  81, step  49, loss 0.65972954, auc@1 83.45, auc@5 97.43, share 49, std_loss 0, 
2021-05-21 21:45:02,095:INFO:[Rank-2] val time 15.1915, epoch  81, step  40, loss 0.97757925, auc@1 73.30, auc@5 93.01
2021-05-21 21:45:45,364:INFO:[Rank-2] train time 42.8953, epoch  82, step  49, loss 0.54238540, auc@1 87.12, auc@5 98.24, share 49, std_loss 0, 
2021-05-21 21:46:00,741:INFO:[Rank-2] val time 15.3741, epoch  82, step  40, loss 0.95941254, auc@1 73.68, auc@5 93.51
2021-05-21 21:46:43,606:INFO:[Rank-2] train time 42.5198, epoch  83, step  49, loss 0.50903451, auc@1 87.87, auc@5 98.41, share 49, std_loss 0, 
2021-05-21 21:46:58,777:INFO:[Rank-2] val time 15.1689, epoch  83, step  40, loss 0.94959109, auc@1 74.06, auc@5 93.37
2021-05-21 21:47:41,161:INFO:[Rank-2] train time 42.0383, epoch  84, step  49, loss 0.48021379, auc@1 88.90, auc@5 98.61, share 49, std_loss 0, 
2021-05-21 21:47:56,368:INFO:[Rank-2] val time 15.2049, epoch  84, step  40, loss 0.94516085, auc@1 74.39, auc@5 93.46
2021-05-21 21:48:39,082:INFO:[Rank-2] train time 42.3438, epoch  85, step  49, loss 0.45696110, auc@1 89.44, auc@5 98.78, share 49, std_loss 0, 
2021-05-21 21:48:54,449:INFO:[Rank-2] val time 15.3648, epoch  85, step  40, loss 0.95397930, auc@1 73.97, auc@5 93.33
2021-05-21 21:49:36,762:INFO:[Rank-2] train time 41.9885, epoch  86, step  49, loss 0.43911356, auc@1 90.06, auc@5 98.86, share 49, std_loss 0, 
2021-05-21 21:49:52,022:INFO:[Rank-2] val time 15.2584, epoch  86, step  40, loss 0.95788611, auc@1 73.57, auc@5 93.28
2021-05-21 21:50:34,316:INFO:[Rank-2] train time 41.9890, epoch  87, step  49, loss 0.42209843, auc@1 90.78, auc@5 98.92, share 49, std_loss 0, 
2021-05-21 21:50:49,487:INFO:[Rank-2] val time 15.1690, epoch  87, step  40, loss 0.95785743, auc@1 73.35, auc@5 93.48
2021-05-21 21:51:32,329:INFO:[Rank-2] train time 42.4712, epoch  88, step  49, loss 0.40529296, auc@1 91.23, auc@5 99.08, share 49, std_loss 0, 
2021-05-21 21:51:47,605:INFO:[Rank-2] val time 15.2741, epoch  88, step  40, loss 0.96029700, auc@1 73.85, auc@5 93.29
2021-05-21 21:52:30,557:INFO:[Rank-2] train time 42.6273, epoch  89, step  49, loss 0.39207399, auc@1 91.55, auc@5 99.10, share 49, std_loss 0, 
2021-05-21 21:52:45,836:INFO:[Rank-2] val time 15.2771, epoch  89, step  40, loss 0.95598536, auc@1 74.08, auc@5 93.08
2021-05-21 21:53:28,601:INFO:[Rank-2] train time 42.3487, epoch  90, step  49, loss 0.38101763, auc@1 91.95, auc@5 99.20, share 49, std_loss 0, 
2021-05-21 21:53:43,863:INFO:[Rank-2] val time 15.2596, epoch  90, step  40, loss 0.96431834, auc@1 73.90, auc@5 93.26
2021-05-21 21:54:26,670:INFO:[Rank-2] train time 42.4464, epoch  91, step  49, loss 0.36647704, auc@1 92.41, auc@5 99.30, share 49, std_loss 0, 
2021-05-21 21:54:41,919:INFO:[Rank-2] val time 15.2472, epoch  91, step  40, loss 0.97159593, auc@1 73.96, auc@5 93.03
2021-05-21 21:55:24,988:INFO:[Rank-2] train time 42.6665, epoch  92, step  49, loss 0.35497946, auc@1 92.68, auc@5 99.35, share 49, std_loss 0, 
2021-05-21 21:55:40,272:INFO:[Rank-2] val time 15.2813, epoch  92, step  40, loss 0.96061892, auc@1 73.92, auc@5 93.06
2021-05-21 21:56:22,778:INFO:[Rank-2] train time 42.2068, epoch  93, step  49, loss 0.34082776, auc@1 93.15, auc@5 99.36, share 49, std_loss 0, 
2021-05-21 21:56:38,020:INFO:[Rank-2] val time 15.2397, epoch  93, step  40, loss 0.96971514, auc@1 73.73, auc@5 93.06
2021-05-21 21:57:20,324:INFO:[Rank-2] train time 41.9129, epoch  94, step  49, loss 0.33273640, auc@1 93.57, auc@5 99.38, share 49, std_loss 0, 
2021-05-21 21:57:35,642:INFO:[Rank-2] val time 15.3150, epoch  94, step  40, loss 0.96671115, auc@1 73.93, auc@5 93.17
2021-05-21 21:58:19,275:INFO:[Rank-2] train time 43.3002, epoch  95, step  49, loss 0.31919792, auc@1 94.00, auc@5 99.47, share 49, std_loss 0, 
2021-05-21 21:58:34,632:INFO:[Rank-2] val time 15.3554, epoch  95, step  40, loss 0.97284662, auc@1 73.81, auc@5 92.88
2021-05-21 21:59:17,031:INFO:[Rank-2] train time 42.0744, epoch  96, step  49, loss 0.31071830, auc@1 94.27, auc@5 99.47, share 49, std_loss 0, 
2021-05-21 21:59:32,314:INFO:[Rank-2] val time 15.2814, epoch  96, step  40, loss 0.97126802, auc@1 74.32, auc@5 93.07
2021-05-21 22:00:15,074:INFO:[Rank-2] train time 42.5061, epoch  97, step  49, loss 0.29818934, auc@1 94.56, auc@5 99.57, share 49, std_loss 0, 
2021-05-21 22:00:30,356:INFO:[Rank-2] val time 15.2802, epoch  97, step  40, loss 0.99565181, auc@1 73.49, auc@5 92.71
2021-05-21 22:01:12,994:INFO:[Rank-2] train time 42.3077, epoch  98, step  49, loss 0.29226822, auc@1 94.67, auc@5 99.58, share 49, std_loss 0, 
2021-05-21 22:01:28,205:INFO:[Rank-2] val time 15.2090, epoch  98, step  40, loss 0.98932808, auc@1 74.20, auc@5 92.75
2021-05-21 22:02:11,338:INFO:[Rank-2] train time 42.7239, epoch  99, step  49, loss 0.28412476, auc@1 95.01, auc@5 99.63, share 49, std_loss 0, 
2021-05-21 22:02:26,626:INFO:[Rank-2] val time 15.2871, epoch  99, step  40, loss 0.98773763, auc@1 73.83, auc@5 92.76
2021-05-21 22:03:09,297:INFO:[Rank-2] train time 42.3348, epoch 100, step  49, loss 0.27116075, auc@1 95.39, auc@5 99.64, share 49, std_loss 0, 
2021-05-21 22:03:24,639:INFO:[Rank-2] val time 15.3407, epoch 100, step  40, loss 0.99077833, auc@1 73.78, auc@5 92.89
2021-05-21 22:04:07,248:INFO:[Rank-2] train time 42.2727, epoch 101, step  49, loss 0.26248321, auc@1 95.63, auc@5 99.69, share 49, std_loss 0, 
2021-05-21 22:04:22,416:INFO:[Rank-2] val time 15.1666, epoch 101, step  40, loss 0.99387411, auc@1 73.71, auc@5 92.79
2021-05-21 22:05:05,136:INFO:[Rank-2] train time 42.4102, epoch 102, step  49, loss 0.25648779, auc@1 95.88, auc@5 99.68, share 49, std_loss 0, 
2021-05-21 22:05:20,352:INFO:[Rank-2] val time 15.2140, epoch 102, step  40, loss 1.00148637, auc@1 74.11, auc@5 92.83
2021-05-21 22:06:03,023:INFO:[Rank-2] train time 42.2307, epoch 103, step  49, loss 0.24929868, auc@1 96.04, auc@5 99.69, share 49, std_loss 0, 
2021-05-21 22:06:18,263:INFO:[Rank-2] val time 15.2374, epoch 103, step  40, loss 0.99649018, auc@1 73.89, auc@5 92.79
2021-05-21 22:07:00,913:INFO:[Rank-2] train time 42.3414, epoch 104, step  49, loss 0.24283959, auc@1 96.26, auc@5 99.71, share 49, std_loss 0, 
2021-05-21 22:07:16,184:INFO:[Rank-2] val time 15.2686, epoch 104, step  40, loss 0.99954956, auc@1 73.64, auc@5 92.79
2021-05-21 22:07:59,526:INFO:[Rank-2] train time 42.9952, epoch 105, step  49, loss 0.23707357, auc@1 96.41, auc@5 99.75, share 49, std_loss 0, 
2021-05-21 22:08:14,709:INFO:[Rank-2] val time 15.1809, epoch 105, step  40, loss 1.00377838, auc@1 73.59, auc@5 92.69
2021-05-21 22:08:58,310:INFO:[Rank-2] train time 43.2272, epoch 106, step  49, loss 0.22982395, auc@1 96.56, auc@5 99.76, share 49, std_loss 0, 
2021-05-21 22:09:13,586:INFO:[Rank-2] val time 15.2735, epoch 106, step  40, loss 1.00159834, auc@1 73.86, auc@5 92.93
2021-05-21 22:09:56,160:INFO:[Rank-2] train time 42.1721, epoch 107, step  49, loss 0.22625688, auc@1 96.70, auc@5 99.77, share 49, std_loss 0, 
2021-05-21 22:10:11,346:INFO:[Rank-2] val time 15.1838, epoch 107, step  40, loss 1.02065016, auc@1 73.54, auc@5 92.45
2021-05-21 22:10:53,870:INFO:[Rank-2] train time 42.1680, epoch 108, step  49, loss 0.21965486, auc@1 96.87, auc@5 99.80, share 49, std_loss 0, 
2021-05-21 22:11:09,150:INFO:[Rank-2] val time 15.2788, epoch 108, step  40, loss 1.03287779, auc@1 72.96, auc@5 92.70
2021-05-21 22:11:51,701:INFO:[Rank-2] train time 42.1985, epoch 109, step  49, loss 0.21200269, auc@1 97.11, auc@5 99.83, share 49, std_loss 0, 
2021-05-21 22:12:06,964:INFO:[Rank-2] val time 15.2615, epoch 109, step  40, loss 1.02534728, auc@1 73.39, auc@5 92.62
2021-05-21 22:12:49,644:INFO:[Rank-2] train time 42.3092, epoch 110, step  49, loss 0.20891944, auc@1 97.15, auc@5 99.82, share 49, std_loss 0, 
2021-05-21 22:13:04,917:INFO:[Rank-2] val time 15.2718, epoch 110, step  40, loss 1.02927733, auc@1 73.32, auc@5 92.44
2021-05-21 22:13:47,788:INFO:[Rank-2] train time 42.5339, epoch 111, step  49, loss 0.20008320, auc@1 97.37, auc@5 99.84, share 49, std_loss 0, 
2021-05-21 22:14:03,086:INFO:[Rank-2] val time 15.2953, epoch 111, step  40, loss 1.03632084, auc@1 73.74, auc@5 92.25
2021-05-21 22:14:46,051:INFO:[Rank-2] train time 42.5297, epoch 112, step  49, loss 0.19687293, auc@1 97.48, auc@5 99.83, share 49, std_loss 0, 
2021-05-21 22:15:01,266:INFO:[Rank-2] val time 15.2130, epoch 112, step  40, loss 1.02666024, auc@1 73.81, auc@5 92.42
2021-05-21 22:15:43,959:INFO:[Rank-2] train time 42.3609, epoch 113, step  49, loss 0.19010289, auc@1 97.70, auc@5 99.86, share 49, std_loss 0, 
2021-05-21 22:15:59,329:INFO:[Rank-2] val time 15.3685, epoch 113, step  40, loss 1.02423167, auc@1 73.64, auc@5 92.41
2021-05-21 22:16:42,251:INFO:[Rank-2] train time 42.6706, epoch 114, step  49, loss 0.18494481, auc@1 97.80, auc@5 99.88, share 49, std_loss 0, 
2021-05-21 22:16:57,408:INFO:[Rank-2] val time 15.1547, epoch 114, step  40, loss 1.02657726, auc@1 73.74, auc@5 92.74
2021-05-21 22:17:39,953:INFO:[Rank-2] train time 42.1454, epoch 115, step  49, loss 0.17990853, auc@1 97.97, auc@5 99.87, share 49, std_loss 0, 
2021-05-21 22:17:55,160:INFO:[Rank-2] val time 15.2057, epoch 115, step  40, loss 1.02584492, auc@1 73.45, auc@5 92.46
2021-05-21 22:18:37,778:INFO:[Rank-2] train time 42.2566, epoch 116, step  49, loss 0.18052830, auc@1 97.94, auc@5 99.89, share 49, std_loss 0, 
2021-05-21 22:18:53,055:INFO:[Rank-2] val time 15.2754, epoch 116, step  40, loss 1.06083799, auc@1 73.11, auc@5 92.15
2021-05-21 22:19:35,972:INFO:[Rank-2] train time 42.4929, epoch 117, step  49, loss 0.17588586, auc@1 98.12, auc@5 99.88, share 49, std_loss 0, 
2021-05-21 22:19:51,375:INFO:[Rank-2] val time 15.4007, epoch 117, step  40, loss 1.02119764, auc@1 73.53, auc@5 92.76
2021-05-21 22:20:33,753:INFO:[Rank-2] train time 42.0309, epoch 118, step  49, loss 0.17146383, auc@1 98.12, auc@5 99.90, share 49, std_loss 0, 
2021-05-21 22:20:48,995:INFO:[Rank-2] val time 15.2398, epoch 118, step  40, loss 1.04522811, auc@1 73.52, auc@5 92.45
2021-05-21 22:21:31,448:INFO:[Rank-2] train time 42.1553, epoch 119, step  49, loss 0.17075977, auc@1 98.10, auc@5 99.87, share 49, std_loss 0, 
2021-05-21 22:21:46,688:INFO:[Rank-2] val time 15.2379, epoch 119, step  40, loss 1.05207580, auc@1 73.47, auc@5 92.28
2021-05-21 22:22:29,413:INFO:[Rank-2] train time 42.4191, epoch 120, step  49, loss 0.16926694, auc@1 98.14, auc@5 99.89, share 49, std_loss 0, 
2021-05-21 22:22:44,800:INFO:[Rank-2] val time 15.3841, epoch 120, step  40, loss 1.04633524, auc@1 73.50, auc@5 92.34
2021-05-21 22:23:27,334:INFO:[Rank-2] train time 42.2207, epoch 121, step  49, loss 0.16343847, auc@1 98.34, auc@5 99.91, share 49, std_loss 0, 
2021-05-21 22:23:42,719:INFO:[Rank-2] val time 15.3834, epoch 121, step  40, loss 1.06236372, auc@1 73.28, auc@5 92.25
2021-05-21 22:24:25,242:INFO:[Rank-2] train time 42.1378, epoch 122, step  49, loss 0.15879036, auc@1 98.47, auc@5 99.92, share 49, std_loss 0, 
2021-05-21 22:24:40,650:INFO:[Rank-2] val time 15.4052, epoch 122, step  40, loss 1.04863165, auc@1 73.20, auc@5 92.44
2021-05-21 22:25:23,054:INFO:[Rank-2] train time 42.0403, epoch 123, step  49, loss 0.15683091, auc@1 98.42, auc@5 99.90, share 49, std_loss 0, 
2021-05-21 22:25:38,280:INFO:[Rank-2] val time 15.2243, epoch 123, step  40, loss 1.03891304, auc@1 73.65, auc@5 92.34
2021-05-21 22:26:21,158:INFO:[Rank-2] train time 42.4807, epoch 124, step  49, loss 0.15751722, auc@1 98.43, auc@5 99.92, share 49, std_loss 0, 
2021-05-21 22:26:36,401:INFO:[Rank-2] val time 15.2405, epoch 124, step  40, loss 1.08227880, auc@1 72.91, auc@5 92.02
2021-05-21 22:27:18,972:INFO:[Rank-2] train time 42.2651, epoch 125, step  49, loss 0.15420327, auc@1 98.48, auc@5 99.92, share 49, std_loss 0, 
2021-05-21 22:27:34,229:INFO:[Rank-2] val time 15.2549, epoch 125, step  40, loss 1.08077468, auc@1 72.63, auc@5 92.28
2021-05-21 22:28:17,130:INFO:[Rank-2] train time 42.5504, epoch 126, step  49, loss 0.15249944, auc@1 98.50, auc@5 99.93, share 49, std_loss 0, 
2021-05-21 22:28:32,420:INFO:[Rank-2] val time 15.2872, epoch 126, step  40, loss 1.05890869, auc@1 73.16, auc@5 92.30
2021-05-21 22:29:14,892:INFO:[Rank-2] train time 42.1151, epoch 127, step  49, loss 0.14760828, auc@1 98.71, auc@5 99.93, share 49, std_loss 0, 
2021-05-21 22:29:30,148:INFO:[Rank-2] val time 15.2534, epoch 127, step  40, loss 1.05105431, auc@1 73.68, auc@5 92.37
2021-05-21 22:30:12,659:INFO:[Rank-2] train time 42.1385, epoch 128, step  49, loss 0.14630781, auc@1 98.70, auc@5 99.94, share 49, std_loss 0, 
2021-05-21 22:30:27,917:INFO:[Rank-2] val time 15.2553, epoch 128, step  40, loss 1.06395547, auc@1 73.07, auc@5 92.34
2021-05-21 22:31:10,953:INFO:[Rank-2] train time 42.6777, epoch 129, step  49, loss 0.14406538, auc@1 98.77, auc@5 99.93, share 49, std_loss 0, 
2021-05-21 22:31:26,279:INFO:[Rank-2] val time 15.3242, epoch 129, step  40, loss 1.06635435, auc@1 73.44, auc@5 92.27
2021-05-21 22:32:09,135:INFO:[Rank-2] train time 42.4692, epoch 130, step  49, loss 0.14582944, auc@1 98.64, auc@5 99.93, share 49, std_loss 0, 
2021-05-21 22:32:24,355:INFO:[Rank-2] val time 15.2171, epoch 130, step  40, loss 1.07584731, auc@1 73.28, auc@5 92.12
2021-05-21 22:33:07,236:INFO:[Rank-2] train time 42.5383, epoch 131, step  49, loss 0.14520586, auc@1 98.59, auc@5 99.95, share 49, std_loss 0, 
2021-05-21 22:33:22,536:INFO:[Rank-2] val time 15.2984, epoch 131, step  40, loss 1.06124747, auc@1 73.29, auc@5 92.15
2021-05-21 22:34:05,185:INFO:[Rank-2] train time 42.3141, epoch 132, step  49, loss 0.14028697, auc@1 98.83, auc@5 99.94, share 49, std_loss 0, 
2021-05-21 22:34:20,376:INFO:[Rank-2] val time 15.1884, epoch 132, step  40, loss 1.06636843, auc@1 73.22, auc@5 92.13
2021-05-21 22:35:03,331:INFO:[Rank-2] train time 42.5997, epoch 133, step  49, loss 0.13812572, auc@1 98.86, auc@5 99.94, share 49, std_loss 0, 
2021-05-21 22:35:18,569:INFO:[Rank-2] val time 15.2352, epoch 133, step  40, loss 1.07879190, auc@1 73.06, auc@5 91.99
2021-05-21 22:36:01,334:INFO:[Rank-2] train time 42.3739, epoch 134, step  49, loss 0.13604914, auc@1 98.85, auc@5 99.95, share 49, std_loss 0, 
2021-05-21 22:36:16,588:INFO:[Rank-2] val time 15.2523, epoch 134, step  40, loss 1.06726622, auc@1 73.29, auc@5 92.11
2021-05-21 22:36:59,312:INFO:[Rank-2] train time 42.4029, epoch 135, step  49, loss 0.13906173, auc@1 98.85, auc@5 99.96, share 49, std_loss 0, 
2021-05-21 22:37:14,531:INFO:[Rank-2] val time 15.2172, epoch 135, step  40, loss 1.08995057, auc@1 72.73, auc@5 92.00
2021-05-21 22:37:57,596:INFO:[Rank-2] train time 42.6586, epoch 136, step  49, loss 0.13255155, auc@1 98.95, auc@5 99.97, share 49, std_loss 0, 
2021-05-21 22:38:12,786:INFO:[Rank-2] val time 15.1886, epoch 136, step  40, loss 1.06614806, auc@1 73.17, auc@5 92.39
2021-05-21 22:38:55,359:INFO:[Rank-2] train time 42.2955, epoch 137, step  49, loss 0.13090816, auc@1 99.02, auc@5 99.96, share 49, std_loss 0, 
2021-05-21 22:39:10,635:INFO:[Rank-2] val time 15.2741, epoch 137, step  40, loss 1.08254167, auc@1 73.23, auc@5 92.01
2021-05-21 22:39:53,377:INFO:[Rank-2] train time 42.4175, epoch 138, step  49, loss 0.13021025, auc@1 98.97, auc@5 99.97, share 49, std_loss 0, 
2021-05-21 22:40:08,703:INFO:[Rank-2] val time 15.3242, epoch 138, step  40, loss 1.07642018, auc@1 73.27, auc@5 92.15
2021-05-21 22:40:51,120:INFO:[Rank-2] train time 42.0745, epoch 139, step  49, loss 0.13105473, auc@1 98.92, auc@5 99.95, share 49, std_loss 0, 
2021-05-21 22:41:06,399:INFO:[Rank-2] val time 15.2770, epoch 139, step  40, loss 1.07650113, auc@1 73.45, auc@5 92.02
2021-05-21 22:41:48,918:INFO:[Rank-2] train time 42.1748, epoch 140, step  49, loss 0.12932523, auc@1 99.04, auc@5 99.96, share 49, std_loss 0, 
2021-05-21 22:42:04,124:INFO:[Rank-2] val time 15.2045, epoch 140, step  40, loss 1.08280678, auc@1 73.24, auc@5 92.25
2021-05-21 22:42:46,583:INFO:[Rank-2] train time 42.1646, epoch 141, step  49, loss 0.12839384, auc@1 99.08, auc@5 99.97, share 49, std_loss 0, 
2021-05-21 22:43:01,959:INFO:[Rank-2] val time 15.3746, epoch 141, step  40, loss 1.07931419, auc@1 73.17, auc@5 92.00
2021-05-21 22:43:44,304:INFO:[Rank-2] train time 41.9712, epoch 142, step  49, loss 0.12742455, auc@1 99.03, auc@5 99.97, share 49, std_loss 0, 
2021-05-21 22:43:59,523:INFO:[Rank-2] val time 15.2163, epoch 142, step  40, loss 1.10457257, auc@1 72.83, auc@5 91.84
2021-05-21 22:44:42,554:INFO:[Rank-2] train time 42.6479, epoch 143, step  49, loss 0.12738888, auc@1 99.01, auc@5 99.96, share 49, std_loss 0, 
2021-05-21 22:44:57,893:INFO:[Rank-2] val time 15.3373, epoch 143, step  40, loss 1.07988510, auc@1 73.53, auc@5 91.75
2021-05-21 22:45:40,644:INFO:[Rank-2] train time 42.4091, epoch 144, step  49, loss 0.12556979, auc@1 99.08, auc@5 99.97, share 49, std_loss 0, 
2021-05-21 22:45:55,889:INFO:[Rank-2] val time 15.2431, epoch 144, step  40, loss 1.09763687, auc@1 72.88, auc@5 92.03
2021-05-21 22:46:38,401:INFO:[Rank-2] train time 42.0952, epoch 145, step  49, loss 0.12628919, auc@1 99.06, auc@5 99.97, share 49, std_loss 0, 
2021-05-21 22:46:53,594:INFO:[Rank-2] val time 15.1914, epoch 145, step  40, loss 1.09276375, auc@1 73.27, auc@5 91.80
2021-05-21 22:47:35,924:INFO:[Rank-2] train time 41.9701, epoch 146, step  49, loss 0.12534800, auc@1 99.06, auc@5 99.97, share 49, std_loss 0, 
2021-05-21 22:47:51,261:INFO:[Rank-2] val time 15.3342, epoch 146, step  40, loss 1.09782871, auc@1 73.32, auc@5 91.86
2021-05-21 22:48:33,792:INFO:[Rank-2] train time 42.2187, epoch 147, step  49, loss 0.12357158, auc@1 99.11, auc@5 99.97, share 49, std_loss 0, 
2021-05-21 22:48:49,056:INFO:[Rank-2] val time 15.2622, epoch 147, step  40, loss 1.10263573, auc@1 73.12, auc@5 91.84
2021-05-21 22:49:31,724:INFO:[Rank-2] train time 42.3849, epoch 148, step  49, loss 0.12135804, auc@1 99.15, auc@5 99.98, share 49, std_loss 0, 
2021-05-21 22:49:46,952:INFO:[Rank-2] val time 15.2261, epoch 148, step  40, loss 1.11010429, auc@1 72.95, auc@5 91.78
2021-05-21 22:50:29,519:INFO:[Rank-2] train time 42.3238, epoch 149, step  49, loss 0.12215054, auc@1 99.11, auc@5 99.98, share 49, std_loss 0, 
2021-05-21 22:50:44,779:INFO:[Rank-2] val time 15.2579, epoch 149, step  40, loss 1.08992849, auc@1 73.42, auc@5 91.90
2021-05-21 22:51:28,273:INFO:[Rank-2] train time 43.1207, epoch 150, step  49, loss 0.12069360, auc@1 99.17, auc@5 99.97, share 49, std_loss 0, 
2021-05-21 22:51:43,517:INFO:[Rank-2] val time 15.2425, epoch 150, step  40, loss 1.09494216, auc@1 73.16, auc@5 91.90
2021-05-21 22:52:26,251:INFO:[Rank-2] train time 42.2840, epoch 151, step  49, loss 0.12118218, auc@1 99.19, auc@5 99.98, share 49, std_loss 0, 
2021-05-21 22:52:41,488:INFO:[Rank-2] val time 15.2357, epoch 151, step  40, loss 1.09262252, auc@1 73.44, auc@5 92.00
2021-05-21 22:53:23,939:INFO:[Rank-2] train time 42.1327, epoch 152, step  49, loss 0.11920208, auc@1 99.24, auc@5 99.97, share 49, std_loss 0, 
2021-05-21 22:53:39,211:INFO:[Rank-2] val time 15.2696, epoch 152, step  40, loss 1.10404834, auc@1 73.27, auc@5 91.82
2021-05-21 22:54:21,621:INFO:[Rank-2] train time 42.0653, epoch 153, step  49, loss 0.12077999, auc@1 99.12, auc@5 99.98, share 49, std_loss 0, 
2021-05-21 22:54:36,792:INFO:[Rank-2] val time 15.1692, epoch 153, step  40, loss 1.08161260, auc@1 73.67, auc@5 92.01
2021-05-21 22:55:19,339:INFO:[Rank-2] train time 42.1741, epoch 154, step  49, loss 0.11574297, auc@1 99.31, auc@5 99.98, share 49, std_loss 0, 
2021-05-21 22:55:34,628:INFO:[Rank-2] val time 15.2865, epoch 154, step  40, loss 1.09167002, auc@1 73.48, auc@5 92.23
2021-05-21 22:56:17,000:INFO:[Rank-2] train time 42.0801, epoch 155, step  49, loss 0.11603553, auc@1 99.26, auc@5 99.98, share 49, std_loss 0, 
2021-05-21 22:56:32,295:INFO:[Rank-2] val time 15.2929, epoch 155, step  40, loss 1.09323512, auc@1 73.40, auc@5 92.09
2021-05-21 22:57:14,639:INFO:[Rank-2] train time 41.9720, epoch 156, step  49, loss 0.11665824, auc@1 99.25, auc@5 99.98, share 49, std_loss 0, 
2021-05-21 22:57:29,854:INFO:[Rank-2] val time 15.2141, epoch 156, step  40, loss 1.08690756, auc@1 73.76, auc@5 92.08
2021-05-21 22:58:12,931:INFO:[Rank-2] train time 42.8138, epoch 157, step  49, loss 0.11534023, auc@1 99.29, auc@5 99.98, share 49, std_loss 0, 
2021-05-21 22:58:28,213:INFO:[Rank-2] val time 15.2803, epoch 157, step  40, loss 1.10764259, auc@1 73.15, auc@5 91.79
2021-05-21 22:59:10,675:INFO:[Rank-2] train time 42.1397, epoch 158, step  49, loss 0.11640619, auc@1 99.22, auc@5 99.98, share 49, std_loss 0, 
2021-05-21 22:59:26,018:INFO:[Rank-2] val time 15.3416, epoch 158, step  40, loss 1.09134847, auc@1 73.59, auc@5 91.93
2021-05-21 23:00:09,089:INFO:[Rank-2] train time 42.6760, epoch 159, step  49, loss 0.11799850, auc@1 99.16, auc@5 99.98, share 49, std_loss 0, 
2021-05-21 23:00:24,270:INFO:[Rank-2] val time 15.1790, epoch 159, step  40, loss 1.11959717, auc@1 72.84, auc@5 91.74
2021-05-21 23:01:07,382:INFO:[Rank-2] train time 42.7398, epoch 160, step  49, loss 0.11844715, auc@1 99.15, auc@5 99.98, share 49, std_loss 0, 
2021-05-21 23:01:22,618:INFO:[Rank-2] val time 15.2345, epoch 160, step  40, loss 1.12122172, auc@1 73.08, auc@5 91.42
2021-05-21 23:02:05,269:INFO:[Rank-2] train time 42.2939, epoch 161, step  49, loss 0.10603020, auc@1 99.55, auc@5 99.99, share 49, std_loss 0, 
2021-05-21 23:02:20,516:INFO:[Rank-2] val time 15.2457, epoch 161, step  40, loss 1.03769442, auc@1 75.02, auc@5 92.46
2021-05-21 23:03:03,367:INFO:[Rank-2] train time 42.5406, epoch 162, step  49, loss 0.10095255, auc@1 99.65, auc@5 99.99, share 49, std_loss 0, 
2021-05-21 23:03:18,573:INFO:[Rank-2] val time 15.2036, epoch 162, step  40, loss 1.03431111, auc@1 75.07, auc@5 92.58
2021-05-21 23:04:01,207:INFO:[Rank-2] train time 42.2858, epoch 163, step  49, loss 0.09836362, auc@1 99.71, auc@5 99.99, share 49, std_loss 0, 
2021-05-21 23:04:16,505:INFO:[Rank-2] val time 15.2964, epoch 163, step  40, loss 1.03261150, auc@1 75.14, auc@5 92.62
2021-05-21 23:04:59,190:INFO:[Rank-2] train time 42.3523, epoch 164, step  49, loss 0.09678855, auc@1 99.74, auc@5 99.99, share 49, std_loss 0, 
2021-05-21 23:05:14,486:INFO:[Rank-2] val time 15.2940, epoch 164, step  40, loss 1.02734400, auc@1 75.15, auc@5 92.62
2021-05-21 23:05:56,978:INFO:[Rank-2] train time 42.0985, epoch 165, step  49, loss 0.09437586, auc@1 99.81, auc@5 100.00, share 49, std_loss 0, 
2021-05-21 23:06:12,346:INFO:[Rank-2] val time 15.3644, epoch 165, step  40, loss 1.02654263, auc@1 75.28, auc@5 92.70
2021-05-21 23:06:55,179:INFO:[Rank-2] train time 42.4008, epoch 166, step  49, loss 0.09443644, auc@1 99.77, auc@5 99.99, share 49, std_loss 0, 
2021-05-21 23:07:10,479:INFO:[Rank-2] val time 15.2966, epoch 166, step  40, loss 1.02693751, auc@1 75.32, auc@5 92.65
2021-05-21 23:07:53,130:INFO:[Rank-2] train time 42.2959, epoch 167, step  49, loss 0.09420318, auc@1 99.79, auc@5 99.99, share 49, std_loss 0, 
2021-05-21 23:08:08,472:INFO:[Rank-2] val time 15.3398, epoch 167, step  40, loss 1.02587683, auc@1 75.06, auc@5 92.71
2021-05-21 23:08:51,081:INFO:[Rank-2] train time 42.3224, epoch 168, step  49, loss 0.09383487, auc@1 99.78, auc@5 99.99, share 49, std_loss 0, 
2021-05-21 23:09:06,278:INFO:[Rank-2] val time 15.1947, epoch 168, step  40, loss 1.02382133, auc@1 75.39, auc@5 92.68
2021-05-21 23:09:49,105:INFO:[Rank-2] train time 42.4131, epoch 169, step  49, loss 0.09183132, auc@1 99.82, auc@5 99.99, share 49, std_loss 0, 
2021-05-21 23:10:04,380:INFO:[Rank-2] val time 15.2723, epoch 169, step  40, loss 1.02520408, auc@1 75.11, auc@5 92.64
2021-05-21 23:10:47,022:INFO:[Rank-2] train time 42.2973, epoch 170, step  49, loss 0.09300692, auc@1 99.80, auc@5 99.99, share 49, std_loss 0, 
2021-05-21 23:11:02,315:INFO:[Rank-2] val time 15.2911, epoch 170, step  40, loss 1.02132580, auc@1 75.47, auc@5 92.74
2021-05-21 23:11:45,128:INFO:[Rank-2] train time 42.4529, epoch 171, step  49, loss 0.09197035, auc@1 99.81, auc@5 99.99, share 49, std_loss 0, 
2021-05-21 23:12:00,351:INFO:[Rank-2] val time 15.2212, epoch 171, step  40, loss 1.02538761, auc@1 75.23, auc@5 92.78
2021-05-21 23:12:43,523:INFO:[Rank-2] train time 42.8624, epoch 172, step  49, loss 0.09188660, auc@1 99.82, auc@5 99.99, share 49, std_loss 0, 
2021-05-21 23:12:58,820:INFO:[Rank-2] val time 15.2956, epoch 172, step  40, loss 1.02443789, auc@1 75.29, auc@5 92.72
2021-05-21 23:13:41,367:INFO:[Rank-2] train time 42.2941, epoch 173, step  49, loss 0.09170118, auc@1 99.81, auc@5 100.00, share 49, std_loss 0, 
2021-05-21 23:13:56,638:INFO:[Rank-2] val time 15.2689, epoch 173, step  40, loss 1.02511103, auc@1 75.27, auc@5 92.66
2021-05-21 23:14:39,547:INFO:[Rank-2] train time 42.5436, epoch 174, step  49, loss 0.08981833, auc@1 99.86, auc@5 99.99, share 49, std_loss 0, 
2021-05-21 23:14:54,927:INFO:[Rank-2] val time 15.3778, epoch 174, step  40, loss 1.02286232, auc@1 75.22, auc@5 92.77
2021-05-21 23:15:38,004:INFO:[Rank-2] train time 42.7170, epoch 175, step  49, loss 0.09047516, auc@1 99.83, auc@5 99.99, share 49, std_loss 0, 
2021-05-21 23:15:53,366:INFO:[Rank-2] val time 15.3600, epoch 175, step  40, loss 1.02333739, auc@1 75.24, auc@5 92.74
2021-05-21 23:16:35,648:INFO:[Rank-2] train time 41.9575, epoch 176, step  49, loss 0.09010421, auc@1 99.84, auc@5 99.99, share 49, std_loss 0, 
2021-05-21 23:16:50,906:INFO:[Rank-2] val time 15.2565, epoch 176, step  40, loss 1.02235619, auc@1 75.24, auc@5 92.82
2021-05-21 23:17:34,036:INFO:[Rank-2] train time 42.7815, epoch 177, step  49, loss 0.09097168, auc@1 99.81, auc@5 99.99, share 49, std_loss 0, 
2021-05-21 23:17:49,320:INFO:[Rank-2] val time 15.2820, epoch 177, step  40, loss 1.02428597, auc@1 75.27, auc@5 92.76
2021-05-21 23:18:31,758:INFO:[Rank-2] train time 42.0669, epoch 178, step  49, loss 0.09064858, auc@1 99.83, auc@5 99.99, share 49, std_loss 0, 
2021-05-21 23:18:47,039:INFO:[Rank-2] val time 15.2791, epoch 178, step  40, loss 1.02584302, auc@1 75.21, auc@5 92.74
2021-05-21 23:19:29,530:INFO:[Rank-2] train time 42.2180, epoch 179, step  49, loss 0.09000822, auc@1 99.84, auc@5 100.00, share 49, std_loss 0, 
2021-05-21 23:19:44,739:INFO:[Rank-2] val time 15.2068, epoch 179, step  40, loss 1.02253517, auc@1 75.24, auc@5 92.75
2021-05-21 23:20:27,347:INFO:[Rank-2] train time 42.3504, epoch 180, step  49, loss 0.09036536, auc@1 99.86, auc@5 99.99, share 49, std_loss 0, 
2021-05-21 23:20:42,616:INFO:[Rank-2] val time 15.2671, epoch 180, step  40, loss 1.02072601, auc@1 75.24, auc@5 92.71
2021-05-21 23:21:25,068:INFO:[Rank-2] train time 42.1047, epoch 181, step  49, loss 0.08918174, auc@1 99.87, auc@5 99.99, share 49, std_loss 0, 
2021-05-21 23:21:40,427:INFO:[Rank-2] val time 15.3565, epoch 181, step  40, loss 1.01936286, auc@1 75.27, auc@5 92.83
2021-05-21 23:22:23,299:INFO:[Rank-2] train time 42.5009, epoch 182, step  49, loss 0.08931034, auc@1 99.86, auc@5 100.00, share 49, std_loss 0, 
2021-05-21 23:22:38,534:INFO:[Rank-2] val time 15.2337, epoch 182, step  40, loss 1.02154891, auc@1 75.39, auc@5 92.68
2021-05-21 23:23:21,500:INFO:[Rank-2] train time 42.5969, epoch 183, step  49, loss 0.08856173, auc@1 99.87, auc@5 100.00, share 49, std_loss 0, 
2021-05-21 23:23:36,816:INFO:[Rank-2] val time 15.3143, epoch 183, step  40, loss 1.02415346, auc@1 75.14, auc@5 92.62
2021-05-21 23:24:19,256:INFO:[Rank-2] train time 42.0948, epoch 184, step  49, loss 0.08880357, auc@1 99.86, auc@5 99.99, share 49, std_loss 0, 
2021-05-21 23:24:34,526:INFO:[Rank-2] val time 15.2682, epoch 184, step  40, loss 1.02065314, auc@1 75.18, auc@5 92.70
2021-05-21 23:25:17,051:INFO:[Rank-2] train time 42.1561, epoch 185, step  49, loss 0.09004813, auc@1 99.84, auc@5 100.00, share 49, std_loss 0, 
2021-05-21 23:25:32,308:INFO:[Rank-2] val time 15.2544, epoch 185, step  40, loss 1.01972337, auc@1 75.34, auc@5 92.66
2021-05-21 23:26:14,723:INFO:[Rank-2] train time 42.0123, epoch 186, step  49, loss 0.08909737, auc@1 99.84, auc@5 99.99, share 49, std_loss 0, 
2021-05-21 23:26:30,024:INFO:[Rank-2] val time 15.2982, epoch 186, step  40, loss 1.02235636, auc@1 75.33, auc@5 92.63
2021-05-21 23:27:12,806:INFO:[Rank-2] train time 42.4133, epoch 187, step  49, loss 0.08848289, auc@1 99.84, auc@5 100.00, share 49, std_loss 0, 
2021-05-21 23:27:28,044:INFO:[Rank-2] val time 15.2357, epoch 187, step  40, loss 1.01913565, auc@1 75.28, auc@5 92.75
2021-05-21 23:28:10,772:INFO:[Rank-2] train time 42.3591, epoch 188, step  49, loss 0.08896043, auc@1 99.83, auc@5 99.99, share 49, std_loss 0, 
2021-05-21 23:28:26,051:INFO:[Rank-2] val time 15.2772, epoch 188, step  40, loss 1.02150201, auc@1 75.25, auc@5 92.78
2021-05-21 23:29:09,035:INFO:[Rank-2] train time 42.5674, epoch 189, step  49, loss 0.08841524, auc@1 99.85, auc@5 100.00, share 49, std_loss 0, 
2021-05-21 23:29:24,188:INFO:[Rank-2] val time 15.1515, epoch 189, step  40, loss 1.02269714, auc@1 75.16, auc@5 92.67
2021-05-21 23:30:06,844:INFO:[Rank-2] train time 42.2838, epoch 190, step  49, loss 0.08856912, auc@1 99.85, auc@5 99.99, share 49, std_loss 0, 
2021-05-21 23:30:22,152:INFO:[Rank-2] val time 15.3054, epoch 190, step  40, loss 1.02055450, auc@1 75.28, auc@5 92.73
2021-05-21 23:31:04,630:INFO:[Rank-2] train time 42.1325, epoch 191, step  49, loss 0.08849423, auc@1 99.87, auc@5 99.99, share 49, std_loss 0, 
2021-05-21 23:31:19,826:INFO:[Rank-2] val time 15.1943, epoch 191, step  40, loss 1.02197225, auc@1 75.26, auc@5 92.79
2021-05-21 23:32:02,648:INFO:[Rank-2] train time 42.4319, epoch 192, step  49, loss 0.08739294, auc@1 99.87, auc@5 99.99, share 49, std_loss 0, 
2021-05-21 23:32:17,847:INFO:[Rank-2] val time 15.1975, epoch 192, step  40, loss 1.02488537, auc@1 75.10, auc@5 92.64
2021-05-21 23:33:00,328:INFO:[Rank-2] train time 42.1297, epoch 193, step  49, loss 0.08850652, auc@1 99.87, auc@5 100.00, share 49, std_loss 0, 
2021-05-21 23:33:15,650:INFO:[Rank-2] val time 15.3200, epoch 193, step  40, loss 1.02243920, auc@1 75.15, auc@5 92.56
2021-05-21 23:33:58,173:INFO:[Rank-2] train time 42.1654, epoch 194, step  49, loss 0.08835440, auc@1 99.87, auc@5 100.00, share 49, std_loss 0, 
2021-05-21 23:34:13,518:INFO:[Rank-2] val time 15.3432, epoch 194, step  40, loss 1.02325368, auc@1 75.06, auc@5 92.75
2021-05-21 23:34:56,029:INFO:[Rank-2] train time 42.1517, epoch 195, step  49, loss 0.08750339, auc@1 99.86, auc@5 99.99, share 49, std_loss 0, 
2021-05-21 23:35:11,329:INFO:[Rank-2] val time 15.2972, epoch 195, step  40, loss 1.02226834, auc@1 75.13, auc@5 92.73
2021-05-21 23:35:53,713:INFO:[Rank-2] train time 42.1076, epoch 196, step  49, loss 0.08815651, auc@1 99.87, auc@5 99.99, share 49, std_loss 0, 
2021-05-21 23:36:09,003:INFO:[Rank-2] val time 15.2884, epoch 196, step  40, loss 1.02135351, auc@1 75.35, auc@5 92.65
2021-05-21 23:36:51,528:INFO:[Rank-2] train time 42.2106, epoch 197, step  49, loss 0.08796947, auc@1 99.88, auc@5 99.99, share 49, std_loss 0, 
2021-05-21 23:37:06,879:INFO:[Rank-2] val time 15.3497, epoch 197, step  40, loss 1.02659232, auc@1 75.01, auc@5 92.63
2021-05-21 23:37:49,054:INFO:[Rank-2] train time 41.8489, epoch 198, step  49, loss 0.08732799, auc@1 99.87, auc@5 99.99, share 49, std_loss 0, 
2021-05-21 23:38:04,369:INFO:[Rank-2] val time 15.3136, epoch 198, step  40, loss 1.02337558, auc@1 75.20, auc@5 92.75
2021-05-21 23:38:46,821:INFO:[Rank-2] train time 42.0348, epoch 199, step  49, loss 0.08757348, auc@1 99.87, auc@5 100.00, share 49, std_loss 0, 
2021-05-21 23:39:02,024:INFO:[Rank-2] val time 15.2010, epoch 199, step  40, loss 1.02473044, auc@1 75.12, auc@5 92.73
2021-05-21 23:39:45,059:INFO:[Rank-2] train time 42.6541, epoch 200, step  49, loss 0.08747336, auc@1 99.87, auc@5 100.00, share 49, std_loss 0, 
2021-05-21 23:40:00,243:INFO:[Rank-2] val time 15.1814, epoch 200, step  40, loss 1.02433362, auc@1 75.07, auc@5 92.77
2021-05-21 23:40:00,243:INFO:[Rank-2] finish, train+val 11590.41777, train 8536.98919, reduce_count 9800
