2021-06-02 02:29:30,663:INFO:[Rank-3] args : Namespace(batch=1024, current_time='20210601_232419', dataset='cifar100', epochs=200, ip='192.168.1.1:7548', k=8, loss_std_gap_rate=1.0, lr=0.05, momentum=0.6, name='loss', rank=3, scheduler_step=80, train_type='async2', weight_decay=0.0005, world=4)
2021-06-02 02:30:11,018:INFO:[Rank-3] train time 38.2137, epoch   1, step  49, loss 4.70290661, auc@1 2.93, auc@5 11.65, share 0, std_loss 0, pre_std_loss 0, 
2021-06-02 02:30:26,243:INFO:[Rank-3] val time 15.2223, epoch   1, step  40, loss 4.26743009, auc@1 5.61, auc@5 18.89
2021-06-02 02:31:04,714:INFO:[Rank-3] train time 37.4956, epoch   2, step  49, loss 4.18305635, auc@1 6.25, auc@5 22.44, share 0, std_loss 0, pre_std_loss 0, 
2021-06-02 02:31:19,693:INFO:[Rank-3] val time 14.9775, epoch   2, step  40, loss 4.09564106, auc@1 7.66, auc@5 26.98
2021-06-02 02:31:58,454:INFO:[Rank-3] train time 37.6657, epoch   3, step  49, loss 3.97587276, auc@1 8.55, auc@5 28.23, share 0, std_loss 0, pre_std_loss 0, 
2021-06-02 02:32:14,143:INFO:[Rank-3] val time 15.6867, epoch   3, step  40, loss 4.93707415, auc@1 9.28, auc@5 31.42
2021-06-02 02:32:52,357:INFO:[Rank-3] train time 37.3173, epoch   4, step  49, loss 3.84274936, auc@1 10.17, auc@5 32.51, share 0, std_loss 0, pre_std_loss 0, 
2021-06-02 02:33:07,939:INFO:[Rank-3] val time 15.5802, epoch   4, step  40, loss 3.75393970, auc@1 12.18, auc@5 35.30
2021-06-02 02:33:46,154:INFO:[Rank-3] train time 37.3832, epoch   5, step  49, loss 3.72561479, auc@1 12.01, auc@5 35.86, share 0, std_loss 0, pre_std_loss 0, 
2021-06-02 02:34:01,303:INFO:[Rank-3] val time 15.1465, epoch   5, step  40, loss 3.63806888, auc@1 14.30, auc@5 38.27
2021-06-02 02:34:40,218:INFO:[Rank-3] train time 37.1971, epoch   6, step  49, loss 3.62082386, auc@1 13.74, auc@5 38.82, share 0, std_loss 0, pre_std_loss 0, 
2021-06-02 02:34:55,597:INFO:[Rank-3] val time 15.3763, epoch   6, step  40, loss 3.50028977, auc@1 16.31, auc@5 43.09
2021-06-02 02:35:34,036:INFO:[Rank-3] train time 37.3334, epoch   7, step  49, loss 3.51416349, auc@1 15.47, auc@5 42.22, share 0, std_loss 0, pre_std_loss 0, 
2021-06-02 02:35:49,322:INFO:[Rank-3] val time 15.2848, epoch   7, step  40, loss 3.77250478, auc@1 16.62, auc@5 43.68
2021-06-02 02:36:27,771:INFO:[Rank-3] train time 37.1968, epoch   8, step  49, loss 3.40473223, auc@1 17.48, auc@5 45.14, share 0, std_loss 0, pre_std_loss 0, 
2021-06-02 02:36:42,770:INFO:[Rank-3] val time 14.9969, epoch   8, step  40, loss 3.72325471, auc@1 19.46, auc@5 46.81
2021-06-02 02:37:21,310:INFO:[Rank-3] train time 37.8522, epoch   9, step  49, loss 3.30744600, auc@1 19.10, auc@5 47.75, share 0, std_loss 0, pre_std_loss 0, 
2021-06-02 02:37:36,550:INFO:[Rank-3] val time 15.2389, epoch   9, step  40, loss 3.57185410, auc@1 19.41, auc@5 46.44
2021-06-02 02:38:15,042:INFO:[Rank-3] train time 37.6185, epoch  10, step  49, loss 3.21487188, auc@1 20.68, auc@5 50.07, share 0, std_loss 0, pre_std_loss 0, 
2021-06-02 02:38:30,298:INFO:[Rank-3] val time 15.2545, epoch  10, step  40, loss 3.19712377, auc@1 21.59, auc@5 51.31
2021-06-02 02:39:08,667:INFO:[Rank-3] train time 37.6148, epoch  11, step  49, loss 3.12999249, auc@1 22.14, auc@5 52.36, share 0, std_loss 0, pre_std_loss 0, 
2021-06-02 02:39:24,341:INFO:[Rank-3] val time 15.6727, epoch  11, step  40, loss 3.21881681, auc@1 23.59, auc@5 53.29
2021-06-02 02:40:02,581:INFO:[Rank-3] train time 37.7453, epoch  12, step  49, loss 3.03965569, auc@1 23.87, auc@5 54.67, share 0, std_loss 0, pre_std_loss 0, 
2021-06-02 02:40:17,858:INFO:[Rank-3] val time 15.2751, epoch  12, step  40, loss 3.04106790, auc@1 24.45, auc@5 54.45
2021-06-02 02:40:56,035:INFO:[Rank-3] train time 37.4065, epoch  13, step  49, loss 2.96239877, auc@1 25.49, auc@5 56.56, share 0, std_loss 0, pre_std_loss 0, 
2021-06-02 02:41:11,258:INFO:[Rank-3] val time 15.2221, epoch  13, step  40, loss 3.11701993, auc@1 26.76, auc@5 57.26
2021-06-02 02:41:49,622:INFO:[Rank-3] train time 37.2560, epoch  14, step  49, loss 2.87845230, auc@1 26.61, auc@5 59.01, share 0, std_loss 0, pre_std_loss 0, 
2021-06-02 02:42:04,673:INFO:[Rank-3] val time 15.0487, epoch  14, step  40, loss 3.03481844, auc@1 27.07, auc@5 58.31
2021-06-02 02:42:42,953:INFO:[Rank-3] train time 37.3339, epoch  15, step  49, loss 2.80796814, auc@1 28.22, auc@5 60.56, share 0, std_loss 0, pre_std_loss 0, 
2021-06-02 02:42:58,294:INFO:[Rank-3] val time 15.3385, epoch  15, step  40, loss 2.90801599, auc@1 29.56, auc@5 61.03
2021-06-02 02:43:36,574:INFO:[Rank-3] train time 37.6215, epoch  16, step  49, loss 2.71838593, auc@1 30.07, auc@5 62.64, share 0, std_loss 0, pre_std_loss 0, 
2021-06-02 02:43:51,874:INFO:[Rank-3] val time 15.2980, epoch  16, step  40, loss 2.74062189, auc@1 30.72, auc@5 61.89
2021-06-02 02:44:30,127:INFO:[Rank-3] train time 37.2371, epoch  17, step  49, loss 2.64033413, auc@1 31.25, auc@5 64.69, share 0, std_loss 0, pre_std_loss 0, 
2021-06-02 02:44:45,321:INFO:[Rank-3] val time 15.1917, epoch  17, step  40, loss 2.63186831, auc@1 32.85, auc@5 65.93
2021-06-02 02:45:23,431:INFO:[Rank-3] train time 37.2391, epoch  18, step  49, loss 2.56990194, auc@1 32.91, auc@5 66.11, share 0, std_loss 0, pre_std_loss 0, 
2021-06-02 02:45:38,752:INFO:[Rank-3] val time 15.3192, epoch  18, step  40, loss 2.60061391, auc@1 32.89, auc@5 65.69
2021-06-02 02:46:17,268:INFO:[Rank-3] train time 37.4836, epoch  19, step  49, loss 2.50497270, auc@1 34.24, auc@5 67.62, share 0, std_loss 0, pre_std_loss 0, 
2021-06-02 02:46:32,911:INFO:[Rank-3] val time 15.6410, epoch  19, step  40, loss 2.60436379, auc@1 33.73, auc@5 66.07
2021-06-02 02:47:11,093:INFO:[Rank-3] train time 37.5460, epoch  20, step  49, loss 2.43425918, auc@1 35.67, auc@5 69.24, share 0, std_loss 0, pre_std_loss 0, 
2021-06-02 02:47:26,197:INFO:[Rank-3] val time 15.1011, epoch  20, step  40, loss 2.52129471, auc@1 35.65, auc@5 67.98
2021-06-02 02:48:04,612:INFO:[Rank-3] train time 37.6920, epoch  21, step  49, loss 2.36715555, auc@1 37.03, auc@5 70.65, share 0, std_loss 0, pre_std_loss 0, 
2021-06-02 02:48:19,974:INFO:[Rank-3] val time 15.3607, epoch  21, step  40, loss 2.52721306, auc@1 35.78, auc@5 67.43
2021-06-02 02:48:58,562:INFO:[Rank-3] train time 37.7848, epoch  22, step  49, loss 2.30237746, auc@1 38.37, auc@5 71.97, share 0, std_loss 0, pre_std_loss 0, 
2021-06-02 02:49:13,963:INFO:[Rank-3] val time 15.3985, epoch  22, step  40, loss 2.38563173, auc@1 37.70, auc@5 70.55
2021-06-02 02:49:52,642:INFO:[Rank-3] train time 37.5901, epoch  23, step  49, loss 2.25241089, auc@1 39.36, auc@5 73.10, share 0, std_loss 0, pre_std_loss 0, 
2021-06-02 02:50:07,986:INFO:[Rank-3] val time 15.3408, epoch  23, step  40, loss 2.37098689, auc@1 38.32, auc@5 71.21
2021-06-02 02:50:46,413:INFO:[Rank-3] train time 37.5262, epoch  24, step  49, loss 2.18694282, auc@1 40.51, auc@5 74.36, share 0, std_loss 0, pre_std_loss 0, 
2021-06-02 02:51:01,645:INFO:[Rank-3] val time 15.2297, epoch  24, step  40, loss 2.28510454, auc@1 39.86, auc@5 72.35
2021-06-02 02:51:39,962:INFO:[Rank-3] train time 37.6202, epoch  25, step  49, loss 2.13332629, auc@1 41.92, auc@5 75.53, share 0, std_loss 0, pre_std_loss 0, 
2021-06-02 02:51:55,248:INFO:[Rank-3] val time 15.2839, epoch  25, step  40, loss 2.34725104, auc@1 38.43, auc@5 70.16
2021-06-02 02:52:33,793:INFO:[Rank-3] train time 37.6849, epoch  26, step  49, loss 2.08249712, auc@1 43.17, auc@5 76.30, share 0, std_loss 0, pre_std_loss 0, 
2021-06-02 02:52:48,932:INFO:[Rank-3] val time 15.1364, epoch  26, step  40, loss 2.28228769, auc@1 40.24, auc@5 72.99
2021-06-02 02:53:27,672:INFO:[Rank-3] train time 37.7412, epoch  27, step  49, loss 2.03838515, auc@1 44.43, auc@5 77.40, share 0, std_loss 0, pre_std_loss 0, 
2021-06-02 02:53:42,948:INFO:[Rank-3] val time 15.2742, epoch  27, step  40, loss 2.11092561, auc@1 43.43, auc@5 75.94
2021-06-02 02:54:21,401:INFO:[Rank-3] train time 37.5740, epoch  28, step  49, loss 1.98257279, auc@1 45.63, auc@5 78.46, share 0, std_loss 0, pre_std_loss 0, 
2021-06-02 02:54:36,509:INFO:[Rank-3] val time 15.1064, epoch  28, step  40, loss 2.24133154, auc@1 42.05, auc@5 73.22
2021-06-02 02:55:14,853:INFO:[Rank-3] train time 37.8686, epoch  29, step  49, loss 1.94399810, auc@1 46.39, auc@5 79.10, share 0, std_loss 0, pre_std_loss 0, 
2021-06-02 02:55:30,123:INFO:[Rank-3] val time 15.2676, epoch  29, step  40, loss 2.29612610, auc@1 40.21, auc@5 73.46
2021-06-02 02:56:08,281:INFO:[Rank-3] train time 37.1277, epoch  30, step  49, loss 1.89375651, auc@1 47.74, auc@5 79.94, share 0, std_loss 0, pre_std_loss 0, 
2021-06-02 02:56:23,742:INFO:[Rank-3] val time 15.4578, epoch  30, step  40, loss 2.27483705, auc@1 41.80, auc@5 74.80
2021-06-02 02:57:02,087:INFO:[Rank-3] train time 37.5807, epoch  31, step  49, loss 1.85913908, auc@1 48.26, auc@5 80.76, share 0, std_loss 0, pre_std_loss 0, 
2021-06-02 02:57:17,207:INFO:[Rank-3] val time 15.1177, epoch  31, step  40, loss 1.97668283, auc@1 45.81, auc@5 78.25
2021-06-02 02:57:55,810:INFO:[Rank-3] train time 37.7129, epoch  32, step  49, loss 1.80757427, auc@1 49.96, auc@5 81.52, share 0, std_loss 0, pre_std_loss 0, 
2021-06-02 02:58:11,050:INFO:[Rank-3] val time 15.2377, epoch  32, step  40, loss 1.92918199, auc@1 46.99, auc@5 78.94
2021-06-02 02:58:50,826:INFO:[Rank-3] train time 37.0121, epoch  33, step  49, loss 1.83792949, auc@1 48.95, auc@5 81.14, share 0, std_loss 0, pre_std_loss 0, 
2021-06-02 02:59:06,044:INFO:[Rank-3] val time 15.2162, epoch  33, step  40, loss 2.17079929, auc@1 43.44, auc@5 76.07
2021-06-02 02:59:46,030:INFO:[Rank-3] train time 36.5304, epoch  34, step  49, loss 1.76303983, auc@1 50.76, auc@5 82.17, share 0, std_loss 0, pre_std_loss 0, 
2021-06-02 03:00:01,221:INFO:[Rank-3] val time 15.1889, epoch  34, step  40, loss 2.22203096, auc@1 42.68, auc@5 74.46
2021-06-02 03:00:40,799:INFO:[Rank-3] train time 36.7555, epoch  35, step  49, loss 1.72635722, auc@1 51.41, auc@5 83.00, share 0, std_loss 0, pre_std_loss 0, 
2021-06-02 03:00:56,453:INFO:[Rank-3] val time 15.6523, epoch  35, step  40, loss 2.22877474, auc@1 45.19, auc@5 76.21
2021-06-02 03:01:35,144:INFO:[Rank-3] train time 37.0718, epoch  36, step  49, loss 1.68742156, auc@1 52.52, auc@5 83.71, share 0, std_loss 0, pre_std_loss 0, 
2021-06-02 03:01:50,291:INFO:[Rank-3] val time 15.1452, epoch  36, step  40, loss 1.97765051, auc@1 46.83, auc@5 78.90
2021-06-02 03:02:29,906:INFO:[Rank-3] train time 37.1335, epoch  37, step  49, loss 1.65600502, auc@1 53.23, auc@5 84.25, share 0, std_loss 0, pre_std_loss 0, 
2021-06-02 03:02:44,714:INFO:[Rank-3] val time 14.8059, epoch  37, step  40, loss 2.00532939, auc@1 47.11, auc@5 78.05
2021-06-02 03:03:23,975:INFO:[Rank-3] train time 37.0616, epoch  38, step  49, loss 1.61623597, auc@1 54.29, auc@5 84.89, share 0, std_loss 0, pre_std_loss 0, 
2021-06-02 03:03:38,834:INFO:[Rank-3] val time 14.8562, epoch  38, step  40, loss 1.99454552, auc@1 47.24, auc@5 79.31
2021-06-02 03:04:18,745:INFO:[Rank-3] train time 37.5043, epoch  39, step  49, loss 1.58554161, auc@1 55.14, auc@5 85.31, share 0, std_loss 0, pre_std_loss 0, 
2021-06-02 03:04:33,544:INFO:[Rank-3] val time 14.7967, epoch  39, step  40, loss 1.96521799, auc@1 48.07, auc@5 79.89
2021-06-02 03:05:12,764:INFO:[Rank-3] train time 36.5236, epoch  40, step  49, loss 1.55784941, auc@1 55.83, auc@5 85.63, share 0, std_loss 0, pre_std_loss 0, 
2021-06-02 03:05:27,781:INFO:[Rank-3] val time 15.0146, epoch  40, step  40, loss 1.91159253, auc@1 49.43, auc@5 79.40
2021-06-02 03:06:07,260:INFO:[Rank-3] train time 37.0578, epoch  41, step  49, loss 1.53621697, auc@1 56.21, auc@5 86.21, share 0, std_loss 0, pre_std_loss 0, 
2021-06-02 03:06:22,229:INFO:[Rank-3] val time 14.9663, epoch  41, step  40, loss 1.79362141, auc@1 51.13, auc@5 81.41
2021-06-02 03:07:01,370:INFO:[Rank-3] train time 36.9869, epoch  42, step  49, loss 1.53716469, auc@1 56.32, auc@5 86.03, share 0, std_loss 0, pre_std_loss 0, 
2021-06-02 03:07:16,382:INFO:[Rank-3] val time 15.0096, epoch  42, step  40, loss 1.91161987, auc@1 48.84, auc@5 80.54
2021-06-02 03:07:55,521:INFO:[Rank-3] train time 37.0131, epoch  43, step  49, loss 1.48783863, auc@1 57.69, auc@5 86.91, share 0, std_loss 0, pre_std_loss 0, 
2021-06-02 03:08:10,297:INFO:[Rank-3] val time 14.7735, epoch  43, step  40, loss 1.89244208, auc@1 50.07, auc@5 80.11
2021-06-02 03:08:49,627:INFO:[Rank-3] train time 36.7076, epoch  44, step  49, loss 1.46331847, auc@1 57.90, auc@5 87.12, share 0, std_loss 0, pre_std_loss 0, 
2021-06-02 03:09:04,583:INFO:[Rank-3] val time 14.9538, epoch  44, step  40, loss 1.69720904, auc@1 54.24, auc@5 83.08
2021-06-02 03:09:43,787:INFO:[Rank-3] train time 36.6789, epoch  45, step  49, loss 1.43931818, auc@1 58.69, auc@5 87.58, share 0, std_loss 0, pre_std_loss 0, 
2021-06-02 03:09:59,004:INFO:[Rank-3] val time 15.2144, epoch  45, step  40, loss 1.67985119, auc@1 53.68, auc@5 83.08
2021-06-02 03:10:38,425:INFO:[Rank-3] train time 38.0032, epoch  46, step  49, loss 1.41653240, auc@1 59.47, auc@5 87.96, share 0, std_loss 0, pre_std_loss 0, 
2021-06-02 03:10:53,657:INFO:[Rank-3] val time 15.2298, epoch  46, step  40, loss 1.85541840, auc@1 51.27, auc@5 81.23
2021-06-02 03:11:32,191:INFO:[Rank-3] train time 37.6147, epoch  47, step  49, loss 1.39116824, auc@1 60.13, auc@5 88.39, share 0, std_loss 0, pre_std_loss 0, 
2021-06-02 03:11:47,449:INFO:[Rank-3] val time 15.2551, epoch  47, step  40, loss 1.71711596, auc@1 53.76, auc@5 83.08
2021-06-02 03:12:25,634:INFO:[Rank-3] train time 37.4654, epoch  48, step  49, loss 1.36927283, auc@1 60.39, auc@5 88.52, share 0, std_loss 0, pre_std_loss 0, 
2021-06-02 03:12:40,985:INFO:[Rank-3] val time 15.3494, epoch  48, step  40, loss 2.04229557, auc@1 51.87, auc@5 81.49
2021-06-02 03:13:19,665:INFO:[Rank-3] train time 37.6123, epoch  49, step  49, loss 1.35110843, auc@1 61.07, auc@5 88.91, share 0, std_loss 0, pre_std_loss 0, 
2021-06-02 03:13:34,767:INFO:[Rank-3] val time 15.1002, epoch  49, step  40, loss 1.63230351, auc@1 55.30, auc@5 84.51
2021-06-02 03:14:13,829:INFO:[Rank-3] train time 37.8521, epoch  50, step  49, loss 1.32487845, auc@1 61.75, auc@5 89.22, share 0, std_loss 0, pre_std_loss 0, 
2021-06-02 03:14:29,209:INFO:[Rank-3] val time 15.3791, epoch  50, step  40, loss 1.66938403, auc@1 54.77, auc@5 83.89
2021-06-02 03:15:07,539:INFO:[Rank-3] train time 37.5326, epoch  51, step  49, loss 1.31455076, auc@1 61.90, auc@5 89.41, share 0, std_loss 0, pre_std_loss 0, 
2021-06-02 03:15:22,760:INFO:[Rank-3] val time 15.2184, epoch  51, step  40, loss 1.66217426, auc@1 55.12, auc@5 84.50
2021-06-02 03:16:01,319:INFO:[Rank-3] train time 37.5775, epoch  52, step  49, loss 1.28764653, auc@1 62.56, auc@5 89.81, share 0, std_loss 0, pre_std_loss 0, 
2021-06-02 03:16:16,752:INFO:[Rank-3] val time 15.4304, epoch  52, step  40, loss 1.95661867, auc@1 52.56, auc@5 81.53
2021-06-02 03:16:55,091:INFO:[Rank-3] train time 37.4566, epoch  53, step  49, loss 1.26579595, auc@1 63.21, auc@5 90.00, share 0, std_loss 0, pre_std_loss 0, 
2021-06-02 03:17:10,227:INFO:[Rank-3] val time 15.1348, epoch  53, step  40, loss 1.63294201, auc@1 55.47, auc@5 84.13
2021-06-02 03:17:48,648:INFO:[Rank-3] train time 37.4125, epoch  54, step  49, loss 1.25104964, auc@1 63.63, auc@5 90.15, share 0, std_loss 0, pre_std_loss 0, 
2021-06-02 03:18:03,947:INFO:[Rank-3] val time 15.2976, epoch  54, step  40, loss 1.61292018, auc@1 56.10, auc@5 84.51
2021-06-02 03:18:42,207:INFO:[Rank-3] train time 37.5694, epoch  55, step  49, loss 1.22898567, auc@1 63.95, auc@5 90.79, share 0, std_loss 0, pre_std_loss 0, 
2021-06-02 03:18:57,752:INFO:[Rank-3] val time 15.5428, epoch  55, step  40, loss 1.73074254, auc@1 54.94, auc@5 84.13
2021-06-02 03:19:35,832:INFO:[Rank-3] train time 37.2603, epoch  56, step  49, loss 1.21019316, auc@1 64.70, auc@5 90.67, share 0, std_loss 0, pre_std_loss 0, 
2021-06-02 03:19:51,191:INFO:[Rank-3] val time 15.3562, epoch  56, step  40, loss 1.67874503, auc@1 55.82, auc@5 83.81
2021-06-02 03:20:30,137:INFO:[Rank-3] train time 37.3894, epoch  57, step  49, loss 1.19504666, auc@1 64.77, auc@5 91.10, share 0, std_loss 0, pre_std_loss 0, 
2021-06-02 03:20:45,303:INFO:[Rank-3] val time 15.1646, epoch  57, step  40, loss 1.53537588, auc@1 58.49, auc@5 85.74
2021-06-02 03:21:23,701:INFO:[Rank-3] train time 37.5093, epoch  58, step  49, loss 1.17430091, auc@1 65.68, auc@5 91.41, share 0, std_loss 0, pre_std_loss 0, 
2021-06-02 03:21:39,018:INFO:[Rank-3] val time 15.3149, epoch  58, step  40, loss 1.65563954, auc@1 56.05, auc@5 83.98
2021-06-02 03:22:17,211:INFO:[Rank-3] train time 37.3416, epoch  59, step  49, loss 1.16031718, auc@1 65.95, auc@5 91.50, share 0, std_loss 0, pre_std_loss 0, 
2021-06-02 03:22:32,676:INFO:[Rank-3] val time 15.4627, epoch  59, step  40, loss 1.61142754, auc@1 57.04, auc@5 85.32
2021-06-02 03:23:11,060:INFO:[Rank-3] train time 37.5350, epoch  60, step  49, loss 1.16116083, auc@1 65.85, auc@5 91.44, share 0, std_loss 0, pre_std_loss 0, 
2021-06-02 03:23:26,252:INFO:[Rank-3] val time 15.1901, epoch  60, step  40, loss 1.80163740, auc@1 53.25, auc@5 82.88
2021-06-02 03:24:04,758:INFO:[Rank-3] train time 37.7599, epoch  61, step  49, loss 1.13289559, auc@1 66.52, auc@5 91.86, share 0, std_loss 0, pre_std_loss 0, 
2021-06-02 03:24:19,969:INFO:[Rank-3] val time 15.2100, epoch  61, step  40, loss 1.64565792, auc@1 56.17, auc@5 85.15
2021-06-02 03:24:58,381:INFO:[Rank-3] train time 37.8202, epoch  62, step  49, loss 1.10999250, auc@1 67.43, auc@5 92.24, share 0, std_loss 0, pre_std_loss 0, 
2021-06-02 03:25:13,796:INFO:[Rank-3] val time 15.4125, epoch  62, step  40, loss 1.64744772, auc@1 55.93, auc@5 84.76
2021-06-02 03:25:52,501:INFO:[Rank-3] train time 37.8247, epoch  63, step  49, loss 1.10142708, auc@1 67.34, auc@5 92.12, share 0, std_loss 0, pre_std_loss 0, 
2021-06-02 03:26:07,988:INFO:[Rank-3] val time 15.4851, epoch  63, step  40, loss 1.59029654, auc@1 57.51, auc@5 84.73
2021-06-02 03:26:46,502:INFO:[Rank-3] train time 37.5421, epoch  64, step  49, loss 1.08888578, auc@1 67.84, auc@5 92.34, share 0, std_loss 0, pre_std_loss 0, 
2021-06-02 03:27:01,799:INFO:[Rank-3] val time 15.2950, epoch  64, step  40, loss 1.59377846, auc@1 57.84, auc@5 85.99
2021-06-02 03:27:40,383:INFO:[Rank-3] train time 37.5990, epoch  65, step  49, loss 1.07216442, auc@1 68.41, auc@5 92.63, share 0, std_loss 0, pre_std_loss 0, 
2021-06-02 03:27:55,586:INFO:[Rank-3] val time 15.2016, epoch  65, step  40, loss 1.59249552, auc@1 57.87, auc@5 85.40
2021-06-02 03:28:33,887:INFO:[Rank-3] train time 37.4378, epoch  66, step  49, loss 1.06010449, auc@1 68.46, auc@5 92.81, share 0, std_loss 0, pre_std_loss 0, 
2021-06-02 03:28:49,210:INFO:[Rank-3] val time 15.3202, epoch  66, step  40, loss 1.59545331, auc@1 57.49, auc@5 85.45
2021-06-02 03:29:27,699:INFO:[Rank-3] train time 37.7690, epoch  67, step  49, loss 1.03981626, auc@1 69.21, auc@5 93.02, share 0, std_loss 0, pre_std_loss 0, 
2021-06-02 03:29:43,161:INFO:[Rank-3] val time 15.4600, epoch  67, step  40, loss 1.82799581, auc@1 54.48, auc@5 83.09
2021-06-02 03:30:21,667:INFO:[Rank-3] train time 37.6332, epoch  68, step  49, loss 1.03133345, auc@1 69.30, auc@5 93.14, share 0, std_loss 0, pre_std_loss 0, 
2021-06-02 03:30:36,897:INFO:[Rank-3] val time 15.2285, epoch  68, step  40, loss 1.69851398, auc@1 57.01, auc@5 84.73
2021-06-02 03:31:15,291:INFO:[Rank-3] train time 37.7241, epoch  69, step  49, loss 1.01791549, auc@1 69.84, auc@5 93.28, share 0, std_loss 0, pre_std_loss 0, 
2021-06-02 03:31:30,531:INFO:[Rank-3] val time 15.2389, epoch  69, step  40, loss 1.48211516, auc@1 60.27, auc@5 86.91
2021-06-02 03:32:09,139:INFO:[Rank-3] train time 37.5157, epoch  70, step  49, loss 1.01067829, auc@1 69.97, auc@5 93.41, share 0, std_loss 0, pre_std_loss 0, 
2021-06-02 03:32:24,323:INFO:[Rank-3] val time 15.1824, epoch  70, step  40, loss 1.61464639, auc@1 57.48, auc@5 84.81
2021-06-02 03:33:02,761:INFO:[Rank-3] train time 37.3983, epoch  71, step  49, loss 0.98716640, auc@1 70.73, auc@5 93.62, share 0, std_loss 0, pre_std_loss 0, 
2021-06-02 03:33:18,298:INFO:[Rank-3] val time 15.5344, epoch  71, step  40, loss 1.47141041, auc@1 60.96, auc@5 87.17
2021-06-02 03:33:56,932:INFO:[Rank-3] train time 37.9331, epoch  72, step  49, loss 0.97275221, auc@1 70.92, auc@5 93.79, share 0, std_loss 0, pre_std_loss 0, 
2021-06-02 03:34:12,347:INFO:[Rank-3] val time 15.4123, epoch  72, step  40, loss 1.51699177, auc@1 60.27, auc@5 86.64
2021-06-02 03:34:50,936:INFO:[Rank-3] train time 37.5749, epoch  73, step  49, loss 0.97129953, auc@1 70.96, auc@5 93.66, share 0, std_loss 0, pre_std_loss 0, 
2021-06-02 03:35:06,128:INFO:[Rank-3] val time 15.1904, epoch  73, step  40, loss 1.58506247, auc@1 58.76, auc@5 85.57
2021-06-02 03:35:44,576:INFO:[Rank-3] train time 37.6337, epoch  74, step  49, loss 0.95437580, auc@1 71.35, auc@5 93.97, share 0, std_loss 0, pre_std_loss 0, 
2021-06-02 03:35:59,984:INFO:[Rank-3] val time 15.4064, epoch  74, step  40, loss 1.70753951, auc@1 57.14, auc@5 85.02
2021-06-02 03:36:38,392:INFO:[Rank-3] train time 37.5697, epoch  75, step  49, loss 0.93821937, auc@1 71.82, auc@5 94.12, share 0, std_loss 0, pre_std_loss 0, 
2021-06-02 03:36:53,627:INFO:[Rank-3] val time 15.2328, epoch  75, step  40, loss 1.55935482, auc@1 58.74, auc@5 85.97
2021-06-02 03:37:31,942:INFO:[Rank-3] train time 37.6055, epoch  76, step  49, loss 0.92446584, auc@1 72.19, auc@5 94.23, share 0, std_loss 0, pre_std_loss 0, 
2021-06-02 03:37:47,521:INFO:[Rank-3] val time 15.5774, epoch  76, step  40, loss 1.77064043, auc@1 55.91, auc@5 84.73
2021-06-02 03:38:26,118:INFO:[Rank-3] train time 37.5439, epoch  77, step  49, loss 0.91325086, auc@1 72.72, auc@5 94.48, share 0, std_loss 0, pre_std_loss 0, 
2021-06-02 03:38:41,408:INFO:[Rank-3] val time 15.2869, epoch  77, step  40, loss 1.59445344, auc@1 59.52, auc@5 86.60
2021-06-02 03:39:19,916:INFO:[Rank-3] train time 37.6329, epoch  78, step  49, loss 0.90521830, auc@1 72.72, auc@5 94.47, share 0, std_loss 0, pre_std_loss 0, 
2021-06-02 03:39:35,345:INFO:[Rank-3] val time 15.4266, epoch  78, step  40, loss 1.61194186, auc@1 58.76, auc@5 85.91
2021-06-02 03:40:14,924:INFO:[Rank-3] train time 38.1040, epoch  79, step  49, loss 0.90069836, auc@1 72.76, auc@5 94.56, share 0, std_loss 0, pre_std_loss 0, 
2021-06-02 03:40:30,441:INFO:[Rank-3] val time 15.5159, epoch  79, step  40, loss 1.53193994, auc@1 60.22, auc@5 87.03
2021-06-02 03:41:09,858:INFO:[Rank-3] train time 37.7962, epoch  80, step  49, loss 0.88153249, auc@1 73.45, auc@5 94.70, share 0, std_loss 0, pre_std_loss 0, 
2021-06-02 03:41:25,205:INFO:[Rank-3] val time 15.3453, epoch  80, step  40, loss 1.47024778, auc@1 60.69, auc@5 87.57
2021-06-02 03:42:03,562:INFO:[Rank-3] train time 37.4659, epoch  81, step  49, loss 0.87562686, auc@1 73.45, auc@5 94.88, share 0, std_loss 0, pre_std_loss 0, 
2021-06-02 03:42:18,987:INFO:[Rank-3] val time 15.4224, epoch  81, step  40, loss 1.40618793, auc@1 62.44, auc@5 88.26
2021-06-02 03:42:57,704:INFO:[Rank-3] train time 37.7694, epoch  82, step  49, loss 0.86286014, auc@1 74.14, auc@5 94.90, share 0, std_loss 0, pre_std_loss 0, 
2021-06-02 03:43:13,497:INFO:[Rank-3] val time 15.7914, epoch  82, step  40, loss 1.60937763, auc@1 59.00, auc@5 86.26
2021-06-02 03:43:52,499:INFO:[Rank-3] train time 38.2674, epoch  83, step  49, loss 0.86133969, auc@1 74.00, auc@5 95.13, share 0, std_loss 0, pre_std_loss 0, 
2021-06-02 03:44:07,845:INFO:[Rank-3] val time 15.3438, epoch  83, step  40, loss 1.48892026, auc@1 61.30, auc@5 87.47
2021-06-02 03:44:46,425:INFO:[Rank-3] train time 37.7540, epoch  84, step  49, loss 0.85975999, auc@1 74.02, auc@5 95.09, share 0, std_loss 0, pre_std_loss 0, 
2021-06-02 03:45:01,708:INFO:[Rank-3] val time 15.2816, epoch  84, step  40, loss 1.61129978, auc@1 59.19, auc@5 85.66
2021-06-02 03:45:40,453:INFO:[Rank-3] train time 37.5623, epoch  85, step  49, loss 0.83269906, auc@1 74.73, auc@5 95.34, share 0, std_loss 0, pre_std_loss 0, 
2021-06-02 03:45:55,744:INFO:[Rank-3] val time 15.2891, epoch  85, step  40, loss 1.44864069, auc@1 62.55, auc@5 87.98
2021-06-02 03:46:34,469:INFO:[Rank-3] train time 37.6816, epoch  86, step  49, loss 0.81793678, auc@1 75.03, auc@5 95.46, share 0, std_loss 0, pre_std_loss 0, 
2021-06-02 03:46:49,669:INFO:[Rank-3] val time 15.1988, epoch  86, step  40, loss 1.51458866, auc@1 60.82, auc@5 87.58
2021-06-02 03:47:28,255:INFO:[Rank-3] train time 37.8867, epoch  87, step  49, loss 0.82089221, auc@1 74.82, auc@5 95.36, share 0, std_loss 0, pre_std_loss 0, 
2021-06-02 03:47:43,497:INFO:[Rank-3] val time 15.2398, epoch  87, step  40, loss 1.53899262, auc@1 60.07, auc@5 87.00
2021-06-02 03:48:21,969:INFO:[Rank-3] train time 37.8403, epoch  88, step  49, loss 0.80729628, auc@1 75.42, auc@5 95.53, share 0, std_loss 0, pre_std_loss 0, 
2021-06-02 03:48:37,238:INFO:[Rank-3] val time 15.2666, epoch  88, step  40, loss 1.45624902, auc@1 61.70, auc@5 88.38
2021-06-02 03:49:15,789:INFO:[Rank-3] train time 37.4580, epoch  89, step  49, loss 0.79510784, auc@1 75.81, auc@5 95.66, share 0, std_loss 0, pre_std_loss 0, 
2021-06-02 03:49:31,038:INFO:[Rank-3] val time 15.2475, epoch  89, step  40, loss 1.47597353, auc@1 61.45, auc@5 87.33
2021-06-02 03:50:09,685:INFO:[Rank-3] train time 37.6646, epoch  90, step  49, loss 0.78568435, auc@1 76.18, auc@5 95.75, share 0, std_loss 0, pre_std_loss 0, 
2021-06-02 03:50:24,808:INFO:[Rank-3] val time 15.1204, epoch  90, step  40, loss 1.62058775, auc@1 60.57, auc@5 86.64
2021-06-02 03:51:03,866:INFO:[Rank-3] train time 37.6446, epoch  91, step  49, loss 0.77656937, auc@1 76.31, auc@5 95.96, share 0, std_loss 0, pre_std_loss 0, 
2021-06-02 03:51:18,931:INFO:[Rank-3] val time 15.0635, epoch  91, step  40, loss 1.56185372, auc@1 60.52, auc@5 86.74
2021-06-02 03:51:57,917:INFO:[Rank-3] train time 37.8187, epoch  92, step  49, loss 0.77251947, auc@1 76.41, auc@5 96.04, share 0, std_loss 0, pre_std_loss 0, 
2021-06-02 03:52:13,543:INFO:[Rank-3] val time 15.6247, epoch  92, step  40, loss 1.52669185, auc@1 60.20, auc@5 87.29
2021-06-02 03:52:51,862:INFO:[Rank-3] train time 37.4120, epoch  93, step  49, loss 0.76533055, auc@1 76.69, auc@5 96.00, share 0, std_loss 0, pre_std_loss 0, 
2021-06-02 03:53:07,139:INFO:[Rank-3] val time 15.2755, epoch  93, step  40, loss 1.50446974, auc@1 61.31, auc@5 87.46
2021-06-02 03:53:45,712:INFO:[Rank-3] train time 37.8039, epoch  94, step  49, loss 0.74566287, auc@1 77.15, auc@5 96.15, share 0, std_loss 0, pre_std_loss 0, 
2021-06-02 03:54:00,863:INFO:[Rank-3] val time 15.1486, epoch  94, step  40, loss 1.52131849, auc@1 60.79, auc@5 87.79
2021-06-02 03:54:39,328:INFO:[Rank-3] train time 37.9178, epoch  95, step  49, loss 0.74639827, auc@1 77.32, auc@5 96.10, share 0, std_loss 0, pre_std_loss 0, 
2021-06-02 03:54:54,694:INFO:[Rank-3] val time 15.3641, epoch  95, step  40, loss 1.53284095, auc@1 60.91, auc@5 87.88
2021-06-02 03:55:33,302:INFO:[Rank-3] train time 37.7510, epoch  96, step  49, loss 0.73026866, auc@1 77.70, auc@5 96.46, share 0, std_loss 0, pre_std_loss 0, 
2021-06-02 03:55:48,833:INFO:[Rank-3] val time 15.5288, epoch  96, step  40, loss 1.64529044, auc@1 59.35, auc@5 86.38
2021-06-02 03:56:26,853:INFO:[Rank-3] train time 37.2405, epoch  97, step  49, loss 0.72542655, auc@1 77.78, auc@5 96.46, share 0, std_loss 0, pre_std_loss 0, 
2021-06-02 03:56:42,185:INFO:[Rank-3] val time 15.3295, epoch  97, step  40, loss 1.58920910, auc@1 59.71, auc@5 87.29
2021-06-02 03:57:20,883:INFO:[Rank-3] train time 37.4523, epoch  98, step  49, loss 0.71594810, auc@1 78.11, auc@5 96.53, share 0, std_loss 0, pre_std_loss 0, 
2021-06-02 03:57:36,125:INFO:[Rank-3] val time 15.2394, epoch  98, step  40, loss 1.38607854, auc@1 63.51, auc@5 88.62
2021-06-02 03:58:14,589:INFO:[Rank-3] train time 37.4483, epoch  99, step  49, loss 0.70881575, auc@1 78.36, auc@5 96.43, share 0, std_loss 0, pre_std_loss 0, 
2021-06-02 03:58:29,944:INFO:[Rank-3] val time 15.3524, epoch  99, step  40, loss 1.62611513, auc@1 60.13, auc@5 86.06
2021-06-02 03:59:08,315:INFO:[Rank-3] train time 37.5493, epoch 100, step  49, loss 0.69649315, auc@1 78.44, auc@5 96.82, share 0, std_loss 0, pre_std_loss 0, 
2021-06-02 03:59:23,512:INFO:[Rank-3] val time 15.1953, epoch 100, step  40, loss 1.49845069, auc@1 61.88, auc@5 87.73
2021-06-02 04:00:01,926:INFO:[Rank-3] train time 37.6513, epoch 101, step  49, loss 0.69162220, auc@1 78.66, auc@5 96.77, share 0, std_loss 0, pre_std_loss 0, 
2021-06-02 04:00:16,971:INFO:[Rank-3] val time 15.0434, epoch 101, step  40, loss 1.77151903, auc@1 59.41, auc@5 85.28
2021-06-02 04:00:56,155:INFO:[Rank-3] train time 38.1979, epoch 102, step  49, loss 0.69099671, auc@1 78.68, auc@5 96.65, share 0, std_loss 0, pre_std_loss 0, 
2021-06-02 04:01:11,605:INFO:[Rank-3] val time 15.4479, epoch 102, step  40, loss 1.42301851, auc@1 63.14, auc@5 88.67
2021-06-02 04:01:50,218:INFO:[Rank-3] train time 37.9168, epoch 103, step  49, loss 0.67757756, auc@1 79.43, auc@5 96.81, share 0, std_loss 0, pre_std_loss 0, 
2021-06-02 04:02:05,899:INFO:[Rank-3] val time 15.6797, epoch 103, step  40, loss 1.61887026, auc@1 59.79, auc@5 86.66
2021-06-02 04:02:44,764:INFO:[Rank-3] train time 37.5233, epoch 104, step  49, loss 0.66646940, auc@1 79.49, auc@5 96.93, share 0, std_loss 0, pre_std_loss 0, 
2021-06-02 04:02:59,705:INFO:[Rank-3] val time 14.9393, epoch 104, step  40, loss 1.55648873, auc@1 61.94, auc@5 88.01
2021-06-02 04:03:38,870:INFO:[Rank-3] train time 37.6850, epoch 105, step  49, loss 0.66961360, auc@1 79.48, auc@5 96.92, share 0, std_loss 0, pre_std_loss 0, 
2021-06-02 04:03:54,075:INFO:[Rank-3] val time 15.2028, epoch 105, step  40, loss 1.53885297, auc@1 61.45, auc@5 87.42
2021-06-02 04:04:32,942:INFO:[Rank-3] train time 37.5201, epoch 106, step  49, loss 0.65307885, auc@1 80.12, auc@5 97.02, share 0, std_loss 0, pre_std_loss 0, 
2021-06-02 04:04:48,545:INFO:[Rank-3] val time 15.6004, epoch 106, step  40, loss 1.55825829, auc@1 61.58, auc@5 87.45
2021-06-02 04:05:26,937:INFO:[Rank-3] train time 37.4039, epoch 107, step  49, loss 0.64544564, auc@1 80.21, auc@5 97.14, share 0, std_loss 0, pre_std_loss 0, 
2021-06-02 04:05:42,068:INFO:[Rank-3] val time 15.1289, epoch 107, step  40, loss 1.51951515, auc@1 62.19, auc@5 87.90
2021-06-02 04:06:20,942:INFO:[Rank-3] train time 37.7480, epoch 108, step  49, loss 0.64328372, auc@1 80.12, auc@5 97.07, share 0, std_loss 0, pre_std_loss 0, 
2021-06-02 04:06:36,210:INFO:[Rank-3] val time 15.2662, epoch 108, step  40, loss 1.43287799, auc@1 63.93, auc@5 88.99
2021-06-02 04:07:14,726:INFO:[Rank-3] train time 37.9359, epoch 109, step  49, loss 0.63272452, auc@1 80.37, auc@5 97.25, share 0, std_loss 0, pre_std_loss 0, 
2021-06-02 04:07:30,080:INFO:[Rank-3] val time 15.3519, epoch 109, step  40, loss 1.62861369, auc@1 60.43, auc@5 86.28
2021-06-02 04:08:08,322:INFO:[Rank-3] train time 37.4763, epoch 110, step  49, loss 0.62865043, auc@1 80.58, auc@5 97.23, share 0, std_loss 0, pre_std_loss 0, 
2021-06-02 04:08:23,411:INFO:[Rank-3] val time 15.0860, epoch 110, step  40, loss 1.41129482, auc@1 64.09, auc@5 89.17
2021-06-02 04:09:02,920:INFO:[Rank-3] train time 37.4824, epoch 111, step  49, loss 0.62774730, auc@1 80.47, auc@5 97.25, share 0, std_loss 0, pre_std_loss 0, 
2021-06-02 04:09:18,050:INFO:[Rank-3] val time 15.1279, epoch 111, step  40, loss 1.53126265, auc@1 62.73, auc@5 88.38
2021-06-02 04:09:56,611:INFO:[Rank-3] train time 37.8098, epoch 112, step  49, loss 0.61303818, auc@1 81.07, auc@5 97.46, share 0, std_loss 0, pre_std_loss 0, 
2021-06-02 04:10:11,904:INFO:[Rank-3] val time 15.2906, epoch 112, step  40, loss 1.39803544, auc@1 64.65, auc@5 89.24
2021-06-02 04:10:50,013:INFO:[Rank-3] train time 37.3631, epoch 113, step  49, loss 0.59576946, auc@1 81.61, auc@5 97.52, share 0, std_loss 0, pre_std_loss 0, 
2021-06-02 04:11:05,088:INFO:[Rank-3] val time 15.0723, epoch 113, step  40, loss 1.47812072, auc@1 62.86, auc@5 88.69
2021-06-02 04:11:43,634:INFO:[Rank-3] train time 37.7565, epoch 114, step  49, loss 0.60346997, auc@1 81.17, auc@5 97.56, share 0, std_loss 0, pre_std_loss 0, 
2021-06-02 04:11:58,516:INFO:[Rank-3] val time 14.8799, epoch 114, step  40, loss 1.44245150, auc@1 63.96, auc@5 88.40
2021-06-02 04:12:37,462:INFO:[Rank-3] train time 37.6543, epoch 115, step  49, loss 0.58983094, auc@1 81.94, auc@5 97.56, share 0, std_loss 0, pre_std_loss 0, 
2021-06-02 04:12:52,801:INFO:[Rank-3] val time 15.3377, epoch 115, step  40, loss 1.56259673, auc@1 62.48, auc@5 88.04
2021-06-02 04:13:31,503:INFO:[Rank-3] train time 37.3879, epoch 116, step  49, loss 0.58795059, auc@1 81.75, auc@5 97.55, share 0, std_loss 0, pre_std_loss 0, 
2021-06-02 04:13:46,686:INFO:[Rank-3] val time 15.1809, epoch 116, step  40, loss 1.66052392, auc@1 60.55, auc@5 86.80
2021-06-02 04:14:25,331:INFO:[Rank-3] train time 37.8416, epoch 117, step  49, loss 0.57700193, auc@1 82.03, auc@5 97.73, share 0, std_loss 0, pre_std_loss 0, 
2021-06-02 04:14:40,532:INFO:[Rank-3] val time 15.1988, epoch 117, step  40, loss 1.41266500, auc@1 64.74, auc@5 89.07
2021-06-02 04:15:18,844:INFO:[Rank-3] train time 37.3849, epoch 118, step  49, loss 0.57642508, auc@1 82.11, auc@5 97.68, share 0, std_loss 0, pre_std_loss 0, 
2021-06-02 04:15:34,066:INFO:[Rank-3] val time 15.2201, epoch 118, step  40, loss 1.51067264, auc@1 62.70, auc@5 88.24
2021-06-02 04:16:12,344:INFO:[Rank-3] train time 37.5632, epoch 119, step  49, loss 0.57154006, auc@1 82.10, auc@5 97.74, share 0, std_loss 0, pre_std_loss 0, 
2021-06-02 04:16:28,119:INFO:[Rank-3] val time 15.7726, epoch 119, step  40, loss 1.50069457, auc@1 62.82, auc@5 87.83
2021-06-02 04:17:06,359:INFO:[Rank-3] train time 38.0276, epoch 120, step  49, loss 0.56401294, auc@1 82.45, auc@5 97.79, share 0, std_loss 0, pre_std_loss 0, 
2021-06-02 04:17:21,654:INFO:[Rank-3] val time 15.2929, epoch 120, step  40, loss 1.42484164, auc@1 65.24, auc@5 89.43
2021-06-02 04:17:59,902:INFO:[Rank-3] train time 37.3473, epoch 121, step  49, loss 0.44161007, auc@1 86.39, auc@5 98.54, share 0, std_loss 0, pre_std_loss 0, 
2021-06-02 04:18:15,294:INFO:[Rank-3] val time 15.3901, epoch 121, step  40, loss 1.13939870, auc@1 70.38, auc@5 92.08
2021-06-02 04:18:53,395:INFO:[Rank-3] train time 37.0717, epoch 122, step  49, loss 0.36678535, auc@1 88.87, auc@5 98.92, share 0, std_loss 0, pre_std_loss 0, 
2021-06-02 04:19:08,232:INFO:[Rank-3] val time 14.8353, epoch 122, step  40, loss 1.11491451, auc@1 71.46, auc@5 92.32
2021-06-02 04:19:47,370:INFO:[Rank-3] train time 37.0546, epoch 123, step  49, loss 0.34214282, auc@1 89.42, auc@5 99.02, share 0, std_loss 0, pre_std_loss 0, 
2021-06-02 04:20:02,503:INFO:[Rank-3] val time 15.1315, epoch 123, step  40, loss 1.11754438, auc@1 71.39, auc@5 92.53
2021-06-02 04:20:41,869:INFO:[Rank-3] train time 37.6939, epoch 124, step  49, loss 0.32336113, auc@1 90.23, auc@5 99.13, share 0, std_loss 0, pre_std_loss 0, 
2021-06-02 04:20:57,249:INFO:[Rank-3] val time 15.3776, epoch 124, step  40, loss 1.09498056, auc@1 71.95, auc@5 92.59
2021-06-02 04:21:35,790:INFO:[Rank-3] train time 37.5600, epoch 125, step  49, loss 0.31124896, auc@1 90.43, auc@5 99.22, share 0, std_loss 0, pre_std_loss 0, 
2021-06-02 04:21:51,131:INFO:[Rank-3] val time 15.3391, epoch 125, step  40, loss 1.09687898, auc@1 71.93, auc@5 92.53
2021-06-02 04:22:29,695:INFO:[Rank-3] train time 37.8257, epoch 126, step  49, loss 0.29956567, auc@1 90.79, auc@5 99.22, share 0, std_loss 0, pre_std_loss 0, 
2021-06-02 04:22:44,846:INFO:[Rank-3] val time 15.1494, epoch 126, step  40, loss 1.09799227, auc@1 72.06, auc@5 92.58
2021-06-02 04:23:23,739:INFO:[Rank-3] train time 37.7819, epoch 127, step  49, loss 0.29223344, auc@1 91.08, auc@5 99.28, share 0, std_loss 0, pre_std_loss 0, 
2021-06-02 04:23:38,809:INFO:[Rank-3] val time 15.0686, epoch 127, step  40, loss 1.10376298, auc@1 72.08, auc@5 92.68
2021-06-02 04:24:17,280:INFO:[Rank-3] train time 37.6060, epoch 128, step  49, loss 0.28616071, auc@1 91.35, auc@5 99.30, share 0, std_loss 0, pre_std_loss 0, 
2021-06-02 04:24:32,532:INFO:[Rank-3] val time 15.2502, epoch 128, step  40, loss 1.10653762, auc@1 72.14, auc@5 92.52
2021-06-02 04:25:11,081:INFO:[Rank-3] train time 37.3855, epoch 129, step  49, loss 0.27563691, auc@1 91.61, auc@5 99.36, share 0, std_loss 0, pre_std_loss 0, 
2021-06-02 04:25:26,213:INFO:[Rank-3] val time 15.1300, epoch 129, step  40, loss 1.10159466, auc@1 72.12, auc@5 92.70
2021-06-02 04:26:04,561:INFO:[Rank-3] train time 37.5930, epoch 130, step  49, loss 0.26976946, auc@1 91.74, auc@5 99.36, share 0, std_loss 0, pre_std_loss 0, 
2021-06-02 04:26:19,968:INFO:[Rank-3] val time 15.4044, epoch 130, step  40, loss 1.10072765, auc@1 71.92, auc@5 92.79
2021-06-02 04:26:58,478:INFO:[Rank-3] train time 37.8011, epoch 131, step  49, loss 0.26772460, auc@1 91.94, auc@5 99.36, share 0, std_loss 0, pre_std_loss 0, 
2021-06-02 04:27:13,756:INFO:[Rank-3] val time 15.2766, epoch 131, step  40, loss 1.11193851, auc@1 72.09, auc@5 92.59
2021-06-02 04:27:52,216:INFO:[Rank-3] train time 37.4626, epoch 132, step  49, loss 0.26212007, auc@1 92.10, auc@5 99.40, share 0, std_loss 0, pre_std_loss 0, 
2021-06-02 04:28:07,544:INFO:[Rank-3] val time 15.3265, epoch 132, step  40, loss 1.10962310, auc@1 72.47, auc@5 92.50
2021-06-02 04:28:46,201:INFO:[Rank-3] train time 37.5775, epoch 133, step  49, loss 0.25465643, auc@1 92.35, auc@5 99.41, share 0, std_loss 0, pre_std_loss 0, 
2021-06-02 04:29:02,120:INFO:[Rank-3] val time 15.9163, epoch 133, step  40, loss 1.11346820, auc@1 72.25, auc@5 92.73
2021-06-02 04:29:40,254:INFO:[Rank-3] train time 37.6340, epoch 134, step  49, loss 0.24883042, auc@1 92.42, auc@5 99.51, share 0, std_loss 0, pre_std_loss 0, 
2021-06-02 04:29:55,590:INFO:[Rank-3] val time 15.3341, epoch 134, step  40, loss 1.10158171, auc@1 72.27, auc@5 92.82
2021-06-02 04:30:34,066:INFO:[Rank-3] train time 37.9752, epoch 135, step  49, loss 0.25098583, auc@1 92.53, auc@5 99.41, share 0, std_loss 0, pre_std_loss 0, 
2021-06-02 04:30:49,124:INFO:[Rank-3] val time 15.0562, epoch 135, step  40, loss 1.10766487, auc@1 72.29, auc@5 92.85
2021-06-02 04:31:27,526:INFO:[Rank-3] train time 37.9311, epoch 136, step  49, loss 0.24138375, auc@1 92.82, auc@5 99.46, share 0, std_loss 0, pre_std_loss 0, 
2021-06-02 04:31:42,742:INFO:[Rank-3] val time 15.2150, epoch 136, step  40, loss 1.10937314, auc@1 72.27, auc@5 92.63
2021-06-02 04:32:21,374:INFO:[Rank-3] train time 37.9971, epoch 137, step  49, loss 0.23992717, auc@1 92.83, auc@5 99.51, share 0, std_loss 0, pre_std_loss 0, 
2021-06-02 04:32:36,536:INFO:[Rank-3] val time 15.1599, epoch 137, step  40, loss 1.11213356, auc@1 72.33, auc@5 92.91
2021-06-02 04:33:15,563:INFO:[Rank-3] train time 37.5915, epoch 138, step  49, loss 0.23246783, auc@1 93.03, auc@5 99.55, share 0, std_loss 0, pre_std_loss 0, 
2021-06-02 04:33:30,709:INFO:[Rank-3] val time 15.1431, epoch 138, step  40, loss 1.11455945, auc@1 72.42, auc@5 92.74
2021-06-02 04:34:08,835:INFO:[Rank-3] train time 37.5884, epoch 139, step  49, loss 0.23001510, auc@1 93.13, auc@5 99.56, share 0, std_loss 0, pre_std_loss 0, 
2021-06-02 04:34:24,177:INFO:[Rank-3] val time 15.3403, epoch 139, step  40, loss 1.11958917, auc@1 72.10, auc@5 92.84
2021-06-02 04:35:02,386:INFO:[Rank-3] train time 37.6982, epoch 140, step  49, loss 0.22747418, auc@1 93.11, auc@5 99.54, share 0, std_loss 0, pre_std_loss 0, 
2021-06-02 04:35:17,534:INFO:[Rank-3] val time 15.1463, epoch 140, step  40, loss 1.10914330, auc@1 72.65, auc@5 92.67
2021-06-02 04:35:55,989:INFO:[Rank-3] train time 37.7267, epoch 141, step  49, loss 0.22701515, auc@1 93.28, auc@5 99.56, share 0, std_loss 0, pre_std_loss 0, 
2021-06-02 04:36:11,165:INFO:[Rank-3] val time 15.1731, epoch 141, step  40, loss 1.11480021, auc@1 72.29, auc@5 92.66
2021-06-02 04:36:50,460:INFO:[Rank-3] train time 37.3718, epoch 142, step  49, loss 0.22182262, auc@1 93.42, auc@5 99.54, share 0, std_loss 0, pre_std_loss 0, 
2021-06-02 04:37:05,638:INFO:[Rank-3] val time 15.1765, epoch 142, step  40, loss 1.11073454, auc@1 72.66, auc@5 92.62
2021-06-02 04:37:44,213:INFO:[Rank-3] train time 37.5370, epoch 143, step  49, loss 0.21954086, auc@1 93.37, auc@5 99.59, share 0, std_loss 0, pre_std_loss 0, 
2021-06-02 04:37:59,432:INFO:[Rank-3] val time 15.2175, epoch 143, step  40, loss 1.11511314, auc@1 72.78, auc@5 92.75
2021-06-02 04:38:37,891:INFO:[Rank-3] train time 37.6752, epoch 144, step  49, loss 0.21543807, auc@1 93.56, auc@5 99.63, share 0, std_loss 0, pre_std_loss 0, 
2021-06-02 04:38:53,180:INFO:[Rank-3] val time 15.2879, epoch 144, step  40, loss 1.11732906, auc@1 72.51, auc@5 92.70
2021-06-02 04:39:31,550:INFO:[Rank-3] train time 37.6206, epoch 145, step  49, loss 0.21000530, auc@1 93.78, auc@5 99.64, share 0, std_loss 0, pre_std_loss 0, 
2021-06-02 04:39:46,629:INFO:[Rank-3] val time 15.0769, epoch 145, step  40, loss 1.12914526, auc@1 72.38, auc@5 92.61
2021-06-02 04:40:24,886:INFO:[Rank-3] train time 37.6206, epoch 146, step  49, loss 0.20912403, auc@1 93.92, auc@5 99.66, share 0, std_loss 0, pre_std_loss 0, 
2021-06-02 04:40:40,107:INFO:[Rank-3] val time 15.2194, epoch 146, step  40, loss 1.12133945, auc@1 72.64, auc@5 92.66
2021-06-02 04:41:18,710:INFO:[Rank-3] train time 37.5352, epoch 147, step  49, loss 0.20468767, auc@1 94.08, auc@5 99.65, share 0, std_loss 0, pre_std_loss 0, 
2021-06-02 04:41:34,424:INFO:[Rank-3] val time 15.7120, epoch 147, step  40, loss 1.11787507, auc@1 72.67, auc@5 92.69
2021-06-02 04:42:13,311:INFO:[Rank-3] train time 38.2801, epoch 148, step  49, loss 0.20036735, auc@1 94.11, auc@5 99.66, share 0, std_loss 0, pre_std_loss 0, 
2021-06-02 04:42:28,794:INFO:[Rank-3] val time 15.4809, epoch 148, step  40, loss 1.12441799, auc@1 72.46, auc@5 92.64
2021-06-02 04:43:07,136:INFO:[Rank-3] train time 37.5628, epoch 149, step  49, loss 0.19735943, auc@1 94.14, auc@5 99.68, share 0, std_loss 0, pre_std_loss 0, 
2021-06-02 04:43:22,463:INFO:[Rank-3] val time 15.3243, epoch 149, step  40, loss 1.12659183, auc@1 72.50, auc@5 92.75
2021-06-02 04:44:00,957:INFO:[Rank-3] train time 37.3980, epoch 150, step  49, loss 0.19847412, auc@1 94.14, auc@5 99.64, share 0, std_loss 0, pre_std_loss 0, 
2021-06-02 04:44:16,559:INFO:[Rank-3] val time 15.5990, epoch 150, step  40, loss 1.11968861, auc@1 72.38, auc@5 92.81
2021-06-02 04:44:55,268:INFO:[Rank-3] train time 37.7582, epoch 151, step  49, loss 0.19623025, auc@1 94.14, auc@5 99.67, share 0, std_loss 0, pre_std_loss 0, 
2021-06-02 04:45:10,613:INFO:[Rank-3] val time 15.3424, epoch 151, step  40, loss 1.12064659, auc@1 72.51, auc@5 92.61
2021-06-02 04:45:49,169:INFO:[Rank-3] train time 37.7754, epoch 152, step  49, loss 0.18975000, auc@1 94.41, auc@5 99.73, share 0, std_loss 0, pre_std_loss 0, 
2021-06-02 04:46:04,504:INFO:[Rank-3] val time 15.3339, epoch 152, step  40, loss 1.12579505, auc@1 72.53, auc@5 92.70
2021-06-02 04:46:43,237:INFO:[Rank-3] train time 37.7560, epoch 153, step  49, loss 0.18926768, auc@1 94.53, auc@5 99.72, share 0, std_loss 0, pre_std_loss 0, 
2021-06-02 04:46:58,623:INFO:[Rank-3] val time 15.3839, epoch 153, step  40, loss 1.13370631, auc@1 72.57, auc@5 92.71
2021-06-02 04:47:37,248:INFO:[Rank-3] train time 37.6899, epoch 154, step  49, loss 0.18574539, auc@1 94.49, auc@5 99.73, share 0, std_loss 0, pre_std_loss 0, 
2021-06-02 04:47:52,593:INFO:[Rank-3] val time 15.3426, epoch 154, step  40, loss 1.13315626, auc@1 72.48, auc@5 92.78
2021-06-02 04:48:31,115:INFO:[Rank-3] train time 37.4355, epoch 155, step  49, loss 0.18702726, auc@1 94.62, auc@5 99.68, share 0, std_loss 0, pre_std_loss 0, 
2021-06-02 04:48:46,392:INFO:[Rank-3] val time 15.2749, epoch 155, step  40, loss 1.12405132, auc@1 72.64, auc@5 92.74
2021-06-02 04:49:24,870:INFO:[Rank-3] train time 37.7643, epoch 156, step  49, loss 0.18308502, auc@1 94.74, auc@5 99.74, share 0, std_loss 0, pre_std_loss 0, 
2021-06-02 04:49:40,263:INFO:[Rank-3] val time 15.3904, epoch 156, step  40, loss 1.12771265, auc@1 72.63, auc@5 92.83
2021-06-02 04:50:18,542:INFO:[Rank-3] train time 37.5414, epoch 157, step  49, loss 0.18216379, auc@1 94.65, auc@5 99.74, share 0, std_loss 0, pre_std_loss 0, 
2021-06-02 04:50:33,775:INFO:[Rank-3] val time 15.2303, epoch 157, step  40, loss 1.12855378, auc@1 72.72, auc@5 92.69
2021-06-02 04:51:12,655:INFO:[Rank-3] train time 38.1668, epoch 158, step  49, loss 0.17759709, auc@1 94.76, auc@5 99.76, share 0, std_loss 0, pre_std_loss 0, 
2021-06-02 04:51:28,024:INFO:[Rank-3] val time 15.3672, epoch 158, step  40, loss 1.13303516, auc@1 72.71, auc@5 92.55
2021-06-02 04:52:06,465:INFO:[Rank-3] train time 37.8069, epoch 159, step  49, loss 0.17739803, auc@1 94.88, auc@5 99.75, share 0, std_loss 0, pre_std_loss 0, 
2021-06-02 04:52:21,534:INFO:[Rank-3] val time 15.0670, epoch 159, step  40, loss 1.14232485, auc@1 72.59, auc@5 92.60
2021-06-02 04:52:59,893:INFO:[Rank-3] train time 37.7838, epoch 160, step  49, loss 0.17346354, auc@1 95.02, auc@5 99.76, share 0, std_loss 0, pre_std_loss 0, 
2021-06-02 04:53:15,285:INFO:[Rank-3] val time 15.3903, epoch 160, step  40, loss 1.13396694, auc@1 72.51, auc@5 92.70
2021-06-02 04:53:53,690:INFO:[Rank-3] train time 37.7270, epoch 161, step  49, loss 0.17191906, auc@1 95.05, auc@5 99.75, share 0, std_loss 0, pre_std_loss 0, 
2021-06-02 04:54:09,111:INFO:[Rank-3] val time 15.4193, epoch 161, step  40, loss 1.13275752, auc@1 72.64, auc@5 92.56
2021-06-02 04:54:47,599:INFO:[Rank-3] train time 37.7201, epoch 162, step  49, loss 0.16810319, auc@1 95.23, auc@5 99.78, share 0, std_loss 0, pre_std_loss 0, 
2021-06-02 04:55:02,898:INFO:[Rank-3] val time 15.2971, epoch 162, step  40, loss 1.12834290, auc@1 72.71, auc@5 92.71
2021-06-02 04:55:41,669:INFO:[Rank-3] train time 37.7633, epoch 163, step  49, loss 0.16860311, auc@1 95.23, auc@5 99.76, share 0, std_loss 0, pre_std_loss 0, 
2021-06-02 04:55:56,839:INFO:[Rank-3] val time 15.1683, epoch 163, step  40, loss 1.12951928, auc@1 72.63, auc@5 92.73
2021-06-02 04:56:35,331:INFO:[Rank-3] train time 37.6198, epoch 164, step  49, loss 0.16915028, auc@1 95.22, auc@5 99.75, share 0, std_loss 0, pre_std_loss 0, 
2021-06-02 04:56:50,735:INFO:[Rank-3] val time 15.4022, epoch 164, step  40, loss 1.12715986, auc@1 72.70, auc@5 92.64
2021-06-02 04:57:28,834:INFO:[Rank-3] train time 36.7819, epoch 165, step  49, loss 0.16411297, auc@1 95.39, auc@5 99.77, share 0, std_loss 0, pre_std_loss 0, 
2021-06-02 04:57:44,224:INFO:[Rank-3] val time 15.3877, epoch 165, step  40, loss 1.12679877, auc@1 72.81, auc@5 92.58
2021-06-02 04:58:22,548:INFO:[Rank-3] train time 36.8075, epoch 166, step  49, loss 0.16550547, auc@1 95.22, auc@5 99.78, share 0, std_loss 0, pre_std_loss 0, 
2021-06-02 04:58:37,804:INFO:[Rank-3] val time 15.2544, epoch 166, step  40, loss 1.12371027, auc@1 72.83, auc@5 92.71
2021-06-02 04:59:16,471:INFO:[Rank-3] train time 37.9315, epoch 167, step  49, loss 0.16324531, auc@1 95.36, auc@5 99.81, share 0, std_loss 0, pre_std_loss 0, 
2021-06-02 04:59:31,656:INFO:[Rank-3] val time 15.1826, epoch 167, step  40, loss 1.12459613, auc@1 72.91, auc@5 92.67
2021-06-02 05:00:10,179:INFO:[Rank-3] train time 37.6749, epoch 168, step  49, loss 0.16659918, auc@1 95.19, auc@5 99.79, share 0, std_loss 0, pre_std_loss 0, 
2021-06-02 05:00:25,297:INFO:[Rank-3] val time 15.1155, epoch 168, step  40, loss 1.12755812, auc@1 72.76, auc@5 92.69
2021-06-02 05:01:03,712:INFO:[Rank-3] train time 37.2856, epoch 169, step  49, loss 0.16325091, auc@1 95.44, auc@5 99.78, share 0, std_loss 0, pre_std_loss 0, 
2021-06-02 05:01:18,921:INFO:[Rank-3] val time 15.2072, epoch 169, step  40, loss 1.12468404, auc@1 72.87, auc@5 92.87
2021-06-02 05:01:57,747:INFO:[Rank-3] train time 37.4951, epoch 170, step  49, loss 0.16241288, auc@1 95.39, auc@5 99.78, share 0, std_loss 0, pre_std_loss 0, 
2021-06-02 05:02:12,998:INFO:[Rank-3] val time 15.2482, epoch 170, step  40, loss 1.12557434, auc@1 72.76, auc@5 92.73
2021-06-02 05:02:51,459:INFO:[Rank-3] train time 37.6160, epoch 171, step  49, loss 0.16044852, auc@1 95.47, auc@5 99.78, share 0, std_loss 0, pre_std_loss 0, 
2021-06-02 05:03:06,677:INFO:[Rank-3] val time 15.2168, epoch 171, step  40, loss 1.12592155, auc@1 72.73, auc@5 92.71
2021-06-02 05:03:45,172:INFO:[Rank-3] train time 37.5312, epoch 172, step  49, loss 0.16048606, auc@1 95.46, auc@5 99.80, share 0, std_loss 0, pre_std_loss 0, 
2021-06-02 05:04:00,429:INFO:[Rank-3] val time 15.2549, epoch 172, step  40, loss 1.12714355, auc@1 72.78, auc@5 92.63
2021-06-02 05:04:38,994:INFO:[Rank-3] train time 37.3697, epoch 173, step  49, loss 0.15899982, auc@1 95.58, auc@5 99.80, share 0, std_loss 0, pre_std_loss 0, 
2021-06-02 05:04:54,143:INFO:[Rank-3] val time 15.1463, epoch 173, step  40, loss 1.12760279, auc@1 72.85, auc@5 92.64
2021-06-02 05:05:32,606:INFO:[Rank-3] train time 37.2828, epoch 174, step  49, loss 0.16052641, auc@1 95.43, auc@5 99.81, share 0, std_loss 0, pre_std_loss 0, 
2021-06-02 05:05:47,758:INFO:[Rank-3] val time 15.1510, epoch 174, step  40, loss 1.12821198, auc@1 72.82, auc@5 92.71
2021-06-02 05:06:26,082:INFO:[Rank-3] train time 37.6417, epoch 175, step  49, loss 0.16014580, auc@1 95.60, auc@5 99.77, share 0, std_loss 0, pre_std_loss 0, 
2021-06-02 05:06:41,385:INFO:[Rank-3] val time 15.3007, epoch 175, step  40, loss 1.12841985, auc@1 72.72, auc@5 92.72
2021-06-02 05:07:20,040:INFO:[Rank-3] train time 37.6084, epoch 176, step  49, loss 0.15769069, auc@1 95.67, auc@5 99.79, share 0, std_loss 0, pre_std_loss 0, 
2021-06-02 05:07:35,291:INFO:[Rank-3] val time 15.2484, epoch 176, step  40, loss 1.12727835, auc@1 72.71, auc@5 92.66
2021-06-02 05:08:13,863:INFO:[Rank-3] train time 37.8134, epoch 177, step  49, loss 0.15855041, auc@1 95.56, auc@5 99.82, share 0, std_loss 0, pre_std_loss 0, 
2021-06-02 05:08:29,020:INFO:[Rank-3] val time 15.1557, epoch 177, step  40, loss 1.12545889, auc@1 72.84, auc@5 92.62
2021-06-02 05:09:07,382:INFO:[Rank-3] train time 37.5931, epoch 178, step  49, loss 0.15775584, auc@1 95.53, auc@5 99.82, share 0, std_loss 0, pre_std_loss 0, 
2021-06-02 05:09:22,815:INFO:[Rank-3] val time 15.4318, epoch 178, step  40, loss 1.12725300, auc@1 72.82, auc@5 92.66
2021-06-02 05:10:02,013:INFO:[Rank-3] train time 37.7474, epoch 179, step  49, loss 0.15931515, auc@1 95.53, auc@5 99.83, share 0, std_loss 0, pre_std_loss 0, 
2021-06-02 05:10:17,509:INFO:[Rank-3] val time 15.4931, epoch 179, step  40, loss 1.12582888, auc@1 72.82, auc@5 92.78
2021-06-02 05:10:56,132:INFO:[Rank-3] train time 37.7802, epoch 180, step  49, loss 0.15613453, auc@1 95.70, auc@5 99.80, share 0, std_loss 0, pre_std_loss 0, 
2021-06-02 05:11:11,463:INFO:[Rank-3] val time 15.3271, epoch 180, step  40, loss 1.12480044, auc@1 72.77, auc@5 92.72
2021-06-02 05:11:49,815:INFO:[Rank-3] train time 37.4030, epoch 181, step  49, loss 0.15804504, auc@1 95.49, auc@5 99.83, share 0, std_loss 0, pre_std_loss 0, 
2021-06-02 05:12:05,227:INFO:[Rank-3] val time 15.4107, epoch 181, step  40, loss 1.12855331, auc@1 72.83, auc@5 92.83
2021-06-02 05:12:43,603:INFO:[Rank-3] train time 37.4720, epoch 182, step  49, loss 0.15756732, auc@1 95.51, auc@5 99.82, share 0, std_loss 0, pre_std_loss 0, 
2021-06-02 05:12:58,762:INFO:[Rank-3] val time 15.1566, epoch 182, step  40, loss 1.13008366, auc@1 72.76, auc@5 92.80
2021-06-02 05:13:38,223:INFO:[Rank-3] train time 37.9903, epoch 183, step  49, loss 0.15309577, auc@1 95.66, auc@5 99.85, share 0, std_loss 0, pre_std_loss 0, 
2021-06-02 05:13:53,859:INFO:[Rank-3] val time 15.6343, epoch 183, step  40, loss 1.12632141, auc@1 72.75, auc@5 92.72
2021-06-02 05:14:32,285:INFO:[Rank-3] train time 37.7666, epoch 184, step  49, loss 0.15618445, auc@1 95.62, auc@5 99.79, share 0, std_loss 0, pre_std_loss 0, 
2021-06-02 05:14:47,595:INFO:[Rank-3] val time 15.3081, epoch 184, step  40, loss 1.12698774, auc@1 72.72, auc@5 92.72
2021-06-02 05:15:25,945:INFO:[Rank-3] train time 37.7170, epoch 185, step  49, loss 0.15866895, auc@1 95.51, auc@5 99.78, share 0, std_loss 0, pre_std_loss 0, 
2021-06-02 05:15:40,978:INFO:[Rank-3] val time 15.0310, epoch 185, step  40, loss 1.12714319, auc@1 72.69, auc@5 92.77
2021-06-02 05:16:19,417:INFO:[Rank-3] train time 37.5531, epoch 186, step  49, loss 0.15369582, auc@1 95.68, auc@5 99.81, share 0, std_loss 0, pre_std_loss 0, 
2021-06-02 05:16:34,622:INFO:[Rank-3] val time 15.2023, epoch 186, step  40, loss 1.12709942, auc@1 72.80, auc@5 92.72
2021-06-02 05:17:12,930:INFO:[Rank-3] train time 37.6038, epoch 187, step  49, loss 0.15629144, auc@1 95.62, auc@5 99.80, share 0, std_loss 0, pre_std_loss 0, 
2021-06-02 05:17:28,636:INFO:[Rank-3] val time 15.7033, epoch 187, step  40, loss 1.12803143, auc@1 72.80, auc@5 92.66
2021-06-02 05:18:07,069:INFO:[Rank-3] train time 37.9905, epoch 188, step  49, loss 0.15465753, auc@1 95.58, auc@5 99.84, share 0, std_loss 0, pre_std_loss 0, 
2021-06-02 05:18:22,434:INFO:[Rank-3] val time 15.3623, epoch 188, step  40, loss 1.13093080, auc@1 72.86, auc@5 92.58
2021-06-02 05:19:01,402:INFO:[Rank-3] train time 37.9188, epoch 189, step  49, loss 0.15297270, auc@1 95.77, auc@5 99.80, share 0, std_loss 0, pre_std_loss 0, 
2021-06-02 05:19:16,644:INFO:[Rank-3] val time 15.2392, epoch 189, step  40, loss 1.12713496, auc@1 72.78, auc@5 92.78
2021-06-02 05:19:55,275:INFO:[Rank-3] train time 37.8397, epoch 190, step  49, loss 0.15400687, auc@1 95.70, auc@5 99.81, share 0, std_loss 0, pre_std_loss 0, 
2021-06-02 05:20:10,686:INFO:[Rank-3] val time 15.4091, epoch 190, step  40, loss 1.12826336, auc@1 72.66, auc@5 92.69
2021-06-02 05:20:49,200:INFO:[Rank-3] train time 37.7877, epoch 191, step  49, loss 0.15497522, auc@1 95.64, auc@5 99.83, share 0, std_loss 0, pre_std_loss 0, 
2021-06-02 05:21:04,571:INFO:[Rank-3] val time 15.3701, epoch 191, step  40, loss 1.13267868, auc@1 72.68, auc@5 92.71
2021-06-02 05:21:42,835:INFO:[Rank-3] train time 37.4422, epoch 192, step  49, loss 0.15246740, auc@1 95.84, auc@5 99.82, share 0, std_loss 0, pre_std_loss 0, 
2021-06-02 05:21:58,186:INFO:[Rank-3] val time 15.3494, epoch 192, step  40, loss 1.12861979, auc@1 72.86, auc@5 92.69
2021-06-02 05:22:36,543:INFO:[Rank-3] train time 37.3386, epoch 193, step  49, loss 0.15214059, auc@1 95.77, auc@5 99.85, share 0, std_loss 0, pre_std_loss 0, 
2021-06-02 05:22:52,087:INFO:[Rank-3] val time 15.5417, epoch 193, step  40, loss 1.12910293, auc@1 72.81, auc@5 92.67
2021-06-02 05:23:30,483:INFO:[Rank-3] train time 37.7609, epoch 194, step  49, loss 0.15526079, auc@1 95.61, auc@5 99.83, share 0, std_loss 0, pre_std_loss 0, 
2021-06-02 05:23:45,586:INFO:[Rank-3] val time 15.1015, epoch 194, step  40, loss 1.12827303, auc@1 72.80, auc@5 92.73
2021-06-02 05:24:24,017:INFO:[Rank-3] train time 37.5736, epoch 195, step  49, loss 0.15207191, auc@1 95.86, auc@5 99.82, share 0, std_loss 0, pre_std_loss 0, 
2021-06-02 05:24:39,360:INFO:[Rank-3] val time 15.3405, epoch 195, step  40, loss 1.12734815, auc@1 72.87, auc@5 92.77
2021-06-02 05:25:19,038:INFO:[Rank-3] train time 38.0707, epoch 196, step  49, loss 0.15273647, auc@1 95.77, auc@5 99.81, share 0, std_loss 0, pre_std_loss 0, 
2021-06-02 05:25:34,294:INFO:[Rank-3] val time 15.2546, epoch 196, step  40, loss 1.12879072, auc@1 72.91, auc@5 92.73
2021-06-02 05:26:12,900:INFO:[Rank-3] train time 37.4982, epoch 197, step  49, loss 0.15488288, auc@1 95.66, auc@5 99.79, share 0, std_loss 0, pre_std_loss 0, 
2021-06-02 05:26:28,196:INFO:[Rank-3] val time 15.2934, epoch 197, step  40, loss 1.13047904, auc@1 72.83, auc@5 92.74
2021-06-02 05:27:06,628:INFO:[Rank-3] train time 37.4146, epoch 198, step  49, loss 0.15217556, auc@1 95.78, auc@5 99.82, share 0, std_loss 0, pre_std_loss 0, 
2021-06-02 05:27:22,126:INFO:[Rank-3] val time 15.4953, epoch 198, step  40, loss 1.12681177, auc@1 72.83, auc@5 92.67
2021-06-02 05:28:00,579:INFO:[Rank-3] train time 37.7016, epoch 199, step  49, loss 0.15237340, auc@1 95.71, auc@5 99.83, share 0, std_loss 0, pre_std_loss 0, 
2021-06-02 05:28:15,715:INFO:[Rank-3] val time 15.1343, epoch 199, step  40, loss 1.13274512, auc@1 72.84, auc@5 92.55
2021-06-02 05:28:54,297:INFO:[Rank-3] train time 37.6222, epoch 200, step  49, loss 0.15130447, auc@1 95.78, auc@5 99.84, share 0, std_loss 0, pre_std_loss 0, 
2021-06-02 05:29:09,987:INFO:[Rank-3] val time 15.6878, epoch 200, step  40, loss 1.12893755, auc@1 72.94, auc@5 92.68
2021-06-02 05:29:09,987:INFO:[Rank-3] finish, train+val 10777.86995, train 7721.32716, reduce_count   0
