2021-05-26 02:02:03,944:INFO:[Rank-1] args : Namespace(batch=1024, current_time='20210525_230018', dataset='cifar100', epochs=200, ip='192.168.1.1:7548', k=16, loss_std_gap_rate=1.0, lr=0.05, momentum=0.9, name='loss', rank=1, scheduler_step=80, train_type='loss', weight_decay=1e-05, world=4)
2021-05-26 02:02:47,672:INFO:[Rank-1] train time 42.2886, epoch   1, step  49, loss 4.80498219, auc@1 1.76, auc@5 7.53, share 49, std_loss 0.021218405827423747, pre_std_loss 0,  4.81959 4.81341 4.79785 4.80348
2021-05-26 02:03:03,629:INFO:[Rank-1] val time 15.9529, epoch   1, step  40, loss 4.47126645, auc@1 3.62, auc@5 14.08
2021-05-26 02:03:45,040:INFO:[Rank-1] train time 41.4092, epoch   2, step  49, loss 4.41102505, auc@1 3.68, auc@5 14.89, share 49, std_loss 0.05001239718071052, pre_std_loss 0,  4.41204 4.37249 4.44541 4.42062
2021-05-26 02:04:00,958:INFO:[Rank-1] val time 15.9142, epoch   2, step  40, loss 4.74994865, auc@1 4.74, auc@5 20.25
2021-05-26 02:04:42,574:INFO:[Rank-1] train time 41.6148, epoch   3, step  49, loss 4.16581202, auc@1 5.82, auc@5 21.44, share 49, std_loss 0.025584618998121242, pre_std_loss 0,  4.13701 4.16666 4.19094 4.17699
2021-05-26 02:04:58,790:INFO:[Rank-1] val time 16.2131, epoch   3, step  40, loss 4.04917567, auc@1 7.92, auc@5 26.61
2021-05-26 02:05:40,215:INFO:[Rank-1] train time 41.4232, epoch   4, step  49, loss 3.99088192, auc@1 8.11, auc@5 27.19, share 49, std_loss 0.027002703360452945, pre_std_loss 0,  3.95542 4.01473 4.01121 3.98886
2021-05-26 02:05:56,316:INFO:[Rank-1] val time 16.0982, epoch   4, step  40, loss 3.88165097, auc@1 9.71, auc@5 31.79
2021-05-26 02:06:37,796:INFO:[Rank-1] train time 41.4788, epoch   5, step  49, loss 3.85931277, auc@1 9.75, auc@5 31.33, share 49, std_loss 0.017153796473784105, pre_std_loss 0,  3.84929 3.87218 3.86754 3.85730
2021-05-26 02:06:54,068:INFO:[Rank-1] val time 16.2704, epoch   5, step  40, loss 3.77079361, auc@1 11.26, auc@5 34.16
2021-05-26 02:07:35,732:INFO:[Rank-1] train time 41.6632, epoch   6, step  49, loss 3.75973511, auc@1 11.30, auc@5 34.11, share 49, std_loss 0.026982802650606146, pre_std_loss 0,  3.73322 3.77225 3.77547 3.76460
2021-05-26 02:07:51,753:INFO:[Rank-1] val time 16.0181, epoch   6, step  40, loss 3.71566450, auc@1 12.70, auc@5 37.87
2021-05-26 02:08:33,483:INFO:[Rank-1] train time 41.7290, epoch   7, step  49, loss 3.66951084, auc@1 12.44, auc@5 37.22, share 49, std_loss 0.027687259816697667, pre_std_loss 0,  3.64391 3.68681 3.69475 3.66083
2021-05-26 02:08:49,826:INFO:[Rank-1] val time 16.3387, epoch   7, step  40, loss 3.56505742, auc@1 14.21, auc@5 40.61
2021-05-26 02:09:31,628:INFO:[Rank-1] train time 41.8008, epoch   8, step  49, loss 3.58725572, auc@1 14.04, auc@5 39.61, share 49, std_loss 0.017252671874451394, pre_std_loss 0,  3.58530 3.59790 3.58903 3.58184
2021-05-26 02:09:47,628:INFO:[Rank-1] val time 15.9957, epoch   8, step  40, loss 3.47222210, auc@1 16.29, auc@5 43.04
2021-05-26 02:10:29,613:INFO:[Rank-1] train time 41.9827, epoch   9, step  49, loss 3.49419761, auc@1 15.59, auc@5 42.22, share 49, std_loss 0.03433430734641698, pre_std_loss 0,  3.46602 3.50827 3.50946 3.49250
2021-05-26 02:10:45,795:INFO:[Rank-1] val time 16.1783, epoch   9, step  40, loss 3.41503625, auc@1 17.66, auc@5 44.92
2021-05-26 02:11:27,335:INFO:[Rank-1] train time 41.5392, epoch  10, step  49, loss 3.41669774, auc@1 16.89, auc@5 44.66, share 49, std_loss 0.02694338607620828, pre_std_loss 0,  3.39470 3.43540 3.42337 3.41417
2021-05-26 02:11:43,740:INFO:[Rank-1] val time 16.4026, epoch  10, step  40, loss 3.27128579, auc@1 20.14, auc@5 48.27
2021-05-26 02:12:25,595:INFO:[Rank-1] train time 41.8533, epoch  11, step  49, loss 3.32675815, auc@1 18.61, auc@5 47.40, share 49, std_loss 0.019286901423973695, pre_std_loss 0,  3.33039 3.33163 3.31912 3.33384
2021-05-26 02:12:41,774:INFO:[Rank-1] val time 16.1759, epoch  11, step  40, loss 3.26279405, auc@1 21.05, auc@5 49.51
2021-05-26 02:13:23,788:INFO:[Rank-1] train time 42.0130, epoch  12, step  49, loss 3.24959755, auc@1 19.85, auc@5 49.18, share 49, std_loss 0.016272000797397018, pre_std_loss 0,  3.24925 3.27265 3.24067 3.23389
2021-05-26 02:13:39,960:INFO:[Rank-1] val time 16.1663, epoch  12, step  40, loss 3.13876640, auc@1 23.02, auc@5 52.26
2021-05-26 02:14:21,643:INFO:[Rank-1] train time 41.6825, epoch  13, step  49, loss 3.18009043, auc@1 21.15, auc@5 50.78, share 49, std_loss 0.03258452494153563, pre_std_loss 0,  3.18821 3.16386 3.18492 3.18540
2021-05-26 02:14:37,952:INFO:[Rank-1] val time 16.3060, epoch  13, step  40, loss 3.07632118, auc@1 23.58, auc@5 53.87
2021-05-26 02:15:19,654:INFO:[Rank-1] train time 41.7002, epoch  14, step  49, loss 3.11572337, auc@1 22.49, auc@5 52.47, share 49, std_loss 0.014338103065989455, pre_std_loss 0,  3.09565 3.12689 3.12529 3.11329
2021-05-26 02:15:36,007:INFO:[Rank-1] val time 16.3482, epoch  14, step  40, loss 3.08149711, auc@1 23.45, auc@5 53.85
2021-05-26 02:16:17,940:INFO:[Rank-1] train time 41.9287, epoch  15, step  49, loss 3.03386021, auc@1 23.76, auc@5 54.61, share 49, std_loss 0.024699179037493104, pre_std_loss 0,  3.02272 3.03619 3.04073 3.03888
2021-05-26 02:16:34,196:INFO:[Rank-1] val time 16.2516, epoch  15, step  40, loss 2.95127276, auc@1 25.90, auc@5 57.47
2021-05-26 02:17:15,703:INFO:[Rank-1] train time 41.5052, epoch  16, step  49, loss 2.96855760, auc@1 25.09, auc@5 56.29, share 49, std_loss 0.020148017854733885, pre_std_loss 0,  2.97364 2.97961 2.95754 2.96740
2021-05-26 02:17:31,669:INFO:[Rank-1] val time 15.9617, epoch  16, step  40, loss 2.89812688, auc@1 26.47, auc@5 59.00
2021-05-26 02:18:13,274:INFO:[Rank-1] train time 41.6042, epoch  17, step  49, loss 2.90090632, auc@1 26.30, auc@5 58.22, share 49, std_loss 0.04449749399660802, pre_std_loss 0,  2.90838 2.87963 2.88915 2.92220
2021-05-26 02:18:29,230:INFO:[Rank-1] val time 15.9528, epoch  17, step  40, loss 2.82006692, auc@1 28.61, auc@5 60.09
2021-05-26 02:19:10,933:INFO:[Rank-1] train time 41.7021, epoch  18, step  49, loss 2.84099293, auc@1 27.62, auc@5 59.51, share 49, std_loss 0.029772299474903514, pre_std_loss 0,  2.85479 2.85789 2.81375 2.84662
2021-05-26 02:19:26,847:INFO:[Rank-1] val time 15.9112, epoch  18, step  40, loss 2.74145336, auc@1 29.93, auc@5 62.45
2021-05-26 02:20:08,649:INFO:[Rank-1] train time 41.8003, epoch  19, step  49, loss 2.76675248, auc@1 28.91, auc@5 61.21, share 49, std_loss 0.03829581560376955, pre_std_loss 0,  2.75220 2.78744 2.74463 2.78732
2021-05-26 02:20:24,910:INFO:[Rank-1] val time 16.2579, epoch  19, step  40, loss 2.73226577, auc@1 30.08, auc@5 62.21
2021-05-26 02:21:06,777:INFO:[Rank-1] train time 41.8650, epoch  20, step  49, loss 2.70505190, auc@1 30.10, auc@5 62.72, share 49, std_loss 0.028191747942141125, pre_std_loss 0,  2.71995 2.70189 2.68339 2.71318
2021-05-26 02:21:23,059:INFO:[Rank-1] val time 16.2800, epoch  20, step  40, loss 2.69957872, auc@1 30.92, auc@5 62.36
2021-05-26 02:22:04,590:INFO:[Rank-1] train time 41.5299, epoch  21, step  49, loss 2.64310598, auc@1 31.37, auc@5 64.31, share 49, std_loss 0.02231852330115377, pre_std_loss 0,  2.62822 2.63935 2.64447 2.65899
2021-05-26 02:22:20,676:INFO:[Rank-1] val time 16.0810, epoch  21, step  40, loss 2.58833067, auc@1 33.04, auc@5 65.65
2021-05-26 02:23:02,167:INFO:[Rank-1] train time 41.4876, epoch  22, step  49, loss 2.57583189, auc@1 32.88, auc@5 65.81, share 49, std_loss 0.03796079340485894, pre_std_loss 0,  2.56360 2.56768 2.57543 2.59596
2021-05-26 02:23:17,908:INFO:[Rank-1] val time 15.7387, epoch  22, step  40, loss 2.62370216, auc@1 32.26, auc@5 65.22
2021-05-26 02:23:59,738:INFO:[Rank-1] train time 41.8284, epoch  23, step  49, loss 2.51707196, auc@1 33.85, auc@5 67.19, share 49, std_loss 0.021655416249164512, pre_std_loss 0,  2.51793 2.52146 2.51454 2.51080
2021-05-26 02:24:16,052:INFO:[Rank-1] val time 16.3087, epoch  23, step  40, loss 2.52564658, auc@1 34.51, auc@5 67.29
2021-05-26 02:24:57,836:INFO:[Rank-1] train time 41.7830, epoch  24, step  49, loss 2.46715331, auc@1 35.09, auc@5 68.24, share 49, std_loss 0.03154474519649331, pre_std_loss 0,  2.46326 2.48872 2.45804 2.45521
2021-05-26 02:25:13,754:INFO:[Rank-1] val time 15.9160, epoch  24, step  40, loss 2.50911390, auc@1 35.02, auc@5 68.47
2021-05-26 02:25:55,547:INFO:[Rank-1] train time 41.7917, epoch  25, step  49, loss 2.40486479, auc@1 36.17, auc@5 69.73, share 49, std_loss 0.029268918882067105, pre_std_loss 0,  2.40899 2.41765 2.38562 2.40806
2021-05-26 02:26:11,606:INFO:[Rank-1] val time 16.0551, epoch  25, step  40, loss 2.38487447, auc@1 36.84, auc@5 69.94
2021-05-26 02:26:53,478:INFO:[Rank-1] train time 41.8706, epoch  26, step  49, loss 2.34853697, auc@1 37.78, auc@5 70.90, share 49, std_loss 0.02136400300173127, pre_std_loss 0,  2.32460 2.37834 2.33793 2.35494
2021-05-26 02:27:09,762:INFO:[Rank-1] val time 16.2758, epoch  26, step  40, loss 2.53747519, auc@1 34.95, auc@5 67.46
2021-05-26 02:27:51,470:INFO:[Rank-1] train time 41.7069, epoch  27, step  49, loss 2.30719566, auc@1 38.30, auc@5 71.90, share 49, std_loss 0.030504029852395156, pre_std_loss 0,  2.27694 2.32149 2.31059 2.31799
2021-05-26 02:28:07,529:INFO:[Rank-1] val time 16.0567, epoch  27, step  40, loss 2.28974194, auc@1 39.23, auc@5 72.63
2021-05-26 02:28:49,076:INFO:[Rank-1] train time 41.5451, epoch  28, step  49, loss 2.25990510, auc@1 39.32, auc@5 72.68, share 49, std_loss 0.019210949245536207, pre_std_loss 0,  2.26467 2.26328 2.25329 2.26052
2021-05-26 02:29:04,841:INFO:[Rank-1] val time 15.7607, epoch  28, step  40, loss 2.32251828, auc@1 39.52, auc@5 71.37
2021-05-26 02:29:46,474:INFO:[Rank-1] train time 41.6319, epoch  29, step  49, loss 2.21755147, auc@1 40.44, auc@5 73.84, share 49, std_loss 0.03349803186648963, pre_std_loss 0,  2.23037 2.25365 2.19398 2.19430
2021-05-26 02:30:02,697:INFO:[Rank-1] val time 16.2212, epoch  29, step  40, loss 2.23294520, auc@1 40.54, auc@5 73.11
2021-05-26 02:30:44,742:INFO:[Rank-1] train time 42.0430, epoch  30, step  49, loss 2.17026258, auc@1 41.41, auc@5 74.69, share 49, std_loss 0.03405373870414131, pre_std_loss 0,  2.15679 2.20409 2.13764 2.18223
2021-05-26 02:31:00,907:INFO:[Rank-1] val time 16.1602, epoch  30, step  40, loss 2.28324308, auc@1 39.84, auc@5 72.87
2021-05-26 02:31:42,615:INFO:[Rank-1] train time 41.7071, epoch  31, step  49, loss 2.11728334, auc@1 42.60, auc@5 75.51, share 49, std_loss 0.03980093601406837, pre_std_loss 0,  2.09742 2.15795 2.10662 2.10704
2021-05-26 02:31:58,761:INFO:[Rank-1] val time 16.1439, epoch  31, step  40, loss 2.18321121, auc@1 41.50, auc@5 73.87
2021-05-26 02:32:40,106:INFO:[Rank-1] train time 41.3436, epoch  32, step  49, loss 2.07433414, auc@1 43.57, auc@5 76.58, share 49, std_loss 0.04896118834006543, pre_std_loss 0,  2.04813 2.12070 2.04120 2.08922
2021-05-26 02:32:56,267:INFO:[Rank-1] val time 16.1567, epoch  32, step  40, loss 2.14547038, auc@1 43.08, auc@5 75.27
2021-05-26 02:33:38,094:INFO:[Rank-1] train time 41.8263, epoch  33, step  49, loss 2.04320192, auc@1 44.26, auc@5 77.00, share 49, std_loss 0.03067271610988038, pre_std_loss 0,  2.00536 2.07502 2.06607 2.02665
2021-05-26 02:33:54,001:INFO:[Rank-1] val time 15.9031, epoch  33, step  40, loss 2.17928076, auc@1 42.07, auc@5 74.31
2021-05-26 02:34:35,660:INFO:[Rank-1] train time 41.6584, epoch  34, step  49, loss 1.99551737, auc@1 45.32, auc@5 77.92, share 49, std_loss 0.03497516078760429, pre_std_loss 0,  1.94289 2.03368 2.00647 1.99897
2021-05-26 02:34:52,082:INFO:[Rank-1] val time 16.4163, epoch  34, step  40, loss 2.38791393, auc@1 40.58, auc@5 72.85
2021-05-26 02:35:33,597:INFO:[Rank-1] train time 41.5139, epoch  35, step  49, loss 1.95472968, auc@1 46.29, auc@5 78.84, share 49, std_loss 0.018467837516978686, pre_std_loss 0,  1.94804 1.97078 1.95646 1.94683
2021-05-26 02:35:49,649:INFO:[Rank-1] val time 16.0502, epoch  35, step  40, loss 2.11683580, auc@1 44.00, auc@5 75.95
2021-05-26 02:36:31,385:INFO:[Rank-1] train time 41.7334, epoch  36, step  49, loss 1.92541361, auc@1 46.67, auc@5 79.41, share 49, std_loss 0.03581478530350996, pre_std_loss 0,  1.93090 1.95591 1.88679 1.92590
2021-05-26 02:36:47,541:INFO:[Rank-1] val time 16.1531, epoch  36, step  40, loss 2.03681176, auc@1 45.43, auc@5 76.94
2021-05-26 02:37:29,312:INFO:[Rank-1] train time 41.7708, epoch  37, step  49, loss 1.89462578, auc@1 47.66, auc@5 79.97, share 49, std_loss 0.020290255023888787, pre_std_loss 0,  1.88061 1.89664 1.90175 1.90515
2021-05-26 02:37:45,530:INFO:[Rank-1] val time 16.2149, epoch  37, step  40, loss 2.17401117, auc@1 43.20, auc@5 75.18
2021-05-26 02:38:27,188:INFO:[Rank-1] train time 41.6569, epoch  38, step  49, loss 1.85696745, auc@1 48.69, auc@5 80.45, share 49, std_loss 0.0252757086513602, pre_std_loss 0,  1.84220 1.88211 1.86459 1.84241
2021-05-26 02:38:43,363:INFO:[Rank-1] val time 16.1730, epoch  38, step  40, loss 2.07268125, auc@1 44.64, auc@5 77.18
2021-05-26 02:39:25,101:INFO:[Rank-1] train time 41.7364, epoch  39, step  49, loss 1.83149719, auc@1 48.92, auc@5 81.00, share 49, std_loss 0.023053445036009867, pre_std_loss 0,  1.82021 1.85636 1.83805 1.81388
2021-05-26 02:39:41,341:INFO:[Rank-1] val time 16.2358, epoch  39, step  40, loss 2.06837101, auc@1 45.59, auc@5 76.69
2021-05-26 02:40:22,950:INFO:[Rank-1] train time 41.6073, epoch  40, step  49, loss 1.79189312, auc@1 50.02, auc@5 81.64, share 49, std_loss 0.029088200050957348, pre_std_loss 0,  1.75185 1.80336 1.81449 1.79468
2021-05-26 02:40:39,270:INFO:[Rank-1] val time 16.3178, epoch  40, step  40, loss 2.05458366, auc@1 46.12, auc@5 77.46
2021-05-26 02:41:21,803:INFO:[Rank-1] train time 42.5307, epoch  41, step  49, loss 1.75633311, auc@1 50.92, auc@5 82.39, share 49, std_loss 0.02229076623916626, pre_std_loss 0,  1.74955 1.78235 1.74910 1.75018
2021-05-26 02:41:37,897:INFO:[Rank-1] val time 16.0901, epoch  41, step  40, loss 1.98396869, auc@1 47.19, auc@5 78.35
2021-05-26 02:42:19,250:INFO:[Rank-1] train time 41.3510, epoch  42, step  49, loss 1.72174370, auc@1 51.59, auc@5 83.13, share 49, std_loss 0.0329580525772608, pre_std_loss 0,  1.70704 1.76785 1.71700 1.69424
2021-05-26 02:42:35,362:INFO:[Rank-1] val time 16.1083, epoch  42, step  40, loss 2.00702275, auc@1 46.98, auc@5 77.20
2021-05-26 02:43:17,343:INFO:[Rank-1] train time 41.9793, epoch  43, step  49, loss 1.70562661, auc@1 51.72, auc@5 83.20, share 49, std_loss 0.026847514228857294, pre_std_loss 0,  1.68713 1.72569 1.70517 1.70339
2021-05-26 02:43:33,406:INFO:[Rank-1] val time 16.0587, epoch  43, step  40, loss 1.98094914, auc@1 47.47, auc@5 78.82
2021-05-26 02:44:14,822:INFO:[Rank-1] train time 41.4144, epoch  44, step  49, loss 1.68025756, auc@1 52.99, auc@5 83.54, share 49, std_loss 0.038533766734964996, pre_std_loss 0,  1.67114 1.69245 1.69856 1.65603
2021-05-26 02:44:30,919:INFO:[Rank-1] val time 16.0923, epoch  44, step  40, loss 1.91042298, auc@1 49.72, auc@5 80.23
2021-05-26 02:45:12,483:INFO:[Rank-1] train time 41.5628, epoch  45, step  49, loss 1.64885879, auc@1 53.58, auc@5 83.93, share 49, std_loss 0.030944808937457144, pre_std_loss 0,  1.63222 1.66396 1.62797 1.66990
2021-05-26 02:45:28,591:INFO:[Rank-1] val time 16.1050, epoch  45, step  40, loss 1.87304081, auc@1 49.12, auc@5 80.21
2021-05-26 02:46:09,964:INFO:[Rank-1] train time 41.3720, epoch  46, step  49, loss 1.62221611, auc@1 54.05, auc@5 84.42, share 49, std_loss 0.03238086790150525, pre_std_loss 0,  1.62970 1.65188 1.60340 1.60742
2021-05-26 02:46:26,061:INFO:[Rank-1] val time 16.0937, epoch  46, step  40, loss 1.93588846, auc@1 49.07, auc@5 80.25
2021-05-26 02:47:07,226:INFO:[Rank-1] train time 41.1642, epoch  47, step  49, loss 1.58829653, auc@1 54.93, auc@5 85.11, share 49, std_loss 0.04238530651343112, pre_std_loss 0,  1.58009 1.59451 1.56992 1.60963
2021-05-26 02:47:23,090:INFO:[Rank-1] val time 15.8586, epoch  47, step  40, loss 1.90271427, auc@1 49.26, auc@5 80.50
2021-05-26 02:48:04,636:INFO:[Rank-1] train time 41.5433, epoch  48, step  49, loss 1.57504010, auc@1 55.12, auc@5 85.44, share 49, std_loss 0.02418705005654875, pre_std_loss 0,  1.54487 1.60853 1.56433 1.57944
2021-05-26 02:48:21,063:INFO:[Rank-1] val time 16.4225, epoch  48, step  40, loss 1.83267937, auc@1 50.57, auc@5 81.17
2021-05-26 02:49:02,670:INFO:[Rank-1] train time 41.6050, epoch  49, step  49, loss 1.54437613, auc@1 56.02, auc@5 85.90, share 49, std_loss 0.02423315976119163, pre_std_loss 0,  1.53652 1.55891 1.51993 1.55634
2021-05-26 02:49:19,033:INFO:[Rank-1] val time 16.3597, epoch  49, step  40, loss 1.86775776, auc@1 50.53, auc@5 81.23
2021-05-26 02:50:01,093:INFO:[Rank-1] train time 42.0588, epoch  50, step  49, loss 1.53025424, auc@1 56.44, auc@5 86.10, share 49, std_loss 0.03730436641608878, pre_std_loss 0,  1.52275 1.53961 1.52428 1.52569
2021-05-26 02:50:17,233:INFO:[Rank-1] val time 16.1372, epoch  50, step  40, loss 1.82485688, auc@1 51.18, auc@5 81.34
2021-05-26 02:50:58,529:INFO:[Rank-1] train time 41.2947, epoch  51, step  49, loss 1.50105584, auc@1 57.13, auc@5 86.45, share 49, std_loss 0.031574602409893154, pre_std_loss 0,  1.47240 1.54054 1.49198 1.49208
2021-05-26 02:51:14,474:INFO:[Rank-1] val time 15.9406, epoch  51, step  40, loss 1.70875271, auc@1 54.04, auc@5 82.97
2021-05-26 02:51:55,918:INFO:[Rank-1] train time 41.4424, epoch  52, step  49, loss 1.46399999, auc@1 57.97, auc@5 87.07, share 49, std_loss 0.02528243833126462, pre_std_loss 0,  1.46116 1.46560 1.44763 1.48061
2021-05-26 02:52:12,058:INFO:[Rank-1] val time 16.1366, epoch  52, step  40, loss 1.71445842, auc@1 53.59, auc@5 83.37
2021-05-26 02:52:53,821:INFO:[Rank-1] train time 41.7616, epoch  53, step  49, loss 1.45580089, auc@1 58.12, auc@5 87.28, share 49, std_loss 0.01760273964657467, pre_std_loss 0,  1.44637 1.46790 1.44670 1.46139
2021-05-26 02:53:09,737:INFO:[Rank-1] val time 15.9138, epoch  53, step  40, loss 2.06673218, auc@1 48.61, auc@5 78.14
2021-05-26 02:53:51,452:INFO:[Rank-1] train time 41.7141, epoch  54, step  49, loss 1.42016137, auc@1 59.31, auc@5 87.71, share 49, std_loss 0.02140256741597336, pre_std_loss 0,  1.41920 1.42966 1.43463 1.39712
2021-05-26 02:54:07,643:INFO:[Rank-1] val time 16.1877, epoch  54, step  40, loss 1.74229251, auc@1 53.75, auc@5 82.72
2021-05-26 02:54:49,064:INFO:[Rank-1] train time 41.4196, epoch  55, step  49, loss 1.41172254, auc@1 59.52, auc@5 87.83, share 49, std_loss 0.04358439998967307, pre_std_loss 0,  1.37212 1.40533 1.43756 1.43310
2021-05-26 02:55:05,248:INFO:[Rank-1] val time 16.1811, epoch  55, step  40, loss 1.75808903, auc@1 52.91, auc@5 82.51
2021-05-26 02:55:46,877:INFO:[Rank-1] train time 41.6264, epoch  56, step  49, loss 1.38692391, auc@1 59.93, auc@5 88.17, share 49, std_loss 0.04317814016676679, pre_std_loss 0,  1.38531 1.41413 1.34177 1.40435
2021-05-26 02:56:03,132:INFO:[Rank-1] val time 16.2512, epoch  56, step  40, loss 1.70249298, auc@1 54.95, auc@5 83.42
2021-05-26 02:56:44,797:INFO:[Rank-1] train time 41.6640, epoch  57, step  49, loss 1.35929000, auc@1 60.70, auc@5 88.54, share 49, std_loss 0.027783454737949128, pre_std_loss 0,  1.34831 1.38679 1.33029 1.37292
2021-05-26 02:57:00,881:INFO:[Rank-1] val time 16.0815, epoch  57, step  40, loss 1.63458843, auc@1 55.41, auc@5 84.15
2021-05-26 02:57:42,552:INFO:[Rank-1] train time 41.6681, epoch  58, step  49, loss 1.33535182, auc@1 61.28, auc@5 88.83, share 49, std_loss 0.039599859858958086, pre_std_loss 0,  1.31228 1.36842 1.31483 1.33890
2021-05-26 02:57:58,422:INFO:[Rank-1] val time 15.8630, epoch  58, step  40, loss 1.65422163, auc@1 55.18, auc@5 84.29
2021-05-26 02:58:39,994:INFO:[Rank-1] train time 41.5707, epoch  59, step  49, loss 1.33148253, auc@1 61.23, auc@5 89.04, share 49, std_loss 0.02503931807468132, pre_std_loss 0,  1.32014 1.34212 1.33138 1.32919
2021-05-26 02:58:56,131:INFO:[Rank-1] val time 16.1343, epoch  59, step  40, loss 1.79015685, auc@1 54.30, auc@5 82.33
2021-05-26 02:59:37,697:INFO:[Rank-1] train time 41.5657, epoch  60, step  49, loss 1.31478083, auc@1 61.79, auc@5 89.31, share 49, std_loss 0.018991895742258246, pre_std_loss 0,  1.31083 1.32174 1.31754 1.30491
2021-05-26 02:59:54,029:INFO:[Rank-1] val time 16.3290, epoch  60, step  40, loss 1.62523832, auc@1 55.78, auc@5 84.19
2021-05-26 03:00:36,717:INFO:[Rank-1] train time 42.6874, epoch  61, step  49, loss 1.28597724, auc@1 62.41, auc@5 89.70, share 49, std_loss 0.01658958278368322, pre_std_loss 0,  1.27938 1.28742 1.29114 1.28215
2021-05-26 03:00:52,885:INFO:[Rank-1] val time 16.1652, epoch  61, step  40, loss 1.83767656, auc@1 53.61, auc@5 82.55
2021-05-26 03:01:34,713:INFO:[Rank-1] train time 41.8257, epoch  62, step  49, loss 1.26976848, auc@1 62.87, auc@5 89.71, share 49, std_loss 0.03220510536006519, pre_std_loss 0,  1.25605 1.30840 1.24830 1.26567
2021-05-26 03:01:50,579:INFO:[Rank-1] val time 15.8620, epoch  62, step  40, loss 1.70738760, auc@1 55.44, auc@5 83.81
2021-05-26 03:02:32,436:INFO:[Rank-1] train time 41.8558, epoch  63, step  49, loss 1.24143207, auc@1 63.79, auc@5 90.23, share 49, std_loss 0.02690711077682826, pre_std_loss 0,  1.21726 1.25456 1.22440 1.26505
2021-05-26 03:02:48,547:INFO:[Rank-1] val time 16.1079, epoch  63, step  40, loss 1.67185912, auc@1 55.98, auc@5 84.39
2021-05-26 03:03:30,595:INFO:[Rank-1] train time 42.0468, epoch  64, step  49, loss 1.23530674, auc@1 63.63, auc@5 90.44, share 49, std_loss 0.03475354505436761, pre_std_loss 0,  1.19224 1.25965 1.23684 1.24704
2021-05-26 03:03:46,767:INFO:[Rank-1] val time 16.1672, epoch  64, step  40, loss 1.60269906, auc@1 57.18, auc@5 85.06
2021-05-26 03:04:28,181:INFO:[Rank-1] train time 41.4133, epoch  65, step  49, loss 1.21875989, auc@1 64.29, auc@5 90.69, share 49, std_loss 0.029336613488896768, pre_std_loss 0,  1.22986 1.22830 1.19062 1.22685
2021-05-26 03:04:44,392:INFO:[Rank-1] val time 16.2071, epoch  65, step  40, loss 1.64724434, auc@1 56.33, auc@5 84.42
2021-05-26 03:05:25,986:INFO:[Rank-1] train time 41.5924, epoch  66, step  49, loss 1.20009506, auc@1 64.87, auc@5 90.85, share 49, std_loss 0.02150867839476892, pre_std_loss 0,  1.19446 1.22476 1.18677 1.19555
2021-05-26 03:05:41,770:INFO:[Rank-1] val time 15.7813, epoch  66, step  40, loss 1.72062722, auc@1 55.72, auc@5 83.44
2021-05-26 03:06:23,949:INFO:[Rank-1] train time 42.1770, epoch  67, step  49, loss 1.19112217, auc@1 65.05, auc@5 91.07, share 49, std_loss 0.025647703710259224, pre_std_loss 0,  1.19746 1.20520 1.16488 1.19910
2021-05-26 03:06:40,223:INFO:[Rank-1] val time 16.2686, epoch  67, step  40, loss 1.62934194, auc@1 56.85, auc@5 84.56
2021-05-26 03:07:21,582:INFO:[Rank-1] train time 41.3571, epoch  68, step  49, loss 1.16973841, auc@1 65.69, auc@5 91.18, share 49, std_loss 0.022565065540981536, pre_std_loss 0,  1.14450 1.19717 1.17196 1.15746
2021-05-26 03:07:37,620:INFO:[Rank-1] val time 16.0332, epoch  68, step  40, loss 1.66553283, auc@1 56.42, auc@5 84.78
2021-05-26 03:08:19,704:INFO:[Rank-1] train time 42.0812, epoch  69, step  49, loss 1.14745581, auc@1 65.85, auc@5 91.75, share 49, std_loss 0.025829506980977496, pre_std_loss 0,  1.12788 1.17410 1.14542 1.14166
2021-05-26 03:08:35,677:INFO:[Rank-1] val time 15.9706, epoch  69, step  40, loss 1.61852677, auc@1 56.79, auc@5 84.28
2021-05-26 03:09:17,227:INFO:[Rank-1] train time 41.5486, epoch  70, step  49, loss 1.14410877, auc@1 66.02, auc@5 91.57, share 49, std_loss 0.02060555978393068, pre_std_loss 0,  1.12560 1.15104 1.15315 1.14050
2021-05-26 03:09:33,432:INFO:[Rank-1] val time 16.2022, epoch  70, step  40, loss 1.54557895, auc@1 59.39, auc@5 86.17
2021-05-26 03:10:15,082:INFO:[Rank-1] train time 41.6472, epoch  71, step  49, loss 1.10981715, auc@1 66.90, auc@5 92.07, share 49, std_loss 0.017945359613062168, pre_std_loss 0,  1.10845 1.09397 1.12150 1.11116
2021-05-26 03:10:30,878:INFO:[Rank-1] val time 15.7924, epoch  71, step  40, loss 1.56472710, auc@1 58.52, auc@5 85.97
2021-05-26 03:11:12,815:INFO:[Rank-1] train time 41.9348, epoch  72, step  49, loss 1.10304761, auc@1 67.06, auc@5 92.22, share 49, std_loss 0.031186621427079852, pre_std_loss 0,  1.09805 1.11257 1.08565 1.11422
2021-05-26 03:11:28,955:INFO:[Rank-1] val time 16.1351, epoch  72, step  40, loss 1.53182459, auc@1 59.60, auc@5 86.19
2021-05-26 03:12:11,135:INFO:[Rank-1] train time 42.1792, epoch  73, step  49, loss 1.11521792, auc@1 66.93, auc@5 92.00, share 49, std_loss 0.02729613320635898, pre_std_loss 0,  1.07494 1.11507 1.11317 1.15833
2021-05-26 03:12:26,786:INFO:[Rank-1] val time 15.6452, epoch  73, step  40, loss 1.60856202, auc@1 57.09, auc@5 85.42
2021-05-26 03:13:08,785:INFO:[Rank-1] train time 41.9967, epoch  74, step  49, loss 1.08944345, auc@1 67.53, auc@5 92.46, share 49, std_loss 0.03398151984628366, pre_std_loss 0,  1.09325 1.06945 1.06234 1.13085
2021-05-26 03:13:24,700:INFO:[Rank-1] val time 15.9106, epoch  74, step  40, loss 1.62003791, auc@1 56.89, auc@5 84.80
2021-05-26 03:14:06,633:INFO:[Rank-1] train time 41.9318, epoch  75, step  49, loss 1.06574059, auc@1 68.32, auc@5 92.51, share 49, std_loss 0.03290170028197522, pre_std_loss 0,  1.06259 1.06468 1.03534 1.09333
2021-05-26 03:14:22,602:INFO:[Rank-1] val time 15.9657, epoch  75, step  40, loss 1.51766538, auc@1 59.70, auc@5 86.59
2021-05-26 03:15:04,246:INFO:[Rank-1] train time 41.6426, epoch  76, step  49, loss 1.05331814, auc@1 68.40, auc@5 92.79, share 49, std_loss 0.025196737362718095, pre_std_loss 0,  1.06046 1.03538 1.03510 1.08116
2021-05-26 03:15:20,591:INFO:[Rank-1] val time 16.3402, epoch  76, step  40, loss 1.55090453, auc@1 59.08, auc@5 86.33
2021-05-26 03:16:02,854:INFO:[Rank-1] train time 42.2619, epoch  77, step  49, loss 1.03968287, auc@1 68.80, auc@5 92.85, share 49, std_loss 0.033357215151951024, pre_std_loss 0,  1.00486 1.05447 1.02851 1.06252
2021-05-26 03:16:19,078:INFO:[Rank-1] val time 16.2218, epoch  77, step  40, loss 1.53967383, auc@1 58.96, auc@5 85.94
2021-05-26 03:17:00,635:INFO:[Rank-1] train time 41.5558, epoch  78, step  49, loss 1.02224779, auc@1 69.22, auc@5 93.29, share 49, std_loss 0.017136426804093073, pre_std_loss 0,  1.01874 1.02599 1.00829 1.03087
2021-05-26 03:17:16,527:INFO:[Rank-1] val time 15.8895, epoch  78, step  40, loss 1.58785500, auc@1 58.71, auc@5 85.63
2021-05-26 03:17:58,027:INFO:[Rank-1] train time 41.4985, epoch  79, step  49, loss 1.00848961, auc@1 69.85, auc@5 93.37, share 49, std_loss 0.01832144080224086, pre_std_loss 0,  1.02642 1.01068 0.99075 1.00533
2021-05-26 03:18:14,408:INFO:[Rank-1] val time 16.3756, epoch  79, step  40, loss 1.51602443, auc@1 59.68, auc@5 87.10
2021-05-26 03:18:56,995:INFO:[Rank-1] train time 42.5861, epoch  80, step  49, loss 0.98975438, auc@1 70.37, auc@5 93.58, share 49, std_loss 0.020086244071776768, pre_std_loss 0,  0.99241 0.99610 0.99650 0.97242
2021-05-26 03:19:13,002:INFO:[Rank-1] val time 16.0035, epoch  80, step  40, loss 1.57991932, auc@1 58.48, auc@5 85.98
2021-05-26 03:19:54,591:INFO:[Rank-1] train time 41.5884, epoch  81, step  49, loss 0.97432995, auc@1 70.74, auc@5 93.59, share 49, std_loss 0.029207871732663135, pre_std_loss 0,  0.94560 0.98834 0.96726 0.99700
2021-05-26 03:20:10,560:INFO:[Rank-1] val time 15.9653, epoch  81, step  40, loss 1.58664604, auc@1 59.00, auc@5 86.77
2021-05-26 03:20:52,000:INFO:[Rank-1] train time 41.4381, epoch  82, step  49, loss 0.95660841, auc@1 71.19, auc@5 93.86, share 49, std_loss 0.01196700555975644, pre_std_loss 0,  0.94400 0.97084 0.94360 0.96857
2021-05-26 03:21:08,125:INFO:[Rank-1] val time 16.1224, epoch  82, step  40, loss 1.60368226, auc@1 58.92, auc@5 86.05
2021-05-26 03:21:49,817:INFO:[Rank-1] train time 41.6893, epoch  83, step  49, loss 0.95166326, auc@1 71.26, auc@5 93.95, share 49, std_loss 0.017174221898372075, pre_std_loss 0,  0.94150 0.95430 0.96114 0.94923
2021-05-26 03:22:05,845:INFO:[Rank-1] val time 16.0233, epoch  83, step  40, loss 1.50914562, auc@1 60.00, auc@5 86.65
2021-05-26 03:22:47,635:INFO:[Rank-1] train time 41.7887, epoch  84, step  49, loss 0.94611031, auc@1 71.34, auc@5 94.23, share 49, std_loss 0.018788329857800688, pre_std_loss 0,  0.93503 0.97608 0.93587 0.94141
2021-05-26 03:23:03,869:INFO:[Rank-1] val time 16.2311, epoch  84, step  40, loss 1.61188085, auc@1 58.85, auc@5 85.93
2021-05-26 03:23:45,923:INFO:[Rank-1] train time 42.0522, epoch  85, step  49, loss 0.92565745, auc@1 71.82, auc@5 94.37, share 49, std_loss 0.021155648598713533, pre_std_loss 0,  0.91552 0.91898 0.92900 0.94501
2021-05-26 03:24:02,121:INFO:[Rank-1] val time 16.1942, epoch  85, step  40, loss 1.55142155, auc@1 60.03, auc@5 86.67
2021-05-26 03:24:44,031:INFO:[Rank-1] train time 41.9066, epoch  86, step  49, loss 0.91034138, auc@1 72.40, auc@5 94.32, share 49, std_loss 0.023161406058590024, pre_std_loss 0,  0.89136 0.90491 0.91474 0.92349
2021-05-26 03:25:00,106:INFO:[Rank-1] val time 16.0728, epoch  86, step  40, loss 1.61504202, auc@1 59.31, auc@5 86.11
2021-05-26 03:25:41,684:INFO:[Rank-1] train time 41.5735, epoch  87, step  49, loss 0.90584862, auc@1 72.53, auc@5 94.47, share 49, std_loss 0.024933565674083575, pre_std_loss 0,  0.90185 0.90999 0.89041 0.91934
2021-05-26 03:25:57,824:INFO:[Rank-1] val time 16.1372, epoch  87, step  40, loss 1.48623539, auc@1 61.10, auc@5 87.52
2021-05-26 03:26:39,521:INFO:[Rank-1] train time 41.6946, epoch  88, step  49, loss 0.88894022, auc@1 72.77, auc@5 94.72, share 49, std_loss 0.027422884365125577, pre_std_loss 0,  0.86718 0.90613 0.87266 0.90682
2021-05-26 03:26:55,807:INFO:[Rank-1] val time 16.2805, epoch  88, step  40, loss 1.49562126, auc@1 62.23, auc@5 87.27
2021-05-26 03:27:37,660:INFO:[Rank-1] train time 41.8505, epoch  89, step  49, loss 0.88747352, auc@1 72.96, auc@5 94.77, share 49, std_loss 0.02786383610598895, pre_std_loss 0,  0.86261 0.89532 0.88639 0.90668
2021-05-26 03:27:53,628:INFO:[Rank-1] val time 15.9627, epoch  89, step  40, loss 1.55605803, auc@1 60.24, auc@5 85.74
2021-05-26 03:28:35,502:INFO:[Rank-1] train time 41.8727, epoch  90, step  49, loss 0.86962169, auc@1 73.27, auc@5 94.90, share 49, std_loss 0.019134219222683078, pre_std_loss 0,  0.89447 0.86808 0.85708 0.86062
2021-05-26 03:28:51,767:INFO:[Rank-1] val time 16.2615, epoch  90, step  40, loss 1.52960370, auc@1 61.11, auc@5 86.93
2021-05-26 03:29:33,436:INFO:[Rank-1] train time 41.6681, epoch  91, step  49, loss 0.85230112, auc@1 73.94, auc@5 95.10, share 49, std_loss 0.022439964704823737, pre_std_loss 0,  0.82914 0.84475 0.85321 0.87955
2021-05-26 03:29:49,500:INFO:[Rank-1] val time 16.0613, epoch  91, step  40, loss 1.51288088, auc@1 60.80, auc@5 86.95
2021-05-26 03:30:31,261:INFO:[Rank-1] train time 41.7600, epoch  92, step  49, loss 0.83807987, auc@1 74.26, auc@5 95.32, share 49, std_loss 0.025527407605277032, pre_std_loss 0,  0.81688 0.84541 0.83825 0.85118
2021-05-26 03:30:47,243:INFO:[Rank-1] val time 15.9801, epoch  92, step  40, loss 1.55458996, auc@1 61.00, auc@5 86.98
2021-05-26 03:31:28,968:INFO:[Rank-1] train time 41.7237, epoch  93, step  49, loss 0.83059084, auc@1 74.54, auc@5 95.38, share 49, std_loss 0.01695889052554813, pre_std_loss 0,  0.84828 0.82429 0.81725 0.83340
2021-05-26 03:31:45,144:INFO:[Rank-1] val time 16.1705, epoch  93, step  40, loss 1.51475726, auc@1 61.53, auc@5 87.31
2021-05-26 03:32:26,793:INFO:[Rank-1] train time 41.6466, epoch  94, step  49, loss 0.81861782, auc@1 74.63, auc@5 95.36, share 49, std_loss 0.019241048061117833, pre_std_loss 0,  0.80441 0.81174 0.81180 0.84473
2021-05-26 03:32:42,895:INFO:[Rank-1] val time 16.0996, epoch  94, step  40, loss 1.57654122, auc@1 60.18, auc@5 86.98
2021-05-26 03:33:24,647:INFO:[Rank-1] train time 41.7511, epoch  95, step  49, loss 0.81618422, auc@1 74.88, auc@5 95.47, share 49, std_loss 0.019541474211276794, pre_std_loss 0,  0.82142 0.82590 0.80310 0.81351
2021-05-26 03:33:41,084:INFO:[Rank-1] val time 16.4348, epoch  95, step  40, loss 1.51226097, auc@1 61.21, auc@5 87.44
2021-05-26 03:34:22,707:INFO:[Rank-1] train time 41.6219, epoch  96, step  49, loss 0.80585986, auc@1 75.13, auc@5 95.62, share 49, std_loss 0.02408974857202598, pre_std_loss 0,  0.79729 0.78313 0.81627 0.82397
2021-05-26 03:34:38,886:INFO:[Rank-1] val time 16.1756, epoch  96, step  40, loss 1.49412928, auc@1 62.27, auc@5 88.02
2021-05-26 03:35:20,319:INFO:[Rank-1] train time 41.4308, epoch  97, step  49, loss 0.78355581, auc@1 75.75, auc@5 95.80, share 49, std_loss 0.019343381367471754, pre_std_loss 0,  0.76996 0.79215 0.79506 0.77636
2021-05-26 03:35:36,212:INFO:[Rank-1] val time 15.8884, epoch  97, step  40, loss 1.51341606, auc@1 61.76, auc@5 87.79
2021-05-26 03:36:17,676:INFO:[Rank-1] train time 41.4618, epoch  98, step  49, loss 0.77636796, auc@1 76.03, auc@5 95.91, share 49, std_loss 0.017165394433374916, pre_std_loss 0,  0.77086 0.77010 0.77133 0.79148
2021-05-26 03:36:33,587:INFO:[Rank-1] val time 15.9069, epoch  98, step  40, loss 1.53164927, auc@1 61.87, auc@5 87.84
2021-05-26 03:37:15,114:INFO:[Rank-1] train time 41.5256, epoch  99, step  49, loss 0.77186990, auc@1 76.11, auc@5 96.05, share 49, std_loss 0.015656386468825594, pre_std_loss 0,  0.77171 0.77585 0.76783 0.76685
2021-05-26 03:37:31,038:INFO:[Rank-1] val time 15.9196, epoch  99, step  40, loss 1.53517645, auc@1 61.36, auc@5 87.46
2021-05-26 03:38:12,480:INFO:[Rank-1] train time 41.4405, epoch 100, step  49, loss 0.75283444, auc@1 76.59, auc@5 96.31, share 49, std_loss 0.018507892779093617, pre_std_loss 0,  0.74444 0.74799 0.73904 0.78113
2021-05-26 03:38:28,509:INFO:[Rank-1] val time 16.0269, epoch 100, step  40, loss 1.60743673, auc@1 61.54, auc@5 87.03
2021-05-26 03:39:10,485:INFO:[Rank-1] train time 41.9748, epoch 101, step  49, loss 0.65030915, auc@1 79.68, auc@5 96.94, share 49, std_loss 0.014167130430590133, pre_std_loss 0,  0.63382 0.65854 0.65543 0.65266
2021-05-26 03:39:26,817:INFO:[Rank-1] val time 16.3271, epoch 101, step  40, loss 1.31609484, auc@1 66.37, auc@5 89.50
2021-05-26 03:40:08,444:INFO:[Rank-1] train time 41.6256, epoch 102, step  49, loss 0.58991921, auc@1 81.59, auc@5 97.40, share 49, std_loss 0.016631405553495397, pre_std_loss 0,  0.57473 0.59042 0.58587 0.61356
2021-05-26 03:40:24,854:INFO:[Rank-1] val time 16.4074, epoch 102, step  40, loss 1.29763041, auc@1 66.58, auc@5 89.77
2021-05-26 03:41:06,743:INFO:[Rank-1] train time 41.8871, epoch 103, step  49, loss 0.55995876, auc@1 82.47, auc@5 97.56, share 49, std_loss 0.018720348365604877, pre_std_loss 0,  0.55289 0.55852 0.54273 0.58138
2021-05-26 03:41:22,520:INFO:[Rank-1] val time 15.7739, epoch 103, step  40, loss 1.30284360, auc@1 66.67, auc@5 89.80
2021-05-26 03:42:04,558:INFO:[Rank-1] train time 42.0364, epoch 104, step  49, loss 0.54691297, auc@1 83.07, auc@5 97.66, share 49, std_loss 0.016046749489686013, pre_std_loss 0,  0.54353 0.54904 0.54335 0.54838
2021-05-26 03:42:20,738:INFO:[Rank-1] val time 16.1752, epoch 104, step  40, loss 1.30430062, auc@1 66.85, auc@5 89.82
2021-05-26 03:43:02,339:INFO:[Rank-1] train time 41.6003, epoch 105, step  49, loss 0.53873646, auc@1 83.19, auc@5 97.85, share 49, std_loss 0.01772786386082975, pre_std_loss 0,  0.53121 0.54796 0.52826 0.55130
2021-05-26 03:43:18,252:INFO:[Rank-1] val time 15.9097, epoch 105, step  40, loss 1.29506956, auc@1 66.69, auc@5 90.05
2021-05-26 03:43:59,983:INFO:[Rank-1] train time 41.7300, epoch 106, step  49, loss 0.52555609, auc@1 83.50, auc@5 97.91, share 49, std_loss 0.011525526999172812, pre_std_loss 0,  0.52231 0.53538 0.51461 0.53406
2021-05-26 03:44:16,173:INFO:[Rank-1] val time 16.1870, epoch 106, step  40, loss 1.30138124, auc@1 67.04, auc@5 90.10
2021-05-26 03:44:57,777:INFO:[Rank-1] train time 41.6023, epoch 107, step  49, loss 0.51820564, auc@1 83.80, auc@5 97.89, share 49, std_loss 0.019036259236080304, pre_std_loss 0,  0.51437 0.51458 0.51095 0.53596
2021-05-26 03:45:13,882:INFO:[Rank-1] val time 16.1011, epoch 107, step  40, loss 1.29550419, auc@1 67.05, auc@5 89.97
2021-05-26 03:45:55,393:INFO:[Rank-1] train time 41.5090, epoch 108, step  49, loss 0.51052779, auc@1 84.19, auc@5 97.91, share 49, std_loss 0.01887168254399178, pre_std_loss 0,  0.49991 0.51126 0.50961 0.52313
2021-05-26 03:46:11,654:INFO:[Rank-1] val time 16.2561, epoch 108, step  40, loss 1.29997964, auc@1 67.09, auc@5 89.99
2021-05-26 03:46:53,633:INFO:[Rank-1] train time 41.9764, epoch 109, step  49, loss 0.49944320, auc@1 84.26, auc@5 98.08, share 49, std_loss 0.01622927146108479, pre_std_loss 0,  0.48651 0.51006 0.49635 0.50551
2021-05-26 03:47:09,729:INFO:[Rank-1] val time 16.0914, epoch 109, step  40, loss 1.30592689, auc@1 67.05, auc@5 89.89
2021-05-26 03:47:51,451:INFO:[Rank-1] train time 41.7212, epoch 110, step  49, loss 0.49157593, auc@1 84.49, auc@5 98.20, share 49, std_loss 0.013546311172979827, pre_std_loss 0,  0.49158 0.50609 0.47729 0.48753
2021-05-26 03:48:07,518:INFO:[Rank-1] val time 16.0645, epoch 110, step  40, loss 1.30675717, auc@1 67.16, auc@5 90.04
2021-05-26 03:48:49,151:INFO:[Rank-1] train time 41.6320, epoch 111, step  49, loss 0.48117813, auc@1 84.84, auc@5 98.17, share 49, std_loss 0.01034864350412117, pre_std_loss 0,  0.48386 0.47931 0.47423 0.48543
2021-05-26 03:49:05,006:INFO:[Rank-1] val time 15.8526, epoch 111, step  40, loss 1.31041842, auc@1 67.26, auc@5 90.14
2021-05-26 03:49:46,687:INFO:[Rank-1] train time 41.6805, epoch 112, step  49, loss 0.48166251, auc@1 84.89, auc@5 98.23, share 49, std_loss 0.016175090012197593, pre_std_loss 0,  0.48647 0.47636 0.46653 0.49694
2021-05-26 03:50:02,703:INFO:[Rank-1] val time 16.0119, epoch 112, step  40, loss 1.30892487, auc@1 67.35, auc@5 90.31
2021-05-26 03:50:44,508:INFO:[Rank-1] train time 41.8034, epoch 113, step  49, loss 0.47500852, auc@1 84.88, auc@5 98.30, share 49, std_loss 0.019120010433300416, pre_std_loss 0,  0.47610 0.47193 0.46382 0.48740
2021-05-26 03:51:00,482:INFO:[Rank-1] val time 15.9696, epoch 113, step  40, loss 1.31789034, auc@1 67.16, auc@5 90.12
2021-05-26 03:51:42,189:INFO:[Rank-1] train time 41.7058, epoch 114, step  49, loss 0.47475499, auc@1 84.96, auc@5 98.24, share 49, std_loss 0.009991657036375634, pre_std_loss 0,  0.46487 0.47909 0.46851 0.48287
2021-05-26 03:51:58,196:INFO:[Rank-1] val time 16.0022, epoch 114, step  40, loss 1.31609464, auc@1 67.07, auc@5 90.03
2021-05-26 03:52:39,983:INFO:[Rank-1] train time 41.7857, epoch 115, step  49, loss 0.45964196, auc@1 85.42, auc@5 98.41, share 49, std_loss 0.009254321555740066, pre_std_loss 0,  0.45201 0.46242 0.46711 0.45572
2021-05-26 03:52:56,438:INFO:[Rank-1] val time 16.4515, epoch 115, step  40, loss 1.31521050, auc@1 67.30, auc@5 90.06
2021-05-26 03:53:38,192:INFO:[Rank-1] train time 41.7523, epoch 116, step  49, loss 0.45909780, auc@1 85.42, auc@5 98.31, share 49, std_loss 0.01698851089316363, pre_std_loss 0,  0.44794 0.46996 0.44880 0.46912
2021-05-26 03:53:54,474:INFO:[Rank-1] val time 16.2775, epoch 116, step  40, loss 1.31810059, auc@1 67.00, auc@5 90.28
2021-05-26 03:54:35,930:INFO:[Rank-1] train time 41.4546, epoch 117, step  49, loss 0.45765635, auc@1 85.44, auc@5 98.40, share 49, std_loss 0.007170093431118496, pre_std_loss 0,  0.45278 0.46495 0.45061 0.45782
2021-05-26 03:54:52,134:INFO:[Rank-1] val time 16.2006, epoch 117, step  40, loss 1.32489168, auc@1 67.50, auc@5 90.23
2021-05-26 03:55:33,802:INFO:[Rank-1] train time 41.6673, epoch 118, step  49, loss 0.45460024, auc@1 85.65, auc@5 98.36, share 49, std_loss 0.01791796107225272, pre_std_loss 0,  0.44426 0.44613 0.45793 0.46966
2021-05-26 03:55:50,141:INFO:[Rank-1] val time 16.3362, epoch 118, step  40, loss 1.31524665, auc@1 67.24, auc@5 89.92
2021-05-26 03:56:31,659:INFO:[Rank-1] train time 41.5168, epoch 119, step  49, loss 0.45080808, auc@1 85.79, auc@5 98.41, share 49, std_loss 0.019414978577014134, pre_std_loss 0,  0.43811 0.44928 0.44380 0.47036
2021-05-26 03:56:47,459:INFO:[Rank-1] val time 15.7968, epoch 119, step  40, loss 1.32012237, auc@1 67.36, auc@5 90.14
2021-05-26 03:57:29,020:INFO:[Rank-1] train time 41.5592, epoch 120, step  49, loss 0.44658133, auc@1 85.78, auc@5 98.44, share 49, std_loss 0.006740572653254684, pre_std_loss 0,  0.44529 0.45403 0.43954 0.44895
2021-05-26 03:57:44,797:INFO:[Rank-1] val time 15.7718, epoch 120, step  40, loss 1.32171475, auc@1 67.24, auc@5 89.98
2021-05-26 03:58:26,382:INFO:[Rank-1] train time 41.5831, epoch 121, step  49, loss 0.43543673, auc@1 86.13, auc@5 98.53, share 49, std_loss 0.017319352366030216, pre_std_loss 0,  0.42856 0.43554 0.42623 0.44901
2021-05-26 03:58:42,506:INFO:[Rank-1] val time 16.1218, epoch 121, step  40, loss 1.32481272, auc@1 67.44, auc@5 90.11
2021-05-26 03:59:23,685:INFO:[Rank-1] train time 41.1770, epoch 122, step  49, loss 0.43000847, auc@1 86.26, auc@5 98.60, share 49, std_loss 0.014673457880105292, pre_std_loss 0,  0.42690 0.43692 0.41867 0.43801
2021-05-26 03:59:40,226:INFO:[Rank-1] val time 16.5384, epoch 122, step  40, loss 1.32687759, auc@1 67.30, auc@5 90.03
2021-05-26 04:00:21,913:INFO:[Rank-1] train time 41.6861, epoch 123, step  49, loss 0.42824036, auc@1 86.40, auc@5 98.56, share 49, std_loss 0.010263908238682364, pre_std_loss 0,  0.42058 0.43405 0.42889 0.42781
2021-05-26 04:00:38,309:INFO:[Rank-1] val time 16.3901, epoch 123, step  40, loss 1.32007457, auc@1 67.28, auc@5 90.27
2021-05-26 04:01:20,112:INFO:[Rank-1] train time 41.8013, epoch 124, step  49, loss 0.42701399, auc@1 86.44, auc@5 98.58, share 49, std_loss 0.016843039684985975, pre_std_loss 0,  0.42116 0.41933 0.42471 0.44246
2021-05-26 04:01:36,221:INFO:[Rank-1] val time 16.1074, epoch 124, step  40, loss 1.32626297, auc@1 67.33, auc@5 90.33
2021-05-26 04:02:18,110:INFO:[Rank-1] train time 41.8875, epoch 125, step  49, loss 0.42126486, auc@1 86.44, auc@5 98.63, share 49, std_loss 0.017235476884762853, pre_std_loss 0,  0.41279 0.41766 0.41986 0.43428
2021-05-26 04:02:34,204:INFO:[Rank-1] val time 16.0896, epoch 125, step  40, loss 1.33083559, auc@1 67.44, auc@5 90.08
2021-05-26 04:03:15,908:INFO:[Rank-1] train time 41.7013, epoch 126, step  49, loss 0.41646469, auc@1 86.66, auc@5 98.68, share 49, std_loss 0.013039332819266282, pre_std_loss 0,  0.41797 0.41247 0.41317 0.42198
2021-05-26 04:03:32,005:INFO:[Rank-1] val time 16.0949, epoch 126, step  40, loss 1.33080098, auc@1 67.53, auc@5 90.21
2021-05-26 04:04:13,548:INFO:[Rank-1] train time 41.5419, epoch 127, step  49, loss 0.41568640, auc@1 86.84, auc@5 98.63, share 49, std_loss 0.010642404991145037, pre_std_loss 0,  0.40691 0.42298 0.41335 0.41866
2021-05-26 04:04:29,831:INFO:[Rank-1] val time 16.2781, epoch 127, step  40, loss 1.34003995, auc@1 67.22, auc@5 90.17
2021-05-26 04:05:11,384:INFO:[Rank-1] train time 41.5512, epoch 128, step  49, loss 0.41668808, auc@1 86.79, auc@5 98.65, share 49, std_loss 0.016872179181295997, pre_std_loss 0,  0.41604 0.41002 0.40390 0.43256
2021-05-26 04:05:27,632:INFO:[Rank-1] val time 16.2454, epoch 128, step  40, loss 1.33723287, auc@1 67.35, auc@5 90.21
2021-05-26 04:06:09,359:INFO:[Rank-1] train time 41.7207, epoch 129, step  49, loss 0.40678179, auc@1 87.19, auc@5 98.66, share 49, std_loss 0.01643013704226029, pre_std_loss 0,  0.41211 0.40706 0.39256 0.41243
2021-05-26 04:06:25,399:INFO:[Rank-1] val time 16.0349, epoch 129, step  40, loss 1.33928834, auc@1 67.56, auc@5 90.09
2021-05-26 04:07:07,017:INFO:[Rank-1] train time 41.6174, epoch 130, step  49, loss 0.40501186, auc@1 86.93, auc@5 98.70, share 49, std_loss 0.024532656793539623, pre_std_loss 0,  0.39061 0.39442 0.41357 0.42130
2021-05-26 04:07:23,376:INFO:[Rank-1] val time 16.3540, epoch 130, step  40, loss 1.34899841, auc@1 67.47, auc@5 90.10
2021-05-26 04:08:05,212:INFO:[Rank-1] train time 41.8339, epoch 131, step  49, loss 0.39959571, auc@1 87.35, auc@5 98.73, share 49, std_loss 0.017389822276119068, pre_std_loss 0,  0.39334 0.41494 0.38458 0.40524
2021-05-26 04:08:21,367:INFO:[Rank-1] val time 16.1503, epoch 131, step  40, loss 1.34667421, auc@1 67.18, auc@5 90.16
2021-05-26 04:09:03,376:INFO:[Rank-1] train time 42.0072, epoch 132, step  49, loss 0.40174052, auc@1 87.30, auc@5 98.75, share 49, std_loss 0.017597962722030222, pre_std_loss 0,  0.40411 0.39371 0.39727 0.41064
2021-05-26 04:09:19,511:INFO:[Rank-1] val time 16.1320, epoch 132, step  40, loss 1.34404778, auc@1 67.45, auc@5 90.24
2021-05-26 04:10:01,182:INFO:[Rank-1] train time 41.6700, epoch 133, step  49, loss 0.38977337, auc@1 87.68, auc@5 98.76, share 49, std_loss 0.006705560260547363, pre_std_loss 0,  0.38450 0.39124 0.38253 0.40166
2021-05-26 04:10:17,124:INFO:[Rank-1] val time 15.9374, epoch 133, step  40, loss 1.35879969, auc@1 67.56, auc@5 90.25
2021-05-26 04:10:58,712:INFO:[Rank-1] train time 41.5867, epoch 134, step  49, loss 0.38689336, auc@1 87.59, auc@5 98.92, share 49, std_loss 0.01837663428515804, pre_std_loss 0,  0.37938 0.39107 0.37185 0.40392
2021-05-26 04:11:14,302:INFO:[Rank-1] val time 15.5869, epoch 134, step  40, loss 1.35296686, auc@1 67.52, auc@5 90.01
2021-05-26 04:11:56,816:INFO:[Rank-1] train time 42.4783, epoch 135, step  49, loss 0.39099589, auc@1 87.63, auc@5 98.84, share 49, std_loss 0.017445431166917692, pre_std_loss 0,  0.37981 0.38860 0.38628 0.40790
2021-05-26 04:12:12,776:INFO:[Rank-1] val time 15.9577, epoch 135, step  40, loss 1.34939419, auc@1 67.50, auc@5 90.12
2021-05-26 04:12:54,567:INFO:[Rank-1] train time 41.7895, epoch 136, step  49, loss 0.38371623, auc@1 87.70, auc@5 98.88, share 49, std_loss 0.014597077568878934, pre_std_loss 0,  0.37092 0.38520 0.38508 0.39213
2021-05-26 04:13:10,725:INFO:[Rank-1] val time 16.1554, epoch 136, step  40, loss 1.36953557, auc@1 67.32, auc@5 90.11
2021-05-26 04:13:52,237:INFO:[Rank-1] train time 41.5104, epoch 137, step  49, loss 0.38535276, auc@1 87.65, auc@5 98.84, share 49, std_loss 0.01089066466582673, pre_std_loss 0,  0.37014 0.39122 0.38107 0.40107
2021-05-26 04:14:08,126:INFO:[Rank-1] val time 15.8849, epoch 137, step  40, loss 1.36747045, auc@1 67.38, auc@5 90.11
2021-05-26 04:14:49,837:INFO:[Rank-1] train time 41.7095, epoch 138, step  49, loss 0.37867856, auc@1 88.00, auc@5 98.86, share 49, std_loss 0.01351435798011264, pre_std_loss 0,  0.37452 0.37585 0.36728 0.39672
2021-05-26 04:15:05,960:INFO:[Rank-1] val time 16.1171, epoch 138, step  40, loss 1.36011129, auc@1 67.46, auc@5 89.96
2021-05-26 04:15:47,834:INFO:[Rank-1] train time 41.8725, epoch 139, step  49, loss 0.37280726, auc@1 88.05, auc@5 98.97, share 49, std_loss 0.014475334521230995, pre_std_loss 0,  0.36552 0.36889 0.37377 0.38211
2021-05-26 04:16:04,018:INFO:[Rank-1] val time 16.1798, epoch 139, step  40, loss 1.36752486, auc@1 67.23, auc@5 90.16
2021-05-26 04:16:45,837:INFO:[Rank-1] train time 41.8167, epoch 140, step  49, loss 0.37324601, auc@1 88.12, auc@5 98.96, share 49, std_loss 0.008499664587101765, pre_std_loss 0,  0.38233 0.37300 0.36255 0.37530
2021-05-26 04:17:01,917:INFO:[Rank-1] val time 16.0783, epoch 140, step  40, loss 1.37465734, auc@1 67.37, auc@5 90.14
2021-05-26 04:17:43,871:INFO:[Rank-1] train time 41.9523, epoch 141, step  49, loss 0.37349212, auc@1 88.10, auc@5 98.91, share 49, std_loss 0.011252640489944997, pre_std_loss 0,  0.36717 0.36962 0.37635 0.38490
2021-05-26 04:17:59,767:INFO:[Rank-1] val time 15.8935, epoch 141, step  40, loss 1.37698055, auc@1 66.95, auc@5 89.99
2021-05-26 04:18:41,501:INFO:[Rank-1] train time 41.7331, epoch 142, step  49, loss 0.36716750, auc@1 88.20, auc@5 98.99, share 49, std_loss 0.022504716142251784, pre_std_loss 0,  0.36974 0.36957 0.35299 0.37763
2021-05-26 04:18:57,458:INFO:[Rank-1] val time 15.9541, epoch 142, step  40, loss 1.37725796, auc@1 66.93, auc@5 90.10
2021-05-26 04:19:39,527:INFO:[Rank-1] train time 42.0658, epoch 143, step  49, loss 0.36545202, auc@1 88.40, auc@5 99.00, share 49, std_loss 0.011963725774263849, pre_std_loss 0,  0.36091 0.35487 0.36539 0.37731
2021-05-26 04:19:55,927:INFO:[Rank-1] val time 16.3980, epoch 143, step  40, loss 1.38831219, auc@1 67.07, auc@5 89.95
2021-05-26 04:20:37,529:INFO:[Rank-1] train time 41.6001, epoch 144, step  49, loss 0.35973465, auc@1 88.53, auc@5 98.98, share 49, std_loss 0.009509240683377246, pre_std_loss 0,  0.35857 0.35837 0.35521 0.36574
2021-05-26 04:20:53,493:INFO:[Rank-1] val time 15.9582, epoch 144, step  40, loss 1.38155946, auc@1 67.26, auc@5 90.06
2021-05-26 04:21:35,080:INFO:[Rank-1] train time 41.5863, epoch 145, step  49, loss 0.36518726, auc@1 88.21, auc@5 98.99, share 49, std_loss 0.016297719308308194, pre_std_loss 0,  0.35627 0.37182 0.35609 0.37463
2021-05-26 04:21:51,161:INFO:[Rank-1] val time 16.0756, epoch 145, step  40, loss 1.38737091, auc@1 67.08, auc@5 89.97
2021-05-26 04:22:32,942:INFO:[Rank-1] train time 41.7794, epoch 146, step  49, loss 0.35501316, auc@1 88.65, auc@5 99.01, share 49, std_loss 0.010085273586327628, pre_std_loss 0,  0.35607 0.35325 0.34422 0.36605
2021-05-26 04:22:48,939:INFO:[Rank-1] val time 15.9931, epoch 146, step  40, loss 1.38324727, auc@1 67.58, auc@5 89.99
2021-05-26 04:23:30,223:INFO:[Rank-1] train time 41.2825, epoch 147, step  49, loss 0.35474524, auc@1 88.62, auc@5 99.04, share 49, std_loss 0.010540002747914013, pre_std_loss 0,  0.35414 0.35415 0.35024 0.36075
2021-05-26 04:23:46,343:INFO:[Rank-1] val time 16.1161, epoch 147, step  40, loss 1.39002081, auc@1 67.22, auc@5 90.14
2021-05-26 04:24:27,867:INFO:[Rank-1] train time 41.5229, epoch 148, step  49, loss 0.35158700, auc@1 88.76, auc@5 99.11, share 49, std_loss 0.015153487631100781, pre_std_loss 0,  0.35013 0.34555 0.33564 0.37526
2021-05-26 04:24:44,121:INFO:[Rank-1] val time 16.2513, epoch 148, step  40, loss 1.38458608, auc@1 67.34, auc@5 89.89
2021-05-26 04:25:25,556:INFO:[Rank-1] train time 41.4342, epoch 149, step  49, loss 0.34624395, auc@1 88.87, auc@5 99.10, share 49, std_loss 0.012027175517334622, pre_std_loss 0,  0.34958 0.34750 0.33412 0.35171
2021-05-26 04:25:41,584:INFO:[Rank-1] val time 16.0234, epoch 149, step  40, loss 1.38403609, auc@1 67.24, auc@5 90.09
2021-05-26 04:26:23,023:INFO:[Rank-1] train time 41.4383, epoch 150, step  49, loss 0.34405887, auc@1 89.02, auc@5 99.11, share 49, std_loss 0.01112798096288984, pre_std_loss 0,  0.34786 0.34611 0.33213 0.35018
2021-05-26 04:26:38,592:INFO:[Rank-1] val time 15.5654, epoch 150, step  40, loss 1.40053187, auc@1 67.07, auc@5 89.98
2021-05-26 04:27:20,318:INFO:[Rank-1] train time 41.7243, epoch 151, step  49, loss 0.34306324, auc@1 88.99, auc@5 99.12, share 49, std_loss 0.008892334503482799, pre_std_loss 0,  0.33908 0.34074 0.34192 0.35173
2021-05-26 04:27:36,312:INFO:[Rank-1] val time 15.9915, epoch 151, step  40, loss 1.38984301, auc@1 67.41, auc@5 90.08
2021-05-26 04:28:17,880:INFO:[Rank-1] train time 41.5662, epoch 152, step  49, loss 0.33435926, auc@1 89.38, auc@5 99.16, share 49, std_loss 0.00842004114220261, pre_std_loss 0,  0.33373 0.33413 0.33384 0.33466
2021-05-26 04:28:33,917:INFO:[Rank-1] val time 16.0323, epoch 152, step  40, loss 1.38979225, auc@1 67.40, auc@5 89.98
2021-05-26 04:29:15,492:INFO:[Rank-1] train time 41.5745, epoch 153, step  49, loss 0.33034667, auc@1 89.38, auc@5 99.18, share 49, std_loss 0.015157277049610809, pre_std_loss 0,  0.31920 0.33784 0.31958 0.34477
2021-05-26 04:29:31,658:INFO:[Rank-1] val time 16.1623, epoch 153, step  40, loss 1.38303169, auc@1 67.63, auc@5 90.04
2021-05-26 04:30:13,448:INFO:[Rank-1] train time 41.7885, epoch 154, step  49, loss 0.33231398, auc@1 89.29, auc@5 99.14, share 49, std_loss 0.009832424187690628, pre_std_loss 0,  0.32901 0.33762 0.32664 0.33682
2021-05-26 04:30:29,927:INFO:[Rank-1] val time 16.4738, epoch 154, step  40, loss 1.37652142, auc@1 67.62, auc@5 90.11
2021-05-26 04:31:11,651:INFO:[Rank-1] train time 41.7226, epoch 155, step  49, loss 0.33054921, auc@1 89.41, auc@5 99.15, share 49, std_loss 0.008236699637823872, pre_std_loss 0,  0.33162 0.32664 0.32651 0.33621
2021-05-26 04:31:27,982:INFO:[Rank-1] val time 16.3258, epoch 155, step  40, loss 1.38603334, auc@1 67.65, auc@5 90.17
2021-05-26 04:32:09,545:INFO:[Rank-1] train time 41.5614, epoch 156, step  49, loss 0.32984132, auc@1 89.36, auc@5 99.18, share 49, std_loss 0.012685256164368927, pre_std_loss 0,  0.32753 0.33019 0.32811 0.33266
2021-05-26 04:32:25,601:INFO:[Rank-1] val time 16.0540, epoch 156, step  40, loss 1.37977373, auc@1 67.52, auc@5 90.09
2021-05-26 04:33:07,143:INFO:[Rank-1] train time 41.5407, epoch 157, step  49, loss 0.32970074, auc@1 89.57, auc@5 99.15, share 49, std_loss 0.01091423808425969, pre_std_loss 0,  0.32269 0.33051 0.33303 0.33178
2021-05-26 04:33:23,154:INFO:[Rank-1] val time 16.0083, epoch 157, step  40, loss 1.39060744, auc@1 67.45, auc@5 90.11
2021-05-26 04:34:04,670:INFO:[Rank-1] train time 41.5147, epoch 158, step  49, loss 0.32426015, auc@1 89.68, auc@5 99.23, share 49, std_loss 0.009310647094508216, pre_std_loss 0,  0.32152 0.32521 0.31714 0.33273
2021-05-26 04:34:20,828:INFO:[Rank-1] val time 16.1541, epoch 158, step  40, loss 1.38545783, auc@1 67.32, auc@5 90.06
2021-05-26 04:35:02,569:INFO:[Rank-1] train time 41.7401, epoch 159, step  49, loss 0.32729599, auc@1 89.52, auc@5 99.23, share 49, std_loss 0.013616573103532498, pre_std_loss 0,  0.33310 0.32422 0.31560 0.33646
2021-05-26 04:35:18,524:INFO:[Rank-1] val time 15.9519, epoch 159, step  40, loss 1.38424734, auc@1 67.45, auc@5 90.22
2021-05-26 04:36:00,897:INFO:[Rank-1] train time 42.3707, epoch 160, step  49, loss 0.32703966, auc@1 89.52, auc@5 99.22, share 49, std_loss 0.009774592923646679, pre_std_loss 0,  0.32004 0.32784 0.32907 0.33013
2021-05-26 04:36:16,851:INFO:[Rank-1] val time 15.9512, epoch 160, step  40, loss 1.38087313, auc@1 67.39, auc@5 90.16
2021-05-26 04:36:58,561:INFO:[Rank-1] train time 41.7093, epoch 161, step  49, loss 0.32821429, auc@1 89.46, auc@5 99.19, share 49, std_loss 0.01976202568989627, pre_std_loss 0,  0.31598 0.31994 0.33371 0.34123
2021-05-26 04:37:14,816:INFO:[Rank-1] val time 16.2493, epoch 161, step  40, loss 1.38925416, auc@1 67.40, auc@5 90.03
2021-05-26 04:37:57,133:INFO:[Rank-1] train time 42.3154, epoch 162, step  49, loss 0.32258517, auc@1 89.75, auc@5 99.23, share 49, std_loss 0.007307177685125142, pre_std_loss 0,  0.32387 0.31922 0.32501 0.32338
2021-05-26 04:38:13,300:INFO:[Rank-1] val time 16.1594, epoch 162, step  40, loss 1.38660948, auc@1 67.46, auc@5 90.14
2021-05-26 04:38:55,021:INFO:[Rank-1] train time 41.7201, epoch 163, step  49, loss 0.32455483, auc@1 89.66, auc@5 99.23, share 49, std_loss 0.014571105985313046, pre_std_loss 0,  0.32224 0.31382 0.32173 0.34052
2021-05-26 04:39:10,983:INFO:[Rank-1] val time 15.9587, epoch 163, step  40, loss 1.38749957, auc@1 67.47, auc@5 90.22
2021-05-26 04:39:52,448:INFO:[Rank-1] train time 41.4625, epoch 164, step  49, loss 0.32604516, auc@1 89.67, auc@5 99.14, share 49, std_loss 0.011124202801028684, pre_std_loss 0,  0.31952 0.33241 0.32165 0.32988
2021-05-26 04:40:08,355:INFO:[Rank-1] val time 15.9050, epoch 164, step  40, loss 1.38478131, auc@1 67.65, auc@5 90.16
2021-05-26 04:40:49,748:INFO:[Rank-1] train time 41.3910, epoch 165, step  49, loss 0.32574692, auc@1 89.66, auc@5 99.15, share 49, std_loss 0.01203628336744649, pre_std_loss 0,  0.32247 0.32519 0.31960 0.34019
2021-05-26 04:41:05,752:INFO:[Rank-1] val time 16.0003, epoch 165, step  40, loss 1.38806933, auc@1 67.63, auc@5 90.15
2021-05-26 04:41:47,231:INFO:[Rank-1] train time 41.4772, epoch 166, step  49, loss 0.32056695, auc@1 89.63, auc@5 99.26, share 49, std_loss 0.010496750635532091, pre_std_loss 0,  0.31440 0.31820 0.32440 0.32903
2021-05-26 04:42:03,216:INFO:[Rank-1] val time 15.9813, epoch 166, step  40, loss 1.38341617, auc@1 67.58, auc@5 90.18
2021-05-26 04:42:44,908:INFO:[Rank-1] train time 41.6908, epoch 167, step  49, loss 0.32159570, auc@1 89.69, auc@5 99.13, share 49, std_loss 0.016842859303008537, pre_std_loss 0,  0.30859 0.31895 0.32020 0.33841
2021-05-26 04:43:01,100:INFO:[Rank-1] val time 16.1884, epoch 167, step  40, loss 1.39124620, auc@1 67.69, auc@5 90.20
2021-05-26 04:43:42,794:INFO:[Rank-1] train time 41.6933, epoch 168, step  49, loss 0.32243755, auc@1 89.57, auc@5 99.21, share 49, std_loss 0.013809209394895909, pre_std_loss 0,  0.32137 0.31232 0.32235 0.33530
2021-05-26 04:43:58,930:INFO:[Rank-1] val time 16.1320, epoch 168, step  40, loss 1.38726079, auc@1 67.49, auc@5 90.17
2021-05-26 04:44:40,650:INFO:[Rank-1] train time 41.7183, epoch 169, step  49, loss 0.32159990, auc@1 89.83, auc@5 99.17, share 49, std_loss 0.018428581538705194, pre_std_loss 0,  0.32254 0.32854 0.29804 0.33804
2021-05-26 04:44:56,477:INFO:[Rank-1] val time 15.8241, epoch 169, step  40, loss 1.38917120, auc@1 67.60, auc@5 90.20
2021-05-26 04:45:38,077:INFO:[Rank-1] train time 41.5990, epoch 170, step  49, loss 0.32131612, auc@1 89.76, auc@5 99.21, share 49, std_loss 0.014377404365460483, pre_std_loss 0,  0.33118 0.31551 0.31159 0.32833
2021-05-26 04:45:54,295:INFO:[Rank-1] val time 16.2161, epoch 170, step  40, loss 1.38798459, auc@1 67.70, auc@5 90.21
2021-05-26 04:46:36,081:INFO:[Rank-1] train time 41.7849, epoch 171, step  49, loss 0.31980276, auc@1 89.67, auc@5 99.24, share 49, std_loss 0.018988483604423855, pre_std_loss 0,  0.31545 0.32495 0.30068 0.33625
2021-05-26 04:46:52,326:INFO:[Rank-1] val time 16.2396, epoch 171, step  40, loss 1.39054273, auc@1 67.71, auc@5 90.19
2021-05-26 04:47:34,753:INFO:[Rank-1] train time 42.4248, epoch 172, step  49, loss 0.31905404, auc@1 89.70, auc@5 99.23, share 49, std_loss 0.014362840495091312, pre_std_loss 0,  0.32903 0.31423 0.30294 0.33159
2021-05-26 04:47:51,069:INFO:[Rank-1] val time 16.3135, epoch 172, step  40, loss 1.39093443, auc@1 67.63, auc@5 90.23
2021-05-26 04:48:32,761:INFO:[Rank-1] train time 41.6908, epoch 173, step  49, loss 0.32043248, auc@1 89.75, auc@5 99.22, share 49, std_loss 0.010019343165794805, pre_std_loss 0,  0.31719 0.32852 0.31522 0.32411
2021-05-26 04:48:48,826:INFO:[Rank-1] val time 16.0628, epoch 173, step  40, loss 1.38915889, auc@1 67.68, auc@5 90.15
2021-05-26 04:49:30,298:INFO:[Rank-1] train time 41.4715, epoch 174, step  49, loss 0.31537056, auc@1 89.86, auc@5 99.25, share 49, std_loss 0.013820412568747997, pre_std_loss 0,  0.30207 0.31808 0.30656 0.33315
2021-05-26 04:49:46,705:INFO:[Rank-1] val time 16.4030, epoch 174, step  40, loss 1.39392832, auc@1 67.69, auc@5 90.24
2021-05-26 04:50:28,245:INFO:[Rank-1] train time 41.5387, epoch 175, step  49, loss 0.31536978, auc@1 89.93, auc@5 99.24, share 49, std_loss 0.008305759323589807, pre_std_loss 0,  0.30919 0.32425 0.30785 0.31878
2021-05-26 04:50:44,528:INFO:[Rank-1] val time 16.2778, epoch 175, step  40, loss 1.39279245, auc@1 67.59, auc@5 90.17
2021-05-26 04:51:26,200:INFO:[Rank-1] train time 41.6713, epoch 176, step  49, loss 0.31782091, auc@1 89.90, auc@5 99.21, share 49, std_loss 0.009082057137916587, pre_std_loss 0,  0.31390 0.32422 0.31095 0.32116
2021-05-26 04:51:42,638:INFO:[Rank-1] val time 16.4351, epoch 176, step  40, loss 1.40000224, auc@1 67.54, auc@5 90.16
2021-05-26 04:52:24,412:INFO:[Rank-1] train time 41.7731, epoch 177, step  49, loss 0.31374878, auc@1 89.87, auc@5 99.27, share 49, std_loss 0.011389218185249031, pre_std_loss 0,  0.30835 0.31062 0.31076 0.32311
2021-05-26 04:52:40,764:INFO:[Rank-1] val time 16.3494, epoch 177, step  40, loss 1.39184168, auc@1 67.60, auc@5 90.28
2021-05-26 04:53:22,547:INFO:[Rank-1] train time 41.7826, epoch 178, step  49, loss 0.31270352, auc@1 90.06, auc@5 99.28, share 49, std_loss 0.013861979481441026, pre_std_loss 0,  0.31434 0.30403 0.29848 0.33263
2021-05-26 04:53:38,434:INFO:[Rank-1] val time 15.8838, epoch 178, step  40, loss 1.39227340, auc@1 67.59, auc@5 90.14
2021-05-26 04:54:20,100:INFO:[Rank-1] train time 41.6640, epoch 179, step  49, loss 0.31385380, auc@1 89.96, auc@5 99.25, share 49, std_loss 0.012054696394016549, pre_std_loss 0,  0.30932 0.32771 0.30628 0.31407
2021-05-26 04:54:36,416:INFO:[Rank-1] val time 16.3107, epoch 179, step  40, loss 1.39082968, auc@1 67.68, auc@5 90.18
2021-05-26 04:55:18,322:INFO:[Rank-1] train time 41.9042, epoch 180, step  49, loss 0.31626397, auc@1 89.89, auc@5 99.15, share 49, std_loss 0.009384454608115614, pre_std_loss 0,  0.31967 0.31393 0.31876 0.31386
2021-05-26 04:55:34,650:INFO:[Rank-1] val time 16.3241, epoch 180, step  40, loss 1.39360353, auc@1 67.56, auc@5 90.14
2021-05-26 04:56:16,844:INFO:[Rank-1] train time 42.1925, epoch 181, step  49, loss 0.31159329, auc@1 90.00, auc@5 99.32, share 49, std_loss 0.006636930857690013, pre_std_loss 0,  0.31540 0.30975 0.30759 0.31541
2021-05-26 04:56:33,228:INFO:[Rank-1] val time 16.3809, epoch 181, step  40, loss 1.39697825, auc@1 67.49, auc@5 90.16
2021-05-26 04:57:14,992:INFO:[Rank-1] train time 41.7626, epoch 182, step  49, loss 0.31349272, auc@1 89.93, auc@5 99.25, share 49, std_loss 0.0140930069040279, pre_std_loss 0,  0.30213 0.31654 0.31096 0.32384
2021-05-26 04:57:31,289:INFO:[Rank-1] val time 16.2908, epoch 182, step  40, loss 1.39429703, auc@1 67.64, auc@5 90.16
2021-05-26 04:58:12,671:INFO:[Rank-1] train time 41.3812, epoch 183, step  49, loss 0.31515372, auc@1 89.90, auc@5 99.27, share 49, std_loss 0.02181988975451309, pre_std_loss 0,  0.30805 0.31728 0.30266 0.33330
2021-05-26 04:58:28,736:INFO:[Rank-1] val time 16.0613, epoch 183, step  40, loss 1.39206644, auc@1 67.63, auc@5 90.13
2021-05-26 04:59:10,214:INFO:[Rank-1] train time 41.4765, epoch 184, step  49, loss 0.31451574, auc@1 90.05, auc@5 99.22, share 49, std_loss 0.010894625894345191, pre_std_loss 0,  0.31443 0.31046 0.31348 0.31858
2021-05-26 04:59:26,040:INFO:[Rank-1] val time 15.8220, epoch 184, step  40, loss 1.39019600, auc@1 67.63, auc@5 90.10
2021-05-26 05:00:07,865:INFO:[Rank-1] train time 41.8230, epoch 185, step  49, loss 0.31597880, auc@1 89.98, auc@5 99.25, share 49, std_loss 0.01237122854217887, pre_std_loss 0,  0.30836 0.31944 0.31740 0.31479
2021-05-26 05:00:23,692:INFO:[Rank-1] val time 15.8224, epoch 185, step  40, loss 1.38949075, auc@1 67.71, auc@5 90.21
2021-05-26 05:01:05,696:INFO:[Rank-1] train time 42.0022, epoch 186, step  49, loss 0.31812879, auc@1 90.05, auc@5 99.23, share 49, std_loss 0.011525447271308121, pre_std_loss 0,  0.31462 0.32139 0.31101 0.32542
2021-05-26 05:01:21,840:INFO:[Rank-1] val time 16.1396, epoch 186, step  40, loss 1.39716472, auc@1 67.70, auc@5 90.26
2021-05-26 05:02:03,434:INFO:[Rank-1] train time 41.5917, epoch 187, step  49, loss 0.31122360, auc@1 90.10, auc@5 99.24, share 49, std_loss 0.012510451735282431, pre_std_loss 0,  0.30777 0.30269 0.30797 0.32585
2021-05-26 05:02:19,386:INFO:[Rank-1] val time 15.9474, epoch 187, step  40, loss 1.39356660, auc@1 67.58, auc@5 90.15
2021-05-26 05:03:00,925:INFO:[Rank-1] train time 41.5364, epoch 188, step  49, loss 0.31595021, auc@1 89.84, auc@5 99.25, share 49, std_loss 0.019873734240477184, pre_std_loss 0,  0.29883 0.30842 0.32211 0.33204
2021-05-26 05:03:16,883:INFO:[Rank-1] val time 15.9542, epoch 188, step  40, loss 1.39759725, auc@1 67.61, auc@5 90.28
2021-05-26 05:03:58,251:INFO:[Rank-1] train time 41.3665, epoch 189, step  49, loss 0.31555793, auc@1 89.85, auc@5 99.26, share 49, std_loss 0.01867553865423008, pre_std_loss 0,  0.31167 0.31078 0.30676 0.33161
2021-05-26 05:04:14,194:INFO:[Rank-1] val time 15.9381, epoch 189, step  40, loss 1.39266015, auc@1 67.65, auc@5 90.11
2021-05-26 05:04:55,992:INFO:[Rank-1] train time 41.7965, epoch 190, step  49, loss 0.31466022, auc@1 89.86, auc@5 99.30, share 49, std_loss 0.010340963414280998, pre_std_loss 0,  0.30954 0.31976 0.30492 0.32582
2021-05-26 05:05:12,120:INFO:[Rank-1] val time 16.1233, epoch 190, step  40, loss 1.39075997, auc@1 67.81, auc@5 90.26
2021-05-26 05:05:53,888:INFO:[Rank-1] train time 41.7659, epoch 191, step  49, loss 0.31762668, auc@1 89.74, auc@5 99.25, share 49, std_loss 0.011812151913360065, pre_std_loss 0,  0.31996 0.31421 0.30287 0.33158
2021-05-26 05:06:10,259:INFO:[Rank-1] val time 16.3666, epoch 191, step  40, loss 1.39291009, auc@1 67.55, auc@5 90.25
2021-05-26 05:06:52,542:INFO:[Rank-1] train time 42.2825, epoch 192, step  49, loss 0.31039479, auc@1 90.05, auc@5 99.32, share 49, std_loss 0.017470793361414452, pre_std_loss 0,  0.30974 0.30518 0.29977 0.32725
2021-05-26 05:07:08,299:INFO:[Rank-1] val time 15.7542, epoch 192, step  40, loss 1.39737301, auc@1 67.61, auc@5 90.25
2021-05-26 05:07:50,045:INFO:[Rank-1] train time 41.7440, epoch 193, step  49, loss 0.31337151, auc@1 89.95, auc@5 99.24, share 49, std_loss 0.017142862708744953, pre_std_loss 0,  0.30844 0.30810 0.30533 0.32774
2021-05-26 05:08:06,429:INFO:[Rank-1] val time 16.3792, epoch 193, step  40, loss 1.39205824, auc@1 67.58, auc@5 90.17
2021-05-26 05:08:49,253:INFO:[Rank-1] train time 42.8229, epoch 194, step  49, loss 0.32102743, auc@1 89.61, auc@5 99.26, share 49, std_loss 0.017673474128301045, pre_std_loss 0,  0.30705 0.32086 0.32074 0.33411
2021-05-26 05:09:05,496:INFO:[Rank-1] val time 16.2389, epoch 194, step  40, loss 1.39066581, auc@1 67.67, auc@5 90.25
2021-05-26 05:09:47,320:INFO:[Rank-1] train time 41.8216, epoch 195, step  49, loss 0.31457999, auc@1 89.93, auc@5 99.28, share 49, std_loss 0.015121105412135318, pre_std_loss 0,  0.30927 0.30701 0.31169 0.33163
2021-05-26 05:10:03,651:INFO:[Rank-1] val time 16.3254, epoch 195, step  40, loss 1.39654342, auc@1 67.69, auc@5 90.19
2021-05-26 05:10:45,492:INFO:[Rank-1] train time 41.8131, epoch 196, step  49, loss 0.31568021, auc@1 89.81, auc@5 99.27, share 49, std_loss 0.006173495589327827, pre_std_loss 0,  0.31554 0.31367 0.31492 0.32083
2021-05-26 05:11:01,515:INFO:[Rank-1] val time 16.0203, epoch 196, step  40, loss 1.39397907, auc@1 67.74, auc@5 90.24
2021-05-26 05:11:43,076:INFO:[Rank-1] train time 41.5596, epoch 197, step  49, loss 0.31555545, auc@1 89.89, auc@5 99.23, share 49, std_loss 0.006876649634380426, pre_std_loss 0,  0.31420 0.31831 0.30943 0.31953
2021-05-26 05:11:59,004:INFO:[Rank-1] val time 15.9174, epoch 197, step  40, loss 1.39995424, auc@1 67.56, auc@5 90.20
2021-05-26 05:12:40,805:INFO:[Rank-1] train time 41.7949, epoch 198, step  49, loss 0.31845757, auc@1 89.60, auc@5 99.20, share 49, std_loss 0.01027009735948273, pre_std_loss 0,  0.32231 0.32239 0.30543 0.32295
2021-05-26 05:12:57,048:INFO:[Rank-1] val time 16.2390, epoch 198, step  40, loss 1.39208618, auc@1 67.61, auc@5 90.28
2021-05-26 05:13:38,605:INFO:[Rank-1] train time 41.5553, epoch 199, step  49, loss 0.31403708, auc@1 89.89, auc@5 99.30, share 49, std_loss 0.02219716721803558, pre_std_loss 0,  0.30764 0.31217 0.30058 0.33504
2021-05-26 05:13:54,934:INFO:[Rank-1] val time 16.3244, epoch 199, step  40, loss 1.39633613, auc@1 67.57, auc@5 90.21
2021-05-26 05:14:37,149:INFO:[Rank-1] train time 42.2129, epoch 200, step  49, loss 0.31410304, auc@1 89.92, auc@5 99.25, share 49, std_loss 0.008834786931699028, pre_std_loss 0,  0.31780 0.31170 0.30364 0.32316
2021-05-26 05:14:53,341:INFO:[Rank-1] val time 16.1893, epoch 200, step  40, loss 1.39449176, auc@1 67.63, auc@5 90.16
2021-05-26 05:14:53,342:INFO:[Rank-1] finish, train+val 11567.95986, train 8345.84904, reduce_count 9800
