2021-05-25 23:00:26,715:INFO:[Rank-1] args : Namespace(batch=1024, current_time='20210525_230018', dataset='cifar100', epochs=200, ip='192.168.1.1:7548', k=16, loss_std_gap_rate=1.0, lr=0.05, momentum=0.9, name='loss2', rank=1, scheduler_step=80, train_type='loss2', weight_decay=1e-05, world=4)
2021-05-25 23:01:06,153:INFO:[Rank-1] train time 37.7099, epoch   1, step  49, loss 5.13183308, auc@1 1.40, auc@5 6.07, share 10, std_loss 0.13690947254701535, pre_std_loss 0.08364095538854599,  5.19071 5.22362 5.11861 5.76529
2021-05-25 23:01:22,637:INFO:[Rank-1] val time 16.4811, epoch   1, step  40, loss 5.78430821, auc@1 2.09, auc@5 8.96
2021-05-25 23:01:58,829:INFO:[Rank-1] train time 36.1898, epoch   2, step  49, loss 4.55977631, auc@1 2.83, auc@5 12.02, share 3, std_loss 0.08771648995426236, pre_std_loss 0.06333298981189728,  4.69703 4.58754 4.60970 4.52519
2021-05-25 23:02:15,512:INFO:[Rank-1] val time 16.6778, epoch   2, step  40, loss 4.29474232, auc@1 4.80, auc@5 18.04
2021-05-25 23:02:52,044:INFO:[Rank-1] train time 36.5299, epoch   3, step  49, loss 4.26088810, auc@1 5.06, auc@5 19.39, share 3, std_loss 0.054040332077717294, pre_std_loss 0.03718046098947525,  4.35448 4.44168 4.36597 4.26640
2021-05-25 23:03:08,918:INFO:[Rank-1] val time 16.8714, epoch   3, step  40, loss 4.06158083, auc@1 6.32, auc@5 22.66
2021-05-25 23:03:46,215:INFO:[Rank-1] train time 37.2954, epoch   4, step  49, loss 4.08023691, auc@1 6.87, auc@5 24.52, share 12, std_loss 0.03691456254039492, pre_std_loss 0.03660512715578079,  4.10114 4.07238 4.12178 4.03745
2021-05-25 23:04:02,690:INFO:[Rank-1] val time 16.4715, epoch   4, step  40, loss 3.94326596, auc@1 8.94, auc@5 28.24
2021-05-25 23:04:38,845:INFO:[Rank-1] train time 36.1526, epoch   5, step  49, loss 3.98786306, auc@1 7.91, auc@5 27.34, share 6, std_loss 0.039759677359644245, pre_std_loss 0.03354620933532715,  4.02273 3.97033 4.00630 3.94893
2021-05-25 23:04:55,556:INFO:[Rank-1] val time 16.7043, epoch   5, step  40, loss 3.94447634, auc@1 8.37, auc@5 29.38
2021-05-25 23:05:32,646:INFO:[Rank-1] train time 37.0884, epoch   6, step  49, loss 3.91277742, auc@1 8.92, auc@5 29.59, share 13, std_loss 0.034045204634265025, pre_std_loss 0.02747359499335289,  3.94570 3.88398 3.92797 3.90116
2021-05-25 23:05:49,184:INFO:[Rank-1] val time 16.5351, epoch   6, step  40, loss 3.76159695, auc@1 10.68, auc@5 34.10
2021-05-25 23:06:26,515:INFO:[Rank-1] train time 37.3298, epoch   7, step  49, loss 3.83188057, auc@1 10.06, auc@5 32.28, share 11, std_loss 0.03048555841859506, pre_std_loss 0.023909341543912888,  3.86009 3.82428 3.84272 3.80453
2021-05-25 23:06:43,316:INFO:[Rank-1] val time 16.7988, epoch   7, step  40, loss 3.69838973, auc@1 11.66, auc@5 35.58
2021-05-25 23:07:20,601:INFO:[Rank-1] train time 37.2829, epoch   8, step  49, loss 3.75211692, auc@1 11.18, auc@5 34.65, share 14, std_loss 0.03859769560548724, pre_std_loss 0.03810218349099159,  3.79920 3.72853 3.78968 3.72266
2021-05-25 23:07:37,394:INFO:[Rank-1] val time 16.7902, epoch   8, step  40, loss 3.62482806, auc@1 13.73, auc@5 38.58
2021-05-25 23:08:14,775:INFO:[Rank-1] train time 37.3792, epoch   9, step  49, loss 3.71918130, auc@1 11.62, auc@5 35.68, share 13, std_loss 0.04136306784895002, pre_std_loss 0.0423956960439682,  3.76675 3.69352 3.73805 3.67424
2021-05-25 23:08:31,470:INFO:[Rank-1] val time 16.6905, epoch   9, step  40, loss 3.61184903, auc@1 13.86, auc@5 39.28
2021-05-25 23:09:08,331:INFO:[Rank-1] train time 36.8591, epoch  10, step  49, loss 3.63831115, auc@1 13.02, auc@5 37.96, share 8, std_loss 0.04573376548989695, pre_std_loss 0.04051126167178154,  3.70273 3.62525 3.66100 3.60476
2021-05-25 23:09:24,880:INFO:[Rank-1] val time 16.5466, epoch  10, step  40, loss 3.53128978, auc@1 15.53, auc@5 41.91
2021-05-25 23:10:02,264:INFO:[Rank-1] train time 37.3825, epoch  11, step  49, loss 3.58363652, auc@1 13.90, auc@5 39.85, share 13, std_loss 0.03196243599665408, pre_std_loss 0.034991029649972916,  3.64068 3.56589 3.56789 3.57889
2021-05-25 23:10:19,139:INFO:[Rank-1] val time 16.8722, epoch  11, step  40, loss 3.42119334, auc@1 16.57, auc@5 44.89
2021-05-25 23:10:56,701:INFO:[Rank-1] train time 37.5605, epoch  12, step  49, loss 3.50686312, auc@1 15.23, auc@5 41.91, share 10, std_loss 0.06117818375327149, pre_std_loss 0.05585050955414772,  3.57797 3.50222 3.49834 3.44485
2021-05-25 23:11:13,445:INFO:[Rank-1] val time 16.7411, epoch  12, step  40, loss 3.50000932, auc@1 16.25, auc@5 42.70
2021-05-25 23:11:50,466:INFO:[Rank-1] train time 37.0197, epoch  13, step  49, loss 3.50224400, auc@1 15.44, auc@5 42.01, share 10, std_loss 0.04599761985698525, pre_std_loss 0.04659729823470116,  3.55637 3.48726 3.52098 3.45116
2021-05-25 23:12:07,491:INFO:[Rank-1] val time 17.0213, epoch  13, step  40, loss 3.37596041, auc@1 17.36, auc@5 45.58
2021-05-25 23:12:47,101:INFO:[Rank-1] train time 39.5024, epoch  14, step  49, loss 3.42079306, auc@1 16.84, auc@5 44.37, share 16, std_loss 0.046463409096610786, pre_std_loss 0.05355776846408844,  3.49617 3.40701 3.43824 3.36064
2021-05-25 23:13:04,049:INFO:[Rank-1] val time 16.9452, epoch  14, step  40, loss 3.29396805, auc@1 19.65, auc@5 48.50
2021-05-25 23:13:44,246:INFO:[Rank-1] train time 40.1947, epoch  15, step  49, loss 3.35210824, auc@1 18.07, auc@5 46.39, share 20, std_loss 0.045789893830613215, pre_std_loss 0.05853698030114174,  3.42739 3.34237 3.34372 3.28524
2021-05-25 23:14:00,660:INFO:[Rank-1] val time 16.4110, epoch  15, step  40, loss 3.28330451, auc@1 19.79, auc@5 47.95
2021-05-25 23:14:40,487:INFO:[Rank-1] train time 39.8248, epoch  16, step  49, loss 3.30535436, auc@1 19.05, auc@5 47.78, share 12, std_loss 0.07434386090964687, pre_std_loss 0.07196208834648132,  3.38542 3.31148 3.29471 3.21342
2021-05-25 23:14:57,368:INFO:[Rank-1] val time 16.8774, epoch  16, step  40, loss 3.30966288, auc@1 19.31, auc@5 47.81
2021-05-25 23:15:35,634:INFO:[Rank-1] train time 38.2592, epoch  17, step  49, loss 3.27056503, auc@1 19.35, auc@5 48.81, share 8, std_loss 0.07316876940277157, pre_std_loss 0.059222929179668427,  3.34041 3.25454 3.22617 3.20704
2021-05-25 23:15:52,564:INFO:[Rank-1] val time 16.9280, epoch  17, step  40, loss 3.40790445, auc@1 17.45, auc@5 45.18
2021-05-25 23:16:31,319:INFO:[Rank-1] train time 38.7529, epoch  18, step  49, loss 3.23111868, auc@1 20.15, auc@5 49.63, share 6, std_loss 0.08203917118359585, pre_std_loss 0.07519892603158951,  3.35838 3.30634 3.19944 3.20757
2021-05-25 23:16:47,989:INFO:[Rank-1] val time 16.6608, epoch  18, step  40, loss 3.13661268, auc@1 22.32, auc@5 52.27
2021-05-25 23:17:26,902:INFO:[Rank-1] train time 38.9120, epoch  19, step  49, loss 3.14869881, auc@1 22.03, auc@5 51.76, share 8, std_loss 0.0845136538299979, pre_std_loss 0.06427481025457382,  3.23540 3.15571 3.11578 3.09119
2021-05-25 23:17:43,673:INFO:[Rank-1] val time 16.7642, epoch  19, step  40, loss 3.12748247, auc@1 23.25, auc@5 52.97
2021-05-25 23:18:20,836:INFO:[Rank-1] train time 37.1618, epoch  20, step  49, loss 3.11369991, auc@1 22.56, auc@5 52.91, share 8, std_loss 0.07957384933014305, pre_std_loss 0.07391086965799332,  3.19415 3.09236 3.07044 3.01589
2021-05-25 23:18:37,311:INFO:[Rank-1] val time 16.4703, epoch  20, step  40, loss 3.40823135, auc@1 19.52, auc@5 47.72
2021-05-25 23:19:17,097:INFO:[Rank-1] train time 39.7768, epoch  21, step  49, loss 3.12498498, auc@1 22.60, auc@5 52.83, share 15, std_loss 0.055326184523957114, pre_std_loss 0.06219556927680969,  3.20662 3.13340 3.10294 3.05877
2021-05-25 23:19:34,125:INFO:[Rank-1] val time 17.0245, epoch  21, step  40, loss 2.99804033, auc@1 24.34, auc@5 55.43
2021-05-25 23:20:14,484:INFO:[Rank-1] train time 40.3544, epoch  22, step  49, loss 3.01253247, auc@1 24.52, auc@5 55.37, share 17, std_loss 0.06264479686411059, pre_std_loss 0.07314885407686234,  3.11191 3.01979 2.98167 2.94059
2021-05-25 23:20:31,494:INFO:[Rank-1] val time 17.0061, epoch  22, step  40, loss 3.00075663, auc@1 25.68, auc@5 55.97
2021-05-25 23:21:10,538:INFO:[Rank-1] train time 38.9944, epoch  23, step  49, loss 2.95117497, auc@1 25.61, auc@5 56.80, share 13, std_loss 0.08141080959110844, pre_std_loss 0.0858907699584961,  3.08096 2.96389 2.92901 2.86778
2021-05-25 23:21:27,241:INFO:[Rank-1] val time 16.6999, epoch  23, step  40, loss 2.92848169, auc@1 26.60, auc@5 57.69
2021-05-25 23:22:05,613:INFO:[Rank-1] train time 38.3702, epoch  24, step  49, loss 2.91718864, auc@1 26.49, auc@5 57.66, share 14, std_loss 0.08011157597814288, pre_std_loss 0.0875709280371666,  3.01947 2.94715 2.88522 2.81411
2021-05-25 23:22:22,299:INFO:[Rank-1] val time 16.6839, epoch  24, step  40, loss 2.90596269, auc@1 26.91, auc@5 58.19
2021-05-25 23:23:02,567:INFO:[Rank-1] train time 40.2659, epoch  25, step  49, loss 2.86081338, auc@1 27.47, auc@5 59.34, share 19, std_loss 0.08226776541191705, pre_std_loss 0.09391652047634125,  2.98850 2.86580 2.82067 2.77330
2021-05-25 23:23:19,379:INFO:[Rank-1] val time 16.8086, epoch  25, step  40, loss 2.86355665, auc@1 27.21, auc@5 59.11
2021-05-25 23:24:00,576:INFO:[Rank-1] train time 41.1162, epoch  26, step  49, loss 2.83620119, auc@1 27.63, auc@5 59.75, share 18, std_loss 0.07841824116755505, pre_std_loss 0.08953681588172913,  2.94230 2.86049 2.80985 2.73097
2021-05-25 23:24:17,698:INFO:[Rank-1] val time 17.1188, epoch  26, step  40, loss 2.82674849, auc@1 28.47, auc@5 60.26
2021-05-25 23:24:55,807:INFO:[Rank-1] train time 38.1065, epoch  27, step  49, loss 2.76860929, auc@1 29.25, auc@5 61.35, share 10, std_loss 0.08486851137511585, pre_std_loss 0.08541670441627502,  2.87549 2.77309 2.73966 2.67672
2021-05-25 23:25:12,235:INFO:[Rank-1] val time 16.4251, epoch  27, step  40, loss 3.01208534, auc@1 26.13, auc@5 56.58
2021-05-25 23:25:50,633:INFO:[Rank-1] train time 38.3967, epoch  28, step  49, loss 2.78666353, auc@1 29.05, auc@5 60.84, share 16, std_loss 0.10132882439968538, pre_std_loss 0.10441052913665771,  2.93977 2.79563 2.74825 2.69092
2021-05-25 23:26:07,694:INFO:[Rank-1] val time 17.0593, epoch  28, step  40, loss 2.75780114, auc@1 30.35, auc@5 61.19
2021-05-25 23:26:44,789:INFO:[Rank-1] train time 37.0944, epoch  29, step  49, loss 2.70275116, auc@1 30.38, auc@5 62.91, share 12, std_loss 0.11689014367911281, pre_std_loss 0.11125575751066208,  2.85121 2.71801 2.64868 2.59375
2021-05-25 23:27:01,279:INFO:[Rank-1] val time 16.4869, epoch  29, step  40, loss 2.75645535, auc@1 29.48, auc@5 61.69
2021-05-25 23:27:38,841:INFO:[Rank-1] train time 37.5596, epoch  30, step  49, loss 2.67209220, auc@1 31.43, auc@5 63.83, share 14, std_loss 0.09953085135440437, pre_std_loss 0.10652202367782593,  2.80535 2.69424 2.61822 2.55840
2021-05-25 23:27:55,350:INFO:[Rank-1] val time 16.5068, epoch  30, step  40, loss 2.72885588, auc@1 32.19, auc@5 64.46
2021-05-25 23:28:32,781:INFO:[Rank-1] train time 37.4292, epoch  31, step  49, loss 2.59635758, auc@1 32.55, auc@5 65.51, share 13, std_loss 0.11224828082688, pre_std_loss 0.11530023068189621,  2.73125 2.62329 2.57075 2.45382
2021-05-25 23:28:49,834:INFO:[Rank-1] val time 17.0478, epoch  31, step  40, loss 2.62130793, auc@1 32.40, auc@5 64.26
2021-05-25 23:29:27,010:INFO:[Rank-1] train time 37.1751, epoch  32, step  49, loss 2.58014631, auc@1 32.94, auc@5 65.66, share 14, std_loss 0.09955387684155484, pre_std_loss 0.09736138582229614,  2.69630 2.59277 2.52880 2.46861
2021-05-25 23:29:43,594:INFO:[Rank-1] val time 16.5794, epoch  32, step  40, loss 2.74696770, auc@1 31.04, auc@5 62.24
2021-05-25 23:30:21,225:INFO:[Rank-1] train time 37.6292, epoch  33, step  49, loss 2.54801178, auc@1 33.47, auc@5 66.62, share 15, std_loss 0.10396659267800194, pre_std_loss 0.11339887231588364,  2.68515 2.57112 2.51731 2.41272
2021-05-25 23:30:37,891:INFO:[Rank-1] val time 16.6618, epoch  33, step  40, loss 2.50524014, auc@1 35.54, auc@5 67.46
2021-05-25 23:31:15,879:INFO:[Rank-1] train time 37.9863, epoch  34, step  49, loss 2.47768402, auc@1 35.15, auc@5 68.05, share 21, std_loss 0.09121708092944962, pre_std_loss 0.10535728186368942,  2.61649 2.51147 2.44588 2.36762
2021-05-25 23:31:32,541:INFO:[Rank-1] val time 16.6586, epoch  34, step  40, loss 2.48381508, auc@1 35.27, auc@5 67.69
2021-05-25 23:32:09,373:INFO:[Rank-1] train time 36.8299, epoch  35, step  49, loss 2.45035124, auc@1 35.80, auc@5 68.78, share 12, std_loss 0.11877194852853308, pre_std_loss 0.1160832867026329,  2.60554 2.45804 2.42183 2.31400
2021-05-25 23:32:26,255:INFO:[Rank-1] val time 16.8775, epoch  35, step  40, loss 2.48755565, auc@1 35.29, auc@5 68.20
2021-05-25 23:33:03,103:INFO:[Rank-1] train time 36.8463, epoch  36, step  49, loss 2.41758037, auc@1 36.31, auc@5 69.22, share 13, std_loss 0.1259712020353395, pre_std_loss 0.12366554886102676,  2.58644 2.41270 2.35711 2.29506
2021-05-25 23:33:19,528:INFO:[Rank-1] val time 16.4195, epoch  36, step  40, loss 2.54081124, auc@1 34.50, auc@5 67.39
2021-05-25 23:33:57,196:INFO:[Rank-1] train time 37.6675, epoch  37, step  49, loss 2.38757944, auc@1 36.85, auc@5 70.13, share 16, std_loss 0.11573492309876851, pre_std_loss 0.12017020583152771,  2.54752 2.37937 2.37130 2.25562
2021-05-25 23:34:13,905:INFO:[Rank-1] val time 16.7061, epoch  37, step  40, loss 2.35527639, auc@1 37.87, auc@5 70.84
2021-05-25 23:34:51,159:INFO:[Rank-1] train time 37.2530, epoch  38, step  49, loss 2.31832719, auc@1 38.62, auc@5 71.48, share 10, std_loss 0.1382179602372403, pre_std_loss 0.14121976494789124,  2.50017 2.31938 2.28549 2.15955
2021-05-25 23:35:07,923:INFO:[Rank-1] val time 16.7614, epoch  38, step  40, loss 2.58680855, auc@1 34.77, auc@5 67.15
2021-05-25 23:35:45,075:INFO:[Rank-1] train time 37.1502, epoch  39, step  49, loss 2.35274529, auc@1 37.58, auc@5 70.86, share 7, std_loss 0.15212850880866147, pre_std_loss 0.13837918639183044,  2.50714 2.32898 2.26770 2.17995
2021-05-25 23:36:01,696:INFO:[Rank-1] val time 16.6175, epoch  39, step  40, loss 3.10739725, auc@1 25.63, auc@5 56.46
2021-05-25 23:36:38,761:INFO:[Rank-1] train time 37.0641, epoch  40, step  49, loss 2.56235600, auc@1 33.71, auc@5 66.15, share 9, std_loss 0.11672582705410159, pre_std_loss 0.106495700776577,  2.68799 2.51618 2.49144 2.43034
2021-05-25 23:36:55,153:INFO:[Rank-1] val time 16.3868, epoch  40, step  40, loss 2.73546427, auc@1 32.35, auc@5 62.84
2021-05-25 23:37:34,010:INFO:[Rank-1] train time 38.8558, epoch  41, step  49, loss 2.36737776, auc@1 37.60, auc@5 70.61, share 20, std_loss 0.10582994874946926, pre_std_loss 0.12500502169132233,  2.54002 2.34157 2.35211 2.24115
2021-05-25 23:37:50,688:INFO:[Rank-1] val time 16.6732, epoch  41, step  40, loss 2.32013424, auc@1 37.93, auc@5 71.49
2021-05-25 23:38:27,422:INFO:[Rank-1] train time 36.7331, epoch  42, step  49, loss 2.24986553, auc@1 39.87, auc@5 72.95, share 5, std_loss 0.15516449054893183, pre_std_loss 0.138359934091568,  2.41788 2.24612 2.18277 2.06418
2021-05-25 23:38:44,209:INFO:[Rank-1] val time 16.7835, epoch  42, step  40, loss 2.32087007, auc@1 39.33, auc@5 71.07
2021-05-25 23:39:20,999:INFO:[Rank-1] train time 36.7879, epoch  43, step  49, loss 2.20692658, auc@1 40.86, auc@5 73.90, share 10, std_loss 0.13745713218742486, pre_std_loss 0.14044590294361115,  2.40181 2.19224 2.17405 2.06583
2021-05-25 23:39:37,552:INFO:[Rank-1] val time 16.5492, epoch  43, step  40, loss 2.23005180, auc@1 40.24, auc@5 72.80
2021-05-25 23:40:14,580:INFO:[Rank-1] train time 37.0266, epoch  44, step  49, loss 2.14781713, auc@1 42.07, auc@5 75.09, share 5, std_loss 0.15741575615746634, pre_std_loss 0.14075306057929993,  2.33640 2.12680 2.15136 1.99045
2021-05-25 23:40:31,312:INFO:[Rank-1] val time 16.7284, epoch  44, step  40, loss 2.16728956, auc@1 42.89, auc@5 75.13
2021-05-25 23:41:08,580:INFO:[Rank-1] train time 37.2678, epoch  45, step  49, loss 2.10836649, auc@1 43.03, auc@5 76.00, share 9, std_loss 0.13567670161018566, pre_std_loss 0.1258096992969513,  2.35979 2.08594 2.11289 2.02987
2021-05-25 23:41:25,176:INFO:[Rank-1] val time 16.5936, epoch  45, step  40, loss 2.12700568, auc@1 42.91, auc@5 75.15
2021-05-25 23:42:02,676:INFO:[Rank-1] train time 37.4982, epoch  46, step  49, loss 2.06774902, auc@1 43.90, auc@5 76.66, share 12, std_loss 0.15499914528764025, pre_std_loss 0.15792444348335266,  2.28766 2.03687 2.02667 1.91350
2021-05-25 23:42:19,134:INFO:[Rank-1] val time 16.4530, epoch  46, step  40, loss 2.14913546, auc@1 42.45, auc@5 75.46
2021-05-25 23:42:57,859:INFO:[Rank-1] train time 38.7238, epoch  47, step  49, loss 2.06470203, auc@1 44.09, auc@5 76.63, share 21, std_loss 0.10191944074265812, pre_std_loss 0.12785686552524567,  2.24479 2.01885 2.04610 1.95098
2021-05-25 23:43:14,479:INFO:[Rank-1] val time 16.6144, epoch  47, step  40, loss 2.12175033, auc@1 43.82, auc@5 76.22
2021-05-25 23:43:51,827:INFO:[Rank-1] train time 37.3474, epoch  48, step  49, loss 2.00935745, auc@1 45.26, auc@5 77.83, share 11, std_loss 0.14057282099918444, pre_std_loss 0.13125371932983398,  2.20445 1.96708 1.96242 1.86324
2021-05-25 23:44:08,532:INFO:[Rank-1] val time 16.7019, epoch  48, step  40, loss 2.18234554, auc@1 43.21, auc@5 76.22
2021-05-25 23:44:46,610:INFO:[Rank-1] train time 38.0764, epoch  49, step  49, loss 1.99718750, auc@1 45.17, auc@5 77.87, share 20, std_loss 0.1336017844020104, pre_std_loss 0.14586113393306732,  2.21200 1.95590 1.92292 1.88929
2021-05-25 23:45:03,310:INFO:[Rank-1] val time 16.6977, epoch  49, step  40, loss 2.03817109, auc@1 46.65, auc@5 78.15
2021-05-25 23:45:40,582:INFO:[Rank-1] train time 37.2697, epoch  50, step  49, loss 1.96079218, auc@1 46.23, auc@5 78.78, share 8, std_loss 0.16978286085080127, pre_std_loss 0.15594834089279175,  2.16912 1.93031 1.94313 1.79246
2021-05-25 23:45:57,236:INFO:[Rank-1] val time 16.6468, epoch  50, step  40, loss 2.23426818, auc@1 42.89, auc@5 73.97
2021-05-25 23:46:36,204:INFO:[Rank-1] train time 38.9675, epoch  51, step  49, loss 2.05403948, auc@1 44.24, auc@5 77.03, share 22, std_loss 0.15852607482550096, pre_std_loss 0.17451629042625427,  2.30758 2.05550 2.06107 1.86648
2021-05-25 23:46:53,057:INFO:[Rank-1] val time 16.8491, epoch  51, step  40, loss 2.00429510, auc@1 46.10, auc@5 78.26
2021-05-25 23:47:30,932:INFO:[Rank-1] train time 37.8737, epoch  52, step  49, loss 1.92438185, auc@1 46.98, auc@5 79.35, share 17, std_loss 0.1426633185878092, pre_std_loss 0.15522003173828125,  2.14462 1.86930 1.89221 1.78395
2021-05-25 23:47:47,809:INFO:[Rank-1] val time 16.8721, epoch  52, step  40, loss 2.08733171, auc@1 44.69, auc@5 76.37
2021-05-25 23:48:25,678:INFO:[Rank-1] train time 37.8676, epoch  53, step  49, loss 1.99335063, auc@1 45.70, auc@5 78.11, share 16, std_loss 0.1587689899060191, pre_std_loss 0.16347473859786987,  2.20916 1.92590 2.00704 1.82342
2021-05-25 23:48:42,132:INFO:[Rank-1] val time 16.4522, epoch  53, step  40, loss 1.99650460, auc@1 45.16, auc@5 77.75
2021-05-25 23:49:19,038:INFO:[Rank-1] train time 36.9045, epoch  54, step  49, loss 1.89890170, auc@1 47.69, auc@5 79.99, share 6, std_loss 0.1713977133741184, pre_std_loss 0.16435521841049194,  2.10026 1.81611 1.89421 1.70995
2021-05-25 23:49:35,759:INFO:[Rank-1] val time 16.7180, epoch  54, step  40, loss 2.33822787, auc@1 40.83, auc@5 73.87
2021-05-25 23:50:14,513:INFO:[Rank-1] train time 38.7525, epoch  55, step  49, loss 1.93228126, auc@1 47.00, auc@5 79.13, share 18, std_loss 0.14345004166267356, pre_std_loss 0.1480335295200348,  2.14533 1.85652 1.93279 1.81112
2021-05-25 23:50:31,113:INFO:[Rank-1] val time 16.5946, epoch  55, step  40, loss 1.91057289, auc@1 47.73, auc@5 79.48
2021-05-25 23:51:08,636:INFO:[Rank-1] train time 37.5218, epoch  56, step  49, loss 1.81799388, auc@1 49.53, auc@5 81.36, share 14, std_loss 0.15705857684417646, pre_std_loss 0.16015596687793732,  2.04554 1.77506 1.77371 1.67179
2021-05-25 23:51:25,243:INFO:[Rank-1] val time 16.6017, epoch  56, step  40, loss 1.87608342, auc@1 49.28, auc@5 80.75
2021-05-25 23:52:02,408:INFO:[Rank-1] train time 37.1644, epoch  57, step  49, loss 1.77932119, auc@1 50.54, auc@5 82.07, share 9, std_loss 0.15619401968255334, pre_std_loss 0.15014541149139404,  1.99168 1.73670 1.74889 1.64187
2021-05-25 23:52:19,005:INFO:[Rank-1] val time 16.5907, epoch  57, step  40, loss 1.87444576, auc@1 49.35, auc@5 80.12
2021-05-25 23:52:56,474:INFO:[Rank-1] train time 37.4678, epoch  58, step  49, loss 1.75578809, auc@1 50.89, auc@5 82.28, share 12, std_loss 0.15144234409137647, pre_std_loss 0.15113385021686554,  1.97446 1.71760 1.70256 1.61071
2021-05-25 23:53:13,067:INFO:[Rank-1] val time 16.5908, epoch  58, step  40, loss 1.89125015, auc@1 49.12, auc@5 79.75
2021-05-25 23:53:50,210:INFO:[Rank-1] train time 37.1412, epoch  59, step  49, loss 1.75727332, auc@1 51.00, auc@5 82.41, share 6, std_loss 0.15568282500821717, pre_std_loss 0.14746592938899994,  1.94975 1.68857 1.72862 1.57553
2021-05-25 23:54:06,865:INFO:[Rank-1] val time 16.6519, epoch  59, step  40, loss 1.88416184, auc@1 50.12, auc@5 79.94
2021-05-25 23:54:44,440:INFO:[Rank-1] train time 37.5741, epoch  60, step  49, loss 1.72777689, auc@1 51.91, auc@5 82.70, share 15, std_loss 0.16589029133319855, pre_std_loss 0.17152100801467896,  1.97143 1.68378 1.70607 1.56069
2021-05-25 23:55:01,112:INFO:[Rank-1] val time 16.6679, epoch  60, step  40, loss 1.82737533, auc@1 50.15, auc@5 81.25
2021-05-25 23:55:39,017:INFO:[Rank-1] train time 37.9039, epoch  61, step  49, loss 1.70654905, auc@1 52.42, auc@5 83.35, share 17, std_loss 0.16053989560020213, pre_std_loss 0.15863847732543945,  1.92177 1.65538 1.69592 1.55168
2021-05-25 23:55:55,782:INFO:[Rank-1] val time 16.7590, epoch  61, step  40, loss 1.80721651, auc@1 51.34, auc@5 81.57
2021-05-25 23:56:33,868:INFO:[Rank-1] train time 38.0841, epoch  62, step  49, loss 1.66248047, auc@1 53.27, auc@5 83.95, share 19, std_loss 0.15338029453949054, pre_std_loss 0.16465996205806732,  1.89214 1.62773 1.63366 1.49952
2021-05-25 23:56:50,297:INFO:[Rank-1] val time 16.4242, epoch  62, step  40, loss 1.90611805, auc@1 49.27, auc@5 79.80
2021-05-25 23:57:27,466:INFO:[Rank-1] train time 37.1679, epoch  63, step  49, loss 1.69613719, auc@1 52.38, auc@5 83.43, share 9, std_loss 0.1481070834763196, pre_std_loss 0.13725008070468903,  1.87364 1.63731 1.66756 1.54941
2021-05-25 23:57:43,897:INFO:[Rank-1] val time 16.4295, epoch  63, step  40, loss 2.17176279, auc@1 43.23, auc@5 75.20
2021-05-25 23:58:21,532:INFO:[Rank-1] train time 37.6331, epoch  64, step  49, loss 1.69711339, auc@1 52.44, auc@5 83.49, share 15, std_loss 0.12886497256707172, pre_std_loss 0.13283149898052216,  1.87250 1.66055 1.68459 1.55786
2021-05-25 23:58:38,051:INFO:[Rank-1] val time 16.5179, epoch  64, step  40, loss 2.06172627, auc@1 45.49, auc@5 77.89
2021-05-25 23:59:15,878:INFO:[Rank-1] train time 37.8246, epoch  65, step  49, loss 1.68228316, auc@1 52.91, auc@5 83.59, share 16, std_loss 0.15506912190086988, pre_std_loss 0.16720983386039734,  1.91871 1.63445 1.65596 1.52612
2021-05-25 23:59:32,894:INFO:[Rank-1] val time 17.0139, epoch  65, step  40, loss 1.76038396, auc@1 51.69, auc@5 82.19
2021-05-26 00:00:11,198:INFO:[Rank-1] train time 38.3032, epoch  66, step  49, loss 1.61876464, auc@1 54.41, auc@5 84.59, share 13, std_loss 0.1702134609222412, pre_std_loss 0.1718071699142456,  1.84648 1.55520 1.60870 1.43820
2021-05-26 00:00:28,219:INFO:[Rank-1] val time 17.0152, epoch  66, step  40, loss 1.86505920, auc@1 50.30, auc@5 81.43
2021-05-26 00:01:07,360:INFO:[Rank-1] train time 39.1399, epoch  67, step  49, loss 1.61104012, auc@1 54.64, auc@5 84.68, share 18, std_loss 0.14452811178504205, pre_std_loss 0.1529882699251175,  1.83477 1.55132 1.59654 1.48875
2021-05-26 00:01:23,790:INFO:[Rank-1] val time 16.4270, epoch  67, step  40, loss 1.76998360, auc@1 51.57, auc@5 82.11
2021-05-26 00:02:01,634:INFO:[Rank-1] train time 37.8431, epoch  68, step  49, loss 1.55306268, auc@1 55.81, auc@5 85.84, share 13, std_loss 0.15022816113671478, pre_std_loss 0.15283316373825073,  1.75990 1.50252 1.55111 1.39579
2021-05-26 00:02:18,065:INFO:[Rank-1] val time 16.4228, epoch  68, step  40, loss 1.78153155, auc@1 52.78, auc@5 82.47
2021-05-26 00:02:55,870:INFO:[Rank-1] train time 37.8034, epoch  69, step  49, loss 1.54567349, auc@1 56.38, auc@5 85.79, share 13, std_loss 0.14445757607416232, pre_std_loss 0.14813974499702454,  1.74405 1.50691 1.50767 1.38091
2021-05-26 00:03:12,336:INFO:[Rank-1] val time 16.4609, epoch  69, step  40, loss 1.68771084, auc@1 54.07, auc@5 83.08
2021-05-26 00:03:49,642:INFO:[Rank-1] train time 37.3046, epoch  70, step  49, loss 1.58216810, auc@1 55.27, auc@5 85.29, share 7, std_loss 0.1577750140306901, pre_std_loss 0.15350341796875,  1.75425 1.47341 1.54316 1.39426
2021-05-26 00:04:06,101:INFO:[Rank-1] val time 16.4521, epoch  70, step  40, loss 1.97695167, auc@1 48.46, auc@5 78.59
2021-05-26 00:04:43,634:INFO:[Rank-1] train time 37.5301, epoch  71, step  49, loss 1.56105518, auc@1 55.76, auc@5 85.65, share 11, std_loss 0.16585947755648164, pre_std_loss 0.15572485327720642,  1.81569 1.52178 1.61622 1.41453
2021-05-26 00:05:00,404:INFO:[Rank-1] val time 16.7651, epoch  71, step  40, loss 1.71507879, auc@1 53.32, auc@5 83.47
2021-05-26 00:05:38,006:INFO:[Rank-1] train time 37.6006, epoch  72, step  49, loss 1.50746393, auc@1 57.16, auc@5 86.46, share 10, std_loss 0.1579818412357447, pre_std_loss 0.15068738162517548,  1.71926 1.45912 1.48176 1.36510
2021-05-26 00:05:54,593:INFO:[Rank-1] val time 16.5804, epoch  72, step  40, loss 1.90442806, auc@1 51.78, auc@5 82.46
2021-05-26 00:06:31,752:INFO:[Rank-1] train time 37.1571, epoch  73, step  49, loss 1.49875700, auc@1 57.35, auc@5 86.62, share 10, std_loss 0.13361050355799345, pre_std_loss 0.13631567358970642,  1.67359 1.47054 1.50105 1.34378
2021-05-26 00:06:48,407:INFO:[Rank-1] val time 16.6497, epoch  73, step  40, loss 2.07806441, auc@1 47.12, auc@5 78.39
2021-05-26 00:07:27,050:INFO:[Rank-1] train time 38.6419, epoch  74, step  49, loss 1.54906631, auc@1 56.24, auc@5 85.81, share 10, std_loss 0.20120225725125293, pre_std_loss 0.18775597214698792,  1.85678 1.51931 1.54161 1.40416
2021-05-26 00:07:44,394:INFO:[Rank-1] val time 17.3420, epoch  74, step  40, loss 1.72457872, auc@1 53.29, auc@5 83.11
2021-05-26 00:08:24,891:INFO:[Rank-1] train time 40.4896, epoch  75, step  49, loss 1.45592082, auc@1 58.46, auc@5 87.16, share 15, std_loss 0.14091957010784928, pre_std_loss 0.14292743802070618,  1.65201 1.39998 1.43500 1.31676
2021-05-26 00:08:41,711:INFO:[Rank-1] val time 16.8147, epoch  75, step  40, loss 1.62631037, auc@1 55.32, auc@5 84.77
2021-05-26 00:09:19,292:INFO:[Rank-1] train time 37.5795, epoch  76, step  49, loss 1.44451129, auc@1 58.80, auc@5 87.27, share 16, std_loss 0.15696152497311028, pre_std_loss 0.1623593419790268,  1.67027 1.37759 1.42316 1.29207
2021-05-26 00:09:35,767:INFO:[Rank-1] val time 16.4698, epoch  76, step  40, loss 1.68291073, auc@1 55.03, auc@5 84.08
2021-05-26 00:10:13,350:INFO:[Rank-1] train time 37.5812, epoch  77, step  49, loss 1.44940591, auc@1 58.68, auc@5 87.21, share 14, std_loss 0.13806716185443255, pre_std_loss 0.13565391302108765,  1.62655 1.39697 1.46322 1.30486
2021-05-26 00:10:29,843:INFO:[Rank-1] val time 16.4907, epoch  77, step  40, loss 1.74005782, auc@1 53.30, auc@5 83.13
2021-05-26 00:11:07,650:INFO:[Rank-1] train time 37.8057, epoch  78, step  49, loss 1.43238437, auc@1 58.78, auc@5 87.70, share 14, std_loss 0.14474394005172106, pre_std_loss 0.14966340363025665,  1.63925 1.37907 1.43325 1.28034
2021-05-26 00:11:24,379:INFO:[Rank-1] val time 16.7265, epoch  78, step  40, loss 1.71870049, auc@1 54.20, auc@5 83.61
2021-05-26 00:12:01,892:INFO:[Rank-1] train time 37.5124, epoch  79, step  49, loss 1.38803387, auc@1 60.11, auc@5 88.32, share 12, std_loss 0.1575931934069614, pre_std_loss 0.15810909867286682,  1.60100 1.33647 1.37841 1.22936
2021-05-26 00:12:18,441:INFO:[Rank-1] val time 16.5462, epoch  79, step  40, loss 1.63439553, auc@1 55.99, auc@5 84.04
2021-05-26 00:12:55,649:INFO:[Rank-1] train time 37.2012, epoch  80, step  49, loss 1.36498129, auc@1 60.82, auc@5 88.47, share 11, std_loss 0.17315428871281294, pre_std_loss 0.1720283329486847,  1.60689 1.31367 1.32771 1.20651
2021-05-26 00:13:12,217:INFO:[Rank-1] val time 16.5642, epoch  80, step  40, loss 1.72670548, auc@1 54.08, auc@5 82.66
2021-05-26 00:13:49,051:INFO:[Rank-1] train time 36.8325, epoch  81, step  49, loss 1.39318240, auc@1 59.92, auc@5 88.02, share 8, std_loss 0.14515241387547279, pre_std_loss 0.13437509536743164,  1.58214 1.34701 1.38301 1.26575
2021-05-26 00:14:06,008:INFO:[Rank-1] val time 16.9514, epoch  81, step  40, loss 1.63936796, auc@1 55.40, auc@5 84.55
2021-05-26 00:14:43,206:INFO:[Rank-1] train time 37.1953, epoch  82, step  49, loss 1.38879371, auc@1 60.15, auc@5 88.25, share 9, std_loss 0.16202240999864073, pre_std_loss 0.1476311832666397,  1.67056 1.32627 1.44540 1.29697
2021-05-26 00:15:00,175:INFO:[Rank-1] val time 16.9646, epoch  82, step  40, loss 1.58217590, auc@1 56.78, auc@5 85.26
2021-05-26 00:15:37,251:INFO:[Rank-1] train time 37.0752, epoch  83, step  49, loss 1.33008432, auc@1 61.38, auc@5 89.12, share 14, std_loss 0.1382320803038928, pre_std_loss 0.14377543330192566,  1.52287 1.28509 1.31882 1.18041
2021-05-26 00:15:53,740:INFO:[Rank-1] val time 16.4835, epoch  83, step  40, loss 1.64184585, auc@1 55.74, auc@5 84.68
2021-05-26 00:16:30,699:INFO:[Rank-1] train time 36.9577, epoch  84, step  49, loss 1.33203030, auc@1 61.51, auc@5 88.89, share 9, std_loss 0.16371524425185457, pre_std_loss 0.15406827628612518,  1.54558 1.27607 1.29782 1.18021
2021-05-26 00:16:47,416:INFO:[Rank-1] val time 16.7119, epoch  84, step  40, loss 1.61607851, auc@1 55.50, auc@5 84.90
2021-05-26 00:17:25,607:INFO:[Rank-1] train time 38.1895, epoch  85, step  49, loss 1.30549264, auc@1 62.13, auc@5 89.30, share 17, std_loss 0.12911303843162497, pre_std_loss 0.1355622261762619,  1.50066 1.25189 1.30349 1.17045
2021-05-26 00:17:42,402:INFO:[Rank-1] val time 16.7927, epoch  85, step  40, loss 1.64049019, auc@1 56.29, auc@5 85.06
2021-05-26 00:18:20,064:INFO:[Rank-1] train time 37.6615, epoch  86, step  49, loss 1.28543425, auc@1 62.62, auc@5 89.70, share 15, std_loss 0.1375648282012161, pre_std_loss 0.1358024924993515,  1.47779 1.22590 1.28227 1.14883
2021-05-26 00:18:37,031:INFO:[Rank-1] val time 16.9627, epoch  86, step  40, loss 1.49790491, auc@1 58.70, auc@5 86.45
2021-05-26 00:19:14,467:INFO:[Rank-1] train time 37.4348, epoch  87, step  49, loss 1.28291214, auc@1 62.80, auc@5 89.71, share 14, std_loss 0.13329289990420246, pre_std_loss 0.13755808770656586,  1.46729 1.22793 1.28120 1.14408
2021-05-26 00:19:31,478:INFO:[Rank-1] val time 17.0073, epoch  87, step  40, loss 1.78096006, auc@1 53.27, auc@5 83.34
2021-05-26 00:20:08,151:INFO:[Rank-1] train time 36.6719, epoch  88, step  49, loss 1.30400372, auc@1 62.24, auc@5 89.56, share 6, std_loss 0.14408257025845198, pre_std_loss 0.13540183007717133,  1.47466 1.28785 1.30492 1.14394
2021-05-26 00:20:24,976:INFO:[Rank-1] val time 16.8162, epoch  88, step  40, loss 1.59110606, auc@1 56.33, auc@5 85.08
2021-05-26 00:21:02,624:INFO:[Rank-1] train time 37.6470, epoch  89, step  49, loss 1.28399599, auc@1 62.57, auc@5 89.80, share 14, std_loss 0.1160182914867693, pre_std_loss 0.11910474300384521,  1.44908 1.23397 1.29362 1.17110
2021-05-26 00:21:19,158:INFO:[Rank-1] val time 16.5310, epoch  89, step  40, loss 1.54660654, auc@1 57.57, auc@5 86.25
2021-05-26 00:21:56,258:INFO:[Rank-1] train time 37.0979, epoch  90, step  49, loss 1.23202229, auc@1 63.94, auc@5 90.41, share 11, std_loss 0.16169195211663537, pre_std_loss 0.156118243932724,  1.45010 1.16397 1.22379 1.08757
2021-05-26 00:22:12,774:INFO:[Rank-1] val time 16.5092, epoch  90, step  40, loss 1.56281104, auc@1 58.08, auc@5 86.13
2021-05-26 00:22:49,864:INFO:[Rank-1] train time 37.0884, epoch  91, step  49, loss 1.20997965, auc@1 64.54, auc@5 90.77, share 9, std_loss 0.14120532146521977, pre_std_loss 0.13194936513900757,  1.38929 1.15992 1.21140 1.07742
2021-05-26 00:23:06,253:INFO:[Rank-1] val time 16.3828, epoch  91, step  40, loss 1.53921203, auc@1 58.11, auc@5 86.25
2021-05-26 00:23:43,723:INFO:[Rank-1] train time 37.4691, epoch  92, step  49, loss 1.24599600, auc@1 63.64, auc@5 90.30, share 12, std_loss 0.1461513746453791, pre_std_loss 0.13834360241889954,  1.43708 1.18102 1.24964 1.11688
2021-05-26 00:24:00,283:INFO:[Rank-1] val time 16.5546, epoch  92, step  40, loss 1.66888447, auc@1 55.90, auc@5 84.68
2021-05-26 00:24:38,237:INFO:[Rank-1] train time 37.9529, epoch  93, step  49, loss 1.21345532, auc@1 64.70, auc@5 90.67, share 13, std_loss 0.15283037478826483, pre_std_loss 0.14673861861228943,  1.42894 1.15552 1.18064 1.09623
2021-05-26 00:24:54,933:INFO:[Rank-1] val time 16.6897, epoch  93, step  40, loss 1.59222878, auc@1 57.85, auc@5 85.57
2021-05-26 00:25:33,009:INFO:[Rank-1] train time 38.0745, epoch  94, step  49, loss 1.17004359, auc@1 65.65, auc@5 91.32, share 13, std_loss 0.12044974264441705, pre_std_loss 0.12852954864501953,  1.35061 1.11571 1.15969 1.05216
2021-05-26 00:25:49,415:INFO:[Rank-1] val time 16.4030, epoch  94, step  40, loss 1.55287786, auc@1 57.64, auc@5 85.65
2021-05-26 00:26:27,037:INFO:[Rank-1] train time 37.6199, epoch  95, step  49, loss 1.17718434, auc@1 65.37, auc@5 91.21, share 13, std_loss 0.13355969257500708, pre_std_loss 0.13587020337581635,  1.36301 1.15284 1.14338 1.03882
2021-05-26 00:26:43,555:INFO:[Rank-1] val time 16.5119, epoch  95, step  40, loss 1.57581685, auc@1 57.58, auc@5 85.46
2021-05-26 00:27:21,383:INFO:[Rank-1] train time 37.8264, epoch  96, step  49, loss 1.17134845, auc@1 65.42, auc@5 91.40, share 16, std_loss 0.12034910521945175, pre_std_loss 0.1288391649723053,  1.35075 1.11163 1.18088 1.05094
2021-05-26 00:27:38,045:INFO:[Rank-1] val time 16.6593, epoch  96, step  40, loss 1.53025615, auc@1 59.05, auc@5 86.52
2021-05-26 00:28:16,158:INFO:[Rank-1] train time 38.1108, epoch  97, step  49, loss 1.12872314, auc@1 66.73, auc@5 91.84, share 18, std_loss 0.12401466542968945, pre_std_loss 0.13136737048625946,  1.30619 1.08547 1.12262 0.99716
2021-05-26 00:28:32,776:INFO:[Rank-1] val time 16.6160, epoch  97, step  40, loss 1.63131727, auc@1 57.14, auc@5 84.83
2021-05-26 00:29:11,481:INFO:[Rank-1] train time 38.7019, epoch  98, step  49, loss 1.11674285, auc@1 67.04, auc@5 91.94, share 12, std_loss 0.13931380866133436, pre_std_loss 0.13603349030017853,  1.30681 1.06268 1.10976 0.97519
2021-05-26 00:29:28,236:INFO:[Rank-1] val time 16.7493, epoch  98, step  40, loss 1.56411541, auc@1 59.55, auc@5 86.89
2021-05-26 00:30:05,814:INFO:[Rank-1] train time 37.5770, epoch  99, step  49, loss 1.12256181, auc@1 67.00, auc@5 91.79, share 14, std_loss 0.13009372688069634, pre_std_loss 0.13022726774215698,  1.28450 1.07513 1.13716 0.97742
2021-05-26 00:30:22,146:INFO:[Rank-1] val time 16.3273, epoch  99, step  40, loss 1.66358394, auc@1 56.21, auc@5 85.51
2021-05-26 00:30:59,691:INFO:[Rank-1] train time 37.5428, epoch 100, step  49, loss 1.10134745, auc@1 67.49, auc@5 92.20, share 3, std_loss 0.14877207181891616, pre_std_loss 0.13575652241706848,  1.32762 1.10437 1.05852 0.93391
2021-05-26 00:31:16,156:INFO:[Rank-1] val time 16.4582, epoch 100, step  40, loss 1.59908811, auc@1 57.83, auc@5 86.18
2021-05-26 00:31:53,941:INFO:[Rank-1] train time 37.7837, epoch 101, step  49, loss 0.99932092, auc@1 70.33, auc@5 93.17, share 13, std_loss 0.12433972969955327, pre_std_loss 0.11954545974731445,  1.17295 0.98265 0.99797 0.88070
2021-05-26 00:32:10,492:INFO:[Rank-1] val time 16.5478, epoch 101, step  40, loss 1.31022800, auc@1 63.83, auc@5 89.27
2021-05-26 00:32:47,259:INFO:[Rank-1] train time 36.7655, epoch 102, step  49, loss 0.90699393, auc@1 72.82, auc@5 94.17, share 6, std_loss 0.13632253086080356, pre_std_loss 0.12509700655937195,  1.09226 0.85469 0.89616 0.80705
2021-05-26 00:33:03,858:INFO:[Rank-1] val time 16.5957, epoch 102, step  40, loss 1.29339255, auc@1 64.87, auc@5 89.64
2021-05-26 00:33:41,157:INFO:[Rank-1] train time 37.2980, epoch 103, step  49, loss 0.87198585, auc@1 73.81, auc@5 94.59, share 12, std_loss 0.12471133014377282, pre_std_loss 0.12418954819440842,  1.04835 0.82492 0.83759 0.75640
2021-05-26 00:33:57,722:INFO:[Rank-1] val time 16.5599, epoch 103, step  40, loss 1.29830629, auc@1 65.05, auc@5 90.05
2021-05-26 00:34:35,187:INFO:[Rank-1] train time 37.4636, epoch 104, step  49, loss 0.85200834, auc@1 74.32, auc@5 94.82, share 7, std_loss 0.14257902606409423, pre_std_loss 0.12707141041755676,  1.15113 0.84257 0.83418 0.72675
2021-05-26 00:34:51,867:INFO:[Rank-1] val time 16.6744, epoch 104, step  40, loss 1.30531308, auc@1 65.47, auc@5 89.86
2021-05-26 00:35:28,901:INFO:[Rank-1] train time 37.0327, epoch 105, step  49, loss 0.84146357, auc@1 74.58, auc@5 94.84, share 8, std_loss 0.11802423121977826, pre_std_loss 0.11437033116817474,  1.01735 0.80250 0.82344 0.72360
2021-05-26 00:35:45,432:INFO:[Rank-1] val time 16.5276, epoch 105, step  40, loss 1.27424780, auc@1 65.81, auc@5 90.15
2021-05-26 00:36:22,775:INFO:[Rank-1] train time 37.3418, epoch 106, step  49, loss 0.82323045, auc@1 75.13, auc@5 95.15, share 10, std_loss 0.11462568947855307, pre_std_loss 0.11214005947113037,  0.98274 0.79253 0.80384 0.71849
2021-05-26 00:36:39,555:INFO:[Rank-1] val time 16.7776, epoch 106, step  40, loss 1.27617303, auc@1 65.75, auc@5 90.18
2021-05-26 00:37:15,989:INFO:[Rank-1] train time 36.4214, epoch 107, step  49, loss 0.82071710, auc@1 75.13, auc@5 95.07, share 6, std_loss 0.12177036641811838, pre_std_loss 0.11491048336029053,  0.99303 0.77580 0.81407 0.72193
2021-05-26 00:37:32,738:INFO:[Rank-1] val time 16.7460, epoch 107, step  40, loss 1.30212948, auc@1 65.60, auc@5 90.00
2021-05-26 00:38:10,473:INFO:[Rank-1] train time 37.7341, epoch 108, step  49, loss 0.80585462, auc@1 75.77, auc@5 95.28, share 18, std_loss 0.10377382867190303, pre_std_loss 0.11049163341522217,  0.96845 0.75497 0.78540 0.71635
2021-05-26 00:38:27,040:INFO:[Rank-1] val time 16.5618, epoch 108, step  40, loss 1.28614416, auc@1 65.85, auc@5 90.05
2021-05-26 00:39:06,030:INFO:[Rank-1] train time 38.9886, epoch 109, step  49, loss 0.79181767, auc@1 75.89, auc@5 95.40, share 21, std_loss 0.10277460918438677, pre_std_loss 0.11065273731946945,  0.94320 0.76428 0.77894 0.67836
2021-05-26 00:39:22,602:INFO:[Rank-1] val time 16.5670, epoch 109, step  40, loss 1.29699789, auc@1 65.77, auc@5 90.13
2021-05-26 00:40:00,780:INFO:[Rank-1] train time 38.1762, epoch 110, step  49, loss 0.78961641, auc@1 76.01, auc@5 95.37, share 16, std_loss 0.11169758150163962, pre_std_loss 0.11320062726736069,  0.95249 0.77314 0.75244 0.67575
2021-05-26 00:40:17,427:INFO:[Rank-1] val time 16.6385, epoch 110, step  40, loss 1.28373655, auc@1 65.69, auc@5 90.23
2021-05-26 00:40:55,376:INFO:[Rank-1] train time 37.9476, epoch 111, step  49, loss 0.78319883, auc@1 76.15, auc@5 95.41, share 17, std_loss 0.11633343584075266, pre_std_loss 0.11729798465967178,  0.94517 0.74297 0.77437 0.66767
2021-05-26 00:41:12,081:INFO:[Rank-1] val time 16.7027, epoch 111, step  40, loss 1.27760119, auc@1 65.88, auc@5 90.43
2021-05-26 00:41:49,432:INFO:[Rank-1] train time 37.3490, epoch 112, step  49, loss 0.77668959, auc@1 76.28, auc@5 95.44, share 12, std_loss 0.11205382736361756, pre_std_loss 0.11538330465555191,  0.94111 0.72714 0.75650 0.67334
2021-05-26 00:42:05,919:INFO:[Rank-1] val time 16.4839, epoch 112, step  40, loss 1.28365264, auc@1 65.95, auc@5 90.40
2021-05-26 00:42:43,722:INFO:[Rank-1] train time 37.8003, epoch 113, step  49, loss 0.76704341, auc@1 76.48, auc@5 95.74, share 14, std_loss 0.0983514350895979, pre_std_loss 0.11008681356906891,  0.92295 0.73033 0.74833 0.66530
2021-05-26 00:43:00,458:INFO:[Rank-1] val time 16.7309, epoch 113, step  40, loss 1.29079489, auc@1 65.81, auc@5 90.35
2021-05-26 00:43:37,512:INFO:[Rank-1] train time 37.0516, epoch 114, step  49, loss 0.76111203, auc@1 76.61, auc@5 95.68, share 10, std_loss 0.10797319698090456, pre_std_loss 0.10463924705982208,  0.90525 0.72975 0.74908 0.64956
2021-05-26 00:43:54,385:INFO:[Rank-1] val time 16.8691, epoch 114, step  40, loss 1.28989880, auc@1 65.83, auc@5 90.32
2021-05-26 00:44:31,234:INFO:[Rank-1] train time 36.8472, epoch 115, step  49, loss 0.75429869, auc@1 76.94, auc@5 95.83, share 11, std_loss 0.11158228057379625, pre_std_loss 0.11583111435174942,  0.90038 0.71519 0.76526 0.62350
2021-05-26 00:44:47,805:INFO:[Rank-1] val time 16.5680, epoch 115, step  40, loss 1.30269158, auc@1 66.09, auc@5 90.15
2021-05-26 00:45:24,298:INFO:[Rank-1] train time 36.4918, epoch 116, step  49, loss 0.75884271, auc@1 76.64, auc@5 95.69, share 7, std_loss 0.11949468556107307, pre_std_loss 0.11564178019762039,  0.92073 0.71637 0.73774 0.65074
2021-05-26 00:45:40,837:INFO:[Rank-1] val time 16.5327, epoch 116, step  40, loss 1.30873334, auc@1 66.18, auc@5 90.29
2021-05-26 00:46:18,251:INFO:[Rank-1] train time 37.4130, epoch 117, step  49, loss 0.74012500, auc@1 77.23, auc@5 95.86, share 10, std_loss 0.1138576830224115, pre_std_loss 0.11502973735332489,  0.89585 0.70423 0.72674 0.62174
2021-05-26 00:46:34,678:INFO:[Rank-1] val time 16.4234, epoch 117, step  40, loss 1.31174007, auc@1 65.96, auc@5 90.33
2021-05-26 00:47:12,227:INFO:[Rank-1] train time 37.5477, epoch 118, step  49, loss 0.73701960, auc@1 77.53, auc@5 95.93, share 13, std_loss 0.10823273628341909, pre_std_loss 0.11055652797222137,  0.89316 0.68520 0.73595 0.63650
2021-05-26 00:47:28,822:INFO:[Rank-1] val time 16.5889, epoch 118, step  40, loss 1.30111842, auc@1 66.19, auc@5 90.31
2021-05-26 00:48:06,363:INFO:[Rank-1] train time 37.5393, epoch 119, step  49, loss 0.74109435, auc@1 77.13, auc@5 95.89, share 12, std_loss 0.10333498917063888, pre_std_loss 0.10654297471046448,  0.89069 0.69090 0.73217 0.64594
2021-05-26 00:48:23,062:INFO:[Rank-1] val time 16.6956, epoch 119, step  40, loss 1.32423359, auc@1 66.26, auc@5 90.18
2021-05-26 00:49:00,753:INFO:[Rank-1] train time 37.6895, epoch 120, step  49, loss 0.73039025, auc@1 77.64, auc@5 95.97, share 10, std_loss 0.11459049019886523, pre_std_loss 0.1113421842455864,  0.88919 0.68577 0.72119 0.62500
2021-05-26 00:49:17,786:INFO:[Rank-1] val time 17.0287, epoch 120, step  40, loss 1.31186070, auc@1 66.19, auc@5 90.08
2021-05-26 00:49:54,782:INFO:[Rank-1] train time 36.9948, epoch 121, step  49, loss 0.71904397, auc@1 78.11, auc@5 96.07, share 12, std_loss 0.1045396376629265, pre_std_loss 0.10673948377370834,  0.87819 0.68570 0.68329 0.62492
2021-05-26 00:50:11,578:INFO:[Rank-1] val time 16.7906, epoch 121, step  40, loss 1.31839567, auc@1 65.99, auc@5 90.23
2021-05-26 00:50:49,150:INFO:[Rank-1] train time 37.5700, epoch 122, step  49, loss 0.71112156, auc@1 78.29, auc@5 96.17, share 12, std_loss 0.10348571091890335, pre_std_loss 0.11093486100435257,  0.87201 0.68272 0.70120 0.60600
2021-05-26 00:51:05,643:INFO:[Rank-1] val time 16.4912, epoch 122, step  40, loss 1.33506619, auc@1 66.11, auc@5 90.34
2021-05-26 00:51:43,794:INFO:[Rank-1] train time 38.1497, epoch 123, step  49, loss 0.70881540, auc@1 78.17, auc@5 96.16, share 16, std_loss 0.10521410223172635, pre_std_loss 0.11072535067796707,  0.86211 0.67756 0.70780 0.59697
2021-05-26 00:52:00,639:INFO:[Rank-1] val time 16.8429, epoch 123, step  40, loss 1.34109367, auc@1 65.84, auc@5 90.40
2021-05-26 00:52:38,256:INFO:[Rank-1] train time 37.6147, epoch 124, step  49, loss 0.70722705, auc@1 78.26, auc@5 96.34, share 9, std_loss 0.11717166036975626, pre_std_loss 0.10279874503612518,  0.84828 0.66582 0.70767 0.60847
2021-05-26 00:52:55,001:INFO:[Rank-1] val time 16.7413, epoch 124, step  40, loss 1.33284673, auc@1 66.01, auc@5 90.35
2021-05-26 00:53:32,235:INFO:[Rank-1] train time 37.2323, epoch 125, step  49, loss 0.70284700, auc@1 78.38, auc@5 96.21, share 12, std_loss 0.12051947673364562, pre_std_loss 0.12043165415525436,  0.87653 0.64917 0.68789 0.58850
2021-05-26 00:53:48,957:INFO:[Rank-1] val time 16.7185, epoch 125, step  40, loss 1.33479820, auc@1 66.16, auc@5 90.45
2021-05-26 00:54:26,579:INFO:[Rank-1] train time 37.6209, epoch 126, step  49, loss 0.69226998, auc@1 78.67, auc@5 96.45, share 15, std_loss 0.10051387031467593, pre_std_loss 0.11174190789461136,  0.84922 0.64749 0.68154 0.58881
2021-05-26 00:54:43,189:INFO:[Rank-1] val time 16.6069, epoch 126, step  40, loss 1.33556196, auc@1 66.19, auc@5 90.30
2021-05-26 00:55:20,137:INFO:[Rank-1] train time 36.9471, epoch 127, step  49, loss 0.69192076, auc@1 78.57, auc@5 96.35, share 9, std_loss 0.11822597621654977, pre_std_loss 0.1104944497346878,  0.84486 0.66781 0.68053 0.57347
2021-05-26 00:55:37,074:INFO:[Rank-1] val time 16.9317, epoch 127, step  40, loss 1.33762976, auc@1 66.52, auc@5 90.28
2021-05-26 00:56:14,409:INFO:[Rank-1] train time 37.3347, epoch 128, step  49, loss 0.68886703, auc@1 78.67, auc@5 96.37, share 15, std_loss 0.10221086617331115, pre_std_loss 0.10754536837339401,  0.84341 0.64147 0.66971 0.59830
2021-05-26 00:56:30,973:INFO:[Rank-1] val time 16.5606, epoch 128, step  40, loss 1.33374157, auc@1 66.69, auc@5 90.56
2021-05-26 00:57:08,071:INFO:[Rank-1] train time 37.0969, epoch 129, step  49, loss 0.67773330, auc@1 79.09, auc@5 96.43, share 9, std_loss 0.13413311160948813, pre_std_loss 0.12326214462518692,  0.84976 0.63194 0.64699 0.56194
2021-05-26 00:57:24,716:INFO:[Rank-1] val time 16.6417, epoch 129, step  40, loss 1.34869992, auc@1 66.38, auc@5 90.46
2021-05-26 00:58:01,449:INFO:[Rank-1] train time 36.7321, epoch 130, step  49, loss 0.66974127, auc@1 79.32, auc@5 96.61, share 9, std_loss 0.10469334709401033, pre_std_loss 0.10213161259889603,  0.80474 0.62758 0.66375 0.56227
2021-05-26 00:58:17,925:INFO:[Rank-1] val time 16.4729, epoch 130, step  40, loss 1.34185282, auc@1 66.74, auc@5 90.32
2021-05-26 00:58:55,812:INFO:[Rank-1] train time 37.8856, epoch 131, step  49, loss 0.67422515, auc@1 79.21, auc@5 96.55, share 14, std_loss 0.10013917681514001, pre_std_loss 0.1052122563123703,  0.82155 0.65908 0.65121 0.56601
2021-05-26 00:59:12,675:INFO:[Rank-1] val time 16.8574, epoch 131, step  40, loss 1.33255823, auc@1 66.40, auc@5 90.33
2021-05-26 00:59:49,926:INFO:[Rank-1] train time 37.2501, epoch 132, step  49, loss 0.67122352, auc@1 79.19, auc@5 96.57, share 13, std_loss 0.10893882035600896, pre_std_loss 0.10881959646940231,  0.82598 0.62318 0.65793 0.57587
2021-05-26 01:00:06,471:INFO:[Rank-1] val time 16.5403, epoch 132, step  40, loss 1.36143427, auc@1 65.95, auc@5 90.42
2021-05-26 01:00:43,833:INFO:[Rank-1] train time 37.3606, epoch 133, step  49, loss 0.66127408, auc@1 79.56, auc@5 96.57, share 14, std_loss 0.09822376741438496, pre_std_loss 0.1025061160326004,  0.80748 0.63134 0.64732 0.55616
2021-05-26 01:01:00,220:INFO:[Rank-1] val time 16.3819, epoch 133, step  40, loss 1.48233961, auc@1 66.08, auc@5 90.39
2021-05-26 01:01:38,852:INFO:[Rank-1] train time 38.1907, epoch 134, step  49, loss 0.66134208, auc@1 79.55, auc@5 96.70, share 7, std_loss 0.10624430435044425, pre_std_loss 0.10275670140981674,  0.82508 0.63272 0.63029 0.56736
2021-05-26 01:01:55,414:INFO:[Rank-1] val time 16.5596, epoch 134, step  40, loss 1.37317777, auc@1 66.27, auc@5 90.51
2021-05-26 01:02:32,569:INFO:[Rank-1] train time 37.1532, epoch 135, step  49, loss 0.65440995, auc@1 79.59, auc@5 96.77, share 12, std_loss 0.09506323872780313, pre_std_loss 0.09678297489881516,  0.79211 0.64478 0.62498 0.55636
2021-05-26 01:02:49,288:INFO:[Rank-1] val time 16.7137, epoch 135, step  40, loss 1.33138787, auc@1 66.44, auc@5 90.49
2021-05-26 01:03:27,096:INFO:[Rank-1] train time 37.8066, epoch 136, step  49, loss 0.64943796, auc@1 79.99, auc@5 96.79, share 16, std_loss 0.09276404870407921, pre_std_loss 0.09795552492141724,  0.78152 0.61481 0.64667 0.54872
2021-05-26 01:03:43,642:INFO:[Rank-1] val time 16.5413, epoch 136, step  40, loss 1.33002448, auc@1 66.45, auc@5 90.40
2021-05-26 01:04:20,665:INFO:[Rank-1] train time 37.0220, epoch 137, step  49, loss 0.65047729, auc@1 79.69, auc@5 96.76, share 10, std_loss 0.10539818828811451, pre_std_loss 0.10525321215391159,  0.80006 0.62240 0.62463 0.55120
2021-05-26 01:04:37,301:INFO:[Rank-1] val time 16.6311, epoch 137, step  40, loss 1.32383348, auc@1 66.38, auc@5 90.29
2021-05-26 01:05:15,177:INFO:[Rank-1] train time 37.8749, epoch 138, step  49, loss 0.63680416, auc@1 80.29, auc@5 96.93, share 16, std_loss 0.1028666595111088, pre_std_loss 0.10270218551158905,  0.78356 0.60977 0.60820 0.54430
2021-05-26 01:05:31,922:INFO:[Rank-1] val time 16.7429, epoch 138, step  40, loss 1.39844411, auc@1 66.28, auc@5 90.36
2021-05-26 01:06:08,830:INFO:[Rank-1] train time 36.9058, epoch 139, step  49, loss 0.63633335, auc@1 80.23, auc@5 96.88, share 8, std_loss 0.10800813944364081, pre_std_loss 0.10592566430568695,  0.78102 0.60131 0.61623 0.53059
2021-05-26 01:06:25,607:INFO:[Rank-1] val time 16.7717, epoch 139, step  40, loss 1.37421441, auc@1 66.73, auc@5 90.34
2021-05-26 01:07:03,375:INFO:[Rank-1] train time 37.7652, epoch 140, step  49, loss 0.63014174, auc@1 80.41, auc@5 97.04, share 13, std_loss 0.12143785841002756, pre_std_loss 0.1207447499036789,  0.80607 0.60515 0.59883 0.50880
2021-05-26 01:07:19,922:INFO:[Rank-1] val time 16.5435, epoch 140, step  40, loss 1.35569374, auc@1 66.57, auc@5 90.28
2021-05-26 01:07:57,410:INFO:[Rank-1] train time 37.4872, epoch 141, step  49, loss 0.63097107, auc@1 80.32, auc@5 96.90, share 13, std_loss 0.0934574870126588, pre_std_loss 0.09560896456241608,  0.76243 0.59170 0.62726 0.53311
2021-05-26 01:08:14,007:INFO:[Rank-1] val time 16.5937, epoch 141, step  40, loss 1.39258360, auc@1 65.96, auc@5 90.35
2021-05-26 01:08:51,207:INFO:[Rank-1] train time 37.1992, epoch 142, step  49, loss 0.62387878, auc@1 80.62, auc@5 97.05, share 11, std_loss 0.10554097684062257, pre_std_loss 0.10269130766391754,  0.77435 0.59528 0.59017 0.53995
2021-05-26 01:09:07,929:INFO:[Rank-1] val time 16.7199, epoch 142, step  40, loss 1.34970117, auc@1 66.27, auc@5 90.34
2021-05-26 01:09:44,645:INFO:[Rank-1] train time 36.7139, epoch 143, step  49, loss 0.61429393, auc@1 80.94, auc@5 96.96, share 8, std_loss 0.11390850525729511, pre_std_loss 0.11235686391592026,  0.77753 0.57399 0.60162 0.50737
2021-05-26 01:10:01,193:INFO:[Rank-1] val time 16.5386, epoch 143, step  40, loss 1.36312237, auc@1 66.34, auc@5 90.40
2021-05-26 01:10:37,906:INFO:[Rank-1] train time 36.7110, epoch 144, step  49, loss 0.61489832, auc@1 80.84, auc@5 97.10, share 7, std_loss 0.11565046742254374, pre_std_loss 0.10966625064611435,  0.76209 0.59256 0.59809 0.49894
2021-05-26 01:10:54,298:INFO:[Rank-1] val time 16.3892, epoch 144, step  40, loss 1.38193831, auc@1 65.97, auc@5 90.33
2021-05-26 01:11:31,581:INFO:[Rank-1] train time 37.2820, epoch 145, step  49, loss 0.61659217, auc@1 80.67, auc@5 97.00, share 12, std_loss 0.10749733615286496, pre_std_loss 0.10931157320737839,  0.77139 0.59575 0.58021 0.51636
2021-05-26 01:11:48,156:INFO:[Rank-1] val time 16.5728, epoch 145, step  40, loss 1.35149131, auc@1 66.64, auc@5 90.57
2021-05-26 01:12:26,172:INFO:[Rank-1] train time 38.0141, epoch 146, step  49, loss 0.60141033, auc@1 81.05, auc@5 97.17, share 16, std_loss 0.11143442881958825, pre_std_loss 0.11354760080575943,  0.75769 0.55307 0.57279 0.49043
2021-05-26 01:12:42,651:INFO:[Rank-1] val time 16.4738, epoch 146, step  40, loss 1.38462959, auc@1 66.85, auc@5 90.31
2021-05-26 01:13:21,169:INFO:[Rank-1] train time 38.5168, epoch 147, step  49, loss 0.60010391, auc@1 81.21, auc@5 97.16, share 20, std_loss 0.08987481131845591, pre_std_loss 0.10326755046844482,  0.74638 0.57480 0.57691 0.50305
2021-05-26 01:13:37,895:INFO:[Rank-1] val time 16.7191, epoch 147, step  40, loss 1.39909389, auc@1 66.57, auc@5 90.50
2021-05-26 01:14:17,005:INFO:[Rank-1] train time 39.1087, epoch 148, step  49, loss 0.59590125, auc@1 81.37, auc@5 97.13, share 23, std_loss 0.10087213543604831, pre_std_loss 0.10707080364227295,  0.75152 0.55518 0.56695 0.49928
2021-05-26 01:14:33,668:INFO:[Rank-1] val time 16.6578, epoch 148, step  40, loss 1.36853695, auc@1 66.63, auc@5 90.55
2021-05-26 01:15:11,366:INFO:[Rank-1] train time 37.6967, epoch 149, step  49, loss 0.59322661, auc@1 81.30, auc@5 97.23, share 13, std_loss 0.1123956552877718, pre_std_loss 0.10371074080467224,  0.73874 0.56575 0.57863 0.49259
2021-05-26 01:15:27,942:INFO:[Rank-1] val time 16.5721, epoch 149, step  40, loss 1.36909938, auc@1 66.90, auc@5 90.54
2021-05-26 01:16:05,572:INFO:[Rank-1] train time 37.6286, epoch 150, step  49, loss 0.58932310, auc@1 81.74, auc@5 97.34, share 12, std_loss 0.11180891887265809, pre_std_loss 0.10673505812883377,  0.76602 0.54912 0.56561 0.48986
2021-05-26 01:16:22,160:INFO:[Rank-1] val time 16.5830, epoch 150, step  40, loss 1.39024701, auc@1 66.78, auc@5 90.61
2021-05-26 01:16:59,427:INFO:[Rank-1] train time 37.2654, epoch 151, step  49, loss 0.57959974, auc@1 81.71, auc@5 97.33, share 10, std_loss 0.11286799259939972, pre_std_loss 0.10396526753902435,  0.72749 0.52964 0.57347 0.48145
2021-05-26 01:17:15,892:INFO:[Rank-1] val time 16.4624, epoch 151, step  40, loss 1.37330008, auc@1 66.83, auc@5 90.65
2021-05-26 01:17:53,261:INFO:[Rank-1] train time 37.3678, epoch 152, step  49, loss 0.56991655, auc@1 81.90, auc@5 97.44, share 12, std_loss 0.10586580983838256, pre_std_loss 0.10830607265233994,  0.71863 0.54034 0.55394 0.46058
2021-05-26 01:18:10,068:INFO:[Rank-1] val time 16.8020, epoch 152, step  40, loss 1.48291936, auc@1 66.94, auc@5 90.57
2021-05-26 01:18:47,827:INFO:[Rank-1] train time 37.7571, epoch 153, step  49, loss 0.56944603, auc@1 82.30, auc@5 97.36, share 14, std_loss 0.10221644034799264, pre_std_loss 0.10244041681289673,  0.71503 0.53626 0.55280 0.47506
2021-05-26 01:19:04,652:INFO:[Rank-1] val time 16.8223, epoch 153, step  40, loss 1.35412012, auc@1 67.30, auc@5 90.78
2021-05-26 01:19:41,459:INFO:[Rank-1] train time 36.8049, epoch 154, step  49, loss 0.55841452, auc@1 82.43, auc@5 97.49, share 7, std_loss 0.0903337868500729, pre_std_loss 0.08746109157800674,  0.67978 0.53233 0.55045 0.47196
2021-05-26 01:19:58,162:INFO:[Rank-1] val time 16.6985, epoch 154, step  40, loss 1.38232392, auc@1 67.33, auc@5 90.72
2021-05-26 01:20:34,720:INFO:[Rank-1] train time 36.5553, epoch 155, step  49, loss 0.56087458, auc@1 82.49, auc@5 97.42, share 9, std_loss 0.10841166562571818, pre_std_loss 0.10314679890871048,  0.70521 0.52883 0.54264 0.46222
2021-05-26 01:20:51,382:INFO:[Rank-1] val time 16.6579, epoch 155, step  40, loss 1.43864872, auc@1 67.25, auc@5 90.66
2021-05-26 01:21:28,382:INFO:[Rank-1] train time 36.9991, epoch 156, step  49, loss 0.55803633, auc@1 82.30, auc@5 97.49, share 10, std_loss 0.09764504980067817, pre_std_loss 0.09528664499521255,  0.69597 0.52216 0.53486 0.47810
2021-05-26 01:21:45,193:INFO:[Rank-1] val time 16.8075, epoch 156, step  40, loss 1.38774139, auc@1 67.26, auc@5 90.73
2021-05-26 01:22:22,320:INFO:[Rank-1] train time 37.1257, epoch 157, step  49, loss 0.55371654, auc@1 82.68, auc@5 97.57, share 11, std_loss 0.10953151936433753, pre_std_loss 0.10209279507398605,  0.70223 0.52665 0.55920 0.43453
2021-05-26 01:22:39,012:INFO:[Rank-1] val time 16.6865, epoch 157, step  40, loss 1.36796819, auc@1 67.24, auc@5 90.67
2021-05-26 01:23:16,400:INFO:[Rank-1] train time 37.3861, epoch 158, step  49, loss 0.55649537, auc@1 82.53, auc@5 97.54, share 15, std_loss 0.10334371653746585, pre_std_loss 0.10623587667942047,  0.70216 0.52182 0.55023 0.44972
2021-05-26 01:23:32,767:INFO:[Rank-1] val time 16.3643, epoch 158, step  40, loss 1.38863044, auc@1 67.31, auc@5 90.72
2021-05-26 01:24:09,935:INFO:[Rank-1] train time 37.1663, epoch 159, step  49, loss 0.54691732, auc@1 82.79, auc@5 97.62, share 10, std_loss 0.11813645885915172, pre_std_loss 0.10830067843198776,  0.70560 0.52126 0.50067 0.43556
2021-05-26 01:24:26,498:INFO:[Rank-1] val time 16.5594, epoch 159, step  40, loss 1.35821484, auc@1 67.37, auc@5 90.67
2021-05-26 01:25:03,890:INFO:[Rank-1] train time 37.3904, epoch 160, step  49, loss 0.55042857, auc@1 82.67, auc@5 97.47, share 13, std_loss 0.08844796127202559, pre_std_loss 0.0936155840754509,  0.67485 0.53110 0.54355 0.45010
2021-05-26 01:25:20,422:INFO:[Rank-1] val time 16.5272, epoch 160, step  40, loss 1.41413816, auc@1 67.26, auc@5 90.69
2021-05-26 01:25:57,628:INFO:[Rank-1] train time 37.2047, epoch 161, step  49, loss 0.55515939, auc@1 82.50, auc@5 97.43, share 9, std_loss 0.10571872184471208, pre_std_loss 0.10596026480197906,  0.70126 0.51871 0.54458 0.45187
2021-05-26 01:26:14,275:INFO:[Rank-1] val time 16.6435, epoch 161, step  40, loss 1.40779667, auc@1 67.29, auc@5 90.66
2021-05-26 01:26:52,331:INFO:[Rank-1] train time 38.0546, epoch 162, step  49, loss 0.55492955, auc@1 82.49, auc@5 97.56, share 20, std_loss 0.09646494169624484, pre_std_loss 0.10542371869087219,  0.69882 0.52507 0.55234 0.44657
2021-05-26 01:27:09,026:INFO:[Rank-1] val time 16.6893, epoch 162, step  40, loss 1.40627268, auc@1 67.36, auc@5 90.54
2021-05-26 01:27:45,389:INFO:[Rank-1] train time 36.3616, epoch 163, step  49, loss 0.54717392, auc@1 82.85, auc@5 97.57, share 6, std_loss 0.10337285986360238, pre_std_loss 0.10014807432889938,  0.68913 0.51252 0.52746 0.45467
2021-05-26 01:28:01,908:INFO:[Rank-1] val time 16.5166, epoch 163, step  40, loss 1.38163488, auc@1 67.31, auc@5 90.70
2021-05-26 01:28:39,427:INFO:[Rank-1] train time 37.5179, epoch 164, step  49, loss 0.54631835, auc@1 82.86, auc@5 97.62, share 14, std_loss 0.09069806291740767, pre_std_loss 0.09156244993209839,  0.67090 0.53795 0.52811 0.44567
2021-05-26 01:28:56,197:INFO:[Rank-1] val time 16.7679, epoch 164, step  40, loss 1.39161074, auc@1 67.36, auc@5 90.66
2021-05-26 01:29:33,634:INFO:[Rank-1] train time 37.4357, epoch 165, step  49, loss 0.55065560, auc@1 82.68, auc@5 97.67, share 13, std_loss 0.10526200140617331, pre_std_loss 0.10097669064998627,  0.69251 0.51479 0.53736 0.45577
2021-05-26 01:29:50,133:INFO:[Rank-1] val time 16.4946, epoch 165, step  40, loss 1.37044042, auc@1 67.32, auc@5 90.75
2021-05-26 01:30:26,650:INFO:[Rank-1] train time 36.5157, epoch 166, step  49, loss 0.54258800, auc@1 83.01, auc@5 97.63, share 6, std_loss 0.09783078152306225, pre_std_loss 0.09203655272722244,  0.68454 0.52505 0.54158 0.45046
2021-05-26 01:30:43,512:INFO:[Rank-1] val time 16.8547, epoch 166, step  40, loss 1.38297580, auc@1 67.43, auc@5 90.77
2021-05-26 01:31:22,442:INFO:[Rank-1] train time 38.9289, epoch 167, step  49, loss 0.54323405, auc@1 82.82, auc@5 97.64, share 15, std_loss 0.09354462018426583, pre_std_loss 0.09366577118635178,  0.67773 0.51021 0.53196 0.45496
2021-05-26 01:31:39,113:INFO:[Rank-1] val time 16.6663, epoch 167, step  40, loss 1.37710458, auc@1 67.27, auc@5 90.76
2021-05-26 01:32:17,946:INFO:[Rank-1] train time 38.6555, epoch 168, step  49, loss 0.54554224, auc@1 82.70, auc@5 97.59, share 16, std_loss 0.10088577851348994, pre_std_loss 0.10343573242425919,  0.69336 0.51238 0.53019 0.45111
2021-05-26 01:32:34,748:INFO:[Rank-1] val time 16.7995, epoch 168, step  40, loss 1.37080876, auc@1 67.25, auc@5 90.82
2021-05-26 01:33:13,860:INFO:[Rank-1] train time 39.1057, epoch 169, step  49, loss 0.54400218, auc@1 82.70, auc@5 97.59, share 16, std_loss 0.09405446493504, pre_std_loss 0.09589503705501556,  0.68186 0.52269 0.51183 0.46163
2021-05-26 01:33:30,393:INFO:[Rank-1] val time 16.5299, epoch 169, step  40, loss 1.36911303, auc@1 67.31, auc@5 90.72
2021-05-26 01:34:09,168:INFO:[Rank-1] train time 38.7742, epoch 170, step  49, loss 0.54488069, auc@1 83.06, auc@5 97.55, share 17, std_loss 0.09714231054697718, pre_std_loss 0.10363371670246124,  0.69284 0.51532 0.49712 0.44794
2021-05-26 01:34:25,940:INFO:[Rank-1] val time 16.7684, epoch 170, step  40, loss 1.38786421, auc@1 67.22, auc@5 90.78
2021-05-26 01:35:07,330:INFO:[Rank-1] train time 41.3855, epoch 171, step  49, loss 0.54668915, auc@1 82.89, auc@5 97.53, share 18, std_loss 0.09490508723015688, pre_std_loss 0.0992906466126442,  0.69269 0.52914 0.50446 0.46269
2021-05-26 01:35:24,177:INFO:[Rank-1] val time 16.8430, epoch 171, step  40, loss 1.37113325, auc@1 67.33, auc@5 90.85
2021-05-26 01:36:04,416:INFO:[Rank-1] train time 40.2383, epoch 172, step  49, loss 0.54799873, auc@1 82.90, auc@5 97.45, share 13, std_loss 0.10881067690800647, pre_std_loss 0.10744399577379227,  0.70448 0.51758 0.51778 0.45581
2021-05-26 01:36:21,555:INFO:[Rank-1] val time 17.1353, epoch 172, step  40, loss 1.43433894, auc@1 67.35, auc@5 90.80
2021-05-26 01:37:01,157:INFO:[Rank-1] train time 39.5275, epoch 173, step  49, loss 0.54222071, auc@1 82.89, auc@5 97.64, share 11, std_loss 0.09621156980188525, pre_std_loss 0.09797155112028122,  0.67870 0.52080 0.52740 0.44479
2021-05-26 01:37:18,353:INFO:[Rank-1] val time 17.1912, epoch 173, step  40, loss 1.37798124, auc@1 67.26, auc@5 90.72
2021-05-26 01:37:57,362:INFO:[Rank-1] train time 38.9817, epoch 174, step  49, loss 0.54029197, auc@1 82.87, auc@5 97.62, share 9, std_loss 0.09790158743152813, pre_std_loss 0.09612520039081573,  0.67905 0.49779 0.52153 0.45856
2021-05-26 01:38:14,386:INFO:[Rank-1] val time 17.0215, epoch 174, step  40, loss 1.38892307, auc@1 67.21, auc@5 90.67
2021-05-26 01:38:55,487:INFO:[Rank-1] train time 41.0993, epoch 175, step  49, loss 0.53641462, auc@1 83.00, auc@5 97.65, share 5, std_loss 0.10551734268665314, pre_std_loss 0.09638581424951553,  0.66973 0.50861 0.53065 0.44001
2021-05-26 01:39:12,604:INFO:[Rank-1] val time 17.1125, epoch 175, step  40, loss 1.38508373, auc@1 67.20, auc@5 90.65
2021-05-26 01:39:53,565:INFO:[Rank-1] train time 40.9583, epoch 176, step  49, loss 0.54106385, auc@1 82.98, auc@5 97.65, share 21, std_loss 0.08781223888604009, pre_std_loss 0.09670276939868927,  0.67354 0.51565 0.52977 0.44241
2021-05-26 01:40:10,333:INFO:[Rank-1] val time 16.7621, epoch 176, step  40, loss 1.46100403, auc@1 67.13, auc@5 90.59
2021-05-26 01:40:48,739:INFO:[Rank-1] train time 38.4057, epoch 177, step  49, loss 0.53922838, auc@1 83.01, auc@5 97.73, share 15, std_loss 0.09094885478214342, pre_std_loss 0.09646272659301758,  0.67148 0.51358 0.52944 0.43939
2021-05-26 01:41:05,493:INFO:[Rank-1] val time 16.7514, epoch 177, step  40, loss 1.36520328, auc@1 67.35, auc@5 90.75
2021-05-26 01:41:43,938:INFO:[Rank-1] train time 38.4437, epoch 178, step  49, loss 0.53585041, auc@1 83.18, auc@5 97.71, share 16, std_loss 0.09815655238166147, pre_std_loss 0.09953707456588745,  0.68433 0.50861 0.51652 0.44750
2021-05-26 01:42:00,424:INFO:[Rank-1] val time 16.4827, epoch 178, step  40, loss 1.38000368, auc@1 67.42, auc@5 90.66
2021-05-26 01:42:37,902:INFO:[Rank-1] train time 37.4757, epoch 179, step  49, loss 0.53986531, auc@1 83.00, auc@5 97.59, share 8, std_loss 0.10650469104246217, pre_std_loss 0.10206431895494461,  0.70337 0.52849 0.51398 0.44628
2021-05-26 01:42:54,455:INFO:[Rank-1] val time 16.5505, epoch 179, step  40, loss 1.38011415, auc@1 67.37, auc@5 90.69
2021-05-26 01:43:32,098:INFO:[Rank-1] train time 37.6412, epoch 180, step  49, loss 0.53274006, auc@1 83.03, auc@5 97.70, share 11, std_loss 0.10359664930372822, pre_std_loss 0.10091292858123779,  0.66999 0.51115 0.52615 0.42688
2021-05-26 01:43:48,650:INFO:[Rank-1] val time 16.5460, epoch 180, step  40, loss 1.42878253, auc@1 67.44, auc@5 90.71
2021-05-26 01:44:26,441:INFO:[Rank-1] train time 37.7900, epoch 181, step  49, loss 0.53491485, auc@1 83.15, auc@5 97.64, share 13, std_loss 0.10584534430990414, pre_std_loss 0.11027701944112778,  0.68883 0.50776 0.51439 0.42786
2021-05-26 01:44:42,848:INFO:[Rank-1] val time 16.4025, epoch 181, step  40, loss 1.42696667, auc@1 67.18, auc@5 90.74
2021-05-26 01:45:20,663:INFO:[Rank-1] train time 37.8132, epoch 182, step  49, loss 0.53450799, auc@1 83.15, auc@5 97.64, share 16, std_loss 0.0951971714289821, pre_std_loss 0.09945809096097946,  0.67759 0.50092 0.53354 0.43454
2021-05-26 01:45:37,089:INFO:[Rank-1] val time 16.4219, epoch 182, step  40, loss 1.36292885, auc@1 67.40, auc@5 90.81
2021-05-26 01:46:14,874:INFO:[Rank-1] train time 37.7823, epoch 183, step  49, loss 0.53244078, auc@1 83.23, auc@5 97.67, share 13, std_loss 0.08555574760753282, pre_std_loss 0.09116708487272263,  0.66018 0.51537 0.50257 0.44765
2021-05-26 01:46:31,397:INFO:[Rank-1] val time 16.5188, epoch 183, step  40, loss 1.38107667, auc@1 67.44, auc@5 90.83
2021-05-26 01:47:08,936:INFO:[Rank-1] train time 37.4170, epoch 184, step  49, loss 0.53533888, auc@1 83.08, auc@5 97.69, share 15, std_loss 0.09774344840220042, pre_std_loss 0.10274521261453629,  0.68158 0.50266 0.52067 0.43786
2021-05-26 01:47:25,621:INFO:[Rank-1] val time 16.6806, epoch 184, step  40, loss 1.38419895, auc@1 67.39, auc@5 90.73
2021-05-26 01:48:02,509:INFO:[Rank-1] train time 36.8866, epoch 185, step  49, loss 0.53713965, auc@1 83.24, auc@5 97.59, share 5, std_loss 0.10903900238324185, pre_std_loss 0.10422001034021378,  0.68218 0.50862 0.52101 0.43174
2021-05-26 01:48:19,382:INFO:[Rank-1] val time 16.8686, epoch 185, step  40, loss 1.37264593, auc@1 67.39, auc@5 90.82
2021-05-26 01:48:57,716:INFO:[Rank-1] train time 38.3325, epoch 186, step  49, loss 0.53354108, auc@1 83.14, auc@5 97.76, share 18, std_loss 0.08593742017235075, pre_std_loss 0.09224691987037659,  0.66847 0.51023 0.49747 0.46000
2021-05-26 01:49:14,567:INFO:[Rank-1] val time 16.8475, epoch 186, step  40, loss 1.39968267, auc@1 67.52, auc@5 90.75
2021-05-26 01:49:51,781:INFO:[Rank-1] train time 37.2131, epoch 187, step  49, loss 0.53242671, auc@1 83.32, auc@5 97.74, share 13, std_loss 0.09575755301178718, pre_std_loss 0.09639465063810349,  0.66721 0.51066 0.51756 0.43747
2021-05-26 01:50:08,114:INFO:[Rank-1] val time 16.3307, epoch 187, step  40, loss 1.44155201, auc@1 67.39, auc@5 90.65
2021-05-26 01:50:45,824:INFO:[Rank-1] train time 37.7087, epoch 188, step  49, loss 0.53602690, auc@1 83.08, auc@5 97.70, share 18, std_loss 0.09008934037113676, pre_std_loss 0.0954679474234581,  0.67156 0.50177 0.51866 0.44942
2021-05-26 01:51:02,583:INFO:[Rank-1] val time 16.7527, epoch 188, step  40, loss 1.37208936, auc@1 67.44, auc@5 90.82
2021-05-26 01:51:39,947:INFO:[Rank-1] train time 37.3623, epoch 189, step  49, loss 0.53028524, auc@1 83.31, auc@5 97.66, share 13, std_loss 0.10233883042724765, pre_std_loss 0.10212810337543488,  0.67920 0.49366 0.50126 0.44935
2021-05-26 01:51:56,475:INFO:[Rank-1] val time 16.5248, epoch 189, step  40, loss 1.38217954, auc@1 67.39, auc@5 90.73
2021-05-26 01:52:33,961:INFO:[Rank-1] train time 37.4830, epoch 190, step  49, loss 0.53308910, auc@1 83.15, auc@5 97.66, share 12, std_loss 0.1008204522789741, pre_std_loss 0.10150103271007538,  0.67754 0.50574 0.52514 0.42937
2021-05-26 01:52:50,658:INFO:[Rank-1] val time 16.6934, epoch 190, step  40, loss 1.38610633, auc@1 67.36, auc@5 90.86
2021-05-26 01:53:28,153:INFO:[Rank-1] train time 37.4929, epoch 191, step  49, loss 0.53361154, auc@1 83.24, auc@5 97.67, share 11, std_loss 0.10834828779405477, pre_std_loss 0.10288617759943008,  0.68737 0.49204 0.49368 0.45903
2021-05-26 01:53:44,792:INFO:[Rank-1] val time 16.6345, epoch 191, step  40, loss 1.37650448, auc@1 67.46, auc@5 90.81
2021-05-26 01:54:22,754:INFO:[Rank-1] train time 37.9611, epoch 192, step  49, loss 0.52941447, auc@1 83.30, auc@5 97.78, share 11, std_loss 0.09749841902937208, pre_std_loss 0.09633561223745346,  0.66666 0.50695 0.49899 0.44399
2021-05-26 01:54:39,367:INFO:[Rank-1] val time 16.6069, epoch 192, step  40, loss 1.38188365, auc@1 67.46, auc@5 90.69
2021-05-26 01:55:16,817:INFO:[Rank-1] train time 37.4484, epoch 193, step  49, loss 0.52819085, auc@1 83.29, auc@5 97.69, share 16, std_loss 0.08684861660003662, pre_std_loss 0.0924447700381279,  0.65966 0.49730 0.50207 0.44615
2021-05-26 01:55:33,392:INFO:[Rank-1] val time 16.5701, epoch 193, step  40, loss 1.42597255, auc@1 67.41, auc@5 90.82
2021-05-26 01:56:12,035:INFO:[Rank-1] train time 38.6413, epoch 194, step  49, loss 0.53181744, auc@1 83.18, auc@5 97.67, share 22, std_loss 0.08743415575246422, pre_std_loss 0.09783026576042175,  0.66777 0.49728 0.52408 0.43707
2021-05-26 01:56:28,824:INFO:[Rank-1] val time 16.7840, epoch 194, step  40, loss 1.38729106, auc@1 67.34, auc@5 90.77
2021-05-26 01:57:06,258:INFO:[Rank-1] train time 37.4326, epoch 195, step  49, loss 0.53213298, auc@1 83.23, auc@5 97.64, share 11, std_loss 0.09600260230351468, pre_std_loss 0.09692314267158508,  0.66901 0.51136 0.50952 0.44160
2021-05-26 01:57:22,851:INFO:[Rank-1] val time 16.5792, epoch 195, step  40, loss 1.42922700, auc@1 67.48, auc@5 90.72
2021-05-26 01:58:01,078:INFO:[Rank-1] train time 38.2252, epoch 196, step  49, loss 0.53239334, auc@1 83.25, auc@5 97.66, share 13, std_loss 0.10777966191574019, pre_std_loss 0.10604298859834671,  0.68123 0.49961 0.52194 0.43041
2021-05-26 01:58:17,868:INFO:[Rank-1] val time 16.7839, epoch 196, step  40, loss 1.40469801, auc@1 67.47, auc@5 90.68
2021-05-26 01:58:56,204:INFO:[Rank-1] train time 38.3345, epoch 197, step  49, loss 0.52717924, auc@1 83.35, auc@5 97.75, share 10, std_loss 0.09446374258520651, pre_std_loss 0.09141641855239868,  0.67401 0.51283 0.50848 0.43515
2021-05-26 01:59:12,894:INFO:[Rank-1] val time 16.6872, epoch 197, step  40, loss 1.37599831, auc@1 67.39, auc@5 90.73
2021-05-26 01:59:50,338:INFO:[Rank-1] train time 37.4423, epoch 198, step  49, loss 0.53095806, auc@1 83.30, auc@5 97.69, share 9, std_loss 0.10389847840581622, pre_std_loss 0.10095833986997604,  0.67365 0.49935 0.51489 0.43631
2021-05-26 02:00:07,186:INFO:[Rank-1] val time 16.8453, epoch 198, step  40, loss 1.39202217, auc@1 67.43, auc@5 90.68
2021-05-26 02:00:44,768:INFO:[Rank-1] train time 37.5808, epoch 199, step  49, loss 0.53231347, auc@1 83.18, auc@5 97.72, share 9, std_loss 0.09639262453633912, pre_std_loss 0.09401984512805939,  0.67077 0.50307 0.50065 0.45038
2021-05-26 02:01:01,883:INFO:[Rank-1] val time 17.1091, epoch 199, step  40, loss 1.43801184, auc@1 67.47, auc@5 90.81
2021-05-26 02:01:39,644:INFO:[Rank-1] train time 37.7578, epoch 200, step  49, loss 0.53794521, auc@1 83.16, auc@5 97.58, share 13, std_loss 0.10897234538379981, pre_std_loss 0.10596045851707458,  0.68646 0.50195 0.51866 0.43810
2021-05-26 02:01:56,353:INFO:[Rank-1] val time 16.7034, epoch 200, step  40, loss 1.46403307, auc@1 67.26, auc@5 90.71
2021-05-26 02:01:56,354:INFO:[Rank-1] finish, train+val 10888.06750, train 7553.40160, reduce_count 2481
