2021-05-24 21:37:06,663:INFO:[Rank-2] args : Namespace(batch=1024, current_time='20210524_213659', dataset='cifar100', epochs=200, ip='192.168.1.1:7548', k=16, loss_std_gap_rate=1.0, lr=0.1, momentum=0.9, name='loss', rank=2, scheduler_step=80, train_type='loss', weight_decay=0.005, world=4)
2021-05-24 21:37:46,667:INFO:[Rank-2] train time 38.2341, epoch   1, step  49, loss 5.45151329, auc@1 1.37, auc@5 5.70, share 11, std_loss 0.2212519876810969, pre_std_loss 0.15715104341506958,  6.25523 5.55744 6.41434 6.04746
2021-05-24 21:38:02,280:INFO:[Rank-2] val time 15.6099, epoch   1, step  40, loss 4.61120111, auc@1 1.12, auc@5 6.04
2021-05-24 21:38:39,479:INFO:[Rank-2] train time 37.0781, epoch   2, step  49, loss 4.66029358, auc@1 1.78, auc@5 7.78, share 3, std_loss 0.052440851318592926, pre_std_loss 0.02742733620107174,  4.74094 4.72973 5.00077 4.86174
2021-05-24 21:38:55,282:INFO:[Rank-2] val time 15.8011, epoch   2, step  40, loss 4.55730168, auc@1 2.38, auc@5 9.65
2021-05-24 21:39:35,894:INFO:[Rank-2] train time 40.3756, epoch   3, step  49, loss 4.48011303, auc@1 2.49, auc@5 11.11, share 27, std_loss 0.03290322529418128, pre_std_loss 0.04300685599446297,  4.53030 4.43964 4.46091 4.51150
2021-05-24 21:39:51,693:INFO:[Rank-2] val time 15.7968, epoch   3, step  40, loss 4.51799650, auc@1 1.76, auc@5 7.88
2021-05-24 21:40:30,628:INFO:[Rank-2] train time 38.5393, epoch   4, step  49, loss 4.32876778, auc@1 3.41, auc@5 14.95, share 13, std_loss 0.06266620747592984, pre_std_loss 0.06201258301734924,  4.42751 4.29062 4.29949 4.34732
2021-05-24 21:40:46,417:INFO:[Rank-2] val time 15.7868, epoch   4, step  40, loss 4.41478738, auc@1 2.43, auc@5 11.77
2021-05-24 21:41:24,755:INFO:[Rank-2] train time 38.2884, epoch   5, step  49, loss 4.19743299, auc@1 4.50, auc@5 18.50, share 8, std_loss 0.0730885837455185, pre_std_loss 0.06503310799598694,  4.27621 4.14843 4.14183 4.22903
2021-05-24 21:41:40,482:INFO:[Rank-2] val time 15.7244, epoch   5, step  40, loss 4.47530015, auc@1 2.72, auc@5 11.59
2021-05-24 21:42:18,957:INFO:[Rank-2] train time 38.1855, epoch   6, step  49, loss 4.09853172, auc@1 5.57, auc@5 21.70, share 9, std_loss 0.05136929231942916, pre_std_loss 0.044202469289302826,  4.13307 4.06348 4.05997 4.14095
2021-05-24 21:42:34,763:INFO:[Rank-2] val time 15.8034, epoch   6, step  40, loss 4.37234285, auc@1 2.81, auc@5 13.37
2021-05-24 21:43:13,272:INFO:[Rank-2] train time 38.4231, epoch   7, step  49, loss 4.04879379, auc@1 6.24, auc@5 23.46, share 13, std_loss 0.03638027889692053, pre_std_loss 0.03485162928700447,  4.12220 4.01545 4.07358 4.09107
2021-05-24 21:43:29,078:INFO:[Rank-2] val time 15.8045, epoch   7, step  40, loss 4.35489503, auc@1 3.05, auc@5 13.80
2021-05-24 21:44:07,589:INFO:[Rank-2] train time 38.4075, epoch   8, step  49, loss 3.98327136, auc@1 6.95, auc@5 25.81, share 14, std_loss 0.034352345506147464, pre_std_loss 0.028805259615182877,  4.02187 3.94710 3.99583 4.00863
2021-05-24 21:44:23,329:INFO:[Rank-2] val time 15.7376, epoch   8, step  40, loss 4.30498423, auc@1 4.36, auc@5 18.06
2021-05-24 21:45:00,877:INFO:[Rank-2] train time 37.3766, epoch   9, step  49, loss 3.92316365, auc@1 7.97, auc@5 27.96, share 7, std_loss 0.03973368289215224, pre_std_loss 0.03202931582927704,  3.94031 3.87589 3.96004 3.93157
2021-05-24 21:45:16,694:INFO:[Rank-2] val time 15.8145, epoch   9, step  40, loss 4.13029708, auc@1 5.81, auc@5 23.12
2021-05-24 21:45:55,124:INFO:[Rank-2] train time 38.3885, epoch  10, step  49, loss 3.87519479, auc@1 8.73, auc@5 29.85, share 14, std_loss 0.03507767442841919, pre_std_loss 0.03502018004655838,  3.88269 3.82504 3.90354 3.89198
2021-05-24 21:46:10,937:INFO:[Rank-2] val time 15.8105, epoch  10, step  40, loss 4.09321366, auc@1 6.34, auc@5 23.20
2021-05-24 21:46:49,529:INFO:[Rank-2] train time 38.3905, epoch  11, step  49, loss 3.83015442, auc@1 9.34, auc@5 31.00, share 11, std_loss 0.03238780443005416, pre_std_loss 0.027087097987532616,  3.86349 3.79992 3.82303 3.86537
2021-05-24 21:47:05,414:INFO:[Rank-2] val time 15.8824, epoch  11, step  40, loss 3.99442693, auc@1 7.17, auc@5 25.82
2021-05-24 21:47:43,130:INFO:[Rank-2] train time 37.5538, epoch  12, step  49, loss 3.79519510, auc@1 10.16, auc@5 32.62, share 6, std_loss 0.043221622629433264, pre_std_loss 0.03201938793063164,  3.74894 3.72650 3.84248 3.85613
2021-05-24 21:47:58,983:INFO:[Rank-2] val time 15.8515, epoch  12, step  40, loss 3.87929248, auc@1 9.07, auc@5 29.53
2021-05-24 21:48:38,192:INFO:[Rank-2] train time 39.0191, epoch  13, step  49, loss 3.77883744, auc@1 10.20, auc@5 33.19, share 11, std_loss 0.04595559310852265, pre_std_loss 0.037114400416612625,  3.78011 3.73773 3.77674 3.84319
2021-05-24 21:48:53,998:INFO:[Rank-2] val time 15.8024, epoch  13, step  40, loss 3.94845063, auc@1 8.17, auc@5 27.99
2021-05-24 21:49:31,483:INFO:[Rank-2] train time 37.3821, epoch  14, step  49, loss 3.75196815, auc@1 10.68, auc@5 33.91, share 10, std_loss 0.025250285217652515, pre_std_loss 0.023322615772485733,  3.73323 3.72703 3.77495 3.76415
2021-05-24 21:49:47,090:INFO:[Rank-2] val time 15.6054, epoch  14, step  40, loss 4.00159430, auc@1 6.24, auc@5 26.26
2021-05-24 21:50:25,263:INFO:[Rank-2] train time 38.1156, epoch  15, step  49, loss 3.72875905, auc@1 11.18, auc@5 34.93, share 6, std_loss 0.03902068688553207, pre_std_loss 0.030001670122146606,  3.71663 3.70253 3.75205 3.79190
2021-05-24 21:50:41,081:INFO:[Rank-2] val time 15.8146, epoch  15, step  40, loss 3.96778930, auc@1 7.83, auc@5 28.29
2021-05-24 21:51:19,299:INFO:[Rank-2] train time 38.1156, epoch  16, step  49, loss 3.69936872, auc@1 11.28, auc@5 35.61, share 9, std_loss 0.04175703007043624, pre_std_loss 0.0334162600338459,  3.70693 3.65170 3.71492 3.73915
2021-05-24 21:51:35,022:INFO:[Rank-2] val time 15.7197, epoch  16, step  40, loss 4.69558695, auc@1 7.03, auc@5 22.78
2021-05-24 21:52:12,411:INFO:[Rank-2] train time 37.2582, epoch  17, step  49, loss 3.66272855, auc@1 12.13, auc@5 36.98, share 4, std_loss 0.06753193792335842, pre_std_loss 0.0509447306394577,  3.82548 3.54466 3.75513 3.73013
2021-05-24 21:52:28,119:INFO:[Rank-2] val time 15.7062, epoch  17, step  40, loss 3.85061325, auc@1 10.23, auc@5 32.88
2021-05-24 21:53:05,520:INFO:[Rank-2] train time 37.2987, epoch  18, step  49, loss 3.65186882, auc@1 12.42, auc@5 37.28, share 12, std_loss 0.031550618648833156, pre_std_loss 0.03345395252108574,  3.67189 3.62767 3.62428 3.69468
2021-05-24 21:53:21,242:INFO:[Rank-2] val time 15.7199, epoch  18, step  40, loss 3.80385950, auc@1 11.66, auc@5 34.17
2021-05-24 21:54:00,367:INFO:[Rank-2] train time 39.0341, epoch  19, step  49, loss 3.65443301, auc@1 12.33, auc@5 37.22, share 17, std_loss 0.04843535395909329, pre_std_loss 0.04287175461649895,  3.68657 3.60788 3.63087 3.69698
2021-05-24 21:54:16,133:INFO:[Rank-2] val time 15.7639, epoch  19, step  40, loss 3.80734470, auc@1 10.78, auc@5 33.03
2021-05-24 21:54:54,310:INFO:[Rank-2] train time 38.1271, epoch  20, step  49, loss 3.60224247, auc@1 13.39, auc@5 38.81, share 10, std_loss 0.05875029859646243, pre_std_loss 0.059298597276210785,  3.64092 3.53525 3.57123 3.66226
2021-05-24 21:55:10,009:INFO:[Rank-2] val time 15.6963, epoch  20, step  40, loss 4.20589284, auc@1 7.26, auc@5 26.32
2021-05-24 21:55:49,133:INFO:[Rank-2] train time 39.0062, epoch  21, step  49, loss 3.60852742, auc@1 12.92, auc@5 38.48, share 16, std_loss 0.03817763141527468, pre_std_loss 0.04606619104743004,  3.62769 3.56365 3.58685 3.66890
2021-05-24 21:56:04,894:INFO:[Rank-2] val time 15.7585, epoch  21, step  40, loss 4.12120166, auc@1 8.71, auc@5 28.87
2021-05-24 21:56:42,792:INFO:[Rank-2] train time 37.8097, epoch  22, step  49, loss 3.54898000, auc@1 14.17, auc@5 40.44, share 6, std_loss 0.06553065860453917, pre_std_loss 0.05571820214390755,  3.61175 3.48824 3.51495 3.62852
2021-05-24 21:56:58,522:INFO:[Rank-2] val time 15.7264, epoch  22, step  40, loss 3.73829635, auc@1 12.40, auc@5 36.01
2021-05-24 21:57:36,961:INFO:[Rank-2] train time 38.3358, epoch  23, step  49, loss 3.53208065, auc@1 14.45, auc@5 41.00, share 11, std_loss 0.07445731766673984, pre_std_loss 0.0630115419626236,  3.58091 3.52866 3.43383 3.61469
2021-05-24 21:57:52,703:INFO:[Rank-2] val time 15.7402, epoch  23, step  40, loss 3.80958761, auc@1 11.93, auc@5 34.87
2021-05-24 21:58:29,329:INFO:[Rank-2] train time 36.5449, epoch  24, step  49, loss 3.48156881, auc@1 15.29, auc@5 42.27, share 6, std_loss 0.06793285891109584, pre_std_loss 0.05504263564944267,  3.51729 3.43625 3.43418 3.54160
2021-05-24 21:58:45,199:INFO:[Rank-2] val time 15.8673, epoch  24, step  40, loss 4.47091332, auc@1 6.56, auc@5 24.51
2021-05-24 21:59:24,521:INFO:[Rank-2] train time 39.1789, epoch  25, step  49, loss 3.51146340, auc@1 14.58, auc@5 41.39, share 20, std_loss 0.059146338275500705, pre_std_loss 0.07490924745798111,  3.54775 3.50643 3.40693 3.57908
2021-05-24 21:59:40,105:INFO:[Rank-2] val time 15.5824, epoch  25, step  40, loss 3.73809295, auc@1 11.52, auc@5 35.32
2021-05-24 22:00:18,195:INFO:[Rank-2] train time 38.0331, epoch  26, step  49, loss 3.47550321, auc@1 15.49, auc@5 42.90, share 9, std_loss 0.06252358017527328, pre_std_loss 0.053872257471084595,  3.49620 3.46249 3.40569 3.55137
2021-05-24 22:00:33,958:INFO:[Rank-2] val time 15.7592, epoch  26, step  40, loss 3.90546003, auc@1 12.30, auc@5 33.57
2021-05-24 22:01:11,520:INFO:[Rank-2] train time 37.4583, epoch  27, step  49, loss 3.44686437, auc@1 15.83, auc@5 43.68, share 12, std_loss 0.05901450663805008, pre_std_loss 0.06381923705339432,  3.46769 3.44945 3.36213 3.51005
2021-05-24 22:01:27,299:INFO:[Rank-2] val time 15.7758, epoch  27, step  40, loss 4.12966214, auc@1 9.75, auc@5 30.09
2021-05-24 22:02:06,079:INFO:[Rank-2] train time 38.6978, epoch  28, step  49, loss 3.44905376, auc@1 15.97, auc@5 43.61, share 14, std_loss 0.0588828762423019, pre_std_loss 0.06359902769327164,  3.48424 3.43507 3.36039 3.50247
2021-05-24 22:02:21,940:INFO:[Rank-2] val time 15.8597, epoch  28, step  40, loss 4.20715917, auc@1 9.79, auc@5 30.23
2021-05-24 22:02:59,969:INFO:[Rank-2] train time 37.9759, epoch  29, step  49, loss 3.42686057, auc@1 16.59, auc@5 44.24, share 9, std_loss 0.09136302313026116, pre_std_loss 0.08055529743432999,  3.50487 3.38550 3.33162 3.54739
2021-05-24 22:03:15,785:INFO:[Rank-2] val time 15.8131, epoch  29, step  40, loss 3.86719247, auc@1 10.64, auc@5 33.57
2021-05-24 22:03:54,679:INFO:[Rank-2] train time 38.8048, epoch  30, step  49, loss 3.41705632, auc@1 16.77, auc@5 44.56, share 13, std_loss 0.07278520203366572, pre_std_loss 0.07302988320589066,  3.41239 3.46344 3.31354 3.47133
2021-05-24 22:04:10,455:INFO:[Rank-2] val time 15.7732, epoch  30, step  40, loss 3.99972588, auc@1 10.78, auc@5 30.38
2021-05-24 22:04:49,139:INFO:[Rank-2] train time 38.6511, epoch  31, step  49, loss 3.41261029, auc@1 16.52, auc@5 44.79, share 9, std_loss 0.06741965866210509, pre_std_loss 0.059701405465602875,  3.43381 3.43223 3.31098 3.43056
2021-05-24 22:05:04,868:INFO:[Rank-2] val time 15.7263, epoch  31, step  40, loss 3.89930517, auc@1 9.71, auc@5 33.31
2021-05-24 22:05:44,212:INFO:[Rank-2] train time 39.2205, epoch  32, step  49, loss 3.41756749, auc@1 16.68, auc@5 44.84, share 21, std_loss 0.05702817595886941, pre_std_loss 0.06787789613008499,  3.44154 3.43272 3.31900 3.47504
2021-05-24 22:06:00,069:INFO:[Rank-2] val time 15.8549, epoch  32, step  40, loss 3.78888652, auc@1 12.45, auc@5 35.58
2021-05-24 22:06:37,865:INFO:[Rank-2] train time 37.7081, epoch  33, step  49, loss 3.38402629, auc@1 17.17, auc@5 45.65, share 7, std_loss 0.04764241907669573, pre_std_loss 0.04081201180815697,  3.38424 3.41793 3.30613 3.41808
2021-05-24 22:06:53,619:INFO:[Rank-2] val time 15.7518, epoch  33, step  40, loss 3.93761048, auc@1 10.66, auc@5 32.70
2021-05-24 22:07:31,760:INFO:[Rank-2] train time 38.0448, epoch  34, step  49, loss 3.35084414, auc@1 17.80, auc@5 46.45, share 10, std_loss 0.045451357352490326, pre_std_loss 0.04858452081680298,  3.35697 3.39422 3.28148 3.36957
2021-05-24 22:07:47,409:INFO:[Rank-2] val time 15.6461, epoch  34, step  40, loss 3.64338742, auc@1 13.60, auc@5 39.59
2021-05-24 22:08:25,629:INFO:[Rank-2] train time 38.1498, epoch  35, step  49, loss 3.35334396, auc@1 17.63, auc@5 46.49, share 8, std_loss 0.042995294508505234, pre_std_loss 0.0383930429816246,  3.39028 3.38556 3.30118 3.41542
2021-05-24 22:08:41,293:INFO:[Rank-2] val time 15.6619, epoch  35, step  40, loss 3.93610400, auc@1 10.31, auc@5 32.94
2021-05-24 22:09:21,214:INFO:[Rank-2] train time 39.8175, epoch  36, step  49, loss 3.33551502, auc@1 18.06, auc@5 47.11, share 16, std_loss 0.04846610098469014, pre_std_loss 0.05204099789261818,  3.37980 3.37132 3.25295 3.33301
2021-05-24 22:09:37,033:INFO:[Rank-2] val time 15.8167, epoch  36, step  40, loss 3.55580513, auc@1 14.88, auc@5 40.73
2021-05-24 22:10:15,566:INFO:[Rank-2] train time 38.4871, epoch  37, step  49, loss 3.33428431, auc@1 18.06, auc@5 47.25, share 17, std_loss 0.03634542131758466, pre_std_loss 0.043388187885284424,  3.34829 3.37005 3.27109 3.34768
2021-05-24 22:10:31,324:INFO:[Rank-2] val time 15.7553, epoch  37, step  40, loss 4.40857115, auc@1 7.54, auc@5 26.07
2021-05-24 22:11:10,143:INFO:[Rank-2] train time 38.7456, epoch  38, step  49, loss 3.33855820, auc@1 18.26, auc@5 46.71, share 15, std_loss 0.048292528305734904, pre_std_loss 0.04790763556957245,  3.39283 3.40416 3.27298 3.33882
2021-05-24 22:11:25,961:INFO:[Rank-2] val time 15.8159, epoch  38, step  40, loss 3.91306510, auc@1 12.79, auc@5 35.29
2021-05-24 22:12:03,868:INFO:[Rank-2] train time 37.7403, epoch  39, step  49, loss 3.29819012, auc@1 18.58, auc@5 47.95, share 7, std_loss 0.07075256010403438, pre_std_loss 0.059991754591464996,  3.33315 3.34206 3.21106 3.28501
2021-05-24 22:12:19,677:INFO:[Rank-2] val time 15.8056, epoch  39, step  40, loss 3.84094591, auc@1 12.31, auc@5 36.02
2021-05-24 22:12:58,306:INFO:[Rank-2] train time 38.4694, epoch  40, step  49, loss 3.29296350, auc@1 18.69, auc@5 48.03, share 7, std_loss 0.051200799491940716, pre_std_loss 0.04353294521570206,  3.29146 3.36009 3.22541 3.31852
2021-05-24 22:13:14,143:INFO:[Rank-2] val time 15.8343, epoch  40, step  40, loss 4.14516977, auc@1 10.55, auc@5 30.77
2021-05-24 22:13:52,605:INFO:[Rank-2] train time 38.3569, epoch  41, step  49, loss 3.30859995, auc@1 18.83, auc@5 47.57, share 15, std_loss 0.039406089758386414, pre_std_loss 0.05202027037739754,  3.36441 3.32694 3.24041 3.30435
2021-05-24 22:14:08,377:INFO:[Rank-2] val time 15.7691, epoch  41, step  40, loss 3.81306999, auc@1 13.85, auc@5 35.88
2021-05-24 22:14:46,089:INFO:[Rank-2] train time 37.6784, epoch  42, step  49, loss 3.28991055, auc@1 18.75, auc@5 48.28, share 8, std_loss 0.07602516713799262, pre_std_loss 0.06481490284204483,  3.33865 3.34065 3.20724 3.26063
2021-05-24 22:15:01,799:INFO:[Rank-2] val time 15.7066, epoch  42, step  40, loss 4.34267511, auc@1 9.26, auc@5 28.79
2021-05-24 22:15:40,218:INFO:[Rank-2] train time 38.3174, epoch  43, step  49, loss 3.27955127, auc@1 19.10, auc@5 48.66, share 10, std_loss 0.061441809243085434, pre_std_loss 0.05824396386742592,  3.29757 3.36244 3.18929 3.29203
2021-05-24 22:15:56,066:INFO:[Rank-2] val time 15.8460, epoch  43, step  40, loss 4.11491759, auc@1 10.02, auc@5 32.01
2021-05-24 22:16:33,154:INFO:[Rank-2] train time 36.9841, epoch  44, step  49, loss 3.24544239, auc@1 19.75, auc@5 49.44, share 7, std_loss 0.02300983087672871, pre_std_loss 0.021372193470597267,  3.24705 3.26849 3.22475 3.23498
2021-05-24 22:16:48,961:INFO:[Rank-2] val time 15.8045, epoch  44, step  40, loss 4.00543912, auc@1 10.90, auc@5 30.24
2021-05-24 22:17:27,084:INFO:[Rank-2] train time 38.0047, epoch  45, step  49, loss 3.25908184, auc@1 19.65, auc@5 49.26, share 7, std_loss 0.05268712965201358, pre_std_loss 0.04339504987001419,  3.25305 3.31255 3.20670 3.26235
2021-05-24 22:17:42,937:INFO:[Rank-2] val time 15.8489, epoch  45, step  40, loss 4.74452991, auc@1 8.69, auc@5 27.11
2021-05-24 22:18:21,361:INFO:[Rank-2] train time 38.0537, epoch  46, step  49, loss 3.21806192, auc@1 20.20, auc@5 50.42, share 4, std_loss 0.048655299697907606, pre_std_loss 0.031346146017313004,  3.23103 3.25596 3.19294 3.19137
2021-05-24 22:18:37,263:INFO:[Rank-2] val time 15.9000, epoch  46, step  40, loss 4.19288768, auc@1 9.29, auc@5 28.01
2021-05-24 22:19:15,988:INFO:[Rank-2] train time 38.6909, epoch  47, step  49, loss 3.24202728, auc@1 19.85, auc@5 49.59, share 10, std_loss 0.06155044646287451, pre_std_loss 0.05683337152004242,  3.18312 3.27355 3.16100 3.29629
2021-05-24 22:19:31,687:INFO:[Rank-2] val time 15.6966, epoch  47, step  40, loss 3.56637100, auc@1 15.75, auc@5 42.13
2021-05-24 22:20:10,623:INFO:[Rank-2] train time 38.8324, epoch  48, step  49, loss 3.22420287, auc@1 20.27, auc@5 50.22, share 12, std_loss 0.04373474643394655, pre_std_loss 0.04807271808385849,  3.19795 3.28976 3.18348 3.21521
2021-05-24 22:20:26,454:INFO:[Rank-2] val time 15.8285, epoch  48, step  40, loss 3.71202749, auc@1 12.92, auc@5 37.27
2021-05-24 22:21:04,467:INFO:[Rank-2] train time 37.8643, epoch  49, step  49, loss 3.20420909, auc@1 20.61, auc@5 50.60, share 4, std_loss 0.052716540666867276, pre_std_loss 0.028357326984405518,  3.19618 3.34604 3.26187 3.41402
2021-05-24 22:21:20,178:INFO:[Rank-2] val time 15.7089, epoch  49, step  40, loss 3.58464350, auc@1 15.26, auc@5 41.66
2021-05-24 22:21:57,933:INFO:[Rank-2] train time 37.6745, epoch  50, step  49, loss 3.19479775, auc@1 20.81, auc@5 51.04, share 3, std_loss 0.06426284720703047, pre_std_loss 0.039757467806339264,  3.17981 3.27252 3.13689 3.29070
2021-05-24 22:22:13,724:INFO:[Rank-2] val time 15.7883, epoch  50, step  40, loss 3.77188418, auc@1 13.44, auc@5 37.45
2021-05-24 22:22:52,611:INFO:[Rank-2] train time 38.8197, epoch  51, step  49, loss 3.20056319, auc@1 20.31, auc@5 50.83, share 15, std_loss 0.0417760220565358, pre_std_loss 0.045702844858169556,  3.21540 3.23518 3.13369 3.20388
2021-05-24 22:23:08,333:INFO:[Rank-2] val time 15.7198, epoch  51, step  40, loss 3.56145547, auc@1 15.19, auc@5 43.45
2021-05-24 22:23:46,597:INFO:[Rank-2] train time 38.2165, epoch  52, step  49, loss 3.19411755, auc@1 20.82, auc@5 51.09, share 9, std_loss 0.04869361830000975, pre_std_loss 0.036827556788921356,  3.16968 3.21873 3.14008 3.21105
2021-05-24 22:24:02,416:INFO:[Rank-2] val time 15.8166, epoch  52, step  40, loss 4.55180828, auc@1 9.08, auc@5 27.13
2021-05-24 22:24:40,292:INFO:[Rank-2] train time 37.8365, epoch  53, step  49, loss 3.19174123, auc@1 20.71, auc@5 51.01, share 4, std_loss 0.03637715111657673, pre_std_loss 0.01711737923324108,  3.20005 3.19308 3.16860 3.21532
2021-05-24 22:24:56,008:INFO:[Rank-2] val time 15.7138, epoch  53, step  40, loss 3.82894828, auc@1 13.76, auc@5 37.64
2021-05-24 22:25:34,248:INFO:[Rank-2] train time 38.1214, epoch  54, step  49, loss 3.19920850, auc@1 20.60, auc@5 50.71, share 12, std_loss 0.022979044992172598, pre_std_loss 0.020109521225094795,  3.20487 3.22022 3.17404 3.19274
2021-05-24 22:25:49,970:INFO:[Rank-2] val time 15.7191, epoch  54, step  40, loss 3.53497997, auc@1 15.42, auc@5 42.16
2021-05-24 22:26:28,109:INFO:[Rank-2] train time 38.0267, epoch  55, step  49, loss 3.21678948, auc@1 20.62, auc@5 50.37, share 10, std_loss 0.027864426146356428, pre_std_loss 0.02545779012143612,  3.24226 3.18925 3.20402 3.23628
2021-05-24 22:26:43,824:INFO:[Rank-2] val time 15.7124, epoch  55, step  40, loss 4.00562585, auc@1 11.80, auc@5 33.82
2021-05-24 22:27:20,986:INFO:[Rank-2] train time 37.0618, epoch  56, step  49, loss 3.17395258, auc@1 21.14, auc@5 51.76, share 11, std_loss 0.04998409656845793, pre_std_loss 0.0422295406460762,  3.16624 3.21080 3.12072 3.20991
2021-05-24 22:27:36,789:INFO:[Rank-2] val time 15.7999, epoch  56, step  40, loss 4.08626890, auc@1 9.83, auc@5 30.69
2021-05-24 22:28:14,554:INFO:[Rank-2] train time 37.4449, epoch  57, step  49, loss 3.18482351, auc@1 20.93, auc@5 51.36, share 9, std_loss 0.03950546476609853, pre_std_loss 0.035438038408756256,  3.15146 3.17948 3.14329 3.22814
2021-05-24 22:28:30,413:INFO:[Rank-2] val time 15.8569, epoch  57, step  40, loss 4.02888600, auc@1 13.93, auc@5 36.48
2021-05-24 22:29:09,004:INFO:[Rank-2] train time 38.3977, epoch  58, step  49, loss 3.18049312, auc@1 20.77, auc@5 51.37, share 12, std_loss 0.0202792084642819, pre_std_loss 0.02574491687119007,  3.17108 3.18846 3.14154 3.19875
2021-05-24 22:29:24,915:INFO:[Rank-2] val time 15.9085, epoch  58, step  40, loss 4.21704571, auc@1 9.03, auc@5 25.86
2021-05-24 22:30:02,537:INFO:[Rank-2] train time 37.5731, epoch  59, step  49, loss 3.18810773, auc@1 20.80, auc@5 51.39, share 7, std_loss 0.0529994289105644, pre_std_loss 0.03726007044315338,  3.18103 3.20513 3.12946 3.21148
2021-05-24 22:30:18,317:INFO:[Rank-2] val time 15.7786, epoch  59, step  40, loss 3.69144739, auc@1 12.93, auc@5 38.08
2021-05-24 22:30:56,265:INFO:[Rank-2] train time 37.8598, epoch  60, step  49, loss 3.17095375, auc@1 21.06, auc@5 51.67, share 11, std_loss 0.036931777410969445, pre_std_loss 0.029940377920866013,  3.17641 3.18881 3.12888 3.18644
2021-05-24 22:31:11,887:INFO:[Rank-2] val time 15.6197, epoch  60, step  40, loss 3.81010252, auc@1 12.63, auc@5 36.19
2021-05-24 22:31:49,148:INFO:[Rank-2] train time 37.2136, epoch  61, step  49, loss 3.17802906, auc@1 21.03, auc@5 51.52, share 8, std_loss 0.03217765274552666, pre_std_loss 0.020090652629733086,  3.16292 3.20322 3.16499 3.20436
2021-05-24 22:32:04,898:INFO:[Rank-2] val time 15.7469, epoch  61, step  40, loss 3.42041889, auc@1 16.98, auc@5 44.23
2021-05-24 22:32:42,678:INFO:[Rank-2] train time 37.7046, epoch  62, step  49, loss 3.15809584, auc@1 21.41, auc@5 52.26, share 8, std_loss 0.04185102834385269, pre_std_loss 0.0346117727458477,  3.17243 3.17165 3.10274 3.17916
2021-05-24 22:32:58,335:INFO:[Rank-2] val time 15.6547, epoch  62, step  40, loss 3.67963856, auc@1 13.40, auc@5 40.69
2021-05-24 22:33:38,023:INFO:[Rank-2] train time 39.5749, epoch  63, step  49, loss 3.15591812, auc@1 21.58, auc@5 52.14, share 18, std_loss 0.030612748515393053, pre_std_loss 0.03375128284096718,  3.11550 3.17382 3.13343 3.18684
2021-05-24 22:33:53,727:INFO:[Rank-2] val time 15.7012, epoch  63, step  40, loss 3.80685083, auc@1 13.72, auc@5 37.61
2021-05-24 22:34:31,011:INFO:[Rank-2] train time 37.1595, epoch  64, step  49, loss 3.13674307, auc@1 21.63, auc@5 52.70, share 7, std_loss 0.04880661144852638, pre_std_loss 0.04339579865336418,  3.09813 3.17606 3.09242 3.16354
2021-05-24 22:34:46,825:INFO:[Rank-2] val time 15.8125, epoch  64, step  40, loss 4.01458502, auc@1 12.11, auc@5 35.69
2021-05-24 22:35:24,466:INFO:[Rank-2] train time 37.5642, epoch  65, step  49, loss 3.16996741, auc@1 21.21, auc@5 51.76, share 7, std_loss 0.04690995112973816, pre_std_loss 0.03121042624115944,  3.14781 3.22906 3.17545 3.17023
2021-05-24 22:35:40,215:INFO:[Rank-2] val time 15.7466, epoch  65, step  40, loss 3.84383380, auc@1 11.87, auc@5 35.48
2021-05-24 22:36:18,889:INFO:[Rank-2] train time 38.5636, epoch  66, step  49, loss 3.14475489, auc@1 21.88, auc@5 52.30, share 10, std_loss 0.03203643082964177, pre_std_loss 0.03145246207714081,  3.16432 3.15325 3.09772 3.16211
2021-05-24 22:36:34,621:INFO:[Rank-2] val time 15.7295, epoch  66, step  40, loss 4.11240155, auc@1 12.39, auc@5 34.48
2021-05-24 22:37:12,884:INFO:[Rank-2] train time 38.1322, epoch  67, step  49, loss 3.15606594, auc@1 21.42, auc@5 52.40, share 9, std_loss 0.04364502426160841, pre_std_loss 0.04346858337521553,  3.18390 3.24948 3.14767 3.25858
2021-05-24 22:37:28,557:INFO:[Rank-2] val time 15.6696, epoch  67, step  40, loss 4.51157640, auc@1 10.13, auc@5 28.92
2021-05-24 22:38:06,680:INFO:[Rank-2] train time 38.0312, epoch  68, step  49, loss 3.13935184, auc@1 21.97, auc@5 52.78, share 8, std_loss 0.03413050496304522, pre_std_loss 0.014106178656220436,  3.07920 3.19023 3.13695 3.18699
2021-05-24 22:38:22,420:INFO:[Rank-2] val time 15.7375, epoch  68, step  40, loss 4.00398056, auc@1 11.36, auc@5 33.47
2021-05-24 22:38:59,981:INFO:[Rank-2] train time 37.4602, epoch  69, step  49, loss 3.15604067, auc@1 21.66, auc@5 52.03, share 7, std_loss 0.04148662820154307, pre_std_loss 0.03374581038951874,  3.12610 3.14394 3.11862 3.20136
2021-05-24 22:39:15,669:INFO:[Rank-2] val time 15.6853, epoch  69, step  40, loss 3.90768191, auc@1 11.15, auc@5 33.53
2021-05-24 22:39:52,620:INFO:[Rank-2] train time 36.8322, epoch  70, step  49, loss 3.12543273, auc@1 21.97, auc@5 53.06, share 5, std_loss 0.024802169059308207, pre_std_loss 0.015677103772759438,  3.12733 3.09730 3.14346 3.18409
2021-05-24 22:40:08,429:INFO:[Rank-2] val time 15.8060, epoch  70, step  40, loss 3.29261180, auc@1 18.64, auc@5 48.04
2021-05-24 22:40:46,939:INFO:[Rank-2] train time 38.4345, epoch  71, step  49, loss 3.16009712, auc@1 21.39, auc@5 52.19, share 15, std_loss 0.029160088821485335, pre_std_loss 0.039315588772296906,  3.15466 3.23379 3.14683 3.13811
2021-05-24 22:41:02,726:INFO:[Rank-2] val time 15.7846, epoch  71, step  40, loss 3.64958304, auc@1 15.81, auc@5 40.29
2021-05-24 22:41:41,348:INFO:[Rank-2] train time 38.5534, epoch  72, step  49, loss 3.11753774, auc@1 22.23, auc@5 53.21, share 10, std_loss 0.029993019560922166, pre_std_loss 0.016491034999489784,  3.11156 3.13159 3.09712 3.12569
2021-05-24 22:41:57,086:INFO:[Rank-2] val time 15.7355, epoch  72, step  40, loss 3.62497433, auc@1 14.52, auc@5 39.02
2021-05-24 22:42:34,223:INFO:[Rank-2] train time 37.0318, epoch  73, step  49, loss 3.16190720, auc@1 21.58, auc@5 52.05, share 12, std_loss 0.03370328867161761, pre_std_loss 0.024356799200177193,  3.13226 3.19320 3.16515 3.18490
2021-05-24 22:42:50,105:INFO:[Rank-2] val time 15.8803, epoch  73, step  40, loss 3.94102381, auc@1 11.08, auc@5 33.34
2021-05-24 22:43:29,316:INFO:[Rank-2] train time 39.1083, epoch  74, step  49, loss 3.15665746, auc@1 21.72, auc@5 51.97, share 16, std_loss 0.0355201499650673, pre_std_loss 0.0418873094022274,  3.14114 3.19294 3.09847 3.17659
2021-05-24 22:43:45,026:INFO:[Rank-2] val time 15.7076, epoch  74, step  40, loss 3.36302601, auc@1 17.90, auc@5 46.80
2021-05-24 22:44:23,316:INFO:[Rank-2] train time 38.2233, epoch  75, step  49, loss 3.13965678, auc@1 21.91, auc@5 52.65, share 8, std_loss 0.04159980491563982, pre_std_loss 0.0328788161277771,  3.08802 3.17802 3.12162 3.14392
2021-05-24 22:44:38,951:INFO:[Rank-2] val time 15.6318, epoch  75, step  40, loss 3.61079571, auc@1 15.05, auc@5 41.69
2021-05-24 22:45:16,842:INFO:[Rank-2] train time 37.7599, epoch  76, step  49, loss 3.15327811, auc@1 21.68, auc@5 52.44, share 10, std_loss 0.029682508004563197, pre_std_loss 0.025804691016674042,  3.19048 3.14642 3.16498 3.12252
2021-05-24 22:45:32,518:INFO:[Rank-2] val time 15.6716, epoch  76, step  40, loss 3.58326975, auc@1 14.43, auc@5 39.74
2021-05-24 22:46:11,236:INFO:[Rank-2] train time 38.5810, epoch  77, step  49, loss 3.13986588, auc@1 21.98, auc@5 52.51, share 14, std_loss 0.02733786693032907, pre_std_loss 0.031414106488227844,  3.12355 3.15151 3.10580 3.17726
2021-05-24 22:46:26,956:INFO:[Rank-2] val time 15.7161, epoch  77, step  40, loss 3.56297495, auc@1 14.59, auc@5 40.32
2021-05-24 22:47:04,968:INFO:[Rank-2] train time 37.9538, epoch  78, step  49, loss 3.15616989, auc@1 21.73, auc@5 52.30, share 8, std_loss 0.03127676537450479, pre_std_loss 0.023118047043681145,  3.12386 3.17594 3.12022 3.15857
2021-05-24 22:47:20,598:INFO:[Rank-2] val time 15.6279, epoch  78, step  40, loss 3.61208302, auc@1 14.60, auc@5 41.26
2021-05-24 22:47:58,925:INFO:[Rank-2] train time 38.2354, epoch  79, step  49, loss 3.13209939, auc@1 22.17, auc@5 52.63, share 7, std_loss 0.03911339134281995, pre_std_loss 0.02616797387599945,  3.15912 3.15356 3.11884 3.10601
2021-05-24 22:48:14,598:INFO:[Rank-2] val time 15.6697, epoch  79, step  40, loss 4.64103874, auc@1 7.80, auc@5 26.72
2021-05-24 22:48:53,088:INFO:[Rank-2] train time 38.2731, epoch  80, step  49, loss 3.12650967, auc@1 22.06, auc@5 52.68, share 10, std_loss 0.018415510701965922, pre_std_loss 0.013407915830612183,  3.13537 3.12469 3.10752 3.13057
2021-05-24 22:49:09,005:INFO:[Rank-2] val time 15.9140, epoch  80, step  40, loss 3.72132500, auc@1 12.11, auc@5 35.42
2021-05-24 22:49:47,820:INFO:[Rank-2] train time 38.5945, epoch  81, step  49, loss 3.14634562, auc@1 21.73, auc@5 52.56, share 9, std_loss 0.048938814094480206, pre_std_loss 0.03785664588212967,  3.12398 3.17690 3.11844 3.19585
2021-05-24 22:50:03,625:INFO:[Rank-2] val time 15.8032, epoch  81, step  40, loss 3.62165697, auc@1 15.60, auc@5 41.30
2021-05-24 22:50:43,486:INFO:[Rank-2] train time 39.4705, epoch  82, step  49, loss 3.12492323, auc@1 21.98, auc@5 52.99, share 17, std_loss 0.021407991329360068, pre_std_loss 0.029427366331219673,  3.14249 3.13541 3.07805 3.13130
2021-05-24 22:50:59,413:INFO:[Rank-2] val time 15.9241, epoch  82, step  40, loss 3.42159856, auc@1 16.31, auc@5 44.16
2021-05-24 22:51:37,886:INFO:[Rank-2] train time 38.3139, epoch  83, step  49, loss 3.11639428, auc@1 22.13, auc@5 53.06, share 8, std_loss 0.04066783208780143, pre_std_loss 0.02901296876370907,  3.10662 3.23067 3.12257 3.15347
2021-05-24 22:51:53,791:INFO:[Rank-2] val time 15.9034, epoch  83, step  40, loss 3.77307741, auc@1 13.79, auc@5 37.62
2021-05-24 22:52:33,033:INFO:[Rank-2] train time 38.8491, epoch  84, step  49, loss 3.14372253, auc@1 21.55, auc@5 52.42, share 11, std_loss 0.015517275115208966, pre_std_loss 0.014953580684959888,  3.12299 3.14246 3.15198 3.12147
2021-05-24 22:52:48,882:INFO:[Rank-2] val time 15.8466, epoch  84, step  40, loss 4.39262053, auc@1 8.68, auc@5 26.79
2021-05-24 22:53:27,614:INFO:[Rank-2] train time 38.5560, epoch  85, step  49, loss 3.15106535, auc@1 21.66, auc@5 52.39, share 10, std_loss 0.02582357139611731, pre_std_loss 0.023400506004691124,  3.11797 3.14207 3.16187 3.16836
2021-05-24 22:53:43,468:INFO:[Rank-2] val time 15.8510, epoch  85, step  40, loss 3.92408400, auc@1 10.67, auc@5 32.11
2021-05-24 22:54:21,462:INFO:[Rank-2] train time 37.7555, epoch  86, step  49, loss 3.10607147, auc@1 22.76, auc@5 53.54, share 6, std_loss 0.03309274008687662, pre_std_loss 0.01906943880021572,  3.08662 3.13139 3.10455 3.09748
2021-05-24 22:54:37,433:INFO:[Rank-2] val time 15.9685, epoch  86, step  40, loss 4.74859094, auc@1 6.49, auc@5 21.74
2021-05-24 22:55:15,909:INFO:[Rank-2] train time 38.1635, epoch  87, step  49, loss 3.10635900, auc@1 22.35, auc@5 53.44, share 5, std_loss 0.03732870819465238, pre_std_loss 0.022784998640418053,  3.08921 3.12285 3.08561 3.13175
2021-05-24 22:55:31,855:INFO:[Rank-2] val time 15.9430, epoch  87, step  40, loss 3.68600131, auc@1 13.50, auc@5 38.61
2021-05-24 22:56:11,087:INFO:[Rank-2] train time 39.0541, epoch  88, step  49, loss 3.12316942, auc@1 22.37, auc@5 53.28, share 14, std_loss 0.04089124915095008, pre_std_loss 0.039084333926439285,  3.12644 3.18364 3.10596 3.08839
2021-05-24 22:56:27,035:INFO:[Rank-2] val time 15.9461, epoch  88, step  40, loss 3.86662216, auc@1 12.16, auc@5 34.92
2021-05-24 22:57:06,411:INFO:[Rank-2] train time 39.0437, epoch  89, step  49, loss 3.11136627, auc@1 22.31, auc@5 53.31, share 9, std_loss 0.026594950570439806, pre_std_loss 0.02050674706697464,  3.09111 3.09465 3.12588 3.13044
2021-05-24 22:57:22,283:INFO:[Rank-2] val time 15.8681, epoch  89, step  40, loss 4.23336075, auc@1 11.63, auc@5 34.32
2021-05-24 22:58:01,493:INFO:[Rank-2] train time 38.9521, epoch  90, step  49, loss 3.14399791, auc@1 21.78, auc@5 52.58, share 13, std_loss 0.018972069899342497, pre_std_loss 0.020474864169955254,  3.12462 3.16773 3.12493 3.14513
2021-05-24 22:58:17,415:INFO:[Rank-2] val time 15.9203, epoch  90, step  40, loss 4.29718874, auc@1 11.01, auc@5 29.48
2021-05-24 22:58:56,115:INFO:[Rank-2] train time 38.4565, epoch  91, step  49, loss 3.09412813, auc@1 22.52, auc@5 53.97, share 7, std_loss 0.026094484732163196, pre_std_loss 0.01693943701684475,  3.08656 3.08312 3.08955 3.11704
2021-05-24 22:59:12,193:INFO:[Rank-2] val time 16.0740, epoch  91, step  40, loss 4.30265701, auc@1 9.32, auc@5 29.23
2021-05-24 22:59:50,203:INFO:[Rank-2] train time 37.7322, epoch  92, step  49, loss 3.11613250, auc@1 22.19, auc@5 53.39, share 4, std_loss 0.03897255689513927, pre_std_loss 0.02205895446240902,  3.09103 3.11593 3.11935 3.14496
2021-05-24 23:00:06,149:INFO:[Rank-2] val time 15.9422, epoch  92, step  40, loss 3.60911297, auc@1 15.58, auc@5 41.33
2021-05-24 23:00:44,964:INFO:[Rank-2] train time 38.5420, epoch  93, step  49, loss 3.10816574, auc@1 22.41, auc@5 53.45, share 9, std_loss 0.03215764364113613, pre_std_loss 0.030116509646177292,  3.13683 3.06564 3.08638 3.13220
2021-05-24 23:01:00,811:INFO:[Rank-2] val time 15.8446, epoch  93, step  40, loss 4.35069444, auc@1 10.21, auc@5 30.15
2021-05-24 23:01:39,075:INFO:[Rank-2] train time 38.0901, epoch  94, step  49, loss 3.09821272, auc@1 22.54, auc@5 53.57, share 9, std_loss 0.02525049033669793, pre_std_loss 0.020023496821522713,  3.07493 3.10907 3.08731 3.11885
2021-05-24 23:01:54,971:INFO:[Rank-2] val time 15.8925, epoch  94, step  40, loss 3.58153095, auc@1 15.22, auc@5 42.36
2021-05-24 23:02:32,730:INFO:[Rank-2] train time 37.6163, epoch  95, step  49, loss 3.09741259, auc@1 22.53, auc@5 53.87, share 5, std_loss 0.05485391426755457, pre_std_loss 0.036688074469566345,  3.07756 3.16588 3.07868 3.10380
2021-05-24 23:02:48,744:INFO:[Rank-2] val time 16.0110, epoch  95, step  40, loss 3.52260169, auc@1 16.83, auc@5 42.67
2021-05-24 23:03:26,958:INFO:[Rank-2] train time 38.0501, epoch  96, step  49, loss 3.10262346, auc@1 22.20, auc@5 53.73, share 8, std_loss 0.04403381224493591, pre_std_loss 0.041294071823358536,  3.07269 3.09115 3.07854 3.16242
2021-05-24 23:03:42,981:INFO:[Rank-2] val time 16.0181, epoch  96, step  40, loss 3.93912289, auc@1 11.81, auc@5 35.93
2021-05-24 23:04:20,807:INFO:[Rank-2] train time 37.6972, epoch  97, step  49, loss 3.06657505, auc@1 23.49, auc@5 54.41, share 3, std_loss 0.031257412624450365, pre_std_loss 0.01615491881966591,  3.05998 3.08957 3.05544 3.06065
2021-05-24 23:04:36,732:INFO:[Rank-2] val time 15.9219, epoch  97, step  40, loss 3.70316183, auc@1 13.33, auc@5 37.66
2021-05-24 23:05:15,539:INFO:[Rank-2] train time 38.5760, epoch  98, step  49, loss 3.08049464, auc@1 22.83, auc@5 54.33, share 5, std_loss 0.027698369259584923, pre_std_loss 0.012292441911995411,  3.04755 3.08372 3.10721 3.04873
2021-05-24 23:05:31,538:INFO:[Rank-2] val time 15.9973, epoch  98, step  40, loss 4.12296592, auc@1 11.50, auc@5 32.98
2021-05-24 23:06:10,179:INFO:[Rank-2] train time 38.2315, epoch  99, step  49, loss 3.12104177, auc@1 22.11, auc@5 53.23, share 11, std_loss 0.020106885411149383, pre_std_loss 0.010435336269438267,  3.12711 3.10780 3.11252 3.12866
2021-05-24 23:06:26,067:INFO:[Rank-2] val time 15.8866, epoch  99, step  40, loss 4.34274174, auc@1 11.83, auc@5 33.52
2021-05-24 23:07:05,099:INFO:[Rank-2] train time 38.6547, epoch 100, step  49, loss 3.10724616, auc@1 22.45, auc@5 53.51, share 10, std_loss 0.03197914082556963, pre_std_loss 0.022591307759284973,  3.12594 3.11524 3.13974 3.03941
2021-05-24 23:07:20,989:INFO:[Rank-2] val time 15.8880, epoch 100, step  40, loss 3.40953866, auc@1 17.43, auc@5 45.40
2021-05-24 23:07:59,779:INFO:[Rank-2] train time 38.5610, epoch 101, step  49, loss 2.86769509, auc@1 27.55, auc@5 59.82, share 4, std_loss 0.027074504225533837, pre_std_loss 0.012030871585011482,  2.90644 2.90599 2.90345 2.86980
2021-05-24 23:08:15,712:INFO:[Rank-2] val time 15.9295, epoch 101, step  40, loss 2.67375967, auc@1 31.79, auc@5 64.09
2021-05-24 23:08:54,942:INFO:[Rank-2] train time 38.9348, epoch 102, step  49, loss 2.66576719, auc@1 31.87, auc@5 65.14, share 13, std_loss 0.021571663521914457, pre_std_loss 0.019995151087641716,  2.67703 2.64419 2.66569 2.69579
2021-05-24 23:09:10,879:INFO:[Rank-2] val time 15.9334, epoch 102, step  40, loss 2.56737292, auc@1 34.04, auc@5 66.58
2021-05-24 23:09:50,538:INFO:[Rank-2] train time 39.4060, epoch 103, step  49, loss 2.60596228, auc@1 32.99, auc@5 66.35, share 15, std_loss 0.012362719587126404, pre_std_loss 0.014636222273111343,  2.58886 2.61584 2.59343 2.61672
2021-05-24 23:10:06,528:INFO:[Rank-2] val time 15.9876, epoch 103, step  40, loss 2.54287068, auc@1 34.53, auc@5 66.90
2021-05-24 23:10:45,591:INFO:[Rank-2] train time 38.6181, epoch 104, step  49, loss 2.56315303, auc@1 34.06, auc@5 66.96, share 7, std_loss 0.027558336091436902, pre_std_loss 0.011566659435629845,  2.56834 2.58113 2.57054 2.53948
2021-05-24 23:11:01,621:INFO:[Rank-2] val time 16.0268, epoch 104, step  40, loss 2.47037404, auc@1 35.70, auc@5 68.32
2021-05-24 23:11:40,022:INFO:[Rank-2] train time 38.1986, epoch 105, step  49, loss 2.52541995, auc@1 34.57, auc@5 67.83, share 9, std_loss 0.016974658287149304, pre_std_loss 0.009740492329001427,  2.51629 2.52840 2.51787 2.53710
2021-05-24 23:11:55,869:INFO:[Rank-2] val time 15.8450, epoch 105, step  40, loss 2.47117190, auc@1 35.40, auc@5 68.21
2021-05-24 23:12:34,392:INFO:[Rank-2] train time 38.2109, epoch 106, step  49, loss 2.49759603, auc@1 35.30, auc@5 68.39, share 8, std_loss 0.021015648140895123, pre_std_loss 0.018603183329105377,  2.51016 2.51765 2.47522 2.48322
2021-05-24 23:12:50,370:INFO:[Rank-2] val time 15.9762, epoch 106, step  40, loss 2.44213300, auc@1 36.14, auc@5 69.18
2021-05-24 23:13:29,517:INFO:[Rank-2] train time 38.8194, epoch 107, step  49, loss 2.47361708, auc@1 35.69, auc@5 68.91, share 10, std_loss 0.025710778538973963, pre_std_loss 0.016271214932203293,  2.44624 2.46708 2.50543 2.48941
2021-05-24 23:13:45,440:INFO:[Rank-2] val time 15.9200, epoch 107, step  40, loss 2.44845366, auc@1 36.10, auc@5 68.43
2021-05-24 23:14:24,022:INFO:[Rank-2] train time 38.3136, epoch 108, step  49, loss 2.45855880, auc@1 36.10, auc@5 69.04, share 10, std_loss 0.035729949153503596, pre_std_loss 0.030971001833677292,  2.39680 2.46195 2.44894 2.49053
2021-05-24 23:14:39,824:INFO:[Rank-2] val time 15.8002, epoch 108, step  40, loss 2.51781617, auc@1 34.51, auc@5 66.83
2021-05-24 23:15:20,240:INFO:[Rank-2] train time 40.2268, epoch 109, step  49, loss 2.43626928, auc@1 36.60, auc@5 69.55, share 7, std_loss 0.019854521188808948, pre_std_loss 0.014652502723038197,  2.40307 2.44362 2.45035 2.43307
2021-05-24 23:15:36,129:INFO:[Rank-2] val time 15.8874, epoch 109, step  40, loss 2.42762925, auc@1 36.30, auc@5 68.69
2021-05-24 23:16:14,955:INFO:[Rank-2] train time 38.5296, epoch 110, step  49, loss 2.42141747, auc@1 36.81, auc@5 70.05, share 10, std_loss 0.024513236874220322, pre_std_loss 0.017988551408052444,  2.42670 2.45336 2.41602 2.39526
2021-05-24 23:16:30,808:INFO:[Rank-2] val time 15.8495, epoch 110, step  40, loss 2.50149190, auc@1 35.09, auc@5 67.63
2021-05-24 23:17:08,858:INFO:[Rank-2] train time 37.8736, epoch 111, step  49, loss 2.40907526, auc@1 37.26, auc@5 70.30, share 9, std_loss 0.016744786949486147, pre_std_loss 0.013229754753410816,  2.40057 2.39648 2.41193 2.42234
2021-05-24 23:17:24,793:INFO:[Rank-2] val time 15.9315, epoch 111, step  40, loss 2.41234412, auc@1 36.34, auc@5 69.71
2021-05-24 23:18:03,566:INFO:[Rank-2] train time 38.3388, epoch 112, step  49, loss 2.39503670, auc@1 37.49, auc@5 70.57, share 8, std_loss 0.027827379464799046, pre_std_loss 0.019926423206925392,  2.39083 2.37206 2.36954 2.43926
2021-05-24 23:18:19,555:INFO:[Rank-2] val time 15.9862, epoch 112, step  40, loss 2.43809375, auc@1 36.09, auc@5 69.01
2021-05-24 23:18:57,400:INFO:[Rank-2] train time 37.6730, epoch 113, step  49, loss 2.38230181, auc@1 37.59, auc@5 70.74, share 4, std_loss 0.030352576141606788, pre_std_loss 0.008066408336162567,  2.33628 2.40748 2.31848 2.39291
2021-05-24 23:19:13,410:INFO:[Rank-2] val time 16.0080, epoch 113, step  40, loss 2.42830156, auc@1 35.76, auc@5 68.93
2021-05-24 23:19:51,954:INFO:[Rank-2] train time 38.3417, epoch 114, step  49, loss 2.36388254, auc@1 38.39, auc@5 71.28, share 7, std_loss 0.019649975267904147, pre_std_loss 0.013642935082316399,  2.34291 2.37185 2.37019 2.36801
2021-05-24 23:20:07,839:INFO:[Rank-2] val time 15.8831, epoch 114, step  40, loss 2.49449580, auc@1 34.96, auc@5 67.47
2021-05-24 23:20:46,749:INFO:[Rank-2] train time 38.7885, epoch 115, step  49, loss 2.36588526, auc@1 38.25, auc@5 71.12, share 10, std_loss 0.02201745182047693, pre_std_loss 0.01914641447365284,  2.33726 2.36896 2.38021 2.37413
2021-05-24 23:21:02,638:INFO:[Rank-2] val time 15.8863, epoch 115, step  40, loss 2.49637007, auc@1 34.27, auc@5 66.40
2021-05-24 23:21:40,354:INFO:[Rank-2] train time 37.6206, epoch 116, step  49, loss 2.34894228, auc@1 38.60, auc@5 71.30, share 8, std_loss 0.015172298608005655, pre_std_loss 0.0067571476101875305,  2.34813 2.34130 2.34419 2.35684
2021-05-24 23:21:56,122:INFO:[Rank-2] val time 15.7646, epoch 116, step  40, loss 2.44144528, auc@1 36.47, auc@5 68.30
2021-05-24 23:22:34,223:INFO:[Rank-2] train time 37.9893, epoch 117, step  49, loss 2.33369493, auc@1 38.90, auc@5 71.78, share 6, std_loss 0.02347991195488341, pre_std_loss 0.0124818105250597,  2.29637 2.34596 2.34314 2.33903
2021-05-24 23:22:49,911:INFO:[Rank-2] val time 15.6847, epoch 117, step  40, loss 2.47024283, auc@1 35.15, auc@5 68.21
2021-05-24 23:23:27,326:INFO:[Rank-2] train time 37.3518, epoch 118, step  49, loss 2.33829451, auc@1 38.83, auc@5 71.71, share 5, std_loss 0.02507972282984731, pre_std_loss 0.00899498350918293,  2.34591 2.30125 2.36136 2.32410
2021-05-24 23:23:43,126:INFO:[Rank-2] val time 15.7985, epoch 118, step  40, loss 2.48816608, auc@1 35.00, auc@5 67.05
2021-05-24 23:24:20,803:INFO:[Rank-2] train time 37.6043, epoch 119, step  49, loss 2.32127428, auc@1 39.13, auc@5 72.26, share 7, std_loss 0.023308844381601225, pre_std_loss 0.016796691343188286,  2.30342 2.33147 2.31096 2.33908
2021-05-24 23:24:36,578:INFO:[Rank-2] val time 15.7710, epoch 119, step  40, loss 2.37900929, auc@1 37.36, auc@5 69.25
2021-05-24 23:25:14,698:INFO:[Rank-2] train time 37.9715, epoch 120, step  49, loss 2.32312751, auc@1 39.19, auc@5 71.98, share 10, std_loss 0.0199880501711551, pre_std_loss 0.015701860189437866,  2.30987 2.33504 2.30813 2.33721
2021-05-24 23:25:30,490:INFO:[Rank-2] val time 15.7902, epoch 120, step  40, loss 2.55459154, auc@1 34.36, auc@5 65.63
2021-05-24 23:26:09,126:INFO:[Rank-2] train time 38.5324, epoch 121, step  49, loss 2.31173015, auc@1 39.46, auc@5 72.26, share 8, std_loss 0.02259725917662893, pre_std_loss 0.010398736223578453,  2.30024 2.31218 2.27982 2.32134
2021-05-24 23:26:24,875:INFO:[Rank-2] val time 15.7466, epoch 121, step  40, loss 2.34896320, auc@1 37.76, auc@5 70.52
2021-05-24 23:27:03,660:INFO:[Rank-2] train time 38.7159, epoch 122, step  49, loss 2.29639292, auc@1 39.99, auc@5 72.71, share 14, std_loss 0.023349122752492527, pre_std_loss 0.02744324505329132,  2.25823 2.30147 2.29715 2.32435
2021-05-24 23:27:19,426:INFO:[Rank-2] val time 15.7631, epoch 122, step  40, loss 2.49850043, auc@1 34.66, auc@5 67.48
2021-05-24 23:27:57,264:INFO:[Rank-2] train time 37.7716, epoch 123, step  49, loss 2.30064654, auc@1 39.71, auc@5 72.47, share 8, std_loss 0.023429347848405644, pre_std_loss 0.019107816740870476,  2.28909 2.32857 2.29836 2.28735
2021-05-24 23:28:12,862:INFO:[Rank-2] val time 15.5959, epoch 123, step  40, loss 2.70822826, auc@1 30.74, auc@5 63.54
2021-05-24 23:28:50,847:INFO:[Rank-2] train time 37.9484, epoch 124, step  49, loss 2.29740167, auc@1 39.93, auc@5 72.45, share 8, std_loss 0.02480583797608103, pre_std_loss 0.00651739165186882,  2.29192 2.29446 2.29581 2.30669
2021-05-24 23:29:06,601:INFO:[Rank-2] val time 15.7516, epoch 124, step  40, loss 2.63649146, auc@1 31.88, auc@5 64.29
2021-05-24 23:29:44,544:INFO:[Rank-2] train time 37.8582, epoch 125, step  49, loss 2.28240085, auc@1 40.26, auc@5 73.06, share 10, std_loss 0.025222207932752008, pre_std_loss 0.018689261749386787,  2.27996 2.29061 2.26596 2.32254
2021-05-24 23:30:00,321:INFO:[Rank-2] val time 15.7733, epoch 125, step  40, loss 2.45651157, auc@1 36.11, auc@5 67.91
2021-05-24 23:30:38,671:INFO:[Rank-2] train time 38.1024, epoch 126, step  49, loss 2.27338243, auc@1 40.15, auc@5 73.14, share 5, std_loss 0.03769377923133422, pre_std_loss 0.022880904376506805,  2.24506 2.26505 2.26959 2.31744
2021-05-24 23:30:54,494:INFO:[Rank-2] val time 15.8171, epoch 126, step  40, loss 2.40573072, auc@1 36.72, auc@5 69.23
2021-05-24 23:31:32,309:INFO:[Rank-2] train time 37.6608, epoch 127, step  49, loss 2.26542759, auc@1 40.35, auc@5 73.26, share 11, std_loss 0.022713032266011044, pre_std_loss 0.020301269367337227,  2.24280 2.25595 2.28988 2.27153
2021-05-24 23:31:47,969:INFO:[Rank-2] val time 15.6579, epoch 127, step  40, loss 2.47335409, auc@1 35.53, auc@5 68.10
2021-05-24 23:32:26,448:INFO:[Rank-2] train time 38.2570, epoch 128, step  49, loss 2.25098681, auc@1 41.04, auc@5 73.74, share 4, std_loss 0.026580273230769197, pre_std_loss 0.016809817403554916,  2.22799 2.24223 2.25976 2.26619
2021-05-24 23:32:42,347:INFO:[Rank-2] val time 15.8960, epoch 128, step  40, loss 2.40834688, auc@1 36.83, auc@5 69.19
2021-05-24 23:33:20,466:INFO:[Rank-2] train time 37.8004, epoch 129, step  49, loss 2.24669480, auc@1 40.90, auc@5 73.64, share 4, std_loss 0.03581151693147056, pre_std_loss 0.02102903462946415,  2.21861 2.25427 2.20503 2.27162
2021-05-24 23:33:36,312:INFO:[Rank-2] val time 15.8433, epoch 129, step  40, loss 2.56287088, auc@1 34.52, auc@5 66.29
2021-05-24 23:34:14,561:INFO:[Rank-2] train time 38.0050, epoch 130, step  49, loss 2.23851967, auc@1 41.24, auc@5 73.90, share 9, std_loss 0.029147292164211372, pre_std_loss 0.0157583300024271,  2.24653 2.19746 2.23856 2.24940
2021-05-24 23:34:30,488:INFO:[Rank-2] val time 15.9244, epoch 130, step  40, loss 2.48846576, auc@1 36.08, auc@5 68.14
2021-05-24 23:35:08,984:INFO:[Rank-2] train time 38.2120, epoch 131, step  49, loss 2.23343349, auc@1 41.22, auc@5 74.16, share 8, std_loss 0.03660731578283772, pre_std_loss 0.01962369680404663,  2.22664 2.22569 2.21289 2.25893
2021-05-24 23:35:24,698:INFO:[Rank-2] val time 15.7126, epoch 131, step  40, loss 2.48059783, auc@1 34.98, auc@5 68.71
2021-05-24 23:36:03,222:INFO:[Rank-2] train time 38.2827, epoch 132, step  49, loss 2.23251462, auc@1 41.39, auc@5 73.92, share 9, std_loss 0.041988670978010914, pre_std_loss 0.03958453983068466,  2.19805 2.20109 2.24387 2.28154
2021-05-24 23:36:19,129:INFO:[Rank-2] val time 15.9040, epoch 132, step  40, loss 2.48689592, auc@1 36.14, auc@5 67.76
2021-05-24 23:36:57,382:INFO:[Rank-2] train time 37.9422, epoch 133, step  49, loss 2.21956635, auc@1 41.51, auc@5 74.40, share 6, std_loss 0.02132503366173834, pre_std_loss 0.011177346110343933,  2.20840 2.20826 2.22884 2.22639
2021-05-24 23:37:13,208:INFO:[Rank-2] val time 15.8231, epoch 133, step  40, loss 2.38032341, auc@1 37.86, auc@5 68.87
2021-05-24 23:37:51,922:INFO:[Rank-2] train time 38.5584, epoch 134, step  49, loss 2.21387148, auc@1 41.84, auc@5 74.24, share 11, std_loss 0.027450948022305965, pre_std_loss 0.021918190643191338,  2.19635 2.21495 2.20590 2.24309
2021-05-24 23:38:07,942:INFO:[Rank-2] val time 16.0175, epoch 134, step  40, loss 2.33204063, auc@1 39.18, auc@5 70.51
2021-05-24 23:38:46,686:INFO:[Rank-2] train time 38.4198, epoch 135, step  49, loss 2.21896052, auc@1 41.55, auc@5 74.26, share 10, std_loss 0.02163016870237735, pre_std_loss 0.014267834834754467,  2.20972 2.22667 2.20044 2.23079
2021-05-24 23:39:02,665:INFO:[Rank-2] val time 15.9761, epoch 135, step  40, loss 2.44302492, auc@1 35.91, auc@5 68.93
2021-05-24 23:39:41,496:INFO:[Rank-2] train time 38.6146, epoch 136, step  49, loss 2.19829440, auc@1 42.66, auc@5 74.76, share 12, std_loss 0.023806702725741327, pre_std_loss 0.02185807190835476,  2.18760 2.18294 2.23121 2.19602
2021-05-24 23:39:57,467:INFO:[Rank-2] val time 15.9681, epoch 136, step  40, loss 2.42401011, auc@1 36.75, auc@5 69.58
2021-05-24 23:40:35,087:INFO:[Rank-2] train time 37.5460, epoch 137, step  49, loss 2.19421411, auc@1 42.33, auc@5 74.90, share 5, std_loss 0.043220446502067605, pre_std_loss 0.030915847048163414,  2.19817 2.18562 2.16427 2.23782
2021-05-24 23:40:51,019:INFO:[Rank-2] val time 15.9275, epoch 137, step  40, loss 2.46809840, auc@1 36.27, auc@5 67.54
2021-05-24 23:41:29,456:INFO:[Rank-2] train time 38.2856, epoch 138, step  49, loss 2.19279885, auc@1 42.31, auc@5 74.83, share 12, std_loss 0.03685356547333756, pre_std_loss 0.03915255889296532,  2.19587 2.17659 2.14446 2.23999
2021-05-24 23:41:45,468:INFO:[Rank-2] val time 16.0092, epoch 138, step  40, loss 2.40573319, auc@1 36.98, auc@5 69.15
2021-05-24 23:42:24,283:INFO:[Rank-2] train time 38.6165, epoch 139, step  49, loss 2.16685867, auc@1 43.01, auc@5 75.37, share 7, std_loss 0.040855443105101585, pre_std_loss 0.026219267398118973,  2.15902 2.13310 2.17286 2.19578
2021-05-24 23:42:40,230:INFO:[Rank-2] val time 15.9444, epoch 139, step  40, loss 2.62581886, auc@1 33.44, auc@5 64.76
2021-05-24 23:43:19,455:INFO:[Rank-2] train time 38.9263, epoch 140, step  49, loss 2.17707133, auc@1 42.72, auc@5 75.11, share 10, std_loss 0.028676085801300953, pre_std_loss 0.019637959077954292,  2.19374 2.16939 2.15535 2.19596
2021-05-24 23:43:35,419:INFO:[Rank-2] val time 15.9617, epoch 140, step  40, loss 2.36046379, auc@1 38.33, auc@5 70.38
2021-05-24 23:44:14,263:INFO:[Rank-2] train time 38.5650, epoch 141, step  49, loss 2.16656899, auc@1 43.09, auc@5 75.15, share 8, std_loss 0.0393416308702863, pre_std_loss 0.0341988131403923,  2.18826 2.12772 2.12600 2.20998
2021-05-24 23:44:30,221:INFO:[Rank-2] val time 15.9558, epoch 141, step  40, loss 2.29214873, auc@1 40.41, auc@5 71.21
2021-05-24 23:45:08,647:INFO:[Rank-2] train time 38.2919, epoch 142, step  49, loss 2.15944147, auc@1 43.12, auc@5 75.46, share 8, std_loss 0.03560236499321704, pre_std_loss 0.021501773968338966,  2.15955 2.16595 2.12283 2.18933
2021-05-24 23:45:24,396:INFO:[Rank-2] val time 15.7457, epoch 142, step  40, loss 2.30643067, auc@1 39.15, auc@5 71.60
2021-05-24 23:46:04,109:INFO:[Rank-2] train time 39.3087, epoch 143, step  49, loss 2.15757704, auc@1 43.14, auc@5 75.62, share 15, std_loss 0.01949701634976937, pre_std_loss 0.02450265921652317,  2.14850 2.14082 2.14147 2.19211
2021-05-24 23:46:19,879:INFO:[Rank-2] val time 15.7682, epoch 143, step  40, loss 2.41723757, auc@1 37.23, auc@5 68.99
2021-05-24 23:46:59,050:INFO:[Rank-2] train time 38.8473, epoch 144, step  49, loss 2.13036251, auc@1 43.95, auc@5 76.11, share 13, std_loss 0.03902655015034335, pre_std_loss 0.045024242252111435,  2.15575 2.12646 2.06572 2.16583
2021-05-24 23:47:14,876:INFO:[Rank-2] val time 15.8237, epoch 144, step  40, loss 2.35918276, auc@1 37.69, auc@5 70.01
2021-05-24 23:47:54,020:INFO:[Rank-2] train time 38.6462, epoch 145, step  49, loss 2.14265823, auc@1 43.78, auc@5 75.76, share 9, std_loss 0.01996104035298435, pre_std_loss 0.011056911200284958,  2.14367 2.11765 2.11818 2.16785
2021-05-24 23:48:09,923:INFO:[Rank-2] val time 15.9000, epoch 145, step  40, loss 2.35784425, auc@1 37.81, auc@5 70.74
2021-05-24 23:48:48,505:INFO:[Rank-2] train time 38.4423, epoch 146, step  49, loss 2.13113904, auc@1 43.84, auc@5 76.33, share 9, std_loss 0.02828088723009034, pre_std_loss 0.03080400452017784,  2.12350 2.08970 2.14154 2.16239
2021-05-24 23:49:04,400:INFO:[Rank-2] val time 15.8920, epoch 146, step  40, loss 2.43228028, auc@1 36.67, auc@5 68.49
2021-05-24 23:49:43,474:INFO:[Rank-2] train time 38.6198, epoch 147, step  49, loss 2.13157821, auc@1 44.01, auc@5 76.06, share 8, std_loss 0.034190958593877, pre_std_loss 0.02388562634587288,  2.07970 2.11906 2.10812 2.18102
2021-05-24 23:49:59,189:INFO:[Rank-2] val time 15.7130, epoch 147, step  40, loss 2.40263701, auc@1 38.02, auc@5 68.96
2021-05-24 23:50:38,865:INFO:[Rank-2] train time 39.3685, epoch 148, step  49, loss 2.12737823, auc@1 43.79, auc@5 76.22, share 10, std_loss 0.04723608554625998, pre_std_loss 0.04756705090403557,  2.14353 2.11375 2.06570 2.17793
2021-05-24 23:50:54,789:INFO:[Rank-2] val time 15.9214, epoch 148, step  40, loss 2.34973954, auc@1 38.15, auc@5 70.34
2021-05-24 23:51:33,648:INFO:[Rank-2] train time 38.6453, epoch 149, step  49, loss 2.10445070, auc@1 44.47, auc@5 76.67, share 9, std_loss 0.0367673539689609, pre_std_loss 0.02875266969203949,  2.13503 2.09603 2.06205 2.11465
2021-05-24 23:51:49,617:INFO:[Rank-2] val time 15.9666, epoch 149, step  40, loss 2.32952203, auc@1 38.72, auc@5 70.70
2021-05-24 23:52:28,759:INFO:[Rank-2] train time 38.8513, epoch 150, step  49, loss 2.11106229, auc@1 44.53, auc@5 76.56, share 16, std_loss 0.031709067960630874, pre_std_loss 0.03449958562850952,  2.15821 2.08844 2.08268 2.11663
2021-05-24 23:52:44,589:INFO:[Rank-2] val time 15.8281, epoch 150, step  40, loss 2.62243827, auc@1 33.28, auc@5 65.53
2021-05-24 23:53:24,165:INFO:[Rank-2] train time 39.3129, epoch 151, step  49, loss 1.98300278, auc@1 47.80, auc@5 78.90, share 13, std_loss 0.020117215793199684, pre_std_loss 0.02168015018105507,  1.98539 1.96514 1.97843 2.01460
2021-05-24 23:53:40,162:INFO:[Rank-2] val time 15.9936, epoch 151, step  40, loss 1.89011804, auc@1 48.87, auc@5 79.57
2021-05-24 23:54:18,536:INFO:[Rank-2] train time 37.9781, epoch 152, step  49, loss 1.89068341, auc@1 49.98, auc@5 80.87, share 9, std_loss 0.029668162215729148, pre_std_loss 0.024641770869493484,  1.90186 1.87599 1.86676 1.92552
2021-05-24 23:54:34,491:INFO:[Rank-2] val time 15.9526, epoch 152, step  40, loss 1.84995170, auc@1 50.55, auc@5 80.07
2021-05-24 23:55:13,844:INFO:[Rank-2] train time 39.1113, epoch 153, step  49, loss 1.85942090, auc@1 51.09, auc@5 81.49, share 13, std_loss 0.021132591750700862, pre_std_loss 0.024437369778752327,  1.87065 1.83465 1.84598 1.88827
2021-05-24 23:55:29,826:INFO:[Rank-2] val time 15.9802, epoch 153, step  40, loss 1.83374576, auc@1 50.39, auc@5 80.59
2021-05-24 23:56:07,697:INFO:[Rank-2] train time 37.5427, epoch 154, step  49, loss 1.83671534, auc@1 51.44, auc@5 81.97, share 6, std_loss 0.024994852971665715, pre_std_loss 0.01673092134296894,  1.83882 1.81971 1.83053 1.85903
2021-05-24 23:56:23,739:INFO:[Rank-2] val time 16.0383, epoch 154, step  40, loss 1.81803148, auc@1 51.01, auc@5 80.87
2021-05-24 23:57:04,005:INFO:[Rank-2] train time 39.9971, epoch 155, step  49, loss 1.82011378, auc@1 51.93, auc@5 82.31, share 19, std_loss 0.027608776636117577, pre_std_loss 0.036184683442115784,  1.83122 1.80142 1.78580 1.86650
2021-05-24 23:57:19,882:INFO:[Rank-2] val time 15.8747, epoch 155, step  40, loss 1.81417577, auc@1 51.25, auc@5 80.66
2021-05-24 23:57:58,055:INFO:[Rank-2] train time 38.0183, epoch 156, step  49, loss 1.81217825, auc@1 52.16, auc@5 82.39, share 4, std_loss 0.05703355850917952, pre_std_loss 0.037496887147426605,  1.80345 1.79430 1.79323 1.87447
2021-05-24 23:58:13,858:INFO:[Rank-2] val time 15.7996, epoch 156, step  40, loss 1.80741426, auc@1 51.41, auc@5 80.73
2021-05-24 23:58:52,971:INFO:[Rank-2] train time 38.9340, epoch 157, step  49, loss 1.79619873, auc@1 52.71, auc@5 82.68, share 15, std_loss 0.022715842028205493, pre_std_loss 0.025625422596931458,  1.79959 1.77627 1.77467 1.82942
2021-05-24 23:59:08,926:INFO:[Rank-2] val time 15.9520, epoch 157, step  40, loss 1.80036317, auc@1 51.81, auc@5 80.96
2021-05-24 23:59:47,088:INFO:[Rank-2] train time 37.8980, epoch 158, step  49, loss 1.79199839, auc@1 52.79, auc@5 82.60, share 8, std_loss 0.02722517830528775, pre_std_loss 0.021904129534959793,  1.80605 1.77203 1.77801 1.81679
2021-05-25 00:00:03,030:INFO:[Rank-2] val time 15.9397, epoch 158, step  40, loss 1.79417549, auc@1 51.65, auc@5 81.07
2021-05-25 00:00:42,349:INFO:[Rank-2] train time 38.9454, epoch 159, step  49, loss 1.77765512, auc@1 53.03, auc@5 82.98, share 10, std_loss 0.022812522130505164, pre_std_loss 0.022309482097625732,  1.78407 1.76160 1.75839 1.80215
2021-05-25 00:00:58,281:INFO:[Rank-2] val time 15.9299, epoch 159, step  40, loss 1.78709344, auc@1 52.12, auc@5 81.17
2021-05-25 00:01:37,779:INFO:[Rank-2] train time 39.0511, epoch 160, step  49, loss 1.77251911, auc@1 53.18, auc@5 83.29, share 9, std_loss 0.02317660436870492, pre_std_loss 0.019945388659834862,  1.77629 1.74953 1.76659 1.79733
2021-05-25 00:01:53,711:INFO:[Rank-2] val time 15.9298, epoch 160, step  40, loss 1.78913039, auc@1 51.92, auc@5 81.12
2021-05-25 00:02:34,144:INFO:[Rank-2] train time 40.0259, epoch 161, step  49, loss 1.76238823, auc@1 53.41, auc@5 83.15, share 9, std_loss 0.03253726334292061, pre_std_loss 0.029500583186745644,  1.74928 1.72671 1.75556 1.80526
2021-05-25 00:02:50,027:INFO:[Rank-2] val time 15.8813, epoch 161, step  40, loss 1.77818094, auc@1 52.14, auc@5 81.70
2021-05-25 00:03:29,223:INFO:[Rank-2] train time 38.9312, epoch 162, step  49, loss 1.76019466, auc@1 53.35, auc@5 83.17, share 9, std_loss 0.032345294686300416, pre_std_loss 0.02846411243081093,  1.76673 1.72221 1.75551 1.79658
2021-05-25 00:03:45,270:INFO:[Rank-2] val time 16.0439, epoch 162, step  40, loss 1.77573934, auc@1 52.49, auc@5 81.58
2021-05-25 00:04:24,743:INFO:[Rank-2] train time 39.2378, epoch 163, step  49, loss 1.74869561, auc@1 53.81, auc@5 83.60, share 15, std_loss 0.03482302474048065, pre_std_loss 0.04133997857570648,  1.73584 1.70992 1.74351 1.81230
2021-05-25 00:04:40,869:INFO:[Rank-2] val time 16.1192, epoch 163, step  40, loss 1.75964916, auc@1 52.93, auc@5 81.56
2021-05-25 00:05:20,357:INFO:[Rank-2] train time 39.2819, epoch 164, step  49, loss 1.73606765, auc@1 54.13, auc@5 83.70, share 14, std_loss 0.020170789021922618, pre_std_loss 0.022188758477568626,  1.72600 1.73284 1.71840 1.76853
2021-05-25 00:05:36,268:INFO:[Rank-2] val time 15.9084, epoch 164, step  40, loss 1.76312556, auc@1 52.97, auc@5 81.61
2021-05-25 00:06:15,646:INFO:[Rank-2] train time 38.9356, epoch 165, step  49, loss 1.73348260, auc@1 54.18, auc@5 83.72, share 11, std_loss 0.03604532968328924, pre_std_loss 0.031306955963373184,  1.74479 1.70118 1.71073 1.77487
2021-05-25 00:06:31,474:INFO:[Rank-2] val time 15.8262, epoch 165, step  40, loss 1.76120256, auc@1 52.94, auc@5 81.72
2021-05-25 00:07:11,661:INFO:[Rank-2] train time 39.8695, epoch 166, step  49, loss 1.72975159, auc@1 54.29, auc@5 83.89, share 16, std_loss 0.02248209754803351, pre_std_loss 0.029802409932017326,  1.72677 1.70748 1.71851 1.77464
2021-05-25 00:07:27,520:INFO:[Rank-2] val time 15.8569, epoch 166, step  40, loss 1.75039463, auc@1 53.20, auc@5 81.75
2021-05-25 00:08:06,504:INFO:[Rank-2] train time 38.5911, epoch 167, step  49, loss 1.71830547, auc@1 54.41, auc@5 84.10, share 9, std_loss 0.03893453088037822, pre_std_loss 0.03825685381889343,  1.71608 1.69482 1.69384 1.77529
2021-05-25 00:08:22,366:INFO:[Rank-2] val time 15.8592, epoch 167, step  40, loss 1.74496926, auc@1 53.21, auc@5 81.94
2021-05-25 00:09:02,158:INFO:[Rank-2] train time 39.3892, epoch 168, step  49, loss 1.71205342, auc@1 54.59, auc@5 84.22, share 10, std_loss 0.03423158341676605, pre_std_loss 0.022807527333498,  1.70885 1.70581 1.69743 1.75284
2021-05-25 00:09:18,053:INFO:[Rank-2] val time 15.8916, epoch 168, step  40, loss 1.75159692, auc@1 52.89, auc@5 81.64
2021-05-25 00:09:59,581:INFO:[Rank-2] train time 41.3415, epoch 169, step  49, loss 1.70896816, auc@1 54.92, auc@5 84.00, share 14, std_loss 0.03446384435709642, pre_std_loss 0.0328972265124321,  1.72759 1.69649 1.66917 1.75138
2021-05-25 00:10:15,394:INFO:[Rank-2] val time 15.8106, epoch 169, step  40, loss 1.73616760, auc@1 53.10, auc@5 82.26
2021-05-25 00:10:54,953:INFO:[Rank-2] train time 39.1461, epoch 170, step  49, loss 1.70179904, auc@1 54.76, auc@5 84.39, share 13, std_loss 0.029357802769055173, pre_std_loss 0.027558917179703712,  1.71332 1.69474 1.66420 1.72814
2021-05-25 00:11:10,944:INFO:[Rank-2] val time 15.9883, epoch 170, step  40, loss 1.76227741, auc@1 52.64, auc@5 81.84
2021-05-25 00:11:49,512:INFO:[Rank-2] train time 38.4379, epoch 171, step  49, loss 1.70145047, auc@1 54.96, auc@5 84.19, share 9, std_loss 0.0351276235388858, pre_std_loss 0.03182128444314003,  1.70150 1.67412 1.67595 1.74332
2021-05-25 00:12:05,678:INFO:[Rank-2] val time 16.1627, epoch 171, step  40, loss 1.73617948, auc@1 53.36, auc@5 81.95
2021-05-25 00:12:44,470:INFO:[Rank-2] train time 38.3755, epoch 172, step  49, loss 1.69578767, auc@1 54.76, auc@5 84.49, share 5, std_loss 0.04281811127249075, pre_std_loss 0.03450092300772667,  1.70819 1.65816 1.65262 1.74161
2021-05-25 00:13:00,350:INFO:[Rank-2] val time 15.8761, epoch 172, step  40, loss 1.73666797, auc@1 53.24, auc@5 82.13
2021-05-25 00:13:39,587:INFO:[Rank-2] train time 38.9340, epoch 173, step  49, loss 1.69271684, auc@1 55.03, auc@5 84.39, share 9, std_loss 0.030471415563049366, pre_std_loss 0.02946552261710167,  1.69090 1.67249 1.67128 1.73435
2021-05-25 00:13:55,773:INFO:[Rank-2] val time 16.1844, epoch 173, step  40, loss 1.74005704, auc@1 53.12, auc@5 82.11
