2021-05-13 00:19:59,848:INFO:[Rank-2] args : Namespace(batch=4096, current_time='20210512_220249', dataset='cifar100', epochs=200, lr=0.05, rank=2, train_type='local', world=4)
2021-05-13 00:20:29,484:INFO:[Rank-2] train time 27.8286, epoch   0, step  13, loss 5.71987391, auc@1 1.32, auc@5 5.96, share 1, std_loss 0, 
2021-05-13 00:20:41,840:INFO:[Rank-2] val time 12.3538, epoch   0, step  10, loss 1368.36260293, auc@1 0.89, auc@5 5.04
2021-05-13 00:21:08,295:INFO:[Rank-2] train time 26.3041, epoch   1, step  13, loss 5.59209871, auc@1 1.32, auc@5 5.96, share 1, std_loss 0, 
2021-05-13 00:21:20,168:INFO:[Rank-2] val time 11.8709, epoch   1, step  10, loss 263.19565132, auc@1 1.10, auc@5 5.66
2021-05-13 00:21:47,404:INFO:[Rank-2] train time 27.1202, epoch   2, step  13, loss 5.03880119, auc@1 1.34, auc@5 6.19, share 1, std_loss 0, 
2021-05-13 00:21:59,497:INFO:[Rank-2] val time 12.0909, epoch   2, step  10, loss 4.80418176, auc@1 1.11, auc@5 6.33
2021-05-13 00:22:25,714:INFO:[Rank-2] train time 26.0979, epoch   3, step  13, loss 4.76159334, auc@1 1.39, auc@5 6.29, share 1, std_loss 0, 
2021-05-13 00:22:37,889:INFO:[Rank-2] val time 12.1732, epoch   3, step  10, loss 4.66043356, auc@1 1.47, auc@5 6.23
2021-05-13 00:23:04,856:INFO:[Rank-2] train time 26.8111, epoch   4, step  13, loss 4.73346090, auc@1 1.85, auc@5 7.74, share 1, std_loss 0, 
2021-05-13 00:23:16,538:INFO:[Rank-2] val time 11.6798, epoch   4, step  10, loss 4.66161012, auc@1 1.53, auc@5 8.45
2021-05-13 00:23:42,491:INFO:[Rank-2] train time 25.8648, epoch   5, step  13, loss 4.61432314, auc@1 2.31, auc@5 10.03, share 1, std_loss 0, 
2021-05-13 00:23:54,506:INFO:[Rank-2] val time 12.0127, epoch   5, step  10, loss 5.22884986, auc@1 1.77, auc@5 8.90
2021-05-13 00:24:20,900:INFO:[Rank-2] train time 26.3275, epoch   6, step  13, loss 4.52253771, auc@1 3.07, auc@5 12.36, share 1, std_loss 0, 
2021-05-13 00:24:33,289:INFO:[Rank-2] val time 12.3872, epoch   6, step  10, loss 4.47929303, auc@1 2.53, auc@5 10.88
2021-05-13 00:24:59,981:INFO:[Rank-2] train time 26.6907, epoch   7, step  13, loss 4.40698385, auc@1 3.94, auc@5 14.99, share 1, std_loss 0, 
2021-05-13 00:25:12,271:INFO:[Rank-2] val time 12.2887, epoch   7, step  10, loss 4.42283600, auc@1 3.50, auc@5 13.79
2021-05-13 00:25:37,901:INFO:[Rank-2] train time 25.4555, epoch   8, step  13, loss 4.30036211, auc@1 5.18, auc@5 18.10, share 1, std_loss 0, 
2021-05-13 00:25:50,023:INFO:[Rank-2] val time 12.1205, epoch   8, step  10, loss 4.30577991, auc@1 4.72, auc@5 18.07
2021-05-13 00:26:16,348:INFO:[Rank-2] train time 26.2429, epoch   9, step  13, loss 4.18669176, auc@1 6.28, auc@5 21.72, share 1, std_loss 0, 
2021-05-13 00:26:28,314:INFO:[Rank-2] val time 11.9643, epoch   9, step  10, loss 4.17493173, auc@1 6.03, auc@5 21.79
2021-05-13 00:26:54,065:INFO:[Rank-2] train time 25.7161, epoch  10, step  13, loss 4.04958439, auc@1 8.04, auc@5 25.17, share 1, std_loss 0, 
2021-05-13 00:27:06,335:INFO:[Rank-2] val time 12.2670, epoch  10, step  10, loss 4.03995448, auc@1 7.20, auc@5 25.03
2021-05-13 00:27:31,991:INFO:[Rank-2] train time 25.6142, epoch  11, step  13, loss 3.92811656, auc@1 9.37, auc@5 28.77, share 1, std_loss 0, 
2021-05-13 00:27:43,838:INFO:[Rank-2] val time 11.8455, epoch  11, step  10, loss 3.96811221, auc@1 8.49, auc@5 27.57
2021-05-13 00:28:10,971:INFO:[Rank-2] train time 27.1224, epoch  12, step  13, loss 3.82015467, auc@1 10.94, auc@5 31.83, share 1, std_loss 0, 
2021-05-13 00:28:22,779:INFO:[Rank-2] val time 11.8046, epoch  12, step  10, loss 3.84704593, auc@1 9.98, auc@5 31.16
2021-05-13 00:28:49,497:INFO:[Rank-2] train time 26.4960, epoch  13, step  13, loss 3.71813059, auc@1 12.44, auc@5 34.94, share 1, std_loss 0, 
2021-05-13 00:29:01,462:INFO:[Rank-2] val time 11.9622, epoch  13, step  10, loss 3.74051009, auc@1 12.08, auc@5 34.66
2021-05-13 00:29:28,831:INFO:[Rank-2] train time 27.2687, epoch  14, step  13, loss 3.62111497, auc@1 14.25, auc@5 38.16, share 1, std_loss 0, 
2021-05-13 00:29:40,659:INFO:[Rank-2] val time 11.8265, epoch  14, step  10, loss 3.67932649, auc@1 13.45, auc@5 36.72
2021-05-13 00:30:06,858:INFO:[Rank-2] train time 26.0723, epoch  15, step  13, loss 3.53110909, auc@1 15.54, auc@5 40.46, share 1, std_loss 0, 
2021-05-13 00:30:18,853:INFO:[Rank-2] val time 11.9930, epoch  15, step  10, loss 3.60637663, auc@1 14.51, auc@5 38.94
2021-05-13 00:30:46,171:INFO:[Rank-2] train time 27.0828, epoch  16, step  13, loss 3.42673850, auc@1 17.41, auc@5 43.71, share 1, std_loss 0, 
2021-05-13 00:30:58,032:INFO:[Rank-2] val time 11.8594, epoch  16, step  10, loss 3.53285166, auc@1 15.59, auc@5 40.94
2021-05-13 00:31:24,010:INFO:[Rank-2] train time 25.7511, epoch  17, step  13, loss 3.34484386, auc@1 18.82, auc@5 46.10, share 1, std_loss 0, 
2021-05-13 00:31:36,025:INFO:[Rank-2] val time 12.0129, epoch  17, step  10, loss 3.48581317, auc@1 17.45, auc@5 42.38
2021-05-13 00:32:02,924:INFO:[Rank-2] train time 26.7786, epoch  18, step  13, loss 3.26340842, auc@1 20.27, auc@5 48.16, share 1, std_loss 0, 
2021-05-13 00:32:14,714:INFO:[Rank-2] val time 11.7883, epoch  18, step  10, loss 3.38532732, auc@1 18.00, auc@5 45.61
2021-05-13 00:32:41,593:INFO:[Rank-2] train time 26.6627, epoch  19, step  13, loss 3.18289566, auc@1 21.88, auc@5 50.27, share 1, std_loss 0, 
2021-05-13 00:32:53,439:INFO:[Rank-2] val time 11.8445, epoch  19, step  10, loss 3.41338594, auc@1 18.46, auc@5 44.06
2021-05-13 00:33:22,703:INFO:[Rank-2] train time 29.0998, epoch  20, step  13, loss 3.11095285, auc@1 23.08, auc@5 52.40, share 1, std_loss 0, 
2021-05-13 00:33:34,554:INFO:[Rank-2] val time 11.8489, epoch  20, step  10, loss 3.29281519, auc@1 20.11, auc@5 47.77
2021-05-13 00:34:02,146:INFO:[Rank-2] train time 27.5254, epoch  21, step  13, loss 3.02880120, auc@1 24.68, auc@5 54.38, share 1, std_loss 0, 
2021-05-13 00:34:13,894:INFO:[Rank-2] val time 11.7474, epoch  21, step  10, loss 3.23815891, auc@1 21.24, auc@5 49.17
2021-05-13 00:34:39,997:INFO:[Rank-2] train time 25.9521, epoch  22, step  13, loss 2.95537472, auc@1 25.92, auc@5 56.04, share 1, std_loss 0, 
2021-05-13 00:34:51,982:INFO:[Rank-2] val time 11.9827, epoch  22, step  10, loss 3.15148418, auc@1 23.01, auc@5 52.33
2021-05-13 00:35:18,780:INFO:[Rank-2] train time 26.6679, epoch  23, step  13, loss 2.90447211, auc@1 26.99, auc@5 57.54, share 1, std_loss 0, 
2021-05-13 00:35:30,641:INFO:[Rank-2] val time 11.8580, epoch  23, step  10, loss 3.11075005, auc@1 23.89, auc@5 52.65
2021-05-13 00:35:56,819:INFO:[Rank-2] train time 26.0195, epoch  24, step  13, loss 2.83438587, auc@1 28.30, auc@5 59.26, share 1, std_loss 0, 
2021-05-13 00:36:08,386:INFO:[Rank-2] val time 11.5659, epoch  24, step  10, loss 3.04151099, auc@1 25.18, auc@5 54.54
2021-05-13 00:36:33,698:INFO:[Rank-2] train time 25.1517, epoch  25, step  13, loss 2.77408910, auc@1 29.63, auc@5 60.67, share 1, std_loss 0, 
2021-05-13 00:36:45,516:INFO:[Rank-2] val time 11.8164, epoch  25, step  10, loss 3.24453128, auc@1 22.35, auc@5 50.76
2021-05-13 00:37:10,655:INFO:[Rank-2] train time 24.9409, epoch  26, step  13, loss 2.70042753, auc@1 31.21, auc@5 62.44, share 1, std_loss 0, 
2021-05-13 00:37:23,019:INFO:[Rank-2] val time 12.3618, epoch  26, step  10, loss 3.04725498, auc@1 25.73, auc@5 54.60
2021-05-13 00:37:50,190:INFO:[Rank-2] train time 27.0310, epoch  27, step  13, loss 2.65198588, auc@1 32.01, auc@5 63.76, share 1, std_loss 0, 
2021-05-13 00:38:02,281:INFO:[Rank-2] val time 12.0892, epoch  27, step  10, loss 2.99068138, auc@1 26.40, auc@5 56.40
2021-05-13 00:38:29,367:INFO:[Rank-2] train time 26.9072, epoch  28, step  13, loss 2.58608460, auc@1 33.43, auc@5 65.24, share 1, std_loss 0, 
2021-05-13 00:38:41,256:INFO:[Rank-2] val time 11.8872, epoch  28, step  10, loss 2.91970317, auc@1 27.82, auc@5 57.49
2021-05-13 00:39:07,132:INFO:[Rank-2] train time 25.7443, epoch  29, step  13, loss 2.52446961, auc@1 34.79, auc@5 66.68, share 1, std_loss 0, 
2021-05-13 00:39:19,259:INFO:[Rank-2] val time 12.1250, epoch  29, step  10, loss 2.93829162, auc@1 27.45, auc@5 57.35
2021-05-13 00:39:44,551:INFO:[Rank-2] train time 25.1421, epoch  30, step  13, loss 2.47720957, auc@1 35.99, auc@5 67.78, share 1, std_loss 0, 
2021-05-13 00:39:56,595:INFO:[Rank-2] val time 12.0426, epoch  30, step  10, loss 2.85445768, auc@1 28.86, auc@5 59.69
2021-05-13 00:40:22,268:INFO:[Rank-2] train time 25.6098, epoch  31, step  13, loss 2.41150284, auc@1 37.16, auc@5 69.11, share 1, std_loss 0, 
2021-05-13 00:40:34,120:INFO:[Rank-2] val time 11.8494, epoch  31, step  10, loss 2.90863791, auc@1 28.82, auc@5 58.76
2021-05-13 00:41:00,803:INFO:[Rank-2] train time 26.5039, epoch  32, step  13, loss 2.37303519, auc@1 38.08, auc@5 69.91, share 1, std_loss 0, 
2021-05-13 00:41:12,626:INFO:[Rank-2] val time 11.8213, epoch  32, step  10, loss 2.87257116, auc@1 29.27, auc@5 59.71
2021-05-13 00:41:39,732:INFO:[Rank-2] train time 26.9221, epoch  33, step  13, loss 2.31172538, auc@1 39.59, auc@5 71.25, share 1, std_loss 0, 
2021-05-13 00:41:51,948:INFO:[Rank-2] val time 12.2148, epoch  33, step  10, loss 2.82668874, auc@1 30.01, auc@5 60.69
2021-05-13 00:42:17,557:INFO:[Rank-2] train time 25.5224, epoch  34, step  13, loss 2.24016762, auc@1 41.10, auc@5 72.82, share 1, std_loss 0, 
2021-05-13 00:42:29,342:INFO:[Rank-2] val time 11.7833, epoch  34, step  10, loss 2.81867061, auc@1 29.81, auc@5 61.30
2021-05-13 00:42:55,114:INFO:[Rank-2] train time 25.5946, epoch  35, step  13, loss 2.18494987, auc@1 42.34, auc@5 73.80, share 1, std_loss 0, 
2021-05-13 00:43:06,908:INFO:[Rank-2] val time 11.7926, epoch  35, step  10, loss 2.88092292, auc@1 29.56, auc@5 59.75
2021-05-13 00:43:32,623:INFO:[Rank-2] train time 25.5044, epoch  36, step  13, loss 2.16173053, auc@1 43.17, auc@5 74.28, share 1, std_loss 0, 
2021-05-13 00:43:44,537:INFO:[Rank-2] val time 11.9119, epoch  36, step  10, loss 2.77457518, auc@1 31.80, auc@5 61.58
2021-05-13 00:44:13,202:INFO:[Rank-2] train time 28.5237, epoch  37, step  13, loss 2.09822702, auc@1 44.30, auc@5 75.71, share 1, std_loss 0, 
2021-05-13 00:44:25,093:INFO:[Rank-2] val time 11.8888, epoch  37, step  10, loss 2.75345092, auc@1 32.32, auc@5 63.16
2021-05-13 00:44:53,449:INFO:[Rank-2] train time 28.3193, epoch  38, step  13, loss 2.05404878, auc@1 45.38, auc@5 76.59, share 1, std_loss 0, 
2021-05-13 00:45:05,124:INFO:[Rank-2] val time 11.6726, epoch  38, step  10, loss 2.80246485, auc@1 31.35, auc@5 61.29
2021-05-13 00:45:32,936:INFO:[Rank-2] train time 27.8087, epoch  39, step  13, loss 2.00898027, auc@1 46.47, auc@5 77.29, share 1, std_loss 0, 
2021-05-13 00:45:44,681:INFO:[Rank-2] val time 11.7434, epoch  39, step  10, loss 2.73423112, auc@1 32.68, auc@5 64.08
2021-05-13 00:46:11,800:INFO:[Rank-2] train time 27.0501, epoch  40, step  13, loss 1.95747244, auc@1 47.74, auc@5 78.15, share 1, std_loss 0, 
2021-05-13 00:46:24,320:INFO:[Rank-2] val time 12.5175, epoch  40, step  10, loss 2.85474017, auc@1 30.28, auc@5 61.11
2021-05-13 00:46:50,501:INFO:[Rank-2] train time 26.0888, epoch  41, step  13, loss 1.91326845, auc@1 48.65, auc@5 79.26, share 1, std_loss 0, 
2021-05-13 00:47:02,374:INFO:[Rank-2] val time 11.8705, epoch  41, step  10, loss 2.74171506, auc@1 32.69, auc@5 63.91
2021-05-13 00:47:29,600:INFO:[Rank-2] train time 27.2148, epoch  42, step  13, loss 1.86050129, auc@1 49.94, auc@5 80.21, share 1, std_loss 0, 
2021-05-13 00:47:41,751:INFO:[Rank-2] val time 12.1488, epoch  42, step  10, loss 2.71303530, auc@1 34.31, auc@5 64.61
2021-05-13 00:48:08,046:INFO:[Rank-2] train time 26.2004, epoch  43, step  13, loss 1.81599343, auc@1 50.84, auc@5 80.92, share 1, std_loss 0, 
2021-05-13 00:48:20,518:INFO:[Rank-2] val time 12.4706, epoch  43, step  10, loss 2.73582212, auc@1 32.87, auc@5 63.78
2021-05-13 00:48:47,379:INFO:[Rank-2] train time 26.7110, epoch  44, step  13, loss 1.77197754, auc@1 52.20, auc@5 81.70, share 1, std_loss 0, 
2021-05-13 00:48:59,106:INFO:[Rank-2] val time 11.7254, epoch  44, step  10, loss 2.68523368, auc@1 34.54, auc@5 64.69
2021-05-13 00:49:25,579:INFO:[Rank-2] train time 26.4172, epoch  45, step  13, loss 1.72831595, auc@1 53.39, auc@5 82.35, share 1, std_loss 0, 
2021-05-13 00:49:37,891:INFO:[Rank-2] val time 12.3106, epoch  45, step  10, loss 2.83680729, auc@1 32.76, auc@5 63.02
2021-05-13 00:50:04,384:INFO:[Rank-2] train time 26.4287, epoch  46, step  13, loss 1.68607354, auc@1 54.36, auc@5 83.24, share 1, std_loss 0, 
2021-05-13 00:50:16,473:INFO:[Rank-2] val time 12.0864, epoch  46, step  10, loss 2.70956060, auc@1 34.17, auc@5 65.29
2021-05-13 00:50:42,474:INFO:[Rank-2] train time 25.8125, epoch  47, step  13, loss 1.62163770, auc@1 55.78, auc@5 84.12, share 1, std_loss 0, 
2021-05-13 00:50:54,750:INFO:[Rank-2] val time 12.2745, epoch  47, step  10, loss 2.62951841, auc@1 36.12, auc@5 66.33
2021-05-13 00:51:21,441:INFO:[Rank-2] train time 26.4267, epoch  48, step  13, loss 1.60175943, auc@1 56.23, auc@5 84.53, share 1, std_loss 0, 
2021-05-13 00:51:33,468:INFO:[Rank-2] val time 12.0257, epoch  48, step  10, loss 2.80960534, auc@1 34.25, auc@5 63.78
2021-05-13 00:51:59,808:INFO:[Rank-2] train time 26.2525, epoch  49, step  13, loss 1.55522060, auc@1 57.37, auc@5 85.07, share 1, std_loss 0, 
2021-05-13 00:52:11,490:INFO:[Rank-2] val time 11.6799, epoch  49, step  10, loss 2.83300586, auc@1 33.25, auc@5 63.11
2021-05-13 00:52:38,512:INFO:[Rank-2] train time 26.8250, epoch  50, step  13, loss 1.52083826, auc@1 58.50, auc@5 85.83, share 1, std_loss 0, 
2021-05-13 00:52:50,028:INFO:[Rank-2] val time 11.5131, epoch  50, step  10, loss 2.93274997, auc@1 32.25, auc@5 62.65
2021-05-13 00:53:19,501:INFO:[Rank-2] train time 29.3786, epoch  51, step  13, loss 1.45757031, auc@1 60.18, auc@5 86.63, share 1, std_loss 0, 
2021-05-13 00:53:31,338:INFO:[Rank-2] val time 11.8349, epoch  51, step  10, loss 2.83067244, auc@1 34.27, auc@5 64.60
2021-05-13 00:53:58,668:INFO:[Rank-2] train time 27.1653, epoch  52, step  13, loss 1.39630592, auc@1 61.64, auc@5 87.59, share 1, std_loss 0, 
2021-05-13 00:54:10,979:INFO:[Rank-2] val time 12.3099, epoch  52, step  10, loss 2.71605073, auc@1 35.79, auc@5 66.29
2021-05-13 00:54:37,429:INFO:[Rank-2] train time 26.2680, epoch  53, step  13, loss 1.37198317, auc@1 62.13, auc@5 87.91, share 1, std_loss 0, 
2021-05-13 00:54:49,608:INFO:[Rank-2] val time 12.1770, epoch  53, step  10, loss 2.68278855, auc@1 36.80, auc@5 67.34
2021-05-13 00:55:17,100:INFO:[Rank-2] train time 27.3018, epoch  54, step  13, loss 1.34941030, auc@1 62.74, auc@5 88.40, share 1, std_loss 0, 
2021-05-13 00:55:29,510:INFO:[Rank-2] val time 12.4085, epoch  54, step  10, loss 2.68385640, auc@1 36.87, auc@5 66.75
2021-05-13 00:55:56,414:INFO:[Rank-2] train time 26.8537, epoch  55, step  13, loss 1.30212677, auc@1 63.90, auc@5 89.07, share 1, std_loss 0, 
2021-05-13 00:56:08,760:INFO:[Rank-2] val time 12.3443, epoch  55, step  10, loss 2.76393264, auc@1 35.90, auc@5 65.61
2021-05-13 00:56:34,400:INFO:[Rank-2] train time 25.5073, epoch  56, step  13, loss 1.25737560, auc@1 65.16, auc@5 89.71, share 1, std_loss 0, 
2021-05-13 00:56:46,466:INFO:[Rank-2] val time 12.0633, epoch  56, step  10, loss 2.73753298, auc@1 36.19, auc@5 66.34
2021-05-13 00:57:13,133:INFO:[Rank-2] train time 26.5016, epoch  57, step  13, loss 1.22601283, auc@1 65.81, auc@5 90.03, share 1, std_loss 0, 
2021-05-13 00:57:25,479:INFO:[Rank-2] val time 12.3441, epoch  57, step  10, loss 2.75631099, auc@1 36.78, auc@5 66.90
2021-05-13 00:57:51,907:INFO:[Rank-2] train time 26.2557, epoch  58, step  13, loss 1.20281339, auc@1 66.51, auc@5 90.34, share 1, std_loss 0, 
2021-05-13 00:58:04,177:INFO:[Rank-2] val time 12.2684, epoch  58, step  10, loss 2.93540425, auc@1 34.57, auc@5 64.76
2021-05-13 00:58:31,697:INFO:[Rank-2] train time 27.4973, epoch  59, step  13, loss 1.15849280, auc@1 67.51, auc@5 91.09, share 1, std_loss 0, 
2021-05-13 00:58:44,073:INFO:[Rank-2] val time 12.3743, epoch  59, step  10, loss 2.89868958, auc@1 34.68, auc@5 65.60
2021-05-13 00:59:10,272:INFO:[Rank-2] train time 26.0118, epoch  60, step  13, loss 1.06447184, auc@1 70.23, auc@5 92.17, share 1, std_loss 0, 
2021-05-13 00:59:22,662:INFO:[Rank-2] val time 12.3888, epoch  60, step  10, loss 2.68591749, auc@1 37.77, auc@5 67.39
2021-05-13 00:59:48,993:INFO:[Rank-2] train time 26.2565, epoch  61, step  13, loss 0.96776092, auc@1 73.17, auc@5 93.23, share 1, std_loss 0, 
2021-05-13 01:00:01,241:INFO:[Rank-2] val time 12.2454, epoch  61, step  10, loss 2.67040840, auc@1 39.43, auc@5 69.40
2021-05-13 01:00:28,305:INFO:[Rank-2] train time 26.9855, epoch  62, step  13, loss 0.88213795, auc@1 75.45, auc@5 94.13, share 1, std_loss 0, 
2021-05-13 01:00:40,483:INFO:[Rank-2] val time 12.1767, epoch  62, step  10, loss 2.64117119, auc@1 39.21, auc@5 69.39
2021-05-13 01:01:05,951:INFO:[Rank-2] train time 25.3150, epoch  63, step  13, loss 0.84889263, auc@1 76.27, auc@5 94.40, share 1, std_loss 0, 
2021-05-13 01:01:18,315:INFO:[Rank-2] val time 12.3620, epoch  63, step  10, loss 2.78336828, auc@1 38.48, auc@5 68.67
2021-05-13 01:01:43,806:INFO:[Rank-2] train time 25.3684, epoch  64, step  13, loss 0.79969156, auc@1 77.84, auc@5 94.97, share 1, std_loss 0, 
2021-05-13 01:01:55,880:INFO:[Rank-2] val time 12.0715, epoch  64, step  10, loss 2.65931594, auc@1 40.23, auc@5 69.85
2021-05-13 01:02:22,587:INFO:[Rank-2] train time 26.6672, epoch  65, step  13, loss 0.76002938, auc@1 78.91, auc@5 95.26, share 1, std_loss 0, 
2021-05-13 01:02:34,561:INFO:[Rank-2] val time 11.9717, epoch  65, step  10, loss 2.67599745, auc@1 39.89, auc@5 69.56
2021-05-13 01:03:00,493:INFO:[Rank-2] train time 25.8267, epoch  66, step  13, loss 0.73196274, auc@1 79.85, auc@5 95.66, share 1, std_loss 0, 
2021-05-13 01:03:12,805:INFO:[Rank-2] val time 12.3101, epoch  66, step  10, loss 2.71318727, auc@1 40.12, auc@5 69.58
2021-05-13 01:03:38,365:INFO:[Rank-2] train time 25.4402, epoch  67, step  13, loss 0.70330334, auc@1 80.51, auc@5 95.93, share 1, std_loss 0, 
2021-05-13 01:03:50,105:INFO:[Rank-2] val time 11.7385, epoch  67, step  10, loss 2.77568540, auc@1 38.77, auc@5 68.05
2021-05-13 01:04:16,860:INFO:[Rank-2] train time 26.6680, epoch  68, step  13, loss 0.67252016, auc@1 81.11, auc@5 96.17, share 1, std_loss 0, 
2021-05-13 01:04:28,972:INFO:[Rank-2] val time 12.1099, epoch  68, step  10, loss 2.80506811, auc@1 38.56, auc@5 68.51
2021-05-13 01:04:55,775:INFO:[Rank-2] train time 26.5861, epoch  69, step  13, loss 0.64673585, auc@1 81.84, auc@5 96.42, share 1, std_loss 0, 
2021-05-13 01:05:08,174:INFO:[Rank-2] val time 12.3972, epoch  69, step  10, loss 2.84157188, auc@1 38.65, auc@5 68.51
2021-05-13 01:05:34,212:INFO:[Rank-2] train time 25.9363, epoch  70, step  13, loss 0.61394638, auc@1 82.64, auc@5 96.77, share 1, std_loss 0, 
2021-05-13 01:05:45,984:INFO:[Rank-2] val time 11.7705, epoch  70, step  10, loss 2.74472363, auc@1 39.86, auc@5 69.68
2021-05-13 01:06:13,061:INFO:[Rank-2] train time 26.9095, epoch  71, step  13, loss 0.59560877, auc@1 83.37, auc@5 96.86, share 1, std_loss 0, 
2021-05-13 01:06:25,257:INFO:[Rank-2] val time 12.1935, epoch  71, step  10, loss 2.89050100, auc@1 38.54, auc@5 68.04
2021-05-13 01:06:50,401:INFO:[Rank-2] train time 25.1050, epoch  72, step  13, loss 0.58206767, auc@1 83.52, auc@5 97.10, share 1, std_loss 0, 
2021-05-13 01:07:02,312:INFO:[Rank-2] val time 11.9099, epoch  72, step  10, loss 2.82011183, auc@1 39.42, auc@5 68.93
2021-05-13 01:07:29,046:INFO:[Rank-2] train time 26.5579, epoch  73, step  13, loss 0.56998330, auc@1 83.85, auc@5 97.19, share 1, std_loss 0, 
2021-05-13 01:07:40,763:INFO:[Rank-2] val time 11.7153, epoch  73, step  10, loss 2.73966154, auc@1 40.52, auc@5 70.38
2021-05-13 01:08:07,164:INFO:[Rank-2] train time 26.2615, epoch  74, step  13, loss 0.54196298, auc@1 84.66, auc@5 97.33, share 1, std_loss 0, 
2021-05-13 01:08:18,688:INFO:[Rank-2] val time 11.5222, epoch  74, step  10, loss 2.80956362, auc@1 39.91, auc@5 69.12
2021-05-13 01:08:45,374:INFO:[Rank-2] train time 26.6627, epoch  75, step  13, loss 0.52479196, auc@1 85.06, auc@5 97.60, share 1, std_loss 0, 
2021-05-13 01:08:57,182:INFO:[Rank-2] val time 11.8062, epoch  75, step  10, loss 2.82341890, auc@1 40.45, auc@5 69.36
2021-05-13 01:09:23,275:INFO:[Rank-2] train time 26.0192, epoch  76, step  13, loss 0.50576216, auc@1 85.92, auc@5 97.75, share 1, std_loss 0, 
2021-05-13 01:09:35,562:INFO:[Rank-2] val time 12.2856, epoch  76, step  10, loss 2.92423569, auc@1 39.10, auc@5 68.45
2021-05-13 01:10:02,462:INFO:[Rank-2] train time 26.7223, epoch  77, step  13, loss 0.48877406, auc@1 86.09, auc@5 97.88, share 1, std_loss 0, 
2021-05-13 01:10:14,944:INFO:[Rank-2] val time 12.4787, epoch  77, step  10, loss 2.85972811, auc@1 39.57, auc@5 68.75
2021-05-13 01:10:40,601:INFO:[Rank-2] train time 25.5907, epoch  78, step  13, loss 0.46606442, auc@1 86.73, auc@5 98.04, share 1, std_loss 0, 
2021-05-13 01:10:52,146:INFO:[Rank-2] val time 11.5435, epoch  78, step  10, loss 2.92256990, auc@1 39.53, auc@5 69.06
2021-05-13 01:11:21,201:INFO:[Rank-2] train time 28.8334, epoch  79, step  13, loss 0.44726577, auc@1 87.36, auc@5 98.23, share 1, std_loss 0, 
2021-05-13 01:11:33,002:INFO:[Rank-2] val time 11.7993, epoch  79, step  10, loss 2.93843924, auc@1 39.86, auc@5 69.31
2021-05-13 01:11:59,077:INFO:[Rank-2] train time 25.9509, epoch  80, step  13, loss 0.43244556, auc@1 87.66, auc@5 98.37, share 1, std_loss 0, 
2021-05-13 01:12:10,900:INFO:[Rank-2] val time 11.8210, epoch  80, step  10, loss 2.79799699, auc@1 41.34, auc@5 70.45
2021-05-13 01:12:37,997:INFO:[Rank-2] train time 27.0316, epoch  81, step  13, loss 0.41588941, auc@1 88.22, auc@5 98.40, share 1, std_loss 0, 
2021-05-13 01:12:49,735:INFO:[Rank-2] val time 11.7356, epoch  81, step  10, loss 2.87161592, auc@1 40.62, auc@5 69.31
2021-05-13 01:13:17,646:INFO:[Rank-2] train time 27.7871, epoch  82, step  13, loss 0.40947148, auc@1 88.29, auc@5 98.48, share 1, std_loss 0, 
2021-05-13 01:13:29,862:INFO:[Rank-2] val time 12.2141, epoch  82, step  10, loss 2.83378819, auc@1 40.96, auc@5 70.14
2021-05-13 01:13:55,331:INFO:[Rank-2] train time 25.3766, epoch  83, step  13, loss 0.38770026, auc@1 88.91, auc@5 98.73, share 1, std_loss 0, 
2021-05-13 01:14:07,034:INFO:[Rank-2] val time 11.7013, epoch  83, step  10, loss 2.81311260, auc@1 41.12, auc@5 70.53
2021-05-13 01:14:34,730:INFO:[Rank-2] train time 27.4629, epoch  84, step  13, loss 0.37952101, auc@1 89.27, auc@5 98.58, share 1, std_loss 0, 
2021-05-13 01:14:46,663:INFO:[Rank-2] val time 11.9319, epoch  84, step  10, loss 2.87881455, auc@1 40.95, auc@5 69.69
2021-05-13 01:15:13,050:INFO:[Rank-2] train time 26.2593, epoch  85, step  13, loss 0.37571320, auc@1 89.26, auc@5 98.65, share 1, std_loss 0, 
2021-05-13 01:15:24,874:INFO:[Rank-2] val time 11.8226, epoch  85, step  10, loss 2.89189219, auc@1 40.60, auc@5 69.41
2021-05-13 01:15:51,447:INFO:[Rank-2] train time 26.5391, epoch  86, step  13, loss 0.35463774, auc@1 90.05, auc@5 98.84, share 1, std_loss 0, 
2021-05-13 01:16:03,046:INFO:[Rank-2] val time 11.5976, epoch  86, step  10, loss 2.87881059, auc@1 41.54, auc@5 70.56
2021-05-13 01:16:29,374:INFO:[Rank-2] train time 26.2773, epoch  87, step  13, loss 0.33870599, auc@1 90.29, auc@5 98.97, share 1, std_loss 0, 
2021-05-13 01:16:41,219:INFO:[Rank-2] val time 11.8421, epoch  87, step  10, loss 2.90101872, auc@1 41.21, auc@5 69.62
2021-05-13 01:17:07,968:INFO:[Rank-2] train time 26.7115, epoch  88, step  13, loss 0.33384222, auc@1 90.55, auc@5 98.92, share 1, std_loss 0, 
2021-05-13 01:17:20,067:INFO:[Rank-2] val time 12.0963, epoch  88, step  10, loss 2.90460120, auc@1 40.82, auc@5 69.90
2021-05-13 01:17:44,731:INFO:[Rank-2] train time 24.4684, epoch  89, step  13, loss 0.31772211, auc@1 91.00, auc@5 99.05, share 1, std_loss 0, 
2021-05-13 01:17:57,153:INFO:[Rank-2] val time 12.4187, epoch  89, step  10, loss 2.88062862, auc@1 41.88, auc@5 70.01
2021-05-13 01:18:23,419:INFO:[Rank-2] train time 26.1018, epoch  90, step  13, loss 0.30860066, auc@1 91.37, auc@5 99.07, share 1, std_loss 0, 
2021-05-13 01:18:35,698:INFO:[Rank-2] val time 12.2768, epoch  90, step  10, loss 2.87989116, auc@1 41.18, auc@5 69.72
2021-05-13 01:19:02,380:INFO:[Rank-2] train time 26.5853, epoch  91, step  13, loss 0.29934621, auc@1 91.40, auc@5 99.10, share 1, std_loss 0, 
2021-05-13 01:19:14,756:INFO:[Rank-2] val time 12.3733, epoch  91, step  10, loss 2.86623942, auc@1 41.75, auc@5 70.58
2021-05-13 01:19:40,126:INFO:[Rank-2] train time 25.3072, epoch  92, step  13, loss 0.28847021, auc@1 91.91, auc@5 99.16, share 1, std_loss 0, 
2021-05-13 01:19:52,318:INFO:[Rank-2] val time 12.1901, epoch  92, step  10, loss 2.90912198, auc@1 42.10, auc@5 70.44
2021-05-13 01:20:18,714:INFO:[Rank-2] train time 26.3414, epoch  93, step  13, loss 0.28401223, auc@1 91.92, auc@5 99.28, share 1, std_loss 0, 
2021-05-13 01:20:30,883:INFO:[Rank-2] val time 12.1671, epoch  93, step  10, loss 2.97171186, auc@1 41.25, auc@5 69.65
2021-05-13 01:20:57,463:INFO:[Rank-2] train time 26.4637, epoch  94, step  13, loss 0.27613208, auc@1 92.29, auc@5 99.26, share 1, std_loss 0, 
2021-05-13 01:21:09,238:INFO:[Rank-2] val time 11.7737, epoch  94, step  10, loss 2.89484790, auc@1 41.55, auc@5 70.23
2021-05-13 01:21:36,221:INFO:[Rank-2] train time 26.7715, epoch  95, step  13, loss 0.26374245, auc@1 92.63, auc@5 99.31, share 1, std_loss 0, 
2021-05-13 01:21:47,981:INFO:[Rank-2] val time 11.7578, epoch  95, step  10, loss 2.97212776, auc@1 40.48, auc@5 69.22
2021-05-13 01:22:16,593:INFO:[Rank-2] train time 28.5330, epoch  96, step  13, loss 0.26128042, auc@1 92.52, auc@5 99.38, share 1, std_loss 0, 
2021-05-13 01:22:28,842:INFO:[Rank-2] val time 12.2466, epoch  96, step  10, loss 2.88801330, auc@1 41.81, auc@5 70.33
2021-05-13 01:22:55,875:INFO:[Rank-2] train time 26.9515, epoch  97, step  13, loss 0.24406645, auc@1 93.11, auc@5 99.44, share 1, std_loss 0, 
2021-05-13 01:23:08,058:INFO:[Rank-2] val time 12.1815, epoch  97, step  10, loss 2.93216572, auc@1 41.24, auc@5 70.36
2021-05-13 01:23:36,304:INFO:[Rank-2] train time 28.0971, epoch  98, step  13, loss 0.23739317, auc@1 93.35, auc@5 99.47, share 1, std_loss 0, 
2021-05-13 01:23:48,406:INFO:[Rank-2] val time 12.1003, epoch  98, step  10, loss 2.93909456, auc@1 41.18, auc@5 70.32
2021-05-13 01:24:14,287:INFO:[Rank-2] train time 25.7668, epoch  99, step  13, loss 0.22940828, auc@1 93.56, auc@5 99.48, share 1, std_loss 0, 
2021-05-13 01:24:26,050:INFO:[Rank-2] val time 11.7614, epoch  99, step  10, loss 2.93805119, auc@1 41.59, auc@5 70.65
2021-05-13 01:24:53,434:INFO:[Rank-2] train time 27.1511, epoch 100, step  13, loss 0.22613664, auc@1 93.61, auc@5 99.51, share 1, std_loss 0, 
2021-05-13 01:25:05,160:INFO:[Rank-2] val time 11.7246, epoch 100, step  10, loss 3.02088925, auc@1 40.13, auc@5 68.70
2021-05-13 01:25:32,643:INFO:[Rank-2] train time 27.2763, epoch 101, step  13, loss 0.22854879, auc@1 93.55, auc@5 99.52, share 1, std_loss 0, 
2021-05-13 01:25:44,824:INFO:[Rank-2] val time 12.1787, epoch 101, step  10, loss 3.04397466, auc@1 40.86, auc@5 69.29
2021-05-13 01:26:11,623:INFO:[Rank-2] train time 26.7414, epoch 102, step  13, loss 0.21983382, auc@1 93.86, auc@5 99.53, share 1, std_loss 0, 
2021-05-13 01:26:23,304:INFO:[Rank-2] val time 11.6793, epoch 102, step  10, loss 2.94676094, auc@1 41.22, auc@5 70.11
2021-05-13 01:26:51,419:INFO:[Rank-2] train time 28.1135, epoch 103, step  13, loss 0.21411265, auc@1 93.89, auc@5 99.55, share 1, std_loss 0, 
2021-05-13 01:27:03,710:INFO:[Rank-2] val time 12.2896, epoch 103, step  10, loss 2.92744622, auc@1 41.85, auc@5 70.64
2021-05-13 01:27:30,041:INFO:[Rank-2] train time 26.2297, epoch 104, step  13, loss 0.20930539, auc@1 94.14, auc@5 99.59, share 1, std_loss 0, 
2021-05-13 01:27:42,191:INFO:[Rank-2] val time 12.1490, epoch 104, step  10, loss 2.94812893, auc@1 42.05, auc@5 70.41
2021-05-13 01:28:07,190:INFO:[Rank-2] train time 24.9255, epoch 105, step  13, loss 0.20461221, auc@1 94.29, auc@5 99.62, share 1, std_loss 0, 
2021-05-13 01:28:19,290:INFO:[Rank-2] val time 12.0976, epoch 105, step  10, loss 2.96693495, auc@1 41.28, auc@5 70.12
2021-05-13 01:28:44,134:INFO:[Rank-2] train time 24.6797, epoch 106, step  13, loss 0.19299874, auc@1 94.69, auc@5 99.66, share 1, std_loss 0, 
2021-05-13 01:28:55,928:INFO:[Rank-2] val time 11.7920, epoch 106, step  10, loss 3.01960530, auc@1 40.87, auc@5 69.80
2021-05-13 01:29:23,010:INFO:[Rank-2] train time 26.9168, epoch 107, step  13, loss 0.18903105, auc@1 94.87, auc@5 99.64, share 1, std_loss 0, 
2021-05-13 01:29:35,197:INFO:[Rank-2] val time 12.1847, epoch 107, step  10, loss 2.93716894, auc@1 41.89, auc@5 71.00
2021-05-13 01:30:00,505:INFO:[Rank-2] train time 25.2453, epoch 108, step  13, loss 0.17819726, auc@1 95.17, auc@5 99.67, share 1, std_loss 0, 
2021-05-13 01:30:12,182:INFO:[Rank-2] val time 11.6741, epoch 108, step  10, loss 2.92868290, auc@1 42.22, auc@5 70.82
2021-05-13 01:30:38,780:INFO:[Rank-2] train time 26.4232, epoch 109, step  13, loss 0.17945959, auc@1 95.13, auc@5 99.70, share 1, std_loss 0, 
2021-05-13 01:30:50,813:INFO:[Rank-2] val time 12.0316, epoch 109, step  10, loss 2.94638500, auc@1 41.67, auc@5 70.36
2021-05-13 01:31:17,283:INFO:[Rank-2] train time 26.4692, epoch 110, step  13, loss 0.16938338, auc@1 95.49, auc@5 99.70, share 1, std_loss 0, 
2021-05-13 01:31:29,256:INFO:[Rank-2] val time 11.9703, epoch 110, step  10, loss 2.94358743, auc@1 42.48, auc@5 70.45
2021-05-13 01:31:56,323:INFO:[Rank-2] train time 26.9502, epoch 111, step  13, loss 0.16314016, auc@1 95.69, auc@5 99.69, share 1, std_loss 0, 
2021-05-13 01:32:08,082:INFO:[Rank-2] val time 11.7571, epoch 111, step  10, loss 2.90736324, auc@1 42.45, auc@5 71.26
2021-05-13 01:32:34,342:INFO:[Rank-2] train time 26.1126, epoch 112, step  13, loss 0.15652518, auc@1 95.80, auc@5 99.74, share 1, std_loss 0, 
2021-05-13 01:32:46,281:INFO:[Rank-2] val time 11.9373, epoch 112, step  10, loss 2.93104051, auc@1 42.70, auc@5 70.44
2021-05-13 01:33:11,766:INFO:[Rank-2] train time 25.4579, epoch 113, step  13, loss 0.15123500, auc@1 95.98, auc@5 99.75, share 1, std_loss 0, 
2021-05-13 01:33:24,065:INFO:[Rank-2] val time 12.2974, epoch 113, step  10, loss 3.00155356, auc@1 40.90, auc@5 69.94
2021-05-13 01:33:50,360:INFO:[Rank-2] train time 26.2085, epoch 114, step  13, loss 0.14987873, auc@1 96.08, auc@5 99.74, share 1, std_loss 0, 
2021-05-13 01:34:02,381:INFO:[Rank-2] val time 12.0193, epoch 114, step  10, loss 2.93405339, auc@1 42.83, auc@5 70.74
2021-05-13 01:34:28,116:INFO:[Rank-2] train time 25.6342, epoch 115, step  13, loss 0.14189996, auc@1 96.32, auc@5 99.76, share 1, std_loss 0, 
2021-05-13 01:34:40,067:INFO:[Rank-2] val time 11.9496, epoch 115, step  10, loss 2.90306569, auc@1 42.43, auc@5 71.01
2021-05-13 01:35:06,241:INFO:[Rank-2] train time 26.0190, epoch 116, step  13, loss 0.13395731, auc@1 96.50, auc@5 99.81, share 1, std_loss 0, 
2021-05-13 01:35:18,160:INFO:[Rank-2] val time 11.9160, epoch 116, step  10, loss 2.98729173, auc@1 41.78, auc@5 70.52
2021-05-13 01:35:43,683:INFO:[Rank-2] train time 25.5122, epoch 117, step  13, loss 0.13134399, auc@1 96.65, auc@5 99.82, share 1, std_loss 0, 
2021-05-13 01:35:55,808:INFO:[Rank-2] val time 12.1220, epoch 117, step  10, loss 3.00265350, auc@1 42.32, auc@5 70.50
2021-05-13 01:36:21,093:INFO:[Rank-2] train time 25.1996, epoch 118, step  13, loss 0.13145594, auc@1 96.53, auc@5 99.85, share 1, std_loss 0, 
2021-05-13 01:36:33,130:INFO:[Rank-2] val time 12.0360, epoch 118, step  10, loss 2.97585189, auc@1 42.43, auc@5 71.39
2021-05-13 01:36:59,826:INFO:[Rank-2] train time 26.6155, epoch 119, step  13, loss 0.12834117, auc@1 96.69, auc@5 99.86, share 1, std_loss 0, 
2021-05-13 01:37:11,793:INFO:[Rank-2] val time 11.9654, epoch 119, step  10, loss 3.02108276, auc@1 41.77, auc@5 69.95
2021-05-13 01:37:36,665:INFO:[Rank-2] train time 24.7485, epoch 120, step  13, loss 0.11235832, auc@1 97.11, auc@5 99.88, share 1, std_loss 0, 
2021-05-13 01:37:48,465:INFO:[Rank-2] val time 11.7973, epoch 120, step  10, loss 2.88960236, auc@1 43.56, auc@5 71.64
2021-05-13 01:38:14,815:INFO:[Rank-2] train time 26.1953, epoch 121, step  13, loss 0.09593611, auc@1 97.74, auc@5 99.89, share 1, std_loss 0, 
2021-05-13 01:38:26,501:INFO:[Rank-2] val time 11.6847, epoch 121, step  10, loss 2.86039741, auc@1 43.24, auc@5 71.79
2021-05-13 01:38:52,345:INFO:[Rank-2] train time 25.7250, epoch 122, step  13, loss 0.08387119, auc@1 98.08, auc@5 99.88, share 1, std_loss 0, 
2021-05-13 01:39:04,769:INFO:[Rank-2] val time 12.4222, epoch 122, step  10, loss 2.84792076, auc@1 44.57, auc@5 71.44
2021-05-13 01:39:30,084:INFO:[Rank-2] train time 25.2354, epoch 123, step  13, loss 0.07241061, auc@1 98.41, auc@5 99.91, share 1, std_loss 0, 
2021-05-13 01:39:42,070:INFO:[Rank-2] val time 11.9835, epoch 123, step  10, loss 2.83774936, auc@1 44.13, auc@5 72.55
2021-05-13 01:40:08,269:INFO:[Rank-2] train time 26.0308, epoch 124, step  13, loss 0.06353264, auc@1 98.69, auc@5 99.90, share 1, std_loss 0, 
2021-05-13 01:40:19,903:INFO:[Rank-2] val time 11.6321, epoch 124, step  10, loss 2.77254893, auc@1 44.92, auc@5 72.80
2021-05-13 01:40:46,227:INFO:[Rank-2] train time 26.1616, epoch 125, step  13, loss 0.05452219, auc@1 98.96, auc@5 99.92, share 1, std_loss 0, 
2021-05-13 01:40:58,090:INFO:[Rank-2] val time 11.8609, epoch 125, step  10, loss 2.74542825, auc@1 45.11, auc@5 73.32
2021-05-13 01:41:24,415:INFO:[Rank-2] train time 26.2856, epoch 126, step  13, loss 0.05096823, auc@1 98.96, auc@5 99.94, share 1, std_loss 0, 
2021-05-13 01:41:36,930:INFO:[Rank-2] val time 12.5134, epoch 126, step  10, loss 2.74366651, auc@1 45.38, auc@5 73.30
2021-05-13 01:42:03,176:INFO:[Rank-2] train time 26.0393, epoch 127, step  13, loss 0.04493786, auc@1 99.12, auc@5 99.95, share 1, std_loss 0, 
2021-05-13 01:42:15,298:INFO:[Rank-2] val time 12.1196, epoch 127, step  10, loss 2.70263932, auc@1 46.08, auc@5 73.67
2021-05-13 01:42:41,363:INFO:[Rank-2] train time 25.8965, epoch 128, step  13, loss 0.04096490, auc@1 99.21, auc@5 99.94, share 1, std_loss 0, 
2021-05-13 01:42:53,181:INFO:[Rank-2] val time 11.8157, epoch 128, step  10, loss 2.72130688, auc@1 45.72, auc@5 72.98
2021-05-13 01:43:21,803:INFO:[Rank-2] train time 28.4352, epoch 129, step  13, loss 0.03764769, auc@1 99.33, auc@5 99.96, share 1, std_loss 0, 
2021-05-13 01:43:34,152:INFO:[Rank-2] val time 12.3475, epoch 129, step  10, loss 2.67750149, auc@1 46.08, auc@5 73.49
2021-05-13 01:44:00,055:INFO:[Rank-2] train time 25.9015, epoch 130, step  13, loss 0.03235297, auc@1 99.43, auc@5 99.96, share 1, std_loss 0, 
2021-05-13 01:44:11,916:INFO:[Rank-2] val time 11.8587, epoch 130, step  10, loss 2.68961133, auc@1 45.99, auc@5 73.50
2021-05-13 01:44:38,733:INFO:[Rank-2] train time 26.6777, epoch 131, step  13, loss 0.03390374, auc@1 99.36, auc@5 99.94, share 1, std_loss 0, 
2021-05-13 01:44:50,935:INFO:[Rank-2] val time 12.1999, epoch 131, step  10, loss 2.67624322, auc@1 46.13, auc@5 73.58
2021-05-13 01:45:17,106:INFO:[Rank-2] train time 26.1458, epoch 132, step  13, loss 0.02929487, auc@1 99.50, auc@5 99.95, share 1, std_loss 0, 
2021-05-13 01:45:28,951:INFO:[Rank-2] val time 11.8434, epoch 132, step  10, loss 2.67258390, auc@1 46.31, auc@5 73.55
2021-05-13 01:45:55,913:INFO:[Rank-2] train time 26.8347, epoch 133, step  13, loss 0.02562593, auc@1 99.57, auc@5 99.97, share 1, std_loss 0, 
2021-05-13 01:46:07,852:INFO:[Rank-2] val time 11.9366, epoch 133, step  10, loss 2.65408810, auc@1 46.73, auc@5 73.57
2021-05-13 01:46:34,348:INFO:[Rank-2] train time 26.4392, epoch 134, step  13, loss 0.02509138, auc@1 99.58, auc@5 99.96, share 1, std_loss 0, 
2021-05-13 01:46:46,133:INFO:[Rank-2] val time 11.7817, epoch 134, step  10, loss 2.63523813, auc@1 46.57, auc@5 73.72
2021-05-13 01:47:13,268:INFO:[Rank-2] train time 26.9993, epoch 135, step  13, loss 0.02388143, auc@1 99.62, auc@5 99.96, share 1, std_loss 0, 
2021-05-13 01:47:25,117:INFO:[Rank-2] val time 11.8465, epoch 135, step  10, loss 2.61797835, auc@1 46.97, auc@5 73.90
2021-05-13 01:47:51,955:INFO:[Rank-2] train time 26.6629, epoch 136, step  13, loss 0.02040996, auc@1 99.65, auc@5 99.97, share 1, std_loss 0, 
2021-05-13 01:48:03,706:INFO:[Rank-2] val time 11.7494, epoch 136, step  10, loss 2.60984406, auc@1 46.85, auc@5 73.70
2021-05-13 01:48:30,350:INFO:[Rank-2] train time 26.4815, epoch 137, step  13, loss 0.02010969, auc@1 99.67, auc@5 99.97, share 1, std_loss 0, 
2021-05-13 01:48:41,877:INFO:[Rank-2] val time 11.5254, epoch 137, step  10, loss 2.60705860, auc@1 46.75, auc@5 74.05
2021-05-13 01:49:08,612:INFO:[Rank-2] train time 26.6844, epoch 138, step  13, loss 0.01993085, auc@1 99.65, auc@5 99.97, share 1, std_loss 0, 
2021-05-13 01:49:20,355:INFO:[Rank-2] val time 11.7415, epoch 138, step  10, loss 2.60221738, auc@1 46.81, auc@5 74.04
2021-05-13 01:49:46,112:INFO:[Rank-2] train time 25.7563, epoch 139, step  13, loss 0.01973118, auc@1 99.63, auc@5 99.98, share 1, std_loss 0, 
2021-05-13 01:49:58,053:INFO:[Rank-2] val time 11.9383, epoch 139, step  10, loss 2.62793879, auc@1 46.61, auc@5 73.71
2021-05-13 01:50:25,670:INFO:[Rank-2] train time 27.4453, epoch 140, step  13, loss 0.01837663, auc@1 99.69, auc@5 99.97, share 1, std_loss 0, 
2021-05-13 01:50:37,606:INFO:[Rank-2] val time 11.9348, epoch 140, step  10, loss 2.59498128, auc@1 46.66, auc@5 74.00
2021-05-13 01:51:05,810:INFO:[Rank-2] train time 28.1452, epoch 141, step  13, loss 0.01756583, auc@1 99.72, auc@5 99.97, share 1, std_loss 0, 
2021-05-13 01:51:18,058:INFO:[Rank-2] val time 12.2466, epoch 141, step  10, loss 2.59907058, auc@1 46.45, auc@5 73.69
2021-05-13 01:51:44,924:INFO:[Rank-2] train time 26.8241, epoch 142, step  13, loss 0.01693574, auc@1 99.68, auc@5 99.98, share 1, std_loss 0, 
2021-05-13 01:51:56,675:INFO:[Rank-2] val time 11.7472, epoch 142, step  10, loss 2.58263604, auc@1 46.77, auc@5 73.80
2021-05-13 01:52:24,569:INFO:[Rank-2] train time 27.8050, epoch 143, step  13, loss 0.01572962, auc@1 99.75, auc@5 99.98, share 1, std_loss 0, 
2021-05-13 01:52:36,218:INFO:[Rank-2] val time 11.6470, epoch 143, step  10, loss 2.57785637, auc@1 46.70, auc@5 73.72
2021-05-13 01:53:02,265:INFO:[Rank-2] train time 25.8682, epoch 144, step  13, loss 0.01529986, auc@1 99.75, auc@5 99.97, share 1, std_loss 0, 
2021-05-13 01:53:13,942:INFO:[Rank-2] val time 11.6753, epoch 144, step  10, loss 2.55311452, auc@1 46.66, auc@5 73.79
2021-05-13 01:53:39,930:INFO:[Rank-2] train time 25.9865, epoch 145, step  13, loss 0.01476124, auc@1 99.77, auc@5 99.98, share 1, std_loss 0, 
2021-05-13 01:53:51,813:INFO:[Rank-2] val time 11.8788, epoch 145, step  10, loss 2.55999021, auc@1 46.94, auc@5 74.11
2021-05-13 01:54:17,362:INFO:[Rank-2] train time 25.5088, epoch 146, step  13, loss 0.01396247, auc@1 99.78, auc@5 99.97, share 1, std_loss 0, 
2021-05-13 01:54:29,921:INFO:[Rank-2] val time 12.5574, epoch 146, step  10, loss 2.54798748, auc@1 46.97, auc@5 74.20
2021-05-13 01:54:54,845:INFO:[Rank-2] train time 24.8562, epoch 147, step  13, loss 0.01411505, auc@1 99.78, auc@5 99.97, share 1, std_loss 0, 
2021-05-13 01:55:07,145:INFO:[Rank-2] val time 12.2977, epoch 147, step  10, loss 2.52286040, auc@1 47.29, auc@5 74.53
2021-05-13 01:55:32,106:INFO:[Rank-2] train time 24.8556, epoch 148, step  13, loss 0.01337204, auc@1 99.80, auc@5 99.97, share 1, std_loss 0, 
2021-05-13 01:55:44,283:INFO:[Rank-2] val time 12.1751, epoch 148, step  10, loss 2.52611178, auc@1 47.31, auc@5 74.33
2021-05-13 01:56:11,741:INFO:[Rank-2] train time 27.3780, epoch 149, step  13, loss 0.01335426, auc@1 99.77, auc@5 99.98, share 1, std_loss 0, 
2021-05-13 01:56:23,808:INFO:[Rank-2] val time 12.0655, epoch 149, step  10, loss 2.51026139, auc@1 47.61, auc@5 74.22
2021-05-13 01:56:52,458:INFO:[Rank-2] train time 28.3558, epoch 150, step  13, loss 0.01391710, auc@1 99.76, auc@5 99.98, share 1, std_loss 0, 
2021-05-13 01:57:04,443:INFO:[Rank-2] val time 11.9832, epoch 150, step  10, loss 2.52622098, auc@1 47.11, auc@5 73.87
2021-05-13 01:57:30,042:INFO:[Rank-2] train time 25.5753, epoch 151, step  13, loss 0.01210334, auc@1 99.81, auc@5 99.99, share 1, std_loss 0, 
2021-05-13 01:57:42,320:INFO:[Rank-2] val time 12.2761, epoch 151, step  10, loss 2.50790214, auc@1 47.01, auc@5 73.97
2021-05-13 01:58:08,886:INFO:[Rank-2] train time 26.3832, epoch 152, step  13, loss 0.01190611, auc@1 99.81, auc@5 99.99, share 1, std_loss 0, 
2021-05-13 01:58:20,769:INFO:[Rank-2] val time 11.8804, epoch 152, step  10, loss 2.50665547, auc@1 47.34, auc@5 74.15
2021-05-13 01:58:46,453:INFO:[Rank-2] train time 25.6211, epoch 153, step  13, loss 0.01193962, auc@1 99.83, auc@5 99.97, share 1, std_loss 0, 
2021-05-13 01:58:58,348:INFO:[Rank-2] val time 11.8925, epoch 153, step  10, loss 2.47855446, auc@1 47.40, auc@5 74.25
2021-05-13 01:59:25,389:INFO:[Rank-2] train time 26.8597, epoch 154, step  13, loss 0.01105397, auc@1 99.83, auc@5 99.98, share 1, std_loss 0, 
2021-05-13 01:59:37,168:INFO:[Rank-2] val time 11.7778, epoch 154, step  10, loss 2.48454663, auc@1 47.64, auc@5 74.32
2021-05-13 02:00:03,134:INFO:[Rank-2] train time 25.9650, epoch 155, step  13, loss 0.01135216, auc@1 99.83, auc@5 99.98, share 1, std_loss 0, 
2021-05-13 02:00:14,865:INFO:[Rank-2] val time 11.7274, epoch 155, step  10, loss 2.47533144, auc@1 47.19, auc@5 74.33
2021-05-13 02:00:40,381:INFO:[Rank-2] train time 25.4325, epoch 156, step  13, loss 0.01150078, auc@1 99.82, auc@5 99.98, share 1, std_loss 0, 
2021-05-13 02:00:52,229:INFO:[Rank-2] val time 11.8462, epoch 156, step  10, loss 2.45453951, auc@1 47.41, auc@5 74.40
2021-05-13 02:01:19,214:INFO:[Rank-2] train time 26.7606, epoch 157, step  13, loss 0.01275782, auc@1 99.77, auc@5 99.98, share 1, std_loss 0, 
2021-05-13 02:01:31,062:INFO:[Rank-2] val time 11.8462, epoch 157, step  10, loss 2.45516566, auc@1 47.13, auc@5 74.16
2021-05-13 02:01:56,877:INFO:[Rank-2] train time 25.6282, epoch 158, step  13, loss 0.01251468, auc@1 99.80, auc@5 99.99, share 1, std_loss 0, 
2021-05-13 02:02:08,479:INFO:[Rank-2] val time 11.6003, epoch 158, step  10, loss 2.45953309, auc@1 47.29, auc@5 74.38
2021-05-13 02:02:35,977:INFO:[Rank-2] train time 27.3407, epoch 159, step  13, loss 0.01162196, auc@1 99.84, auc@5 99.98, share 1, std_loss 0, 
2021-05-13 02:02:48,420:INFO:[Rank-2] val time 12.4412, epoch 159, step  10, loss 2.42812092, auc@1 47.68, auc@5 74.43
2021-05-13 02:03:15,332:INFO:[Rank-2] train time 26.8515, epoch 160, step  13, loss 0.01126545, auc@1 99.83, auc@5 99.99, share 1, std_loss 0, 
2021-05-13 02:03:27,305:INFO:[Rank-2] val time 11.9711, epoch 160, step  10, loss 2.43488876, auc@1 47.72, auc@5 74.44
2021-05-13 02:03:52,836:INFO:[Rank-2] train time 25.4390, epoch 161, step  13, loss 0.01142056, auc@1 99.83, auc@5 99.98, share 1, std_loss 0, 
2021-05-13 02:04:05,135:INFO:[Rank-2] val time 12.2978, epoch 161, step  10, loss 2.44427254, auc@1 47.35, auc@5 74.14
2021-05-13 02:04:31,555:INFO:[Rank-2] train time 26.2847, epoch 162, step  13, loss 0.01067045, auc@1 99.85, auc@5 99.99, share 1, std_loss 0, 
2021-05-13 02:04:43,840:INFO:[Rank-2] val time 12.2827, epoch 162, step  10, loss 2.44385715, auc@1 47.29, auc@5 74.07
2021-05-13 02:05:09,559:INFO:[Rank-2] train time 25.6679, epoch 163, step  13, loss 0.01048961, auc@1 99.86, auc@5 99.99, share 1, std_loss 0, 
2021-05-13 02:05:21,315:INFO:[Rank-2] val time 11.7542, epoch 163, step  10, loss 2.44349230, auc@1 47.01, auc@5 74.15
2021-05-13 02:05:47,940:INFO:[Rank-2] train time 26.4961, epoch 164, step  13, loss 0.00997066, auc@1 99.86, auc@5 99.99, share 1, std_loss 0, 
2021-05-13 02:05:59,939:INFO:[Rank-2] val time 11.9966, epoch 164, step  10, loss 2.41803975, auc@1 47.17, auc@5 74.27
2021-05-13 02:06:25,445:INFO:[Rank-2] train time 25.4168, epoch 165, step  13, loss 0.01062007, auc@1 99.85, auc@5 99.99, share 1, std_loss 0, 
2021-05-13 02:06:37,238:INFO:[Rank-2] val time 11.7920, epoch 165, step  10, loss 2.41523463, auc@1 47.28, auc@5 74.27
2021-05-13 02:07:04,076:INFO:[Rank-2] train time 26.8365, epoch 166, step  13, loss 0.01035688, auc@1 99.85, auc@5 99.99, share 1, std_loss 0, 
2021-05-13 02:07:16,001:INFO:[Rank-2] val time 11.9233, epoch 166, step  10, loss 2.41401621, auc@1 47.36, auc@5 74.44
2021-05-13 02:07:41,622:INFO:[Rank-2] train time 25.4089, epoch 167, step  13, loss 0.01066656, auc@1 99.85, auc@5 99.99, share 1, std_loss 0, 
2021-05-13 02:07:53,225:INFO:[Rank-2] val time 11.6016, epoch 167, step  10, loss 2.40931458, auc@1 47.20, auc@5 74.28
2021-05-13 02:08:20,363:INFO:[Rank-2] train time 26.9625, epoch 168, step  13, loss 0.00961376, auc@1 99.86, auc@5 99.99, share 1, std_loss 0, 
2021-05-13 02:08:32,037:INFO:[Rank-2] val time 11.6721, epoch 168, step  10, loss 2.40234732, auc@1 47.29, auc@5 74.23
2021-05-13 02:08:58,583:INFO:[Rank-2] train time 26.4593, epoch 169, step  13, loss 0.01130866, auc@1 99.84, auc@5 99.99, share 1, std_loss 0, 
2021-05-13 02:09:10,488:INFO:[Rank-2] val time 11.9036, epoch 169, step  10, loss 2.41338850, auc@1 46.98, auc@5 74.28
2021-05-13 02:09:35,529:INFO:[Rank-2] train time 24.9137, epoch 170, step  13, loss 0.00988337, auc@1 99.86, auc@5 99.99, share 1, std_loss 0, 
2021-05-13 02:09:47,644:INFO:[Rank-2] val time 12.1128, epoch 170, step  10, loss 2.39887917, auc@1 46.89, auc@5 74.13
2021-05-13 02:10:13,967:INFO:[Rank-2] train time 26.2244, epoch 171, step  13, loss 0.01021018, auc@1 99.86, auc@5 99.99, share 1, std_loss 0, 
2021-05-13 02:10:25,726:INFO:[Rank-2] val time 11.7570, epoch 171, step  10, loss 2.41278698, auc@1 47.15, auc@5 74.30
2021-05-13 02:10:52,680:INFO:[Rank-2] train time 26.7523, epoch 172, step  13, loss 0.01068225, auc@1 99.85, auc@5 99.98, share 1, std_loss 0, 
2021-05-13 02:11:04,379:INFO:[Rank-2] val time 11.6962, epoch 172, step  10, loss 2.38893945, auc@1 47.13, auc@5 74.40
2021-05-13 02:11:30,759:INFO:[Rank-2] train time 26.2711, epoch 173, step  13, loss 0.00974065, auc@1 99.88, auc@5 99.99, share 1, std_loss 0, 
2021-05-13 02:11:42,903:INFO:[Rank-2] val time 12.1424, epoch 173, step  10, loss 2.38794675, auc@1 47.52, auc@5 74.31
2021-05-13 02:12:10,023:INFO:[Rank-2] train time 27.0203, epoch 174, step  13, loss 0.01001285, auc@1 99.87, auc@5 100.00, share 1, std_loss 0, 
2021-05-13 02:12:22,526:INFO:[Rank-2] val time 12.5011, epoch 174, step  10, loss 2.37258293, auc@1 47.53, auc@5 74.16
2021-05-13 02:12:47,877:INFO:[Rank-2] train time 25.0157, epoch 175, step  13, loss 0.01038240, auc@1 99.88, auc@5 99.98, share 1, std_loss 0, 
2021-05-13 02:12:59,664:INFO:[Rank-2] val time 11.7855, epoch 175, step  10, loss 2.37678971, auc@1 47.08, auc@5 74.17
2021-05-13 02:13:25,067:INFO:[Rank-2] train time 25.2668, epoch 176, step  13, loss 0.00933705, auc@1 99.90, auc@5 99.99, share 1, std_loss 0, 
2021-05-13 02:13:36,962:INFO:[Rank-2] val time 11.8939, epoch 176, step  10, loss 2.36957783, auc@1 47.58, auc@5 74.23
2021-05-13 02:14:03,125:INFO:[Rank-2] train time 26.1308, epoch 177, step  13, loss 0.01027406, auc@1 99.86, auc@5 100.00, share 1, std_loss 0, 
2021-05-13 02:14:15,589:INFO:[Rank-2] val time 12.4611, epoch 177, step  10, loss 2.36912981, auc@1 47.38, auc@5 74.45
2021-05-13 02:14:41,885:INFO:[Rank-2] train time 26.1324, epoch 178, step  13, loss 0.00961283, auc@1 99.89, auc@5 100.00, share 1, std_loss 0, 
2021-05-13 02:14:53,641:INFO:[Rank-2] val time 11.7545, epoch 178, step  10, loss 2.35373381, auc@1 47.42, auc@5 74.37
2021-05-13 02:15:19,079:INFO:[Rank-2] train time 25.3104, epoch 179, step  13, loss 0.00965897, auc@1 99.88, auc@5 100.00, share 1, std_loss 0, 
2021-05-13 02:15:30,881:INFO:[Rank-2] val time 11.7996, epoch 179, step  10, loss 2.36015695, auc@1 47.36, auc@5 74.09
2021-05-13 02:15:57,555:INFO:[Rank-2] train time 26.4944, epoch 180, step  13, loss 0.00914390, auc@1 99.91, auc@5 99.99, share 1, std_loss 0, 
2021-05-13 02:16:09,683:INFO:[Rank-2] val time 12.1250, epoch 180, step  10, loss 2.34239789, auc@1 47.66, auc@5 74.51
2021-05-13 02:16:36,494:INFO:[Rank-2] train time 26.5686, epoch 181, step  13, loss 0.00953936, auc@1 99.87, auc@5 100.00, share 1, std_loss 0, 
2021-05-13 02:16:48,371:INFO:[Rank-2] val time 11.8722, epoch 181, step  10, loss 2.34688956, auc@1 47.77, auc@5 74.31
2021-05-13 02:17:14,433:INFO:[Rank-2] train time 26.0068, epoch 182, step  13, loss 0.00893735, auc@1 99.91, auc@5 99.99, share 1, std_loss 0, 
2021-05-13 02:17:26,815:INFO:[Rank-2] val time 12.3800, epoch 182, step  10, loss 2.32901941, auc@1 47.86, auc@5 74.38
2021-05-13 02:17:51,390:INFO:[Rank-2] train time 24.4198, epoch 183, step  13, loss 0.00824622, auc@1 99.92, auc@5 100.00, share 1, std_loss 0, 
2021-05-13 02:18:02,964:INFO:[Rank-2] val time 11.5725, epoch 183, step  10, loss 2.33716032, auc@1 47.63, auc@5 74.34
2021-05-13 02:18:30,871:INFO:[Rank-2] train time 27.7947, epoch 184, step  13, loss 0.00856590, auc@1 99.89, auc@5 100.00, share 1, std_loss 0, 
2021-05-13 02:18:42,635:INFO:[Rank-2] val time 11.7621, epoch 184, step  10, loss 2.33430594, auc@1 47.56, auc@5 74.13
2021-05-13 02:19:09,934:INFO:[Rank-2] train time 27.2037, epoch 185, step  13, loss 0.00840915, auc@1 99.91, auc@5 100.00, share 1, std_loss 0, 
2021-05-13 02:19:21,938:INFO:[Rank-2] val time 12.0017, epoch 185, step  10, loss 2.33318629, auc@1 47.63, auc@5 74.42
2021-05-13 02:19:48,147:INFO:[Rank-2] train time 26.0727, epoch 186, step  13, loss 0.00857580, auc@1 99.91, auc@5 99.99, share 1, std_loss 0, 
2021-05-13 02:19:59,926:INFO:[Rank-2] val time 11.7773, epoch 186, step  10, loss 2.32378577, auc@1 47.62, auc@5 74.30
2021-05-13 02:20:26,216:INFO:[Rank-2] train time 26.2238, epoch 187, step  13, loss 0.00815259, auc@1 99.91, auc@5 100.00, share 1, std_loss 0, 
2021-05-13 02:20:38,051:INFO:[Rank-2] val time 11.8330, epoch 187, step  10, loss 2.32603641, auc@1 47.60, auc@5 74.18
2021-05-13 02:21:06,000:INFO:[Rank-2] train time 27.8300, epoch 188, step  13, loss 0.00810735, auc@1 99.93, auc@5 100.00, share 1, std_loss 0, 
2021-05-13 02:21:17,597:INFO:[Rank-2] val time 11.5946, epoch 188, step  10, loss 2.32604590, auc@1 47.93, auc@5 74.17
2021-05-13 02:21:46,929:INFO:[Rank-2] train time 29.1890, epoch 189, step  13, loss 0.00837848, auc@1 99.92, auc@5 99.99, share 1, std_loss 0, 
2021-05-13 02:21:58,785:INFO:[Rank-2] val time 11.8545, epoch 189, step  10, loss 2.30839721, auc@1 48.01, auc@5 74.40
2021-05-13 02:22:24,851:INFO:[Rank-2] train time 25.9938, epoch 190, step  13, loss 0.00789841, auc@1 99.93, auc@5 100.00, share 1, std_loss 0, 
2021-05-13 02:22:36,684:INFO:[Rank-2] val time 11.8299, epoch 190, step  10, loss 2.31360317, auc@1 47.76, auc@5 74.29
2021-05-13 02:23:02,291:INFO:[Rank-2] train time 25.4802, epoch 191, step  13, loss 0.00820455, auc@1 99.93, auc@5 100.00, share 1, std_loss 0, 
2021-05-13 02:23:14,084:INFO:[Rank-2] val time 11.7914, epoch 191, step  10, loss 2.32458861, auc@1 47.42, auc@5 74.12
2021-05-13 02:23:41,465:INFO:[Rank-2] train time 27.2803, epoch 192, step  13, loss 0.00770393, auc@1 99.93, auc@5 100.00, share 1, std_loss 0, 
2021-05-13 02:23:53,649:INFO:[Rank-2] val time 12.1826, epoch 192, step  10, loss 2.31711807, auc@1 47.95, auc@5 74.24
2021-05-13 02:24:19,545:INFO:[Rank-2] train time 25.8014, epoch 193, step  13, loss 0.00837785, auc@1 99.91, auc@5 100.00, share 1, std_loss 0, 
2021-05-13 02:24:31,205:INFO:[Rank-2] val time 11.6580, epoch 193, step  10, loss 2.30689788, auc@1 47.77, auc@5 74.24
2021-05-13 02:24:59,005:INFO:[Rank-2] train time 27.6126, epoch 194, step  13, loss 0.00799817, auc@1 99.92, auc@5 100.00, share 1, std_loss 0, 
2021-05-13 02:25:11,319:INFO:[Rank-2] val time 12.3119, epoch 194, step  10, loss 2.29446338, auc@1 47.63, auc@5 74.31
2021-05-13 02:25:37,679:INFO:[Rank-2] train time 26.2409, epoch 195, step  13, loss 0.00850359, auc@1 99.91, auc@5 100.00, share 1, std_loss 0, 
2021-05-13 02:25:49,635:INFO:[Rank-2] val time 11.9542, epoch 195, step  10, loss 2.29891419, auc@1 47.73, auc@5 74.38
2021-05-13 02:26:18,854:INFO:[Rank-2] train time 29.0885, epoch 196, step  13, loss 0.00825872, auc@1 99.91, auc@5 100.00, share 1, std_loss 0, 
2021-05-13 02:26:31,229:INFO:[Rank-2] val time 12.3730, epoch 196, step  10, loss 2.29726111, auc@1 48.08, auc@5 74.50
2021-05-13 02:26:56,715:INFO:[Rank-2] train time 25.3202, epoch 197, step  13, loss 0.00847040, auc@1 99.91, auc@5 100.00, share 1, std_loss 0, 
2021-05-13 02:27:08,577:INFO:[Rank-2] val time 11.8602, epoch 197, step  10, loss 2.29975274, auc@1 47.81, auc@5 74.39
2021-05-13 02:27:34,921:INFO:[Rank-2] train time 26.1769, epoch 198, step  13, loss 0.00816906, auc@1 99.91, auc@5 100.00, share 1, std_loss 0, 
2021-05-13 02:27:46,616:INFO:[Rank-2] val time 11.6929, epoch 198, step  10, loss 2.30701431, auc@1 47.72, auc@5 74.26
2021-05-13 02:28:14,615:INFO:[Rank-2] train time 27.8400, epoch 199, step  13, loss 0.00785899, auc@1 99.94, auc@5 99.99, share 1, std_loss 0, 
2021-05-13 02:28:26,824:INFO:[Rank-2] val time 12.2068, epoch 199, step  10, loss 2.29675936, auc@1 47.88, auc@5 74.39
2021-05-13 02:28:26,825:INFO:[Rank-2] finish, train+val 7705.27607, train 5307.71474, reduce_count 200
