2021-05-13 00:19:59,848:INFO:[Rank-3] args : Namespace(batch=4096, current_time='20210512_220249', dataset='cifar100', epochs=200, lr=0.05, rank=3, train_type='local', world=4)
2021-05-13 00:20:29,484:INFO:[Rank-3] train time 27.7676, epoch   0, step  13, loss 5.71987391, auc@1 1.32, auc@5 5.96, share 1, std_loss 0, 
2021-05-13 00:20:41,336:INFO:[Rank-3] val time 11.8490, epoch   0, step  10, loss 562.97084658, auc@1 1.01, auc@5 4.95
2021-05-13 00:21:08,295:INFO:[Rank-3] train time 26.7683, epoch   1, step  13, loss 5.59209871, auc@1 1.32, auc@5 5.96, share 1, std_loss 0, 
2021-05-13 00:21:20,639:INFO:[Rank-3] val time 12.3411, epoch   1, step  10, loss 243.02946187, auc@1 1.09, auc@5 5.03
2021-05-13 00:21:47,404:INFO:[Rank-3] train time 26.6329, epoch   2, step  13, loss 5.03880119, auc@1 1.34, auc@5 6.19, share 1, std_loss 0, 
2021-05-13 00:21:59,493:INFO:[Rank-3] val time 12.0867, epoch   2, step  10, loss 132.24125601, auc@1 1.03, auc@5 5.30
2021-05-13 00:22:25,714:INFO:[Rank-3] train time 26.1045, epoch   3, step  13, loss 4.76159334, auc@1 1.39, auc@5 6.29, share 1, std_loss 0, 
2021-05-13 00:22:37,745:INFO:[Rank-3] val time 12.0278, epoch   3, step  10, loss 17.16539578, auc@1 1.43, auc@5 6.00
2021-05-13 00:23:04,856:INFO:[Rank-3] train time 26.9265, epoch   4, step  13, loss 4.73346090, auc@1 1.85, auc@5 7.74, share 1, std_loss 0, 
2021-05-13 00:23:16,997:INFO:[Rank-3] val time 12.1375, epoch   4, step  10, loss 4.59205570, auc@1 1.66, auc@5 6.98
2021-05-13 00:23:42,491:INFO:[Rank-3] train time 25.3944, epoch   5, step  13, loss 4.61432314, auc@1 2.31, auc@5 10.03, share 1, std_loss 0, 
2021-05-13 00:23:54,802:INFO:[Rank-3] val time 12.3074, epoch   5, step  10, loss 4.56825721, auc@1 1.58, auc@5 7.81
2021-05-13 00:24:20,900:INFO:[Rank-3] train time 25.9577, epoch   6, step  13, loss 4.52253771, auc@1 3.07, auc@5 12.36, share 1, std_loss 0, 
2021-05-13 00:24:33,298:INFO:[Rank-3] val time 12.3960, epoch   6, step  10, loss 4.62634178, auc@1 2.28, auc@5 8.78
2021-05-13 00:24:59,981:INFO:[Rank-3] train time 26.6073, epoch   7, step  13, loss 4.40698385, auc@1 3.94, auc@5 14.99, share 1, std_loss 0, 
2021-05-13 00:25:12,242:INFO:[Rank-3] val time 12.2580, epoch   7, step  10, loss 4.52854869, auc@1 2.94, auc@5 11.88
2021-05-13 00:25:37,901:INFO:[Rank-3] train time 25.6280, epoch   8, step  13, loss 4.30036211, auc@1 5.18, auc@5 18.10, share 1, std_loss 0, 
2021-05-13 00:25:49,899:INFO:[Rank-3] val time 11.9958, epoch   8, step  10, loss 4.50089092, auc@1 4.00, auc@5 14.72
2021-05-13 00:26:16,348:INFO:[Rank-3] train time 26.2886, epoch   9, step  13, loss 4.18669176, auc@1 6.28, auc@5 21.72, share 1, std_loss 0, 
2021-05-13 00:26:28,842:INFO:[Rank-3] val time 12.4913, epoch   9, step  10, loss 4.39366205, auc@1 4.89, auc@5 17.88
2021-05-13 00:26:54,065:INFO:[Rank-3] train time 25.1616, epoch  10, step  13, loss 4.04958439, auc@1 8.04, auc@5 25.17, share 1, std_loss 0, 
2021-05-13 00:27:06,069:INFO:[Rank-3] val time 12.0011, epoch  10, step  10, loss 4.27363641, auc@1 5.67, auc@5 19.54
2021-05-13 00:27:31,991:INFO:[Rank-3] train time 25.8353, epoch  11, step  13, loss 3.92811656, auc@1 9.37, auc@5 28.77, share 1, std_loss 0, 
2021-05-13 00:27:43,920:INFO:[Rank-3] val time 11.9272, epoch  11, step  10, loss 4.14324848, auc@1 6.99, auc@5 22.32
2021-05-13 00:28:10,971:INFO:[Rank-3] train time 26.9215, epoch  12, step  13, loss 3.82015467, auc@1 10.94, auc@5 31.83, share 1, std_loss 0, 
2021-05-13 00:28:22,901:INFO:[Rank-3] val time 11.9277, epoch  12, step  10, loss 4.00294909, auc@1 8.09, auc@5 26.00
2021-05-13 00:28:49,497:INFO:[Rank-3] train time 26.4412, epoch  13, step  13, loss 3.71813059, auc@1 12.44, auc@5 34.94, share 1, std_loss 0, 
2021-05-13 00:29:01,646:INFO:[Rank-3] val time 12.1473, epoch  13, step  10, loss 3.90344073, auc@1 9.77, auc@5 29.90
2021-05-13 00:29:28,831:INFO:[Rank-3] train time 27.0703, epoch  14, step  13, loss 3.62111497, auc@1 14.25, auc@5 38.16, share 1, std_loss 0, 
2021-05-13 00:29:40,936:INFO:[Rank-3] val time 12.1021, epoch  14, step  10, loss 3.81591501, auc@1 11.23, auc@5 33.00
2021-05-13 00:30:06,858:INFO:[Rank-3] train time 25.8236, epoch  15, step  13, loss 3.53110909, auc@1 15.54, auc@5 40.46, share 1, std_loss 0, 
2021-05-13 00:30:18,889:INFO:[Rank-3] val time 12.0286, epoch  15, step  10, loss 3.75628281, auc@1 11.91, auc@5 34.71
2021-05-13 00:30:46,171:INFO:[Rank-3] train time 27.1585, epoch  16, step  13, loss 3.42673850, auc@1 17.41, auc@5 43.71, share 1, std_loss 0, 
2021-05-13 00:30:58,208:INFO:[Rank-3] val time 12.0347, epoch  16, step  10, loss 3.69367590, auc@1 13.57, auc@5 36.36
2021-05-13 00:31:24,010:INFO:[Rank-3] train time 25.7978, epoch  17, step  13, loss 3.34484386, auc@1 18.82, auc@5 46.10, share 1, std_loss 0, 
2021-05-13 00:31:36,348:INFO:[Rank-3] val time 12.3357, epoch  17, step  10, loss 3.60108042, auc@1 14.84, auc@5 39.24
2021-05-13 00:32:02,924:INFO:[Rank-3] train time 26.4282, epoch  18, step  13, loss 3.26340842, auc@1 20.27, auc@5 48.16, share 1, std_loss 0, 
2021-05-13 00:32:15,170:INFO:[Rank-3] val time 12.2436, epoch  18, step  10, loss 3.52081716, auc@1 15.90, auc@5 41.54
2021-05-13 00:32:41,593:INFO:[Rank-3] train time 26.1756, epoch  19, step  13, loss 3.18289566, auc@1 21.88, auc@5 50.27, share 1, std_loss 0, 
2021-05-13 00:32:53,568:INFO:[Rank-3] val time 11.9729, epoch  19, step  10, loss 3.47920547, auc@1 17.10, auc@5 42.40
2021-05-13 00:33:22,702:INFO:[Rank-3] train time 28.9171, epoch  20, step  13, loss 3.11095285, auc@1 23.08, auc@5 52.40, share 1, std_loss 0, 
2021-05-13 00:33:34,782:INFO:[Rank-3] val time 12.0772, epoch  20, step  10, loss 3.40211549, auc@1 17.88, auc@5 44.90
2021-05-13 00:34:02,146:INFO:[Rank-3] train time 27.2350, epoch  21, step  13, loss 3.02880120, auc@1 24.68, auc@5 54.38, share 1, std_loss 0, 
2021-05-13 00:34:14,132:INFO:[Rank-3] val time 11.9836, epoch  21, step  10, loss 3.36106607, auc@1 18.80, auc@5 46.24
2021-05-13 00:34:39,997:INFO:[Rank-3] train time 25.7967, epoch  22, step  13, loss 2.95537472, auc@1 25.92, auc@5 56.04, share 1, std_loss 0, 
2021-05-13 00:34:52,168:INFO:[Rank-3] val time 12.1685, epoch  22, step  10, loss 3.27038298, auc@1 20.86, auc@5 48.27
2021-05-13 00:35:18,780:INFO:[Rank-3] train time 26.4388, epoch  23, step  13, loss 2.90447211, auc@1 26.99, auc@5 57.54, share 1, std_loss 0, 
2021-05-13 00:35:31,040:INFO:[Rank-3] val time 12.2567, epoch  23, step  10, loss 3.30368057, auc@1 20.07, auc@5 47.59
2021-05-13 00:35:56,819:INFO:[Rank-3] train time 25.5998, epoch  24, step  13, loss 2.83438587, auc@1 28.30, auc@5 59.26, share 1, std_loss 0, 
2021-05-13 00:36:08,751:INFO:[Rank-3] val time 11.9292, epoch  24, step  10, loss 3.30195403, auc@1 20.44, auc@5 47.75
2021-05-13 00:36:33,698:INFO:[Rank-3] train time 24.8001, epoch  25, step  13, loss 2.77408910, auc@1 29.63, auc@5 60.67, share 1, std_loss 0, 
2021-05-13 00:36:45,988:INFO:[Rank-3] val time 12.2875, epoch  25, step  10, loss 3.15745468, auc@1 22.97, auc@5 51.46
2021-05-13 00:37:10,655:INFO:[Rank-3] train time 24.5428, epoch  26, step  13, loss 2.70042753, auc@1 31.21, auc@5 62.44, share 1, std_loss 0, 
2021-05-13 00:37:23,176:INFO:[Rank-3] val time 12.5191, epoch  26, step  10, loss 3.17573780, auc@1 21.93, auc@5 52.02
2021-05-13 00:37:50,190:INFO:[Rank-3] train time 26.9446, epoch  27, step  13, loss 2.65198588, auc@1 32.01, auc@5 63.76, share 1, std_loss 0, 
2021-05-13 00:38:02,414:INFO:[Rank-3] val time 12.2208, epoch  27, step  10, loss 3.08896311, auc@1 23.95, auc@5 53.21
2021-05-13 00:38:29,367:INFO:[Rank-3] train time 26.8677, epoch  28, step  13, loss 2.58608460, auc@1 33.43, auc@5 65.24, share 1, std_loss 0, 
2021-05-13 00:38:41,408:INFO:[Rank-3] val time 12.0381, epoch  28, step  10, loss 3.14050669, auc@1 23.96, auc@5 51.94
2021-05-13 00:39:07,132:INFO:[Rank-3] train time 25.6500, epoch  29, step  13, loss 2.52446961, auc@1 34.79, auc@5 66.68, share 1, std_loss 0, 
2021-05-13 00:39:19,190:INFO:[Rank-3] val time 12.0554, epoch  29, step  10, loss 3.04025591, auc@1 25.12, auc@5 55.14
2021-05-13 00:39:44,551:INFO:[Rank-3] train time 25.1746, epoch  30, step  13, loss 2.47720957, auc@1 35.99, auc@5 67.78, share 1, std_loss 0, 
2021-05-13 00:39:56,712:INFO:[Rank-3] val time 12.1598, epoch  30, step  10, loss 3.06328923, auc@1 24.95, auc@5 54.46
2021-05-13 00:40:22,267:INFO:[Rank-3] train time 25.3940, epoch  31, step  13, loss 2.41150284, auc@1 37.16, auc@5 69.11, share 1, std_loss 0, 
2021-05-13 00:40:34,327:INFO:[Rank-3] val time 12.0576, epoch  31, step  10, loss 3.04508607, auc@1 25.95, auc@5 54.83
2021-05-13 00:41:00,803:INFO:[Rank-3] train time 26.4053, epoch  32, step  13, loss 2.37303519, auc@1 38.08, auc@5 69.91, share 1, std_loss 0, 
2021-05-13 00:41:12,935:INFO:[Rank-3] val time 12.1305, epoch  32, step  10, loss 2.96106990, auc@1 26.93, auc@5 56.61
2021-05-13 00:41:39,732:INFO:[Rank-3] train time 26.6146, epoch  33, step  13, loss 2.31172538, auc@1 39.59, auc@5 71.25, share 1, std_loss 0, 
2021-05-13 00:41:52,087:INFO:[Rank-3] val time 12.3519, epoch  33, step  10, loss 2.88525927, auc@1 28.28, auc@5 58.86
2021-05-13 00:42:17,557:INFO:[Rank-3] train time 25.3588, epoch  34, step  13, loss 2.24016762, auc@1 41.10, auc@5 72.82, share 1, std_loss 0, 
2021-05-13 00:42:29,696:INFO:[Rank-3] val time 12.1363, epoch  34, step  10, loss 2.94279566, auc@1 27.72, auc@5 57.85
2021-05-13 00:42:55,114:INFO:[Rank-3] train time 25.2943, epoch  35, step  13, loss 2.18494987, auc@1 42.34, auc@5 73.80, share 1, std_loss 0, 
2021-05-13 00:43:07,166:INFO:[Rank-3] val time 12.0502, epoch  35, step  10, loss 3.02146491, auc@1 25.48, auc@5 55.98
2021-05-13 00:43:32,623:INFO:[Rank-3] train time 25.2933, epoch  36, step  13, loss 2.16173053, auc@1 43.17, auc@5 74.28, share 1, std_loss 0, 
2021-05-13 00:43:44,656:INFO:[Rank-3] val time 12.0306, epoch  36, step  10, loss 2.98804658, auc@1 26.48, auc@5 56.79
2021-05-13 00:44:13,202:INFO:[Rank-3] train time 28.3898, epoch  37, step  13, loss 2.09822702, auc@1 44.30, auc@5 75.71, share 1, std_loss 0, 
2021-05-13 00:44:25,710:INFO:[Rank-3] val time 12.5043, epoch  37, step  10, loss 2.92083903, auc@1 28.08, auc@5 58.34
2021-05-13 00:44:53,450:INFO:[Rank-3] train time 27.6610, epoch  38, step  13, loss 2.05404878, auc@1 45.38, auc@5 76.59, share 1, std_loss 0, 
2021-05-13 00:45:05,834:INFO:[Rank-3] val time 12.3792, epoch  38, step  10, loss 2.89648361, auc@1 28.65, auc@5 59.19
2021-05-13 00:45:32,936:INFO:[Rank-3] train time 27.0510, epoch  39, step  13, loss 2.00898027, auc@1 46.47, auc@5 77.29, share 1, std_loss 0, 
2021-05-13 00:45:45,079:INFO:[Rank-3] val time 12.1407, epoch  39, step  10, loss 2.80544672, auc@1 31.09, auc@5 61.36
2021-05-13 00:46:11,801:INFO:[Rank-3] train time 26.6297, epoch  40, step  13, loss 1.95747244, auc@1 47.74, auc@5 78.15, share 1, std_loss 0, 
2021-05-13 00:46:24,169:INFO:[Rank-3] val time 12.3656, epoch  40, step  10, loss 2.76320376, auc@1 30.82, auc@5 61.69
2021-05-13 00:46:50,501:INFO:[Rank-3] train time 26.1860, epoch  41, step  13, loss 1.91326845, auc@1 48.65, auc@5 79.26, share 1, std_loss 0, 
2021-05-13 00:47:02,490:INFO:[Rank-3] val time 11.9872, epoch  41, step  10, loss 2.89274292, auc@1 29.43, auc@5 60.03
2021-05-13 00:47:29,600:INFO:[Rank-3] train time 27.0841, epoch  42, step  13, loss 1.86050129, auc@1 49.94, auc@5 80.21, share 1, std_loss 0, 
2021-05-13 00:47:41,848:INFO:[Rank-3] val time 12.2450, epoch  42, step  10, loss 2.89360853, auc@1 30.47, auc@5 60.76
2021-05-13 00:48:08,046:INFO:[Rank-3] train time 26.0352, epoch  43, step  13, loss 1.81599343, auc@1 50.84, auc@5 80.92, share 1, std_loss 0, 
2021-05-13 00:48:20,602:INFO:[Rank-3] val time 12.5537, epoch  43, step  10, loss 2.84600303, auc@1 31.06, auc@5 60.99
2021-05-13 00:48:47,379:INFO:[Rank-3] train time 26.5727, epoch  44, step  13, loss 1.77197754, auc@1 52.20, auc@5 81.70, share 1, std_loss 0, 
2021-05-13 00:48:59,418:INFO:[Rank-3] val time 12.0367, epoch  44, step  10, loss 2.76697436, auc@1 32.04, auc@5 62.16
2021-05-13 00:49:25,579:INFO:[Rank-3] train time 26.0836, epoch  45, step  13, loss 1.72831595, auc@1 53.39, auc@5 82.35, share 1, std_loss 0, 
2021-05-13 00:49:37,889:INFO:[Rank-3] val time 12.3077, epoch  45, step  10, loss 2.77745290, auc@1 32.62, auc@5 63.67
2021-05-13 00:50:04,384:INFO:[Rank-3] train time 26.4223, epoch  46, step  13, loss 1.68607354, auc@1 54.36, auc@5 83.24, share 1, std_loss 0, 
2021-05-13 00:50:16,806:INFO:[Rank-3] val time 12.4189, epoch  46, step  10, loss 2.76976775, auc@1 32.94, auc@5 62.78
2021-05-13 00:50:42,474:INFO:[Rank-3] train time 25.5296, epoch  47, step  13, loss 1.62163770, auc@1 55.78, auc@5 84.12, share 1, std_loss 0, 
2021-05-13 00:50:54,547:INFO:[Rank-3] val time 12.0715, epoch  47, step  10, loss 2.88616372, auc@1 31.00, auc@5 61.36
2021-05-13 00:51:21,441:INFO:[Rank-3] train time 26.5892, epoch  48, step  13, loss 1.60175943, auc@1 56.23, auc@5 84.53, share 1, std_loss 0, 
2021-05-13 00:51:33,671:INFO:[Rank-3] val time 12.2291, epoch  48, step  10, loss 2.69945889, auc@1 33.73, auc@5 64.44
2021-05-13 00:51:59,808:INFO:[Rank-3] train time 25.9660, epoch  49, step  13, loss 1.55522060, auc@1 57.37, auc@5 85.07, share 1, std_loss 0, 
2021-05-13 00:52:11,830:INFO:[Rank-3] val time 12.0195, epoch  49, step  10, loss 2.81836694, auc@1 32.51, auc@5 62.67
2021-05-13 00:52:38,512:INFO:[Rank-3] train time 26.5372, epoch  50, step  13, loss 1.52083826, auc@1 58.50, auc@5 85.83, share 1, std_loss 0, 
2021-05-13 00:52:50,962:INFO:[Rank-3] val time 12.4479, epoch  50, step  10, loss 2.78245774, auc@1 33.73, auc@5 63.71
2021-05-13 00:53:19,501:INFO:[Rank-3] train time 28.4362, epoch  51, step  13, loss 1.45757031, auc@1 60.18, auc@5 86.63, share 1, std_loss 0, 
2021-05-13 00:53:31,414:INFO:[Rank-3] val time 11.9093, epoch  51, step  10, loss 2.72412048, auc@1 35.20, auc@5 64.92
2021-05-13 00:53:58,668:INFO:[Rank-3] train time 27.1691, epoch  52, step  13, loss 1.39630592, auc@1 61.64, auc@5 87.59, share 1, std_loss 0, 
2021-05-13 00:54:10,950:INFO:[Rank-3] val time 12.2792, epoch  52, step  10, loss 2.99937623, auc@1 30.63, auc@5 59.92
2021-05-13 00:54:37,429:INFO:[Rank-3] train time 26.3780, epoch  53, step  13, loss 1.37198317, auc@1 62.13, auc@5 87.91, share 1, std_loss 0, 
2021-05-13 00:54:49,630:INFO:[Rank-3] val time 12.1992, epoch  53, step  10, loss 2.72805074, auc@1 34.47, auc@5 64.88
2021-05-13 00:55:17,100:INFO:[Rank-3] train time 27.2605, epoch  54, step  13, loss 1.34941030, auc@1 62.74, auc@5 88.40, share 1, std_loss 0, 
2021-05-13 00:55:29,198:INFO:[Rank-3] val time 12.0951, epoch  54, step  10, loss 2.89555520, auc@1 33.32, auc@5 63.39
2021-05-13 00:55:56,414:INFO:[Rank-3] train time 27.1719, epoch  55, step  13, loss 1.30212677, auc@1 63.90, auc@5 89.07, share 1, std_loss 0, 
2021-05-13 00:56:08,748:INFO:[Rank-3] val time 12.3320, epoch  55, step  10, loss 2.84723925, auc@1 33.07, auc@5 62.86
2021-05-13 00:56:34,400:INFO:[Rank-3] train time 25.4593, epoch  56, step  13, loss 1.25737560, auc@1 65.16, auc@5 89.71, share 1, std_loss 0, 
2021-05-13 00:56:46,520:INFO:[Rank-3] val time 12.1169, epoch  56, step  10, loss 2.90252200, auc@1 32.65, auc@5 63.60
2021-05-13 00:57:13,133:INFO:[Rank-3] train time 26.4294, epoch  57, step  13, loss 1.22601283, auc@1 65.81, auc@5 90.03, share 1, std_loss 0, 
2021-05-13 00:57:25,497:INFO:[Rank-3] val time 12.3611, epoch  57, step  10, loss 2.89675447, auc@1 33.16, auc@5 63.64
2021-05-13 00:57:51,907:INFO:[Rank-3] train time 26.2082, epoch  58, step  13, loss 1.20281339, auc@1 66.51, auc@5 90.34, share 1, std_loss 0, 
2021-05-13 00:58:03,954:INFO:[Rank-3] val time 12.0450, epoch  58, step  10, loss 2.93003063, auc@1 32.80, auc@5 63.94
2021-05-13 00:58:31,697:INFO:[Rank-3] train time 27.6471, epoch  59, step  13, loss 1.15849280, auc@1 67.51, auc@5 91.09, share 1, std_loss 0, 
2021-05-13 00:58:43,742:INFO:[Rank-3] val time 12.0430, epoch  59, step  10, loss 2.80117623, auc@1 35.42, auc@5 65.66
2021-05-13 00:59:10,272:INFO:[Rank-3] train time 26.4833, epoch  60, step  13, loss 1.06447184, auc@1 70.23, auc@5 92.17, share 1, std_loss 0, 
2021-05-13 00:59:22,570:INFO:[Rank-3] val time 12.2964, epoch  60, step  10, loss 2.74038251, auc@1 36.66, auc@5 67.26
2021-05-13 00:59:48,993:INFO:[Rank-3] train time 26.2514, epoch  61, step  13, loss 0.96776092, auc@1 73.17, auc@5 93.23, share 1, std_loss 0, 
2021-05-13 01:00:00,976:INFO:[Rank-3] val time 11.9794, epoch  61, step  10, loss 2.66261566, auc@1 38.10, auc@5 67.75
2021-05-13 01:00:28,305:INFO:[Rank-3] train time 27.1773, epoch  62, step  13, loss 0.88213795, auc@1 75.45, auc@5 94.13, share 1, std_loss 0, 
2021-05-13 01:00:40,456:INFO:[Rank-3] val time 12.1488, epoch  62, step  10, loss 2.77258664, auc@1 36.29, auc@5 66.63
2021-05-13 01:01:05,951:INFO:[Rank-3] train time 25.4937, epoch  63, step  13, loss 0.84889263, auc@1 76.27, auc@5 94.40, share 1, std_loss 0, 
2021-05-13 01:01:18,246:INFO:[Rank-3] val time 12.2895, epoch  63, step  10, loss 2.78937135, auc@1 37.10, auc@5 66.73
2021-05-13 01:01:43,806:INFO:[Rank-3] train time 25.3628, epoch  64, step  13, loss 0.79969156, auc@1 77.84, auc@5 94.97, share 1, std_loss 0, 
2021-05-13 01:01:55,902:INFO:[Rank-3] val time 12.0934, epoch  64, step  10, loss 2.68948468, auc@1 38.32, auc@5 68.12
2021-05-13 01:02:22,587:INFO:[Rank-3] train time 26.6616, epoch  65, step  13, loss 0.76002938, auc@1 78.91, auc@5 95.26, share 1, std_loss 0, 
2021-05-13 01:02:34,764:INFO:[Rank-3] val time 12.1744, epoch  65, step  10, loss 2.72403106, auc@1 38.36, auc@5 67.97
2021-05-13 01:03:00,493:INFO:[Rank-3] train time 25.5544, epoch  66, step  13, loss 0.73196274, auc@1 79.85, auc@5 95.66, share 1, std_loss 0, 
2021-05-13 01:03:12,643:INFO:[Rank-3] val time 12.1483, epoch  66, step  10, loss 2.79812171, auc@1 37.76, auc@5 66.61
2021-05-13 01:03:38,365:INFO:[Rank-3] train time 25.6236, epoch  67, step  13, loss 0.70330334, auc@1 80.51, auc@5 95.93, share 1, std_loss 0, 
2021-05-13 01:03:50,427:INFO:[Rank-3] val time 12.0611, epoch  67, step  10, loss 2.81644324, auc@1 37.07, auc@5 67.35
2021-05-13 01:04:16,860:INFO:[Rank-3] train time 26.2957, epoch  68, step  13, loss 0.67252016, auc@1 81.11, auc@5 96.17, share 1, std_loss 0, 
2021-05-13 01:04:29,123:INFO:[Rank-3] val time 12.2605, epoch  68, step  10, loss 2.82818516, auc@1 38.33, auc@5 67.29
2021-05-13 01:04:55,775:INFO:[Rank-3] train time 26.4904, epoch  69, step  13, loss 0.64673585, auc@1 81.84, auc@5 96.42, share 1, std_loss 0, 
2021-05-13 01:05:07,730:INFO:[Rank-3] val time 11.9529, epoch  69, step  10, loss 2.89011943, auc@1 37.06, auc@5 67.45
2021-05-13 01:05:34,212:INFO:[Rank-3] train time 26.3179, epoch  70, step  13, loss 0.61394638, auc@1 82.64, auc@5 96.77, share 1, std_loss 0, 
2021-05-13 01:05:46,399:INFO:[Rank-3] val time 12.1858, epoch  70, step  10, loss 2.88627378, auc@1 36.79, auc@5 66.63
2021-05-13 01:06:13,062:INFO:[Rank-3] train time 26.4940, epoch  71, step  13, loss 0.59560877, auc@1 83.37, auc@5 96.86, share 1, std_loss 0, 
2021-05-13 01:06:25,118:INFO:[Rank-3] val time 12.0537, epoch  71, step  10, loss 2.84138741, auc@1 38.14, auc@5 67.97
2021-05-13 01:06:50,401:INFO:[Rank-3] train time 25.2083, epoch  72, step  13, loss 0.58206767, auc@1 83.52, auc@5 97.10, share 1, std_loss 0, 
2021-05-13 01:07:02,533:INFO:[Rank-3] val time 12.1299, epoch  72, step  10, loss 3.11514309, auc@1 33.91, auc@5 64.41
2021-05-13 01:07:29,046:INFO:[Rank-3] train time 26.4112, epoch  73, step  13, loss 0.56998330, auc@1 83.85, auc@5 97.19, share 1, std_loss 0, 
2021-05-13 01:07:41,265:INFO:[Rank-3] val time 12.2173, epoch  73, step  10, loss 2.95812160, auc@1 36.88, auc@5 66.68
2021-05-13 01:08:07,164:INFO:[Rank-3] train time 25.7997, epoch  74, step  13, loss 0.54196298, auc@1 84.66, auc@5 97.33, share 1, std_loss 0, 
2021-05-13 01:08:19,118:INFO:[Rank-3] val time 11.9522, epoch  74, step  10, loss 2.89983735, auc@1 37.55, auc@5 67.52
2021-05-13 01:08:45,374:INFO:[Rank-3] train time 26.2234, epoch  75, step  13, loss 0.52479196, auc@1 85.06, auc@5 97.60, share 1, std_loss 0, 
2021-05-13 01:08:57,586:INFO:[Rank-3] val time 12.2101, epoch  75, step  10, loss 2.90936515, auc@1 38.12, auc@5 67.77
2021-05-13 01:09:23,275:INFO:[Rank-3] train time 25.5624, epoch  76, step  13, loss 0.50576216, auc@1 85.92, auc@5 97.75, share 1, std_loss 0, 
2021-05-13 01:09:35,346:INFO:[Rank-3] val time 12.0684, epoch  76, step  10, loss 2.98931320, auc@1 36.78, auc@5 66.44
2021-05-13 01:10:02,462:INFO:[Rank-3] train time 27.0203, epoch  77, step  13, loss 0.48877406, auc@1 86.09, auc@5 97.88, share 1, std_loss 0, 
2021-05-13 01:10:14,787:INFO:[Rank-3] val time 12.3222, epoch  77, step  10, loss 2.94454489, auc@1 37.64, auc@5 67.50
2021-05-13 01:10:40,601:INFO:[Rank-3] train time 25.6440, epoch  78, step  13, loss 0.46606442, auc@1 86.73, auc@5 98.04, share 1, std_loss 0, 
2021-05-13 01:10:52,740:INFO:[Rank-3] val time 12.1368, epoch  78, step  10, loss 2.92388068, auc@1 38.15, auc@5 67.62
2021-05-13 01:11:21,201:INFO:[Rank-3] train time 28.3711, epoch  79, step  13, loss 0.44726577, auc@1 87.36, auc@5 98.23, share 1, std_loss 0, 
2021-05-13 01:11:33,294:INFO:[Rank-3] val time 12.0900, epoch  79, step  10, loss 3.04263367, auc@1 37.76, auc@5 66.47
2021-05-13 01:11:59,078:INFO:[Rank-3] train time 25.6792, epoch  80, step  13, loss 0.43244556, auc@1 87.66, auc@5 98.37, share 1, std_loss 0, 
2021-05-13 01:12:11,109:INFO:[Rank-3] val time 12.0278, epoch  80, step  10, loss 3.10341292, auc@1 35.95, auc@5 65.66
2021-05-13 01:12:37,998:INFO:[Rank-3] train time 26.7951, epoch  81, step  13, loss 0.41588941, auc@1 88.22, auc@5 98.40, share 1, std_loss 0, 
2021-05-13 01:12:49,970:INFO:[Rank-3] val time 11.9701, epoch  81, step  10, loss 3.03833126, auc@1 37.71, auc@5 66.41
2021-05-13 01:13:17,646:INFO:[Rank-3] train time 27.4906, epoch  82, step  13, loss 0.40947148, auc@1 88.29, auc@5 98.48, share 1, std_loss 0, 
2021-05-13 01:13:29,660:INFO:[Rank-3] val time 12.0120, epoch  82, step  10, loss 3.23520549, auc@1 34.92, auc@5 65.17
2021-05-13 01:13:55,331:INFO:[Rank-3] train time 25.5644, epoch  83, step  13, loss 0.38770026, auc@1 88.91, auc@5 98.73, share 1, std_loss 0, 
2021-05-13 01:14:07,389:INFO:[Rank-3] val time 12.0553, epoch  83, step  10, loss 3.10073870, auc@1 36.89, auc@5 66.20
2021-05-13 01:14:34,730:INFO:[Rank-3] train time 27.2213, epoch  84, step  13, loss 0.37952101, auc@1 89.27, auc@5 98.58, share 1, std_loss 0, 
2021-05-13 01:14:46,764:INFO:[Rank-3] val time 12.0315, epoch  84, step  10, loss 3.08070225, auc@1 36.81, auc@5 66.64
2021-05-13 01:15:13,049:INFO:[Rank-3] train time 26.2045, epoch  85, step  13, loss 0.37571320, auc@1 89.26, auc@5 98.65, share 1, std_loss 0, 
2021-05-13 01:15:25,000:INFO:[Rank-3] val time 11.9483, epoch  85, step  10, loss 3.15431158, auc@1 36.42, auc@5 65.13
2021-05-13 01:15:51,447:INFO:[Rank-3] train time 26.4350, epoch  86, step  13, loss 0.35463774, auc@1 90.05, auc@5 98.84, share 1, std_loss 0, 
2021-05-13 01:16:03,656:INFO:[Rank-3] val time 12.2064, epoch  86, step  10, loss 3.08476929, auc@1 38.02, auc@5 66.44
2021-05-13 01:16:29,374:INFO:[Rank-3] train time 25.6094, epoch  87, step  13, loss 0.33870599, auc@1 90.29, auc@5 98.97, share 1, std_loss 0, 
2021-05-13 01:16:41,388:INFO:[Rank-3] val time 12.0120, epoch  87, step  10, loss 2.91819086, auc@1 39.69, auc@5 68.60
2021-05-13 01:17:07,968:INFO:[Rank-3] train time 26.4627, epoch  88, step  13, loss 0.33384222, auc@1 90.55, auc@5 98.92, share 1, std_loss 0, 
2021-05-13 01:17:20,020:INFO:[Rank-3] val time 12.0491, epoch  88, step  10, loss 3.01839889, auc@1 38.29, auc@5 67.83
2021-05-13 01:17:44,731:INFO:[Rank-3] train time 24.6593, epoch  89, step  13, loss 0.31772211, auc@1 91.00, auc@5 99.05, share 1, std_loss 0, 
2021-05-13 01:17:56,558:INFO:[Rank-3] val time 11.8243, epoch  89, step  10, loss 3.03833189, auc@1 38.68, auc@5 68.40
2021-05-13 01:18:23,419:INFO:[Rank-3] train time 26.8191, epoch  90, step  13, loss 0.30860066, auc@1 91.37, auc@5 99.07, share 1, std_loss 0, 
2021-05-13 01:18:35,339:INFO:[Rank-3] val time 11.9172, epoch  90, step  10, loss 2.98694741, auc@1 38.92, auc@5 68.30
2021-05-13 01:19:02,380:INFO:[Rank-3] train time 26.8590, epoch  91, step  13, loss 0.29934621, auc@1 91.40, auc@5 99.10, share 1, std_loss 0, 
2021-05-13 01:19:14,482:INFO:[Rank-3] val time 12.0996, epoch  91, step  10, loss 2.98727244, auc@1 39.13, auc@5 68.28
2021-05-13 01:19:40,126:INFO:[Rank-3] train time 25.5154, epoch  92, step  13, loss 0.28847021, auc@1 91.91, auc@5 99.16, share 1, std_loss 0, 
2021-05-13 01:19:52,140:INFO:[Rank-3] val time 12.0127, epoch  92, step  10, loss 3.01002034, auc@1 39.00, auc@5 68.27
2021-05-13 01:20:18,714:INFO:[Rank-3] train time 26.4673, epoch  93, step  13, loss 0.28401223, auc@1 91.92, auc@5 99.28, share 1, std_loss 0, 
2021-05-13 01:20:30,972:INFO:[Rank-3] val time 12.2563, epoch  93, step  10, loss 3.05587419, auc@1 39.02, auc@5 68.11
2021-05-13 01:20:57,463:INFO:[Rank-3] train time 26.3475, epoch  94, step  13, loss 0.27613208, auc@1 92.29, auc@5 99.26, share 1, std_loss 0, 
2021-05-13 01:21:09,327:INFO:[Rank-3] val time 11.8613, epoch  94, step  10, loss 3.06403011, auc@1 39.68, auc@5 68.18
2021-05-13 01:21:36,221:INFO:[Rank-3] train time 26.6419, epoch  95, step  13, loss 0.26374245, auc@1 92.63, auc@5 99.31, share 1, std_loss 0, 
2021-05-13 01:21:48,173:INFO:[Rank-3] val time 11.9487, epoch  95, step  10, loss 3.08670302, auc@1 39.33, auc@5 67.88
2021-05-13 01:22:16,593:INFO:[Rank-3] train time 28.2656, epoch  96, step  13, loss 0.26128042, auc@1 92.52, auc@5 99.38, share 1, std_loss 0, 
2021-05-13 01:22:28,979:INFO:[Rank-3] val time 12.3833, epoch  96, step  10, loss 3.00692702, auc@1 40.13, auc@5 69.29
2021-05-13 01:22:55,875:INFO:[Rank-3] train time 26.8331, epoch  97, step  13, loss 0.24406645, auc@1 93.11, auc@5 99.44, share 1, std_loss 0, 
2021-05-13 01:23:08,060:INFO:[Rank-3] val time 12.1833, epoch  97, step  10, loss 2.97848146, auc@1 40.41, auc@5 68.89
2021-05-13 01:23:36,304:INFO:[Rank-3] train time 27.9948, epoch  98, step  13, loss 0.23739317, auc@1 93.35, auc@5 99.47, share 1, std_loss 0, 
2021-05-13 01:23:48,473:INFO:[Rank-3] val time 12.1669, epoch  98, step  10, loss 3.03508880, auc@1 40.17, auc@5 68.97
2021-05-13 01:24:14,287:INFO:[Rank-3] train time 25.6887, epoch  99, step  13, loss 0.22940828, auc@1 93.56, auc@5 99.48, share 1, std_loss 0, 
2021-05-13 01:24:26,239:INFO:[Rank-3] val time 11.9506, epoch  99, step  10, loss 3.10897015, auc@1 39.61, auc@5 67.90
2021-05-13 01:24:53,434:INFO:[Rank-3] train time 27.0948, epoch 100, step  13, loss 0.22613664, auc@1 93.61, auc@5 99.51, share 1, std_loss 0, 
2021-05-13 01:25:05,447:INFO:[Rank-3] val time 12.0113, epoch 100, step  10, loss 3.12070120, auc@1 39.73, auc@5 67.91
2021-05-13 01:25:32,643:INFO:[Rank-3] train time 27.1587, epoch 101, step  13, loss 0.22854879, auc@1 93.55, auc@5 99.52, share 1, std_loss 0, 
2021-05-13 01:25:44,683:INFO:[Rank-3] val time 12.0384, epoch 101, step  10, loss 3.14683890, auc@1 39.12, auc@5 67.51
2021-05-13 01:26:11,623:INFO:[Rank-3] train time 26.8271, epoch 102, step  13, loss 0.21983382, auc@1 93.86, auc@5 99.53, share 1, std_loss 0, 
2021-05-13 01:26:23,611:INFO:[Rank-3] val time 11.9866, epoch 102, step  10, loss 3.16364196, auc@1 38.69, auc@5 67.60
2021-05-13 01:26:51,419:INFO:[Rank-3] train time 27.6001, epoch 103, step  13, loss 0.21411265, auc@1 93.89, auc@5 99.55, share 1, std_loss 0, 
2021-05-13 01:27:03,398:INFO:[Rank-3] val time 11.9774, epoch 103, step  10, loss 3.12157232, auc@1 39.07, auc@5 67.74
2021-05-13 01:27:30,041:INFO:[Rank-3] train time 26.4792, epoch 104, step  13, loss 0.20930539, auc@1 94.14, auc@5 99.59, share 1, std_loss 0, 
2021-05-13 01:27:41,948:INFO:[Rank-3] val time 11.9048, epoch 104, step  10, loss 3.02467145, auc@1 40.28, auc@5 69.26
2021-05-13 01:28:07,190:INFO:[Rank-3] train time 25.1513, epoch 105, step  13, loss 0.20461221, auc@1 94.29, auc@5 99.62, share 1, std_loss 0, 
2021-05-13 01:28:19,675:INFO:[Rank-3] val time 12.4824, epoch 105, step  10, loss 3.07965967, auc@1 40.17, auc@5 68.68
2021-05-13 01:28:44,134:INFO:[Rank-3] train time 24.3502, epoch 106, step  13, loss 0.19299874, auc@1 94.69, auc@5 99.66, share 1, std_loss 0, 
2021-05-13 01:28:56,163:INFO:[Rank-3] val time 12.0263, epoch 106, step  10, loss 3.12538610, auc@1 38.74, auc@5 67.95
2021-05-13 01:29:23,010:INFO:[Rank-3] train time 26.7455, epoch 107, step  13, loss 0.18903105, auc@1 94.87, auc@5 99.64, share 1, std_loss 0, 
2021-05-13 01:29:35,224:INFO:[Rank-3] val time 12.2121, epoch 107, step  10, loss 3.10922995, auc@1 39.89, auc@5 67.62
2021-05-13 01:30:00,505:INFO:[Rank-3] train time 25.1659, epoch 108, step  13, loss 0.17819726, auc@1 95.17, auc@5 99.67, share 1, std_loss 0, 
2021-05-13 01:30:12,634:INFO:[Rank-3] val time 12.1260, epoch 108, step  10, loss 3.16057705, auc@1 39.49, auc@5 68.29
2021-05-13 01:30:38,780:INFO:[Rank-3] train time 25.9880, epoch 109, step  13, loss 0.17945959, auc@1 95.13, auc@5 99.70, share 1, std_loss 0, 
2021-05-13 01:30:50,869:INFO:[Rank-3] val time 12.0872, epoch 109, step  10, loss 3.09642631, auc@1 39.89, auc@5 68.33
2021-05-13 01:31:17,283:INFO:[Rank-3] train time 26.3081, epoch 110, step  13, loss 0.16938338, auc@1 95.49, auc@5 99.70, share 1, std_loss 0, 
2021-05-13 01:31:29,356:INFO:[Rank-3] val time 12.0708, epoch 110, step  10, loss 3.03123112, auc@1 41.07, auc@5 69.25
2021-05-13 01:31:56,323:INFO:[Rank-3] train time 26.8978, epoch 111, step  13, loss 0.16314016, auc@1 95.69, auc@5 99.69, share 1, std_loss 0, 
2021-05-13 01:32:08,428:INFO:[Rank-3] val time 12.1026, epoch 111, step  10, loss 3.22174230, auc@1 38.64, auc@5 67.00
2021-05-13 01:32:34,342:INFO:[Rank-3] train time 25.8011, epoch 112, step  13, loss 0.15652518, auc@1 95.80, auc@5 99.74, share 1, std_loss 0, 
2021-05-13 01:32:46,424:INFO:[Rank-3] val time 12.0794, epoch 112, step  10, loss 3.05453520, auc@1 40.73, auc@5 68.83
2021-05-13 01:33:11,766:INFO:[Rank-3] train time 25.3394, epoch 113, step  13, loss 0.15123500, auc@1 95.98, auc@5 99.75, share 1, std_loss 0, 
2021-05-13 01:33:23,934:INFO:[Rank-3] val time 12.1626, epoch 113, step  10, loss 3.06231050, auc@1 40.55, auc@5 69.28
2021-05-13 01:33:50,360:INFO:[Rank-3] train time 26.2628, epoch 114, step  13, loss 0.14987873, auc@1 96.08, auc@5 99.74, share 1, std_loss 0, 
2021-05-13 01:34:02,463:INFO:[Rank-3] val time 12.1014, epoch 114, step  10, loss 2.99921220, auc@1 40.88, auc@5 69.93
2021-05-13 01:34:28,116:INFO:[Rank-3] train time 25.4926, epoch 115, step  13, loss 0.14189996, auc@1 96.32, auc@5 99.76, share 1, std_loss 0, 
2021-05-13 01:34:40,091:INFO:[Rank-3] val time 11.9731, epoch 115, step  10, loss 3.03644100, auc@1 41.28, auc@5 69.21
2021-05-13 01:35:06,242:INFO:[Rank-3] train time 26.0161, epoch 116, step  13, loss 0.13395731, auc@1 96.50, auc@5 99.81, share 1, std_loss 0, 
2021-05-13 01:35:18,245:INFO:[Rank-3] val time 12.0006, epoch 116, step  10, loss 3.01449006, auc@1 41.12, auc@5 69.42
2021-05-13 01:35:43,683:INFO:[Rank-3] train time 25.3352, epoch 117, step  13, loss 0.13134399, auc@1 96.65, auc@5 99.82, share 1, std_loss 0, 
2021-05-13 01:35:55,767:INFO:[Rank-3] val time 12.0809, epoch 117, step  10, loss 3.02632243, auc@1 41.10, auc@5 69.21
2021-05-13 01:36:21,093:INFO:[Rank-3] train time 25.2478, epoch 118, step  13, loss 0.13145594, auc@1 96.53, auc@5 99.85, share 1, std_loss 0, 
2021-05-13 01:36:33,279:INFO:[Rank-3] val time 12.1837, epoch 118, step  10, loss 3.07070444, auc@1 41.34, auc@5 69.00
2021-05-13 01:36:59,826:INFO:[Rank-3] train time 26.4865, epoch 119, step  13, loss 0.12834117, auc@1 96.69, auc@5 99.86, share 1, std_loss 0, 
2021-05-13 01:37:12,501:INFO:[Rank-3] val time 12.6716, epoch 119, step  10, loss 3.21009654, auc@1 39.65, auc@5 67.70
2021-05-13 01:37:36,665:INFO:[Rank-3] train time 24.0670, epoch 120, step  13, loss 0.11235832, auc@1 97.11, auc@5 99.88, share 1, std_loss 0, 
2021-05-13 01:37:49,077:INFO:[Rank-3] val time 12.4089, epoch 120, step  10, loss 3.04315063, auc@1 41.68, auc@5 69.47
2021-05-13 01:38:14,815:INFO:[Rank-3] train time 25.5292, epoch 121, step  13, loss 0.09593611, auc@1 97.74, auc@5 99.89, share 1, std_loss 0, 
2021-05-13 01:38:26,820:INFO:[Rank-3] val time 12.0030, epoch 121, step  10, loss 2.97659302, auc@1 42.40, auc@5 70.25
2021-05-13 01:38:52,345:INFO:[Rank-3] train time 25.4909, epoch 122, step  13, loss 0.08387119, auc@1 98.08, auc@5 99.88, share 1, std_loss 0, 
2021-05-13 01:39:04,639:INFO:[Rank-3] val time 12.2908, epoch 122, step  10, loss 3.01793716, auc@1 41.99, auc@5 69.68
2021-05-13 01:39:30,084:INFO:[Rank-3] train time 25.3693, epoch 123, step  13, loss 0.07241061, auc@1 98.41, auc@5 99.91, share 1, std_loss 0, 
2021-05-13 01:39:42,074:INFO:[Rank-3] val time 11.9877, epoch 123, step  10, loss 2.95267521, auc@1 42.26, auc@5 70.48
2021-05-13 01:40:08,269:INFO:[Rank-3] train time 26.0121, epoch 124, step  13, loss 0.06353264, auc@1 98.69, auc@5 99.90, share 1, std_loss 0, 
2021-05-13 01:40:20,455:INFO:[Rank-3] val time 12.1835, epoch 124, step  10, loss 2.95407353, auc@1 42.63, auc@5 70.28
2021-05-13 01:40:46,227:INFO:[Rank-3] train time 25.6182, epoch 125, step  13, loss 0.05452219, auc@1 98.96, auc@5 99.92, share 1, std_loss 0, 
2021-05-13 01:40:58,222:INFO:[Rank-3] val time 11.9923, epoch 125, step  10, loss 2.91843719, auc@1 43.15, auc@5 71.20
2021-05-13 01:41:24,416:INFO:[Rank-3] train time 26.0455, epoch 126, step  13, loss 0.05096823, auc@1 98.96, auc@5 99.94, share 1, std_loss 0, 
2021-05-13 01:41:36,650:INFO:[Rank-3] val time 12.2315, epoch 126, step  10, loss 2.91210223, auc@1 43.22, auc@5 71.14
2021-05-13 01:42:03,176:INFO:[Rank-3] train time 26.3378, epoch 127, step  13, loss 0.04493786, auc@1 99.12, auc@5 99.95, share 1, std_loss 0, 
2021-05-13 01:42:15,040:INFO:[Rank-3] val time 11.8622, epoch 127, step  10, loss 2.91925730, auc@1 43.38, auc@5 70.80
2021-05-13 01:42:41,363:INFO:[Rank-3] train time 26.0775, epoch 128, step  13, loss 0.04096490, auc@1 99.21, auc@5 99.94, share 1, std_loss 0, 
2021-05-13 01:42:53,403:INFO:[Rank-3] val time 12.0363, epoch 128, step  10, loss 2.92135149, auc@1 43.38, auc@5 70.88
2021-05-13 01:43:21,803:INFO:[Rank-3] train time 28.2901, epoch 129, step  13, loss 0.03764769, auc@1 99.33, auc@5 99.96, share 1, std_loss 0, 
2021-05-13 01:43:34,291:INFO:[Rank-3] val time 12.4852, epoch 129, step  10, loss 2.87897374, auc@1 43.86, auc@5 71.78
2021-05-13 01:44:00,055:INFO:[Rank-3] train time 25.6906, epoch 130, step  13, loss 0.03235297, auc@1 99.43, auc@5 99.96, share 1, std_loss 0, 
2021-05-13 01:44:12,200:INFO:[Rank-3] val time 12.1432, epoch 130, step  10, loss 2.87767592, auc@1 44.28, auc@5 71.29
2021-05-13 01:44:38,734:INFO:[Rank-3] train time 26.3528, epoch 131, step  13, loss 0.03390374, auc@1 99.36, auc@5 99.94, share 1, std_loss 0, 
2021-05-13 01:44:50,755:INFO:[Rank-3] val time 12.0194, epoch 131, step  10, loss 2.87529654, auc@1 43.75, auc@5 71.73
2021-05-13 01:45:17,106:INFO:[Rank-3] train time 26.2213, epoch 132, step  13, loss 0.02929487, auc@1 99.50, auc@5 99.95, share 1, std_loss 0, 
2021-05-13 01:45:29,390:INFO:[Rank-3] val time 12.2810, epoch 132, step  10, loss 2.82344761, auc@1 44.38, auc@5 72.02
2021-05-13 01:45:55,913:INFO:[Rank-3] train time 26.4504, epoch 133, step  13, loss 0.02562593, auc@1 99.57, auc@5 99.97, share 1, std_loss 0, 
2021-05-13 01:46:07,925:INFO:[Rank-3] val time 12.0099, epoch 133, step  10, loss 2.83347400, auc@1 44.83, auc@5 72.21
2021-05-13 01:46:34,348:INFO:[Rank-3] train time 26.3173, epoch 134, step  13, loss 0.02509138, auc@1 99.58, auc@5 99.96, share 1, std_loss 0, 
2021-05-13 01:46:46,423:INFO:[Rank-3] val time 12.0730, epoch 134, step  10, loss 2.84824073, auc@1 43.84, auc@5 71.81
2021-05-13 01:47:13,268:INFO:[Rank-3] train time 26.7411, epoch 135, step  13, loss 0.02388143, auc@1 99.62, auc@5 99.96, share 1, std_loss 0, 
2021-05-13 01:47:25,338:INFO:[Rank-3] val time 12.0684, epoch 135, step  10, loss 2.81057372, auc@1 43.95, auc@5 72.08
2021-05-13 01:47:51,955:INFO:[Rank-3] train time 26.4484, epoch 136, step  13, loss 0.02040996, auc@1 99.65, auc@5 99.97, share 1, std_loss 0, 
2021-05-13 01:48:04,137:INFO:[Rank-3] val time 12.1799, epoch 136, step  10, loss 2.80959433, auc@1 44.34, auc@5 72.01
2021-05-13 01:48:30,350:INFO:[Rank-3] train time 25.9789, epoch 137, step  13, loss 0.02010969, auc@1 99.67, auc@5 99.97, share 1, std_loss 0, 
2021-05-13 01:48:42,986:INFO:[Rank-3] val time 12.6339, epoch 137, step  10, loss 2.77995964, auc@1 44.46, auc@5 72.40
2021-05-13 01:49:08,612:INFO:[Rank-3] train time 25.5892, epoch 138, step  13, loss 0.01993085, auc@1 99.65, auc@5 99.97, share 1, std_loss 0, 
2021-05-13 01:49:20,647:INFO:[Rank-3] val time 12.0329, epoch 138, step  10, loss 2.79069529, auc@1 44.36, auc@5 71.71
2021-05-13 01:49:46,113:INFO:[Rank-3] train time 25.4361, epoch 139, step  13, loss 0.01973118, auc@1 99.63, auc@5 99.98, share 1, std_loss 0, 
2021-05-13 01:49:58,170:INFO:[Rank-3] val time 12.0542, epoch 139, step  10, loss 2.77105251, auc@1 44.60, auc@5 71.68
2021-05-13 01:50:25,670:INFO:[Rank-3] train time 27.3299, epoch 140, step  13, loss 0.01837663, auc@1 99.69, auc@5 99.97, share 1, std_loss 0, 
2021-05-13 01:50:37,737:INFO:[Rank-3] val time 12.0648, epoch 140, step  10, loss 2.75486891, auc@1 44.71, auc@5 72.07
2021-05-13 01:51:05,810:INFO:[Rank-3] train time 27.9433, epoch 141, step  13, loss 0.01756583, auc@1 99.72, auc@5 99.97, share 1, std_loss 0, 
2021-05-13 01:51:17,839:INFO:[Rank-3] val time 12.0265, epoch 141, step  10, loss 2.76058174, auc@1 44.79, auc@5 71.94
2021-05-13 01:51:44,924:INFO:[Rank-3] train time 27.0351, epoch 142, step  13, loss 0.01693574, auc@1 99.68, auc@5 99.98, share 1, std_loss 0, 
2021-05-13 01:51:56,958:INFO:[Rank-3] val time 12.0321, epoch 142, step  10, loss 2.74439132, auc@1 45.27, auc@5 72.48
2021-05-13 01:52:24,570:INFO:[Rank-3] train time 27.4917, epoch 143, step  13, loss 0.01572962, auc@1 99.75, auc@5 99.98, share 1, std_loss 0, 
2021-05-13 01:52:36,629:INFO:[Rank-3] val time 12.0562, epoch 143, step  10, loss 2.72224381, auc@1 45.03, auc@5 72.34
2021-05-13 01:53:02,265:INFO:[Rank-3] train time 25.5957, epoch 144, step  13, loss 0.01529986, auc@1 99.75, auc@5 99.97, share 1, std_loss 0, 
2021-05-13 01:53:14,234:INFO:[Rank-3] val time 11.9667, epoch 144, step  10, loss 2.72057168, auc@1 44.96, auc@5 72.39
2021-05-13 01:53:39,930:INFO:[Rank-3] train time 25.5746, epoch 145, step  13, loss 0.01476124, auc@1 99.77, auc@5 99.98, share 1, std_loss 0, 
2021-05-13 01:53:51,924:INFO:[Rank-3] val time 11.9908, epoch 145, step  10, loss 2.70404534, auc@1 44.91, auc@5 72.56
2021-05-13 01:54:17,362:INFO:[Rank-3] train time 25.3803, epoch 146, step  13, loss 0.01396247, auc@1 99.78, auc@5 99.97, share 1, std_loss 0, 
2021-05-13 01:54:29,288:INFO:[Rank-3] val time 11.9194, epoch 146, step  10, loss 2.70238228, auc@1 44.95, auc@5 72.94
2021-05-13 01:54:54,844:INFO:[Rank-3] train time 25.4363, epoch 147, step  13, loss 0.01411505, auc@1 99.78, auc@5 99.97, share 1, std_loss 0, 
2021-05-13 01:55:06,944:INFO:[Rank-3] val time 12.0974, epoch 147, step  10, loss 2.70931839, auc@1 45.12, auc@5 72.27
2021-05-13 01:55:32,106:INFO:[Rank-3] train time 25.0691, epoch 148, step  13, loss 0.01337204, auc@1 99.80, auc@5 99.97, share 1, std_loss 0, 
2021-05-13 01:55:44,138:INFO:[Rank-3] val time 12.0298, epoch 148, step  10, loss 2.68854211, auc@1 45.00, auc@5 72.67
2021-05-13 01:56:11,741:INFO:[Rank-3] train time 27.4895, epoch 149, step  13, loss 0.01335426, auc@1 99.77, auc@5 99.98, share 1, std_loss 0, 
2021-05-13 01:56:23,720:INFO:[Rank-3] val time 11.9770, epoch 149, step  10, loss 2.69146846, auc@1 44.84, auc@5 72.50
2021-05-13 01:56:52,458:INFO:[Rank-3] train time 28.5390, epoch 150, step  13, loss 0.01391710, auc@1 99.76, auc@5 99.98, share 1, std_loss 0, 
2021-05-13 01:57:05,132:INFO:[Rank-3] val time 12.6702, epoch 150, step  10, loss 2.66794860, auc@1 45.53, auc@5 72.52
2021-05-13 01:57:30,042:INFO:[Rank-3] train time 24.7659, epoch 151, step  13, loss 0.01210334, auc@1 99.81, auc@5 99.99, share 1, std_loss 0, 
2021-05-13 01:57:42,199:INFO:[Rank-3] val time 12.1546, epoch 151, step  10, loss 2.64853551, auc@1 45.93, auc@5 72.59
2021-05-13 01:58:08,886:INFO:[Rank-3] train time 26.6854, epoch 152, step  13, loss 0.01190611, auc@1 99.81, auc@5 99.99, share 1, std_loss 0, 
2021-05-13 01:58:20,963:INFO:[Rank-3] val time 12.0734, epoch 152, step  10, loss 2.63740918, auc@1 45.63, auc@5 72.72
2021-05-13 01:58:46,453:INFO:[Rank-3] train time 25.4355, epoch 153, step  13, loss 0.01193962, auc@1 99.83, auc@5 99.97, share 1, std_loss 0, 
2021-05-13 01:58:58,554:INFO:[Rank-3] val time 12.0978, epoch 153, step  10, loss 2.64105791, auc@1 45.39, auc@5 72.76
2021-05-13 01:59:25,389:INFO:[Rank-3] train time 26.7163, epoch 154, step  13, loss 0.01105397, auc@1 99.83, auc@5 99.98, share 1, std_loss 0, 
2021-05-13 01:59:37,503:INFO:[Rank-3] val time 12.1126, epoch 154, step  10, loss 2.62944180, auc@1 45.44, auc@5 72.54
2021-05-13 02:00:03,134:INFO:[Rank-3] train time 25.5708, epoch 155, step  13, loss 0.01135216, auc@1 99.83, auc@5 99.98, share 1, std_loss 0, 
2021-05-13 02:00:15,135:INFO:[Rank-3] val time 11.9984, epoch 155, step  10, loss 2.62437852, auc@1 45.70, auc@5 72.55
2021-05-13 02:00:40,381:INFO:[Rank-3] train time 25.0505, epoch 156, step  13, loss 0.01150078, auc@1 99.82, auc@5 99.98, share 1, std_loss 0, 
2021-05-13 02:00:52,311:INFO:[Rank-3] val time 11.9288, epoch 156, step  10, loss 2.62080337, auc@1 45.48, auc@5 72.58
2021-05-13 02:01:19,214:INFO:[Rank-3] train time 26.7651, epoch 157, step  13, loss 0.01275782, auc@1 99.77, auc@5 99.98, share 1, std_loss 0, 
2021-05-13 02:01:31,228:INFO:[Rank-3] val time 12.0118, epoch 157, step  10, loss 2.64363659, auc@1 44.82, auc@5 72.42
2021-05-13 02:01:56,877:INFO:[Rank-3] train time 25.4605, epoch 158, step  13, loss 0.01251468, auc@1 99.80, auc@5 99.99, share 1, std_loss 0, 
2021-05-13 02:02:08,734:INFO:[Rank-3] val time 11.8553, epoch 158, step  10, loss 2.65805330, auc@1 45.06, auc@5 71.92
2021-05-13 02:02:35,977:INFO:[Rank-3] train time 27.1465, epoch 159, step  13, loss 0.01162196, auc@1 99.84, auc@5 99.98, share 1, std_loss 0, 
2021-05-13 02:02:48,092:INFO:[Rank-3] val time 12.1129, epoch 159, step  10, loss 2.64189035, auc@1 45.46, auc@5 72.48
2021-05-13 02:03:15,332:INFO:[Rank-3] train time 27.1192, epoch 160, step  13, loss 0.01126545, auc@1 99.83, auc@5 99.99, share 1, std_loss 0, 
2021-05-13 02:03:27,509:INFO:[Rank-3] val time 12.1755, epoch 160, step  10, loss 2.64117556, auc@1 45.24, auc@5 72.19
2021-05-13 02:03:52,836:INFO:[Rank-3] train time 25.3145, epoch 161, step  13, loss 0.01142056, auc@1 99.83, auc@5 99.98, share 1, std_loss 0, 
2021-05-13 02:04:05,106:INFO:[Rank-3] val time 12.2668, epoch 161, step  10, loss 2.62987554, auc@1 45.58, auc@5 72.17
2021-05-13 02:04:31,555:INFO:[Rank-3] train time 26.2450, epoch 162, step  13, loss 0.01067045, auc@1 99.85, auc@5 99.99, share 1, std_loss 0, 
2021-05-13 02:04:43,450:INFO:[Rank-3] val time 11.8931, epoch 162, step  10, loss 2.61898015, auc@1 45.31, auc@5 72.30
2021-05-13 02:05:09,559:INFO:[Rank-3] train time 26.0390, epoch 163, step  13, loss 0.01048961, auc@1 99.86, auc@5 99.99, share 1, std_loss 0, 
2021-05-13 02:05:21,740:INFO:[Rank-3] val time 12.1789, epoch 163, step  10, loss 2.61779375, auc@1 45.38, auc@5 72.36
2021-05-13 02:05:47,940:INFO:[Rank-3] train time 26.0152, epoch 164, step  13, loss 0.00997066, auc@1 99.86, auc@5 99.99, share 1, std_loss 0, 
2021-05-13 02:06:00,239:INFO:[Rank-3] val time 12.2963, epoch 164, step  10, loss 2.60507115, auc@1 45.44, auc@5 72.46
2021-05-13 02:06:25,445:INFO:[Rank-3] train time 25.0814, epoch 165, step  13, loss 0.01062007, auc@1 99.85, auc@5 99.99, share 1, std_loss 0, 
2021-05-13 02:06:37,417:INFO:[Rank-3] val time 11.9704, epoch 165, step  10, loss 2.58675290, auc@1 45.23, auc@5 72.26
2021-05-13 02:07:04,076:INFO:[Rank-3] train time 26.6306, epoch 166, step  13, loss 0.01035688, auc@1 99.85, auc@5 99.99, share 1, std_loss 0, 
2021-05-13 02:07:16,068:INFO:[Rank-3] val time 11.9891, epoch 166, step  10, loss 2.58810383, auc@1 45.32, auc@5 72.41
2021-05-13 02:07:41,622:INFO:[Rank-3] train time 25.3793, epoch 167, step  13, loss 0.01066656, auc@1 99.85, auc@5 99.99, share 1, std_loss 0, 
2021-05-13 02:07:53,509:INFO:[Rank-3] val time 11.8848, epoch 167, step  10, loss 2.57779730, auc@1 45.57, auc@5 72.66
2021-05-13 02:08:20,363:INFO:[Rank-3] train time 26.7097, epoch 168, step  13, loss 0.00961376, auc@1 99.86, auc@5 99.99, share 1, std_loss 0, 
2021-05-13 02:08:32,384:INFO:[Rank-3] val time 12.0178, epoch 168, step  10, loss 2.57457803, auc@1 45.60, auc@5 72.56
2021-05-13 02:08:58,583:INFO:[Rank-3] train time 26.1007, epoch 169, step  13, loss 0.01130866, auc@1 99.84, auc@5 99.99, share 1, std_loss 0, 
2021-05-13 02:09:10,894:INFO:[Rank-3] val time 12.3090, epoch 169, step  10, loss 2.56613667, auc@1 45.57, auc@5 72.81
2021-05-13 02:09:35,529:INFO:[Rank-3] train time 24.5043, epoch 170, step  13, loss 0.00988337, auc@1 99.86, auc@5 99.99, share 1, std_loss 0, 
2021-05-13 02:09:47,595:INFO:[Rank-3] val time 12.0636, epoch 170, step  10, loss 2.55943860, auc@1 45.65, auc@5 72.71
2021-05-13 02:10:13,967:INFO:[Rank-3] train time 26.2625, epoch 171, step  13, loss 0.01021018, auc@1 99.86, auc@5 99.99, share 1, std_loss 0, 
2021-05-13 02:10:25,783:INFO:[Rank-3] val time 11.8129, epoch 171, step  10, loss 2.54233391, auc@1 45.70, auc@5 73.14
2021-05-13 02:10:52,680:INFO:[Rank-3] train time 26.7640, epoch 172, step  13, loss 0.01068225, auc@1 99.85, auc@5 99.98, share 1, std_loss 0, 
2021-05-13 02:11:04,978:INFO:[Rank-3] val time 12.2957, epoch 172, step  10, loss 2.54358702, auc@1 45.72, auc@5 72.46
2021-05-13 02:11:30,759:INFO:[Rank-3] train time 25.5909, epoch 173, step  13, loss 0.00974065, auc@1 99.88, auc@5 99.99, share 1, std_loss 0, 
2021-05-13 02:11:43,115:INFO:[Rank-3] val time 12.3536, epoch 173, step  10, loss 2.53813884, auc@1 45.96, auc@5 72.62
2021-05-13 02:12:10,023:INFO:[Rank-3] train time 26.8296, epoch 174, step  13, loss 0.01001285, auc@1 99.87, auc@5 100.00, share 1, std_loss 0, 
2021-05-13 02:12:22,271:INFO:[Rank-3] val time 12.2456, epoch 174, step  10, loss 2.52490766, auc@1 45.98, auc@5 72.82
2021-05-13 02:12:47,877:INFO:[Rank-3] train time 25.2042, epoch 175, step  13, loss 0.01038240, auc@1 99.88, auc@5 99.98, share 1, std_loss 0, 
2021-05-13 02:12:59,834:INFO:[Rank-3] val time 11.9544, epoch 175, step  10, loss 2.52612807, auc@1 46.23, auc@5 72.79
2021-05-13 02:13:25,067:INFO:[Rank-3] train time 25.1790, epoch 176, step  13, loss 0.00933705, auc@1 99.90, auc@5 99.99, share 1, std_loss 0, 
2021-05-13 02:13:37,121:INFO:[Rank-3] val time 12.0514, epoch 176, step  10, loss 2.52089219, auc@1 46.05, auc@5 72.72
2021-05-13 02:14:03,125:INFO:[Rank-3] train time 25.9363, epoch 177, step  13, loss 0.01027406, auc@1 99.86, auc@5 100.00, share 1, std_loss 0, 
2021-05-13 02:14:15,257:INFO:[Rank-3] val time 12.1287, epoch 177, step  10, loss 2.51037455, auc@1 46.01, auc@5 72.85
2021-05-13 02:14:41,885:INFO:[Rank-3] train time 26.5036, epoch 178, step  13, loss 0.00961283, auc@1 99.89, auc@5 100.00, share 1, std_loss 0, 
2021-05-13 02:14:54,049:INFO:[Rank-3] val time 12.1625, epoch 178, step  10, loss 2.50756405, auc@1 46.03, auc@5 72.81
2021-05-13 02:15:19,080:INFO:[Rank-3] train time 24.8860, epoch 179, step  13, loss 0.00965897, auc@1 99.88, auc@5 100.00, share 1, std_loss 0, 
2021-05-13 02:15:31,060:INFO:[Rank-3] val time 11.9782, epoch 179, step  10, loss 2.50483021, auc@1 45.90, auc@5 72.75
2021-05-13 02:15:57,555:INFO:[Rank-3] train time 26.3144, epoch 180, step  13, loss 0.00914390, auc@1 99.91, auc@5 99.99, share 1, std_loss 0, 
2021-05-13 02:16:10,079:INFO:[Rank-3] val time 12.5209, epoch 180, step  10, loss 2.49838991, auc@1 46.09, auc@5 72.86
2021-05-13 02:16:36,494:INFO:[Rank-3] train time 26.2948, epoch 181, step  13, loss 0.00953936, auc@1 99.87, auc@5 100.00, share 1, std_loss 0, 
2021-05-13 02:16:48,539:INFO:[Rank-3] val time 12.0422, epoch 181, step  10, loss 2.49035804, auc@1 46.26, auc@5 72.84
2021-05-13 02:17:14,433:INFO:[Rank-3] train time 25.7327, epoch 182, step  13, loss 0.00893735, auc@1 99.91, auc@5 99.99, share 1, std_loss 0, 
2021-05-13 02:17:26,330:INFO:[Rank-3] val time 11.8944, epoch 182, step  10, loss 2.48300507, auc@1 46.11, auc@5 72.70
2021-05-13 02:17:51,390:INFO:[Rank-3] train time 24.9560, epoch 183, step  13, loss 0.00824622, auc@1 99.92, auc@5 100.00, share 1, std_loss 0, 
2021-05-13 02:18:03,332:INFO:[Rank-3] val time 11.9402, epoch 183, step  10, loss 2.47938969, auc@1 46.10, auc@5 72.94
2021-05-13 02:18:30,871:INFO:[Rank-3] train time 27.4440, epoch 184, step  13, loss 0.00856590, auc@1 99.89, auc@5 100.00, share 1, std_loss 0, 
2021-05-13 02:18:42,901:INFO:[Rank-3] val time 12.0271, epoch 184, step  10, loss 2.47613326, auc@1 46.06, auc@5 72.86
2021-05-13 02:19:09,934:INFO:[Rank-3] train time 26.9488, epoch 185, step  13, loss 0.00840915, auc@1 99.91, auc@5 100.00, share 1, std_loss 0, 
2021-05-13 02:19:21,932:INFO:[Rank-3] val time 11.9955, epoch 185, step  10, loss 2.47292986, auc@1 46.20, auc@5 72.99
2021-05-13 02:19:48,147:INFO:[Rank-3] train time 26.0695, epoch 186, step  13, loss 0.00857580, auc@1 99.91, auc@5 99.99, share 1, std_loss 0, 
2021-05-13 02:20:00,022:INFO:[Rank-3] val time 11.8724, epoch 186, step  10, loss 2.46900611, auc@1 46.25, auc@5 72.77
2021-05-13 02:20:26,217:INFO:[Rank-3] train time 26.0882, epoch 187, step  13, loss 0.00815259, auc@1 99.91, auc@5 100.00, share 1, std_loss 0, 
2021-05-13 02:20:38,968:INFO:[Rank-3] val time 12.7483, epoch 187, step  10, loss 2.46566105, auc@1 46.16, auc@5 72.87
2021-05-13 02:21:06,000:INFO:[Rank-3] train time 26.7881, epoch 188, step  13, loss 0.00810735, auc@1 99.93, auc@5 100.00, share 1, std_loss 0, 
2021-05-13 02:21:18,155:INFO:[Rank-3] val time 12.1527, epoch 188, step  10, loss 2.46483358, auc@1 46.15, auc@5 72.70
2021-05-13 02:21:46,929:INFO:[Rank-3] train time 28.7222, epoch 189, step  13, loss 0.00837848, auc@1 99.92, auc@5 99.99, share 1, std_loss 0, 
2021-05-13 02:21:59,048:INFO:[Rank-3] val time 12.1159, epoch 189, step  10, loss 2.45888093, auc@1 46.31, auc@5 72.81
2021-05-13 02:22:24,851:INFO:[Rank-3] train time 25.6247, epoch 190, step  13, loss 0.00789841, auc@1 99.93, auc@5 100.00, share 1, std_loss 0, 
2021-05-13 02:22:37,067:INFO:[Rank-3] val time 12.2131, epoch 190, step  10, loss 2.45814489, auc@1 46.35, auc@5 72.82
2021-05-13 02:23:02,291:INFO:[Rank-3] train time 25.1233, epoch 191, step  13, loss 0.00820455, auc@1 99.93, auc@5 100.00, share 1, std_loss 0, 
2021-05-13 02:23:14,262:INFO:[Rank-3] val time 11.9690, epoch 191, step  10, loss 2.45280512, auc@1 46.25, auc@5 72.86
2021-05-13 02:23:41,466:INFO:[Rank-3] train time 27.2019, epoch 192, step  13, loss 0.00770393, auc@1 99.93, auc@5 100.00, share 1, std_loss 0, 
2021-05-13 02:23:53,679:INFO:[Rank-3] val time 12.2084, epoch 192, step  10, loss 2.44881691, auc@1 46.07, auc@5 72.74
2021-05-13 02:24:19,545:INFO:[Rank-3] train time 25.7276, epoch 193, step  13, loss 0.00837785, auc@1 99.91, auc@5 100.00, share 1, std_loss 0, 
2021-05-13 02:24:31,468:INFO:[Rank-3] val time 11.9197, epoch 193, step  10, loss 2.44753885, auc@1 46.06, auc@5 72.77
2021-05-13 02:24:59,005:INFO:[Rank-3] train time 27.3627, epoch 194, step  13, loss 0.00799817, auc@1 99.92, auc@5 100.00, share 1, std_loss 0, 
2021-05-13 02:25:11,302:INFO:[Rank-3] val time 12.2937, epoch 194, step  10, loss 2.44147793, auc@1 46.24, auc@5 72.84
2021-05-13 02:25:37,679:INFO:[Rank-3] train time 26.3488, epoch 195, step  13, loss 0.00850359, auc@1 99.91, auc@5 100.00, share 1, std_loss 0, 
2021-05-13 02:25:49,842:INFO:[Rank-3] val time 12.1606, epoch 195, step  10, loss 2.43964152, auc@1 46.21, auc@5 72.92
2021-05-13 02:26:18,854:INFO:[Rank-3] train time 28.8596, epoch 196, step  13, loss 0.00825872, auc@1 99.91, auc@5 100.00, share 1, std_loss 0, 
2021-05-13 02:26:31,033:INFO:[Rank-3] val time 12.1760, epoch 196, step  10, loss 2.43984080, auc@1 46.18, auc@5 72.80
2021-05-13 02:26:56,715:INFO:[Rank-3] train time 25.4839, epoch 197, step  13, loss 0.00847040, auc@1 99.91, auc@5 100.00, share 1, std_loss 0, 
2021-05-13 02:27:08,742:INFO:[Rank-3] val time 12.0251, epoch 197, step  10, loss 2.43418949, auc@1 46.09, auc@5 72.85
2021-05-13 02:27:34,921:INFO:[Rank-3] train time 26.0800, epoch 198, step  13, loss 0.00816906, auc@1 99.91, auc@5 100.00, share 1, std_loss 0, 
2021-05-13 02:27:46,978:INFO:[Rank-3] val time 12.0556, epoch 198, step  10, loss 2.43277102, auc@1 46.17, auc@5 72.61
2021-05-13 02:28:14,615:INFO:[Rank-3] train time 27.4026, epoch 199, step  13, loss 0.00785899, auc@1 99.94, auc@5 99.99, share 1, std_loss 0, 
2021-05-13 02:28:27,254:INFO:[Rank-3] val time 12.6360, epoch 199, step  10, loss 2.42592458, auc@1 46.23, auc@5 72.73
2021-05-13 02:28:27,255:INFO:[Rank-3] finish, train+val 7705.66916, train 5280.09051, reduce_count 200
