2021-05-13 02:28:35,801:INFO:[Rank-0] args : Namespace(batch=4096, current_time='20210512_220249', dataset='cifar100', epochs=200, lr=0.05, rank=0, train_type='proposal', world=4)
2021-05-13 02:29:05,596:INFO:[Rank-0] train time 27.8943, epoch   0, step  13, loss 5.93438244, auc@1 1.21, auc@5 5.76, share 9, std_loss 0.14097547796196663,  5.75286 5.52294 6.11422 6.34751
2021-05-13 02:29:17,699:INFO:[Rank-0] val time 12.1009, epoch   0, step  10, loss 282.61396235, auc@1 0.96, auc@5 4.90
2021-05-13 02:29:44,825:INFO:[Rank-0] train time 27.0421, epoch   1, step  13, loss 5.95040798, auc@1 1.15, auc@5 5.60, share 3, std_loss 0.3868651424462979,  5.59905 6.04600 6.19757 5.95900
2021-05-13 02:29:57,011:INFO:[Rank-0] val time 12.1838, epoch   1, step  10, loss 370.93847876, auc@1 0.96, auc@5 4.95
2021-05-13 02:30:22,982:INFO:[Rank-0] train time 25.8878, epoch   2, step  13, loss 5.02802753, auc@1 1.08, auc@5 5.22, share 3, std_loss 0.19071366695257333,  4.86385 4.96280 5.15375 5.13171
2021-05-13 02:30:35,570:INFO:[Rank-0] val time 12.5854, epoch   2, step  10, loss 6.42116987, auc@1 1.34, auc@5 5.87
2021-05-13 02:31:02,667:INFO:[Rank-0] train time 27.0956, epoch   3, step  13, loss 4.79132986, auc@1 1.20, auc@5 5.54, share 4, std_loss 0.09401004818769601,  4.72908 4.75751 4.87576 4.80297
2021-05-13 02:31:15,384:INFO:[Rank-0] val time 12.7135, epoch   3, step  10, loss 6.14514086, auc@1 1.23, auc@5 5.87
2021-05-13 02:31:41,173:INFO:[Rank-0] train time 25.7879, epoch   4, step  13, loss 4.78496742, auc@1 1.17, auc@5 5.53, share 8, std_loss 0.07154154763198815,  4.71636 4.76489 4.88528 4.77335
2021-05-13 02:31:54,126:INFO:[Rank-0] val time 12.9504, epoch   4, step  10, loss 6.59859562, auc@1 1.45, auc@5 5.68
2021-05-13 02:32:21,373:INFO:[Rank-0] train time 27.1944, epoch   5, step  13, loss 4.69456100, auc@1 1.34, auc@5 6.23, share 7, std_loss 0.03337926775790178,  4.70012 4.65084 4.70190 4.72539
2021-05-13 02:32:33,675:INFO:[Rank-0] val time 12.3002, epoch   5, step  10, loss 5.89401437, auc@1 1.28, auc@5 6.55
2021-05-13 02:33:01,065:INFO:[Rank-0] train time 27.2954, epoch   6, step  13, loss 4.65998316, auc@1 1.54, auc@5 6.93, share 7, std_loss 0.028550108035023395,  4.64499 4.62777 4.70446 4.66271
2021-05-13 02:33:13,355:INFO:[Rank-0] val time 12.2871, epoch   6, step  10, loss 4.59451932, auc@1 1.60, auc@5 7.69
2021-05-13 02:33:41,300:INFO:[Rank-0] train time 27.9442, epoch   7, step  13, loss 4.62112522, auc@1 1.53, auc@5 7.68, share 5, std_loss 0.020908872955120526,  4.61262 4.60524 4.62298 4.64365
2021-05-13 02:33:53,465:INFO:[Rank-0] val time 12.1631, epoch   7, step  10, loss 4.55929956, auc@1 2.33, auc@5 10.33
2021-05-13 02:34:20,864:INFO:[Rank-0] train time 27.2994, epoch   8, step  13, loss 4.60048866, auc@1 2.04, auc@5 8.55, share 10, std_loss 0.01692271390213416,  4.56600 4.59490 4.61579 4.62526
2021-05-13 02:34:33,510:INFO:[Rank-0] val time 12.6436, epoch   8, step  10, loss 4.52119475, auc@1 2.79, auc@5 11.40
2021-05-13 02:35:01,929:INFO:[Rank-0] train time 28.2624, epoch   9, step  13, loss 4.57032919, auc@1 2.16, auc@5 9.49, share 9, std_loss 0.059114332955617174,  4.48217 4.55734 4.62929 4.61251
2021-05-13 02:35:14,514:INFO:[Rank-0] val time 12.5828, epoch   9, step  10, loss 4.52068502, auc@1 2.88, auc@5 12.67
2021-05-13 02:35:41,905:INFO:[Rank-0] train time 27.2986, epoch  10, step  13, loss 4.54823208, auc@1 2.34, auc@5 9.99, share 7, std_loss 0.08447530751044934,  4.43081 4.53472 4.62626 4.60113
2021-05-13 02:35:54,618:INFO:[Rank-0] val time 12.7104, epoch  10, step  10, loss 4.40787267, auc@1 3.19, auc@5 13.53
2021-05-13 02:36:21,354:INFO:[Rank-0] train time 26.7274, epoch  11, step  13, loss 4.51863241, auc@1 2.55, auc@5 10.65, share 9, std_loss 0.10880634188652039,  4.36905 4.50673 4.59985 4.59890
2021-05-13 02:36:34,510:INFO:[Rank-0] val time 13.1531, epoch  11, step  10, loss 4.35364501, auc@1 3.93, auc@5 15.62
2021-05-13 02:37:02,049:INFO:[Rank-0] train time 27.4362, epoch  12, step  13, loss 4.49217939, auc@1 2.70, auc@5 11.48, share 8, std_loss 0.12848206150990266,  4.31166 4.47705 4.60061 4.57940
2021-05-13 02:37:15,232:INFO:[Rank-0] val time 13.1814, epoch  12, step  10, loss 4.34722346, auc@1 3.97, auc@5 15.60
2021-05-13 02:37:41,813:INFO:[Rank-0] train time 26.5792, epoch  13, step  13, loss 4.46679449, auc@1 3.13, auc@5 12.46, share 10, std_loss 0.14236383483960077,  4.28051 4.43098 4.59056 4.56513
2021-05-13 02:37:54,704:INFO:[Rank-0] val time 12.8881, epoch  13, step  10, loss 4.32245404, auc@1 4.15, auc@5 17.48
2021-05-13 02:38:20,382:INFO:[Rank-0] train time 25.6610, epoch  14, step  13, loss 4.44019413, auc@1 3.59, auc@5 14.26, share 7, std_loss 0.16023774788929865,  4.23730 4.36295 4.61549 4.54504
2021-05-13 02:38:33,208:INFO:[Rank-0] val time 12.8237, epoch  14, step  10, loss 4.23577711, auc@1 6.14, auc@5 21.02
2021-05-13 02:39:01,724:INFO:[Rank-0] train time 28.4987, epoch  15, step  13, loss 4.38361168, auc@1 4.16, auc@5 15.59, share 11, std_loss 0.19296095004448524,  4.14315 4.27441 4.59578 4.52111
2021-05-13 02:39:13,831:INFO:[Rank-0] val time 12.1054, epoch  15, step  10, loss 4.16197037, auc@1 6.49, auc@5 22.84
2021-05-13 02:39:40,952:INFO:[Rank-0] train time 27.1200, epoch  16, step  13, loss 4.33164454, auc@1 4.55, auc@5 17.08, share 10, std_loss 0.23347460879729345,  4.05272 4.20722 4.56138 4.50525
2021-05-13 02:39:53,522:INFO:[Rank-0] val time 12.5683, epoch  16, step  10, loss 4.10219824, auc@1 6.53, auc@5 24.29
2021-05-13 02:40:20,669:INFO:[Rank-0] train time 26.9822, epoch  17, step  13, loss 4.28378868, auc@1 4.91, auc@5 18.44, share 8, std_loss 0.24613115879205558,  4.00876 4.13945 4.51004 4.47690
2021-05-13 02:40:33,208:INFO:[Rank-0] val time 12.5362, epoch  17, step  10, loss 4.03667463, auc@1 7.98, auc@5 26.03
2021-05-13 02:41:00,690:INFO:[Rank-0] train time 27.4808, epoch  18, step  13, loss 4.22981405, auc@1 5.46, auc@5 19.95, share 10, std_loss 0.2502175672696187,  3.93852 4.08003 4.48088 4.41982
2021-05-13 02:41:12,970:INFO:[Rank-0] val time 12.2785, epoch  18, step  10, loss 3.97182642, auc@1 8.60, auc@5 28.32
2021-05-13 02:41:39,734:INFO:[Rank-0] train time 26.7006, epoch  19, step  13, loss 4.17468739, auc@1 6.43, auc@5 21.34, share 9, std_loss 0.27859732050162095,  3.88333 3.98505 4.43302 4.39735
2021-05-13 02:41:53,050:INFO:[Rank-0] val time 13.3133, epoch  19, step  10, loss 3.89867612, auc@1 10.16, auc@5 30.40
2021-05-13 02:42:19,310:INFO:[Rank-0] train time 26.1542, epoch  20, step  13, loss 4.11915636, auc@1 6.86, auc@5 23.06, share 9, std_loss 0.30153440741392284,  3.79788 3.90837 4.40586 4.36451
2021-05-13 02:42:31,860:INFO:[Rank-0] val time 12.5461, epoch  20, step  10, loss 3.86402700, auc@1 9.72, auc@5 31.40
2021-05-13 02:42:59,480:INFO:[Rank-0] train time 27.5100, epoch  21, step  13, loss 4.06884956, auc@1 7.58, auc@5 24.67, share 7, std_loss 0.31873963200128996,  3.74010 3.85693 4.35753 4.32084
2021-05-13 02:43:12,212:INFO:[Rank-0] val time 12.7296, epoch  21, step  10, loss 3.75723883, auc@1 12.48, auc@5 35.46
2021-05-13 02:43:40,753:INFO:[Rank-0] train time 28.5400, epoch  22, step  13, loss 4.01609802, auc@1 8.42, auc@5 26.33, share 10, std_loss 0.31050508755903977,  3.67677 3.81535 4.30700 4.26528
2021-05-13 02:43:53,046:INFO:[Rank-0] val time 12.2903, epoch  22, step  10, loss 3.69874938, auc@1 12.85, auc@5 37.19
2021-05-13 02:44:20,719:INFO:[Rank-0] train time 27.6716, epoch  23, step  13, loss 3.95464778, auc@1 9.23, auc@5 28.12, share 8, std_loss 0.32232403525939357,  3.61311 3.74332 4.25296 4.20920
2021-05-13 02:44:33,312:INFO:[Rank-0] val time 12.5903, epoch  23, step  10, loss 3.72436197, auc@1 12.60, auc@5 35.75
2021-05-13 02:44:59,253:INFO:[Rank-0] train time 25.8464, epoch  24, step  13, loss 3.88393760, auc@1 10.02, auc@5 30.27, share 4, std_loss 0.3139816064100999,  3.56612 3.67691 4.17050 4.12222
2021-05-13 02:45:11,976:INFO:[Rank-0] val time 12.7192, epoch  24, step  10, loss 3.64364808, auc@1 14.27, auc@5 38.17
2021-05-13 02:45:37,626:INFO:[Rank-0] train time 25.5276, epoch  25, step  13, loss 3.79023910, auc@1 11.35, auc@5 32.62, share 5, std_loss 0.2973141624377324,  3.48532 3.59551 4.06388 4.01625
2021-05-13 02:45:50,257:INFO:[Rank-0] val time 12.6287, epoch  25, step  10, loss 3.60182988, auc@1 14.97, auc@5 39.31
2021-05-13 02:46:17,591:INFO:[Rank-0] train time 27.2675, epoch  26, step  13, loss 3.71777225, auc@1 12.25, auc@5 34.81, share 7, std_loss 0.29351311692824733,  3.41068 3.51833 3.98743 3.95466
2021-05-13 02:46:29,924:INFO:[Rank-0] val time 12.3313, epoch  26, step  10, loss 3.55501469, auc@1 14.45, auc@5 40.40
2021-05-13 02:46:56,243:INFO:[Rank-0] train time 26.2502, epoch  27, step  13, loss 3.66372490, auc@1 13.05, auc@5 36.44, share 9, std_loss 0.28129730774806094,  3.36180 3.46483 3.91746 3.91081
2021-05-13 02:47:09,073:INFO:[Rank-0] val time 12.8266, epoch  27, step  10, loss 3.39498803, auc@1 18.08, auc@5 44.73
2021-05-13 02:47:36,690:INFO:[Rank-0] train time 27.6163, epoch  28, step  13, loss 3.59878063, auc@1 14.06, auc@5 38.45, share 6, std_loss 0.3173251564686115,  3.29296 3.37474 3.86447 3.86295
2021-05-13 02:47:49,147:INFO:[Rank-0] val time 12.4525, epoch  28, step  10, loss 3.39149457, auc@1 17.64, auc@5 45.74
2021-05-13 02:48:16,000:INFO:[Rank-0] train time 26.5864, epoch  29, step  13, loss 3.55051088, auc@1 15.00, auc@5 39.63, share 4, std_loss 0.304279251740529,  3.24722 3.34682 3.79555 3.81246
2021-05-13 02:48:28,311:INFO:[Rank-0] val time 12.3093, epoch  29, step  10, loss 3.35427861, auc@1 18.10, auc@5 46.32
2021-05-13 02:48:55,779:INFO:[Rank-0] train time 27.3411, epoch  30, step  13, loss 3.49734163, auc@1 15.97, auc@5 41.45, share 6, std_loss 0.2911324959534865,  3.18495 3.30942 3.75898 3.73601
2021-05-13 02:49:08,665:INFO:[Rank-0] val time 12.8839, epoch  30, step  10, loss 3.27183671, auc@1 20.02, auc@5 48.67
2021-05-13 02:49:34,638:INFO:[Rank-0] train time 25.9387, epoch  31, step  13, loss 3.42490005, auc@1 17.09, auc@5 43.59, share 6, std_loss 0.3054593022053058,  3.10180 3.23294 3.69798 3.66687
2021-05-13 02:49:46,927:INFO:[Rank-0] val time 12.2868, epoch  31, step  10, loss 3.41874033, auc@1 18.30, auc@5 44.76
2021-05-13 02:50:15,632:INFO:[Rank-0] train time 28.4547, epoch  32, step  13, loss 3.40937781, auc@1 17.23, auc@5 43.92, share 7, std_loss 0.3065519103637108,  3.12074 3.18031 3.70465 3.63181
2021-05-13 02:50:27,793:INFO:[Rank-0] val time 12.1594, epoch  32, step  10, loss 3.34490532, auc@1 18.56, auc@5 46.62
2021-05-13 02:50:55,475:INFO:[Rank-0] train time 27.5689, epoch  33, step  13, loss 3.37662101, auc@1 18.17, auc@5 44.95, share 9, std_loss 0.3217642674079308,  3.03958 3.15576 3.69314 3.61801
2021-05-13 02:51:08,346:INFO:[Rank-0] val time 12.8700, epoch  33, step  10, loss 3.14856796, auc@1 22.64, auc@5 51.91
2021-05-13 02:51:35,941:INFO:[Rank-0] train time 27.5900, epoch  34, step  13, loss 3.26108479, auc@1 20.10, auc@5 48.02, share 4, std_loss 0.3318273493876824,  2.93677 3.03945 3.56962 3.49850
2021-05-13 02:51:48,451:INFO:[Rank-0] val time 12.5047, epoch  34, step  10, loss 3.11092808, auc@1 23.01, auc@5 52.65
2021-05-13 02:52:14,371:INFO:[Rank-0] train time 25.9113, epoch  35, step  13, loss 3.21121645, auc@1 21.23, auc@5 49.73, share 6, std_loss 0.32621771555680495,  2.88794 2.98383 3.50747 3.46562
2021-05-13 02:52:26,579:INFO:[Rank-0] val time 12.2035, epoch  35, step  10, loss 3.02416654, auc@1 24.99, auc@5 55.15
2021-05-13 02:52:54,528:INFO:[Rank-0] train time 27.8110, epoch  36, step  13, loss 3.15103745, auc@1 22.38, auc@5 51.15, share 8, std_loss 0.3154831826686859,  2.82746 2.93307 3.45022 3.39341
2021-05-13 02:53:07,456:INFO:[Rank-0] val time 12.9259, epoch  36, step  10, loss 3.03112886, auc@1 25.35, auc@5 54.56
2021-05-13 02:53:34,192:INFO:[Rank-0] train time 26.7206, epoch  37, step  13, loss 3.10402846, auc@1 22.98, auc@5 52.37, share 7, std_loss 0.2933922616335062,  2.76759 2.95398 3.37939 3.31515
2021-05-13 02:53:47,331:INFO:[Rank-0] val time 13.1372, epoch  37, step  10, loss 3.05323293, auc@1 24.59, auc@5 53.64
2021-05-13 02:54:13,180:INFO:[Rank-0] train time 25.8272, epoch  38, step  13, loss 3.10528183, auc@1 23.21, auc@5 52.38, share 9, std_loss 0.2838290562996498,  2.80567 2.89752 3.37695 3.34099
2021-05-13 02:54:26,467:INFO:[Rank-0] val time 13.2850, epoch  38, step  10, loss 2.95918840, auc@1 26.67, auc@5 56.76
2021-05-13 02:54:52,028:INFO:[Rank-0] train time 25.4077, epoch  39, step  13, loss 3.03322220, auc@1 24.61, auc@5 54.18, share 9, std_loss 0.3183016868738028,  2.68090 2.83928 3.35130 3.26140
2021-05-13 02:55:04,252:INFO:[Rank-0] val time 12.2214, epoch  39, step  10, loss 2.97572218, auc@1 26.37, auc@5 56.63
2021-05-13 02:55:31,283:INFO:[Rank-0] train time 27.0093, epoch  40, step  13, loss 2.99415255, auc@1 25.24, auc@5 55.24, share 7, std_loss 0.30039628652425915,  2.64509 2.83852 3.29342 3.19958
2021-05-13 02:55:43,787:INFO:[Rank-0] val time 12.5018, epoch  40, step  10, loss 3.02171196, auc@1 25.12, auc@5 55.98
2021-05-13 02:56:10,631:INFO:[Rank-0] train time 26.7120, epoch  41, step  13, loss 2.97062707, auc@1 25.58, auc@5 55.82, share 7, std_loss 0.2734781870475182,  2.65817 2.83367 3.24576 3.14491
2021-05-13 02:56:23,030:INFO:[Rank-0] val time 12.3974, epoch  41, step  10, loss 2.97945952, auc@1 25.35, auc@5 56.17
2021-05-13 02:56:50,365:INFO:[Rank-0] train time 27.2136, epoch  42, step  13, loss 2.94183278, auc@1 26.39, auc@5 56.39, share 7, std_loss 0.27989377883764416,  2.63236 2.78618 3.20217 3.14662
2021-05-13 02:57:02,950:INFO:[Rank-0] val time 12.5827, epoch  42, step  10, loss 2.87348260, auc@1 28.07, auc@5 58.32
2021-05-13 02:57:29,771:INFO:[Rank-0] train time 26.7669, epoch  43, step  13, loss 2.85684180, auc@1 28.16, auc@5 58.73, share 6, std_loss 0.2847992915373582,  2.58151 2.67006 3.12427 3.05152
2021-05-13 02:57:42,896:INFO:[Rank-0] val time 13.1236, epoch  43, step  10, loss 2.91176105, auc@1 26.94, auc@5 58.04
2021-05-13 02:58:11,170:INFO:[Rank-0] train time 28.2728, epoch  44, step  13, loss 2.80720258, auc@1 29.05, auc@5 60.00, share 7, std_loss 0.2704023787608513,  2.53173 2.62263 3.07638 2.99806
2021-05-13 02:58:24,294:INFO:[Rank-0] val time 13.1206, epoch  44, step  10, loss 2.90500134, auc@1 28.62, auc@5 58.31
2021-05-13 02:58:50,332:INFO:[Rank-0] train time 25.9562, epoch  45, step  13, loss 2.73657966, auc@1 30.51, auc@5 61.66, share 8, std_loss 0.25960426261791814,  2.47320 2.55446 3.00609 2.91257
2021-05-13 02:59:03,546:INFO:[Rank-0] val time 13.2110, epoch  45, step  10, loss 2.89786833, auc@1 28.32, auc@5 58.43
2021-05-13 02:59:29,272:INFO:[Rank-0] train time 25.7249, epoch  46, step  13, loss 2.67344165, auc@1 31.66, auc@5 63.10, share 7, std_loss 0.2788629417236035,  2.40338 2.47881 2.92047 2.89110
2021-05-13 02:59:41,839:INFO:[Rank-0] val time 12.5647, epoch  46, step  10, loss 2.91984111, auc@1 27.92, auc@5 57.77
2021-05-13 03:00:09,211:INFO:[Rank-0] train time 27.2202, epoch  47, step  13, loss 2.70693088, auc@1 31.03, auc@5 62.45, share 6, std_loss 0.2727731489218198,  2.42713 2.54378 2.96515 2.89166
2021-05-13 03:00:21,537:INFO:[Rank-0] val time 12.3234, epoch  47, step  10, loss 2.89414080, auc@1 27.89, auc@5 59.51
2021-05-13 03:00:48,664:INFO:[Rank-0] train time 26.8719, epoch  48, step  13, loss 2.67195129, auc@1 31.83, auc@5 63.27, share 7, std_loss 0.25508956152659196,  2.44236 2.46829 2.88534 2.89182
2021-05-13 03:01:01,765:INFO:[Rank-0] val time 13.0995, epoch  48, step  10, loss 2.92897839, auc@1 27.58, auc@5 58.16
2021-05-13 03:01:30,370:INFO:[Rank-0] train time 28.1873, epoch  49, step  13, loss 2.61609030, auc@1 32.95, auc@5 64.49, share 8, std_loss 0.24472080171108246,  2.36802 2.44644 2.85206 2.79783
2021-05-13 03:01:44,028:INFO:[Rank-0] val time 13.6554, epoch  49, step  10, loss 3.09189639, auc@1 26.06, auc@5 54.66
2021-05-13 03:02:09,887:INFO:[Rank-0] train time 25.8174, epoch  50, step  13, loss 2.55613971, auc@1 34.18, auc@5 65.72, share 10, std_loss 0.24514094797464517,  2.30337 2.35919 2.80981 2.75219
2021-05-13 03:02:22,654:INFO:[Rank-0] val time 12.7645, epoch  50, step  10, loss 2.69470893, auc@1 32.10, auc@5 62.82
2021-05-13 03:02:48,632:INFO:[Rank-0] train time 25.8292, epoch  51, step  13, loss 2.49192905, auc@1 35.45, auc@5 67.22, share 5, std_loss 0.32783383360275853,  2.17129 2.27525 2.74677 2.77441
2021-05-13 03:03:01,368:INFO:[Rank-0] val time 12.7325, epoch  51, step  10, loss 2.78676219, auc@1 29.64, auc@5 61.34
2021-05-13 03:03:26,997:INFO:[Rank-0] train time 25.5355, epoch  52, step  13, loss 2.43992782, auc@1 36.63, auc@5 68.16, share 3, std_loss 0.31279059327565706,  2.14383 2.25381 2.73843 2.62365
2021-05-13 03:03:39,561:INFO:[Rank-0] val time 12.5613, epoch  52, step  10, loss 2.89031757, auc@1 28.70, auc@5 59.40
2021-05-13 03:04:05,384:INFO:[Rank-0] train time 25.7351, epoch  53, step  13, loss 2.47421813, auc@1 35.89, auc@5 67.75, share 6, std_loss 0.2572579487011983,  2.19308 2.32900 2.74402 2.63077
2021-05-13 03:04:18,836:INFO:[Rank-0] val time 13.4505, epoch  53, step  10, loss 2.60612365, auc@1 34.36, auc@5 65.18
2021-05-13 03:04:44,466:INFO:[Rank-0] train time 25.6132, epoch  54, step  13, loss 2.48453879, auc@1 35.63, auc@5 67.63, share 6, std_loss 0.29535399262721723,  2.20672 2.29026 2.79258 2.64859
2021-05-13 03:04:58,024:INFO:[Rank-0] val time 13.5551, epoch  54, step  10, loss 2.70531136, auc@1 32.37, auc@5 62.75
2021-05-13 03:05:23,378:INFO:[Rank-0] train time 25.2705, epoch  55, step  13, loss 2.40886521, auc@1 37.09, auc@5 69.23, share 5, std_loss 0.2608484694590935,  2.16275 2.23292 2.66361 2.57619
2021-05-13 03:05:36,492:INFO:[Rank-0] val time 13.1112, epoch  55, step  10, loss 2.67709158, auc@1 32.58, auc@5 63.60
2021-05-13 03:06:03,735:INFO:[Rank-0] train time 27.0853, epoch  56, step  13, loss 2.30928946, auc@1 39.59, auc@5 71.37, share 6, std_loss 0.24975131337459272,  2.06449 2.14803 2.53587 2.48877
2021-05-13 03:06:16,146:INFO:[Rank-0] val time 12.4096, epoch  56, step  10, loss 2.60661439, auc@1 33.93, auc@5 65.31
2021-05-13 03:06:43,378:INFO:[Rank-0] train time 26.9877, epoch  57, step  13, loss 2.27108598, auc@1 40.08, auc@5 72.25, share 9, std_loss 0.2195628984616353,  2.02944 2.13514 2.47611 2.44365
2021-05-13 03:06:55,838:INFO:[Rank-0] val time 12.4588, epoch  57, step  10, loss 2.57174816, auc@1 34.93, auc@5 66.18
2021-05-13 03:07:22,029:INFO:[Rank-0] train time 26.1036, epoch  58, step  13, loss 2.18591118, auc@1 42.23, auc@5 73.62, share 8, std_loss 0.23400653898715973,  1.93060 2.04337 2.41321 2.35647
2021-05-13 03:07:34,121:INFO:[Rank-0] val time 12.0903, epoch  58, step  10, loss 2.62686489, auc@1 33.75, auc@5 65.13
2021-05-13 03:08:00,756:INFO:[Rank-0] train time 26.6152, epoch  59, step  13, loss 2.20236254, auc@1 41.98, auc@5 73.43, share 7, std_loss 0.2524359512787599,  1.94018 2.04716 2.42608 2.39603
2021-05-13 03:08:12,973:INFO:[Rank-0] val time 12.2139, epoch  59, step  10, loss 2.63011633, auc@1 34.12, auc@5 65.42
2021-05-13 03:08:40,555:INFO:[Rank-0] train time 27.4591, epoch  60, step  13, loss 2.20574617, auc@1 41.94, auc@5 73.40, share 8, std_loss 0.2530500407402332,  1.93543 2.06280 2.45123 2.37353
2021-05-13 03:08:52,713:INFO:[Rank-0] val time 12.1551, epoch  60, step  10, loss 2.46113029, auc@1 36.88, auc@5 68.39
2021-05-13 03:09:19,810:INFO:[Rank-0] train time 27.0643, epoch  61, step  13, loss 2.07152772, auc@1 44.79, auc@5 76.02, share 7, std_loss 0.23250391964729017,  1.82002 1.94680 2.29060 2.22869
2021-05-13 03:09:32,161:INFO:[Rank-0] val time 12.3473, epoch  61, step  10, loss 2.46014140, auc@1 37.16, auc@5 68.31
2021-05-13 03:10:00,702:INFO:[Rank-0] train time 28.5288, epoch  62, step  13, loss 1.99033678, auc@1 46.69, auc@5 77.50, share 8, std_loss 0.24298570935542768,  1.71656 1.85156 2.20675 2.18648
2021-05-13 03:10:14,261:INFO:[Rank-0] val time 13.5556, epoch  62, step  10, loss 2.63234892, auc@1 34.40, auc@5 65.10
2021-05-13 03:10:40,413:INFO:[Rank-0] train time 26.0479, epoch  63, step  13, loss 1.95084906, auc@1 47.76, auc@5 78.29, share 7, std_loss 0.2423628786435494,  1.68738 1.81090 2.15647 2.14865
2021-05-13 03:10:52,861:INFO:[Rank-0] val time 12.4460, epoch  63, step  10, loss 2.47549085, auc@1 38.53, auc@5 68.54
2021-05-13 03:11:20,768:INFO:[Rank-0] train time 27.8841, epoch  64, step  13, loss 1.90100622, auc@1 48.94, auc@5 79.23, share 6, std_loss 0.2419912895331016,  1.63912 1.77194 2.12344 2.06952
2021-05-13 03:11:33,918:INFO:[Rank-0] val time 13.1470, epoch  64, step  10, loss 2.52007512, auc@1 37.68, auc@5 67.96
2021-05-13 03:12:01,114:INFO:[Rank-0] train time 27.1883, epoch  65, step  13, loss 1.91725683, auc@1 48.61, auc@5 78.97, share 7, std_loss 0.23516386059614328,  1.67300 1.77517 2.14478 2.07607
2021-05-13 03:12:13,287:INFO:[Rank-0] val time 12.1684, epoch  65, step  10, loss 2.56879047, auc@1 35.92, auc@5 66.76
2021-05-13 03:12:38,726:INFO:[Rank-0] train time 25.3688, epoch  66, step  13, loss 1.90807247, auc@1 48.75, auc@5 79.39, share 4, std_loss 0.2546158524659964,  1.65564 1.75656 2.15131 2.06878
2021-05-13 03:12:51,228:INFO:[Rank-0] val time 12.4996, epoch  66, step  10, loss 2.62231379, auc@1 35.58, auc@5 65.57
2021-05-13 03:13:17,498:INFO:[Rank-0] train time 26.1697, epoch  67, step  13, loss 1.86020923, auc@1 49.84, auc@5 80.12, share 7, std_loss 0.23531170991750863,  1.61544 1.72618 2.10245 1.99676
2021-05-13 03:13:29,976:INFO:[Rank-0] val time 12.4755, epoch  67, step  10, loss 2.63096843, auc@1 35.11, auc@5 66.36
2021-05-13 03:13:56,190:INFO:[Rank-0] train time 26.2128, epoch  68, step  13, loss 1.79809713, auc@1 51.42, auc@5 81.24, share 5, std_loss 0.22183948984512916,  1.56603 1.66824 1.99340 1.96472
2021-05-13 03:14:08,564:INFO:[Rank-0] val time 12.3706, epoch  68, step  10, loss 2.59892006, auc@1 36.31, auc@5 67.23
2021-05-13 03:14:37,520:INFO:[Rank-0] train time 28.9282, epoch  69, step  13, loss 1.81583714, auc@1 51.00, auc@5 80.79, share 7, std_loss 0.21292154834820673,  1.58198 1.68810 2.04056 1.95271
2021-05-13 03:14:50,254:INFO:[Rank-0] val time 12.7329, epoch  69, step  10, loss 2.62728073, auc@1 35.46, auc@5 66.25
2021-05-13 03:15:16,894:INFO:[Rank-0] train time 26.6327, epoch  70, step  13, loss 1.83185744, auc@1 50.43, auc@5 80.69, share 8, std_loss 0.20528331398963928,  1.62587 1.69565 2.02249 1.98343
2021-05-13 03:15:29,419:INFO:[Rank-0] val time 12.5210, epoch  70, step  10, loss 2.57655582, auc@1 36.92, auc@5 67.24
2021-05-13 03:15:56,604:INFO:[Rank-0] train time 27.0052, epoch  71, step  13, loss 1.75908875, auc@1 52.29, auc@5 81.76, share 7, std_loss 0.21429014320556933,  1.53442 1.61336 1.95313 1.93545
2021-05-13 03:16:09,491:INFO:[Rank-0] val time 12.8848, epoch  71, step  10, loss 2.50738153, auc@1 38.21, auc@5 68.28
2021-05-13 03:16:36,923:INFO:[Rank-0] train time 27.4141, epoch  72, step  13, loss 1.68790674, auc@1 53.96, auc@5 82.98, share 8, std_loss 0.2159050668661411,  1.45850 1.55531 1.87108 1.86674
2021-05-13 03:16:49,861:INFO:[Rank-0] val time 12.9355, epoch  72, step  10, loss 2.43524074, auc@1 39.36, auc@5 69.90
2021-05-13 03:17:17,020:INFO:[Rank-0] train time 27.0036, epoch  73, step  13, loss 1.62645185, auc@1 55.84, auc@5 83.83, share 10, std_loss 0.19482724368572235,  1.42759 1.47597 1.82751 1.77474
2021-05-13 03:17:29,610:INFO:[Rank-0] val time 12.5847, epoch  73, step  10, loss 2.43337835, auc@1 39.38, auc@5 70.04
2021-05-13 03:17:56,226:INFO:[Rank-0] train time 26.5254, epoch  74, step  13, loss 1.57103872, auc@1 57.13, auc@5 84.71, share 10, std_loss 0.2301384611771657,  1.35520 1.38048 1.82342 1.72506
2021-05-13 03:18:09,167:INFO:[Rank-0] val time 12.9389, epoch  74, step  10, loss 2.43107209, auc@1 39.50, auc@5 69.91
2021-05-13 03:18:36,637:INFO:[Rank-0] train time 27.4687, epoch  75, step  13, loss 1.57377923, auc@1 57.16, auc@5 84.78, share 8, std_loss 0.2517068672638673,  1.35737 1.37249 1.85307 1.71219
2021-05-13 03:18:49,373:INFO:[Rank-0] val time 12.7321, epoch  75, step  10, loss 2.46657921, auc@1 39.21, auc@5 69.65
2021-05-13 03:19:15,906:INFO:[Rank-0] train time 26.4991, epoch  76, step  13, loss 1.60888636, auc@1 55.84, auc@5 84.33, share 7, std_loss 0.2624943989973802,  1.32754 1.45884 1.86919 1.77997
2021-05-13 03:19:28,362:INFO:[Rank-0] val time 12.4541, epoch  76, step  10, loss 2.62310776, auc@1 35.81, auc@5 67.59
2021-05-13 03:19:56,453:INFO:[Rank-0] train time 28.0154, epoch  77, step  13, loss 1.60292470, auc@1 56.17, auc@5 84.53, share 8, std_loss 0.24207176382725054,  1.36724 1.43796 1.84040 1.76609
2021-05-13 03:20:09,213:INFO:[Rank-0] val time 12.7571, epoch  77, step  10, loss 2.57175366, auc@1 38.21, auc@5 68.48
2021-05-13 03:20:35,830:INFO:[Rank-0] train time 26.4309, epoch  78, step  13, loss 1.54842579, auc@1 57.44, auc@5 85.37, share 10, std_loss 0.206633618244758,  1.34871 1.39218 1.76880 1.68401
2021-05-13 03:20:49,036:INFO:[Rank-0] val time 13.2043, epoch  78, step  10, loss 2.50561661, auc@1 38.83, auc@5 69.04
2021-05-13 03:21:15,213:INFO:[Rank-0] train time 26.0474, epoch  79, step  13, loss 1.48237062, auc@1 59.36, auc@5 86.29, share 9, std_loss 0.19678779519521272,  1.27013 1.34345 1.70111 1.61478
2021-05-13 03:21:27,760:INFO:[Rank-0] val time 12.5449, epoch  79, step  10, loss 2.48636075, auc@1 38.74, auc@5 69.68
2021-05-13 03:21:56,128:INFO:[Rank-0] train time 28.2016, epoch  80, step  13, loss 1.44849002, auc@1 60.08, auc@5 86.65, share 11, std_loss 0.22123330716903394,  1.19129 1.32187 1.69208 1.58872
2021-05-13 03:22:09,195:INFO:[Rank-0] val time 13.0652, epoch  80, step  10, loss 2.46031638, auc@1 39.91, auc@5 70.41
2021-05-13 03:22:34,703:INFO:[Rank-0] train time 25.4254, epoch  81, step  13, loss 1.41069031, auc@1 61.08, auc@5 87.40, share 5, std_loss 0.24574052141262934,  1.16237 1.25930 1.64421 1.57688
2021-05-13 03:22:47,294:INFO:[Rank-0] val time 12.5879, epoch  81, step  10, loss 2.54081849, auc@1 38.56, auc@5 69.20
2021-05-13 03:23:13,934:INFO:[Rank-0] train time 26.4439, epoch  82, step  13, loss 1.46263421, auc@1 59.46, auc@5 86.76, share 8, std_loss 0.24428170231672433,  1.20041 1.31807 1.72644 1.60562
2021-05-13 03:23:26,949:INFO:[Rank-0] val time 13.0117, epoch  82, step  10, loss 2.68852717, auc@1 36.12, auc@5 66.95
2021-05-13 03:23:53,452:INFO:[Rank-0] train time 26.3730, epoch  83, step  13, loss 1.49096251, auc@1 58.54, auc@5 86.46, share 8, std_loss 0.24183083841433892,  1.23105 1.35005 1.73892 1.64383
2021-05-13 03:24:06,679:INFO:[Rank-0] val time 13.2249, epoch  83, step  10, loss 2.71346360, auc@1 36.17, auc@5 67.16
2021-05-13 03:24:34,336:INFO:[Rank-0] train time 27.6558, epoch  84, step  13, loss 1.50584161, auc@1 58.34, auc@5 86.23, share 7, std_loss 0.200793234201578,  1.30733 1.35498 1.70800 1.65305
2021-05-13 03:24:46,703:INFO:[Rank-0] val time 12.3647, epoch  84, step  10, loss 2.87160370, auc@1 34.36, auc@5 64.50
2021-05-13 03:25:14,218:INFO:[Rank-0] train time 27.5129, epoch  85, step  13, loss 1.47253072, auc@1 58.98, auc@5 86.90, share 6, std_loss 0.14749289361330178,  1.32310 1.37589 1.62784 1.56330
2021-05-13 03:25:27,235:INFO:[Rank-0] val time 13.0125, epoch  85, step  10, loss 2.66805706, auc@1 36.41, auc@5 67.53
2021-05-13 03:25:53,863:INFO:[Rank-0] train time 26.5576, epoch  86, step  13, loss 1.41600287, auc@1 60.45, auc@5 87.58, share 7, std_loss 0.16648884117603302,  1.25349 1.28701 1.58804 1.53547
2021-05-13 03:26:06,523:INFO:[Rank-0] val time 12.6568, epoch  86, step  10, loss 2.68187319, auc@1 36.34, auc@5 67.24
2021-05-13 03:26:31,778:INFO:[Rank-0] train time 25.2398, epoch  87, step  13, loss 1.39014494, auc@1 61.38, auc@5 87.86, share 5, std_loss 0.16476911306381226,  1.19860 1.32187 1.53931 1.50081
2021-05-13 03:26:44,223:INFO:[Rank-0] val time 12.4428, epoch  87, step  10, loss 2.59179808, auc@1 38.23, auc@5 68.89
2021-05-13 03:27:10,360:INFO:[Rank-0] train time 25.9527, epoch  88, step  13, loss 1.38820410, auc@1 61.15, auc@5 87.82, share 8, std_loss 0.1959096113076577,  1.17896 1.25831 1.58213 1.53342
2021-05-13 03:27:22,776:INFO:[Rank-0] val time 12.4134, epoch  88, step  10, loss 2.62807400, auc@1 37.77, auc@5 68.42
2021-05-13 03:27:48,035:INFO:[Rank-0] train time 25.1745, epoch  89, step  13, loss 1.34748876, auc@1 62.30, auc@5 88.46, share 3, std_loss 0.2033192618535115,  1.14383 1.24201 1.52097 1.48314
2021-05-13 03:28:01,706:INFO:[Rank-0] val time 13.6697, epoch  89, step  10, loss 2.53199332, auc@1 39.40, auc@5 69.67
2021-05-13 03:28:29,588:INFO:[Rank-0] train time 27.8594, epoch  90, step  13, loss 1.37028408, auc@1 61.73, auc@5 88.17, share 7, std_loss 0.2074358623761397,  1.13824 1.25654 1.58887 1.49748
2021-05-13 03:28:42,222:INFO:[Rank-0] val time 12.6318, epoch  90, step  10, loss 2.54910617, auc@1 40.32, auc@5 69.19
2021-05-13 03:29:08,756:INFO:[Rank-0] train time 26.5045, epoch  91, step  13, loss 1.42548704, auc@1 60.41, auc@5 87.56, share 9, std_loss 0.21329580935148093,  1.15734 1.35590 1.65092 1.53779
2021-05-13 03:29:21,326:INFO:[Rank-0] val time 12.5661, epoch  91, step  10, loss 2.46716050, auc@1 40.13, auc@5 70.95
2021-05-13 03:29:47,796:INFO:[Rank-0] train time 26.4487, epoch  92, step  13, loss 1.29579926, auc@1 63.32, auc@5 89.35, share 8, std_loss 0.17542627568428332,  1.11186 1.17887 1.46230 1.43016
2021-05-13 03:30:00,536:INFO:[Rank-0] val time 12.7378, epoch  92, step  10, loss 2.50447569, auc@1 39.34, auc@5 69.93
2021-05-13 03:30:27,078:INFO:[Rank-0] train time 26.4893, epoch  93, step  13, loss 1.25392854, auc@1 64.90, auc@5 89.67, share 10, std_loss 0.20071948835482964,  1.04788 1.10623 1.45161 1.41000
2021-05-13 03:30:40,113:INFO:[Rank-0] val time 13.0327, epoch  93, step  10, loss 2.58164639, auc@1 39.21, auc@5 69.51
2021-05-13 03:31:06,930:INFO:[Rank-0] train time 26.7736, epoch  94, step  13, loss 1.15499365, auc@1 67.62, auc@5 90.92, share 5, std_loss 0.18493265945177811,  0.96637 1.03822 1.31038 1.30500
2021-05-13 03:31:19,364:INFO:[Rank-0] val time 12.4323, epoch  94, step  10, loss 2.49645658, auc@1 40.38, auc@5 70.04
2021-05-13 03:31:45,488:INFO:[Rank-0] train time 26.0790, epoch  95, step  13, loss 1.15855157, auc@1 67.63, auc@5 91.04, share 8, std_loss 0.18671913674244514,  0.97157 1.01489 1.31933 1.32843
2021-05-13 03:31:58,243:INFO:[Rank-0] val time 12.7523, epoch  95, step  10, loss 2.51385716, auc@1 40.59, auc@5 70.46
2021-05-13 03:32:23,297:INFO:[Rank-0] train time 25.0073, epoch  96, step  13, loss 1.12448287, auc@1 68.58, auc@5 91.46, share 4, std_loss 0.18402693019463465,  0.95228 0.99504 1.27911 1.27151
2021-05-13 03:32:35,916:INFO:[Rank-0] val time 12.6166, epoch  96, step  10, loss 2.56268245, auc@1 39.58, auc@5 69.39
2021-05-13 03:33:02,276:INFO:[Rank-0] train time 26.2048, epoch  97, step  13, loss 1.18219304, auc@1 66.77, auc@5 90.76, share 7, std_loss 0.19361560963667357,  1.00858 1.03281 1.35179 1.33559
2021-05-13 03:33:15,283:INFO:[Rank-0] val time 13.0041, epoch  97, step  10, loss 2.67402214, auc@1 38.97, auc@5 68.83
2021-05-13 03:33:41,406:INFO:[Rank-0] train time 26.0967, epoch  98, step  13, loss 1.17735052, auc@1 66.61, auc@5 91.02, share 9, std_loss 0.18105959319151366,  1.02755 1.01861 1.36664 1.29661
2021-05-13 03:33:53,866:INFO:[Rank-0] val time 12.4580, epoch  98, step  10, loss 2.48536958, auc@1 40.43, auc@5 70.89
2021-05-13 03:34:19,910:INFO:[Rank-0] train time 25.9621, epoch  99, step  13, loss 1.11168480, auc@1 68.58, auc@5 91.85, share 9, std_loss 0.18224989680143502,  0.96166 0.94693 1.27927 1.25888
2021-05-13 03:34:32,719:INFO:[Rank-0] val time 12.8075, epoch  99, step  10, loss 2.61907987, auc@1 39.01, auc@5 69.35
2021-05-13 03:35:00,938:INFO:[Rank-0] train time 28.1615, epoch 100, step  13, loss 1.09761035, auc@1 69.01, auc@5 91.88, share 9, std_loss 0.18666682335046622,  0.91234 0.95774 1.28281 1.23756
2021-05-13 03:35:13,330:INFO:[Rank-0] val time 12.3903, epoch 100, step  10, loss 2.63800414, auc@1 38.65, auc@5 68.67
2021-05-13 03:35:40,785:INFO:[Rank-0] train time 27.4213, epoch 101, step  13, loss 1.07395542, auc@1 69.49, auc@5 92.19, share 5, std_loss 0.19283859317119306,  0.90457 0.92461 1.25911 1.20753
2021-05-13 03:35:53,215:INFO:[Rank-0] val time 12.4274, epoch 101, step  10, loss 2.55741702, auc@1 40.69, auc@5 70.22
2021-05-13 03:36:19,234:INFO:[Rank-0] train time 25.9850, epoch 102, step  13, loss 1.09720302, auc@1 68.79, auc@5 91.86, share 7, std_loss 0.22171703210243812,  0.88182 0.95004 1.27553 1.28142
2021-05-13 03:36:31,637:INFO:[Rank-0] val time 12.4015, epoch 102, step  10, loss 2.57410860, auc@1 40.74, auc@5 70.36
2021-05-13 03:36:58,796:INFO:[Rank-0] train time 27.1214, epoch 103, step  13, loss 1.02588904, auc@1 71.00, auc@5 92.69, share 5, std_loss 0.20019867672370031,  0.83389 0.88811 1.22403 1.15753
2021-05-13 03:37:11,100:INFO:[Rank-0] val time 12.3016, epoch 103, step  10, loss 2.50351359, auc@1 41.30, auc@5 71.41
2021-05-13 03:37:38,474:INFO:[Rank-0] train time 27.2989, epoch 104, step  13, loss 1.07841253, auc@1 69.20, auc@5 92.24, share 7, std_loss 0.1888995709327551,  0.91677 0.90676 1.24832 1.24180
2021-05-13 03:37:51,776:INFO:[Rank-0] val time 13.2989, epoch 104, step  10, loss 2.58346010, auc@1 40.27, auc@5 70.29
2021-05-13 03:38:17,406:INFO:[Rank-0] train time 25.5425, epoch 105, step  13, loss 1.14327347, auc@1 67.55, auc@5 91.49, share 7, std_loss 0.21614186465740204,  0.92993 1.00228 1.30529 1.33559
2021-05-13 03:38:30,768:INFO:[Rank-0] val time 13.3606, epoch 105, step  10, loss 2.60972562, auc@1 39.84, auc@5 69.70
2021-05-13 03:38:57,279:INFO:[Rank-0] train time 26.4228, epoch 106, step  13, loss 1.13157773, auc@1 67.75, auc@5 91.60, share 9, std_loss 0.19999746290537027,  0.91772 0.99582 1.31104 1.30173
2021-05-13 03:39:09,842:INFO:[Rank-0] val time 12.5604, epoch 106, step  10, loss 2.62023053, auc@1 40.06, auc@5 69.45
2021-05-13 03:39:35,805:INFO:[Rank-0] train time 25.8216, epoch 107, step  13, loss 1.00610685, auc@1 71.51, auc@5 92.98, share 7, std_loss 0.1848903802724985,  0.82815 0.87281 1.16074 1.16272
2021-05-13 03:39:48,980:INFO:[Rank-0] val time 13.1724, epoch 107, step  10, loss 2.63631543, auc@1 39.22, auc@5 70.14
2021-05-13 03:40:15,361:INFO:[Rank-0] train time 26.2062, epoch 108, step  13, loss 0.93533450, auc@1 73.50, auc@5 93.81, share 7, std_loss 0.15988864806982186,  0.76069 0.84758 1.07380 1.05927
2021-05-13 03:40:27,550:INFO:[Rank-0] val time 12.1877, epoch 108, step  10, loss 2.53326767, auc@1 41.74, auc@5 71.60
2021-05-13 03:40:54,962:INFO:[Rank-0] train time 27.3590, epoch 109, step  13, loss 0.92033845, auc@1 73.55, auc@5 93.89, share 7, std_loss 0.15930924793848625,  0.74663 0.82726 1.07161 1.03585
2021-05-13 03:41:07,471:INFO:[Rank-0] val time 12.5064, epoch 109, step  10, loss 2.54863470, auc@1 41.21, auc@5 71.35
2021-05-13 03:41:34,075:INFO:[Rank-0] train time 26.4322, epoch 110, step  13, loss 0.96720451, auc@1 72.12, auc@5 93.59, share 10, std_loss 0.17141277629595536,  0.78570 0.83846 1.13377 1.11089
2021-05-13 03:41:47,535:INFO:[Rank-0] val time 13.4579, epoch 110, step  10, loss 2.66872881, auc@1 40.23, auc@5 69.32
2021-05-13 03:42:13,844:INFO:[Rank-0] train time 26.2613, epoch 111, step  13, loss 0.87278014, auc@1 75.33, auc@5 94.42, share 5, std_loss 0.16617451035059416,  0.70192 0.76828 1.00002 1.02090
2021-05-13 03:42:26,736:INFO:[Rank-0] val time 12.8894, epoch 111, step  10, loss 2.63781833, auc@1 41.02, auc@5 69.88
2021-05-13 03:42:52,344:INFO:[Rank-0] train time 25.5633, epoch 112, step  13, loss 0.89898962, auc@1 74.00, auc@5 94.41, share 7, std_loss 0.18331414919633132,  0.71591 0.77519 1.08557 1.01929
2021-05-13 03:43:05,668:INFO:[Rank-0] val time 13.3212, epoch 112, step  10, loss 2.54691151, auc@1 41.60, auc@5 71.32
2021-05-13 03:43:32,914:INFO:[Rank-0] train time 27.1441, epoch 113, step  13, loss 0.87211716, auc@1 74.92, auc@5 94.50, share 8, std_loss 0.14930131286382675,  0.71344 0.77561 1.03055 0.96887
2021-05-13 03:43:45,804:INFO:[Rank-0] val time 12.8870, epoch 113, step  10, loss 2.68420525, auc@1 39.76, auc@5 69.65
2021-05-13 03:44:12,593:INFO:[Rank-0] train time 26.7875, epoch 114, step  13, loss 0.84584993, auc@1 75.91, auc@5 94.92, share 8, std_loss 0.15399729288541353,  0.68187 0.74842 0.98278 0.97032
2021-05-13 03:44:25,514:INFO:[Rank-0] val time 12.9180, epoch 114, step  10, loss 2.77991566, auc@1 38.06, auc@5 69.23
2021-05-13 03:44:52,014:INFO:[Rank-0] train time 26.4451, epoch 115, step  13, loss 0.83703166, auc@1 75.96, auc@5 94.90, share 3, std_loss 0.16754717666369218,  0.69714 0.70814 0.96977 0.97308
2021-05-13 03:45:04,993:INFO:[Rank-0] val time 12.9772, epoch 115, step  10, loss 2.64568481, auc@1 40.61, auc@5 70.64
2021-05-13 03:45:30,831:INFO:[Rank-0] train time 25.8371, epoch 116, step  13, loss 0.81459874, auc@1 76.51, auc@5 95.21, share 7, std_loss 0.15195775146667773,  0.68758 0.68614 0.97981 0.90486
2021-05-13 03:45:44,122:INFO:[Rank-0] val time 13.2887, epoch 116, step  10, loss 2.71355347, auc@1 39.78, auc@5 69.65
2021-05-13 03:46:11,014:INFO:[Rank-0] train time 26.8061, epoch 117, step  13, loss 0.78725100, auc@1 77.41, auc@5 95.40, share 6, std_loss 0.17928114762673011,  0.64120 0.64866 0.97402 0.88513
2021-05-13 03:46:23,801:INFO:[Rank-0] val time 12.7849, epoch 117, step  10, loss 2.78630736, auc@1 38.03, auc@5 68.78
2021-05-13 03:46:50,804:INFO:[Rank-0] train time 26.8975, epoch 118, step  13, loss 0.77259672, auc@1 77.48, auc@5 95.55, share 4, std_loss 0.1648617501442249,  0.63535 0.64671 0.92647 0.88185
2021-05-13 03:47:03,446:INFO:[Rank-0] val time 12.6404, epoch 118, step  10, loss 2.63938967, auc@1 40.98, auc@5 70.47
2021-05-13 03:47:29,184:INFO:[Rank-0] train time 25.7252, epoch 119, step  13, loss 0.75028110, auc@1 78.42, auc@5 95.89, share 6, std_loss 0.12061151575583678,  0.64601 0.65929 0.87362 0.82220
2021-05-13 03:47:42,381:INFO:[Rank-0] val time 13.1934, epoch 119, step  10, loss 2.71239734, auc@1 39.20, auc@5 69.65
2021-05-13 03:48:08,627:INFO:[Rank-0] train time 26.1962, epoch 120, step  13, loss 0.71863317, auc@1 79.26, auc@5 96.04, share 9, std_loss 0.10252429029116264,  0.62147 0.62338 0.82881 0.80087
2021-05-13 03:48:21,011:INFO:[Rank-0] val time 12.3806, epoch 120, step  10, loss 2.59538210, auc@1 41.44, auc@5 71.57
2021-05-13 03:48:47,670:INFO:[Rank-0] train time 26.6125, epoch 121, step  13, loss 0.60895795, auc@1 82.69, auc@5 97.08, share 8, std_loss 0.09077079880696076,  0.53053 0.52612 0.69903 0.68015
2021-05-13 03:49:01,599:INFO:[Rank-0] val time 13.9273, epoch 121, step  10, loss 2.60659407, auc@1 42.50, auc@5 71.55
2021-05-13 03:49:26,802:INFO:[Rank-0] train time 25.1467, epoch 122, step  13, loss 0.55648613, auc@1 84.36, auc@5 97.36, share 4, std_loss 0.10978363626278363,  0.46724 0.46901 0.65314 0.63656
2021-05-13 03:49:40,409:INFO:[Rank-0] val time 13.6051, epoch 122, step  10, loss 2.46789801, auc@1 44.44, auc@5 73.56
2021-05-13 03:50:07,048:INFO:[Rank-0] train time 26.6384, epoch 123, step  13, loss 0.53748375, auc@1 84.71, auc@5 97.56, share 9, std_loss 0.09938232829937568,  0.43906 0.46388 0.61820 0.62879
2021-05-13 03:50:20,415:INFO:[Rank-0] val time 13.3648, epoch 123, step  10, loss 2.50091732, auc@1 43.70, auc@5 72.74
2021-05-13 03:50:46,679:INFO:[Rank-0] train time 26.1660, epoch 124, step  13, loss 0.48209429, auc@1 86.54, auc@5 97.81, share 4, std_loss 0.10301479009481576,  0.39557 0.40708 0.57486 0.55086
2021-05-13 03:50:59,481:INFO:[Rank-0] val time 12.7992, epoch 124, step  10, loss 2.43564202, auc@1 45.49, auc@5 73.76
2021-05-13 03:51:25,359:INFO:[Rank-0] train time 25.7401, epoch 125, step  13, loss 0.45177484, auc@1 87.14, auc@5 98.08, share 5, std_loss 0.10651245942482582,  0.35476 0.37309 0.55941 0.51984
2021-05-13 03:51:38,768:INFO:[Rank-0] val time 13.4061, epoch 125, step  10, loss 2.54036557, auc@1 43.32, auc@5 72.98
2021-05-13 03:52:07,204:INFO:[Rank-0] train time 28.3274, epoch 126, step  13, loss 0.48267749, auc@1 86.44, auc@5 97.94, share 10, std_loss 0.11461764115553635,  0.37979 0.38880 0.59670 0.56541
2021-05-13 03:52:19,785:INFO:[Rank-0] val time 12.5783, epoch 126, step  10, loss 2.51865708, auc@1 44.20, auc@5 72.68
2021-05-13 03:52:47,087:INFO:[Rank-0] train time 27.1573, epoch 127, step  13, loss 0.41398758, auc@1 88.54, auc@5 98.33, share 7, std_loss 0.09538824741656964,  0.33044 0.33133 0.49508 0.49910
2021-05-13 03:53:01,026:INFO:[Rank-0] val time 13.9364, epoch 127, step  10, loss 2.54566718, auc@1 44.05, auc@5 72.47
2021-05-13 03:53:27,171:INFO:[Rank-0] train time 26.0729, epoch 128, step  13, loss 0.41066754, auc@1 88.69, auc@5 98.47, share 8, std_loss 0.09725483793478745,  0.32081 0.32973 0.49288 0.49924
2021-05-13 03:53:39,855:INFO:[Rank-0] val time 12.6801, epoch 128, step  10, loss 2.53333838, auc@1 43.86, auc@5 73.46
2021-05-13 03:54:07,353:INFO:[Rank-0] train time 27.4469, epoch 129, step  13, loss 0.37673563, auc@1 89.54, auc@5 98.57, share 7, std_loss 0.09862491889641835,  0.28264 0.30670 0.46184 0.45576
2021-05-13 03:54:19,590:INFO:[Rank-0] val time 12.2350, epoch 129, step  10, loss 2.59347228, auc@1 43.79, auc@5 72.66
2021-05-13 03:54:47,077:INFO:[Rank-0] train time 27.4143, epoch 130, step  13, loss 0.36836812, auc@1 89.89, auc@5 98.70, share 7, std_loss 0.09906620131089137,  0.27224 0.29663 0.44149 0.46311
2021-05-13 03:54:59,394:INFO:[Rank-0] val time 12.3145, epoch 130, step  10, loss 2.53563303, auc@1 44.24, auc@5 72.79
2021-05-13 03:55:27,527:INFO:[Rank-0] train time 27.9367, epoch 131, step  13, loss 0.36558661, auc@1 90.00, auc@5 98.71, share 9, std_loss 0.10027118084522393,  0.27222 0.28919 0.43705 0.46389
2021-05-13 03:55:40,166:INFO:[Rank-0] val time 12.6360, epoch 131, step  10, loss 2.53611434, auc@1 44.81, auc@5 73.01
2021-05-13 03:56:06,498:INFO:[Rank-0] train time 26.1541, epoch 132, step  13, loss 0.32673997, auc@1 91.16, auc@5 98.89, share 5, std_loss 0.09951025534134644,  0.24462 0.24237 0.40655 0.41342
2021-05-13 03:56:19,011:INFO:[Rank-0] val time 12.5089, epoch 132, step  10, loss 2.56701047, auc@1 44.13, auc@5 72.93
2021-05-13 03:56:46,894:INFO:[Rank-0] train time 27.6324, epoch 133, step  13, loss 0.34110668, auc@1 90.58, auc@5 98.89, share 8, std_loss 0.10851833396233045,  0.24502 0.25503 0.43478 0.42959
2021-05-13 03:56:59,271:INFO:[Rank-0] val time 12.3739, epoch 133, step  10, loss 2.57662295, auc@1 44.08, auc@5 72.69
2021-05-13 03:57:26,050:INFO:[Rank-0] train time 26.7575, epoch 134, step  13, loss 0.32696474, auc@1 91.00, auc@5 98.91, share 6, std_loss 0.09712278040555808,  0.23372 0.25370 0.40972 0.41072
2021-05-13 03:57:39,391:INFO:[Rank-0] val time 13.3388, epoch 134, step  10, loss 2.59869349, auc@1 44.15, auc@5 73.11
2021-05-13 03:58:07,246:INFO:[Rank-0] train time 27.8541, epoch 135, step  13, loss 0.33083805, auc@1 90.88, auc@5 98.94, share 11, std_loss 0.09461135130662185,  0.23618 0.24618 0.40597 0.43502
2021-05-13 03:58:20,017:INFO:[Rank-0] val time 12.7678, epoch 135, step  10, loss 2.59857016, auc@1 44.23, auc@5 72.61
2021-05-13 03:58:47,045:INFO:[Rank-0] train time 26.8294, epoch 136, step  13, loss 0.28634012, auc@1 92.25, auc@5 99.20, share 7, std_loss 0.08863076739586316,  0.20676 0.21702 0.36242 0.35916
2021-05-13 03:58:59,796:INFO:[Rank-0] val time 12.7479, epoch 136, step  10, loss 2.54390902, auc@1 44.98, auc@5 73.56
2021-05-13 03:59:27,391:INFO:[Rank-0] train time 27.2371, epoch 137, step  13, loss 0.27996582, auc@1 92.39, auc@5 99.22, share 7, std_loss 0.0855133395928603,  0.20094 0.20864 0.35236 0.35793
2021-05-13 03:59:40,986:INFO:[Rank-0] val time 13.5898, epoch 137, step  10, loss 2.66758970, auc@1 43.49, auc@5 72.01
2021-05-13 04:00:06,347:INFO:[Rank-0] train time 25.2205, epoch 138, step  13, loss 0.27852732, auc@1 92.56, auc@5 99.15, share 5, std_loss 0.0989265487744258,  0.19970 0.19676 0.36260 0.35505
2021-05-13 04:00:19,789:INFO:[Rank-0] val time 13.4405, epoch 138, step  10, loss 2.59019442, auc@1 44.39, auc@5 73.64
2021-05-13 04:00:47,681:INFO:[Rank-0] train time 27.8314, epoch 139, step  13, loss 0.29904845, auc@1 91.62, auc@5 99.13, share 11, std_loss 0.0916379288985179,  0.21794 0.21065 0.39556 0.37205
2021-05-13 04:01:00,058:INFO:[Rank-0] val time 12.3754, epoch 139, step  10, loss 2.53678025, auc@1 45.61, auc@5 73.72
2021-05-13 04:01:26,774:INFO:[Rank-0] train time 26.6372, epoch 140, step  13, loss 0.25388277, auc@1 93.21, auc@5 99.34, share 9, std_loss 0.08076463181238908,  0.18206 0.18358 0.32805 0.32184
2021-05-13 04:01:39,822:INFO:[Rank-0] val time 13.0459, epoch 140, step  10, loss 2.50111180, auc@1 45.74, auc@5 73.89
2021-05-13 04:02:07,951:INFO:[Rank-0] train time 28.0169, epoch 141, step  13, loss 0.22916384, auc@1 94.07, auc@5 99.37, share 7, std_loss 0.08115340253481498,  0.16192 0.15795 0.30308 0.29371
2021-05-13 04:02:20,609:INFO:[Rank-0] val time 12.6555, epoch 141, step  10, loss 2.56928567, auc@1 44.92, auc@5 73.98
2021-05-13 04:02:47,764:INFO:[Rank-0] train time 27.1539, epoch 142, step  13, loss 0.22480625, auc@1 94.10, auc@5 99.41, share 8, std_loss 0.07969221472740173,  0.15385 0.15919 0.30041 0.28578
2021-05-13 04:03:00,729:INFO:[Rank-0] val time 12.9607, epoch 142, step  10, loss 2.58675440, auc@1 45.52, auc@5 73.18
2021-05-13 04:03:26,582:INFO:[Rank-0] train time 25.7032, epoch 143, step  13, loss 0.23114125, auc@1 93.89, auc@5 99.46, share 8, std_loss 0.08796747544637093,  0.15116 0.16422 0.30186 0.30732
2021-05-13 04:03:39,100:INFO:[Rank-0] val time 12.5155, epoch 143, step  10, loss 2.53370836, auc@1 45.22, auc@5 73.92
2021-05-13 04:04:06,860:INFO:[Rank-0] train time 27.6540, epoch 144, step  13, loss 0.21689406, auc@1 94.21, auc@5 99.52, share 6, std_loss 0.07830531837848517,  0.13909 0.16187 0.29368 0.27293
2021-05-13 04:04:19,058:INFO:[Rank-0] val time 12.1949, epoch 144, step  10, loss 2.60831489, auc@1 44.46, auc@5 73.20
2021-05-13 04:04:45,944:INFO:[Rank-0] train time 26.8844, epoch 145, step  13, loss 0.23564461, auc@1 93.57, auc@5 99.43, share 9, std_loss 0.0890660469348614,  0.15664 0.15700 0.31677 0.31217
2021-05-13 04:04:58,387:INFO:[Rank-0] val time 12.4390, epoch 145, step  10, loss 2.63304399, auc@1 43.70, auc@5 72.51
2021-05-13 04:05:25,929:INFO:[Rank-0] train time 27.4452, epoch 146, step  13, loss 0.23297961, auc@1 93.65, auc@5 99.50, share 8, std_loss 0.08905754352991398,  0.15473 0.15041 0.31809 0.30868
2021-05-13 04:05:39,364:INFO:[Rank-0] val time 13.4332, epoch 146, step  10, loss 2.67995084, auc@1 44.21, auc@5 72.90
2021-05-13 04:06:06,537:INFO:[Rank-0] train time 27.0678, epoch 147, step  13, loss 0.21761203, auc@1 94.16, auc@5 99.53, share 4, std_loss 0.09614674116556461,  0.13590 0.14528 0.29068 0.29859
2021-05-13 04:06:18,958:INFO:[Rank-0] val time 12.4188, epoch 147, step  10, loss 2.64857598, auc@1 44.41, auc@5 72.58
2021-05-13 04:06:45,653:INFO:[Rank-0] train time 26.6134, epoch 148, step  13, loss 0.24382760, auc@1 93.27, auc@5 99.49, share 7, std_loss 0.0998826130078389,  0.15596 0.15953 0.32328 0.33655
2021-05-13 04:06:58,359:INFO:[Rank-0] val time 12.7033, epoch 148, step  10, loss 2.76322317, auc@1 42.94, auc@5 71.32
2021-05-13 04:07:23,860:INFO:[Rank-0] train time 25.3570, epoch 149, step  13, loss 0.23729081, auc@1 93.51, auc@5 99.47, share 4, std_loss 0.09435226195133649,  0.16160 0.15902 0.30578 0.32276
2021-05-13 04:07:36,669:INFO:[Rank-0] val time 12.8074, epoch 149, step  10, loss 2.70675372, auc@1 44.07, auc@5 72.28
2021-05-13 04:08:02,995:INFO:[Rank-0] train time 26.1896, epoch 150, step  13, loss 0.23557316, auc@1 93.74, auc@5 99.44, share 3, std_loss 0.10379834473133087,  0.15053 0.15001 0.30752 0.33423
2021-05-13 04:08:15,540:INFO:[Rank-0] val time 12.5412, epoch 150, step  10, loss 2.72371499, auc@1 43.96, auc@5 72.28
2021-05-13 04:08:42,232:INFO:[Rank-0] train time 26.5685, epoch 151, step  13, loss 0.28285247, auc@1 91.97, auc@5 99.31, share 7, std_loss 0.1285391621864759,  0.17376 0.17728 0.36774 0.41262
2021-05-13 04:08:56,114:INFO:[Rank-0] val time 13.8801, epoch 151, step  10, loss 2.70178913, auc@1 43.93, auc@5 72.55
2021-05-13 04:09:22,849:INFO:[Rank-0] train time 26.7043, epoch 152, step  13, loss 0.26917896, auc@1 92.36, auc@5 99.33, share 5, std_loss 0.12298423739580008,  0.15944 0.18519 0.33380 0.39828
2021-05-13 04:09:35,767:INFO:[Rank-0] val time 12.9161, epoch 152, step  10, loss 2.70197472, auc@1 43.85, auc@5 72.63
2021-05-13 04:10:02,139:INFO:[Rank-0] train time 26.2771, epoch 153, step  13, loss 0.29560325, auc@1 91.46, auc@5 99.29, share 8, std_loss 0.1279730791082749,  0.17432 0.20044 0.37654 0.43112
2021-05-13 04:10:14,903:INFO:[Rank-0] val time 12.7624, epoch 153, step  10, loss 2.74486474, auc@1 43.41, auc@5 72.45
2021-05-13 04:10:41,239:INFO:[Rank-0] train time 26.3076, epoch 154, step  13, loss 0.30949184, auc@1 91.02, auc@5 99.20, share 11, std_loss 0.09963854058430745,  0.19068 0.24223 0.39184 0.41321
2021-05-13 04:10:54,044:INFO:[Rank-0] val time 12.8019, epoch 154, step  10, loss 2.69128332, auc@1 43.67, auc@5 72.53
2021-05-13 04:11:20,091:INFO:[Rank-0] train time 26.0457, epoch 155, step  13, loss 0.24914040, auc@1 93.16, auc@5 99.47, share 8, std_loss 0.09602584632543418,  0.15514 0.17411 0.32630 0.34102
2021-05-13 04:11:32,353:INFO:[Rank-0] val time 12.2596, epoch 155, step  10, loss 2.64943291, auc@1 44.68, auc@5 72.93
2021-05-13 04:12:00,204:INFO:[Rank-0] train time 27.8256, epoch 156, step  13, loss 0.24335320, auc@1 93.31, auc@5 99.48, share 9, std_loss 0.08866244841080445,  0.15523 0.16868 0.31361 0.33590
2021-05-13 04:12:13,427:INFO:[Rank-0] val time 13.2212, epoch 156, step  10, loss 2.66694510, auc@1 44.00, auc@5 72.43
2021-05-13 04:12:40,357:INFO:[Rank-0] train time 26.7586, epoch 157, step  13, loss 0.22693580, auc@1 93.84, auc@5 99.55, share 5, std_loss 0.08915166900708126,  0.14559 0.16453 0.28686 0.31076
2021-05-13 04:12:53,876:INFO:[Rank-0] val time 13.5158, epoch 157, step  10, loss 2.73513957, auc@1 43.96, auc@5 72.52
2021-05-13 04:13:20,435:INFO:[Rank-0] train time 26.4829, epoch 158, step  13, loss 0.22965215, auc@1 93.54, auc@5 99.55, share 8, std_loss 0.08376516888921078,  0.15164 0.15774 0.28809 0.32113
2021-05-13 04:13:33,264:INFO:[Rank-0] val time 12.8266, epoch 158, step  10, loss 2.62330558, auc@1 45.69, auc@5 73.08
2021-05-13 04:14:00,310:INFO:[Rank-0] train time 26.9889, epoch 159, step  13, loss 0.21618350, auc@1 94.06, auc@5 99.58, share 7, std_loss 0.0792983896457232,  0.13884 0.14865 0.28269 0.29455
2021-05-13 04:14:13,104:INFO:[Rank-0] val time 12.7914, epoch 159, step  10, loss 2.70404767, auc@1 44.14, auc@5 72.64
2021-05-13 04:14:39,437:INFO:[Rank-0] train time 26.2175, epoch 160, step  13, loss 0.23409812, auc@1 93.54, auc@5 99.48, share 8, std_loss 0.09144761642584434,  0.14758 0.15984 0.30545 0.32353
2021-05-13 04:14:52,866:INFO:[Rank-0] val time 13.4250, epoch 160, step  10, loss 2.65382102, auc@1 44.66, auc@5 73.10
2021-05-13 04:15:20,161:INFO:[Rank-0] train time 27.2316, epoch 161, step  13, loss 0.22128946, auc@1 93.96, auc@5 99.56, share 8, std_loss 0.08149260110580005,  0.15474 0.14825 0.28746 0.29471
2021-05-13 04:15:33,001:INFO:[Rank-0] val time 12.8370, epoch 161, step  10, loss 2.66415435, auc@1 45.75, auc@5 73.02
2021-05-13 04:15:59,812:INFO:[Rank-0] train time 26.7816, epoch 162, step  13, loss 0.22540732, auc@1 93.75, auc@5 99.55, share 11, std_loss 0.0824797462958556,  0.14911 0.15206 0.29766 0.30280
2021-05-13 04:16:12,362:INFO:[Rank-0] val time 12.5486, epoch 162, step  10, loss 2.72415087, auc@1 43.74, auc@5 72.48
2021-05-13 04:16:38,858:INFO:[Rank-0] train time 26.3945, epoch 163, step  13, loss 0.19752119, auc@1 94.67, auc@5 99.61, share 8, std_loss 0.06921142225082104,  0.13050 0.14653 0.24413 0.26892
2021-05-13 04:16:51,852:INFO:[Rank-0] val time 12.9929, epoch 163, step  10, loss 2.73152337, auc@1 43.41, auc@5 72.32
2021-05-13 04:17:19,340:INFO:[Rank-0] train time 27.4205, epoch 164, step  13, loss 0.19472454, auc@1 94.70, auc@5 99.64, share 7, std_loss 0.0703558216874416,  0.12574 0.14837 0.23545 0.26934
2021-05-13 04:17:32,364:INFO:[Rank-0] val time 13.0220, epoch 164, step  10, loss 2.70479105, auc@1 44.76, auc@5 72.98
2021-05-13 04:17:59,901:INFO:[Rank-0] train time 27.4692, epoch 165, step  13, loss 0.18242460, auc@1 95.16, auc@5 99.68, share 4, std_loss 0.07871681107924534,  0.11613 0.12833 0.23768 0.24755
2021-05-13 04:18:12,258:INFO:[Rank-0] val time 12.3552, epoch 165, step  10, loss 2.63790449, auc@1 45.00, auc@5 73.27
2021-05-13 04:18:39,108:INFO:[Rank-0] train time 26.5067, epoch 166, step  13, loss 0.20298161, auc@1 94.36, auc@5 99.62, share 8, std_loss 0.07558575215247962,  0.12319 0.15080 0.26030 0.27763
2021-05-13 04:18:52,016:INFO:[Rank-0] val time 12.9052, epoch 166, step  10, loss 2.64705642, auc@1 44.59, auc@5 73.12
2021-05-13 04:19:19,703:INFO:[Rank-0] train time 27.6598, epoch 167, step  13, loss 0.21717402, auc@1 93.87, auc@5 99.55, share 10, std_loss 0.07891369811617412,  0.13131 0.17279 0.26520 0.29940
2021-05-13 04:19:32,342:INFO:[Rank-0] val time 12.6362, epoch 167, step  10, loss 2.71475354, auc@1 43.93, auc@5 72.47
2021-05-13 04:19:58,568:INFO:[Rank-0] train time 26.2176, epoch 168, step  13, loss 0.19013840, auc@1 94.80, auc@5 99.69, share 10, std_loss 0.060219293603530295,  0.11885 0.15555 0.22948 0.25667
2021-05-13 04:20:11,052:INFO:[Rank-0] val time 12.4805, epoch 168, step  10, loss 2.68989282, auc@1 44.98, auc@5 72.50
2021-05-13 04:20:37,262:INFO:[Rank-0] train time 26.0816, epoch 169, step  13, loss 0.18462172, auc@1 94.94, auc@5 99.71, share 8, std_loss 0.05950561652962978,  0.11739 0.15025 0.21869 0.25216
2021-05-13 04:20:49,785:INFO:[Rank-0] val time 12.5196, epoch 169, step  10, loss 2.65595097, auc@1 44.63, auc@5 72.93
2021-05-13 04:21:17,241:INFO:[Rank-0] train time 27.3640, epoch 170, step  13, loss 0.16800058, auc@1 95.53, auc@5 99.76, share 4, std_loss 0.053843811727487124,  0.10842 0.14525 0.20762 0.21071
2021-05-13 04:21:30,120:INFO:[Rank-0] val time 12.8764, epoch 170, step  10, loss 2.64785828, auc@1 45.40, auc@5 72.78
2021-05-13 04:21:56,182:INFO:[Rank-0] train time 25.9788, epoch 171, step  13, loss 0.18830293, auc@1 94.91, auc@5 99.73, share 8, std_loss 0.06761239411739203,  0.10853 0.15265 0.23842 0.25361
2021-05-13 04:22:08,722:INFO:[Rank-0] val time 12.5383, epoch 171, step  10, loss 2.64785862, auc@1 45.01, auc@5 72.52
2021-05-13 04:22:34,850:INFO:[Rank-0] train time 26.0750, epoch 172, step  13, loss 0.19840661, auc@1 94.48, auc@5 99.63, share 7, std_loss 0.06989443445434937,  0.12069 0.16835 0.22797 0.27661
2021-05-13 04:22:46,981:INFO:[Rank-0] val time 12.1293, epoch 172, step  10, loss 2.82716466, auc@1 42.64, auc@5 70.42
2021-05-13 04:23:14,121:INFO:[Rank-0] train time 27.0954, epoch 173, step  13, loss 0.18801871, auc@1 94.94, auc@5 99.72, share 5, std_loss 0.061456057314689345,  0.12685 0.15459 0.22419 0.24645
2021-05-13 04:23:27,918:INFO:[Rank-0] val time 13.7949, epoch 173, step  10, loss 2.66296133, auc@1 45.17, auc@5 72.88
2021-05-13 04:23:55,283:INFO:[Rank-0] train time 27.3632, epoch 174, step  13, loss 0.20391758, auc@1 94.49, auc@5 99.67, share 8, std_loss 0.06234657678466577,  0.12592 0.18037 0.25150 0.25788
2021-05-13 04:24:08,255:INFO:[Rank-0] val time 12.9670, epoch 174, step  10, loss 2.68387622, auc@1 45.05, auc@5 73.11
2021-05-13 04:24:34,382:INFO:[Rank-0] train time 26.0743, epoch 175, step  13, loss 0.21199685, auc@1 93.91, auc@5 99.66, share 8, std_loss 0.05591794504569127,  0.14947 0.18447 0.25613 0.25791
2021-05-13 04:24:47,328:INFO:[Rank-0] val time 12.9436, epoch 175, step  10, loss 2.78099115, auc@1 43.54, auc@5 71.15
2021-05-13 04:25:12,600:INFO:[Rank-0] train time 25.1518, epoch 176, step  13, loss 0.21924973, auc@1 93.75, auc@5 99.63, share 5, std_loss 0.06295466050505638,  0.15146 0.19471 0.28450 0.24634
2021-05-13 04:25:25,430:INFO:[Rank-0] val time 12.8277, epoch 176, step  10, loss 2.79076625, auc@1 43.23, auc@5 71.65
2021-05-13 04:25:52,149:INFO:[Rank-0] train time 26.7051, epoch 177, step  13, loss 0.22870113, auc@1 93.45, auc@5 99.64, share 5, std_loss 0.0584588165466602,  0.16264 0.20966 0.29049 0.25202
2021-05-13 04:26:04,938:INFO:[Rank-0] val time 12.7843, epoch 177, step  10, loss 2.75641292, auc@1 44.19, auc@5 71.72
2021-05-13 04:26:32,794:INFO:[Rank-0] train time 27.7941, epoch 178, step  13, loss 0.24788859, auc@1 92.86, auc@5 99.53, share 8, std_loss 0.06532008458788578,  0.17508 0.22100 0.32481 0.27067
2021-05-13 04:26:45,648:INFO:[Rank-0] val time 12.8519, epoch 178, step  10, loss 2.72894031, auc@1 43.91, auc@5 72.54
2021-05-13 04:27:10,640:INFO:[Rank-0] train time 24.9411, epoch 179, step  13, loss 0.22764648, auc@1 93.62, auc@5 99.66, share 3, std_loss 0.06054707530599374,  0.16051 0.20923 0.27847 0.26237
2021-05-13 04:27:23,134:INFO:[Rank-0] val time 12.4925, epoch 179, step  10, loss 2.77401807, auc@1 42.99, auc@5 71.91
2021-05-13 04:27:49,647:INFO:[Rank-0] train time 26.4243, epoch 180, step  13, loss 0.22913070, auc@1 93.42, auc@5 99.60, share 6, std_loss 0.05069076527769749,  0.17316 0.21170 0.27966 0.25201
2021-05-13 04:28:02,161:INFO:[Rank-0] val time 12.5116, epoch 180, step  10, loss 2.75647221, auc@1 43.45, auc@5 71.44
2021-05-13 04:28:27,298:INFO:[Rank-0] train time 25.1363, epoch 181, step  13, loss 0.18800223, auc@1 94.91, auc@5 99.77, share 5, std_loss 0.03548565334998644,  0.14511 0.18627 0.21828 0.20234
2021-05-13 04:28:39,781:INFO:[Rank-0] val time 12.4785, epoch 181, step  10, loss 2.81131819, auc@1 43.08, auc@5 70.94
2021-05-13 04:29:05,633:INFO:[Rank-0] train time 25.8416, epoch 182, step  13, loss 0.19003138, auc@1 94.76, auc@5 99.67, share 5, std_loss 0.03245571613884889,  0.15719 0.17452 0.22117 0.20724
2021-05-13 04:29:17,883:INFO:[Rank-0] val time 12.2469, epoch 182, step  10, loss 2.68212432, auc@1 44.43, auc@5 72.57
2021-05-13 04:29:44,248:INFO:[Rank-0] train time 26.2391, epoch 183, step  13, loss 0.16895670, auc@1 95.47, auc@5 99.78, share 9, std_loss 0.02443761579119242,  0.13435 0.16306 0.19596 0.18245
2021-05-13 04:29:57,295:INFO:[Rank-0] val time 13.0442, epoch 183, step  10, loss 2.62788508, auc@1 45.15, auc@5 72.96
2021-05-13 04:30:25,514:INFO:[Rank-0] train time 28.1877, epoch 184, step  13, loss 0.14068617, auc@1 96.42, auc@5 99.80, share 9, std_loss 0.019416245703513805,  0.11782 0.13008 0.16819 0.14666
2021-05-13 04:30:38,612:INFO:[Rank-0] val time 13.0956, epoch 184, step  10, loss 2.59939585, auc@1 45.93, auc@5 73.74
2021-05-13 04:31:06,586:INFO:[Rank-0] train time 27.9512, epoch 185, step  13, loss 0.11045824, auc@1 97.29, auc@5 99.88, share 4, std_loss 0.019321420301611606,  0.09158 0.10039 0.12674 0.12312
2021-05-13 04:31:19,090:INFO:[Rank-0] val time 12.5018, epoch 185, step  10, loss 2.61975446, auc@1 45.80, auc@5 73.24
2021-05-13 04:31:44,960:INFO:[Rank-0] train time 25.8109, epoch 186, step  13, loss 0.10746787, auc@1 97.41, auc@5 99.89, share 8, std_loss 0.01589482041219106,  0.08656 0.10272 0.12053 0.12006
2021-05-13 04:31:57,680:INFO:[Rank-0] val time 12.7172, epoch 186, step  10, loss 2.56699024, auc@1 46.40, auc@5 73.83
2021-05-13 04:32:23,469:INFO:[Rank-0] train time 25.7876, epoch 187, step  13, loss 0.09453394, auc@1 97.81, auc@5 99.90, share 6, std_loss 0.020605262798758652,  0.07217 0.08337 0.11339 0.10921
2021-05-13 04:32:36,963:INFO:[Rank-0] val time 13.4904, epoch 187, step  10, loss 2.57382168, auc@1 46.95, auc@5 74.02
2021-05-13 04:33:05,452:INFO:[Rank-0] train time 28.3517, epoch 188, step  13, loss 0.08853596, auc@1 97.90, auc@5 99.90, share 8, std_loss 0.016002167087907974,  0.06999 0.07961 0.09936 0.10519
2021-05-13 04:33:18,072:INFO:[Rank-0] val time 12.6182, epoch 188, step  10, loss 2.60329915, auc@1 46.00, auc@5 73.77
2021-05-13 04:33:45,105:INFO:[Rank-0] train time 27.0319, epoch 189, step  13, loss 0.07711064, auc@1 98.35, auc@5 99.93, share 5, std_loss 0.011837229275932679,  0.06885 0.06852 0.08226 0.08882
2021-05-13 04:33:59,012:INFO:[Rank-0] val time 13.9046, epoch 189, step  10, loss 2.58154495, auc@1 46.36, auc@5 74.08
2021-05-13 04:34:25,889:INFO:[Rank-0] train time 26.8104, epoch 190, step  13, loss 0.07255860, auc@1 98.46, auc@5 99.93, share 8, std_loss 0.012924334679085474,  0.06322 0.05936 0.07932 0.08833
2021-05-13 04:34:38,561:INFO:[Rank-0] val time 12.6700, epoch 190, step  10, loss 2.55800711, auc@1 47.36, auc@5 74.02
2021-05-13 04:35:05,305:INFO:[Rank-0] train time 26.5557, epoch 191, step  13, loss 0.06357676, auc@1 98.71, auc@5 99.93, share 5, std_loss 0.012438437471596094,  0.05519 0.05411 0.07129 0.07372
2021-05-13 04:35:18,766:INFO:[Rank-0] val time 13.4581, epoch 191, step  10, loss 2.53572508, auc@1 47.44, auc@5 74.40
2021-05-13 04:35:46,386:INFO:[Rank-0] train time 27.5389, epoch 192, step  13, loss 0.06128414, auc@1 98.72, auc@5 99.94, share 9, std_loss 0.007130001743252461,  0.05227 0.05363 0.06733 0.07191
2021-05-13 04:35:58,579:INFO:[Rank-0] val time 12.1908, epoch 192, step  10, loss 2.54689091, auc@1 47.06, auc@5 74.12
2021-05-13 04:36:25,752:INFO:[Rank-0] train time 27.1716, epoch 193, step  13, loss 0.05586710, auc@1 98.89, auc@5 99.94, share 8, std_loss 0.008576111688923378,  0.04644 0.05111 0.06414 0.06178
2021-05-13 04:36:38,301:INFO:[Rank-0] val time 12.5451, epoch 193, step  10, loss 2.52071800, auc@1 47.79, auc@5 74.32
2021-05-13 04:37:04,611:INFO:[Rank-0] train time 26.3089, epoch 194, step  13, loss 0.04845375, auc@1 99.04, auc@5 99.95, share 5, std_loss 0.008730572218505235,  0.04217 0.04212 0.05426 0.05527
2021-05-13 04:37:17,069:INFO:[Rank-0] val time 12.4549, epoch 194, step  10, loss 2.52685777, auc@1 47.63, auc@5 74.53
2021-05-13 04:37:44,680:INFO:[Rank-0] train time 27.5909, epoch 195, step  13, loss 0.04787908, auc@1 99.07, auc@5 99.92, share 9, std_loss 0.008405681412953597,  0.03938 0.04096 0.05646 0.05471
2021-05-13 04:37:57,348:INFO:[Rank-0] val time 12.6657, epoch 195, step  10, loss 2.52993346, auc@1 47.03, auc@5 74.24
2021-05-13 04:38:23,128:INFO:[Rank-0] train time 25.7210, epoch 196, step  13, loss 0.04358311, auc@1 99.25, auc@5 99.95, share 5, std_loss 0.00828126144523804,  0.03686 0.03935 0.04734 0.05078
2021-05-13 04:38:37,085:INFO:[Rank-0] val time 13.9539, epoch 196, step  10, loss 2.51190791, auc@1 47.24, auc@5 74.60
2021-05-13 04:39:02,618:INFO:[Rank-0] train time 25.4053, epoch 197, step  13, loss 0.04044423, auc@1 99.32, auc@5 99.94, share 7, std_loss 0.006494239903986454,  0.03301 0.03769 0.04441 0.04667
2021-05-13 04:39:15,564:INFO:[Rank-0] val time 12.9439, epoch 197, step  10, loss 2.47649691, auc@1 47.97, auc@5 74.79
2021-05-13 04:39:43,277:INFO:[Rank-0] train time 27.6891, epoch 198, step  13, loss 0.03767709, auc@1 99.32, auc@5 99.97, share 9, std_loss 0.004863408823999075,  0.03321 0.03326 0.04123 0.04300
2021-05-13 04:39:55,566:INFO:[Rank-0] val time 12.2880, epoch 198, step  10, loss 2.49336011, auc@1 47.72, auc@5 74.84
2021-05-13 04:40:22,619:INFO:[Rank-0] train time 26.9311, epoch 199, step  13, loss 0.03554448, auc@1 99.41, auc@5 99.94, share 7, std_loss 0.004781188944784494,  0.03056 0.03511 0.03378 0.04273
2021-05-13 04:40:35,380:INFO:[Rank-0] val time 12.7581, epoch 199, step  10, loss 2.46574439, auc@1 47.97, auc@5 75.00
2021-05-13 04:40:35,381:INFO:[Rank-0] finish, train+val 7917.79838, train 5363.54691, reduce_count 1426
