2021-05-28 22:14:04,805:INFO:[Rank-1] args : Namespace(batch=1024, current_time='20210528_221357', dataset='cifar100', epochs=200, ip='192.168.1.1:7548', k=16, loss_std_gap_rate=1.0, lr=0.1, momentum=0.4, name='loss2', rank=1, scheduler_step=80, train_type='loss2', weight_decay=0.001, world=4)
2021-05-28 22:14:43,520:INFO:[Rank-1] train time 37.2397, epoch   1, step  49, loss 4.90701103, auc@1 2.20, auc@5 9.31, share 8, std_loss 0.12132234561580177, pre_std_loss 0.06951175630092621,  5.08436 5.85324 5.23651 5.34133
2021-05-28 22:14:59,846:INFO:[Rank-1] val time 16.3240, epoch   1, step  40, loss 4.38032355, auc@1 4.28, auc@5 17.21
2021-05-28 22:15:36,382:INFO:[Rank-1] train time 36.5342, epoch   2, step  49, loss 4.27445793, auc@1 5.16, auc@5 19.62, share 11, std_loss 0.032890970647639156, pre_std_loss 0.03145279735326767,  4.25228 4.29303 4.25738 4.31897
2021-05-28 22:15:52,841:INFO:[Rank-1] val time 16.4541, epoch   2, step  40, loss 4.20853040, auc@1 6.48, auc@5 25.21
2021-05-28 22:16:28,877:INFO:[Rank-1] train time 36.0343, epoch   3, step  49, loss 4.07248449, auc@1 7.05, auc@5 25.35, share 8, std_loss 0.03414818176961675, pre_std_loss 0.025168241932988167,  4.04194 4.06392 4.09124 4.09581
2021-05-28 22:16:45,267:INFO:[Rank-1] val time 16.3873, epoch   3, step  40, loss 3.87491845, auc@1 9.47, auc@5 30.91
2021-05-28 22:17:21,310:INFO:[Rank-1] train time 36.0405, epoch   4, step  49, loss 3.92369032, auc@1 8.93, auc@5 29.78, share 7, std_loss 0.02442341942188083, pre_std_loss 0.021034812554717064,  3.91517 3.94800 3.94264 3.97711
2021-05-28 22:17:37,471:INFO:[Rank-1] val time 16.1558, epoch   4, step  40, loss 3.79804314, auc@1 10.43, auc@5 33.81
2021-05-28 22:18:14,308:INFO:[Rank-1] train time 36.8274, epoch   5, step  49, loss 3.82051301, auc@1 10.48, auc@5 32.68, share 9, std_loss 0.027382098138332367, pre_std_loss 0.019071854650974274,  3.83778 3.80923 3.83069 3.88858
2021-05-28 22:18:30,800:INFO:[Rank-1] val time 16.4885, epoch   5, step  40, loss 3.72381112, auc@1 12.48, auc@5 36.82
2021-05-28 22:19:07,604:INFO:[Rank-1] train time 36.8038, epoch   6, step  49, loss 3.73240471, auc@1 11.74, auc@5 35.52, share 11, std_loss 0.03266334064228802, pre_std_loss 0.02672453410923481,  3.71258 3.72716 3.76392 3.79303
2021-05-28 22:19:24,024:INFO:[Rank-1] val time 16.4168, epoch   6, step  40, loss 3.59179109, auc@1 14.88, auc@5 38.89
2021-05-28 22:20:00,437:INFO:[Rank-1] train time 36.4113, epoch   7, step  49, loss 3.64405084, auc@1 13.18, auc@5 38.19, share 10, std_loss 0.017323215387533515, pre_std_loss 0.014871287159621716,  3.62733 3.65551 3.64887 3.67066
2021-05-28 22:20:16,876:INFO:[Rank-1] val time 16.4326, epoch   7, step  40, loss 3.47352653, auc@1 15.84, auc@5 43.11
2021-05-28 22:20:53,923:INFO:[Rank-1] train time 37.0455, epoch   8, step  49, loss 3.54611683, auc@1 15.11, auc@5 41.05, share 15, std_loss 0.023803868483067776, pre_std_loss 0.020006518810987473,  3.56067 3.53058 3.54535 3.57927
2021-05-28 22:21:10,194:INFO:[Rank-1] val time 16.2682, epoch   8, step  40, loss 3.47806532, auc@1 16.68, auc@5 43.46
2021-05-28 22:21:46,627:INFO:[Rank-1] train time 36.4317, epoch   9, step  49, loss 3.45485783, auc@1 16.43, auc@5 43.55, share 11, std_loss 0.03908843079543844, pre_std_loss 0.041492361575365067,  3.46995 3.42036 3.43999 3.51704
2021-05-28 22:22:03,240:INFO:[Rank-1] val time 16.6095, epoch   9, step  40, loss 8.88885296, auc@1 10.37, auc@5 28.69
2021-05-28 22:22:39,204:INFO:[Rank-1] train time 35.9625, epoch  10, step  49, loss 3.39022946, auc@1 17.48, auc@5 45.58, share 6, std_loss 0.03642417615925779, pre_std_loss 0.029368117451667786,  3.36748 3.38820 3.38589 3.44238
2021-05-28 22:22:55,625:INFO:[Rank-1] val time 16.4163, epoch  10, step  40, loss 3.42124267, auc@1 17.21, auc@5 44.52
2021-05-28 22:23:31,895:INFO:[Rank-1] train time 36.2687, epoch  11, step  49, loss 3.29884005, auc@1 19.22, auc@5 48.06, share 8, std_loss 0.055120562108195555, pre_std_loss 0.0507262721657753,  3.29959 3.27581 3.27131 3.39068
2021-05-28 22:23:48,301:INFO:[Rank-1] val time 16.4024, epoch  11, step  40, loss 3.38435193, auc@1 19.62, auc@5 48.06
2021-05-28 22:24:25,043:INFO:[Rank-1] train time 36.7409, epoch  12, step  49, loss 3.21763945, auc@1 20.45, auc@5 49.93, share 11, std_loss 0.054015222024552674, pre_std_loss 0.048472438007593155,  3.20417 3.20123 3.17680 3.28785
2021-05-28 22:24:41,736:INFO:[Rank-1] val time 16.6873, epoch  12, step  40, loss 3.19902201, auc@1 21.28, auc@5 50.15
2021-05-28 22:25:17,857:INFO:[Rank-1] train time 36.1201, epoch  13, step  49, loss 3.15003538, auc@1 22.04, auc@5 51.79, share 9, std_loss 0.06591859368645415, pre_std_loss 0.05606592819094658,  3.13253 3.09639 3.15859 3.24036
2021-05-28 22:25:34,121:INFO:[Rank-1] val time 16.2608, epoch  13, step  40, loss 3.11019190, auc@1 22.80, auc@5 53.62
2021-05-28 22:26:10,656:INFO:[Rank-1] train time 36.5334, epoch  14, step  49, loss 3.06749272, auc@1 23.25, auc@5 54.12, share 10, std_loss 0.05831762251197076, pre_std_loss 0.06348483264446259,  3.03664 3.01128 3.06936 3.15523
2021-05-28 22:26:27,108:INFO:[Rank-1] val time 16.4466, epoch  14, step  40, loss 2.83281398, auc@1 27.75, auc@5 60.23
2021-05-28 22:27:03,886:INFO:[Rank-1] train time 36.7765, epoch  15, step  49, loss 2.99256182, auc@1 24.61, auc@5 55.78, share 7, std_loss 0.08607517426111261, pre_std_loss 0.0743187814950943,  2.95080 2.89853 2.99536 3.12264
2021-05-28 22:27:20,238:INFO:[Rank-1] val time 16.3503, epoch  15, step  40, loss 3.06868929, auc@1 23.81, auc@5 55.90
2021-05-28 22:27:56,903:INFO:[Rank-1] train time 36.6627, epoch  16, step  49, loss 2.93536854, auc@1 25.82, auc@5 57.49, share 11, std_loss 0.06461057272188518, pre_std_loss 0.06681398302316666,  2.89692 2.88711 2.92887 3.04353
2021-05-28 22:28:13,381:INFO:[Rank-1] val time 16.4720, epoch  16, step  40, loss 2.93248259, auc@1 26.40, auc@5 58.11
2021-05-28 22:28:49,552:INFO:[Rank-1] train time 36.1700, epoch  17, step  49, loss 2.85972881, auc@1 26.87, auc@5 59.37, share 6, std_loss 0.10578566622369144, pre_std_loss 0.08760794997215271,  2.83219 2.78030 2.83420 3.00448
2021-05-28 22:29:06,001:INFO:[Rank-1] val time 16.4473, epoch  17, step  40, loss 2.86361721, auc@1 27.04, auc@5 60.08
2021-05-28 22:29:42,425:INFO:[Rank-1] train time 36.4222, epoch  18, step  49, loss 2.78353715, auc@1 28.50, auc@5 61.25, share 10, std_loss 0.08377087960133747, pre_std_loss 0.08580232411623001,  2.73271 2.75162 2.75450 2.92490
2021-05-28 22:29:58,703:INFO:[Rank-1] val time 16.2751, epoch  18, step  40, loss 2.82210614, auc@1 28.76, auc@5 61.13
2021-05-28 22:30:35,488:INFO:[Rank-1] train time 36.7837, epoch  19, step  49, loss 2.73308849, auc@1 29.49, auc@5 62.37, share 10, std_loss 0.09965446211245595, pre_std_loss 0.09586074203252792,  2.65103 2.70183 2.71560 2.87132
2021-05-28 22:30:51,908:INFO:[Rank-1] val time 16.4147, epoch  19, step  40, loss 2.63231502, auc@1 32.27, auc@5 65.18
2021-05-28 22:31:28,845:INFO:[Rank-1] train time 36.9356, epoch  20, step  49, loss 2.66268754, auc@1 31.37, auc@5 63.93, share 12, std_loss 0.10624252837531421, pre_std_loss 0.0996682420372963,  2.59862 2.64763 2.61864 2.82634
2021-05-28 22:31:45,131:INFO:[Rank-1] val time 16.2803, epoch  20, step  40, loss 3.34060515, auc@1 29.93, auc@5 62.24
2021-05-28 22:32:22,002:INFO:[Rank-1] train time 36.8697, epoch  21, step  49, loss 2.60749769, auc@1 32.08, auc@5 65.37, share 13, std_loss 0.11580459393408833, pre_std_loss 0.11923059076070786,  2.52589 2.54045 2.58357 2.78984
2021-05-28 22:32:38,448:INFO:[Rank-1] val time 16.4432, epoch  21, step  40, loss 2.77843748, auc@1 29.76, auc@5 60.19
2021-05-28 22:33:14,423:INFO:[Rank-1] train time 35.9732, epoch  22, step  49, loss 2.54594445, auc@1 33.29, auc@5 66.61, share 6, std_loss 0.1329642563145988, pre_std_loss 0.12678171694278717,  2.48374 2.47588 2.49081 2.73736
2021-05-28 22:33:30,901:INFO:[Rank-1] val time 16.4745, epoch  22, step  40, loss 2.64149539, auc@1 33.21, auc@5 65.48
2021-05-28 22:34:07,501:INFO:[Rank-1] train time 36.5987, epoch  23, step  49, loss 2.48277712, auc@1 34.50, auc@5 68.11, share 11, std_loss 0.11677353950787564, pre_std_loss 0.11359743028879166,  2.41186 2.42196 2.43893 2.65034
2021-05-28 22:34:23,912:INFO:[Rank-1] val time 16.4068, epoch  23, step  40, loss 2.60495017, auc@1 33.36, auc@5 65.95
2021-05-28 22:35:00,962:INFO:[Rank-1] train time 37.0482, epoch  24, step  49, loss 2.42322230, auc@1 35.83, auc@5 69.40, share 12, std_loss 0.11459585492100034, pre_std_loss 0.10998551547527313,  2.33419 2.38543 2.39363 2.58042
2021-05-28 22:35:17,687:INFO:[Rank-1] val time 16.7229, epoch  24, step  40, loss 2.49636663, auc@1 35.69, auc@5 68.73
2021-05-28 22:35:54,054:INFO:[Rank-1] train time 36.3664, epoch  25, step  49, loss 2.36725330, auc@1 37.12, auc@5 70.66, share 9, std_loss 0.13845536781817067, pre_std_loss 0.12595298886299133,  2.31225 2.28317 2.31637 2.55479
2021-05-28 22:36:10,515:INFO:[Rank-1] val time 16.4566, epoch  25, step  40, loss 2.52349563, auc@1 34.94, auc@5 68.10
2021-05-28 22:36:48,502:INFO:[Rank-1] train time 37.9860, epoch  26, step  49, loss 2.28464222, auc@1 38.81, auc@5 72.15, share 19, std_loss 0.13237891741553132, pre_std_loss 0.13446544110774994,  2.19426 2.20828 2.23139 2.50534
2021-05-28 22:37:04,734:INFO:[Rank-1] val time 16.2295, epoch  26, step  40, loss 2.34461993, auc@1 37.86, auc@5 71.12
2021-05-28 22:37:41,515:INFO:[Rank-1] train time 36.7805, epoch  27, step  49, loss 2.26963472, auc@1 39.43, auc@5 72.76, share 12, std_loss 0.11578131482309224, pre_std_loss 0.12475257366895676,  2.18192 2.23220 2.21244 2.45491
2021-05-28 22:37:57,727:INFO:[Rank-1] val time 16.2065, epoch  27, step  40, loss 2.49357749, auc@1 36.58, auc@5 69.03
2021-05-28 22:38:34,669:INFO:[Rank-1] train time 36.9405, epoch  28, step  49, loss 2.20446038, auc@1 40.76, auc@5 73.91, share 14, std_loss 0.11942686946416388, pre_std_loss 0.12661422789096832,  2.17187 2.11843 2.15571 2.39957
2021-05-28 22:38:51,289:INFO:[Rank-1] val time 16.6176, epoch  28, step  40, loss 2.48436267, auc@1 38.20, auc@5 69.94
2021-05-28 22:39:29,149:INFO:[Rank-1] train time 37.8590, epoch  29, step  49, loss 2.16861057, auc@1 41.45, auc@5 74.69, share 18, std_loss 0.12715995669060823, pre_std_loss 0.13083790242671967,  2.11592 2.12356 2.09272 2.37558
2021-05-28 22:39:45,634:INFO:[Rank-1] val time 16.4818, epoch  29, step  40, loss 2.55071264, auc@1 36.41, auc@5 68.79
2021-05-28 22:40:22,707:INFO:[Rank-1] train time 37.0719, epoch  30, step  49, loss 2.15776038, auc@1 41.80, auc@5 74.93, share 13, std_loss 0.12752498443029364, pre_std_loss 0.1238584890961647,  2.07039 2.07905 2.13950 2.33628
2021-05-28 22:40:39,067:INFO:[Rank-1] val time 16.3576, epoch  30, step  40, loss 2.32552386, auc@1 40.11, auc@5 72.97
2021-05-28 22:41:15,249:INFO:[Rank-1] train time 36.1808, epoch  31, step  49, loss 2.11171079, auc@1 42.86, auc@5 75.78, share 9, std_loss 0.10693528837695414, pre_std_loss 0.11383187025785446,  2.00705 2.04420 2.14114 2.26650
2021-05-28 22:41:31,468:INFO:[Rank-1] val time 16.2161, epoch  31, step  40, loss 2.32586540, auc@1 39.18, auc@5 71.72
2021-05-28 22:42:09,254:INFO:[Rank-1] train time 37.7852, epoch  32, step  49, loss 2.05010009, auc@1 43.93, auc@5 77.15, share 15, std_loss 0.1259648083728187, pre_std_loss 0.12803605198860168,  1.97866 1.98316 2.00492 2.24658
2021-05-28 22:42:25,586:INFO:[Rank-1] val time 16.3293, epoch  32, step  40, loss 2.24442308, auc@1 41.44, auc@5 74.17
2021-05-28 22:43:02,148:INFO:[Rank-1] train time 36.5603, epoch  33, step  49, loss 2.01540041, auc@1 44.86, auc@5 77.76, share 9, std_loss 0.13820847853714105, pre_std_loss 0.1289006769657135,  1.90086 1.93487 1.99028 2.20295
2021-05-28 22:43:18,532:INFO:[Rank-1] val time 16.3782, epoch  33, step  40, loss 2.26843718, auc@1 41.38, auc@5 74.12
2021-05-28 22:43:55,348:INFO:[Rank-1] train time 36.8144, epoch  34, step  49, loss 1.97938061, auc@1 45.66, auc@5 78.43, share 11, std_loss 0.13383361986097025, pre_std_loss 0.13514432311058044,  1.87103 1.91781 1.95402 2.17590
2021-05-28 22:44:11,833:INFO:[Rank-1] val time 16.4820, epoch  34, step  40, loss 2.06913719, auc@1 44.12, auc@5 77.06
2021-05-28 22:44:49,332:INFO:[Rank-1] train time 37.4967, epoch  35, step  49, loss 1.92264080, auc@1 46.96, auc@5 79.45, share 17, std_loss 0.11641920920537442, pre_std_loss 0.11399173736572266,  1.86248 1.84352 1.90034 2.09182
2021-05-28 22:45:05,594:INFO:[Rank-1] val time 16.2605, epoch  35, step  40, loss 2.18579537, auc@1 43.40, auc@5 74.57
2021-05-28 22:45:43,379:INFO:[Rank-1] train time 37.7833, epoch  36, step  49, loss 1.90683281, auc@1 47.54, auc@5 79.66, share 17, std_loss 0.12360458501747676, pre_std_loss 0.1305360347032547,  1.84694 1.85263 1.82324 2.10077
2021-05-28 22:45:59,702:INFO:[Rank-1] val time 16.3213, epoch  36, step  40, loss 1.98940840, auc@1 46.86, auc@5 78.28
2021-05-28 22:46:36,187:INFO:[Rank-1] train time 36.4828, epoch  37, step  49, loss 1.88000512, auc@1 48.10, auc@5 80.31, share 10, std_loss 0.12223481113205151, pre_std_loss 0.12682750821113586,  1.79370 1.78211 1.85615 2.07168
2021-05-28 22:46:52,617:INFO:[Rank-1] val time 16.4252, epoch  37, step  40, loss 2.11556916, auc@1 44.59, auc@5 76.59
2021-05-28 22:47:29,824:INFO:[Rank-1] train time 37.2065, epoch  38, step  49, loss 1.84682763, auc@1 48.75, auc@5 80.86, share 13, std_loss 0.1265519421015467, pre_std_loss 0.12719757854938507,  1.78181 1.75953 1.80395 2.03554
2021-05-28 22:47:46,242:INFO:[Rank-1] val time 16.4158, epoch  38, step  40, loss 1.94971573, auc@1 46.96, auc@5 79.34
2021-05-28 22:48:23,356:INFO:[Rank-1] train time 37.1120, epoch  39, step  49, loss 1.81127119, auc@1 49.44, auc@5 81.52, share 14, std_loss 0.12653755092499208, pre_std_loss 0.12536078691482544,  1.74300 1.73735 1.77202 2.00844
2021-05-28 22:48:39,817:INFO:[Rank-1] val time 16.4569, epoch  39, step  40, loss 1.97362134, auc@1 47.52, auc@5 78.84
2021-05-28 22:49:16,710:INFO:[Rank-1] train time 36.8922, epoch  40, step  49, loss 1.76869690, auc@1 50.58, auc@5 82.15, share 15, std_loss 0.11720788585288185, pre_std_loss 0.12676922976970673,  1.68422 1.68640 1.74338 1.95221
2021-05-28 22:49:33,481:INFO:[Rank-1] val time 16.7643, epoch  40, step  40, loss 2.01997116, auc@1 48.24, auc@5 79.04
2021-05-28 22:50:11,277:INFO:[Rank-1] train time 37.7945, epoch  41, step  49, loss 1.72531724, auc@1 51.65, auc@5 82.98, share 18, std_loss 0.11737417140785529, pre_std_loss 0.12219931930303574,  1.63107 1.64863 1.67739 1.91013
2021-05-28 22:50:27,587:INFO:[Rank-1] val time 16.3049, epoch  41, step  40, loss 1.99308647, auc@1 46.78, auc@5 79.39
2021-05-28 22:51:03,723:INFO:[Rank-1] train time 36.1350, epoch  42, step  49, loss 1.73698902, auc@1 51.54, auc@5 82.79, share 8, std_loss 0.1102067306637764, pre_std_loss 0.10247325152158737,  1.66238 1.68585 1.71325 1.88784
2021-05-28 22:51:20,157:INFO:[Rank-1] val time 16.4318, epoch  42, step  40, loss 1.73683214, auc@1 52.34, auc@5 82.57
2021-05-28 22:51:56,505:INFO:[Rank-1] train time 36.3463, epoch  43, step  49, loss 1.68599498, auc@1 52.57, auc@5 83.61, share 11, std_loss 0.12597222352514462, pre_std_loss 0.12485913932323456,  1.59155 1.62977 1.62462 1.88514
2021-05-28 22:52:12,850:INFO:[Rank-1] val time 16.3414, epoch  43, step  40, loss 1.90617178, auc@1 49.59, auc@5 80.08
2021-05-28 22:52:49,732:INFO:[Rank-1] train time 36.8787, epoch  44, step  49, loss 1.66046047, auc@1 53.26, auc@5 84.13, share 13, std_loss 0.10559468617548748, pre_std_loss 0.11338169127702713,  1.59852 1.57860 1.63527 1.82705
2021-05-28 22:53:06,089:INFO:[Rank-1] val time 16.3503, epoch  44, step  40, loss 1.91669339, auc@1 48.75, auc@5 80.23
2021-05-28 22:53:42,750:INFO:[Rank-1] train time 36.6596, epoch  45, step  49, loss 1.63747346, auc@1 53.58, auc@5 84.38, share 13, std_loss 0.12393848263487524, pre_std_loss 0.12640920281410217,  1.57563 1.54873 1.59550 1.82781
2021-05-28 22:53:59,169:INFO:[Rank-1] val time 16.4158, epoch  45, step  40, loss 1.95293886, auc@1 49.26, auc@5 79.51
2021-05-28 22:54:35,866:INFO:[Rank-1] train time 36.6955, epoch  46, step  49, loss 1.61170340, auc@1 54.38, auc@5 84.94, share 11, std_loss 0.12247144582928443, pre_std_loss 0.11449083685874939,  1.56850 1.55315 1.54151 1.80183
2021-05-28 22:54:52,275:INFO:[Rank-1] val time 16.4034, epoch  46, step  40, loss 1.88284059, auc@1 50.15, auc@5 80.70
2021-05-28 22:55:28,558:INFO:[Rank-1] train time 36.2825, epoch  47, step  49, loss 1.58881223, auc@1 55.30, auc@5 85.27, share 4, std_loss 0.14605029322663132, pre_std_loss 0.12407926470041275,  1.54027 1.49836 1.54475 1.77241
2021-05-28 22:55:45,187:INFO:[Rank-1] val time 16.6243, epoch  47, step  40, loss 1.93265500, auc@1 48.88, auc@5 80.34
2021-05-28 22:56:21,409:INFO:[Rank-1] train time 36.2166, epoch  48, step  49, loss 1.56733239, auc@1 55.43, auc@5 85.47, share 10, std_loss 0.13498303400618689, pre_std_loss 0.1303854137659073,  1.47969 1.49858 1.50874 1.75991
2021-05-28 22:56:37,681:INFO:[Rank-1] val time 16.2674, epoch  48, step  40, loss 1.81930726, auc@1 50.67, auc@5 81.60
2021-05-28 22:57:14,636:INFO:[Rank-1] train time 36.9539, epoch  49, step  49, loss 1.52820706, auc@1 56.81, auc@5 86.22, share 12, std_loss 0.13144765262092864, pre_std_loss 0.13151110708713531,  1.49732 1.42539 1.46167 1.71925
2021-05-28 22:57:30,867:INFO:[Rank-1] val time 16.2267, epoch  49, step  40, loss 1.91612307, auc@1 50.62, auc@5 81.42
2021-05-28 22:58:07,991:INFO:[Rank-1] train time 37.1232, epoch  50, step  49, loss 1.51530111, auc@1 56.98, auc@5 86.49, share 12, std_loss 0.10529254361683009, pre_std_loss 0.10325588285923004,  1.46832 1.44561 1.47745 1.66856
2021-05-28 22:58:24,293:INFO:[Rank-1] val time 16.2981, epoch  50, step  40, loss 1.61847413, auc@1 55.66, auc@5 85.28
2021-05-28 22:59:00,008:INFO:[Rank-1] train time 35.7137, epoch  51, step  49, loss 1.49080682, auc@1 57.57, auc@5 86.82, share 6, std_loss 0.1068824438416228, pre_std_loss 0.10057798027992249,  1.44042 1.44370 1.43435 1.63311
2021-05-28 22:59:16,477:INFO:[Rank-1] val time 16.4667, epoch  51, step  40, loss 1.80368996, auc@1 51.50, auc@5 82.63
2021-05-28 22:59:52,759:INFO:[Rank-1] train time 36.2800, epoch  52, step  49, loss 1.47573495, auc@1 57.76, auc@5 87.18, share 7, std_loss 0.12052228514637266, pre_std_loss 0.1111958920955658,  1.42024 1.40202 1.43463 1.63762
2021-05-28 23:00:09,284:INFO:[Rank-1] val time 16.5205, epoch  52, step  40, loss 1.82184636, auc@1 52.28, auc@5 81.67
2021-05-28 23:00:45,868:INFO:[Rank-1] train time 36.5828, epoch  53, step  49, loss 1.43732548, auc@1 59.00, auc@5 87.57, share 10, std_loss 0.12643473276070186, pre_std_loss 0.1235857680439949,  1.37520 1.36442 1.38182 1.61777
2021-05-28 23:01:02,329:INFO:[Rank-1] val time 16.4582, epoch  53, step  40, loss 1.93297571, auc@1 50.72, auc@5 81.17
2021-05-28 23:01:39,853:INFO:[Rank-1] train time 37.5185, epoch  54, step  49, loss 1.41141188, auc@1 59.33, auc@5 87.87, share 18, std_loss 0.10386142134666443, pre_std_loss 0.10824932903051376,  1.34524 1.32871 1.39603 1.57139
2021-05-28 23:01:56,186:INFO:[Rank-1] val time 16.3301, epoch  54, step  40, loss 1.75652388, auc@1 54.20, auc@5 83.10
2021-05-28 23:02:33,075:INFO:[Rank-1] train time 36.8870, epoch  55, step  49, loss 1.41175282, auc@1 59.54, auc@5 87.97, share 9, std_loss 0.1387397925160369, pre_std_loss 0.12771566212177277,  1.33898 1.32132 1.38548 1.59774
2021-05-28 23:02:49,558:INFO:[Rank-1] val time 16.4796, epoch  55, step  40, loss 1.56403514, auc@1 56.47, auc@5 85.36
2021-05-28 23:03:26,160:INFO:[Rank-1] train time 36.5698, epoch  56, step  49, loss 1.39166903, auc@1 59.94, auc@5 88.13, share 9, std_loss 0.1289875490628943, pre_std_loss 0.12501747906208038,  1.34185 1.33012 1.31491 1.58741
2021-05-28 23:03:42,331:INFO:[Rank-1] val time 16.1668, epoch  56, step  40, loss 1.91395350, auc@1 51.42, auc@5 81.40
2021-05-28 23:04:19,390:INFO:[Rank-1] train time 37.0572, epoch  57, step  49, loss 1.37042379, auc@1 60.47, auc@5 88.62, share 12, std_loss 0.11160908320120402, pre_std_loss 0.11046379804611206,  1.31589 1.32662 1.29729 1.54001
2021-05-28 23:04:35,692:INFO:[Rank-1] val time 16.2997, epoch  57, step  40, loss 1.73506640, auc@1 53.67, auc@5 83.10
2021-05-28 23:05:13,026:INFO:[Rank-1] train time 37.3320, epoch  58, step  49, loss 1.33484292, auc@1 61.30, auc@5 89.21, share 17, std_loss 0.10300078828419958, pre_std_loss 0.10628465563058853,  1.27818 1.28407 1.28603 1.49082
2021-05-28 23:05:29,771:INFO:[Rank-1] val time 16.7394, epoch  58, step  40, loss 1.48156871, auc@1 59.45, auc@5 86.85
2021-05-28 23:06:07,088:INFO:[Rank-1] train time 37.3156, epoch  59, step  49, loss 1.31468093, auc@1 62.02, auc@5 89.36, share 17, std_loss 0.10852166675791448, pre_std_loss 0.11756344139575958,  1.26610 1.22288 1.27601 1.48517
2021-05-28 23:06:23,245:INFO:[Rank-1] val time 16.1505, epoch  59, step  40, loss 1.89912254, auc@1 51.97, auc@5 82.19
2021-05-28 23:07:00,333:INFO:[Rank-1] train time 37.0866, epoch  60, step  49, loss 1.31900322, auc@1 61.94, auc@5 89.13, share 11, std_loss 0.11102129002006686, pre_std_loss 0.10688802599906921,  1.26675 1.24311 1.27086 1.47261
2021-05-28 23:07:16,923:INFO:[Rank-1] val time 16.5858, epoch  60, step  40, loss 1.76814176, auc@1 54.74, auc@5 83.29
2021-05-28 23:07:52,851:INFO:[Rank-1] train time 35.9275, epoch  61, step  49, loss 1.35231185, auc@1 61.03, auc@5 88.93, share 2, std_loss 0.16585383442591647, pre_std_loss 0.12460796535015106,  1.32150 1.08128 1.88059 1.68445
2021-05-28 23:08:09,534:INFO:[Rank-1] val time 16.6801, epoch  61, step  40, loss 1.72812623, auc@1 54.28, auc@5 84.03
2021-05-28 23:08:45,599:INFO:[Rank-1] train time 36.0637, epoch  62, step  49, loss 1.29459047, auc@1 62.34, auc@5 89.54, share 7, std_loss 0.10511139141661781, pre_std_loss 0.0926617980003357,  1.20649 1.20793 1.28649 1.43594
2021-05-28 23:09:02,328:INFO:[Rank-1] val time 16.7265, epoch  62, step  40, loss 1.62880478, auc@1 56.65, auc@5 85.59
2021-05-28 23:09:39,658:INFO:[Rank-1] train time 37.3287, epoch  63, step  49, loss 1.26284611, auc@1 63.08, auc@5 90.19, share 13, std_loss 0.11018124526860762, pre_std_loss 0.11501256376504898,  1.18773 1.18577 1.24474 1.42951
2021-05-28 23:09:56,112:INFO:[Rank-1] val time 16.4490, epoch  63, step  40, loss 1.83447736, auc@1 53.67, auc@5 82.14
2021-05-28 23:10:33,317:INFO:[Rank-1] train time 37.2041, epoch  64, step  49, loss 1.25506032, auc@1 63.42, auc@5 90.22, share 14, std_loss 0.09706007141848, pre_std_loss 0.09673387557268143,  1.18606 1.19878 1.25173 1.39911
2021-05-28 23:10:49,780:INFO:[Rank-1] val time 16.4608, epoch  64, step  40, loss 1.57204611, auc@1 57.92, auc@5 85.85
2021-05-28 23:11:27,881:INFO:[Rank-1] train time 38.0991, epoch  65, step  49, loss 1.22732580, auc@1 64.40, auc@5 90.54, share 22, std_loss 0.08742884288028795, pre_std_loss 0.0965951606631279,  1.21063 1.15498 1.18090 1.36993
2021-05-28 23:11:44,142:INFO:[Rank-1] val time 16.2588, epoch  65, step  40, loss 1.47585842, auc@1 60.40, auc@5 87.38
2021-05-28 23:12:20,917:INFO:[Rank-1] train time 36.7743, epoch  66, step  49, loss 1.22088253, auc@1 64.04, auc@5 90.61, share 9, std_loss 0.10805076041391917, pre_std_loss 0.09917039424180984,  1.17502 1.14300 1.17078 1.37683
2021-05-28 23:12:37,279:INFO:[Rank-1] val time 16.3590, epoch  66, step  40, loss 1.70886254, auc@1 55.78, auc@5 84.21
2021-05-28 23:13:13,792:INFO:[Rank-1] train time 36.5115, epoch  67, step  49, loss 1.20886779, auc@1 64.78, auc@5 90.78, share 10, std_loss 0.10395576439949931, pre_std_loss 0.10526127368211746,  1.17167 1.13857 1.15191 1.36157
2021-05-28 23:13:30,230:INFO:[Rank-1] val time 16.4355, epoch  67, step  40, loss 1.64210279, auc@1 55.66, auc@5 84.94
2021-05-28 23:14:06,264:INFO:[Rank-1] train time 36.0322, epoch  68, step  49, loss 1.20095980, auc@1 65.01, auc@5 90.88, share 6, std_loss 0.1043458345289133, pre_std_loss 0.09330322593450546,  1.15478 1.11891 1.17778 1.33805
2021-05-28 23:14:22,842:INFO:[Rank-1] val time 16.5746, epoch  68, step  40, loss 1.80148799, auc@1 54.08, auc@5 82.69
2021-05-28 23:14:59,525:INFO:[Rank-1] train time 36.6808, epoch  69, step  49, loss 1.17840469, auc@1 65.47, auc@5 91.22, share 13, std_loss 0.10564903580412573, pre_std_loss 0.09857641160488129,  1.12643 1.11603 1.14677 1.32380
2021-05-28 23:15:15,874:INFO:[Rank-1] val time 16.3428, epoch  69, step  40, loss 1.51401237, auc@1 59.43, auc@5 86.77
2021-05-28 23:15:52,572:INFO:[Rank-1] train time 36.6973, epoch  70, step  49, loss 1.16265535, auc@1 66.18, auc@5 91.47, share 12, std_loss 0.09047952492018135, pre_std_loss 0.08943114429712296,  1.11228 1.10581 1.13778 1.29083
2021-05-28 23:16:08,856:INFO:[Rank-1] val time 16.2783, epoch  70, step  40, loss 1.55235510, auc@1 58.50, auc@5 85.99
2021-05-28 23:16:45,205:INFO:[Rank-1] train time 36.3479, epoch  71, step  49, loss 1.14053762, auc@1 66.52, auc@5 91.73, share 6, std_loss 0.09965237154036152, pre_std_loss 0.09039748460054398,  1.11386 1.06284 1.10316 1.26883
2021-05-28 23:17:01,566:INFO:[Rank-1] val time 16.3572, epoch  71, step  40, loss 1.72040620, auc@1 56.40, auc@5 84.78
2021-05-28 23:17:38,545:INFO:[Rank-1] train time 36.9771, epoch  72, step  49, loss 1.12041819, auc@1 66.78, auc@5 91.93, share 13, std_loss 0.1022465061776492, pre_std_loss 0.10000786185264587,  1.08057 1.05555 1.07242 1.26844
2021-05-28 23:17:55,027:INFO:[Rank-1] val time 16.4766, epoch  72, step  40, loss 1.65128003, auc@1 57.56, auc@5 85.21
2021-05-28 23:18:31,330:INFO:[Rank-1] train time 36.3008, epoch  73, step  49, loss 1.11657560, auc@1 67.18, auc@5 92.04, share 9, std_loss 0.08984461989329785, pre_std_loss 0.08066766709089279,  1.06674 1.07465 1.09179 1.24005
2021-05-28 23:18:47,872:INFO:[Rank-1] val time 16.5367, epoch  73, step  40, loss 1.56761158, auc@1 58.11, auc@5 85.88
2021-05-28 23:19:24,774:INFO:[Rank-1] train time 36.9001, epoch  74, step  49, loss 1.10211325, auc@1 67.52, auc@5 92.19, share 13, std_loss 0.09324609883585755, pre_std_loss 0.1002473384141922,  1.07629 1.02333 1.05373 1.24686
2021-05-28 23:19:41,215:INFO:[Rank-1] val time 16.4373, epoch  74, step  40, loss 1.77809605, auc@1 55.04, auc@5 83.75
2021-05-28 23:20:17,443:INFO:[Rank-1] train time 36.2267, epoch  75, step  49, loss 1.09231174, auc@1 67.38, auc@5 92.34, share 7, std_loss 0.09607293745692895, pre_std_loss 0.09557664394378662,  1.05874 1.03581 1.03892 1.23286
2021-05-28 23:20:33,662:INFO:[Rank-1] val time 16.2162, epoch  75, step  40, loss 1.47701892, auc@1 60.01, auc@5 87.10
2021-05-28 23:21:10,902:INFO:[Rank-1] train time 37.2390, epoch  76, step  49, loss 1.06737721, auc@1 68.24, auc@5 92.67, share 13, std_loss 0.09478960277474656, pre_std_loss 0.095982126891613,  1.05040 0.99714 1.02097 1.21956
2021-05-28 23:21:27,366:INFO:[Rank-1] val time 16.4588, epoch  76, step  40, loss 1.84272768, auc@1 55.09, auc@5 83.57
2021-05-28 23:22:04,118:INFO:[Rank-1] train time 36.7453, epoch  77, step  49, loss 1.06018031, auc@1 68.59, auc@5 92.79, share 13, std_loss 0.09020094767364921, pre_std_loss 0.09726295620203018,  1.00721 0.99385 1.02279 1.19998
2021-05-28 23:22:20,882:INFO:[Rank-1] val time 16.7600, epoch  77, step  40, loss 1.59938458, auc@1 59.11, auc@5 86.64
2021-05-28 23:22:57,794:INFO:[Rank-1] train time 36.9100, epoch  78, step  49, loss 1.04008043, auc@1 69.05, auc@5 93.01, share 14, std_loss 0.0897611314240767, pre_std_loss 0.09477098286151886,  0.99186 0.98468 0.99855 1.17919
2021-05-28 23:23:13,938:INFO:[Rank-1] val time 16.1404, epoch  78, step  40, loss 1.51712743, auc@1 60.85, auc@5 87.74
2021-05-28 23:23:51,344:INFO:[Rank-1] train time 37.4044, epoch  79, step  49, loss 1.02898800, auc@1 69.40, auc@5 93.06, share 16, std_loss 0.07501956379535246, pre_std_loss 0.0740509182214737,  1.01379 0.97924 0.98286 1.13678
2021-05-28 23:24:07,716:INFO:[Rank-1] val time 16.3675, epoch  79, step  40, loss 1.45445978, auc@1 61.64, auc@5 88.49
2021-05-28 23:24:44,445:INFO:[Rank-1] train time 36.7279, epoch  80, step  49, loss 1.01220667, auc@1 69.76, auc@5 93.19, share 13, std_loss 0.0861062789145781, pre_std_loss 0.07876492291688919,  0.98904 0.95691 0.96335 1.12693
2021-05-28 23:25:00,955:INFO:[Rank-1] val time 16.5070, epoch  80, step  40, loss 1.67384424, auc@1 58.40, auc@5 86.02
2021-05-28 23:25:36,866:INFO:[Rank-1] train time 35.9098, epoch  81, step  49, loss 0.88847983, auc@1 73.46, auc@5 94.40, share 4, std_loss 0.10936821449776085, pre_std_loss 0.09725604951381683,  0.88379 0.86207 0.86659 1.07391
2021-05-28 23:25:53,340:INFO:[Rank-1] val time 16.4670, epoch  81, step  40, loss 1.18564478, auc@1 66.96, auc@5 90.73
2021-05-28 23:26:30,275:INFO:[Rank-1] train time 36.9338, epoch  82, step  49, loss 0.79045761, auc@1 76.14, auc@5 95.33, share 14, std_loss 0.09066875491823469, pre_std_loss 0.08781604468822479,  0.76391 0.73683 0.74079 0.92118
2021-05-28 23:26:46,612:INFO:[Rank-1] val time 16.3346, epoch  82, step  40, loss 1.16971643, auc@1 67.44, auc@5 90.86
2021-05-28 23:27:23,431:INFO:[Rank-1] train time 36.8176, epoch  83, step  49, loss 0.77035654, auc@1 76.59, auc@5 95.66, share 11, std_loss 0.08664913886055654, pre_std_loss 0.08396483212709427,  0.74587 0.70314 0.74068 0.89345
2021-05-28 23:27:39,989:INFO:[Rank-1] val time 16.5562, epoch  83, step  40, loss 1.16629839, auc@1 68.15, auc@5 90.95
2021-05-28 23:28:16,955:INFO:[Rank-1] train time 36.9634, epoch  84, step  49, loss 0.75103146, auc@1 77.44, auc@5 95.80, share 15, std_loss 0.06432605930128876, pre_std_loss 0.06972625851631165,  0.73213 0.70689 0.71125 0.85391
2021-05-28 23:28:33,292:INFO:[Rank-1] val time 16.3328, epoch  84, step  40, loss 1.15673031, auc@1 68.50, auc@5 91.26
2021-05-28 23:29:09,466:INFO:[Rank-1] train time 36.1718, epoch  85, step  49, loss 0.74110109, auc@1 77.52, auc@5 95.84, share 10, std_loss 0.09456807724675353, pre_std_loss 0.09267108142375946,  0.69691 0.68108 0.71246 0.88038
2021-05-28 23:29:25,890:INFO:[Rank-1] val time 16.4207, epoch  85, step  40, loss 1.16178650, auc@1 68.09, auc@5 91.04
2021-05-28 23:30:02,123:INFO:[Rank-1] train time 36.2314, epoch  86, step  49, loss 0.73135346, auc@1 77.80, auc@5 95.97, share 9, std_loss 0.09420508435186074, pre_std_loss 0.09101351350545883,  0.71038 0.65687 0.69898 0.87859
2021-05-28 23:30:18,412:INFO:[Rank-1] val time 16.2829, epoch  86, step  40, loss 1.16560225, auc@1 68.22, auc@5 91.22
2021-05-28 23:30:55,132:INFO:[Rank-1] train time 36.7189, epoch  87, step  49, loss 0.71438414, auc@1 78.15, auc@5 96.08, share 14, std_loss 0.07668775411284699, pre_std_loss 0.08214278519153595,  0.70200 0.64160 0.66592 0.82968
2021-05-28 23:31:11,340:INFO:[Rank-1] val time 16.2012, epoch  87, step  40, loss 1.16828310, auc@1 68.42, auc@5 91.21
2021-05-28 23:31:47,751:INFO:[Rank-1] train time 36.4097, epoch  88, step  49, loss 0.71174717, auc@1 78.52, auc@5 96.13, share 13, std_loss 0.07618187200658176, pre_std_loss 0.0801730528473854,  0.68688 0.66009 0.66768 0.83245
2021-05-28 23:32:04,038:INFO:[Rank-1] val time 16.2808, epoch  88, step  40, loss 1.16485254, auc@1 68.63, auc@5 91.20
2021-05-28 23:32:40,965:INFO:[Rank-1] train time 36.9255, epoch  89, step  49, loss 0.70338655, auc@1 78.59, auc@5 96.16, share 14, std_loss 0.09182598943613013, pre_std_loss 0.09377854317426682,  0.66740 0.64982 0.65658 0.84493
2021-05-28 23:32:57,194:INFO:[Rank-1] val time 16.2264, epoch  89, step  40, loss 1.16062932, auc@1 68.66, auc@5 91.20
2021-05-28 23:33:34,051:INFO:[Rank-1] train time 36.8557, epoch  90, step  49, loss 0.69588250, auc@1 78.69, auc@5 96.34, share 11, std_loss 0.07830215306306372, pre_std_loss 0.07885180413722992,  0.69392 0.63997 0.63933 0.81063
2021-05-28 23:33:50,737:INFO:[Rank-1] val time 16.6817, epoch  90, step  40, loss 1.16198569, auc@1 68.57, auc@5 91.20
2021-05-28 23:34:26,917:INFO:[Rank-1] train time 36.1769, epoch  91, step  49, loss 0.68729240, auc@1 79.02, auc@5 96.39, share 8, std_loss 0.0952528216400925, pre_std_loss 0.09410561621189117,  0.66053 0.60969 0.64718 0.82941
2021-05-28 23:34:43,499:INFO:[Rank-1] val time 16.5786, epoch  91, step  40, loss 1.16994830, auc@1 68.30, auc@5 91.30
2021-05-28 23:35:20,534:INFO:[Rank-1] train time 37.0342, epoch  92, step  49, loss 0.67507577, auc@1 79.39, auc@5 96.45, share 14, std_loss 0.08583177314425001, pre_std_loss 0.08688998967409134,  0.63266 0.61875 0.64185 0.80926
2021-05-28 23:35:37,055:INFO:[Rank-1] val time 16.5139, epoch  92, step  40, loss 1.16951310, auc@1 68.59, auc@5 91.23
2021-05-28 23:36:14,477:INFO:[Rank-1] train time 37.4193, epoch  93, step  49, loss 0.66729420, auc@1 79.55, auc@5 96.61, share 14, std_loss 0.07144749924844625, pre_std_loss 0.07868398725986481,  0.66261 0.60847 0.62883 0.78609
2021-05-28 23:36:31,116:INFO:[Rank-1] val time 16.6345, epoch  93, step  40, loss 1.17083435, auc@1 68.81, auc@5 91.36
2021-05-28 23:37:07,895:INFO:[Rank-1] train time 36.7771, epoch  94, step  49, loss 0.65874797, auc@1 79.84, auc@5 96.64, share 14, std_loss 0.08616494782725159, pre_std_loss 0.08777350932359695,  0.62336 0.60277 0.61528 0.78856
2021-05-28 23:37:24,293:INFO:[Rank-1] val time 16.3951, epoch  94, step  40, loss 1.16998301, auc@1 68.74, auc@5 91.28
2021-05-28 23:38:00,293:INFO:[Rank-1] train time 35.9988, epoch  95, step  49, loss 0.65089297, auc@1 80.18, auc@5 96.72, share 7, std_loss 0.08081972811903272, pre_std_loss 0.07455956190824509,  0.62283 0.61644 0.60362 0.76256
2021-05-28 23:38:16,821:INFO:[Rank-1] val time 16.5239, epoch  95, step  40, loss 1.17976060, auc@1 68.67, auc@5 91.18
2021-05-28 23:38:53,242:INFO:[Rank-1] train time 36.4196, epoch  96, step  49, loss 0.64885318, auc@1 80.09, auc@5 96.80, share 9, std_loss 0.09342879710757003, pre_std_loss 0.09080269187688828,  0.62472 0.58406 0.59913 0.78112
2021-05-28 23:39:09,859:INFO:[Rank-1] val time 16.6118, epoch  96, step  40, loss 1.18445002, auc@1 68.72, auc@5 91.30
2021-05-28 23:39:46,679:INFO:[Rank-1] train time 36.8169, epoch  97, step  49, loss 0.64594197, auc@1 80.25, auc@5 96.76, share 10, std_loss 0.08709561976851249, pre_std_loss 0.08283238112926483,  0.61081 0.59264 0.60109 0.77113
2021-05-28 23:40:03,107:INFO:[Rank-1] val time 16.4240, epoch  97, step  40, loss 1.18470444, auc@1 68.77, auc@5 91.48
2021-05-28 23:40:39,972:INFO:[Rank-1] train time 36.8637, epoch  98, step  49, loss 0.63824356, auc@1 80.29, auc@5 96.79, share 15, std_loss 0.07519597301677781, pre_std_loss 0.0789681226015091,  0.61526 0.57976 0.60070 0.75379
2021-05-28 23:40:56,221:INFO:[Rank-1] val time 16.2449, epoch  98, step  40, loss 1.17516581, auc@1 69.08, auc@5 91.44
2021-05-28 23:41:33,196:INFO:[Rank-1] train time 36.9700, epoch  99, step  49, loss 0.63525999, auc@1 80.67, auc@5 96.69, share 17, std_loss 0.07377971967264098, pre_std_loss 0.07953236252069473,  0.61544 0.57078 0.60028 0.75335
2021-05-28 23:41:49,698:INFO:[Rank-1] val time 16.4996, epoch  99, step  40, loss 1.17018284, auc@1 69.22, auc@5 91.50
2021-05-28 23:42:26,670:INFO:[Rank-1] train time 36.9697, epoch 100, step  49, loss 0.63045591, auc@1 80.57, auc@5 96.89, share 16, std_loss 0.08287301659584045, pre_std_loss 0.08379101753234863,  0.60722 0.56420 0.58521 0.75655
2021-05-28 23:42:43,158:INFO:[Rank-1] val time 16.4858, epoch 100, step  40, loss 1.17624129, auc@1 69.02, auc@5 91.56
2021-05-28 23:43:19,746:INFO:[Rank-1] train time 36.5863, epoch 101, step  49, loss 0.62426561, auc@1 80.90, auc@5 96.94, share 12, std_loss 0.07677802603159632, pre_std_loss 0.07814120501279831,  0.59107 0.58146 0.58114 0.74057
2021-05-28 23:43:35,702:INFO:[Rank-1] val time 15.9492, epoch 101, step  40, loss 1.17653645, auc@1 68.78, auc@5 91.67
2021-05-28 23:44:12,713:INFO:[Rank-1] train time 37.0089, epoch 102, step  49, loss 0.62079155, auc@1 80.84, auc@5 97.02, share 12, std_loss 0.0892738975128349, pre_std_loss 0.09126672148704529,  0.60136 0.55952 0.57165 0.75724
2021-05-28 23:44:29,149:INFO:[Rank-1] val time 16.4317, epoch 102, step  40, loss 1.16876980, auc@1 68.93, auc@5 91.71
2021-05-28 23:45:06,309:INFO:[Rank-1] train time 37.1588, epoch 103, step  49, loss 0.61390221, auc@1 81.20, auc@5 97.02, share 16, std_loss 0.0844453475913223, pre_std_loss 0.08889608085155487,  0.59511 0.56736 0.54894 0.74417
2021-05-28 23:45:22,825:INFO:[Rank-1] val time 16.5127, epoch 103, step  40, loss 1.17008399, auc@1 69.13, auc@5 91.92
2021-05-28 23:46:00,523:INFO:[Rank-1] train time 37.6965, epoch 104, step  49, loss 0.60406125, auc@1 81.32, auc@5 97.00, share 19, std_loss 0.07508794925346667, pre_std_loss 0.08060112595558167,  0.58089 0.55374 0.55511 0.72250
2021-05-28 23:46:16,851:INFO:[Rank-1] val time 16.3246, epoch 104, step  40, loss 1.17794813, auc@1 68.93, auc@5 91.65
2021-05-28 23:46:54,257:INFO:[Rank-1] train time 37.4045, epoch 105, step  49, loss 0.60875732, auc@1 81.31, auc@5 97.01, share 17, std_loss 0.07345811323243745, pre_std_loss 0.08319398015737534,  0.58729 0.54562 0.56122 0.72756
2021-05-28 23:47:10,602:INFO:[Rank-1] val time 16.3385, epoch 105, step  40, loss 1.17200302, auc@1 68.76, auc@5 91.49
2021-05-28 23:47:46,807:INFO:[Rank-1] train time 36.2037, epoch 106, step  49, loss 0.59926999, auc@1 81.57, auc@5 97.16, share 8, std_loss 0.08635151188592521, pre_std_loss 0.0833001583814621,  0.56978 0.54628 0.55466 0.73568
2021-05-28 23:48:03,191:INFO:[Rank-1] val time 16.3764, epoch 106, step  40, loss 1.17912292, auc@1 69.08, auc@5 91.60
2021-05-28 23:48:40,279:INFO:[Rank-1] train time 37.0870, epoch 107, step  49, loss 0.59898102, auc@1 81.56, auc@5 97.16, share 15, std_loss 0.07656497934034892, pre_std_loss 0.07864969968795776,  0.57800 0.54528 0.55715 0.71897
2021-05-28 23:48:56,676:INFO:[Rank-1] val time 16.3937, epoch 107, step  40, loss 1.18232841, auc@1 68.99, auc@5 91.65
2021-05-28 23:49:34,628:INFO:[Rank-1] train time 37.9498, epoch 108, step  49, loss 0.59445167, auc@1 81.77, auc@5 97.17, share 18, std_loss 0.08610667212277043, pre_std_loss 0.08468351513147354,  0.56890 0.53721 0.55221 0.71987
2021-05-28 23:49:51,031:INFO:[Rank-1] val time 16.4012, epoch 108, step  40, loss 1.18160383, auc@1 69.27, auc@5 91.45
2021-05-28 23:50:27,244:INFO:[Rank-1] train time 36.2112, epoch 109, step  49, loss 0.58655471, auc@1 81.89, auc@5 97.28, share 7, std_loss 0.0866588186852786, pre_std_loss 0.07796451449394226,  0.55939 0.54080 0.53572 0.69990
2021-05-28 23:50:43,767:INFO:[Rank-1] val time 16.5204, epoch 109, step  40, loss 1.17638044, auc@1 69.25, auc@5 91.39
2021-05-28 23:51:20,591:INFO:[Rank-1] train time 36.8229, epoch 110, step  49, loss 0.58578825, auc@1 81.96, auc@5 97.25, share 15, std_loss 0.07266067683088537, pre_std_loss 0.07354020327329636,  0.56853 0.53549 0.54099 0.69719
2021-05-28 23:51:36,991:INFO:[Rank-1] val time 16.3946, epoch 110, step  40, loss 1.17969424, auc@1 69.17, auc@5 91.57
2021-05-28 23:52:14,177:INFO:[Rank-1] train time 37.1841, epoch 111, step  49, loss 0.57703179, auc@1 82.22, auc@5 97.30, share 15, std_loss 0.0741610449491715, pre_std_loss 0.07777489721775055,  0.56195 0.51647 0.52659 0.68992
2021-05-28 23:52:30,826:INFO:[Rank-1] val time 16.6438, epoch 111, step  40, loss 1.18084951, auc@1 69.34, auc@5 91.67
2021-05-28 23:53:07,492:INFO:[Rank-1] train time 36.6641, epoch 112, step  49, loss 0.57248807, auc@1 82.21, auc@5 97.36, share 11, std_loss 0.08248531179768699, pre_std_loss 0.08552311360836029,  0.55414 0.50910 0.51143 0.69524
2021-05-28 23:53:24,098:INFO:[Rank-1] val time 16.6006, epoch 112, step  40, loss 1.17660947, auc@1 69.29, auc@5 91.72
2021-05-28 23:54:00,544:INFO:[Rank-1] train time 36.4427, epoch 113, step  49, loss 0.57112688, auc@1 82.23, auc@5 97.45, share 7, std_loss 0.08905244436191052, pre_std_loss 0.08017502725124359,  0.54882 0.51390 0.51309 0.70599
2021-05-28 23:54:16,859:INFO:[Rank-1] val time 16.3107, epoch 113, step  40, loss 1.18433930, auc@1 69.12, auc@5 91.73
2021-05-28 23:54:53,382:INFO:[Rank-1] train time 36.5210, epoch 114, step  49, loss 0.56750447, auc@1 82.40, auc@5 97.50, share 10, std_loss 0.08531922740595681, pre_std_loss 0.08339995890855789,  0.53602 0.52368 0.51721 0.68901
2021-05-28 23:55:09,724:INFO:[Rank-1] val time 16.3377, epoch 114, step  40, loss 1.18415606, auc@1 69.22, auc@5 91.58
2021-05-28 23:55:46,704:INFO:[Rank-1] train time 36.9779, epoch 115, step  49, loss 0.55897552, auc@1 82.82, auc@5 97.47, share 14, std_loss 0.06673274318478545, pre_std_loss 0.06847060471773148,  0.52859 0.50716 0.53617 0.66018
2021-05-28 23:56:03,214:INFO:[Rank-1] val time 16.5055, epoch 115, step  40, loss 1.18390527, auc@1 69.30, auc@5 91.62
2021-05-28 23:56:40,107:INFO:[Rank-1] train time 36.8923, epoch 116, step  49, loss 0.55556858, auc@1 82.81, auc@5 97.43, share 14, std_loss 0.07478634252840159, pre_std_loss 0.07747245579957962,  0.52810 0.50558 0.51758 0.67463
2021-05-28 23:56:56,352:INFO:[Rank-1] val time 16.2420, epoch 116, step  40, loss 1.18348194, auc@1 69.21, auc@5 91.65
2021-05-28 23:57:32,410:INFO:[Rank-1] train time 36.0574, epoch 117, step  49, loss 0.55473572, auc@1 82.82, auc@5 97.50, share 6, std_loss 0.0784194750749335, pre_std_loss 0.07191672921180725,  0.54507 0.50550 0.50804 0.66135
2021-05-28 23:57:48,891:INFO:[Rank-1] val time 16.4769, epoch 117, step  40, loss 1.18654137, auc@1 69.39, auc@5 91.64
2021-05-28 23:58:25,417:INFO:[Rank-1] train time 36.5247, epoch 118, step  49, loss 0.55198419, auc@1 82.93, auc@5 97.45, share 10, std_loss 0.08488136910054149, pre_std_loss 0.08554689586162567,  0.51449 0.48179 0.51787 0.67978
2021-05-28 23:58:41,802:INFO:[Rank-1] val time 16.3784, epoch 118, step  40, loss 1.19292139, auc@1 69.50, auc@5 91.61
2021-05-28 23:59:19,372:INFO:[Rank-1] train time 37.5684, epoch 119, step  49, loss 0.54918611, auc@1 82.90, auc@5 97.51, share 11, std_loss 0.09370193934562254, pre_std_loss 0.0889846682548523,  0.51864 0.49414 0.49900 0.68164
2021-05-28 23:59:36,125:INFO:[Rank-1] val time 16.7463, epoch 119, step  40, loss 1.18585531, auc@1 69.64, auc@5 91.60
2021-05-29 00:00:12,066:INFO:[Rank-1] train time 35.9395, epoch 120, step  49, loss 0.54542965, auc@1 83.20, auc@5 97.62, share 7, std_loss 0.08175902038204427, pre_std_loss 0.08373741805553436,  0.51885 0.49495 0.49750 0.66768
2021-05-29 00:00:28,705:INFO:[Rank-1] val time 16.6324, epoch 120, step  40, loss 1.18554736, auc@1 69.57, auc@5 91.67
2021-05-29 00:01:04,725:INFO:[Rank-1] train time 36.0187, epoch 121, step  49, loss 0.53660220, auc@1 83.31, auc@5 97.67, share 8, std_loss 0.08151711690790799, pre_std_loss 0.07903540134429932,  0.51480 0.48951 0.48581 0.65267
2021-05-29 00:01:21,131:INFO:[Rank-1] val time 16.4004, epoch 121, step  40, loss 1.18838776, auc@1 69.40, auc@5 91.76
2021-05-29 00:01:58,488:INFO:[Rank-1] train time 37.3558, epoch 122, step  49, loss 0.52913815, auc@1 83.64, auc@5 97.74, share 17, std_loss 0.07608699235989123, pre_std_loss 0.08063709735870361,  0.50629 0.47641 0.48830 0.64972
2021-05-29 00:02:14,984:INFO:[Rank-1] val time 16.4898, epoch 122, step  40, loss 1.18729619, auc@1 69.53, auc@5 91.58
2021-05-29 00:02:51,508:INFO:[Rank-1] train time 36.5232, epoch 123, step  49, loss 0.52846241, auc@1 83.59, auc@5 97.60, share 9, std_loss 0.07085889859163032, pre_std_loss 0.07127376645803452,  0.50975 0.48635 0.48583 0.63493
2021-05-29 00:03:08,368:INFO:[Rank-1] val time 16.8564, epoch 123, step  40, loss 1.18212265, auc@1 69.67, auc@5 91.87
2021-05-29 00:03:45,435:INFO:[Rank-1] train time 37.0654, epoch 124, step  49, loss 0.52414095, auc@1 83.67, auc@5 97.88, share 15, std_loss 0.07642365642348115, pre_std_loss 0.08093046396970749,  0.50631 0.47493 0.47589 0.64500
2021-05-29 00:04:02,094:INFO:[Rank-1] val time 16.6522, epoch 124, step  40, loss 1.19028015, auc@1 69.75, auc@5 91.74
2021-05-29 00:04:38,918:INFO:[Rank-1] train time 36.8219, epoch 125, step  49, loss 0.52769381, auc@1 83.60, auc@5 97.78, share 11, std_loss 0.07685863637194341, pre_std_loss 0.07368853688240051,  0.50330 0.46104 0.49617 0.63988
2021-05-29 00:04:55,504:INFO:[Rank-1] val time 16.5804, epoch 125, step  40, loss 1.19769796, auc@1 69.48, auc@5 91.96
2021-05-29 00:05:32,138:INFO:[Rank-1] train time 36.6330, epoch 126, step  49, loss 0.51414114, auc@1 84.04, auc@5 97.82, share 9, std_loss 0.0825461955094824, pre_std_loss 0.07634423673152924,  0.50382 0.45510 0.47416 0.62502
2021-05-29 00:05:48,522:INFO:[Rank-1] val time 16.3785, epoch 126, step  40, loss 1.20961452, auc@1 69.42, auc@5 91.64
2021-05-29 00:06:25,549:INFO:[Rank-1] train time 37.0259, epoch 127, step  49, loss 0.51675344, auc@1 83.84, auc@5 97.88, share 11, std_loss 0.07869685806181966, pre_std_loss 0.07728059589862823,  0.50794 0.46469 0.47086 0.63336
2021-05-29 00:06:41,841:INFO:[Rank-1] val time 16.2878, epoch 127, step  40, loss 1.19767544, auc@1 69.68, auc@5 91.65
2021-05-29 00:07:18,970:INFO:[Rank-1] train time 37.1279, epoch 128, step  49, loss 0.51309383, auc@1 84.00, auc@5 97.82, share 10, std_loss 0.08572014299582462, pre_std_loss 0.08345140516757965,  0.50432 0.45283 0.44832 0.63929
2021-05-29 00:07:35,825:INFO:[Rank-1] val time 16.8500, epoch 128, step  40, loss 1.20289397, auc@1 69.73, auc@5 91.81
2021-05-29 00:08:13,195:INFO:[Rank-1] train time 37.3682, epoch 129, step  49, loss 0.49727637, auc@1 84.46, auc@5 98.01, share 16, std_loss 0.07650986397448852, pre_std_loss 0.07677176594734192,  0.49456 0.43659 0.44160 0.60189
2021-05-29 00:08:29,363:INFO:[Rank-1] val time 16.1652, epoch 129, step  40, loss 1.20304299, auc@1 69.20, auc@5 91.59
2021-05-29 00:09:06,341:INFO:[Rank-1] train time 36.9773, epoch 130, step  49, loss 0.50550234, auc@1 84.18, auc@5 98.00, share 9, std_loss 0.08270564644920583, pre_std_loss 0.07884802669286728,  0.47922 0.45475 0.46415 0.62193
2021-05-29 00:09:22,808:INFO:[Rank-1] val time 16.4641, epoch 130, step  40, loss 1.21182370, auc@1 69.33, auc@5 91.64
2021-05-29 00:09:59,935:INFO:[Rank-1] train time 37.1256, epoch 131, step  49, loss 0.49996948, auc@1 84.36, auc@5 97.93, share 11, std_loss 0.07507190579662518, pre_std_loss 0.07205662131309509,  0.47966 0.46551 0.44815 0.60623
2021-05-29 00:10:16,538:INFO:[Rank-1] val time 16.6000, epoch 131, step  40, loss 1.20618732, auc@1 69.56, auc@5 91.69
2021-05-29 00:10:53,132:INFO:[Rank-1] train time 36.5920, epoch 132, step  49, loss 0.49843639, auc@1 84.31, auc@5 97.98, share 9, std_loss 0.08870515592244206, pre_std_loss 0.08392516523599625,  0.48652 0.43672 0.45324 0.63580
2021-05-29 00:11:09,811:INFO:[Rank-1] val time 16.6768, epoch 132, step  40, loss 1.21057896, auc@1 69.55, auc@5 91.72
2021-05-29 00:11:46,391:INFO:[Rank-1] train time 36.5784, epoch 133, step  49, loss 0.49145001, auc@1 84.63, auc@5 98.04, share 10, std_loss 0.08502777118463906, pre_std_loss 0.07981982827186584,  0.46365 0.43685 0.45460 0.60978
2021-05-29 00:12:02,874:INFO:[Rank-1] val time 16.4802, epoch 133, step  40, loss 1.22672552, auc@1 69.43, auc@5 91.58
2021-05-29 00:12:39,915:INFO:[Rank-1] train time 37.0389, epoch 134, step  49, loss 0.48795289, auc@1 84.72, auc@5 98.06, share 17, std_loss 0.08244129072646705, pre_std_loss 0.08411522209644318,  0.46508 0.44171 0.43478 0.61195
2021-05-29 00:12:56,608:INFO:[Rank-1] val time 16.6897, epoch 134, step  40, loss 1.22523556, auc@1 69.32, auc@5 91.45
2021-05-29 00:13:34,442:INFO:[Rank-1] train time 37.8299, epoch 135, step  49, loss 0.48527360, auc@1 84.74, auc@5 98.08, share 21, std_loss 0.07394060218820767, pre_std_loss 0.07935795933008194,  0.46084 0.44068 0.43761 0.60375
2021-05-29 00:13:50,878:INFO:[Rank-1] val time 16.4316, epoch 135, step  40, loss 1.20302532, auc@1 69.74, auc@5 91.61
2021-05-29 00:14:27,107:INFO:[Rank-1] train time 36.2271, epoch 136, step  49, loss 0.47927800, auc@1 85.01, auc@5 98.18, share 4, std_loss 0.07824569849335418, pre_std_loss 0.0695413202047348,  0.44302 0.42479 0.43589 0.60656
2021-05-29 00:14:43,602:INFO:[Rank-1] val time 16.4885, epoch 136, step  40, loss 1.23126424, auc@1 69.25, auc@5 91.44
2021-05-29 00:15:19,854:INFO:[Rank-1] train time 36.2508, epoch 137, step  49, loss 0.48200160, auc@1 84.90, auc@5 98.14, share 5, std_loss 0.08146891013091924, pre_std_loss 0.0770387277007103,  0.46711 0.41674 0.42014 0.59622
2021-05-29 00:15:36,201:INFO:[Rank-1] val time 16.3436, epoch 137, step  40, loss 1.21834437, auc@1 69.31, auc@5 91.55
2021-05-29 00:16:13,977:INFO:[Rank-1] train time 37.7752, epoch 138, step  49, loss 0.47744292, auc@1 84.99, auc@5 98.12, share 16, std_loss 0.07417424274038295, pre_std_loss 0.08174972236156464,  0.45385 0.42835 0.42861 0.59592
2021-05-29 00:16:30,307:INFO:[Rank-1] val time 16.3275, epoch 138, step  40, loss 1.20735010, auc@1 69.64, auc@5 91.59
2021-05-29 00:17:06,846:INFO:[Rank-1] train time 36.5381, epoch 139, step  49, loss 0.46676570, auc@1 85.41, auc@5 98.23, share 9, std_loss 0.07867969222822968, pre_std_loss 0.07602594792842865,  0.45787 0.40219 0.42098 0.57538
2021-05-29 00:17:22,998:INFO:[Rank-1] val time 16.1489, epoch 139, step  40, loss 1.24774747, auc@1 69.27, auc@5 91.35
2021-05-29 00:18:00,105:INFO:[Rank-1] train time 37.1056, epoch 140, step  49, loss 0.46730664, auc@1 85.38, auc@5 98.22, share 14, std_loss 0.06988081366431956, pre_std_loss 0.07281419634819031,  0.46238 0.41996 0.41597 0.57221
2021-05-29 00:18:17,013:INFO:[Rank-1] val time 16.9021, epoch 140, step  40, loss 1.22165225, auc@1 69.57, auc@5 91.81
2021-05-29 00:18:53,986:INFO:[Rank-1] train time 36.9727, epoch 141, step  49, loss 0.46238813, auc@1 85.70, auc@5 98.26, share 16, std_loss 0.0850024335846609, pre_std_loss 0.0875868946313858,  0.44057 0.40587 0.41378 0.59284
2021-05-29 00:19:10,435:INFO:[Rank-1] val time 16.4452, epoch 141, step  40, loss 1.22880480, auc@1 69.50, auc@5 91.60
2021-05-29 00:19:47,680:INFO:[Rank-1] train time 37.2441, epoch 142, step  49, loss 0.45952538, auc@1 85.59, auc@5 98.34, share 13, std_loss 0.077453898988208, pre_std_loss 0.07823598384857178,  0.45375 0.41111 0.40350 0.57506
2021-05-29 00:20:04,295:INFO:[Rank-1] val time 16.6130, epoch 142, step  40, loss 1.23918278, auc@1 69.16, auc@5 91.55
2021-05-29 00:20:41,936:INFO:[Rank-1] train time 37.6388, epoch 143, step  49, loss 0.45493233, auc@1 85.78, auc@5 98.32, share 19, std_loss 0.07360891313577185, pre_std_loss 0.07835137844085693,  0.43662 0.39709 0.41363 0.56909
2021-05-29 00:20:58,508:INFO:[Rank-1] val time 16.5656, epoch 143, step  40, loss 1.24129919, auc@1 68.89, auc@5 91.56
2021-05-29 00:21:35,506:INFO:[Rank-1] train time 36.9968, epoch 144, step  49, loss 0.45594761, auc@1 85.78, auc@5 98.25, share 14, std_loss 0.06804739045245307, pre_std_loss 0.06993833184242249,  0.44484 0.41616 0.40306 0.55681
2021-05-29 00:21:52,017:INFO:[Rank-1] val time 16.5074, epoch 144, step  40, loss 1.23160285, auc@1 69.43, auc@5 91.66
2021-05-29 00:22:29,706:INFO:[Rank-1] train time 37.6883, epoch 145, step  49, loss 0.44910687, auc@1 86.06, auc@5 98.38, share 20, std_loss 0.07333509859685995, pre_std_loss 0.07780533283948898,  0.42420 0.41091 0.38953 0.56865
2021-05-29 00:22:46,106:INFO:[Rank-1] val time 16.3982, epoch 145, step  40, loss 1.23164355, auc@1 69.39, auc@5 91.64
2021-05-29 00:23:23,164:INFO:[Rank-1] train time 37.0564, epoch 146, step  49, loss 0.44731411, auc@1 86.06, auc@5 98.33, share 12, std_loss 0.07491117913504036, pre_std_loss 0.07823938131332397,  0.43759 0.39620 0.39082 0.55744
2021-05-29 00:23:39,762:INFO:[Rank-1] val time 16.5957, epoch 146, step  40, loss 1.23736370, auc@1 69.72, auc@5 91.61
2021-05-29 00:24:16,817:INFO:[Rank-1] train time 37.0522, epoch 147, step  49, loss 0.44548449, auc@1 85.90, auc@5 98.42, share 13, std_loss 0.07905155344277012, pre_std_loss 0.07751398533582687,  0.42081 0.38538 0.39333 0.56828
2021-05-29 00:24:33,370:INFO:[Rank-1] val time 16.5487, epoch 147, step  40, loss 1.23366050, auc@1 69.62, auc@5 91.67
2021-05-29 00:25:11,551:INFO:[Rank-1] train time 38.1793, epoch 148, step  49, loss 0.44499499, auc@1 86.00, auc@5 98.29, share 22, std_loss 0.07622501284492258, pre_std_loss 0.08348554372787476,  0.44458 0.38984 0.38356 0.56371
2021-05-29 00:25:28,656:INFO:[Rank-1] val time 17.0998, epoch 148, step  40, loss 1.24348326, auc@1 69.57, auc@5 91.66
2021-05-29 00:26:05,485:INFO:[Rank-1] train time 36.8275, epoch 149, step  49, loss 0.44001964, auc@1 86.33, auc@5 98.40, share 12, std_loss 0.06734862102537739, pre_std_loss 0.06982958316802979,  0.42418 0.40039 0.39467 0.54371
2021-05-29 00:26:21,898:INFO:[Rank-1] val time 16.4065, epoch 149, step  40, loss 1.23612414, auc@1 69.51, auc@5 91.44
2021-05-29 00:26:58,382:INFO:[Rank-1] train time 36.4817, epoch 150, step  49, loss 0.43592754, auc@1 86.33, auc@5 98.43, share 11, std_loss 0.07584373135955966, pre_std_loss 0.0762326642870903,  0.42958 0.38137 0.38791 0.54981
2021-05-29 00:27:14,716:INFO:[Rank-1] val time 16.3288, epoch 150, step  40, loss 1.24514590, auc@1 69.40, auc@5 91.57
2021-05-29 00:27:51,731:INFO:[Rank-1] train time 37.0136, epoch 151, step  49, loss 0.42880625, auc@1 86.45, auc@5 98.45, share 13, std_loss 0.07589605815556584, pre_std_loss 0.07286697626113892,  0.41248 0.37731 0.39147 0.53558
2021-05-29 00:28:08,316:INFO:[Rank-1] val time 16.5793, epoch 151, step  40, loss 1.24612391, auc@1 69.62, auc@5 91.67
2021-05-29 00:28:46,076:INFO:[Rank-1] train time 37.7586, epoch 152, step  49, loss 0.42587528, auc@1 86.63, auc@5 98.54, share 15, std_loss 0.07606251446568237, pre_std_loss 0.07741429656744003,  0.42000 0.36854 0.37592 0.53664
2021-05-29 00:29:02,308:INFO:[Rank-1] val time 16.2300, epoch 152, step  40, loss 1.25143139, auc@1 69.49, auc@5 91.66
2021-05-29 00:29:39,113:INFO:[Rank-1] train time 36.8039, epoch 153, step  49, loss 0.42952606, auc@1 86.42, auc@5 98.46, share 10, std_loss 0.07415938901962066, pre_std_loss 0.07548998296260834,  0.41960 0.38327 0.37665 0.54126
2021-05-29 00:29:55,414:INFO:[Rank-1] val time 16.2968, epoch 153, step  40, loss 1.26889821, auc@1 69.24, auc@5 91.46
2021-05-29 00:30:31,795:INFO:[Rank-1] train time 36.3793, epoch 154, step  49, loss 0.41731763, auc@1 87.02, auc@5 98.63, share 8, std_loss 0.0785062417996173, pre_std_loss 0.07459677010774612,  0.39936 0.36436 0.37945 0.52747
2021-05-29 00:30:48,264:INFO:[Rank-1] val time 16.4653, epoch 154, step  40, loss 1.25246258, auc@1 69.47, auc@5 91.72
2021-05-29 00:31:25,860:INFO:[Rank-1] train time 37.5948, epoch 155, step  49, loss 0.42012355, auc@1 86.77, auc@5 98.61, share 20, std_loss 0.06527621466286328, pre_std_loss 0.07204689085483551,  0.40930 0.37232 0.37283 0.52300
2021-05-29 00:31:42,356:INFO:[Rank-1] val time 16.4909, epoch 155, step  40, loss 1.24114537, auc@1 69.88, auc@5 91.84
2021-05-29 00:32:18,532:INFO:[Rank-1] train time 36.1744, epoch 156, step  49, loss 0.41723591, auc@1 86.92, auc@5 98.56, share 6, std_loss 0.08383550327651355, pre_std_loss 0.07439489662647247,  0.39760 0.36920 0.37275 0.52648
2021-05-29 00:32:34,971:INFO:[Rank-1] val time 16.4337, epoch 156, step  40, loss 1.25243973, auc@1 69.39, auc@5 91.68
2021-05-29 00:33:11,645:INFO:[Rank-1] train time 36.6729, epoch 157, step  49, loss 0.41696554, auc@1 86.76, auc@5 98.54, share 11, std_loss 0.0664854625201955, pre_std_loss 0.06743939220905304,  0.40376 0.37719 0.37682 0.52041
2021-05-29 00:33:28,108:INFO:[Rank-1] val time 16.4575, epoch 157, step  40, loss 1.26498525, auc@1 69.55, auc@5 91.68
2021-05-29 00:34:05,715:INFO:[Rank-1] train time 37.6049, epoch 158, step  49, loss 0.40588281, auc@1 87.27, auc@5 98.66, share 18, std_loss 0.06978359635995358, pre_std_loss 0.07411444932222366,  0.38145 0.35570 0.36180 0.52022
2021-05-29 00:34:22,201:INFO:[Rank-1] val time 16.4814, epoch 158, step  40, loss 1.28139534, auc@1 69.52, auc@5 91.30
2021-05-29 00:34:59,893:INFO:[Rank-1] train time 37.6905, epoch 159, step  49, loss 0.39925036, auc@1 87.46, auc@5 98.70, share 17, std_loss 0.05809366627007115, pre_std_loss 0.0644608810544014,  0.39423 0.36032 0.34813 0.49044
2021-05-29 00:35:16,269:INFO:[Rank-1] val time 16.3713, epoch 159, step  40, loss 1.26727281, auc@1 69.62, auc@5 91.55
2021-05-29 00:35:53,230:INFO:[Rank-1] train time 36.9596, epoch 160, step  49, loss 0.40202898, auc@1 87.31, auc@5 98.69, share 12, std_loss 0.0661333071029916, pre_std_loss 0.06655339896678925,  0.39079 0.35867 0.35924 0.49925
2021-05-29 00:36:09,362:INFO:[Rank-1] val time 16.1294, epoch 160, step  40, loss 1.26983330, auc@1 69.33, auc@5 91.58
2021-05-29 00:36:45,631:INFO:[Rank-1] train time 36.2677, epoch 161, step  49, loss 0.39649168, auc@1 87.60, auc@5 98.70, share 4, std_loss 0.08144286670246903, pre_std_loss 0.07433617860078812,  0.37928 0.33714 0.35951 0.50767
2021-05-29 00:37:02,278:INFO:[Rank-1] val time 16.6413, epoch 161, step  40, loss 1.24677689, auc@1 69.61, auc@5 91.77
2021-05-29 00:37:39,247:INFO:[Rank-1] train time 36.9683, epoch 162, step  49, loss 0.38348055, auc@1 88.04, auc@5 98.76, share 9, std_loss 0.06393859626687302, pre_std_loss 0.06341707706451416,  0.37167 0.33296 0.34053 0.48138
2021-05-29 00:37:55,452:INFO:[Rank-1] val time 16.1995, epoch 162, step  40, loss 1.24684322, auc@1 69.75, auc@5 91.72
2021-05-29 00:38:32,231:INFO:[Rank-1] train time 36.7754, epoch 163, step  49, loss 0.38669485, auc@1 88.00, auc@5 98.78, share 7, std_loss 0.08678538048145723, pre_std_loss 0.08298385888338089,  0.37334 0.32694 0.33881 0.50759
2021-05-29 00:38:48,576:INFO:[Rank-1] val time 16.3428, epoch 163, step  40, loss 1.24829518, auc@1 69.77, auc@5 91.85
2021-05-29 00:39:24,689:INFO:[Rank-1] train time 36.1073, epoch 164, step  49, loss 0.38076177, auc@1 88.27, auc@5 98.76, share 8, std_loss 0.06406558548309366, pre_std_loss 0.0635305643081665,  0.35971 0.34982 0.33698 0.47453
2021-05-29 00:39:41,214:INFO:[Rank-1] val time 16.5226, epoch 164, step  40, loss 1.24264952, auc@1 70.00, auc@5 91.72
2021-05-29 00:40:17,871:INFO:[Rank-1] train time 36.6551, epoch 165, step  49, loss 0.37833232, auc@1 88.16, auc@5 98.82, share 10, std_loss 0.07758467477195118, pre_std_loss 0.07249654084444046,  0.36123 0.32883 0.32873 0.48740
2021-05-29 00:40:34,155:INFO:[Rank-1] val time 16.2813, epoch 165, step  40, loss 1.24466396, auc@1 69.92, auc@5 91.78
2021-05-29 00:41:11,619:INFO:[Rank-1] train time 37.4601, epoch 166, step  49, loss 0.37594095, auc@1 88.18, auc@5 98.81, share 17, std_loss 0.06991764636976379, pre_std_loss 0.07358432561159134,  0.36408 0.32409 0.33586 0.48463
2021-05-29 00:41:27,943:INFO:[Rank-1] val time 16.3209, epoch 166, step  40, loss 1.24254639, auc@1 70.00, auc@5 91.81
2021-05-29 00:42:04,702:INFO:[Rank-1] train time 36.7578, epoch 167, step  49, loss 0.37528372, auc@1 88.12, auc@5 98.85, share 13, std_loss 0.0709296716567205, pre_std_loss 0.07458331435918808,  0.35812 0.32672 0.33338 0.48611
2021-05-29 00:42:21,224:INFO:[Rank-1] val time 16.5184, epoch 167, step  40, loss 1.24728180, auc@1 69.88, auc@5 91.74
2021-05-29 00:42:57,264:INFO:[Rank-1] train time 36.0386, epoch 168, step  49, loss 0.37608793, auc@1 88.22, auc@5 98.82, share 5, std_loss 0.07552125821916425, pre_std_loss 0.07175193727016449,  0.35211 0.33061 0.33106 0.48419
2021-05-29 00:43:13,804:INFO:[Rank-1] val time 16.5335, epoch 168, step  40, loss 1.24125325, auc@1 69.95, auc@5 91.78
2021-05-29 00:43:50,457:INFO:[Rank-1] train time 36.6511, epoch 169, step  49, loss 0.37631708, auc@1 88.14, auc@5 98.87, share 9, std_loss 0.07448274262097417, pre_std_loss 0.07193228602409363,  0.36743 0.33933 0.32105 0.48314
2021-05-29 00:44:06,837:INFO:[Rank-1] val time 16.3741, epoch 169, step  40, loss 1.24298380, auc@1 69.94, auc@5 91.79
2021-05-29 00:44:44,397:INFO:[Rank-1] train time 37.5589, epoch 170, step  49, loss 0.37253311, auc@1 88.22, auc@5 98.80, share 15, std_loss 0.07640324320111956, pre_std_loss 0.07786574959754944,  0.37207 0.32502 0.30472 0.48015
2021-05-29 00:45:01,029:INFO:[Rank-1] val time 16.6277, epoch 170, step  40, loss 1.24559339, auc@1 70.16, auc@5 91.88
