2021-05-23 17:40:32,049:INFO:[Rank-3] args : Namespace(batch=1024, current_time='20210523_173956', dataset='cifar100', epochs=50, ip='192.168.1.1:7548', k=8, loss_std_gap_rate=1.0, lr=0.1, momentum=0.9, name='minibatch', rank=3, scheduler_step=80, train_type='minibatch', weight_decay=0, world=4)
2021-05-23 17:41:15,451:INFO:[Rank-3] train time 41.7404, epoch   1, step  49, loss 4.84112644, auc@1 1.71, auc@5 7.35, share 49, std_loss 0, pre_std_loss 0, 
2021-05-23 17:41:30,481:INFO:[Rank-3] val time 15.0279, epoch   1, step  40, loss 4.82481572, auc@1 1.55, auc@5 8.70
2021-05-23 17:42:12,795:INFO:[Rank-3] train time 42.0390, epoch   2, step  49, loss 4.34593916, auc@1 3.96, auc@5 16.38, share 49, std_loss 0, pre_std_loss 0, 
2021-05-23 17:42:28,623:INFO:[Rank-3] val time 15.8258, epoch   2, step  40, loss 4.14534811, auc@1 5.65, auc@5 21.14
2021-05-23 17:43:10,683:INFO:[Rank-3] train time 41.8952, epoch   3, step  49, loss 4.08822632, auc@1 6.61, auc@5 23.73, share 49, std_loss 0, pre_std_loss 0, 
2021-05-23 17:43:25,616:INFO:[Rank-3] val time 14.9301, epoch   3, step  40, loss 3.94412749, auc@1 9.16, auc@5 27.63
2021-05-23 17:44:08,665:INFO:[Rank-3] train time 42.7782, epoch   4, step  49, loss 3.92414093, auc@1 8.78, auc@5 29.25, share 49, std_loss 0, pre_std_loss 0, 
2021-05-23 17:44:23,621:INFO:[Rank-3] val time 14.9535, epoch   4, step  40, loss 3.83203709, auc@1 10.41, auc@5 31.73
2021-05-23 17:45:05,931:INFO:[Rank-3] train time 42.1569, epoch   5, step  49, loss 3.81485605, auc@1 10.16, auc@5 32.13, share 49, std_loss 0, pre_std_loss 0, 
2021-05-23 17:45:20,855:INFO:[Rank-3] val time 14.9222, epoch   5, step  40, loss 3.72880056, auc@1 11.76, auc@5 35.52
2021-05-23 17:46:03,288:INFO:[Rank-3] train time 42.2861, epoch   6, step  49, loss 3.71793056, auc@1 11.58, auc@5 35.18, share 49, std_loss 0, pre_std_loss 0, 
2021-05-23 17:46:18,388:INFO:[Rank-3] val time 15.0968, epoch   6, step  40, loss 3.65374325, auc@1 13.31, auc@5 37.33
2021-05-23 17:47:01,648:INFO:[Rank-3] train time 43.0516, epoch   7, step  49, loss 3.63738585, auc@1 12.98, auc@5 37.77, share 49, std_loss 0, pre_std_loss 0, 
2021-05-23 17:47:16,686:INFO:[Rank-3] val time 15.0348, epoch   7, step  40, loss 3.52905582, auc@1 14.59, auc@5 40.77
2021-05-23 17:47:59,156:INFO:[Rank-3] train time 42.2210, epoch   8, step  49, loss 3.54565430, auc@1 14.39, auc@5 40.50, share 49, std_loss 0, pre_std_loss 0, 
2021-05-23 17:48:14,072:INFO:[Rank-3] val time 14.9131, epoch   8, step  40, loss 3.41853152, auc@1 16.90, auc@5 44.53
2021-05-23 17:48:56,596:INFO:[Rank-3] train time 42.2220, epoch   9, step  49, loss 3.45727301, auc@1 15.99, auc@5 43.22, share 49, std_loss 0, pre_std_loss 0, 
2021-05-23 17:49:11,505:INFO:[Rank-3] val time 14.9063, epoch   9, step  40, loss 3.35932422, auc@1 18.22, auc@5 46.22
2021-05-23 17:49:53,901:INFO:[Rank-3] train time 42.1341, epoch  10, step  49, loss 3.36515212, auc@1 17.59, auc@5 46.24, share 49, std_loss 0, pre_std_loss 0, 
2021-05-23 17:50:08,931:INFO:[Rank-3] val time 15.0278, epoch  10, step  40, loss 3.22713070, auc@1 20.40, auc@5 49.84
2021-05-23 17:50:51,415:INFO:[Rank-3] train time 42.3082, epoch  11, step  49, loss 3.27492809, auc@1 19.31, auc@5 48.41, share 49, std_loss 0, pre_std_loss 0, 
