2021-05-19 03:55:08,418:INFO:[Rank-2] args : Namespace(batch=1024, current_time='20210518_213718', dataset='cifar100', epochs=200, ip='192.168.1.1:7548', k=4, lr=0.1, momentum=0.9, name='async(k=4)', rank=2, scheduler_step=50, train_type='async', weight_decay=0.001, world=4)
2021-05-19 03:55:46,684:INFO:[Rank-2] train time 36.2641, epoch   1, step  49, loss 5.44760180, auc@1 1.22, auc@5 5.42, share 0, std_loss 0, 
2021-05-19 03:56:01,971:INFO:[Rank-2] val time 15.2838, epoch   1, step  40, loss 17.30525820, auc@1 1.34, auc@5 6.36
2021-05-19 03:56:38,881:INFO:[Rank-2] train time 34.9806, epoch   2, step  49, loss 4.64570475, auc@1 1.47, auc@5 6.78, share 0, std_loss 0, 
2021-05-19 03:56:54,312:INFO:[Rank-2] val time 15.4283, epoch   2, step  40, loss 4.58548451, auc@1 1.65, auc@5 8.68
2021-05-19 03:57:31,942:INFO:[Rank-2] train time 35.1754, epoch   3, step  49, loss 4.51902962, auc@1 2.38, auc@5 10.23, share 0, std_loss 0, 
2021-05-19 03:57:47,578:INFO:[Rank-2] val time 15.6341, epoch   3, step  40, loss 4.43239113, auc@1 2.35, auc@5 10.22
2021-05-19 03:58:24,953:INFO:[Rank-2] train time 35.3104, epoch   4, step  49, loss 4.37419271, auc@1 3.27, auc@5 14.06, share 0, std_loss 0, 
2021-05-19 03:58:40,573:INFO:[Rank-2] val time 15.6171, epoch   4, step  40, loss 4.38877073, auc@1 3.29, auc@5 13.03
2021-05-19 03:59:17,593:INFO:[Rank-2] train time 35.5039, epoch   5, step  49, loss 4.28374863, auc@1 4.19, auc@5 16.61, share 0, std_loss 0, 
2021-05-19 03:59:32,979:INFO:[Rank-2] val time 15.3839, epoch   5, step  40, loss 4.29839046, auc@1 4.32, auc@5 17.04
2021-05-19 04:00:10,285:INFO:[Rank-2] train time 35.3698, epoch   6, step  49, loss 4.18060732, auc@1 5.11, auc@5 19.79, share 0, std_loss 0, 
2021-05-19 04:00:25,696:INFO:[Rank-2] val time 15.4081, epoch   6, step  40, loss 4.21145290, auc@1 4.43, auc@5 19.12
2021-05-19 04:01:03,255:INFO:[Rank-2] train time 34.9519, epoch   7, step  49, loss 4.09439039, auc@1 5.93, auc@5 22.69, share 0, std_loss 0, 
2021-05-19 04:01:18,803:INFO:[Rank-2] val time 15.5449, epoch   7, step  40, loss 4.10517437, auc@1 5.18, auc@5 21.43
2021-05-19 04:01:56,489:INFO:[Rank-2] train time 35.3000, epoch   8, step  49, loss 4.01699305, auc@1 6.81, auc@5 24.75, share 0, std_loss 0, 
2021-05-19 04:02:11,855:INFO:[Rank-2] val time 15.3636, epoch   8, step  40, loss 4.06221738, auc@1 5.56, auc@5 22.95
2021-05-19 04:02:49,428:INFO:[Rank-2] train time 35.1298, epoch   9, step  49, loss 3.95509744, auc@1 7.77, auc@5 26.92, share 0, std_loss 0, 
2021-05-19 04:03:05,013:INFO:[Rank-2] val time 15.5817, epoch   9, step  40, loss 4.01340556, auc@1 6.87, auc@5 23.83
2021-05-19 04:03:42,482:INFO:[Rank-2] train time 35.2912, epoch  10, step  49, loss 3.89257622, auc@1 8.64, auc@5 29.14, share 0, std_loss 0, 
2021-05-19 04:03:57,755:INFO:[Rank-2] val time 15.2691, epoch  10, step  40, loss 3.90546529, auc@1 8.96, auc@5 28.92
2021-05-19 04:04:35,403:INFO:[Rank-2] train time 35.2811, epoch  11, step  49, loss 3.83398557, auc@1 9.40, auc@5 31.09, share 0, std_loss 0, 
2021-05-19 04:04:50,912:INFO:[Rank-2] val time 15.5071, epoch  11, step  40, loss 3.84869537, auc@1 9.26, auc@5 30.29
2021-05-19 04:05:28,156:INFO:[Rank-2] train time 35.2556, epoch  12, step  49, loss 3.78178215, auc@1 10.41, auc@5 32.98, share 0, std_loss 0, 
2021-05-19 04:05:43,799:INFO:[Rank-2] val time 15.6404, epoch  12, step  40, loss 3.81889097, auc@1 9.89, auc@5 31.62
2021-05-19 04:06:20,365:INFO:[Rank-2] train time 35.2394, epoch  13, step  49, loss 3.72838068, auc@1 11.23, auc@5 34.54, share 0, std_loss 0, 
2021-05-19 04:06:35,959:INFO:[Rank-2] val time 15.5910, epoch  13, step  40, loss 3.73904650, auc@1 10.95, auc@5 34.18
2021-05-19 04:07:12,549:INFO:[Rank-2] train time 35.3644, epoch  14, step  49, loss 3.67249465, auc@1 12.22, auc@5 36.21, share 0, std_loss 0, 
2021-05-19 04:07:28,074:INFO:[Rank-2] val time 15.5212, epoch  14, step  40, loss 3.70955673, auc@1 11.68, auc@5 35.18
2021-05-19 04:08:05,405:INFO:[Rank-2] train time 35.1508, epoch  15, step  49, loss 3.61340404, auc@1 13.34, auc@5 38.30, share 0, std_loss 0, 
2021-05-19 04:08:20,769:INFO:[Rank-2] val time 15.3615, epoch  15, step  40, loss 3.71813090, auc@1 11.09, auc@5 34.78
2021-05-19 04:08:59,038:INFO:[Rank-2] train time 35.7189, epoch  16, step  49, loss 3.56482911, auc@1 14.21, auc@5 39.90, share 0, std_loss 0, 
2021-05-19 04:09:14,640:INFO:[Rank-2] val time 15.5991, epoch  16, step  40, loss 3.62417375, auc@1 13.46, auc@5 38.62
2021-05-19 04:09:52,021:INFO:[Rank-2] train time 35.4318, epoch  17, step  49, loss 3.51269317, auc@1 15.11, auc@5 41.16, share 0, std_loss 0, 
2021-05-19 04:10:07,318:INFO:[Rank-2] val time 15.2947, epoch  17, step  40, loss 3.53412404, auc@1 14.71, auc@5 41.02
2021-05-19 04:10:44,607:INFO:[Rank-2] train time 35.1939, epoch  18, step  49, loss 3.46559715, auc@1 15.93, auc@5 42.76, share 0, std_loss 0, 
2021-05-19 04:11:00,212:INFO:[Rank-2] val time 15.6018, epoch  18, step  40, loss 3.50670292, auc@1 15.53, auc@5 41.95
2021-05-19 04:11:37,857:INFO:[Rank-2] train time 35.3127, epoch  19, step  49, loss 3.40451908, auc@1 16.96, auc@5 44.58, share 0, std_loss 0, 
2021-05-19 04:11:53,569:INFO:[Rank-2] val time 15.7077, epoch  19, step  40, loss 3.50027112, auc@1 15.27, auc@5 41.94
2021-05-19 04:12:30,619:INFO:[Rank-2] train time 35.4298, epoch  20, step  49, loss 3.35294867, auc@1 17.93, auc@5 46.06, share 0, std_loss 0, 
2021-05-19 04:12:46,216:INFO:[Rank-2] val time 15.5940, epoch  20, step  40, loss 3.46168667, auc@1 16.63, auc@5 42.95
2021-05-19 04:13:23,353:INFO:[Rank-2] train time 35.5449, epoch  21, step  49, loss 3.31682634, auc@1 18.60, auc@5 46.90, share 0, std_loss 0, 
2021-05-19 04:13:38,968:INFO:[Rank-2] val time 15.6125, epoch  21, step  40, loss 3.41689032, auc@1 17.65, auc@5 44.41
2021-05-19 04:14:15,932:INFO:[Rank-2] train time 35.2770, epoch  22, step  49, loss 3.26680303, auc@1 19.53, auc@5 48.56, share 0, std_loss 0, 
2021-05-19 04:14:31,467:INFO:[Rank-2] val time 15.5325, epoch  22, step  40, loss 3.41561498, auc@1 17.59, auc@5 44.08
2021-05-19 04:15:08,994:INFO:[Rank-2] train time 35.2103, epoch  23, step  49, loss 3.20937729, auc@1 20.65, auc@5 50.09, share 0, std_loss 0, 
2021-05-19 04:15:24,515:INFO:[Rank-2] val time 15.5179, epoch  23, step  40, loss 3.32175455, auc@1 19.16, auc@5 46.82
2021-05-19 04:16:02,073:INFO:[Rank-2] train time 35.3945, epoch  24, step  49, loss 3.15377164, auc@1 21.64, auc@5 51.40, share 0, std_loss 0, 
2021-05-19 04:16:17,628:INFO:[Rank-2] val time 15.5513, epoch  24, step  40, loss 3.25750724, auc@1 20.28, auc@5 48.00
2021-05-19 04:16:54,685:INFO:[Rank-2] train time 35.1608, epoch  25, step  49, loss 3.12686086, auc@1 22.18, auc@5 52.15, share 0, std_loss 0, 
2021-05-19 04:17:10,264:INFO:[Rank-2] val time 15.5767, epoch  25, step  40, loss 3.24781924, auc@1 20.32, auc@5 49.14
2021-05-19 04:17:47,486:INFO:[Rank-2] train time 35.5868, epoch  26, step  49, loss 3.06759238, auc@1 23.24, auc@5 53.96, share 0, std_loss 0, 
2021-05-19 04:18:03,005:INFO:[Rank-2] val time 15.5156, epoch  26, step  40, loss 3.22563698, auc@1 20.90, auc@5 49.73
2021-05-19 04:18:40,456:INFO:[Rank-2] train time 35.7596, epoch  27, step  49, loss 3.02894616, auc@1 23.84, auc@5 54.86, share 0, std_loss 0, 
2021-05-19 04:18:55,974:INFO:[Rank-2] val time 15.5151, epoch  27, step  40, loss 3.12000778, auc@1 22.77, auc@5 51.89
2021-05-19 04:19:33,322:INFO:[Rank-2] train time 35.3011, epoch  28, step  49, loss 2.97845435, auc@1 24.78, auc@5 56.11, share 0, std_loss 0, 
2021-05-19 04:19:48,825:INFO:[Rank-2] val time 15.4993, epoch  28, step  40, loss 3.11772447, auc@1 22.78, auc@5 52.36
2021-05-19 04:20:25,677:INFO:[Rank-2] train time 35.3108, epoch  29, step  49, loss 2.94379497, auc@1 25.33, auc@5 57.14, share 0, std_loss 0, 
2021-05-19 04:20:41,285:INFO:[Rank-2] val time 15.6054, epoch  29, step  40, loss 3.16940103, auc@1 21.63, auc@5 51.41
2021-05-19 04:21:19,133:INFO:[Rank-2] train time 35.3101, epoch  30, step  49, loss 2.89226842, auc@1 26.69, auc@5 58.52, share 0, std_loss 0, 
2021-05-19 04:21:34,565:INFO:[Rank-2] val time 15.4288, epoch  30, step  40, loss 3.14315494, auc@1 22.77, auc@5 51.49
2021-05-19 04:22:12,081:INFO:[Rank-2] train time 35.5281, epoch  31, step  49, loss 2.85511398, auc@1 27.44, auc@5 59.39, share 0, std_loss 0, 
2021-05-19 04:22:27,699:INFO:[Rank-2] val time 15.6153, epoch  31, step  40, loss 3.09618204, auc@1 23.56, auc@5 52.32
2021-05-19 04:23:04,612:INFO:[Rank-2] train time 35.5639, epoch  32, step  49, loss 2.79691458, auc@1 28.54, auc@5 60.61, share 0, std_loss 0, 
2021-05-19 04:23:20,280:INFO:[Rank-2] val time 15.6649, epoch  32, step  40, loss 3.12048402, auc@1 22.46, auc@5 52.49
2021-05-19 04:23:57,654:INFO:[Rank-2] train time 35.5959, epoch  33, step  49, loss 2.76555157, auc@1 29.03, auc@5 61.70, share 0, std_loss 0, 
2021-05-19 04:24:13,361:INFO:[Rank-2] val time 15.7045, epoch  33, step  40, loss 3.12895995, auc@1 22.95, auc@5 53.48
2021-05-19 04:24:50,845:INFO:[Rank-2] train time 35.2163, epoch  34, step  49, loss 2.72164536, auc@1 29.98, auc@5 62.41, share 0, std_loss 0, 
2021-05-19 04:25:06,303:INFO:[Rank-2] val time 15.4551, epoch  34, step  40, loss 2.88446381, auc@1 27.51, auc@5 58.27
2021-05-19 04:25:43,511:INFO:[Rank-2] train time 35.6421, epoch  35, step  49, loss 2.68590426, auc@1 30.74, auc@5 63.10, share 0, std_loss 0, 
2021-05-19 04:25:59,102:INFO:[Rank-2] val time 15.5886, epoch  35, step  40, loss 3.00765478, auc@1 24.68, auc@5 55.56
2021-05-19 04:26:36,435:INFO:[Rank-2] train time 35.5925, epoch  36, step  49, loss 2.65975714, auc@1 31.20, auc@5 63.95, share 0, std_loss 0, 
2021-05-19 04:26:52,112:INFO:[Rank-2] val time 15.6744, epoch  36, step  40, loss 2.86715023, auc@1 27.24, auc@5 58.50
2021-05-19 04:27:29,050:INFO:[Rank-2] train time 35.3974, epoch  37, step  49, loss 2.62071729, auc@1 32.37, auc@5 64.93, share 0, std_loss 0, 
2021-05-19 04:27:44,631:INFO:[Rank-2] val time 15.5778, epoch  37, step  40, loss 2.84663205, auc@1 27.96, auc@5 58.96
2021-05-19 04:28:22,131:INFO:[Rank-2] train time 35.2703, epoch  38, step  49, loss 2.58135009, auc@1 33.04, auc@5 65.79, share 0, std_loss 0, 
2021-05-19 04:28:37,747:INFO:[Rank-2] val time 15.6131, epoch  38, step  40, loss 3.11162375, auc@1 24.18, auc@5 52.78
2021-05-19 04:29:15,021:INFO:[Rank-2] train time 35.3605, epoch  39, step  49, loss 2.55999303, auc@1 33.15, auc@5 66.13, share 0, std_loss 0, 
2021-05-19 04:29:30,514:INFO:[Rank-2] val time 15.4899, epoch  39, step  40, loss 2.89727934, auc@1 27.92, auc@5 58.42
2021-05-19 04:30:07,869:INFO:[Rank-2] train time 35.7424, epoch  40, step  49, loss 2.53143978, auc@1 33.94, auc@5 67.02, share 0, std_loss 0, 
2021-05-19 04:30:23,528:INFO:[Rank-2] val time 15.6563, epoch  40, step  40, loss 2.78239736, auc@1 29.37, auc@5 61.13
2021-05-19 04:31:01,057:INFO:[Rank-2] train time 35.2232, epoch  41, step  49, loss 2.49820304, auc@1 34.68, auc@5 67.58, share 0, std_loss 0, 
2021-05-19 04:31:16,594:INFO:[Rank-2] val time 15.5341, epoch  41, step  40, loss 2.80677840, auc@1 28.88, auc@5 60.52
2021-05-19 04:31:53,417:INFO:[Rank-2] train time 35.8794, epoch  42, step  49, loss 2.46094728, auc@1 35.35, auc@5 68.76, share 0, std_loss 0, 
2021-05-19 04:32:08,969:INFO:[Rank-2] val time 15.5488, epoch  42, step  40, loss 2.76286739, auc@1 29.86, auc@5 62.09
2021-05-19 04:32:46,542:INFO:[Rank-2] train time 35.7749, epoch  43, step  49, loss 2.44070411, auc@1 35.61, auc@5 69.06, share 0, std_loss 0, 
2021-05-19 04:33:02,092:INFO:[Rank-2] val time 15.5477, epoch  43, step  40, loss 2.81944811, auc@1 28.40, auc@5 59.82
2021-05-19 04:33:39,349:INFO:[Rank-2] train time 35.6431, epoch  44, step  49, loss 2.40132594, auc@1 36.42, auc@5 69.96, share 0, std_loss 0, 
2021-05-19 04:33:54,800:INFO:[Rank-2] val time 15.4485, epoch  44, step  40, loss 2.94238082, auc@1 26.98, auc@5 57.19
2021-05-19 04:34:32,414:INFO:[Rank-2] train time 35.5002, epoch  45, step  49, loss 2.39466166, auc@1 36.98, auc@5 70.06, share 0, std_loss 0, 
2021-05-19 04:34:47,776:INFO:[Rank-2] val time 15.3597, epoch  45, step  40, loss 2.67012767, auc@1 31.82, auc@5 63.72
2021-05-19 04:35:24,610:INFO:[Rank-2] train time 35.3281, epoch  46, step  49, loss 2.33895445, auc@1 37.93, auc@5 71.30, share 0, std_loss 0, 
2021-05-19 04:35:40,145:INFO:[Rank-2] val time 15.5317, epoch  46, step  40, loss 2.64229664, auc@1 32.43, auc@5 64.48
2021-05-19 04:36:17,662:INFO:[Rank-2] train time 35.5929, epoch  47, step  49, loss 2.33393168, auc@1 38.23, auc@5 71.19, share 0, std_loss 0, 
2021-05-19 04:36:33,160:INFO:[Rank-2] val time 15.4946, epoch  47, step  40, loss 2.51381206, auc@1 35.24, auc@5 67.61
2021-05-19 04:37:10,031:INFO:[Rank-2] train time 35.1310, epoch  48, step  49, loss 2.29614568, auc@1 38.80, auc@5 72.17, share 0, std_loss 0, 
2021-05-19 04:37:25,649:INFO:[Rank-2] val time 15.6142, epoch  48, step  40, loss 2.56363653, auc@1 34.07, auc@5 65.76
2021-05-19 04:38:02,459:INFO:[Rank-2] train time 35.3487, epoch  49, step  49, loss 2.27380729, auc@1 39.31, auc@5 72.63, share 0, std_loss 0, 
2021-05-19 04:38:17,769:INFO:[Rank-2] val time 15.3074, epoch  49, step  40, loss 2.55194599, auc@1 34.60, auc@5 66.51
2021-05-19 04:38:54,829:INFO:[Rank-2] train time 35.4607, epoch  50, step  49, loss 2.26400948, auc@1 39.44, auc@5 72.79, share 0, std_loss 0, 
2021-05-19 04:39:10,113:INFO:[Rank-2] val time 15.2812, epoch  50, step  40, loss 2.81670108, auc@1 30.72, auc@5 61.95
2021-05-19 04:39:47,610:INFO:[Rank-2] train time 35.4856, epoch  51, step  49, loss 2.01948428, auc@1 45.50, auc@5 77.64, share 0, std_loss 0, 
2021-05-19 04:40:03,170:INFO:[Rank-2] val time 15.5572, epoch  51, step  40, loss 1.97862296, auc@1 46.90, auc@5 77.80
2021-05-19 04:40:40,904:INFO:[Rank-2] train time 36.1525, epoch  52, step  49, loss 1.86119843, auc@1 49.16, auc@5 80.79, share 0, std_loss 0, 
2021-05-19 04:40:56,493:INFO:[Rank-2] val time 15.5854, epoch  52, step  40, loss 1.90719532, auc@1 48.70, auc@5 79.45
2021-05-19 04:41:34,211:INFO:[Rank-2] train time 35.1959, epoch  53, step  49, loss 1.81028998, auc@1 50.21, auc@5 81.40, share 0, std_loss 0, 
2021-05-19 04:41:49,904:INFO:[Rank-2] val time 15.6891, epoch  53, step  40, loss 1.87447306, auc@1 49.36, auc@5 79.80
2021-05-19 04:42:27,202:INFO:[Rank-2] train time 35.3322, epoch  54, step  49, loss 1.76487637, auc@1 50.99, auc@5 82.37, share 0, std_loss 0, 
2021-05-19 04:42:42,762:INFO:[Rank-2] val time 15.5575, epoch  54, step  40, loss 1.84245458, auc@1 49.57, auc@5 80.27
2021-05-19 04:43:20,066:INFO:[Rank-2] train time 35.6298, epoch  55, step  49, loss 1.73887765, auc@1 51.84, auc@5 82.61, share 0, std_loss 0, 
2021-05-19 04:43:35,671:INFO:[Rank-2] val time 15.6023, epoch  55, step  40, loss 1.82754582, auc@1 50.11, auc@5 80.48
2021-05-19 04:44:12,793:INFO:[Rank-2] train time 35.2939, epoch  56, step  49, loss 1.70603776, auc@1 52.70, auc@5 83.26, share 0, std_loss 0, 
2021-05-19 04:44:28,433:INFO:[Rank-2] val time 15.6370, epoch  56, step  40, loss 1.82839082, auc@1 50.28, auc@5 80.56
2021-05-19 04:45:05,109:INFO:[Rank-2] train time 35.5219, epoch  57, step  49, loss 1.68519485, auc@1 53.25, auc@5 83.67, share 0, std_loss 0, 
2021-05-19 04:45:20,674:INFO:[Rank-2] val time 15.5618, epoch  57, step  40, loss 1.79358831, auc@1 50.68, auc@5 81.23
2021-05-19 04:45:58,335:INFO:[Rank-2] train time 35.1666, epoch  58, step  49, loss 1.66701698, auc@1 53.43, auc@5 83.94, share 0, std_loss 0, 
2021-05-19 04:46:13,782:INFO:[Rank-2] val time 15.4441, epoch  58, step  40, loss 1.76389024, auc@1 51.26, auc@5 81.52
2021-05-19 04:46:51,047:INFO:[Rank-2] train time 35.1781, epoch  59, step  49, loss 1.64416528, auc@1 54.02, auc@5 84.21, share 0, std_loss 0, 
2021-05-19 04:47:06,541:INFO:[Rank-2] val time 15.4914, epoch  59, step  40, loss 1.75163645, auc@1 51.84, auc@5 81.97
2021-05-19 04:47:44,255:INFO:[Rank-2] train time 35.3765, epoch  60, step  49, loss 1.62295234, auc@1 54.66, auc@5 84.55, share 0, std_loss 0, 
2021-05-19 04:47:59,980:INFO:[Rank-2] val time 15.7215, epoch  60, step  40, loss 1.74841510, auc@1 52.31, auc@5 81.66
2021-05-19 04:48:37,028:INFO:[Rank-2] train time 35.5245, epoch  61, step  49, loss 1.60913754, auc@1 54.91, auc@5 84.67, share 0, std_loss 0, 
2021-05-19 04:48:52,520:INFO:[Rank-2] val time 15.4889, epoch  61, step  40, loss 1.74256531, auc@1 52.12, auc@5 81.97
2021-05-19 04:49:29,601:INFO:[Rank-2] train time 35.3308, epoch  62, step  49, loss 1.59122252, auc@1 55.25, auc@5 85.02, share 0, std_loss 0, 
2021-05-19 04:49:45,136:INFO:[Rank-2] val time 15.5320, epoch  62, step  40, loss 1.71599813, auc@1 52.82, auc@5 82.51
2021-05-19 04:50:22,463:INFO:[Rank-2] train time 35.6481, epoch  63, step  49, loss 1.57256985, auc@1 55.98, auc@5 85.37, share 0, std_loss 0, 
2021-05-19 04:50:38,055:INFO:[Rank-2] val time 15.5895, epoch  63, step  40, loss 1.72699322, auc@1 52.38, auc@5 82.43
2021-05-19 04:51:15,003:INFO:[Rank-2] train time 35.6410, epoch  64, step  49, loss 1.55826974, auc@1 56.14, auc@5 85.56, share 0, std_loss 0, 
2021-05-19 04:51:30,569:INFO:[Rank-2] val time 15.5633, epoch  64, step  40, loss 1.71276431, auc@1 52.68, auc@5 82.45
2021-05-19 04:52:07,987:INFO:[Rank-2] train time 35.1817, epoch  65, step  49, loss 1.54264224, auc@1 56.60, auc@5 85.80, share 0, std_loss 0, 
2021-05-19 04:52:23,470:INFO:[Rank-2] val time 15.4798, epoch  65, step  40, loss 1.72979203, auc@1 52.57, auc@5 82.25
2021-05-19 04:53:00,807:INFO:[Rank-2] train time 35.3306, epoch  66, step  49, loss 1.52982652, auc@1 56.85, auc@5 86.00, share 0, std_loss 0, 
2021-05-19 04:53:16,396:INFO:[Rank-2] val time 15.5859, epoch  66, step  40, loss 1.73077090, auc@1 52.14, auc@5 82.33
2021-05-19 04:53:53,201:INFO:[Rank-2] train time 35.6704, epoch  67, step  49, loss 1.51029718, auc@1 57.48, auc@5 86.32, share 0, std_loss 0, 
2021-05-19 04:54:08,789:INFO:[Rank-2] val time 15.5846, epoch  67, step  40, loss 1.66856857, auc@1 53.58, auc@5 83.14
2021-05-19 04:54:47,014:INFO:[Rank-2] train time 35.4492, epoch  68, step  49, loss 1.49081683, auc@1 58.02, auc@5 86.63, share 0, std_loss 0, 
2021-05-19 04:55:02,663:INFO:[Rank-2] val time 15.6468, epoch  68, step  40, loss 1.66930291, auc@1 53.43, auc@5 83.47
2021-05-19 04:55:40,118:INFO:[Rank-2] train time 35.6830, epoch  69, step  49, loss 1.48658407, auc@1 57.83, auc@5 86.80, share 0, std_loss 0, 
2021-05-19 04:55:55,533:INFO:[Rank-2] val time 15.4119, epoch  69, step  40, loss 1.65424894, auc@1 54.49, auc@5 83.26
2021-05-19 04:56:33,326:INFO:[Rank-2] train time 35.6178, epoch  70, step  49, loss 1.46864390, auc@1 58.38, auc@5 87.07, share 0, std_loss 0, 
2021-05-19 04:56:48,966:INFO:[Rank-2] val time 15.6368, epoch  70, step  40, loss 1.67721589, auc@1 54.05, auc@5 83.19
2021-05-19 04:57:26,434:INFO:[Rank-2] train time 35.4986, epoch  71, step  49, loss 1.45761037, auc@1 58.87, auc@5 87.16, share 0, std_loss 0, 
2021-05-19 04:57:41,798:INFO:[Rank-2] val time 15.3611, epoch  71, step  40, loss 1.71344394, auc@1 52.88, auc@5 82.55
2021-05-19 04:58:18,524:INFO:[Rank-2] train time 35.2370, epoch  72, step  49, loss 1.43994796, auc@1 59.06, auc@5 87.62, share 0, std_loss 0, 
2021-05-19 04:58:34,046:INFO:[Rank-2] val time 15.5183, epoch  72, step  40, loss 1.68281589, auc@1 53.56, auc@5 83.31
2021-05-19 04:59:12,160:INFO:[Rank-2] train time 35.6668, epoch  73, step  49, loss 1.44212604, auc@1 59.04, auc@5 87.51, share 0, std_loss 0, 
2021-05-19 04:59:27,742:INFO:[Rank-2] val time 15.5779, epoch  73, step  40, loss 1.68588744, auc@1 54.03, auc@5 82.65
2021-05-19 05:00:05,005:INFO:[Rank-2] train time 35.3386, epoch  74, step  49, loss 1.41895974, auc@1 59.48, auc@5 87.85, share 0, std_loss 0, 
2021-05-19 05:00:20,484:INFO:[Rank-2] val time 15.4762, epoch  74, step  40, loss 1.62870684, auc@1 55.30, auc@5 83.70
2021-05-19 05:00:57,796:INFO:[Rank-2] train time 35.4393, epoch  75, step  49, loss 1.40736067, auc@1 60.01, auc@5 87.98, share 0, std_loss 0, 
2021-05-19 05:01:13,377:INFO:[Rank-2] val time 15.5788, epoch  75, step  40, loss 1.60980226, auc@1 55.43, auc@5 83.92
2021-05-19 05:01:50,741:INFO:[Rank-2] train time 35.0826, epoch  76, step  49, loss 1.39743125, auc@1 60.30, auc@5 88.07, share 0, std_loss 0, 
2021-05-19 05:02:06,284:INFO:[Rank-2] val time 15.5402, epoch  76, step  40, loss 1.61312058, auc@1 55.58, auc@5 84.08
2021-05-19 05:02:44,056:INFO:[Rank-2] train time 35.6392, epoch  77, step  49, loss 1.38463283, auc@1 60.79, auc@5 88.19, share 0, std_loss 0, 
2021-05-19 05:02:59,609:INFO:[Rank-2] val time 15.5501, epoch  77, step  40, loss 1.61549435, auc@1 55.32, auc@5 84.45
2021-05-19 05:03:37,519:INFO:[Rank-2] train time 35.6818, epoch  78, step  49, loss 1.37789381, auc@1 60.71, auc@5 88.29, share 0, std_loss 0, 
2021-05-19 05:03:53,236:INFO:[Rank-2] val time 15.7145, epoch  78, step  40, loss 1.59372406, auc@1 55.63, auc@5 84.29
2021-05-19 05:04:30,462:INFO:[Rank-2] train time 35.3397, epoch  79, step  49, loss 1.35843158, auc@1 61.27, auc@5 88.78, share 0, std_loss 0, 
2021-05-19 05:04:45,979:INFO:[Rank-2] val time 15.5145, epoch  79, step  40, loss 1.64034679, auc@1 54.85, auc@5 83.87
2021-05-19 05:05:24,003:INFO:[Rank-2] train time 35.5573, epoch  80, step  49, loss 1.34770799, auc@1 61.83, auc@5 88.70, share 0, std_loss 0, 
2021-05-19 05:05:39,524:INFO:[Rank-2] val time 15.5191, epoch  80, step  40, loss 1.60214906, auc@1 55.51, auc@5 84.23
2021-05-19 05:06:17,036:INFO:[Rank-2] train time 35.5898, epoch  81, step  49, loss 1.34107375, auc@1 61.82, auc@5 89.00, share 0, std_loss 0, 
2021-05-19 05:06:32,686:INFO:[Rank-2] val time 15.6470, epoch  81, step  40, loss 1.70338692, auc@1 53.76, auc@5 82.69
2021-05-19 05:07:09,376:INFO:[Rank-2] train time 35.6082, epoch  82, step  49, loss 1.32649064, auc@1 62.24, auc@5 89.08, share 0, std_loss 0, 
2021-05-19 05:07:25,067:INFO:[Rank-2] val time 15.6881, epoch  82, step  40, loss 1.58838824, auc@1 56.21, auc@5 84.61
2021-05-19 05:08:01,973:INFO:[Rank-2] train time 35.6325, epoch  83, step  49, loss 1.31324172, auc@1 62.37, auc@5 89.32, share 0, std_loss 0, 
2021-05-19 05:08:17,516:INFO:[Rank-2] val time 15.5395, epoch  83, step  40, loss 1.59725541, auc@1 55.83, auc@5 84.10
2021-05-19 05:08:54,874:INFO:[Rank-2] train time 35.3016, epoch  84, step  49, loss 1.30367064, auc@1 62.83, auc@5 89.39, share 0, std_loss 0, 
2021-05-19 05:09:10,421:INFO:[Rank-2] val time 15.5446, epoch  84, step  40, loss 1.58876098, auc@1 55.73, auc@5 84.54
2021-05-19 05:09:47,333:INFO:[Rank-2] train time 35.1214, epoch  85, step  49, loss 1.29024267, auc@1 63.06, auc@5 89.65, share 0, std_loss 0, 
2021-05-19 05:10:02,919:INFO:[Rank-2] val time 15.5829, epoch  85, step  40, loss 1.58520310, auc@1 56.01, auc@5 84.37
2021-05-19 05:10:40,074:INFO:[Rank-2] train time 35.2901, epoch  86, step  49, loss 1.27694619, auc@1 63.31, auc@5 89.73, share 0, std_loss 0, 
2021-05-19 05:10:55,925:INFO:[Rank-2] val time 15.8480, epoch  86, step  40, loss 1.59169665, auc@1 56.10, auc@5 84.47
2021-05-19 05:11:32,374:INFO:[Rank-2] train time 35.5284, epoch  87, step  49, loss 1.26773441, auc@1 63.66, auc@5 89.88, share 0, std_loss 0, 
2021-05-19 05:11:47,885:INFO:[Rank-2] val time 15.5083, epoch  87, step  40, loss 1.59660378, auc@1 56.06, auc@5 84.77
2021-05-19 05:12:25,486:INFO:[Rank-2] train time 35.4999, epoch  88, step  49, loss 1.26383781, auc@1 63.91, auc@5 90.04, share 0, std_loss 0, 
2021-05-19 05:12:41,096:INFO:[Rank-2] val time 15.6072, epoch  88, step  40, loss 1.56307867, auc@1 56.21, auc@5 84.68
2021-05-19 05:13:18,268:INFO:[Rank-2] train time 35.6985, epoch  89, step  49, loss 1.24557364, auc@1 64.42, auc@5 90.26, share 0, std_loss 0, 
2021-05-19 05:13:33,809:INFO:[Rank-2] val time 15.5384, epoch  89, step  40, loss 1.61833701, auc@1 55.73, auc@5 83.82
2021-05-19 05:14:11,295:INFO:[Rank-2] train time 35.2045, epoch  90, step  49, loss 1.23650956, auc@1 64.58, auc@5 90.51, share 0, std_loss 0, 
2021-05-19 05:14:26,938:INFO:[Rank-2] val time 15.6391, epoch  90, step  40, loss 1.77761955, auc@1 52.55, auc@5 81.68
2021-05-19 05:15:04,055:INFO:[Rank-2] train time 35.3783, epoch  91, step  49, loss 1.21551073, auc@1 64.89, auc@5 90.72, share 0, std_loss 0, 
2021-05-19 05:15:19,473:INFO:[Rank-2] val time 15.4139, epoch  91, step  40, loss 1.60970891, auc@1 55.80, auc@5 84.19
2021-05-19 05:15:57,703:INFO:[Rank-2] train time 35.1431, epoch  92, step  49, loss 1.22654200, auc@1 64.48, auc@5 90.68, share 0, std_loss 0, 
2021-05-19 05:16:13,452:INFO:[Rank-2] val time 15.7466, epoch  92, step  40, loss 1.60794160, auc@1 55.90, auc@5 84.12
2021-05-19 05:16:50,807:INFO:[Rank-2] train time 35.5255, epoch  93, step  49, loss 1.19976318, auc@1 65.62, auc@5 90.88, share 0, std_loss 0, 
2021-05-19 05:17:06,395:INFO:[Rank-2] val time 15.5851, epoch  93, step  40, loss 1.53979952, auc@1 57.47, auc@5 84.76
2021-05-19 05:17:43,519:INFO:[Rank-2] train time 35.6553, epoch  94, step  49, loss 1.19618559, auc@1 65.49, auc@5 90.94, share 0, std_loss 0, 
2021-05-19 05:17:59,187:INFO:[Rank-2] val time 15.6652, epoch  94, step  40, loss 1.54199594, auc@1 57.07, auc@5 85.40
2021-05-19 05:18:36,489:INFO:[Rank-2] train time 35.7610, epoch  95, step  49, loss 1.18744302, auc@1 65.88, auc@5 91.04, share 0, std_loss 0, 
2021-05-19 05:18:52,038:INFO:[Rank-2] val time 15.5453, epoch  95, step  40, loss 1.52163151, auc@1 58.44, auc@5 85.18
2021-05-19 05:19:29,182:INFO:[Rank-2] train time 35.3951, epoch  96, step  49, loss 1.17435896, auc@1 66.06, auc@5 91.31, share 0, std_loss 0, 
2021-05-19 05:19:44,595:INFO:[Rank-2] val time 15.4108, epoch  96, step  40, loss 1.53177844, auc@1 57.20, auc@5 85.21
2021-05-19 05:20:21,340:INFO:[Rank-2] train time 35.2899, epoch  97, step  49, loss 1.16902936, auc@1 66.17, auc@5 91.44, share 0, std_loss 0, 
2021-05-19 05:20:36,971:INFO:[Rank-2] val time 15.6280, epoch  97, step  40, loss 1.54091315, auc@1 57.31, auc@5 85.05
2021-05-19 05:21:14,262:INFO:[Rank-2] train time 35.4579, epoch  98, step  49, loss 1.15693676, auc@1 66.56, auc@5 91.59, share 0, std_loss 0, 
2021-05-19 05:21:29,858:INFO:[Rank-2] val time 15.5938, epoch  98, step  40, loss 1.51619092, auc@1 58.21, auc@5 85.37
2021-05-19 05:22:06,966:INFO:[Rank-2] train time 35.4188, epoch  99, step  49, loss 1.14562690, auc@1 66.91, auc@5 91.58, share 0, std_loss 0, 
2021-05-19 05:22:22,542:INFO:[Rank-2] val time 15.5724, epoch  99, step  40, loss 1.52865669, auc@1 57.56, auc@5 85.37
2021-05-19 05:23:00,151:INFO:[Rank-2] train time 35.4687, epoch 100, step  49, loss 1.13755918, auc@1 66.89, auc@5 91.95, share 0, std_loss 0, 
2021-05-19 05:23:15,688:INFO:[Rank-2] val time 15.5347, epoch 100, step  40, loss 1.50859354, auc@1 58.29, auc@5 85.48
2021-05-19 05:23:52,957:INFO:[Rank-2] train time 35.4405, epoch 101, step  49, loss 1.05920875, auc@1 69.47, auc@5 92.56, share 0, std_loss 0, 
2021-05-19 05:24:08,386:INFO:[Rank-2] val time 15.4273, epoch 101, step  40, loss 1.34894236, auc@1 62.00, auc@5 87.77
2021-05-19 05:24:45,890:INFO:[Rank-2] train time 35.0108, epoch 102, step  49, loss 0.99334854, auc@1 71.44, auc@5 93.52, share 0, std_loss 0, 
2021-05-19 05:25:01,569:INFO:[Rank-2] val time 15.6763, epoch 102, step  40, loss 1.33656164, auc@1 62.62, auc@5 87.84
2021-05-19 05:25:38,306:INFO:[Rank-2] train time 35.6221, epoch 103, step  49, loss 0.97460055, auc@1 71.88, auc@5 93.58, share 0, std_loss 0, 
2021-05-19 05:25:53,917:INFO:[Rank-2] val time 15.6080, epoch 103, step  40, loss 1.32417440, auc@1 63.08, auc@5 87.96
2021-05-19 05:26:31,357:INFO:[Rank-2] train time 35.4251, epoch 104, step  49, loss 0.95667827, auc@1 72.51, auc@5 93.80, share 0, std_loss 0, 
2021-05-19 05:26:46,933:INFO:[Rank-2] val time 15.5733, epoch 104, step  40, loss 1.31755756, auc@1 62.85, auc@5 87.94
2021-05-19 05:27:24,410:INFO:[Rank-2] train time 35.8511, epoch 105, step  49, loss 0.94999564, auc@1 72.75, auc@5 93.92, share 0, std_loss 0, 
2021-05-19 05:27:39,742:INFO:[Rank-2] val time 15.3293, epoch 105, step  40, loss 1.31490026, auc@1 63.07, auc@5 88.06
2021-05-19 05:28:18,041:INFO:[Rank-2] train time 35.5272, epoch 106, step  49, loss 0.93629259, auc@1 73.10, auc@5 94.00, share 0, std_loss 0, 
2021-05-19 05:28:33,659:INFO:[Rank-2] val time 15.6147, epoch 106, step  40, loss 1.30960557, auc@1 63.23, auc@5 87.96
2021-05-19 05:29:11,034:INFO:[Rank-2] train time 35.2276, epoch 107, step  49, loss 0.92882687, auc@1 73.20, auc@5 94.35, share 0, std_loss 0, 
2021-05-19 05:29:26,570:INFO:[Rank-2] val time 15.5332, epoch 107, step  40, loss 1.30895574, auc@1 63.23, auc@5 88.24
2021-05-19 05:30:04,023:INFO:[Rank-2] train time 35.1030, epoch 108, step  49, loss 0.92114377, auc@1 73.72, auc@5 94.10, share 0, std_loss 0, 
2021-05-19 05:30:19,654:INFO:[Rank-2] val time 15.6283, epoch 108, step  40, loss 1.30825405, auc@1 63.28, auc@5 88.09
2021-05-19 05:30:57,285:INFO:[Rank-2] train time 35.0784, epoch 109, step  49, loss 0.90949279, auc@1 74.07, auc@5 94.36, share 0, std_loss 0, 
2021-05-19 05:31:12,829:INFO:[Rank-2] val time 15.5409, epoch 109, step  40, loss 1.30705848, auc@1 63.30, auc@5 88.32
2021-05-19 05:31:49,852:INFO:[Rank-2] train time 35.1175, epoch 110, step  49, loss 0.90646547, auc@1 74.13, auc@5 94.42, share 0, std_loss 0, 
2021-05-19 05:32:05,261:INFO:[Rank-2] val time 15.4048, epoch 110, step  40, loss 1.30285548, auc@1 63.71, auc@5 88.32
2021-05-19 05:32:42,821:INFO:[Rank-2] train time 35.2780, epoch 111, step  49, loss 0.89699674, auc@1 74.26, auc@5 94.50, share 0, std_loss 0, 
2021-05-19 05:32:58,535:INFO:[Rank-2] val time 15.7112, epoch 111, step  40, loss 1.30245889, auc@1 63.72, auc@5 88.19
2021-05-19 05:33:35,862:INFO:[Rank-2] train time 35.6550, epoch 112, step  49, loss 0.88785452, auc@1 74.62, auc@5 94.67, share 0, std_loss 0, 
2021-05-19 05:33:51,465:INFO:[Rank-2] val time 15.6004, epoch 112, step  40, loss 1.29927011, auc@1 63.47, auc@5 88.33
2021-05-19 05:34:28,595:INFO:[Rank-2] train time 35.2971, epoch 113, step  49, loss 0.89028108, auc@1 74.46, auc@5 94.65, share 0, std_loss 0, 
2021-05-19 05:34:44,116:INFO:[Rank-2] val time 15.5172, epoch 113, step  40, loss 1.29316729, auc@1 63.78, auc@5 88.49
2021-05-19 05:35:21,492:INFO:[Rank-2] train time 35.1316, epoch 114, step  49, loss 0.88185626, auc@1 74.54, auc@5 94.88, share 0, std_loss 0, 
2021-05-19 05:35:37,040:INFO:[Rank-2] val time 15.5452, epoch 114, step  40, loss 1.29543691, auc@1 63.58, auc@5 88.53
2021-05-19 05:36:14,146:INFO:[Rank-2] train time 35.0212, epoch 115, step  49, loss 0.87301499, auc@1 75.01, auc@5 94.81, share 0, std_loss 0, 
2021-05-19 05:36:29,625:INFO:[Rank-2] val time 15.4766, epoch 115, step  40, loss 1.29422827, auc@1 63.85, auc@5 88.51
2021-05-19 05:37:07,054:INFO:[Rank-2] train time 35.6212, epoch 116, step  49, loss 0.88042873, auc@1 74.72, auc@5 94.68, share 0, std_loss 0, 
2021-05-19 05:37:22,700:INFO:[Rank-2] val time 15.6426, epoch 116, step  40, loss 1.29297481, auc@1 63.86, auc@5 88.45
2021-05-19 05:38:00,039:INFO:[Rank-2] train time 35.3919, epoch 117, step  49, loss 0.86347204, auc@1 75.33, auc@5 94.85, share 0, std_loss 0, 
2021-05-19 05:38:15,522:INFO:[Rank-2] val time 15.4800, epoch 117, step  40, loss 1.29531005, auc@1 63.71, auc@5 88.42
2021-05-19 05:38:52,669:INFO:[Rank-2] train time 35.3510, epoch 118, step  49, loss 0.86632478, auc@1 75.12, auc@5 94.85, share 0, std_loss 0, 
2021-05-19 05:39:08,146:INFO:[Rank-2] val time 15.4748, epoch 118, step  40, loss 1.30010104, auc@1 63.56, auc@5 88.48
2021-05-19 05:39:46,365:INFO:[Rank-2] train time 35.4099, epoch 119, step  49, loss 0.85779214, auc@1 75.49, auc@5 94.93, share 0, std_loss 0, 
2021-05-19 05:40:01,497:INFO:[Rank-2] val time 15.1292, epoch 119, step  40, loss 1.29363505, auc@1 63.64, auc@5 88.43
2021-05-19 05:40:39,137:INFO:[Rank-2] train time 35.7383, epoch 120, step  49, loss 0.86052060, auc@1 75.19, auc@5 94.92, share 0, std_loss 0, 
2021-05-19 05:40:54,740:INFO:[Rank-2] val time 15.6005, epoch 120, step  40, loss 1.28826706, auc@1 63.93, auc@5 88.60
2021-05-19 05:41:32,278:INFO:[Rank-2] train time 35.5390, epoch 121, step  49, loss 0.84938455, auc@1 75.38, auc@5 95.01, share 0, std_loss 0, 
2021-05-19 05:41:47,806:INFO:[Rank-2] val time 15.5252, epoch 121, step  40, loss 1.29038862, auc@1 63.86, auc@5 88.33
2021-05-19 05:42:25,022:INFO:[Rank-2] train time 35.3913, epoch 122, step  49, loss 0.83910930, auc@1 75.89, auc@5 95.12, share 0, std_loss 0, 
2021-05-19 05:42:40,757:INFO:[Rank-2] val time 15.7328, epoch 122, step  40, loss 1.28989231, auc@1 64.16, auc@5 88.36
2021-05-19 05:43:18,224:INFO:[Rank-2] train time 35.6567, epoch 123, step  49, loss 0.83543187, auc@1 75.81, auc@5 95.26, share 0, std_loss 0, 
2021-05-19 05:43:33,825:INFO:[Rank-2] val time 15.5986, epoch 123, step  40, loss 1.28722505, auc@1 64.08, auc@5 88.52
2021-05-19 05:44:11,311:INFO:[Rank-2] train time 35.1639, epoch 124, step  49, loss 0.83629459, auc@1 75.92, auc@5 95.16, share 0, std_loss 0, 
2021-05-19 05:44:26,904:INFO:[Rank-2] val time 15.5900, epoch 124, step  40, loss 1.28794465, auc@1 64.02, auc@5 88.59
2021-05-19 05:45:03,681:INFO:[Rank-2] train time 35.0979, epoch 125, step  49, loss 0.83289862, auc@1 76.10, auc@5 95.22, share 0, std_loss 0, 
2021-05-19 05:45:19,312:INFO:[Rank-2] val time 15.6284, epoch 125, step  40, loss 1.28644213, auc@1 63.96, auc@5 88.54
2021-05-19 05:45:56,399:INFO:[Rank-2] train time 35.4270, epoch 126, step  49, loss 0.82218987, auc@1 76.43, auc@5 95.43, share 0, std_loss 0, 
2021-05-19 05:46:12,029:INFO:[Rank-2] val time 15.6277, epoch 126, step  40, loss 1.28449056, auc@1 64.31, auc@5 88.59
2021-05-19 05:46:48,784:INFO:[Rank-2] train time 35.5251, epoch 127, step  49, loss 0.81868893, auc@1 76.57, auc@5 95.43, share 0, std_loss 0, 
2021-05-19 05:47:04,433:INFO:[Rank-2] val time 15.6461, epoch 127, step  40, loss 1.28440111, auc@1 63.93, auc@5 88.59
2021-05-19 05:47:41,318:INFO:[Rank-2] train time 35.5759, epoch 128, step  49, loss 0.81795681, auc@1 76.44, auc@5 95.41, share 0, std_loss 0, 
2021-05-19 05:47:56,787:INFO:[Rank-2] val time 15.4659, epoch 128, step  40, loss 1.29844025, auc@1 63.84, auc@5 88.42
2021-05-19 05:48:34,196:INFO:[Rank-2] train time 35.6774, epoch 129, step  49, loss 0.80883634, auc@1 76.83, auc@5 95.51, share 0, std_loss 0, 
2021-05-19 05:48:49,716:INFO:[Rank-2] val time 15.5168, epoch 129, step  40, loss 1.27874902, auc@1 64.39, auc@5 88.84
2021-05-19 05:49:27,410:INFO:[Rank-2] train time 35.4518, epoch 130, step  49, loss 0.80551589, auc@1 76.86, auc@5 95.53, share 0, std_loss 0, 
2021-05-19 05:49:42,916:INFO:[Rank-2] val time 15.5025, epoch 130, step  40, loss 1.28933179, auc@1 64.21, auc@5 88.56
2021-05-19 05:50:20,593:INFO:[Rank-2] train time 35.1807, epoch 131, step  49, loss 0.80680674, auc@1 76.85, auc@5 95.51, share 0, std_loss 0, 
2021-05-19 05:50:36,268:INFO:[Rank-2] val time 15.6707, epoch 131, step  40, loss 1.28370033, auc@1 64.32, auc@5 88.56
2021-05-19 05:51:14,103:INFO:[Rank-2] train time 35.6666, epoch 132, step  49, loss 0.80781472, auc@1 76.68, auc@5 95.44, share 0, std_loss 0, 
2021-05-19 05:51:29,822:INFO:[Rank-2] val time 15.7165, epoch 132, step  40, loss 1.28049226, auc@1 64.40, auc@5 88.69
2021-05-19 05:52:07,235:INFO:[Rank-2] train time 35.3947, epoch 133, step  49, loss 0.79772383, auc@1 77.03, auc@5 95.58, share 0, std_loss 0, 
2021-05-19 05:52:22,904:INFO:[Rank-2] val time 15.6656, epoch 133, step  40, loss 1.28214802, auc@1 63.96, auc@5 88.56
2021-05-19 05:52:59,517:INFO:[Rank-2] train time 35.2481, epoch 134, step  49, loss 0.79266971, auc@1 77.26, auc@5 95.59, share 0, std_loss 0, 
2021-05-19 05:53:15,023:INFO:[Rank-2] val time 15.5025, epoch 134, step  40, loss 1.28068929, auc@1 64.38, auc@5 88.52
2021-05-19 05:53:52,048:INFO:[Rank-2] train time 35.2676, epoch 135, step  49, loss 0.78794205, auc@1 77.20, auc@5 95.70, share 0, std_loss 0, 
2021-05-19 05:54:07,641:INFO:[Rank-2] val time 15.5900, epoch 135, step  40, loss 1.28158203, auc@1 64.44, auc@5 88.77
2021-05-19 05:54:44,121:INFO:[Rank-2] train time 35.4246, epoch 136, step  49, loss 0.78215182, auc@1 77.58, auc@5 95.76, share 0, std_loss 0, 
2021-05-19 05:54:59,707:INFO:[Rank-2] val time 15.5837, epoch 136, step  40, loss 1.28594222, auc@1 64.42, auc@5 88.57
2021-05-19 05:55:36,827:INFO:[Rank-2] train time 35.4573, epoch 137, step  49, loss 0.78411615, auc@1 77.44, auc@5 95.75, share 0, std_loss 0, 
2021-05-19 05:55:52,512:INFO:[Rank-2] val time 15.6815, epoch 137, step  40, loss 1.27648941, auc@1 64.30, auc@5 88.51
2021-05-19 05:56:30,069:INFO:[Rank-2] train time 35.9179, epoch 138, step  49, loss 0.77553815, auc@1 77.83, auc@5 95.85, share 0, std_loss 0, 
2021-05-19 05:56:45,618:INFO:[Rank-2] val time 15.5454, epoch 138, step  40, loss 1.27884251, auc@1 64.32, auc@5 88.63
2021-05-19 05:57:22,736:INFO:[Rank-2] train time 35.3696, epoch 139, step  49, loss 0.76863432, auc@1 77.75, auc@5 95.90, share 0, std_loss 0, 
2021-05-19 05:57:38,076:INFO:[Rank-2] val time 15.3363, epoch 139, step  40, loss 1.28046525, auc@1 64.27, auc@5 88.49
2021-05-19 05:58:15,289:INFO:[Rank-2] train time 35.2690, epoch 140, step  49, loss 0.77032298, auc@1 77.77, auc@5 95.84, share 0, std_loss 0, 
2021-05-19 05:58:30,818:INFO:[Rank-2] val time 15.5258, epoch 140, step  40, loss 1.28487886, auc@1 64.01, auc@5 88.71
2021-05-19 05:59:08,401:INFO:[Rank-2] train time 35.1825, epoch 141, step  49, loss 0.77038091, auc@1 77.87, auc@5 95.94, share 0, std_loss 0, 
2021-05-19 05:59:23,840:INFO:[Rank-2] val time 15.4365, epoch 141, step  40, loss 1.27166622, auc@1 64.31, auc@5 88.64
2021-05-19 06:00:00,917:INFO:[Rank-2] train time 35.2371, epoch 142, step  49, loss 0.76305312, auc@1 77.98, auc@5 95.81, share 0, std_loss 0, 
2021-05-19 06:00:16,537:INFO:[Rank-2] val time 15.6167, epoch 142, step  40, loss 1.28413509, auc@1 64.27, auc@5 88.47
2021-05-19 06:00:53,279:INFO:[Rank-2] train time 35.3980, epoch 143, step  49, loss 0.75513244, auc@1 78.21, auc@5 96.02, share 0, std_loss 0, 
2021-05-19 06:01:08,879:INFO:[Rank-2] val time 15.5971, epoch 143, step  40, loss 1.27829601, auc@1 64.55, auc@5 88.70
2021-05-19 06:01:45,756:INFO:[Rank-2] train time 35.5095, epoch 144, step  49, loss 0.75165093, auc@1 78.45, auc@5 95.97, share 0, std_loss 0, 
2021-05-19 06:02:01,386:INFO:[Rank-2] val time 15.6274, epoch 144, step  40, loss 1.27540350, auc@1 64.20, auc@5 88.61
2021-05-19 06:02:39,356:INFO:[Rank-2] train time 35.9186, epoch 145, step  49, loss 0.75214148, auc@1 78.55, auc@5 95.94, share 0, std_loss 0, 
2021-05-19 06:02:55,077:INFO:[Rank-2] val time 15.7181, epoch 145, step  40, loss 1.27718375, auc@1 64.55, auc@5 88.66
2021-05-19 06:03:32,599:INFO:[Rank-2] train time 35.4997, epoch 146, step  49, loss 0.74605954, auc@1 78.60, auc@5 96.12, share 0, std_loss 0, 
2021-05-19 06:03:48,220:INFO:[Rank-2] val time 15.6179, epoch 146, step  40, loss 1.27628758, auc@1 64.37, auc@5 88.51
2021-05-19 06:04:25,552:INFO:[Rank-2] train time 35.4416, epoch 147, step  49, loss 0.74409747, auc@1 78.55, auc@5 96.13, share 0, std_loss 0, 
2021-05-19 06:04:41,144:INFO:[Rank-2] val time 15.5889, epoch 147, step  40, loss 1.27726163, auc@1 64.10, auc@5 88.49
2021-05-19 06:05:18,453:INFO:[Rank-2] train time 35.5173, epoch 148, step  49, loss 0.74078447, auc@1 78.81, auc@5 96.15, share 0, std_loss 0, 
2021-05-19 06:05:34,009:INFO:[Rank-2] val time 15.5528, epoch 148, step  40, loss 1.26946574, auc@1 64.51, auc@5 88.66
2021-05-19 06:06:11,335:INFO:[Rank-2] train time 35.4048, epoch 149, step  49, loss 0.73410803, auc@1 78.79, auc@5 96.23, share 0, std_loss 0, 
2021-05-19 06:06:26,894:INFO:[Rank-2] val time 15.5559, epoch 149, step  40, loss 1.27769354, auc@1 64.31, auc@5 88.52
2021-05-19 06:07:04,369:INFO:[Rank-2] train time 35.3294, epoch 150, step  49, loss 0.73486727, auc@1 78.98, auc@5 96.25, share 0, std_loss 0, 
2021-05-19 06:07:19,861:INFO:[Rank-2] val time 15.4891, epoch 150, step  40, loss 1.27572661, auc@1 64.50, auc@5 88.73
2021-05-19 06:07:57,437:INFO:[Rank-2] train time 35.3288, epoch 151, step  49, loss 0.72205055, auc@1 79.34, auc@5 96.27, share 0, std_loss 0, 
2021-05-19 06:08:12,790:INFO:[Rank-2] val time 15.3499, epoch 151, step  40, loss 1.26518712, auc@1 64.76, auc@5 88.72
2021-05-19 06:08:50,319:INFO:[Rank-2] train time 35.3162, epoch 152, step  49, loss 0.71411961, auc@1 79.49, auc@5 96.45, share 0, std_loss 0, 
2021-05-19 06:09:05,909:INFO:[Rank-2] val time 15.5862, epoch 152, step  40, loss 1.26304206, auc@1 64.76, auc@5 88.87
2021-05-19 06:09:43,264:INFO:[Rank-2] train time 35.1539, epoch 153, step  49, loss 0.71429104, auc@1 79.69, auc@5 96.34, share 0, std_loss 0, 
2021-05-19 06:09:58,763:INFO:[Rank-2] val time 15.4965, epoch 153, step  40, loss 1.26377855, auc@1 64.67, auc@5 88.94
2021-05-19 06:10:36,348:INFO:[Rank-2] train time 35.2777, epoch 154, step  49, loss 0.71251953, auc@1 79.72, auc@5 96.33, share 0, std_loss 0, 
2021-05-19 06:10:51,851:INFO:[Rank-2] val time 15.5010, epoch 154, step  40, loss 1.26122183, auc@1 64.79, auc@5 88.88
2021-05-19 06:11:29,249:INFO:[Rank-2] train time 35.4915, epoch 155, step  49, loss 0.71143323, auc@1 79.62, auc@5 96.39, share 0, std_loss 0, 
2021-05-19 06:11:44,864:INFO:[Rank-2] val time 15.6118, epoch 155, step  40, loss 1.26107392, auc@1 64.92, auc@5 88.91
2021-05-19 06:12:21,708:INFO:[Rank-2] train time 35.5297, epoch 156, step  49, loss 0.70999914, auc@1 79.67, auc@5 96.47, share 0, std_loss 0, 
2021-05-19 06:12:37,138:INFO:[Rank-2] val time 15.4278, epoch 156, step  40, loss 1.26269784, auc@1 64.72, auc@5 88.83
2021-05-19 06:13:14,881:INFO:[Rank-2] train time 35.9021, epoch 157, step  49, loss 0.70750892, auc@1 79.69, auc@5 96.34, share 0, std_loss 0, 
2021-05-19 06:13:30,504:INFO:[Rank-2] val time 15.6204, epoch 157, step  40, loss 1.26451630, auc@1 64.89, auc@5 88.89
2021-05-19 06:14:07,734:INFO:[Rank-2] train time 35.3330, epoch 158, step  49, loss 0.70898610, auc@1 79.68, auc@5 96.48, share 0, std_loss 0, 
2021-05-19 06:14:23,262:INFO:[Rank-2] val time 15.5252, epoch 158, step  40, loss 1.25709475, auc@1 65.08, auc@5 88.78
2021-05-19 06:15:01,200:INFO:[Rank-2] train time 35.6080, epoch 159, step  49, loss 0.70333201, auc@1 79.89, auc@5 96.53, share 0, std_loss 0, 
2021-05-19 06:15:16,560:INFO:[Rank-2] val time 15.3574, epoch 159, step  40, loss 1.26909812, auc@1 64.96, auc@5 88.75
2021-05-19 06:15:53,360:INFO:[Rank-2] train time 35.3178, epoch 160, step  49, loss 0.70881611, auc@1 79.68, auc@5 96.36, share 0, std_loss 0, 
2021-05-19 06:16:08,991:INFO:[Rank-2] val time 15.6275, epoch 160, step  40, loss 1.26054980, auc@1 65.15, auc@5 88.89
2021-05-19 06:16:46,610:INFO:[Rank-2] train time 35.9354, epoch 161, step  49, loss 0.70520103, auc@1 79.85, auc@5 96.37, share 0, std_loss 0, 
2021-05-19 06:17:02,170:INFO:[Rank-2] val time 15.5568, epoch 161, step  40, loss 1.26081746, auc@1 64.98, auc@5 88.86
2021-05-19 06:17:39,978:INFO:[Rank-2] train time 35.0146, epoch 162, step  49, loss 0.70288670, auc@1 79.81, auc@5 96.48, share 0, std_loss 0, 
2021-05-19 06:17:55,458:INFO:[Rank-2] val time 15.4780, epoch 162, step  40, loss 1.25430602, auc@1 64.94, auc@5 88.90
2021-05-19 06:18:32,091:INFO:[Rank-2] train time 35.2693, epoch 163, step  49, loss 0.70423716, auc@1 79.85, auc@5 96.50, share 0, std_loss 0, 
2021-05-19 06:18:48,069:INFO:[Rank-2] val time 15.9757, epoch 163, step  40, loss 1.26225973, auc@1 64.98, auc@5 88.86
2021-05-19 06:19:25,044:INFO:[Rank-2] train time 35.3708, epoch 164, step  49, loss 0.69997019, auc@1 80.12, auc@5 96.40, share 0, std_loss 0, 
2021-05-19 06:19:40,600:INFO:[Rank-2] val time 15.5537, epoch 164, step  40, loss 1.25422569, auc@1 65.09, auc@5 88.82
2021-05-19 06:20:17,762:INFO:[Rank-2] train time 35.0809, epoch 165, step  49, loss 0.70003492, auc@1 80.03, auc@5 96.51, share 0, std_loss 0, 
2021-05-19 06:20:33,285:INFO:[Rank-2] val time 15.5203, epoch 165, step  40, loss 1.25638481, auc@1 65.01, auc@5 88.87
2021-05-19 06:21:10,285:INFO:[Rank-2] train time 35.1491, epoch 166, step  49, loss 0.70143133, auc@1 79.88, auc@5 96.51, share 0, std_loss 0, 
2021-05-19 06:21:25,978:INFO:[Rank-2] val time 15.6897, epoch 166, step  40, loss 1.25575488, auc@1 64.84, auc@5 88.92
2021-05-19 06:22:03,162:INFO:[Rank-2] train time 35.2857, epoch 167, step  49, loss 0.69525158, auc@1 80.07, auc@5 96.56, share 0, std_loss 0, 
2021-05-19 06:22:18,812:INFO:[Rank-2] val time 15.6467, epoch 167, step  40, loss 1.26665705, auc@1 65.01, auc@5 88.74
2021-05-19 06:22:55,542:INFO:[Rank-2] train time 35.3910, epoch 168, step  49, loss 0.69794345, auc@1 80.13, auc@5 96.52, share 0, std_loss 0, 
2021-05-19 06:23:11,124:INFO:[Rank-2] val time 15.5795, epoch 168, step  40, loss 1.26118141, auc@1 65.08, auc@5 88.75
2021-05-19 06:23:48,953:INFO:[Rank-2] train time 35.5429, epoch 169, step  49, loss 0.69845641, auc@1 79.95, auc@5 96.58, share 0, std_loss 0, 
2021-05-19 06:24:04,683:INFO:[Rank-2] val time 15.7272, epoch 169, step  40, loss 1.25788032, auc@1 65.02, auc@5 88.80
2021-05-19 06:24:41,864:INFO:[Rank-2] train time 35.4050, epoch 170, step  49, loss 0.69540352, auc@1 80.24, auc@5 96.49, share 0, std_loss 0, 
2021-05-19 06:24:57,400:INFO:[Rank-2] val time 15.5323, epoch 170, step  40, loss 1.25759082, auc@1 65.06, auc@5 88.83
2021-05-19 06:25:34,239:INFO:[Rank-2] train time 35.3563, epoch 171, step  49, loss 0.69920099, auc@1 80.06, auc@5 96.54, share 0, std_loss 0, 
2021-05-19 06:25:49,756:INFO:[Rank-2] val time 15.5145, epoch 171, step  40, loss 1.25464379, auc@1 65.11, auc@5 88.79
2021-05-19 06:26:27,073:INFO:[Rank-2] train time 35.6307, epoch 172, step  49, loss 0.69964904, auc@1 79.91, auc@5 96.51, share 0, std_loss 0, 
2021-05-19 06:26:42,608:INFO:[Rank-2] val time 15.5323, epoch 172, step  40, loss 1.25624215, auc@1 65.06, auc@5 88.80
2021-05-19 06:27:19,585:INFO:[Rank-2] train time 35.5891, epoch 173, step  49, loss 0.69832349, auc@1 79.91, auc@5 96.48, share 0, std_loss 0, 
2021-05-19 06:27:35,235:INFO:[Rank-2] val time 15.6463, epoch 173, step  40, loss 1.25365815, auc@1 65.11, auc@5 88.90
2021-05-19 06:28:12,248:INFO:[Rank-2] train time 35.3415, epoch 174, step  49, loss 0.69100624, auc@1 80.35, auc@5 96.55, share 0, std_loss 0, 
2021-05-19 06:28:27,722:INFO:[Rank-2] val time 15.4717, epoch 174, step  40, loss 1.25792798, auc@1 65.01, auc@5 88.81
2021-05-19 06:29:05,522:INFO:[Rank-2] train time 35.5685, epoch 175, step  49, loss 0.69605428, auc@1 80.22, auc@5 96.60, share 0, std_loss 0, 
2021-05-19 06:29:21,157:INFO:[Rank-2] val time 15.6323, epoch 175, step  40, loss 1.25643460, auc@1 65.02, auc@5 88.87
2021-05-19 06:29:58,817:INFO:[Rank-2] train time 35.1057, epoch 176, step  49, loss 0.69512993, auc@1 80.18, auc@5 96.50, share 0, std_loss 0, 
2021-05-19 06:30:14,391:INFO:[Rank-2] val time 15.5709, epoch 176, step  40, loss 1.26528418, auc@1 65.07, auc@5 88.80
2021-05-19 06:30:51,841:INFO:[Rank-2] train time 35.4484, epoch 177, step  49, loss 0.68968397, auc@1 80.26, auc@5 96.69, share 0, std_loss 0, 
2021-05-19 06:31:07,517:INFO:[Rank-2] val time 15.6726, epoch 177, step  40, loss 1.25746803, auc@1 64.95, auc@5 88.87
2021-05-19 06:31:45,123:INFO:[Rank-2] train time 35.6785, epoch 178, step  49, loss 0.69154060, auc@1 80.27, auc@5 96.70, share 0, std_loss 0, 
2021-05-19 06:32:00,573:INFO:[Rank-2] val time 15.4479, epoch 178, step  40, loss 1.25629764, auc@1 65.25, auc@5 88.86
2021-05-19 06:32:38,204:INFO:[Rank-2] train time 35.4281, epoch 179, step  49, loss 0.68802673, auc@1 80.60, auc@5 96.61, share 0, std_loss 0, 
2021-05-19 06:32:53,896:INFO:[Rank-2] val time 15.6889, epoch 179, step  40, loss 1.27359357, auc@1 65.00, auc@5 88.69
2021-05-19 06:33:30,986:INFO:[Rank-2] train time 35.4530, epoch 180, step  49, loss 0.69540358, auc@1 80.17, auc@5 96.58, share 0, std_loss 0, 
2021-05-19 06:33:46,630:INFO:[Rank-2] val time 15.6417, epoch 180, step  40, loss 1.25936671, auc@1 65.04, auc@5 88.85
2021-05-19 06:34:24,157:INFO:[Rank-2] train time 35.6347, epoch 181, step  49, loss 0.69539189, auc@1 80.07, auc@5 96.60, share 0, std_loss 0, 
2021-05-19 06:34:39,666:INFO:[Rank-2] val time 15.5071, epoch 181, step  40, loss 1.26342335, auc@1 65.10, auc@5 88.78
2021-05-19 06:35:16,991:INFO:[Rank-2] train time 35.1635, epoch 182, step  49, loss 0.69218838, auc@1 80.30, auc@5 96.65, share 0, std_loss 0, 
2021-05-19 06:35:32,467:INFO:[Rank-2] val time 15.4732, epoch 182, step  40, loss 1.25787674, auc@1 65.18, auc@5 88.86
2021-05-19 06:36:09,987:INFO:[Rank-2] train time 35.2429, epoch 183, step  49, loss 0.68809038, auc@1 80.37, auc@5 96.57, share 0, std_loss 0, 
2021-05-19 06:36:25,568:INFO:[Rank-2] val time 15.5775, epoch 183, step  40, loss 1.25739591, auc@1 65.02, auc@5 88.86
2021-05-19 06:37:02,516:INFO:[Rank-2] train time 35.1718, epoch 184, step  49, loss 0.69049227, auc@1 80.38, auc@5 96.59, share 0, std_loss 0, 
2021-05-19 06:37:18,143:INFO:[Rank-2] val time 15.6240, epoch 184, step  40, loss 1.25546140, auc@1 65.07, auc@5 88.94
2021-05-19 06:37:55,265:INFO:[Rank-2] train time 35.3788, epoch 185, step  49, loss 0.68551922, auc@1 80.54, auc@5 96.61, share 0, std_loss 0, 
2021-05-19 06:38:10,858:INFO:[Rank-2] val time 15.5896, epoch 185, step  40, loss 1.25789569, auc@1 64.95, auc@5 88.94
2021-05-19 06:38:48,322:INFO:[Rank-2] train time 35.2184, epoch 186, step  49, loss 0.68464369, auc@1 80.45, auc@5 96.63, share 0, std_loss 0, 
2021-05-19 06:39:03,852:INFO:[Rank-2] val time 15.5276, epoch 186, step  40, loss 1.26650827, auc@1 65.04, auc@5 88.76
2021-05-19 06:39:41,284:INFO:[Rank-2] train time 35.5428, epoch 187, step  49, loss 0.68457890, auc@1 80.42, auc@5 96.63, share 0, std_loss 0, 
2021-05-19 06:39:57,027:INFO:[Rank-2] val time 15.7403, epoch 187, step  40, loss 1.25900814, auc@1 65.14, auc@5 88.92
2021-05-19 06:40:34,446:INFO:[Rank-2] train time 35.3184, epoch 188, step  49, loss 0.68789268, auc@1 80.35, auc@5 96.63, share 0, std_loss 0, 
2021-05-19 06:40:50,071:INFO:[Rank-2] val time 15.6224, epoch 188, step  40, loss 1.25182638, auc@1 65.19, auc@5 88.93
2021-05-19 06:41:27,133:INFO:[Rank-2] train time 35.4543, epoch 189, step  49, loss 0.68663013, auc@1 80.35, auc@5 96.65, share 0, std_loss 0, 
2021-05-19 06:41:42,832:INFO:[Rank-2] val time 15.6963, epoch 189, step  40, loss 1.25991643, auc@1 65.32, auc@5 88.90
2021-05-19 06:42:20,181:INFO:[Rank-2] train time 35.3842, epoch 190, step  49, loss 0.68702585, auc@1 80.34, auc@5 96.65, share 0, std_loss 0, 
2021-05-19 06:42:35,472:INFO:[Rank-2] val time 15.2887, epoch 190, step  40, loss 1.25599820, auc@1 65.05, auc@5 88.93
2021-05-19 06:43:13,173:INFO:[Rank-2] train time 35.3139, epoch 191, step  49, loss 0.68531656, auc@1 80.53, auc@5 96.65, share 0, std_loss 0, 
2021-05-19 06:43:28,768:INFO:[Rank-2] val time 15.5926, epoch 191, step  40, loss 1.25989189, auc@1 65.21, auc@5 88.90
2021-05-19 06:44:05,690:INFO:[Rank-2] train time 35.6171, epoch 192, step  49, loss 0.68434221, auc@1 80.49, auc@5 96.70, share 0, std_loss 0, 
2021-05-19 06:44:21,254:INFO:[Rank-2] val time 15.5605, epoch 192, step  40, loss 1.26259882, auc@1 65.19, auc@5 88.91
2021-05-19 06:44:58,693:INFO:[Rank-2] train time 35.5997, epoch 193, step  49, loss 0.68426967, auc@1 80.34, auc@5 96.65, share 0, std_loss 0, 
2021-05-19 06:45:14,340:INFO:[Rank-2] val time 15.6443, epoch 193, step  40, loss 1.27017553, auc@1 64.97, auc@5 88.77
2021-05-19 06:45:52,304:INFO:[Rank-2] train time 35.7106, epoch 194, step  49, loss 0.68179560, auc@1 80.52, auc@5 96.80, share 0, std_loss 0, 
2021-05-19 06:46:07,845:INFO:[Rank-2] val time 15.5384, epoch 194, step  40, loss 1.26605110, auc@1 65.02, auc@5 88.79
2021-05-19 06:46:45,717:INFO:[Rank-2] train time 35.5055, epoch 195, step  49, loss 0.68554169, auc@1 80.62, auc@5 96.60, share 0, std_loss 0, 
2021-05-19 06:47:01,299:INFO:[Rank-2] val time 15.5791, epoch 195, step  40, loss 1.26904018, auc@1 64.98, auc@5 88.89
2021-05-19 06:47:38,326:INFO:[Rank-2] train time 35.2939, epoch 196, step  49, loss 0.68337190, auc@1 80.63, auc@5 96.67, share 0, std_loss 0, 
2021-05-19 06:47:53,996:INFO:[Rank-2] val time 15.6670, epoch 196, step  40, loss 1.25124978, auc@1 65.11, auc@5 89.07
2021-05-19 06:48:31,537:INFO:[Rank-2] train time 35.4636, epoch 197, step  49, loss 0.68167573, auc@1 80.52, auc@5 96.63, share 0, std_loss 0, 
2021-05-19 06:48:46,899:INFO:[Rank-2] val time 15.3592, epoch 197, step  40, loss 1.25786714, auc@1 64.98, auc@5 88.85
2021-05-19 06:49:24,369:INFO:[Rank-2] train time 35.4537, epoch 198, step  49, loss 0.68541992, auc@1 80.54, auc@5 96.60, share 0, std_loss 0, 
2021-05-19 06:49:40,064:INFO:[Rank-2] val time 15.6921, epoch 198, step  40, loss 1.25558315, auc@1 65.15, auc@5 88.85
2021-05-19 06:50:16,706:INFO:[Rank-2] train time 35.4161, epoch 199, step  49, loss 0.68191624, auc@1 80.41, auc@5 96.71, share 0, std_loss 0, 
2021-05-19 06:50:32,291:INFO:[Rank-2] val time 15.5816, epoch 199, step  40, loss 1.26008718, auc@1 64.93, auc@5 88.95
2021-05-19 06:51:09,888:INFO:[Rank-2] train time 35.7100, epoch 200, step  49, loss 0.68731469, auc@1 80.38, auc@5 96.63, share 0, std_loss 0, 
2021-05-19 06:51:25,475:INFO:[Rank-2] val time 15.5833, epoch 200, step  40, loss 1.25840196, auc@1 65.13, auc@5 88.85
2021-05-19 06:51:25,476:INFO:[Rank-2] finish, train+val 10575.57533, train 7464.18524, reduce_count   0
