2021-05-19 00:54:59,355:INFO:[Rank-0] args : Namespace(batch=1024, current_time='20210518_213718', dataset='cifar100', epochs=200, ip='192.168.1.1:7548', k=4, lr=0.1, momentum=0.9, name='local(k=4)', rank=0, scheduler_step=50, train_type='local', weight_decay=0.001, world=4)
2021-05-19 00:55:39,244:INFO:[Rank-0] train time 38.3557, epoch   1, step  49, loss 5.40203953, auc@1 1.26, auc@5 5.56, share 0, std_loss 0, 
2021-05-19 00:55:55,712:INFO:[Rank-0] val time 16.4630, epoch   1, step  40, loss 10.17185624, auc@1 1.48, auc@5 6.52
2021-05-19 00:56:33,403:INFO:[Rank-0] train time 37.6895, epoch   2, step  49, loss 4.71810961, auc@1 2.17, auc@5 9.04, share 0, std_loss 0, 
2021-05-19 00:56:49,534:INFO:[Rank-0] val time 16.1262, epoch   2, step  40, loss 4.49750838, auc@1 2.13, auc@5 10.33
2021-05-19 00:57:27,426:INFO:[Rank-0] train time 37.7427, epoch   3, step  49, loss 4.46271276, auc@1 3.29, auc@5 13.36, share 0, std_loss 0, 
2021-05-19 00:57:43,266:INFO:[Rank-0] val time 15.8372, epoch   3, step  40, loss 4.33285441, auc@1 3.66, auc@5 15.12
2021-05-19 00:58:21,218:INFO:[Rank-0] train time 37.9472, epoch   4, step  49, loss 4.30311728, auc@1 4.48, auc@5 17.47, share 0, std_loss 0, 
2021-05-19 00:58:37,130:INFO:[Rank-0] val time 15.9090, epoch   4, step  40, loss 4.15452923, auc@1 5.22, auc@5 20.83
2021-05-19 00:59:15,062:INFO:[Rank-0] train time 37.9310, epoch   5, step  49, loss 4.15932894, auc@1 5.58, auc@5 21.20, share 0, std_loss 0, 
2021-05-19 00:59:30,820:INFO:[Rank-0] val time 15.7537, epoch   5, step  40, loss 4.04879094, auc@1 6.30, auc@5 23.40
2021-05-19 01:00:08,963:INFO:[Rank-0] train time 38.1426, epoch   6, step  49, loss 4.06107187, auc@1 6.63, auc@5 24.18, share 0, std_loss 0, 
2021-05-19 01:00:24,841:INFO:[Rank-0] val time 15.8733, epoch   6, step  40, loss 3.96060524, auc@1 7.21, auc@5 26.45
2021-05-19 01:01:02,615:INFO:[Rank-0] train time 37.7720, epoch   7, step  49, loss 3.98694992, auc@1 7.54, auc@5 26.54, share 0, std_loss 0, 
2021-05-19 01:01:18,563:INFO:[Rank-0] val time 15.9439, epoch   7, step  40, loss 3.89550694, auc@1 8.48, auc@5 29.35
2021-05-19 01:01:56,527:INFO:[Rank-0] train time 37.9620, epoch   8, step  49, loss 3.91139197, auc@1 8.42, auc@5 28.72, share 0, std_loss 0, 
2021-05-19 01:02:12,275:INFO:[Rank-0] val time 15.7464, epoch   8, step  40, loss 3.87237875, auc@1 8.35, auc@5 29.35
2021-05-19 01:02:51,129:INFO:[Rank-0] train time 38.8531, epoch   9, step  49, loss 3.85893679, auc@1 9.20, auc@5 30.50, share 0, std_loss 0, 
2021-05-19 01:03:06,981:INFO:[Rank-0] val time 15.8488, epoch   9, step  40, loss 3.80235830, auc@1 10.15, auc@5 32.18
2021-05-19 01:03:45,511:INFO:[Rank-0] train time 38.4022, epoch  10, step  49, loss 3.80357814, auc@1 10.33, auc@5 32.26, share 0, std_loss 0, 
2021-05-19 01:04:01,302:INFO:[Rank-0] val time 15.7887, epoch  10, step  40, loss 3.77071596, auc@1 11.34, auc@5 33.34
2021-05-19 01:04:39,202:INFO:[Rank-0] train time 37.8564, epoch  11, step  49, loss 3.74213505, auc@1 11.03, auc@5 34.26, share 0, std_loss 0, 
2021-05-19 01:04:55,143:INFO:[Rank-0] val time 15.9386, epoch  11, step  40, loss 3.70022337, auc@1 11.53, auc@5 35.12
2021-05-19 01:05:33,344:INFO:[Rank-0] train time 38.1996, epoch  12, step  49, loss 3.69312739, auc@1 11.95, auc@5 35.87, share 0, std_loss 0, 
2021-05-19 01:05:48,945:INFO:[Rank-0] val time 15.5969, epoch  12, step  40, loss 3.67448760, auc@1 12.16, auc@5 36.42
2021-05-19 01:06:26,973:INFO:[Rank-0] train time 37.9466, epoch  13, step  49, loss 3.64552903, auc@1 12.70, auc@5 37.50, share 0, std_loss 0, 
2021-05-19 01:06:42,836:INFO:[Rank-0] val time 15.8609, epoch  13, step  40, loss 3.59293321, auc@1 13.14, auc@5 39.31
2021-05-19 01:07:21,411:INFO:[Rank-0] train time 38.5742, epoch  14, step  49, loss 3.59507990, auc@1 13.45, auc@5 38.89, share 0, std_loss 0, 
2021-05-19 01:07:37,227:INFO:[Rank-0] val time 15.8107, epoch  14, step  40, loss 3.60088866, auc@1 13.55, auc@5 39.45
2021-05-19 01:08:15,661:INFO:[Rank-0] train time 38.4326, epoch  15, step  49, loss 3.53871250, auc@1 14.72, auc@5 40.61, share 0, std_loss 0, 
2021-05-19 01:08:31,401:INFO:[Rank-0] val time 15.7374, epoch  15, step  40, loss 3.46387727, auc@1 16.71, auc@5 42.38
2021-05-19 01:09:09,192:INFO:[Rank-0] train time 37.7513, epoch  16, step  49, loss 3.48323989, auc@1 15.62, auc@5 42.26, share 0, std_loss 0, 
2021-05-19 01:09:25,176:INFO:[Rank-0] val time 15.9820, epoch  16, step  40, loss 3.44508585, auc@1 15.96, auc@5 43.38
2021-05-19 01:10:03,648:INFO:[Rank-0] train time 38.4699, epoch  17, step  49, loss 3.43457198, auc@1 16.30, auc@5 43.78, share 0, std_loss 0, 
2021-05-19 01:10:19,669:INFO:[Rank-0] val time 16.0163, epoch  17, step  40, loss 3.35615158, auc@1 17.72, auc@5 46.00
2021-05-19 01:10:57,672:INFO:[Rank-0] train time 37.9754, epoch  18, step  49, loss 3.39100933, auc@1 17.06, auc@5 45.05, share 0, std_loss 0, 
2021-05-19 01:11:13,573:INFO:[Rank-0] val time 15.8992, epoch  18, step  40, loss 3.31893752, auc@1 18.55, auc@5 47.32
2021-05-19 01:11:51,901:INFO:[Rank-0] train time 38.2715, epoch  19, step  49, loss 3.33885884, auc@1 18.03, auc@5 46.57, share 0, std_loss 0, 
2021-05-19 01:12:07,702:INFO:[Rank-0] val time 15.7981, epoch  19, step  40, loss 3.30982116, auc@1 19.02, auc@5 46.83
2021-05-19 01:12:46,472:INFO:[Rank-0] train time 38.7443, epoch  20, step  49, loss 3.29410005, auc@1 18.85, auc@5 47.98, share 0, std_loss 0, 
2021-05-19 01:13:02,255:INFO:[Rank-0] val time 15.7801, epoch  20, step  40, loss 3.25656538, auc@1 20.10, auc@5 48.09
2021-05-19 01:13:40,256:INFO:[Rank-0] train time 38.0004, epoch  21, step  49, loss 3.25696135, auc@1 19.70, auc@5 48.79, share 0, std_loss 0, 
2021-05-19 01:13:56,054:INFO:[Rank-0] val time 15.7929, epoch  21, step  40, loss 3.25676501, auc@1 20.44, auc@5 48.83
2021-05-19 01:14:34,927:INFO:[Rank-0] train time 38.8710, epoch  22, step  49, loss 3.21064663, auc@1 20.71, auc@5 50.02, share 0, std_loss 0, 
2021-05-19 01:14:50,693:INFO:[Rank-0] val time 15.7615, epoch  22, step  40, loss 3.24965057, auc@1 20.21, auc@5 49.64
2021-05-19 01:15:28,504:INFO:[Rank-0] train time 37.8105, epoch  23, step  49, loss 3.16786003, auc@1 21.04, auc@5 51.19, share 0, std_loss 0, 
2021-05-19 01:15:44,334:INFO:[Rank-0] val time 15.8281, epoch  23, step  40, loss 3.15996011, auc@1 21.96, auc@5 50.95
2021-05-19 01:16:22,468:INFO:[Rank-0] train time 38.1326, epoch  24, step  49, loss 3.12339497, auc@1 22.02, auc@5 52.30, share 0, std_loss 0, 
2021-05-19 01:16:38,313:INFO:[Rank-0] val time 15.8425, epoch  24, step  40, loss 3.10201080, auc@1 21.85, auc@5 53.67
2021-05-19 01:17:15,954:INFO:[Rank-0] train time 37.4876, epoch  25, step  49, loss 3.08633852, auc@1 22.67, auc@5 53.30, share 0, std_loss 0, 
2021-05-19 01:17:31,697:INFO:[Rank-0] val time 15.7406, epoch  25, step  40, loss 3.02628013, auc@1 24.17, auc@5 54.76
2021-05-19 01:18:09,949:INFO:[Rank-0] train time 38.0927, epoch  26, step  49, loss 3.05129123, auc@1 23.67, auc@5 54.15, share 0, std_loss 0, 
2021-05-19 01:18:25,826:INFO:[Rank-0] val time 15.8744, epoch  26, step  40, loss 3.03237568, auc@1 24.53, auc@5 54.59
2021-05-19 01:19:03,993:INFO:[Rank-0] train time 38.1666, epoch  27, step  49, loss 3.00223398, auc@1 24.61, auc@5 55.45, share 0, std_loss 0, 
2021-05-19 01:19:19,997:INFO:[Rank-0] val time 16.0004, epoch  27, step  40, loss 3.03079125, auc@1 24.26, auc@5 54.93
2021-05-19 01:19:58,160:INFO:[Rank-0] train time 38.1620, epoch  28, step  49, loss 2.96505117, auc@1 25.32, auc@5 56.24, share 0, std_loss 0, 
2021-05-19 01:20:13,928:INFO:[Rank-0] val time 15.7628, epoch  28, step  40, loss 2.81595372, auc@1 27.16, auc@5 59.48
2021-05-19 01:20:52,121:INFO:[Rank-0] train time 38.1921, epoch  29, step  49, loss 2.93306184, auc@1 25.95, auc@5 57.49, share 0, std_loss 0, 
2021-05-19 01:21:07,985:INFO:[Rank-0] val time 15.8608, epoch  29, step  40, loss 2.83417161, auc@1 28.01, auc@5 59.67
2021-05-19 01:21:46,104:INFO:[Rank-0] train time 38.1179, epoch  30, step  49, loss 2.88828182, auc@1 26.85, auc@5 58.58, share 0, std_loss 0, 
2021-05-19 01:22:02,046:INFO:[Rank-0] val time 15.9382, epoch  30, step  40, loss 2.85745382, auc@1 27.23, auc@5 60.04
2021-05-19 01:22:39,873:INFO:[Rank-0] train time 37.7637, epoch  31, step  49, loss 2.85697055, auc@1 27.49, auc@5 59.36, share 0, std_loss 0, 
2021-05-19 01:22:55,688:INFO:[Rank-0] val time 15.8117, epoch  31, step  40, loss 2.80956255, auc@1 28.38, auc@5 60.69
2021-05-19 01:23:34,255:INFO:[Rank-0] train time 38.5661, epoch  32, step  49, loss 2.81764126, auc@1 28.16, auc@5 60.14, share 0, std_loss 0, 
2021-05-19 01:23:50,032:INFO:[Rank-0] val time 15.7713, epoch  32, step  40, loss 2.79003881, auc@1 28.87, auc@5 60.79
2021-05-19 01:24:27,828:INFO:[Rank-0] train time 37.7945, epoch  33, step  49, loss 2.78950572, auc@1 28.84, auc@5 61.01, share 0, std_loss 0, 
2021-05-19 01:24:43,663:INFO:[Rank-0] val time 15.8307, epoch  33, step  40, loss 2.97531682, auc@1 25.11, auc@5 55.92
2021-05-19 01:25:21,789:INFO:[Rank-0] train time 38.0429, epoch  34, step  49, loss 2.74609661, auc@1 29.68, auc@5 61.98, share 0, std_loss 0, 
2021-05-19 01:25:37,703:INFO:[Rank-0] val time 15.9111, epoch  34, step  40, loss 2.69217821, auc@1 30.79, auc@5 63.34
2021-05-19 01:26:15,504:INFO:[Rank-0] train time 37.7622, epoch  35, step  49, loss 2.72307587, auc@1 30.05, auc@5 62.64, share 0, std_loss 0, 
2021-05-19 01:26:31,315:INFO:[Rank-0] val time 15.8086, epoch  35, step  40, loss 2.74057268, auc@1 29.52, auc@5 61.98
2021-05-19 01:27:08,998:INFO:[Rank-0] train time 37.6718, epoch  36, step  49, loss 2.69486713, auc@1 30.40, auc@5 63.31, share 0, std_loss 0, 
2021-05-19 01:27:25,136:INFO:[Rank-0] val time 16.1355, epoch  36, step  40, loss 2.56323763, auc@1 33.65, auc@5 65.65
2021-05-19 01:28:03,047:INFO:[Rank-0] train time 37.9097, epoch  37, step  49, loss 2.65239382, auc@1 31.53, auc@5 63.97, share 0, std_loss 0, 
2021-05-19 01:28:18,874:INFO:[Rank-0] val time 15.8225, epoch  37, step  40, loss 2.48830041, auc@1 33.93, auc@5 68.01
2021-05-19 01:28:56,962:INFO:[Rank-0] train time 38.0866, epoch  38, step  49, loss 2.61355543, auc@1 32.34, auc@5 65.27, share 0, std_loss 0, 
2021-05-19 01:29:12,819:INFO:[Rank-0] val time 15.8545, epoch  38, step  40, loss 2.50427719, auc@1 34.33, auc@5 67.24
2021-05-19 01:29:51,091:INFO:[Rank-0] train time 38.2702, epoch  39, step  49, loss 2.58619881, auc@1 32.79, auc@5 65.83, share 0, std_loss 0, 
2021-05-19 01:30:06,873:INFO:[Rank-0] val time 15.7774, epoch  39, step  40, loss 2.62248571, auc@1 32.57, auc@5 64.79
2021-05-19 01:30:44,879:INFO:[Rank-0] train time 38.0038, epoch  40, step  49, loss 2.56861210, auc@1 32.97, auc@5 66.19, share 0, std_loss 0, 
2021-05-19 01:31:00,627:INFO:[Rank-0] val time 15.7449, epoch  40, step  40, loss 2.63393751, auc@1 32.81, auc@5 64.71
2021-05-19 01:31:39,759:INFO:[Rank-0] train time 39.0226, epoch  41, step  49, loss 2.54634666, auc@1 33.60, auc@5 66.78, share 0, std_loss 0, 
2021-05-19 01:31:55,752:INFO:[Rank-0] val time 15.9904, epoch  41, step  40, loss 2.61556660, auc@1 31.69, auc@5 65.11
2021-05-19 01:32:33,920:INFO:[Rank-0] train time 38.1313, epoch  42, step  49, loss 2.51698852, auc@1 34.26, auc@5 67.27, share 0, std_loss 0, 
2021-05-19 01:32:49,835:INFO:[Rank-0] val time 15.9129, epoch  42, step  40, loss 2.60321708, auc@1 33.05, auc@5 65.27
2021-05-19 01:33:27,905:INFO:[Rank-0] train time 37.9090, epoch  43, step  49, loss 2.48549366, auc@1 34.84, auc@5 68.14, share 0, std_loss 0, 
2021-05-19 01:33:43,685:INFO:[Rank-0] val time 15.7780, epoch  43, step  40, loss 2.51676191, auc@1 35.13, auc@5 66.90
2021-05-19 01:34:21,484:INFO:[Rank-0] train time 37.7973, epoch  44, step  49, loss 2.45241761, auc@1 35.65, auc@5 68.91, share 0, std_loss 0, 
2021-05-19 01:34:37,280:INFO:[Rank-0] val time 15.7931, epoch  44, step  40, loss 2.68295328, auc@1 32.08, auc@5 64.85
2021-05-19 01:35:15,476:INFO:[Rank-0] train time 38.1942, epoch  45, step  49, loss 2.44178009, auc@1 35.77, auc@5 69.17, share 0, std_loss 0, 
2021-05-19 01:35:31,414:INFO:[Rank-0] val time 15.9335, epoch  45, step  40, loss 2.47664091, auc@1 35.71, auc@5 68.32
2021-05-19 01:36:09,802:INFO:[Rank-0] train time 38.3258, epoch  46, step  49, loss 2.40284467, auc@1 36.49, auc@5 69.87, share 0, std_loss 0, 
2021-05-19 01:36:25,690:INFO:[Rank-0] val time 15.8858, epoch  46, step  40, loss 2.40469149, auc@1 36.22, auc@5 69.11
2021-05-19 01:37:03,633:INFO:[Rank-0] train time 37.9413, epoch  47, step  49, loss 2.37985945, auc@1 37.01, auc@5 70.53, share 0, std_loss 0, 
2021-05-19 01:37:19,470:INFO:[Rank-0] val time 15.8343, epoch  47, step  40, loss 2.47412106, auc@1 35.95, auc@5 68.76
2021-05-19 01:37:57,006:INFO:[Rank-0] train time 37.5350, epoch  48, step  49, loss 2.34566069, auc@1 37.73, auc@5 71.09, share 0, std_loss 0, 
2021-05-19 01:38:12,778:INFO:[Rank-0] val time 15.7670, epoch  48, step  40, loss 2.88256414, auc@1 29.84, auc@5 61.42
2021-05-19 01:38:50,723:INFO:[Rank-0] train time 37.9323, epoch  49, step  49, loss 2.33977652, auc@1 37.92, auc@5 71.38, share 0, std_loss 0, 
2021-05-19 01:39:06,507:INFO:[Rank-0] val time 15.7803, epoch  49, step  40, loss 2.49953530, auc@1 33.93, auc@5 67.22
2021-05-19 01:39:44,268:INFO:[Rank-0] train time 37.7592, epoch  50, step  49, loss 2.30730104, auc@1 38.56, auc@5 72.07, share 0, std_loss 0, 
2021-05-19 01:40:00,335:INFO:[Rank-0] val time 16.0623, epoch  50, step  40, loss 2.89317692, auc@1 29.69, auc@5 61.10
2021-05-19 01:40:38,580:INFO:[Rank-0] train time 38.0811, epoch  51, step  49, loss 2.06281781, auc@1 44.34, auc@5 77.05, share 0, std_loss 0, 
2021-05-19 01:40:54,676:INFO:[Rank-0] val time 16.0932, epoch  51, step  40, loss 1.84775086, auc@1 49.25, auc@5 80.06
2021-05-19 01:41:32,633:INFO:[Rank-0] train time 37.9237, epoch  52, step  49, loss 1.91278613, auc@1 47.88, auc@5 79.74, share 0, std_loss 0, 
2021-05-19 01:41:48,303:INFO:[Rank-0] val time 15.6679, epoch  52, step  40, loss 1.78402028, auc@1 50.92, auc@5 81.17
2021-05-19 01:42:26,360:INFO:[Rank-0] train time 37.9984, epoch  53, step  49, loss 1.86260688, auc@1 48.94, auc@5 80.70, share 0, std_loss 0, 
2021-05-19 01:42:42,476:INFO:[Rank-0] val time 16.1132, epoch  53, step  40, loss 1.75637872, auc@1 51.72, auc@5 81.60
2021-05-19 01:43:20,477:INFO:[Rank-0] train time 37.9316, epoch  54, step  49, loss 1.82833016, auc@1 49.71, auc@5 81.22, share 0, std_loss 0, 
2021-05-19 01:43:36,330:INFO:[Rank-0] val time 15.8496, epoch  54, step  40, loss 1.75503751, auc@1 51.75, auc@5 81.48
2021-05-19 01:44:14,380:INFO:[Rank-0] train time 38.0474, epoch  55, step  49, loss 1.78925526, auc@1 50.65, auc@5 81.84, share 0, std_loss 0, 
2021-05-19 01:44:30,119:INFO:[Rank-0] val time 15.7350, epoch  55, step  40, loss 1.72456845, auc@1 52.43, auc@5 81.81
2021-05-19 01:45:09,047:INFO:[Rank-0] train time 38.8232, epoch  56, step  49, loss 1.76866388, auc@1 50.96, auc@5 82.23, share 0, std_loss 0, 
2021-05-19 01:45:25,063:INFO:[Rank-0] val time 16.0143, epoch  56, step  40, loss 1.70651645, auc@1 52.74, auc@5 82.45
2021-05-19 01:46:03,521:INFO:[Rank-0] train time 38.3781, epoch  57, step  49, loss 1.74325848, auc@1 51.72, auc@5 82.65, share 0, std_loss 0, 
2021-05-19 01:46:19,333:INFO:[Rank-0] val time 15.8095, epoch  57, step  40, loss 1.72775461, auc@1 52.40, auc@5 81.73
2021-05-19 01:46:57,988:INFO:[Rank-0] train time 38.5735, epoch  58, step  49, loss 1.72112310, auc@1 52.15, auc@5 82.91, share 0, std_loss 0, 
2021-05-19 01:47:13,743:INFO:[Rank-0] val time 15.7519, epoch  58, step  40, loss 1.68096140, auc@1 53.65, auc@5 82.63
2021-05-19 01:47:52,267:INFO:[Rank-0] train time 38.5238, epoch  59, step  49, loss 1.70124185, auc@1 52.71, auc@5 83.16, share 0, std_loss 0, 
2021-05-19 01:48:08,209:INFO:[Rank-0] val time 15.9389, epoch  59, step  40, loss 1.65621616, auc@1 53.91, auc@5 83.24
2021-05-19 01:48:46,119:INFO:[Rank-0] train time 37.8928, epoch  60, step  49, loss 1.68959785, auc@1 53.04, auc@5 83.64, share 0, std_loss 0, 
2021-05-19 01:49:01,974:INFO:[Rank-0] val time 15.8523, epoch  60, step  40, loss 1.68053306, auc@1 53.13, auc@5 82.54
2021-05-19 01:49:40,053:INFO:[Rank-0] train time 37.9984, epoch  61, step  49, loss 1.67555344, auc@1 52.96, auc@5 83.85, share 0, std_loss 0, 
2021-05-19 01:49:55,983:INFO:[Rank-0] val time 15.9280, epoch  61, step  40, loss 1.65771172, auc@1 53.83, auc@5 83.19
2021-05-19 01:50:33,674:INFO:[Rank-0] train time 37.6198, epoch  62, step  49, loss 1.64594531, auc@1 53.97, auc@5 84.31, share 0, std_loss 0, 
2021-05-19 01:50:49,725:INFO:[Rank-0] val time 16.0487, epoch  62, step  40, loss 1.65353727, auc@1 54.17, auc@5 82.96
2021-05-19 01:51:27,640:INFO:[Rank-0] train time 37.9129, epoch  63, step  49, loss 1.63223791, auc@1 54.15, auc@5 84.51, share 0, std_loss 0, 
2021-05-19 01:51:43,424:INFO:[Rank-0] val time 15.7808, epoch  63, step  40, loss 1.64322215, auc@1 54.26, auc@5 83.31
2021-05-19 01:52:22,289:INFO:[Rank-0] train time 38.8643, epoch  64, step  49, loss 1.61861157, auc@1 54.72, auc@5 84.78, share 0, std_loss 0, 
2021-05-19 01:52:38,101:INFO:[Rank-0] val time 15.8077, epoch  64, step  40, loss 1.65147287, auc@1 54.03, auc@5 83.23
2021-05-19 01:53:16,112:INFO:[Rank-0] train time 37.9563, epoch  65, step  49, loss 1.60614908, auc@1 55.16, auc@5 84.89, share 0, std_loss 0, 
2021-05-19 01:53:32,061:INFO:[Rank-0] val time 15.9467, epoch  65, step  40, loss 1.64649857, auc@1 53.98, auc@5 83.34
2021-05-19 01:54:09,926:INFO:[Rank-0] train time 37.8354, epoch  66, step  49, loss 1.59388661, auc@1 55.21, auc@5 85.12, share 0, std_loss 0, 
2021-05-19 01:54:25,989:INFO:[Rank-0] val time 16.0608, epoch  66, step  40, loss 1.63819533, auc@1 54.50, auc@5 83.13
2021-05-19 01:55:04,232:INFO:[Rank-0] train time 38.2007, epoch  67, step  49, loss 1.57748830, auc@1 55.42, auc@5 85.40, share 0, std_loss 0, 
2021-05-19 01:55:20,404:INFO:[Rank-0] val time 16.1693, epoch  67, step  40, loss 1.60472942, auc@1 55.15, auc@5 83.93
2021-05-19 01:55:58,392:INFO:[Rank-0] train time 37.9870, epoch  68, step  49, loss 1.56402123, auc@1 56.05, auc@5 85.70, share 0, std_loss 0, 
2021-05-19 01:56:14,283:INFO:[Rank-0] val time 15.8865, epoch  68, step  40, loss 1.59974361, auc@1 55.29, auc@5 84.39
2021-05-19 01:56:52,359:INFO:[Rank-0] train time 37.9978, epoch  69, step  49, loss 1.54732943, auc@1 56.47, auc@5 85.84, share 0, std_loss 0, 
2021-05-19 01:57:08,166:INFO:[Rank-0] val time 15.8045, epoch  69, step  40, loss 1.60766244, auc@1 55.31, auc@5 83.86
2021-05-19 01:57:46,196:INFO:[Rank-0] train time 38.0287, epoch  70, step  49, loss 1.53261971, auc@1 56.73, auc@5 86.15, share 0, std_loss 0, 
2021-05-19 01:58:02,081:INFO:[Rank-0] val time 15.8799, epoch  70, step  40, loss 1.57920187, auc@1 55.90, auc@5 84.19
2021-05-19 01:58:40,385:INFO:[Rank-0] train time 38.3033, epoch  71, step  49, loss 1.52066565, auc@1 57.32, auc@5 86.24, share 0, std_loss 0, 
2021-05-19 01:58:55,995:INFO:[Rank-0] val time 15.6044, epoch  71, step  40, loss 1.60258183, auc@1 55.19, auc@5 84.21
2021-05-19 01:59:34,637:INFO:[Rank-0] train time 38.5163, epoch  72, step  49, loss 1.50345433, auc@1 57.72, auc@5 86.52, share 0, std_loss 0, 
2021-05-19 01:59:50,463:INFO:[Rank-0] val time 15.8239, epoch  72, step  40, loss 1.56675376, auc@1 56.08, auc@5 84.48
2021-05-19 02:00:28,336:INFO:[Rank-0] train time 37.8678, epoch  73, step  49, loss 1.49626315, auc@1 57.89, auc@5 86.62, share 0, std_loss 0, 
2021-05-19 02:00:44,069:INFO:[Rank-0] val time 15.7288, epoch  73, step  40, loss 1.56914559, auc@1 56.14, auc@5 84.83
2021-05-19 02:01:22,617:INFO:[Rank-0] train time 38.5463, epoch  74, step  49, loss 1.48947811, auc@1 57.83, auc@5 86.79, share 0, std_loss 0, 
2021-05-19 02:01:38,719:INFO:[Rank-0] val time 16.0972, epoch  74, step  40, loss 1.56373003, auc@1 56.33, auc@5 84.72
2021-05-19 02:02:16,624:INFO:[Rank-0] train time 37.9032, epoch  75, step  49, loss 1.47631824, auc@1 58.16, auc@5 86.93, share 0, std_loss 0, 
2021-05-19 02:02:32,442:INFO:[Rank-0] val time 15.8157, epoch  75, step  40, loss 1.56755810, auc@1 56.76, auc@5 84.70
2021-05-19 02:03:10,639:INFO:[Rank-0] train time 38.1952, epoch  76, step  49, loss 1.46833813, auc@1 58.19, auc@5 86.99, share 0, std_loss 0, 
2021-05-19 02:03:26,521:INFO:[Rank-0] val time 15.8782, epoch  76, step  40, loss 1.54938020, auc@1 56.42, auc@5 84.89
2021-05-19 02:04:04,343:INFO:[Rank-0] train time 37.8212, epoch  77, step  49, loss 1.44910097, auc@1 58.87, auc@5 87.45, share 0, std_loss 0, 
2021-05-19 02:04:19,972:INFO:[Rank-0] val time 15.6241, epoch  77, step  40, loss 1.55578464, auc@1 56.53, auc@5 84.78
2021-05-19 02:04:58,595:INFO:[Rank-0] train time 38.6218, epoch  78, step  49, loss 1.43990934, auc@1 59.19, auc@5 87.60, share 0, std_loss 0, 
2021-05-19 02:05:14,608:INFO:[Rank-0] val time 16.0084, epoch  78, step  40, loss 1.60383835, auc@1 55.09, auc@5 84.16
2021-05-19 02:05:52,714:INFO:[Rank-0] train time 38.1050, epoch  79, step  49, loss 1.42493999, auc@1 59.63, auc@5 87.70, share 0, std_loss 0, 
2021-05-19 02:06:08,690:INFO:[Rank-0] val time 15.9721, epoch  79, step  40, loss 1.54555075, auc@1 56.75, auc@5 85.19
2021-05-19 02:06:46,813:INFO:[Rank-0] train time 38.0758, epoch  80, step  49, loss 1.41450000, auc@1 60.08, auc@5 87.68, share 0, std_loss 0, 
2021-05-19 02:07:02,714:INFO:[Rank-0] val time 15.8993, epoch  80, step  40, loss 1.52266844, auc@1 57.11, auc@5 85.22
2021-05-19 02:07:40,705:INFO:[Rank-0] train time 37.9888, epoch  81, step  49, loss 1.40860188, auc@1 60.15, auc@5 87.87, share 0, std_loss 0, 
2021-05-19 02:07:56,737:INFO:[Rank-0] val time 16.0289, epoch  81, step  40, loss 1.56836503, auc@1 56.45, auc@5 84.82
2021-05-19 02:08:34,775:INFO:[Rank-0] train time 37.9262, epoch  82, step  49, loss 1.39699316, auc@1 60.07, auc@5 88.13, share 0, std_loss 0, 
2021-05-19 02:08:50,667:INFO:[Rank-0] val time 15.8901, epoch  82, step  40, loss 1.56116234, auc@1 56.73, auc@5 84.52
2021-05-19 02:09:28,913:INFO:[Rank-0] train time 38.2447, epoch  83, step  49, loss 1.37390685, auc@1 60.77, auc@5 88.39, share 0, std_loss 0, 
2021-05-19 02:09:44,677:INFO:[Rank-0] val time 15.7598, epoch  83, step  40, loss 1.53123001, auc@1 56.99, auc@5 85.04
2021-05-19 02:10:22,935:INFO:[Rank-0] train time 38.1779, epoch  84, step  49, loss 1.38029516, auc@1 60.57, auc@5 88.40, share 0, std_loss 0, 
2021-05-19 02:10:38,650:INFO:[Rank-0] val time 15.7132, epoch  84, step  40, loss 1.55287513, auc@1 56.64, auc@5 84.79
2021-05-19 02:11:16,547:INFO:[Rank-0] train time 37.8964, epoch  85, step  49, loss 1.36148357, auc@1 61.27, auc@5 88.60, share 0, std_loss 0, 
2021-05-19 02:11:32,289:INFO:[Rank-0] val time 15.7377, epoch  85, step  40, loss 1.52192113, auc@1 57.67, auc@5 85.04
2021-05-19 02:12:10,836:INFO:[Rank-0] train time 38.4819, epoch  86, step  49, loss 1.35263658, auc@1 61.44, auc@5 88.91, share 0, std_loss 0, 
2021-05-19 02:12:26,565:INFO:[Rank-0] val time 15.7273, epoch  86, step  40, loss 1.51218046, auc@1 57.31, auc@5 85.50
2021-05-19 02:13:04,731:INFO:[Rank-0] train time 38.0991, epoch  87, step  49, loss 1.34180653, auc@1 61.52, auc@5 89.04, share 0, std_loss 0, 
2021-05-19 02:13:20,588:INFO:[Rank-0] val time 15.8553, epoch  87, step  40, loss 1.55129014, auc@1 56.80, auc@5 84.57
2021-05-19 02:13:58,326:INFO:[Rank-0] train time 37.6356, epoch  88, step  49, loss 1.33116591, auc@1 62.05, auc@5 89.09, share 0, std_loss 0, 
2021-05-19 02:14:14,730:INFO:[Rank-0] val time 16.4010, epoch  88, step  40, loss 1.53567503, auc@1 57.29, auc@5 85.10
2021-05-19 02:14:52,337:INFO:[Rank-0] train time 37.5465, epoch  89, step  49, loss 1.32526314, auc@1 62.27, auc@5 89.15, share 0, std_loss 0, 
2021-05-19 02:15:08,145:INFO:[Rank-0] val time 15.8060, epoch  89, step  40, loss 1.53664347, auc@1 57.25, auc@5 85.19
2021-05-19 02:15:45,991:INFO:[Rank-0] train time 37.7843, epoch  90, step  49, loss 1.31377077, auc@1 62.47, auc@5 89.34, share 0, std_loss 0, 
2021-05-19 02:16:01,872:INFO:[Rank-0] val time 15.8793, epoch  90, step  40, loss 1.51187993, auc@1 58.13, auc@5 85.41
2021-05-19 02:16:39,539:INFO:[Rank-0] train time 37.6663, epoch  91, step  49, loss 1.30289102, auc@1 62.84, auc@5 89.57, share 0, std_loss 0, 
2021-05-19 02:16:55,405:INFO:[Rank-0] val time 15.8630, epoch  91, step  40, loss 1.52106001, auc@1 57.42, auc@5 85.27
2021-05-19 02:17:32,943:INFO:[Rank-0] train time 37.5368, epoch  92, step  49, loss 1.29183853, auc@1 62.99, auc@5 89.82, share 0, std_loss 0, 
2021-05-19 02:17:48,637:INFO:[Rank-0] val time 15.6890, epoch  92, step  40, loss 1.57694847, auc@1 56.46, auc@5 84.44
2021-05-19 02:18:27,399:INFO:[Rank-0] train time 38.7009, epoch  93, step  49, loss 1.27452302, auc@1 63.53, auc@5 90.00, share 0, std_loss 0, 
2021-05-19 02:18:43,123:INFO:[Rank-0] val time 15.7210, epoch  93, step  40, loss 1.52801146, auc@1 57.34, auc@5 85.44
2021-05-19 02:19:21,927:INFO:[Rank-0] train time 38.8026, epoch  94, step  49, loss 1.27549076, auc@1 63.35, auc@5 89.88, share 0, std_loss 0, 
2021-05-19 02:19:37,771:INFO:[Rank-0] val time 15.8388, epoch  94, step  40, loss 1.50399668, auc@1 57.82, auc@5 85.95
2021-05-19 02:20:15,649:INFO:[Rank-0] train time 37.7991, epoch  95, step  49, loss 1.26238036, auc@1 63.91, auc@5 90.04, share 0, std_loss 0, 
2021-05-19 02:20:31,876:INFO:[Rank-0] val time 16.2241, epoch  95, step  40, loss 1.50263242, auc@1 58.41, auc@5 85.57
2021-05-19 02:21:10,213:INFO:[Rank-0] train time 38.3353, epoch  96, step  49, loss 1.26162004, auc@1 63.99, auc@5 90.08, share 0, std_loss 0, 
2021-05-19 02:21:26,553:INFO:[Rank-0] val time 16.3381, epoch  96, step  40, loss 1.49857330, auc@1 58.13, auc@5 85.68
2021-05-19 02:22:04,527:INFO:[Rank-0] train time 37.9727, epoch  97, step  49, loss 1.25207973, auc@1 64.17, auc@5 90.22, share 0, std_loss 0, 
2021-05-19 02:22:20,575:INFO:[Rank-0] val time 16.0455, epoch  97, step  40, loss 1.51839215, auc@1 57.98, auc@5 85.66
2021-05-19 02:22:59,109:INFO:[Rank-0] train time 38.5020, epoch  98, step  49, loss 1.23165560, auc@1 64.93, auc@5 90.56, share 0, std_loss 0, 
2021-05-19 02:23:15,011:INFO:[Rank-0] val time 15.8982, epoch  98, step  40, loss 1.51339353, auc@1 57.89, auc@5 85.69
2021-05-19 02:23:52,903:INFO:[Rank-0] train time 37.8777, epoch  99, step  49, loss 1.22503388, auc@1 64.72, auc@5 90.60, share 0, std_loss 0, 
2021-05-19 02:24:08,723:INFO:[Rank-0] val time 15.8164, epoch  99, step  40, loss 1.49614066, auc@1 58.51, auc@5 85.63
2021-05-19 02:24:46,566:INFO:[Rank-0] train time 37.8409, epoch 100, step  49, loss 1.21626532, auc@1 64.76, auc@5 90.87, share 0, std_loss 0, 
2021-05-19 02:25:02,357:INFO:[Rank-0] val time 15.7876, epoch 100, step  40, loss 1.53608733, auc@1 57.77, auc@5 85.65
2021-05-19 02:25:40,624:INFO:[Rank-0] train time 38.0022, epoch 101, step  49, loss 1.14494681, auc@1 67.04, auc@5 91.72, share 0, std_loss 0, 
2021-05-19 02:25:56,490:INFO:[Rank-0] val time 15.8637, epoch 101, step  40, loss 1.34489582, auc@1 62.15, auc@5 87.58
2021-05-19 02:26:34,417:INFO:[Rank-0] train time 37.8540, epoch 102, step  49, loss 1.08116508, auc@1 68.73, auc@5 92.49, share 0, std_loss 0, 
2021-05-19 02:26:50,260:INFO:[Rank-0] val time 15.8408, epoch 102, step  40, loss 1.32607817, auc@1 62.47, auc@5 88.01
2021-05-19 02:27:27,985:INFO:[Rank-0] train time 37.7239, epoch 103, step  49, loss 1.05963075, auc@1 69.48, auc@5 92.65, share 0, std_loss 0, 
2021-05-19 02:27:43,790:INFO:[Rank-0] val time 15.8026, epoch 103, step  40, loss 1.31599278, auc@1 62.55, auc@5 88.13
2021-05-19 02:28:22,029:INFO:[Rank-0] train time 38.2373, epoch 104, step  49, loss 1.04651487, auc@1 69.95, auc@5 92.83, share 0, std_loss 0, 
2021-05-19 02:28:37,782:INFO:[Rank-0] val time 15.7485, epoch 104, step  40, loss 1.30839833, auc@1 62.63, auc@5 88.30
2021-05-19 02:29:15,772:INFO:[Rank-0] train time 37.9896, epoch 105, step  49, loss 1.03180659, auc@1 70.28, auc@5 92.89, share 0, std_loss 0, 
2021-05-19 02:29:31,490:INFO:[Rank-0] val time 15.7140, epoch 105, step  40, loss 1.29864512, auc@1 62.81, auc@5 88.49
2021-05-19 02:30:09,787:INFO:[Rank-0] train time 38.2951, epoch 106, step  49, loss 1.01590443, auc@1 70.70, auc@5 93.17, share 0, std_loss 0, 
2021-05-19 02:30:25,775:INFO:[Rank-0] val time 15.9838, epoch 106, step  40, loss 1.29508414, auc@1 62.88, auc@5 88.42
2021-05-19 02:31:03,618:INFO:[Rank-0] train time 37.7984, epoch 107, step  49, loss 1.01523018, auc@1 70.93, auc@5 93.13, share 0, std_loss 0, 
2021-05-19 02:31:19,544:INFO:[Rank-0] val time 15.9230, epoch 107, step  40, loss 1.28684201, auc@1 63.35, auc@5 88.42
2021-05-19 02:31:57,587:INFO:[Rank-0] train time 37.8687, epoch 108, step  49, loss 1.00373363, auc@1 71.10, auc@5 93.34, share 0, std_loss 0, 
2021-05-19 02:32:13,528:INFO:[Rank-0] val time 15.9391, epoch 108, step  40, loss 1.29021709, auc@1 63.08, auc@5 88.49
2021-05-19 02:32:51,725:INFO:[Rank-0] train time 38.1203, epoch 109, step  49, loss 0.99802345, auc@1 71.38, auc@5 93.43, share 0, std_loss 0, 
2021-05-19 02:33:07,662:INFO:[Rank-0] val time 15.9351, epoch 109, step  40, loss 1.29059442, auc@1 63.21, auc@5 88.50
2021-05-19 02:33:45,610:INFO:[Rank-0] train time 37.9465, epoch 110, step  49, loss 0.99176842, auc@1 71.64, auc@5 93.48, share 0, std_loss 0, 
2021-05-19 02:34:01,351:INFO:[Rank-0] val time 15.7368, epoch 110, step  40, loss 1.28865286, auc@1 63.40, auc@5 88.53
2021-05-19 02:34:39,751:INFO:[Rank-0] train time 38.3763, epoch 111, step  49, loss 0.98160619, auc@1 71.63, auc@5 93.56, share 0, std_loss 0, 
2021-05-19 02:34:55,524:INFO:[Rank-0] val time 15.7695, epoch 111, step  40, loss 1.28789038, auc@1 63.32, auc@5 88.61
2021-05-19 02:35:34,089:INFO:[Rank-0] train time 38.5640, epoch 112, step  49, loss 0.97737861, auc@1 71.82, auc@5 93.61, share 0, std_loss 0, 
2021-05-19 02:35:49,922:INFO:[Rank-0] val time 15.8288, epoch 112, step  40, loss 1.27835727, auc@1 63.27, auc@5 88.95
2021-05-19 02:36:28,021:INFO:[Rank-0] train time 38.0981, epoch 113, step  49, loss 0.97577947, auc@1 71.89, auc@5 93.70, share 0, std_loss 0, 
2021-05-19 02:36:43,847:INFO:[Rank-0] val time 15.8238, epoch 113, step  40, loss 1.28354487, auc@1 63.43, auc@5 88.62
2021-05-19 02:37:21,671:INFO:[Rank-0] train time 37.8234, epoch 114, step  49, loss 0.96961969, auc@1 72.23, auc@5 93.72, share 0, std_loss 0, 
2021-05-19 02:37:37,469:INFO:[Rank-0] val time 15.7951, epoch 114, step  40, loss 1.28388193, auc@1 63.33, auc@5 88.78
2021-05-19 02:38:15,683:INFO:[Rank-0] train time 38.1766, epoch 115, step  49, loss 0.96085346, auc@1 72.36, auc@5 93.84, share 0, std_loss 0, 
2021-05-19 02:38:31,574:INFO:[Rank-0] val time 15.8885, epoch 115, step  40, loss 1.28196976, auc@1 63.68, auc@5 88.44
2021-05-19 02:39:09,952:INFO:[Rank-0] train time 38.2238, epoch 116, step  49, loss 0.95714563, auc@1 72.59, auc@5 93.90, share 0, std_loss 0, 
2021-05-19 02:39:26,150:INFO:[Rank-0] val time 16.1948, epoch 116, step  40, loss 1.27258801, auc@1 63.88, auc@5 88.76
2021-05-19 02:40:04,104:INFO:[Rank-0] train time 37.9524, epoch 117, step  49, loss 0.95572513, auc@1 72.68, auc@5 93.86, share 0, std_loss 0, 
2021-05-19 02:40:20,021:INFO:[Rank-0] val time 15.9130, epoch 117, step  40, loss 1.27525618, auc@1 63.84, auc@5 88.66
2021-05-19 02:40:58,239:INFO:[Rank-0] train time 38.2162, epoch 118, step  49, loss 0.94732767, auc@1 72.96, auc@5 93.88, share 0, std_loss 0, 
2021-05-19 02:41:14,139:INFO:[Rank-0] val time 15.8949, epoch 118, step  40, loss 1.27709826, auc@1 63.85, auc@5 88.83
2021-05-19 02:41:53,043:INFO:[Rank-0] train time 38.9028, epoch 119, step  49, loss 0.94522423, auc@1 72.76, auc@5 94.03, share 0, std_loss 0, 
2021-05-19 02:42:08,921:INFO:[Rank-0] val time 15.8735, epoch 119, step  40, loss 1.27660362, auc@1 63.79, auc@5 88.72
2021-05-19 02:42:46,974:INFO:[Rank-0] train time 38.0444, epoch 120, step  49, loss 0.94459540, auc@1 72.65, auc@5 94.01, share 0, std_loss 0, 
2021-05-19 02:43:02,879:INFO:[Rank-0] val time 15.9021, epoch 120, step  40, loss 1.27355711, auc@1 63.97, auc@5 88.70
2021-05-19 02:43:40,627:INFO:[Rank-0] train time 37.7460, epoch 121, step  49, loss 0.93509626, auc@1 73.20, auc@5 94.16, share 0, std_loss 0, 
2021-05-19 02:43:56,263:INFO:[Rank-0] val time 15.6318, epoch 121, step  40, loss 1.27193503, auc@1 63.75, auc@5 88.73
2021-05-19 02:44:35,145:INFO:[Rank-0] train time 38.8282, epoch 122, step  49, loss 0.92981756, auc@1 73.44, auc@5 94.21, share 0, std_loss 0, 
2021-05-19 02:44:50,973:INFO:[Rank-0] val time 15.8260, epoch 122, step  40, loss 1.26978113, auc@1 64.28, auc@5 88.72
2021-05-19 02:45:29,386:INFO:[Rank-0] train time 38.4031, epoch 123, step  49, loss 0.92410982, auc@1 73.53, auc@5 94.22, share 0, std_loss 0, 
2021-05-19 02:45:45,152:INFO:[Rank-0] val time 15.7632, epoch 123, step  40, loss 1.27086076, auc@1 63.98, auc@5 88.71
2021-05-19 02:46:22,795:INFO:[Rank-0] train time 37.5874, epoch 124, step  49, loss 0.92490077, auc@1 73.59, auc@5 94.19, share 0, std_loss 0, 
2021-05-19 02:46:38,587:INFO:[Rank-0] val time 15.7899, epoch 124, step  40, loss 1.27291052, auc@1 63.91, auc@5 88.57
2021-05-19 02:47:16,576:INFO:[Rank-0] train time 37.8762, epoch 125, step  49, loss 0.91837221, auc@1 73.39, auc@5 94.23, share 0, std_loss 0, 
2021-05-19 02:47:32,747:INFO:[Rank-0] val time 16.1690, epoch 125, step  40, loss 1.27105794, auc@1 64.16, auc@5 88.69
2021-05-19 02:48:10,801:INFO:[Rank-0] train time 37.9648, epoch 126, step  49, loss 0.90970016, auc@1 73.69, auc@5 94.41, share 0, std_loss 0, 
2021-05-19 02:48:26,655:INFO:[Rank-0] val time 15.8516, epoch 126, step  40, loss 1.26996371, auc@1 63.93, auc@5 88.80
2021-05-19 02:49:05,055:INFO:[Rank-0] train time 38.3992, epoch 127, step  49, loss 0.91080475, auc@1 74.00, auc@5 94.42, share 0, std_loss 0, 
2021-05-19 02:49:20,831:INFO:[Rank-0] val time 15.7717, epoch 127, step  40, loss 1.27229191, auc@1 64.31, auc@5 88.54
2021-05-19 02:49:58,507:INFO:[Rank-0] train time 37.6333, epoch 128, step  49, loss 0.90539342, auc@1 73.99, auc@5 94.42, share 0, std_loss 0, 
2021-05-19 02:50:14,256:INFO:[Rank-0] val time 15.7467, epoch 128, step  40, loss 1.27125112, auc@1 64.02, auc@5 88.80
2021-05-19 02:50:52,234:INFO:[Rank-0] train time 37.8948, epoch 129, step  49, loss 0.90096933, auc@1 74.24, auc@5 94.47, share 0, std_loss 0, 
2021-05-19 02:51:08,264:INFO:[Rank-0] val time 16.0284, epoch 129, step  40, loss 1.26549927, auc@1 64.30, auc@5 88.64
2021-05-19 02:51:46,654:INFO:[Rank-0] train time 38.3880, epoch 130, step  49, loss 0.89073962, auc@1 74.40, auc@5 94.52, share 0, std_loss 0, 
2021-05-19 02:52:02,541:INFO:[Rank-0] val time 15.8828, epoch 130, step  40, loss 1.26378976, auc@1 64.13, auc@5 88.80
2021-05-19 02:52:40,405:INFO:[Rank-0] train time 37.7652, epoch 131, step  49, loss 0.89940298, auc@1 74.24, auc@5 94.36, share 0, std_loss 0, 
2021-05-19 02:52:56,239:INFO:[Rank-0] val time 15.8321, epoch 131, step  40, loss 1.26578528, auc@1 64.56, auc@5 88.81
2021-05-19 02:53:34,225:INFO:[Rank-0] train time 37.9232, epoch 132, step  49, loss 0.89259297, auc@1 74.43, auc@5 94.68, share 0, std_loss 0, 
2021-05-19 02:53:50,131:INFO:[Rank-0] val time 15.9046, epoch 132, step  40, loss 1.26446000, auc@1 64.43, auc@5 88.92
2021-05-19 02:54:28,614:INFO:[Rank-0] train time 38.4808, epoch 133, step  49, loss 0.88754940, auc@1 74.47, auc@5 94.65, share 0, std_loss 0, 
2021-05-19 02:54:44,348:INFO:[Rank-0] val time 15.7300, epoch 133, step  40, loss 1.26798892, auc@1 64.53, auc@5 88.76
2021-05-19 02:55:22,518:INFO:[Rank-0] train time 38.1345, epoch 134, step  49, loss 0.88495940, auc@1 74.39, auc@5 94.66, share 0, std_loss 0, 
2021-05-19 02:55:38,291:INFO:[Rank-0] val time 15.7703, epoch 134, step  40, loss 1.26465340, auc@1 64.36, auc@5 88.81
2021-05-19 02:56:16,814:INFO:[Rank-0] train time 38.5223, epoch 135, step  49, loss 0.88388455, auc@1 74.60, auc@5 94.74, share 0, std_loss 0, 
2021-05-19 02:56:32,831:INFO:[Rank-0] val time 16.0146, epoch 135, step  40, loss 1.26250995, auc@1 64.68, auc@5 88.75
2021-05-19 02:57:10,999:INFO:[Rank-0] train time 37.9393, epoch 136, step  49, loss 0.87194705, auc@1 74.93, auc@5 94.88, share 0, std_loss 0, 
2021-05-19 02:57:26,906:INFO:[Rank-0] val time 15.9049, epoch 136, step  40, loss 1.26035671, auc@1 64.44, auc@5 88.67
2021-05-19 02:58:04,748:INFO:[Rank-0] train time 37.8404, epoch 137, step  49, loss 0.86755478, auc@1 75.19, auc@5 94.78, share 0, std_loss 0, 
2021-05-19 02:58:20,686:INFO:[Rank-0] val time 15.9353, epoch 137, step  40, loss 1.26160601, auc@1 64.44, auc@5 88.76
2021-05-19 02:58:58,707:INFO:[Rank-0] train time 38.0199, epoch 138, step  49, loss 0.86553234, auc@1 75.07, auc@5 94.93, share 0, std_loss 0, 
2021-05-19 02:59:14,637:INFO:[Rank-0] val time 15.9243, epoch 138, step  40, loss 1.26191010, auc@1 64.64, auc@5 88.76
2021-05-19 02:59:52,494:INFO:[Rank-0] train time 37.8480, epoch 139, step  49, loss 0.86751091, auc@1 74.78, auc@5 94.89, share 0, std_loss 0, 
2021-05-19 03:00:08,324:INFO:[Rank-0] val time 15.8277, epoch 139, step  40, loss 1.26334141, auc@1 64.53, auc@5 88.63
2021-05-19 03:00:46,546:INFO:[Rank-0] train time 38.2204, epoch 140, step  49, loss 0.85475314, auc@1 75.26, auc@5 95.05, share 0, std_loss 0, 
2021-05-19 03:01:02,292:INFO:[Rank-0] val time 15.7415, epoch 140, step  40, loss 1.26280829, auc@1 64.41, auc@5 88.52
2021-05-19 03:01:40,967:INFO:[Rank-0] train time 38.5564, epoch 141, step  49, loss 0.86000180, auc@1 75.35, auc@5 94.90, share 0, std_loss 0, 
2021-05-19 03:01:56,876:INFO:[Rank-0] val time 15.9068, epoch 141, step  40, loss 1.26437665, auc@1 64.27, auc@5 88.87
2021-05-19 03:02:35,255:INFO:[Rank-0] train time 38.3777, epoch 142, step  49, loss 0.84926951, auc@1 75.50, auc@5 94.99, share 0, std_loss 0, 
2021-05-19 03:02:51,032:INFO:[Rank-0] val time 15.7750, epoch 142, step  40, loss 1.26770828, auc@1 64.09, auc@5 88.70
2021-05-19 03:03:28,774:INFO:[Rank-0] train time 37.7409, epoch 143, step  49, loss 0.84786928, auc@1 75.75, auc@5 95.03, share 0, std_loss 0, 
2021-05-19 03:03:44,726:INFO:[Rank-0] val time 15.9472, epoch 143, step  40, loss 1.25787440, auc@1 64.61, auc@5 88.72
2021-05-19 03:04:22,501:INFO:[Rank-0] train time 37.6842, epoch 144, step  49, loss 0.84585935, auc@1 75.64, auc@5 95.06, share 0, std_loss 0, 
2021-05-19 03:04:38,359:INFO:[Rank-0] val time 15.8555, epoch 144, step  40, loss 1.25930706, auc@1 64.53, auc@5 88.93
2021-05-19 03:05:16,572:INFO:[Rank-0] train time 38.2107, epoch 145, step  49, loss 0.84888899, auc@1 75.50, auc@5 95.05, share 0, std_loss 0, 
2021-05-19 03:05:32,428:INFO:[Rank-0] val time 15.8519, epoch 145, step  40, loss 1.26046658, auc@1 64.46, auc@5 88.87
2021-05-19 03:06:10,597:INFO:[Rank-0] train time 38.1683, epoch 146, step  49, loss 0.83843094, auc@1 75.72, auc@5 95.32, share 0, std_loss 0, 
2021-05-19 03:06:26,537:INFO:[Rank-0] val time 15.9346, epoch 146, step  40, loss 1.26903443, auc@1 64.11, auc@5 88.84
2021-05-19 03:07:04,501:INFO:[Rank-0] train time 37.9632, epoch 147, step  49, loss 0.83640546, auc@1 76.08, auc@5 95.11, share 0, std_loss 0, 
2021-05-19 03:07:20,753:INFO:[Rank-0] val time 16.2461, epoch 147, step  40, loss 1.26011280, auc@1 64.57, auc@5 88.81
2021-05-19 03:07:58,530:INFO:[Rank-0] train time 37.7756, epoch 148, step  49, loss 0.83000016, auc@1 76.15, auc@5 95.14, share 0, std_loss 0, 
2021-05-19 03:08:14,959:INFO:[Rank-0] val time 16.4238, epoch 148, step  40, loss 1.26782382, auc@1 64.51, auc@5 88.79
2021-05-19 03:08:52,388:INFO:[Rank-0] train time 37.3730, epoch 149, step  49, loss 0.82403326, auc@1 76.23, auc@5 95.30, share 0, std_loss 0, 
2021-05-19 03:09:08,088:INFO:[Rank-0] val time 15.6972, epoch 149, step  40, loss 1.26017349, auc@1 64.46, auc@5 88.84
2021-05-19 03:09:46,305:INFO:[Rank-0] train time 38.1006, epoch 150, step  49, loss 0.82764083, auc@1 76.15, auc@5 95.26, share 0, std_loss 0, 
2021-05-19 03:10:02,071:INFO:[Rank-0] val time 15.7636, epoch 150, step  40, loss 1.26419955, auc@1 64.53, auc@5 88.75
2021-05-19 03:10:40,220:INFO:[Rank-0] train time 37.9677, epoch 151, step  49, loss 0.81393123, auc@1 76.72, auc@5 95.31, share 0, std_loss 0, 
2021-05-19 03:10:56,061:INFO:[Rank-0] val time 15.8389, epoch 151, step  40, loss 1.25706510, auc@1 64.70, auc@5 88.90
2021-05-19 03:11:33,990:INFO:[Rank-0] train time 37.8782, epoch 152, step  49, loss 0.81286502, auc@1 76.63, auc@5 95.44, share 0, std_loss 0, 
2021-05-19 03:11:49,993:INFO:[Rank-0] val time 16.0003, epoch 152, step  40, loss 1.25174488, auc@1 64.77, auc@5 88.92
2021-05-19 03:12:27,995:INFO:[Rank-0] train time 38.0004, epoch 153, step  49, loss 0.80762827, auc@1 76.73, auc@5 95.53, share 0, std_loss 0, 
2021-05-19 03:12:44,184:INFO:[Rank-0] val time 16.1847, epoch 153, step  40, loss 1.25204856, auc@1 64.87, auc@5 88.92
2021-05-19 03:13:22,188:INFO:[Rank-0] train time 38.0031, epoch 154, step  49, loss 0.80650467, auc@1 76.72, auc@5 95.52, share 0, std_loss 0, 
2021-05-19 03:13:38,204:INFO:[Rank-0] val time 16.0115, epoch 154, step  40, loss 1.24931188, auc@1 64.61, auc@5 88.98
2021-05-19 03:14:15,455:INFO:[Rank-0] train time 37.2502, epoch 155, step  49, loss 0.79788798, auc@1 77.13, auc@5 95.64, share 0, std_loss 0, 
2021-05-19 03:14:31,348:INFO:[Rank-0] val time 15.8851, epoch 155, step  40, loss 1.24968439, auc@1 64.84, auc@5 89.03
2021-05-19 03:15:09,638:INFO:[Rank-0] train time 38.2878, epoch 156, step  49, loss 0.80047405, auc@1 77.15, auc@5 95.55, share 0, std_loss 0, 
2021-05-19 03:15:25,411:INFO:[Rank-0] val time 15.7712, epoch 156, step  40, loss 1.24849194, auc@1 64.62, auc@5 88.97
2021-05-19 03:16:03,315:INFO:[Rank-0] train time 37.8817, epoch 157, step  49, loss 0.79783827, auc@1 77.21, auc@5 95.47, share 0, std_loss 0, 
2021-05-19 03:16:19,245:INFO:[Rank-0] val time 15.9262, epoch 157, step  40, loss 1.24873287, auc@1 64.75, auc@5 88.92
2021-05-19 03:16:57,559:INFO:[Rank-0] train time 38.2594, epoch 158, step  49, loss 0.79682547, auc@1 77.19, auc@5 95.49, share 0, std_loss 0, 
2021-05-19 03:17:13,218:INFO:[Rank-0] val time 15.6576, epoch 158, step  40, loss 1.24840522, auc@1 64.73, auc@5 88.96
2021-05-19 03:17:51,682:INFO:[Rank-0] train time 38.3765, epoch 159, step  49, loss 0.79582459, auc@1 77.15, auc@5 95.58, share 0, std_loss 0, 
2021-05-19 03:18:08,000:INFO:[Rank-0] val time 16.3157, epoch 159, step  40, loss 1.24843519, auc@1 64.84, auc@5 88.96
2021-05-19 03:18:45,738:INFO:[Rank-0] train time 37.7369, epoch 160, step  49, loss 0.79728806, auc@1 77.07, auc@5 95.64, share 0, std_loss 0, 
2021-05-19 03:19:01,704:INFO:[Rank-0] val time 15.9632, epoch 160, step  40, loss 1.24929476, auc@1 64.79, auc@5 88.94
2021-05-19 03:19:39,713:INFO:[Rank-0] train time 37.9836, epoch 161, step  49, loss 0.79715037, auc@1 77.13, auc@5 95.53, share 0, std_loss 0, 
2021-05-19 03:19:56,103:INFO:[Rank-0] val time 16.3877, epoch 161, step  40, loss 1.24518973, auc@1 64.84, auc@5 89.00
2021-05-19 03:20:33,845:INFO:[Rank-0] train time 37.7403, epoch 162, step  49, loss 0.79665357, auc@1 77.29, auc@5 95.52, share 0, std_loss 0, 
2021-05-19 03:20:49,648:INFO:[Rank-0] val time 15.7990, epoch 162, step  40, loss 1.24564345, auc@1 64.81, auc@5 89.02
2021-05-19 03:21:27,428:INFO:[Rank-0] train time 37.7118, epoch 163, step  49, loss 0.79473472, auc@1 77.26, auc@5 95.56, share 0, std_loss 0, 
2021-05-19 03:21:43,302:INFO:[Rank-0] val time 15.8717, epoch 163, step  40, loss 1.24495594, auc@1 64.95, auc@5 89.01
2021-05-19 03:22:21,324:INFO:[Rank-0] train time 37.9044, epoch 164, step  49, loss 0.78956836, auc@1 77.48, auc@5 95.58, share 0, std_loss 0, 
2021-05-19 03:22:37,322:INFO:[Rank-0] val time 15.9964, epoch 164, step  40, loss 1.24530674, auc@1 64.94, auc@5 89.04
2021-05-19 03:23:15,378:INFO:[Rank-0] train time 38.0181, epoch 165, step  49, loss 0.79515851, auc@1 77.01, auc@5 95.61, share 0, std_loss 0, 
2021-05-19 03:23:31,215:INFO:[Rank-0] val time 15.8350, epoch 165, step  40, loss 1.24771970, auc@1 64.95, auc@5 89.01
2021-05-19 03:24:09,613:INFO:[Rank-0] train time 38.3958, epoch 166, step  49, loss 0.79276627, auc@1 77.31, auc@5 95.62, share 0, std_loss 0, 
2021-05-19 03:24:25,503:INFO:[Rank-0] val time 15.8851, epoch 166, step  40, loss 1.24315227, auc@1 64.90, auc@5 89.09
2021-05-19 03:25:03,889:INFO:[Rank-0] train time 38.3841, epoch 167, step  49, loss 0.78863662, auc@1 77.41, auc@5 95.69, share 0, std_loss 0, 
2021-05-19 03:25:19,832:INFO:[Rank-0] val time 15.9394, epoch 167, step  40, loss 1.24246601, auc@1 65.01, auc@5 89.00
2021-05-19 03:25:58,246:INFO:[Rank-0] train time 38.3364, epoch 168, step  49, loss 0.79234123, auc@1 77.25, auc@5 95.52, share 0, std_loss 0, 
2021-05-19 03:26:13,998:INFO:[Rank-0] val time 15.7494, epoch 168, step  40, loss 1.24481341, auc@1 64.75, auc@5 89.04
2021-05-19 03:26:52,274:INFO:[Rank-0] train time 38.2746, epoch 169, step  49, loss 0.79039305, auc@1 77.46, auc@5 95.55, share 0, std_loss 0, 
2021-05-19 03:27:08,185:INFO:[Rank-0] val time 15.9079, epoch 169, step  40, loss 1.24345369, auc@1 65.02, auc@5 88.99
2021-05-19 03:27:45,931:INFO:[Rank-0] train time 37.6645, epoch 170, step  49, loss 0.78995460, auc@1 77.23, auc@5 95.56, share 0, std_loss 0, 
2021-05-19 03:28:01,693:INFO:[Rank-0] val time 15.7594, epoch 170, step  40, loss 1.24394366, auc@1 64.98, auc@5 88.95
2021-05-19 03:28:39,629:INFO:[Rank-0] train time 37.9348, epoch 171, step  49, loss 0.79137778, auc@1 77.42, auc@5 95.65, share 0, std_loss 0, 
2021-05-19 03:28:55,490:INFO:[Rank-0] val time 15.8561, epoch 171, step  40, loss 1.24453705, auc@1 65.02, auc@5 89.17
2021-05-19 03:29:33,704:INFO:[Rank-0] train time 38.1599, epoch 172, step  49, loss 0.78982413, auc@1 77.43, auc@5 95.66, share 0, std_loss 0, 
2021-05-19 03:29:49,491:INFO:[Rank-0] val time 15.7844, epoch 172, step  40, loss 1.24289135, auc@1 64.86, auc@5 89.03
2021-05-19 03:30:27,649:INFO:[Rank-0] train time 38.1572, epoch 173, step  49, loss 0.78422594, auc@1 77.45, auc@5 95.69, share 0, std_loss 0, 
2021-05-19 03:30:43,440:INFO:[Rank-0] val time 15.7859, epoch 173, step  40, loss 1.24436080, auc@1 65.02, auc@5 89.02
2021-05-19 03:31:22,115:INFO:[Rank-0] train time 38.6471, epoch 174, step  49, loss 0.78661525, auc@1 77.66, auc@5 95.68, share 0, std_loss 0, 
2021-05-19 03:31:37,901:INFO:[Rank-0] val time 15.7844, epoch 174, step  40, loss 1.24346546, auc@1 65.00, auc@5 88.98
2021-05-19 03:32:16,658:INFO:[Rank-0] train time 38.7544, epoch 175, step  49, loss 0.78835952, auc@1 77.35, auc@5 95.61, share 0, std_loss 0, 
2021-05-19 03:32:32,554:INFO:[Rank-0] val time 15.8918, epoch 175, step  40, loss 1.24343056, auc@1 64.95, auc@5 88.99
2021-05-19 03:33:09,886:INFO:[Rank-0] train time 37.3153, epoch 176, step  49, loss 0.79362392, auc@1 77.21, auc@5 95.53, share 0, std_loss 0, 
2021-05-19 03:33:25,661:INFO:[Rank-0] val time 15.7721, epoch 176, step  40, loss 1.23995655, auc@1 64.95, auc@5 89.16
2021-05-19 03:34:04,064:INFO:[Rank-0] train time 38.2810, epoch 177, step  49, loss 0.78504765, auc@1 77.52, auc@5 95.57, share 0, std_loss 0, 
2021-05-19 03:34:19,855:INFO:[Rank-0] val time 15.7886, epoch 177, step  40, loss 1.24055130, auc@1 65.05, auc@5 89.09
2021-05-19 03:34:57,699:INFO:[Rank-0] train time 37.7168, epoch 178, step  49, loss 0.78187078, auc@1 77.63, auc@5 95.83, share 0, std_loss 0, 
2021-05-19 03:35:13,615:INFO:[Rank-0] val time 15.9140, epoch 178, step  40, loss 1.24121627, auc@1 64.96, auc@5 89.08
2021-05-19 03:35:51,363:INFO:[Rank-0] train time 37.7471, epoch 179, step  49, loss 0.78349763, auc@1 77.48, auc@5 95.73, share 0, std_loss 0, 
2021-05-19 03:36:07,185:INFO:[Rank-0] val time 15.8178, epoch 179, step  40, loss 1.24225638, auc@1 64.98, auc@5 89.06
2021-05-19 03:36:44,808:INFO:[Rank-0] train time 37.5386, epoch 180, step  49, loss 0.78120643, auc@1 77.83, auc@5 95.70, share 0, std_loss 0, 
2021-05-19 03:37:00,581:INFO:[Rank-0] val time 15.7711, epoch 180, step  40, loss 1.24142939, auc@1 64.80, auc@5 89.21
2021-05-19 03:37:38,444:INFO:[Rank-0] train time 37.8143, epoch 181, step  49, loss 0.78559619, auc@1 77.28, auc@5 95.66, share 0, std_loss 0, 
2021-05-19 03:37:54,215:INFO:[Rank-0] val time 15.7684, epoch 181, step  40, loss 1.24069451, auc@1 65.16, auc@5 89.09
2021-05-19 03:38:32,094:INFO:[Rank-0] train time 37.8781, epoch 182, step  49, loss 0.78436476, auc@1 77.41, auc@5 95.67, share 0, std_loss 0, 
2021-05-19 03:38:48,403:INFO:[Rank-0] val time 16.3063, epoch 182, step  40, loss 1.24322145, auc@1 65.06, auc@5 89.03
2021-05-19 03:39:26,333:INFO:[Rank-0] train time 37.8765, epoch 183, step  49, loss 0.77749908, auc@1 77.57, auc@5 95.71, share 0, std_loss 0, 
2021-05-19 03:39:42,292:INFO:[Rank-0] val time 15.9563, epoch 183, step  40, loss 1.24069744, auc@1 65.08, auc@5 89.23
2021-05-19 03:40:20,161:INFO:[Rank-0] train time 37.7906, epoch 184, step  49, loss 0.78036779, auc@1 77.62, auc@5 95.86, share 0, std_loss 0, 
2021-05-19 03:40:36,093:INFO:[Rank-0] val time 15.9299, epoch 184, step  40, loss 1.24069844, auc@1 65.17, auc@5 89.15
2021-05-19 03:41:14,247:INFO:[Rank-0] train time 38.1265, epoch 185, step  49, loss 0.77956408, auc@1 77.48, auc@5 95.69, share 0, std_loss 0, 
2021-05-19 03:41:30,005:INFO:[Rank-0] val time 15.7546, epoch 185, step  40, loss 1.24137870, auc@1 65.08, auc@5 89.10
2021-05-19 03:42:07,966:INFO:[Rank-0] train time 37.9113, epoch 186, step  49, loss 0.78359407, auc@1 77.48, auc@5 95.76, share 0, std_loss 0, 
2021-05-19 03:42:23,904:INFO:[Rank-0] val time 15.9363, epoch 186, step  40, loss 1.24043711, auc@1 65.05, auc@5 89.12
2021-05-19 03:43:02,552:INFO:[Rank-0] train time 38.6453, epoch 187, step  49, loss 0.77623242, auc@1 77.80, auc@5 95.68, share 0, std_loss 0, 
2021-05-19 03:43:18,400:INFO:[Rank-0] val time 15.8443, epoch 187, step  40, loss 1.23994155, auc@1 65.27, auc@5 89.08
2021-05-19 03:43:56,359:INFO:[Rank-0] train time 37.8583, epoch 188, step  49, loss 0.77709806, auc@1 77.66, auc@5 95.79, share 0, std_loss 0, 
2021-05-19 03:44:12,229:INFO:[Rank-0] val time 15.8675, epoch 188, step  40, loss 1.24099842, auc@1 65.15, auc@5 89.17
2021-05-19 03:44:50,635:INFO:[Rank-0] train time 38.2877, epoch 189, step  49, loss 0.77941018, auc@1 77.54, auc@5 95.78, share 0, std_loss 0, 
2021-05-19 03:45:06,471:INFO:[Rank-0] val time 15.8325, epoch 189, step  40, loss 1.24189755, auc@1 65.17, auc@5 89.27
2021-05-19 03:45:44,503:INFO:[Rank-0] train time 38.0303, epoch 190, step  49, loss 0.78022611, auc@1 77.73, auc@5 95.73, share 0, std_loss 0, 
2021-05-19 03:46:00,284:INFO:[Rank-0] val time 15.7788, epoch 190, step  40, loss 1.24116787, auc@1 65.04, auc@5 89.15
2021-05-19 03:46:38,480:INFO:[Rank-0] train time 38.1948, epoch 191, step  49, loss 0.77643210, auc@1 77.85, auc@5 95.83, share 0, std_loss 0, 
2021-05-19 03:46:54,323:INFO:[Rank-0] val time 15.8411, epoch 191, step  40, loss 1.24121181, auc@1 65.06, auc@5 89.18
2021-05-19 03:47:32,187:INFO:[Rank-0] train time 37.8623, epoch 192, step  49, loss 0.77643335, auc@1 77.73, auc@5 95.76, share 0, std_loss 0, 
2021-05-19 03:47:48,018:INFO:[Rank-0] val time 15.8274, epoch 192, step  40, loss 1.23874693, auc@1 65.16, auc@5 89.06
2021-05-19 03:48:25,871:INFO:[Rank-0] train time 37.8516, epoch 193, step  49, loss 0.77326697, auc@1 77.75, auc@5 95.90, share 0, std_loss 0, 
2021-05-19 03:48:41,697:INFO:[Rank-0] val time 15.8225, epoch 193, step  40, loss 1.24287280, auc@1 65.11, auc@5 89.10
2021-05-19 03:49:19,437:INFO:[Rank-0] train time 37.7389, epoch 194, step  49, loss 0.78014463, auc@1 77.55, auc@5 95.78, share 0, std_loss 0, 
2021-05-19 03:49:35,224:INFO:[Rank-0] val time 15.7824, epoch 194, step  40, loss 1.24039614, auc@1 65.16, auc@5 89.18
2021-05-19 03:50:13,680:INFO:[Rank-0] train time 38.4548, epoch 195, step  49, loss 0.77452880, auc@1 77.96, auc@5 95.71, share 0, std_loss 0, 
2021-05-19 03:50:29,597:INFO:[Rank-0] val time 15.9149, epoch 195, step  40, loss 1.24169438, auc@1 65.11, auc@5 89.12
2021-05-19 03:51:07,434:INFO:[Rank-0] train time 37.8041, epoch 196, step  49, loss 0.77331299, auc@1 77.80, auc@5 95.67, share 0, std_loss 0, 
2021-05-19 03:51:23,386:INFO:[Rank-0] val time 15.9438, epoch 196, step  40, loss 1.23983187, auc@1 65.12, auc@5 89.13
2021-05-19 03:52:01,796:INFO:[Rank-0] train time 38.4083, epoch 197, step  49, loss 0.77112782, auc@1 77.94, auc@5 95.81, share 0, std_loss 0, 
2021-05-19 03:52:17,726:INFO:[Rank-0] val time 15.9242, epoch 197, step  40, loss 1.24113118, auc@1 65.13, auc@5 89.14
2021-05-19 03:52:55,651:INFO:[Rank-0] train time 37.9232, epoch 198, step  49, loss 0.77003729, auc@1 77.94, auc@5 95.94, share 0, std_loss 0, 
2021-05-19 03:53:11,578:INFO:[Rank-0] val time 15.9223, epoch 198, step  40, loss 1.24069764, auc@1 65.04, auc@5 89.00
2021-05-19 03:53:49,693:INFO:[Rank-0] train time 38.1143, epoch 199, step  49, loss 0.77072406, auc@1 78.08, auc@5 95.91, share 0, std_loss 0, 
2021-05-19 03:54:05,679:INFO:[Rank-0] val time 15.9838, epoch 199, step  40, loss 1.24014797, auc@1 65.05, auc@5 89.16
2021-05-19 03:54:43,872:INFO:[Rank-0] train time 38.1779, epoch 200, step  49, loss 0.77955741, auc@1 77.57, auc@5 95.70, share 0, std_loss 0, 
2021-05-19 03:54:59,587:INFO:[Rank-0] val time 15.7121, epoch 200, step  40, loss 1.24231030, auc@1 65.10, auc@5 89.11
2021-05-19 03:54:59,755:INFO:[Rank-0] finish, train+val 10798.86677, train 7621.67752, reduce_count   0
