2021-05-19 00:54:59,373:INFO:[Rank-1] args : Namespace(batch=1024, current_time='20210518_213718', dataset='cifar100', epochs=200, ip='192.168.1.1:7548', k=4, lr=0.1, momentum=0.9, name='local(k=4)', rank=1, scheduler_step=50, train_type='local', weight_decay=0.001, world=4)
2021-05-19 00:55:39,244:INFO:[Rank-1] train time 38.3061, epoch   1, step  49, loss 5.40203953, auc@1 1.26, auc@5 5.56, share 0, std_loss 0, 
2021-05-19 00:55:55,470:INFO:[Rank-1] val time 16.2229, epoch   1, step  40, loss 8.03150127, auc@1 1.58, auc@5 7.62
2021-05-19 00:56:33,403:INFO:[Rank-1] train time 37.8667, epoch   2, step  49, loss 4.71810961, auc@1 2.17, auc@5 9.04, share 0, std_loss 0, 
2021-05-19 00:56:49,601:INFO:[Rank-1] val time 16.1952, epoch   2, step  40, loss 4.36863383, auc@1 3.52, auc@5 15.13
2021-05-19 00:57:27,426:INFO:[Rank-1] train time 37.8239, epoch   3, step  49, loss 4.46271276, auc@1 3.29, auc@5 13.36, share 0, std_loss 0, 
2021-05-19 00:57:43,760:INFO:[Rank-1] val time 16.3292, epoch   3, step  40, loss 4.18736856, auc@1 4.69, auc@5 20.03
2021-05-19 00:58:21,218:INFO:[Rank-1] train time 37.4525, epoch   4, step  49, loss 4.30311728, auc@1 4.48, auc@5 17.47, share 0, std_loss 0, 
2021-05-19 00:58:37,265:INFO:[Rank-1] val time 16.0453, epoch   4, step  40, loss 4.07119039, auc@1 6.79, auc@5 23.93
2021-05-19 00:59:15,062:INFO:[Rank-1] train time 37.6932, epoch   5, step  49, loss 4.15932894, auc@1 5.58, auc@5 21.20, share 0, std_loss 0, 
2021-05-19 00:59:31,278:INFO:[Rank-1] val time 16.2128, epoch   5, step  40, loss 3.96274500, auc@1 7.62, auc@5 26.66
2021-05-19 01:00:08,963:INFO:[Rank-1] train time 37.5425, epoch   6, step  49, loss 4.06107187, auc@1 6.63, auc@5 24.18, share 0, std_loss 0, 
2021-05-19 01:00:24,920:INFO:[Rank-1] val time 15.9548, epoch   6, step  40, loss 3.94175908, auc@1 8.34, auc@5 27.73
2021-05-19 01:01:02,614:INFO:[Rank-1] train time 37.6282, epoch   7, step  49, loss 3.98694992, auc@1 7.54, auc@5 26.54, share 0, std_loss 0, 
2021-05-19 01:01:18,920:INFO:[Rank-1] val time 16.3016, epoch   7, step  40, loss 3.81083455, auc@1 9.90, auc@5 31.58
2021-05-19 01:01:56,527:INFO:[Rank-1] train time 37.5980, epoch   8, step  49, loss 3.91139197, auc@1 8.42, auc@5 28.72, share 0, std_loss 0, 
2021-05-19 01:02:13,080:INFO:[Rank-1] val time 16.5480, epoch   8, step  40, loss 3.79874646, auc@1 10.23, auc@5 32.19
2021-05-19 01:02:51,129:INFO:[Rank-1] train time 37.9229, epoch   9, step  49, loss 3.85893679, auc@1 9.20, auc@5 30.50, share 0, std_loss 0, 
2021-05-19 01:03:07,504:INFO:[Rank-1] val time 16.3717, epoch   9, step  40, loss 3.72968149, auc@1 11.94, auc@5 35.14
2021-05-19 01:03:45,511:INFO:[Rank-1] train time 38.0058, epoch  10, step  49, loss 3.80357814, auc@1 10.33, auc@5 32.26, share 0, std_loss 0, 
2021-05-19 01:04:01,655:INFO:[Rank-1] val time 16.1412, epoch  10, step  40, loss 3.70863944, auc@1 11.56, auc@5 35.64
2021-05-19 01:04:39,203:INFO:[Rank-1] train time 37.5453, epoch  11, step  49, loss 3.74213505, auc@1 11.03, auc@5 34.26, share 0, std_loss 0, 
2021-05-19 01:04:55,595:INFO:[Rank-1] val time 16.3876, epoch  11, step  40, loss 3.62488915, auc@1 13.36, auc@5 37.91
2021-05-19 01:05:33,344:INFO:[Rank-1] train time 37.7191, epoch  12, step  49, loss 3.69312739, auc@1 11.95, auc@5 35.87, share 0, std_loss 0, 
2021-05-19 01:05:49,504:INFO:[Rank-1] val time 16.1568, epoch  12, step  40, loss 3.59021394, auc@1 14.13, auc@5 39.32
2021-05-19 01:06:26,973:INFO:[Rank-1] train time 37.4588, epoch  13, step  49, loss 3.64552903, auc@1 12.70, auc@5 37.50, share 0, std_loss 0, 
2021-05-19 01:06:43,248:INFO:[Rank-1] val time 16.2713, epoch  13, step  40, loss 3.58255878, auc@1 14.34, auc@5 39.71
2021-05-19 01:07:21,411:INFO:[Rank-1] train time 38.1582, epoch  14, step  49, loss 3.59507990, auc@1 13.45, auc@5 38.89, share 0, std_loss 0, 
2021-05-19 01:07:37,890:INFO:[Rank-1] val time 16.4737, epoch  14, step  40, loss 3.42937490, auc@1 16.52, auc@5 43.86
2021-05-19 01:08:15,661:INFO:[Rank-1] train time 37.7241, epoch  15, step  49, loss 3.53871250, auc@1 14.72, auc@5 40.61, share 0, std_loss 0, 
2021-05-19 01:08:31,742:INFO:[Rank-1] val time 16.0788, epoch  15, step  40, loss 3.40191550, auc@1 17.17, auc@5 44.93
2021-05-19 01:09:09,192:INFO:[Rank-1] train time 37.4479, epoch  16, step  49, loss 3.48323989, auc@1 15.62, auc@5 42.26, share 0, std_loss 0, 
2021-05-19 01:09:25,579:INFO:[Rank-1] val time 16.3809, epoch  16, step  40, loss 3.36494433, auc@1 18.90, auc@5 45.71
2021-05-19 01:10:03,648:INFO:[Rank-1] train time 37.9940, epoch  17, step  49, loss 3.43457198, auc@1 16.30, auc@5 43.78, share 0, std_loss 0, 
2021-05-19 01:10:20,092:INFO:[Rank-1] val time 16.4401, epoch  17, step  40, loss 3.38084731, auc@1 17.29, auc@5 45.07
2021-05-19 01:10:57,672:INFO:[Rank-1] train time 37.5785, epoch  18, step  49, loss 3.39100933, auc@1 17.06, auc@5 45.05, share 0, std_loss 0, 
2021-05-19 01:11:13,906:INFO:[Rank-1] val time 16.2291, epoch  18, step  40, loss 3.24662476, auc@1 19.76, auc@5 49.54
2021-05-19 01:11:51,901:INFO:[Rank-1] train time 37.9940, epoch  19, step  49, loss 3.33885884, auc@1 18.03, auc@5 46.57, share 0, std_loss 0, 
2021-05-19 01:12:08,534:INFO:[Rank-1] val time 16.6276, epoch  19, step  40, loss 3.29677881, auc@1 19.08, auc@5 47.43
2021-05-19 01:12:46,472:INFO:[Rank-1] train time 37.9236, epoch  20, step  49, loss 3.29410005, auc@1 18.85, auc@5 47.98, share 0, std_loss 0, 
2021-05-19 01:13:02,736:INFO:[Rank-1] val time 16.2614, epoch  20, step  40, loss 3.19033278, auc@1 21.52, auc@5 49.91
2021-05-19 01:13:40,256:INFO:[Rank-1] train time 37.3499, epoch  21, step  49, loss 3.25696135, auc@1 19.70, auc@5 48.79, share 0, std_loss 0, 
2021-05-19 01:13:56,810:INFO:[Rank-1] val time 16.5514, epoch  21, step  40, loss 3.30051712, auc@1 19.60, auc@5 47.99
2021-05-19 01:14:34,927:INFO:[Rank-1] train time 37.9580, epoch  22, step  49, loss 3.21064663, auc@1 20.71, auc@5 50.02, share 0, std_loss 0, 
2021-05-19 01:14:50,966:INFO:[Rank-1] val time 16.0375, epoch  22, step  40, loss 3.18860163, auc@1 21.32, auc@5 50.45
2021-05-19 01:15:28,504:INFO:[Rank-1] train time 37.4590, epoch  23, step  49, loss 3.16786003, auc@1 21.04, auc@5 51.19, share 0, std_loss 0, 
2021-05-19 01:15:44,681:INFO:[Rank-1] val time 16.1739, epoch  23, step  40, loss 3.07898490, auc@1 23.49, auc@5 53.34
2021-05-19 01:16:22,468:INFO:[Rank-1] train time 37.7340, epoch  24, step  49, loss 3.12339497, auc@1 22.02, auc@5 52.30, share 0, std_loss 0, 
2021-05-19 01:16:38,616:INFO:[Rank-1] val time 16.1445, epoch  24, step  40, loss 3.04167916, auc@1 23.21, auc@5 54.73
2021-05-19 01:17:15,955:INFO:[Rank-1] train time 37.3381, epoch  25, step  49, loss 3.08633852, auc@1 22.67, auc@5 53.30, share 0, std_loss 0, 
2021-05-19 01:17:32,177:INFO:[Rank-1] val time 16.2178, epoch  25, step  40, loss 3.00653475, auc@1 25.14, auc@5 55.10
2021-05-19 01:18:09,949:INFO:[Rank-1] train time 37.7706, epoch  26, step  49, loss 3.05129123, auc@1 23.67, auc@5 54.15, share 0, std_loss 0, 
2021-05-19 01:18:26,289:INFO:[Rank-1] val time 16.3347, epoch  26, step  40, loss 3.00809112, auc@1 25.52, auc@5 54.74
2021-05-19 01:19:03,993:INFO:[Rank-1] train time 37.5662, epoch  27, step  49, loss 3.00223398, auc@1 24.61, auc@5 55.45, share 0, std_loss 0, 
2021-05-19 01:19:20,316:INFO:[Rank-1] val time 16.3203, epoch  27, step  40, loss 2.93583530, auc@1 26.18, auc@5 56.35
2021-05-19 01:19:58,160:INFO:[Rank-1] train time 37.7210, epoch  28, step  49, loss 2.96505117, auc@1 25.32, auc@5 56.24, share 0, std_loss 0, 
2021-05-19 01:20:14,473:INFO:[Rank-1] val time 16.3109, epoch  28, step  40, loss 2.93660666, auc@1 26.47, auc@5 57.24
2021-05-19 01:20:52,122:INFO:[Rank-1] train time 37.5076, epoch  29, step  49, loss 2.93306184, auc@1 25.95, auc@5 57.49, share 0, std_loss 0, 
2021-05-19 01:21:08,347:INFO:[Rank-1] val time 16.2238, epoch  29, step  40, loss 2.85509656, auc@1 27.44, auc@5 59.20
2021-05-19 01:21:46,104:INFO:[Rank-1] train time 37.6692, epoch  30, step  49, loss 2.88828182, auc@1 26.85, auc@5 58.58, share 0, std_loss 0, 
2021-05-19 01:22:02,086:INFO:[Rank-1] val time 15.9805, epoch  30, step  40, loss 2.92356718, auc@1 26.64, auc@5 57.41
2021-05-19 01:22:39,874:INFO:[Rank-1] train time 37.7864, epoch  31, step  49, loss 2.85697055, auc@1 27.49, auc@5 59.36, share 0, std_loss 0, 
2021-05-19 01:22:56,472:INFO:[Rank-1] val time 16.5929, epoch  31, step  40, loss 2.93293913, auc@1 27.03, auc@5 57.16
2021-05-19 01:23:34,255:INFO:[Rank-1] train time 37.6548, epoch  32, step  49, loss 2.81764126, auc@1 28.16, auc@5 60.14, share 0, std_loss 0, 
2021-05-19 01:23:50,375:INFO:[Rank-1] val time 16.1176, epoch  32, step  40, loss 3.01514195, auc@1 25.47, auc@5 56.15
2021-05-19 01:24:27,828:INFO:[Rank-1] train time 37.4362, epoch  33, step  49, loss 2.78950572, auc@1 28.84, auc@5 61.01, share 0, std_loss 0, 
2021-05-19 01:24:44,027:INFO:[Rank-1] val time 16.1948, epoch  33, step  40, loss 2.76513990, auc@1 29.82, auc@5 60.94
2021-05-19 01:25:21,789:INFO:[Rank-1] train time 37.7351, epoch  34, step  49, loss 2.74609661, auc@1 29.68, auc@5 61.98, share 0, std_loss 0, 
2021-05-19 01:25:38,047:INFO:[Rank-1] val time 16.2551, epoch  34, step  40, loss 2.78560653, auc@1 28.88, auc@5 61.33
2021-05-19 01:26:15,504:INFO:[Rank-1] train time 37.4003, epoch  35, step  49, loss 2.72307587, auc@1 30.05, auc@5 62.64, share 0, std_loss 0, 
2021-05-19 01:26:31,630:INFO:[Rank-1] val time 16.1232, epoch  35, step  40, loss 2.79412176, auc@1 29.34, auc@5 60.67
2021-05-19 01:27:08,998:INFO:[Rank-1] train time 37.3660, epoch  36, step  49, loss 2.69486713, auc@1 30.40, auc@5 63.31, share 0, std_loss 0, 
2021-05-19 01:27:25,158:INFO:[Rank-1] val time 16.1582, epoch  36, step  40, loss 2.70802816, auc@1 30.68, auc@5 62.35
2021-05-19 01:28:03,046:INFO:[Rank-1] train time 37.7953, epoch  37, step  49, loss 2.65239382, auc@1 31.53, auc@5 63.97, share 0, std_loss 0, 
2021-05-19 01:28:19,227:INFO:[Rank-1] val time 16.1781, epoch  37, step  40, loss 2.75971502, auc@1 28.87, auc@5 61.86
2021-05-19 01:28:56,962:INFO:[Rank-1] train time 37.4811, epoch  38, step  49, loss 2.61355543, auc@1 32.34, auc@5 65.27, share 0, std_loss 0, 
2021-05-19 01:29:13,232:INFO:[Rank-1] val time 16.2661, epoch  38, step  40, loss 3.02661236, auc@1 28.14, auc@5 57.01
2021-05-19 01:29:51,091:INFO:[Rank-1] train time 37.7297, epoch  39, step  49, loss 2.58619881, auc@1 32.79, auc@5 65.83, share 0, std_loss 0, 
2021-05-19 01:30:07,603:INFO:[Rank-1] val time 16.5096, epoch  39, step  40, loss 2.79729190, auc@1 29.49, auc@5 60.34
2021-05-19 01:30:44,878:INFO:[Rank-1] train time 37.1953, epoch  40, step  49, loss 2.56861210, auc@1 32.97, auc@5 66.19, share 0, std_loss 0, 
2021-05-19 01:31:01,492:INFO:[Rank-1] val time 16.6104, epoch  40, step  40, loss 2.74761219, auc@1 29.80, auc@5 62.00
2021-05-19 01:31:39,760:INFO:[Rank-1] train time 38.2660, epoch  41, step  49, loss 2.54634666, auc@1 33.60, auc@5 66.78, share 0, std_loss 0, 
2021-05-19 01:31:55,941:INFO:[Rank-1] val time 16.1772, epoch  41, step  40, loss 2.60407290, auc@1 32.37, auc@5 65.41
2021-05-19 01:32:33,921:INFO:[Rank-1] train time 37.9778, epoch  42, step  49, loss 2.51698852, auc@1 34.26, auc@5 67.27, share 0, std_loss 0, 
2021-05-19 01:32:50,235:INFO:[Rank-1] val time 16.3094, epoch  42, step  40, loss 2.64924809, auc@1 33.07, auc@5 64.71
2021-05-19 01:33:27,905:INFO:[Rank-1] train time 37.6681, epoch  43, step  49, loss 2.48549366, auc@1 34.84, auc@5 68.14, share 0, std_loss 0, 
2021-05-19 01:33:44,125:INFO:[Rank-1] val time 16.2151, epoch  43, step  40, loss 2.78033621, auc@1 31.58, auc@5 61.29
2021-05-19 01:34:21,483:INFO:[Rank-1] train time 37.1640, epoch  44, step  49, loss 2.45241761, auc@1 35.65, auc@5 68.91, share 0, std_loss 0, 
2021-05-19 01:34:37,575:INFO:[Rank-1] val time 16.0896, epoch  44, step  40, loss 2.86937349, auc@1 29.42, auc@5 61.31
2021-05-19 01:35:15,475:INFO:[Rank-1] train time 37.7001, epoch  45, step  49, loss 2.44178009, auc@1 35.77, auc@5 69.17, share 0, std_loss 0, 
2021-05-19 01:35:31,653:INFO:[Rank-1] val time 16.1745, epoch  45, step  40, loss 2.50465314, auc@1 35.26, auc@5 66.83
2021-05-19 01:36:09,802:INFO:[Rank-1] train time 38.0531, epoch  46, step  49, loss 2.40284467, auc@1 36.49, auc@5 69.87, share 0, std_loss 0, 
2021-05-19 01:36:26,003:INFO:[Rank-1] val time 16.1989, epoch  46, step  40, loss 2.51967156, auc@1 34.42, auc@5 67.40
2021-05-19 01:37:03,632:INFO:[Rank-1] train time 37.5753, epoch  47, step  49, loss 2.37985945, auc@1 37.01, auc@5 70.53, share 0, std_loss 0, 
2021-05-19 01:37:19,762:INFO:[Rank-1] val time 16.1257, epoch  47, step  40, loss 2.53496897, auc@1 34.98, auc@5 67.35
2021-05-19 01:37:57,006:INFO:[Rank-1] train time 37.1288, epoch  48, step  49, loss 2.34566069, auc@1 37.73, auc@5 71.09, share 0, std_loss 0, 
2021-05-19 01:38:13,160:INFO:[Rank-1] val time 16.1520, epoch  48, step  40, loss 2.67428372, auc@1 32.49, auc@5 63.99
2021-05-19 01:38:50,723:INFO:[Rank-1] train time 37.4786, epoch  49, step  49, loss 2.33977652, auc@1 37.92, auc@5 71.38, share 0, std_loss 0, 
2021-05-19 01:39:06,715:INFO:[Rank-1] val time 15.9889, epoch  49, step  40, loss 2.62132014, auc@1 33.40, auc@5 65.31
2021-05-19 01:39:44,268:INFO:[Rank-1] train time 37.4089, epoch  50, step  49, loss 2.30730104, auc@1 38.56, auc@5 72.07, share 0, std_loss 0, 
2021-05-19 01:40:00,741:INFO:[Rank-1] val time 16.4709, epoch  50, step  40, loss 3.18673982, auc@1 26.48, auc@5 56.08
2021-05-19 01:40:38,580:INFO:[Rank-1] train time 37.8149, epoch  51, step  49, loss 2.06281781, auc@1 44.34, auc@5 77.05, share 0, std_loss 0, 
2021-05-19 01:40:54,922:INFO:[Rank-1] val time 16.3385, epoch  51, step  40, loss 1.88240924, auc@1 49.05, auc@5 79.57
2021-05-19 01:41:32,634:INFO:[Rank-1] train time 37.7092, epoch  52, step  49, loss 1.91278613, auc@1 47.88, auc@5 79.74, share 0, std_loss 0, 
2021-05-19 01:41:48,997:INFO:[Rank-1] val time 16.3590, epoch  52, step  40, loss 1.83267081, auc@1 50.04, auc@5 80.27
2021-05-19 01:42:26,361:INFO:[Rank-1] train time 37.3471, epoch  53, step  49, loss 1.86260688, auc@1 48.94, auc@5 80.70, share 0, std_loss 0, 
2021-05-19 01:42:42,577:INFO:[Rank-1] val time 16.2130, epoch  53, step  40, loss 1.78834105, auc@1 51.37, auc@5 80.95
2021-05-19 01:43:20,478:INFO:[Rank-1] train time 37.8988, epoch  54, step  49, loss 1.82833016, auc@1 49.71, auc@5 81.22, share 0, std_loss 0, 
2021-05-19 01:43:36,723:INFO:[Rank-1] val time 16.2391, epoch  54, step  40, loss 1.77808345, auc@1 51.40, auc@5 81.16
2021-05-19 01:44:14,379:INFO:[Rank-1] train time 37.6036, epoch  55, step  49, loss 1.78925526, auc@1 50.65, auc@5 81.84, share 0, std_loss 0, 
2021-05-19 01:44:30,830:INFO:[Rank-1] val time 16.4477, epoch  55, step  40, loss 1.75459218, auc@1 51.72, auc@5 81.52
2021-05-19 01:45:09,047:INFO:[Rank-1] train time 38.2156, epoch  56, step  49, loss 1.76866388, auc@1 50.96, auc@5 82.23, share 0, std_loss 0, 
2021-05-19 01:45:25,559:INFO:[Rank-1] val time 16.5064, epoch  56, step  40, loss 1.73023045, auc@1 51.95, auc@5 82.21
2021-05-19 01:46:03,521:INFO:[Rank-1] train time 37.9606, epoch  57, step  49, loss 1.74325848, auc@1 51.72, auc@5 82.65, share 0, std_loss 0, 
2021-05-19 01:46:19,960:INFO:[Rank-1] val time 16.4336, epoch  57, step  40, loss 1.71900371, auc@1 52.50, auc@5 82.33
2021-05-19 01:46:57,988:INFO:[Rank-1] train time 37.9940, epoch  58, step  49, loss 1.72112310, auc@1 52.15, auc@5 82.91, share 0, std_loss 0, 
2021-05-19 01:47:14,432:INFO:[Rank-1] val time 16.4414, epoch  58, step  40, loss 1.71966643, auc@1 52.25, auc@5 82.45
2021-05-19 01:47:52,268:INFO:[Rank-1] train time 37.7883, epoch  59, step  49, loss 1.70124185, auc@1 52.71, auc@5 83.16, share 0, std_loss 0, 
2021-05-19 01:48:08,422:INFO:[Rank-1] val time 16.1515, epoch  59, step  40, loss 1.71858919, auc@1 52.51, auc@5 82.43
2021-05-19 01:48:46,119:INFO:[Rank-1] train time 37.6959, epoch  60, step  49, loss 1.68959785, auc@1 53.04, auc@5 83.64, share 0, std_loss 0, 
2021-05-19 01:49:02,407:INFO:[Rank-1] val time 16.2845, epoch  60, step  40, loss 1.67455368, auc@1 53.32, auc@5 83.30
2021-05-19 01:49:40,054:INFO:[Rank-1] train time 37.5446, epoch  61, step  49, loss 1.67555344, auc@1 52.96, auc@5 83.85, share 0, std_loss 0, 
2021-05-19 01:49:56,300:INFO:[Rank-1] val time 16.2437, epoch  61, step  40, loss 1.71191395, auc@1 52.53, auc@5 82.33
2021-05-19 01:50:33,674:INFO:[Rank-1] train time 37.3737, epoch  62, step  49, loss 1.64594531, auc@1 53.97, auc@5 84.31, share 0, std_loss 0, 
2021-05-19 01:50:49,851:INFO:[Rank-1] val time 16.1735, epoch  62, step  40, loss 1.66288005, auc@1 53.70, auc@5 83.40
2021-05-19 01:51:27,640:INFO:[Rank-1] train time 37.7685, epoch  63, step  49, loss 1.63223791, auc@1 54.15, auc@5 84.51, share 0, std_loss 0, 
2021-05-19 01:51:43,916:INFO:[Rank-1] val time 16.2727, epoch  63, step  40, loss 1.67811951, auc@1 53.22, auc@5 83.32
2021-05-19 01:52:22,289:INFO:[Rank-1] train time 38.2127, epoch  64, step  49, loss 1.61861157, auc@1 54.72, auc@5 84.78, share 0, std_loss 0, 
2021-05-19 01:52:38,599:INFO:[Rank-1] val time 16.3075, epoch  64, step  40, loss 1.64288877, auc@1 54.14, auc@5 83.42
2021-05-19 01:53:16,113:INFO:[Rank-1] train time 37.5115, epoch  65, step  49, loss 1.60614908, auc@1 55.16, auc@5 84.89, share 0, std_loss 0, 
2021-05-19 01:53:32,410:INFO:[Rank-1] val time 16.2924, epoch  65, step  40, loss 1.66153258, auc@1 54.09, auc@5 83.29
2021-05-19 01:54:09,926:INFO:[Rank-1] train time 37.5154, epoch  66, step  49, loss 1.59388661, auc@1 55.21, auc@5 85.12, share 0, std_loss 0, 
2021-05-19 01:54:26,181:INFO:[Rank-1] val time 16.2489, epoch  66, step  40, loss 1.65068220, auc@1 54.11, auc@5 83.54
2021-05-19 01:55:04,232:INFO:[Rank-1] train time 38.0495, epoch  67, step  49, loss 1.57748830, auc@1 55.42, auc@5 85.40, share 0, std_loss 0, 
2021-05-19 01:55:20,338:INFO:[Rank-1] val time 16.1028, epoch  67, step  40, loss 1.61384107, auc@1 55.17, auc@5 84.01
2021-05-19 01:55:58,392:INFO:[Rank-1] train time 38.0502, epoch  68, step  49, loss 1.56402123, auc@1 56.05, auc@5 85.70, share 0, std_loss 0, 
2021-05-19 01:56:14,433:INFO:[Rank-1] val time 16.0383, epoch  68, step  40, loss 1.61183268, auc@1 55.04, auc@5 84.03
2021-05-19 01:56:52,359:INFO:[Rank-1] train time 37.9242, epoch  69, step  49, loss 1.54732943, auc@1 56.47, auc@5 85.84, share 0, std_loss 0, 
2021-05-19 01:57:08,513:INFO:[Rank-1] val time 16.1513, epoch  69, step  40, loss 1.60551113, auc@1 55.73, auc@5 84.27
2021-05-19 01:57:46,195:INFO:[Rank-1] train time 37.6085, epoch  70, step  49, loss 1.53261971, auc@1 56.73, auc@5 86.15, share 0, std_loss 0, 
2021-05-19 01:58:02,614:INFO:[Rank-1] val time 16.4167, epoch  70, step  40, loss 1.59459431, auc@1 55.59, auc@5 84.09
2021-05-19 01:58:40,385:INFO:[Rank-1] train time 37.7422, epoch  71, step  49, loss 1.52066565, auc@1 57.32, auc@5 86.24, share 0, std_loss 0, 
2021-05-19 01:58:56,706:INFO:[Rank-1] val time 16.3190, epoch  71, step  40, loss 1.61050465, auc@1 55.22, auc@5 84.04
2021-05-19 01:59:34,637:INFO:[Rank-1] train time 37.9302, epoch  72, step  49, loss 1.50345433, auc@1 57.72, auc@5 86.52, share 0, std_loss 0, 
2021-05-19 01:59:51,064:INFO:[Rank-1] val time 16.4242, epoch  72, step  40, loss 1.63273586, auc@1 54.89, auc@5 83.55
2021-05-19 02:00:28,336:INFO:[Rank-1] train time 37.2632, epoch  73, step  49, loss 1.49626315, auc@1 57.89, auc@5 86.62, share 0, std_loss 0, 
2021-05-19 02:00:44,825:INFO:[Rank-1] val time 16.4863, epoch  73, step  40, loss 1.63080184, auc@1 55.02, auc@5 83.86
2021-05-19 02:01:22,616:INFO:[Rank-1] train time 37.7622, epoch  74, step  49, loss 1.48947811, auc@1 57.83, auc@5 86.79, share 0, std_loss 0, 
2021-05-19 02:01:39,052:INFO:[Rank-1] val time 16.4327, epoch  74, step  40, loss 1.59455794, auc@1 55.82, auc@5 84.25
2021-05-19 02:02:16,624:INFO:[Rank-1] train time 37.4616, epoch  75, step  49, loss 1.47631824, auc@1 58.16, auc@5 86.93, share 0, std_loss 0, 
2021-05-19 02:02:32,556:INFO:[Rank-1] val time 15.9294, epoch  75, step  40, loss 1.59636245, auc@1 55.55, auc@5 84.24
2021-05-19 02:03:10,638:INFO:[Rank-1] train time 38.0222, epoch  76, step  49, loss 1.46833813, auc@1 58.19, auc@5 86.99, share 0, std_loss 0, 
2021-05-19 02:03:26,894:INFO:[Rank-1] val time 16.2521, epoch  76, step  40, loss 1.58530084, auc@1 55.82, auc@5 84.48
2021-05-19 02:04:04,343:INFO:[Rank-1] train time 37.4354, epoch  77, step  49, loss 1.44910097, auc@1 58.87, auc@5 87.45, share 0, std_loss 0, 
2021-05-19 02:04:20,792:INFO:[Rank-1] val time 16.4445, epoch  77, step  40, loss 1.60551794, auc@1 55.53, auc@5 83.86
2021-05-19 02:04:58,595:INFO:[Rank-1] train time 37.7848, epoch  78, step  49, loss 1.43990934, auc@1 59.19, auc@5 87.60, share 0, std_loss 0, 
2021-05-19 02:05:14,898:INFO:[Rank-1] val time 16.3003, epoch  78, step  40, loss 1.58077944, auc@1 56.72, auc@5 84.60
2021-05-19 02:05:52,713:INFO:[Rank-1] train time 37.6915, epoch  79, step  49, loss 1.42493999, auc@1 59.63, auc@5 87.70, share 0, std_loss 0, 
2021-05-19 02:06:08,881:INFO:[Rank-1] val time 16.1658, epoch  79, step  40, loss 1.64118151, auc@1 55.05, auc@5 83.71
2021-05-19 02:06:46,812:INFO:[Rank-1] train time 37.9300, epoch  80, step  49, loss 1.41450000, auc@1 60.08, auc@5 87.68, share 0, std_loss 0, 
2021-05-19 02:07:03,103:INFO:[Rank-1] val time 16.2875, epoch  80, step  40, loss 1.60040742, auc@1 56.01, auc@5 84.10
2021-05-19 02:07:40,705:INFO:[Rank-1] train time 37.5826, epoch  81, step  49, loss 1.40860188, auc@1 60.15, auc@5 87.87, share 0, std_loss 0, 
2021-05-19 02:07:57,326:INFO:[Rank-1] val time 16.6180, epoch  81, step  40, loss 1.58286671, auc@1 56.11, auc@5 84.39
2021-05-19 02:08:34,775:INFO:[Rank-1] train time 37.4315, epoch  82, step  49, loss 1.39699316, auc@1 60.07, auc@5 88.13, share 0, std_loss 0, 
2021-05-19 02:08:51,077:INFO:[Rank-1] val time 16.2986, epoch  82, step  40, loss 1.55672999, auc@1 56.56, auc@5 84.86
2021-05-19 02:09:28,913:INFO:[Rank-1] train time 37.6984, epoch  83, step  49, loss 1.37390685, auc@1 60.77, auc@5 88.39, share 0, std_loss 0, 
2021-05-19 02:09:45,096:INFO:[Rank-1] val time 16.1811, epoch  83, step  40, loss 1.57557288, auc@1 56.27, auc@5 85.02
2021-05-19 02:10:22,935:INFO:[Rank-1] train time 37.8377, epoch  84, step  49, loss 1.38029516, auc@1 60.57, auc@5 88.40, share 0, std_loss 0, 
2021-05-19 02:10:39,069:INFO:[Rank-1] val time 16.1310, epoch  84, step  40, loss 1.56197123, auc@1 56.57, auc@5 84.72
2021-05-19 02:11:16,547:INFO:[Rank-1] train time 37.4124, epoch  85, step  49, loss 1.36148357, auc@1 61.27, auc@5 88.60, share 0, std_loss 0, 
2021-05-19 02:11:33,009:INFO:[Rank-1] val time 16.4598, epoch  85, step  40, loss 1.56905745, auc@1 56.44, auc@5 84.72
2021-05-19 02:12:10,837:INFO:[Rank-1] train time 37.8261, epoch  86, step  49, loss 1.35263658, auc@1 61.44, auc@5 88.91, share 0, std_loss 0, 
2021-05-19 02:12:26,976:INFO:[Rank-1] val time 16.1336, epoch  86, step  40, loss 1.56463703, auc@1 56.84, auc@5 84.87
2021-05-19 02:13:04,731:INFO:[Rank-1] train time 37.7537, epoch  87, step  49, loss 1.34180653, auc@1 61.52, auc@5 89.04, share 0, std_loss 0, 
2021-05-19 02:13:20,984:INFO:[Rank-1] val time 16.2485, epoch  87, step  40, loss 1.56139077, auc@1 55.99, auc@5 85.03
2021-05-19 02:13:58,326:INFO:[Rank-1] train time 37.3403, epoch  88, step  49, loss 1.33116591, auc@1 62.05, auc@5 89.09, share 0, std_loss 0, 
2021-05-19 02:14:14,647:INFO:[Rank-1] val time 16.3178, epoch  88, step  40, loss 1.53986039, auc@1 57.37, auc@5 85.13
2021-05-19 02:14:52,337:INFO:[Rank-1] train time 37.6707, epoch  89, step  49, loss 1.32526314, auc@1 62.27, auc@5 89.15, share 0, std_loss 0, 
2021-05-19 02:15:08,507:INFO:[Rank-1] val time 16.1669, epoch  89, step  40, loss 1.56755579, auc@1 56.24, auc@5 84.85
2021-05-19 02:15:45,991:INFO:[Rank-1] train time 37.4783, epoch  90, step  49, loss 1.31377077, auc@1 62.47, auc@5 89.34, share 0, std_loss 0, 
2021-05-19 02:16:02,012:INFO:[Rank-1] val time 16.0161, epoch  90, step  40, loss 1.57895346, auc@1 56.03, auc@5 84.98
2021-05-19 02:16:39,538:INFO:[Rank-1] train time 37.5092, epoch  91, step  49, loss 1.30289102, auc@1 62.84, auc@5 89.57, share 0, std_loss 0, 
2021-05-19 02:16:55,783:INFO:[Rank-1] val time 16.2418, epoch  91, step  40, loss 1.55900858, auc@1 56.97, auc@5 85.13
2021-05-19 02:17:32,943:INFO:[Rank-1] train time 37.1406, epoch  92, step  49, loss 1.29183853, auc@1 62.99, auc@5 89.82, share 0, std_loss 0, 
2021-05-19 02:17:49,430:INFO:[Rank-1] val time 16.4832, epoch  92, step  40, loss 1.55982947, auc@1 56.67, auc@5 84.94
2021-05-19 02:18:27,399:INFO:[Rank-1] train time 37.9021, epoch  93, step  49, loss 1.27452302, auc@1 63.53, auc@5 90.00, share 0, std_loss 0, 
2021-05-19 02:18:43,737:INFO:[Rank-1] val time 16.3349, epoch  93, step  40, loss 1.50839984, auc@1 57.77, auc@5 85.46
2021-05-19 02:19:21,927:INFO:[Rank-1] train time 38.0994, epoch  94, step  49, loss 1.27549076, auc@1 63.35, auc@5 89.88, share 0, std_loss 0, 
2021-05-19 02:19:38,055:INFO:[Rank-1] val time 16.1246, epoch  94, step  40, loss 1.53661855, auc@1 57.47, auc@5 85.60
2021-05-19 02:20:15,649:INFO:[Rank-1] train time 37.5922, epoch  95, step  49, loss 1.26238036, auc@1 63.91, auc@5 90.04, share 0, std_loss 0, 
2021-05-19 02:20:32,111:INFO:[Rank-1] val time 16.4593, epoch  95, step  40, loss 1.60098781, auc@1 56.61, auc@5 84.41
2021-05-19 02:21:10,213:INFO:[Rank-1] train time 38.0639, epoch  96, step  49, loss 1.26162004, auc@1 63.99, auc@5 90.08, share 0, std_loss 0, 
2021-05-19 02:21:26,789:INFO:[Rank-1] val time 16.5732, epoch  96, step  40, loss 1.55003056, auc@1 57.57, auc@5 84.80
2021-05-19 02:22:04,527:INFO:[Rank-1] train time 37.7145, epoch  97, step  49, loss 1.25207973, auc@1 64.17, auc@5 90.22, share 0, std_loss 0, 
2021-05-19 02:22:20,942:INFO:[Rank-1] val time 16.4122, epoch  97, step  40, loss 1.54233467, auc@1 57.35, auc@5 85.32
2021-05-19 02:22:59,109:INFO:[Rank-1] train time 38.1498, epoch  98, step  49, loss 1.23165560, auc@1 64.93, auc@5 90.56, share 0, std_loss 0, 
2021-05-19 02:23:15,252:INFO:[Rank-1] val time 16.1398, epoch  98, step  40, loss 1.55455120, auc@1 57.16, auc@5 85.31
2021-05-19 02:23:52,904:INFO:[Rank-1] train time 37.6499, epoch  99, step  49, loss 1.22503388, auc@1 64.72, auc@5 90.60, share 0, std_loss 0, 
2021-05-19 02:24:09,030:INFO:[Rank-1] val time 16.1211, epoch  99, step  40, loss 1.58834812, auc@1 56.20, auc@5 84.44
2021-05-19 02:24:46,565:INFO:[Rank-1] train time 37.4677, epoch 100, step  49, loss 1.21626532, auc@1 64.76, auc@5 90.87, share 0, std_loss 0, 
2021-05-19 02:25:02,917:INFO:[Rank-1] val time 16.3489, epoch 100, step  40, loss 1.62127682, auc@1 56.03, auc@5 84.31
2021-05-19 02:25:40,624:INFO:[Rank-1] train time 37.7044, epoch 101, step  49, loss 1.14494681, auc@1 67.04, auc@5 91.72, share 0, std_loss 0, 
2021-05-19 02:25:56,675:INFO:[Rank-1] val time 16.0487, epoch 101, step  40, loss 1.37032506, auc@1 61.54, auc@5 87.55
2021-05-19 02:26:34,418:INFO:[Rank-1] train time 37.7405, epoch 102, step  49, loss 1.08116508, auc@1 68.73, auc@5 92.49, share 0, std_loss 0, 
2021-05-19 02:26:50,635:INFO:[Rank-1] val time 16.2131, epoch 102, step  40, loss 1.34591196, auc@1 62.03, auc@5 87.80
2021-05-19 02:27:27,985:INFO:[Rank-1] train time 37.3101, epoch 103, step  49, loss 1.05963075, auc@1 69.48, auc@5 92.65, share 0, std_loss 0, 
2021-05-19 02:27:44,769:INFO:[Rank-1] val time 16.7820, epoch 103, step  40, loss 1.34316892, auc@1 61.96, auc@5 87.82
2021-05-19 02:28:22,029:INFO:[Rank-1] train time 37.2421, epoch 104, step  49, loss 1.04651487, auc@1 69.95, auc@5 92.83, share 0, std_loss 0, 
2021-05-19 02:28:38,247:INFO:[Rank-1] val time 16.2149, epoch 104, step  40, loss 1.32998610, auc@1 62.56, auc@5 88.07
2021-05-19 02:29:15,772:INFO:[Rank-1] train time 37.4559, epoch 105, step  49, loss 1.03180659, auc@1 70.28, auc@5 92.89, share 0, std_loss 0, 
2021-05-19 02:29:32,199:INFO:[Rank-1] val time 16.4246, epoch 105, step  40, loss 1.32898396, auc@1 62.56, auc@5 88.17
2021-05-19 02:30:09,786:INFO:[Rank-1] train time 37.5282, epoch 106, step  49, loss 1.01590443, auc@1 70.70, auc@5 93.17, share 0, std_loss 0, 
2021-05-19 02:30:25,947:INFO:[Rank-1] val time 16.1577, epoch 106, step  40, loss 1.32354776, auc@1 62.67, auc@5 88.15
2021-05-19 02:31:03,618:INFO:[Rank-1] train time 37.6385, epoch 107, step  49, loss 1.01523018, auc@1 70.93, auc@5 93.13, share 0, std_loss 0, 
2021-05-19 02:31:19,918:INFO:[Rank-1] val time 16.2969, epoch 107, step  40, loss 1.31889421, auc@1 62.93, auc@5 88.37
2021-05-19 02:31:57,587:INFO:[Rank-1] train time 37.6671, epoch 108, step  49, loss 1.00373363, auc@1 71.10, auc@5 93.34, share 0, std_loss 0, 
2021-05-19 02:32:14,076:INFO:[Rank-1] val time 16.4842, epoch 108, step  40, loss 1.31711419, auc@1 62.71, auc@5 88.21
2021-05-19 02:32:51,726:INFO:[Rank-1] train time 37.6473, epoch 109, step  49, loss 0.99802345, auc@1 71.38, auc@5 93.43, share 0, std_loss 0, 
2021-05-19 02:33:07,748:INFO:[Rank-1] val time 16.0166, epoch 109, step  40, loss 1.31720340, auc@1 62.96, auc@5 87.93
2021-05-19 02:33:45,609:INFO:[Rank-1] train time 37.7637, epoch 110, step  49, loss 0.99176842, auc@1 71.64, auc@5 93.48, share 0, std_loss 0, 
2021-05-19 02:34:02,033:INFO:[Rank-1] val time 16.4212, epoch 110, step  40, loss 1.31600019, auc@1 62.74, auc@5 88.19
2021-05-19 02:34:39,752:INFO:[Rank-1] train time 37.7178, epoch 111, step  49, loss 0.98160619, auc@1 71.63, auc@5 93.56, share 0, std_loss 0, 
2021-05-19 02:34:56,324:INFO:[Rank-1] val time 16.5667, epoch 111, step  40, loss 1.31183082, auc@1 63.22, auc@5 88.15
2021-05-19 02:35:34,089:INFO:[Rank-1] train time 37.7315, epoch 112, step  49, loss 0.97737861, auc@1 71.82, auc@5 93.61, share 0, std_loss 0, 
2021-05-19 02:35:50,247:INFO:[Rank-1] val time 16.1557, epoch 112, step  40, loss 1.30786473, auc@1 63.22, auc@5 88.45
2021-05-19 02:36:28,022:INFO:[Rank-1] train time 37.7335, epoch 113, step  49, loss 0.97577947, auc@1 71.89, auc@5 93.70, share 0, std_loss 0, 
2021-05-19 02:36:44,153:INFO:[Rank-1] val time 16.1289, epoch 113, step  40, loss 1.30749113, auc@1 63.27, auc@5 88.47
2021-05-19 02:37:21,671:INFO:[Rank-1] train time 37.4122, epoch 114, step  49, loss 0.96961969, auc@1 72.23, auc@5 93.72, share 0, std_loss 0, 
2021-05-19 02:37:37,947:INFO:[Rank-1] val time 16.2729, epoch 114, step  40, loss 1.30629816, auc@1 63.39, auc@5 88.26
2021-05-19 02:38:15,684:INFO:[Rank-1] train time 37.7346, epoch 115, step  49, loss 0.96085346, auc@1 72.36, auc@5 93.84, share 0, std_loss 0, 
2021-05-19 02:38:31,945:INFO:[Rank-1] val time 16.2581, epoch 115, step  40, loss 1.30877529, auc@1 63.15, auc@5 88.41
2021-05-19 02:39:09,952:INFO:[Rank-1] train time 38.0050, epoch 116, step  49, loss 0.95714563, auc@1 72.59, auc@5 93.90, share 0, std_loss 0, 
2021-05-19 02:39:26,528:INFO:[Rank-1] val time 16.5725, epoch 116, step  40, loss 1.30782992, auc@1 63.22, auc@5 88.36
2021-05-19 02:40:04,104:INFO:[Rank-1] train time 37.4336, epoch 117, step  49, loss 0.95572513, auc@1 72.68, auc@5 93.86, share 0, std_loss 0, 
2021-05-19 02:40:20,481:INFO:[Rank-1] val time 16.3749, epoch 117, step  40, loss 1.30889665, auc@1 63.40, auc@5 88.36
2021-05-19 02:40:58,239:INFO:[Rank-1] train time 37.7117, epoch 118, step  49, loss 0.94732767, auc@1 72.96, auc@5 93.88, share 0, std_loss 0, 
2021-05-19 02:41:14,541:INFO:[Rank-1] val time 16.2993, epoch 118, step  40, loss 1.30425600, auc@1 63.63, auc@5 88.53
2021-05-19 02:41:53,043:INFO:[Rank-1] train time 38.4332, epoch 119, step  49, loss 0.94522423, auc@1 72.76, auc@5 94.03, share 0, std_loss 0, 
2021-05-19 02:42:09,349:INFO:[Rank-1] val time 16.3031, epoch 119, step  40, loss 1.30207961, auc@1 63.50, auc@5 88.44
2021-05-19 02:42:46,974:INFO:[Rank-1] train time 37.5960, epoch 120, step  49, loss 0.94459540, auc@1 72.65, auc@5 94.01, share 0, std_loss 0, 
2021-05-19 02:43:03,257:INFO:[Rank-1] val time 16.2798, epoch 120, step  40, loss 1.30530837, auc@1 63.38, auc@5 88.66
2021-05-19 02:43:40,626:INFO:[Rank-1] train time 37.3541, epoch 121, step  49, loss 0.93509626, auc@1 73.20, auc@5 94.16, share 0, std_loss 0, 
2021-05-19 02:43:57,120:INFO:[Rank-1] val time 16.4908, epoch 121, step  40, loss 1.30380442, auc@1 63.35, auc@5 88.50
2021-05-19 02:44:35,146:INFO:[Rank-1] train time 38.0238, epoch 122, step  49, loss 0.92981756, auc@1 73.44, auc@5 94.21, share 0, std_loss 0, 
2021-05-19 02:44:51,446:INFO:[Rank-1] val time 16.2961, epoch 122, step  40, loss 1.30024715, auc@1 63.56, auc@5 88.45
2021-05-19 02:45:29,387:INFO:[Rank-1] train time 37.8725, epoch 123, step  49, loss 0.92410982, auc@1 73.53, auc@5 94.22, share 0, std_loss 0, 
2021-05-19 02:45:45,457:INFO:[Rank-1] val time 16.0656, epoch 123, step  40, loss 1.29724920, auc@1 63.60, auc@5 88.58
2021-05-19 02:46:22,796:INFO:[Rank-1] train time 37.3376, epoch 124, step  49, loss 0.92490077, auc@1 73.59, auc@5 94.19, share 0, std_loss 0, 
2021-05-19 02:46:38,832:INFO:[Rank-1] val time 16.0306, epoch 124, step  40, loss 1.30053687, auc@1 63.30, auc@5 88.62
2021-05-19 02:47:16,577:INFO:[Rank-1] train time 37.7431, epoch 125, step  49, loss 0.91837221, auc@1 73.39, auc@5 94.23, share 0, std_loss 0, 
2021-05-19 02:47:32,820:INFO:[Rank-1] val time 16.2381, epoch 125, step  40, loss 1.29437266, auc@1 63.51, auc@5 88.77
2021-05-19 02:48:10,801:INFO:[Rank-1] train time 37.9787, epoch 126, step  49, loss 0.90970016, auc@1 73.69, auc@5 94.41, share 0, std_loss 0, 
2021-05-19 02:48:27,142:INFO:[Rank-1] val time 16.3300, epoch 126, step  40, loss 1.28993842, auc@1 64.02, auc@5 88.82
2021-05-19 02:49:05,056:INFO:[Rank-1] train time 37.7631, epoch 127, step  49, loss 0.91080475, auc@1 74.00, auc@5 94.42, share 0, std_loss 0, 
2021-05-19 02:49:21,038:INFO:[Rank-1] val time 15.9768, epoch 127, step  40, loss 1.29622786, auc@1 63.62, auc@5 88.64
2021-05-19 02:49:58,507:INFO:[Rank-1] train time 37.4666, epoch 128, step  49, loss 0.90539342, auc@1 73.99, auc@5 94.42, share 0, std_loss 0, 
2021-05-19 02:50:14,698:INFO:[Rank-1] val time 16.1878, epoch 128, step  40, loss 1.29921976, auc@1 63.60, auc@5 88.54
2021-05-19 02:50:52,234:INFO:[Rank-1] train time 37.5280, epoch 129, step  49, loss 0.90096933, auc@1 74.24, auc@5 94.47, share 0, std_loss 0, 
2021-05-19 02:51:08,390:INFO:[Rank-1] val time 16.1509, epoch 129, step  40, loss 1.29448868, auc@1 63.43, auc@5 88.71
2021-05-19 02:51:46,653:INFO:[Rank-1] train time 37.9290, epoch 130, step  49, loss 0.89073962, auc@1 74.40, auc@5 94.52, share 0, std_loss 0, 
2021-05-19 02:52:02,754:INFO:[Rank-1] val time 16.0981, epoch 130, step  40, loss 1.28826723, auc@1 63.58, auc@5 88.91
2021-05-19 02:52:40,408:INFO:[Rank-1] train time 37.6520, epoch 131, step  49, loss 0.89940298, auc@1 74.24, auc@5 94.36, share 0, std_loss 0, 
2021-05-19 02:52:56,638:INFO:[Rank-1] val time 16.2254, epoch 131, step  40, loss 1.28998917, auc@1 63.67, auc@5 88.76
2021-05-19 02:53:34,225:INFO:[Rank-1] train time 37.5150, epoch 132, step  49, loss 0.89259297, auc@1 74.43, auc@5 94.68, share 0, std_loss 0, 
2021-05-19 02:53:50,755:INFO:[Rank-1] val time 16.5278, epoch 132, step  40, loss 1.29648965, auc@1 63.73, auc@5 88.90
2021-05-19 02:54:28,613:INFO:[Rank-1] train time 37.6612, epoch 133, step  49, loss 0.88754940, auc@1 74.47, auc@5 94.65, share 0, std_loss 0, 
2021-05-19 02:54:44,799:INFO:[Rank-1] val time 16.1825, epoch 133, step  40, loss 1.29095678, auc@1 63.75, auc@5 88.83
2021-05-19 02:55:22,518:INFO:[Rank-1] train time 37.6148, epoch 134, step  49, loss 0.88495940, auc@1 74.39, auc@5 94.66, share 0, std_loss 0, 
2021-05-19 02:55:39,016:INFO:[Rank-1] val time 16.4941, epoch 134, step  40, loss 1.29551521, auc@1 63.57, auc@5 88.67
2021-05-19 02:56:16,814:INFO:[Rank-1] train time 37.7013, epoch 135, step  49, loss 0.88388455, auc@1 74.60, auc@5 94.74, share 0, std_loss 0, 
2021-05-19 02:56:33,151:INFO:[Rank-1] val time 16.3344, epoch 135, step  40, loss 1.29637322, auc@1 63.53, auc@5 88.68
2021-05-19 02:57:10,999:INFO:[Rank-1] train time 37.6809, epoch 136, step  49, loss 0.87194705, auc@1 74.93, auc@5 94.88, share 0, std_loss 0, 
2021-05-19 02:57:27,161:INFO:[Rank-1] val time 16.1596, epoch 136, step  40, loss 1.29406802, auc@1 63.65, auc@5 88.64
2021-05-19 02:58:04,747:INFO:[Rank-1] train time 37.5320, epoch 137, step  49, loss 0.86755478, auc@1 75.19, auc@5 94.78, share 0, std_loss 0, 
2021-05-19 02:58:20,953:INFO:[Rank-1] val time 16.2029, epoch 137, step  40, loss 1.29300690, auc@1 64.10, auc@5 88.74
2021-05-19 02:58:58,707:INFO:[Rank-1] train time 37.6825, epoch 138, step  49, loss 0.86553234, auc@1 75.07, auc@5 94.93, share 0, std_loss 0, 
2021-05-19 02:59:14,806:INFO:[Rank-1] val time 16.0958, epoch 138, step  40, loss 1.29057577, auc@1 63.75, auc@5 88.69
2021-05-19 02:59:52,495:INFO:[Rank-1] train time 37.6869, epoch 139, step  49, loss 0.86751091, auc@1 74.78, auc@5 94.89, share 0, std_loss 0, 
2021-05-19 03:00:08,825:INFO:[Rank-1] val time 16.3248, epoch 139, step  40, loss 1.29160519, auc@1 63.79, auc@5 88.62
2021-05-19 03:00:46,546:INFO:[Rank-1] train time 37.7170, epoch 140, step  49, loss 0.85475314, auc@1 75.26, auc@5 95.05, share 0, std_loss 0, 
2021-05-19 03:01:03,026:INFO:[Rank-1] val time 16.4770, epoch 140, step  40, loss 1.29615637, auc@1 63.74, auc@5 88.43
2021-05-19 03:01:40,968:INFO:[Rank-1] train time 37.9404, epoch 141, step  49, loss 0.86000180, auc@1 75.35, auc@5 94.90, share 0, std_loss 0, 
2021-05-19 03:01:57,281:INFO:[Rank-1] val time 16.3082, epoch 141, step  40, loss 1.28622477, auc@1 64.03, auc@5 89.01
2021-05-19 03:02:35,255:INFO:[Rank-1] train time 37.8260, epoch 142, step  49, loss 0.84926951, auc@1 75.50, auc@5 94.99, share 0, std_loss 0, 
2021-05-19 03:02:51,345:INFO:[Rank-1] val time 16.0867, epoch 142, step  40, loss 1.29161913, auc@1 64.10, auc@5 88.89
2021-05-19 03:03:28,774:INFO:[Rank-1] train time 37.4027, epoch 143, step  49, loss 0.84786928, auc@1 75.75, auc@5 95.03, share 0, std_loss 0, 
2021-05-19 03:03:44,901:INFO:[Rank-1] val time 16.1234, epoch 143, step  40, loss 1.28801715, auc@1 64.30, auc@5 88.63
2021-05-19 03:04:22,501:INFO:[Rank-1] train time 37.5989, epoch 144, step  49, loss 0.84585935, auc@1 75.64, auc@5 95.06, share 0, std_loss 0, 
2021-05-19 03:04:38,605:INFO:[Rank-1] val time 16.1009, epoch 144, step  40, loss 1.29661299, auc@1 64.06, auc@5 88.61
2021-05-19 03:05:16,572:INFO:[Rank-1] train time 37.9048, epoch 145, step  49, loss 0.84888899, auc@1 75.50, auc@5 95.05, share 0, std_loss 0, 
2021-05-19 03:05:32,819:INFO:[Rank-1] val time 16.2452, epoch 145, step  40, loss 1.28434286, auc@1 63.95, auc@5 88.81
2021-05-19 03:06:10,597:INFO:[Rank-1] train time 37.7363, epoch 146, step  49, loss 0.83843094, auc@1 75.72, auc@5 95.32, share 0, std_loss 0, 
2021-05-19 03:06:26,791:INFO:[Rank-1] val time 16.1922, epoch 146, step  40, loss 1.28381949, auc@1 64.36, auc@5 88.73
2021-05-19 03:07:04,501:INFO:[Rank-1] train time 37.6172, epoch 147, step  49, loss 0.83640546, auc@1 76.08, auc@5 95.11, share 0, std_loss 0, 
2021-05-19 03:07:20,831:INFO:[Rank-1] val time 16.3271, epoch 147, step  40, loss 1.28563158, auc@1 64.21, auc@5 88.87
2021-05-19 03:07:58,530:INFO:[Rank-1] train time 37.6883, epoch 148, step  49, loss 0.83000016, auc@1 76.15, auc@5 95.14, share 0, std_loss 0, 
2021-05-19 03:08:14,515:INFO:[Rank-1] val time 15.9811, epoch 148, step  40, loss 1.28227450, auc@1 64.34, auc@5 88.65
2021-05-19 03:08:52,388:INFO:[Rank-1] train time 37.8718, epoch 149, step  49, loss 0.82403326, auc@1 76.23, auc@5 95.30, share 0, std_loss 0, 
2021-05-19 03:09:08,681:INFO:[Rank-1] val time 16.2896, epoch 149, step  40, loss 1.28642696, auc@1 64.21, auc@5 88.81
2021-05-19 03:09:46,305:INFO:[Rank-1] train time 37.6221, epoch 150, step  49, loss 0.82764083, auc@1 76.15, auc@5 95.26, share 0, std_loss 0, 
2021-05-19 03:10:02,513:INFO:[Rank-1] val time 16.2033, epoch 150, step  40, loss 1.28121820, auc@1 64.28, auc@5 88.75
2021-05-19 03:10:40,220:INFO:[Rank-1] train time 37.7053, epoch 151, step  49, loss 0.81393123, auc@1 76.72, auc@5 95.31, share 0, std_loss 0, 
2021-05-19 03:10:56,449:INFO:[Rank-1] val time 16.2237, epoch 151, step  40, loss 1.27932415, auc@1 64.20, auc@5 88.77
2021-05-19 03:11:33,991:INFO:[Rank-1] train time 37.5399, epoch 152, step  49, loss 0.81286502, auc@1 76.63, auc@5 95.44, share 0, std_loss 0, 
2021-05-19 03:11:50,205:INFO:[Rank-1] val time 16.2090, epoch 152, step  40, loss 1.27792176, auc@1 64.31, auc@5 88.79
2021-05-19 03:12:27,995:INFO:[Rank-1] train time 37.7823, epoch 153, step  49, loss 0.80762827, auc@1 76.73, auc@5 95.53, share 0, std_loss 0, 
2021-05-19 03:12:44,298:INFO:[Rank-1] val time 16.2989, epoch 153, step  40, loss 1.27426626, auc@1 64.61, auc@5 88.91
2021-05-19 03:13:22,188:INFO:[Rank-1] train time 37.7547, epoch 154, step  49, loss 0.80650467, auc@1 76.72, auc@5 95.52, share 0, std_loss 0, 
2021-05-19 03:13:38,355:INFO:[Rank-1] val time 16.1645, epoch 154, step  40, loss 1.27286697, auc@1 64.52, auc@5 88.93
2021-05-19 03:14:15,455:INFO:[Rank-1] train time 37.0541, epoch 155, step  49, loss 0.79788798, auc@1 77.13, auc@5 95.64, share 0, std_loss 0, 
2021-05-19 03:14:31,730:INFO:[Rank-1] val time 16.2723, epoch 155, step  40, loss 1.27370250, auc@1 64.60, auc@5 88.99
2021-05-19 03:15:09,638:INFO:[Rank-1] train time 37.8531, epoch 156, step  49, loss 0.80047405, auc@1 77.15, auc@5 95.55, share 0, std_loss 0, 
2021-05-19 03:15:25,801:INFO:[Rank-1] val time 16.1614, epoch 156, step  40, loss 1.27053475, auc@1 64.61, auc@5 89.03
2021-05-19 03:16:03,315:INFO:[Rank-1] train time 37.5124, epoch 157, step  49, loss 0.79783827, auc@1 77.21, auc@5 95.47, share 0, std_loss 0, 
2021-05-19 03:16:19,779:INFO:[Rank-1] val time 16.4612, epoch 157, step  40, loss 1.27186651, auc@1 64.55, auc@5 89.01
2021-05-19 03:16:57,559:INFO:[Rank-1] train time 37.7779, epoch 158, step  49, loss 0.79682547, auc@1 77.19, auc@5 95.49, share 0, std_loss 0, 
2021-05-19 03:17:13,959:INFO:[Rank-1] val time 16.3977, epoch 158, step  40, loss 1.27536928, auc@1 64.39, auc@5 88.82
2021-05-19 03:17:51,682:INFO:[Rank-1] train time 37.7220, epoch 159, step  49, loss 0.79582459, auc@1 77.15, auc@5 95.58, share 0, std_loss 0, 
2021-05-19 03:18:07,933:INFO:[Rank-1] val time 16.2442, epoch 159, step  40, loss 1.27281007, auc@1 64.47, auc@5 88.99
2021-05-19 03:18:45,738:INFO:[Rank-1] train time 37.7963, epoch 160, step  49, loss 0.79728806, auc@1 77.07, auc@5 95.64, share 0, std_loss 0, 
2021-05-19 03:19:02,036:INFO:[Rank-1] val time 16.2939, epoch 160, step  40, loss 1.27019483, auc@1 64.53, auc@5 89.14
2021-05-19 03:19:39,714:INFO:[Rank-1] train time 37.6651, epoch 161, step  49, loss 0.79715037, auc@1 77.13, auc@5 95.53, share 0, std_loss 0, 
2021-05-19 03:19:56,203:INFO:[Rank-1] val time 16.4863, epoch 161, step  40, loss 1.27161794, auc@1 64.61, auc@5 88.91
2021-05-19 03:20:33,844:INFO:[Rank-1] train time 37.5714, epoch 162, step  49, loss 0.79665357, auc@1 77.29, auc@5 95.52, share 0, std_loss 0, 
2021-05-19 03:20:49,782:INFO:[Rank-1] val time 15.9349, epoch 162, step  40, loss 1.27023092, auc@1 64.63, auc@5 89.00
2021-05-19 03:21:27,428:INFO:[Rank-1] train time 37.6443, epoch 163, step  49, loss 0.79473472, auc@1 77.26, auc@5 95.56, share 0, std_loss 0, 
2021-05-19 03:21:43,652:INFO:[Rank-1] val time 16.2218, epoch 163, step  40, loss 1.27041162, auc@1 64.61, auc@5 88.93
2021-05-19 03:22:21,324:INFO:[Rank-1] train time 37.6709, epoch 164, step  49, loss 0.78956836, auc@1 77.48, auc@5 95.58, share 0, std_loss 0, 
2021-05-19 03:22:37,675:INFO:[Rank-1] val time 16.3455, epoch 164, step  40, loss 1.26851839, auc@1 64.66, auc@5 88.99
2021-05-19 03:23:15,379:INFO:[Rank-1] train time 37.7014, epoch 165, step  49, loss 0.79515851, auc@1 77.01, auc@5 95.61, share 0, std_loss 0, 
2021-05-19 03:23:31,766:INFO:[Rank-1] val time 16.3814, epoch 165, step  40, loss 1.26805659, auc@1 64.78, auc@5 88.93
2021-05-19 03:24:09,612:INFO:[Rank-1] train time 37.8339, epoch 166, step  49, loss 0.79276627, auc@1 77.31, auc@5 95.62, share 0, std_loss 0, 
2021-05-19 03:24:25,801:INFO:[Rank-1] val time 16.1849, epoch 166, step  40, loss 1.26757542, auc@1 64.62, auc@5 89.09
2021-05-19 03:25:03,888:INFO:[Rank-1] train time 38.0178, epoch 167, step  49, loss 0.78863662, auc@1 77.41, auc@5 95.69, share 0, std_loss 0, 
2021-05-19 03:25:20,406:INFO:[Rank-1] val time 16.5154, epoch 167, step  40, loss 1.26940603, auc@1 64.78, auc@5 88.96
2021-05-19 03:25:58,247:INFO:[Rank-1] train time 37.8392, epoch 168, step  49, loss 0.79234123, auc@1 77.25, auc@5 95.52, share 0, std_loss 0, 
2021-05-19 03:26:14,556:INFO:[Rank-1] val time 16.3044, epoch 168, step  40, loss 1.26829372, auc@1 64.67, auc@5 88.97
2021-05-19 03:26:52,273:INFO:[Rank-1] train time 37.5650, epoch 169, step  49, loss 0.79039305, auc@1 77.46, auc@5 95.55, share 0, std_loss 0, 
2021-05-19 03:27:08,246:INFO:[Rank-1] val time 15.9700, epoch 169, step  40, loss 1.26943635, auc@1 64.78, auc@5 88.96
2021-05-19 03:27:45,931:INFO:[Rank-1] train time 37.6847, epoch 170, step  49, loss 0.78995460, auc@1 77.23, auc@5 95.56, share 0, std_loss 0, 
2021-05-19 03:28:02,165:INFO:[Rank-1] val time 16.2304, epoch 170, step  40, loss 1.27044621, auc@1 64.54, auc@5 88.88
2021-05-19 03:28:39,629:INFO:[Rank-1] train time 37.4622, epoch 171, step  49, loss 0.79137778, auc@1 77.42, auc@5 95.65, share 0, std_loss 0, 
2021-05-19 03:28:55,891:INFO:[Rank-1] val time 16.2574, epoch 171, step  40, loss 1.26872555, auc@1 64.71, auc@5 88.96
2021-05-19 03:29:33,705:INFO:[Rank-1] train time 37.8122, epoch 172, step  49, loss 0.78982413, auc@1 77.43, auc@5 95.66, share 0, std_loss 0, 
2021-05-19 03:29:49,988:INFO:[Rank-1] val time 16.2782, epoch 172, step  40, loss 1.26888524, auc@1 64.77, auc@5 88.96
2021-05-19 03:30:27,649:INFO:[Rank-1] train time 37.4280, epoch 173, step  49, loss 0.78422594, auc@1 77.45, auc@5 95.69, share 0, std_loss 0, 
2021-05-19 03:30:44,138:INFO:[Rank-1] val time 16.4865, epoch 173, step  40, loss 1.26772670, auc@1 64.80, auc@5 88.88
2021-05-19 03:31:22,115:INFO:[Rank-1] train time 37.9579, epoch 174, step  49, loss 0.78661525, auc@1 77.66, auc@5 95.68, share 0, std_loss 0, 
2021-05-19 03:31:38,503:INFO:[Rank-1] val time 16.3852, epoch 174, step  40, loss 1.26761222, auc@1 64.79, auc@5 88.86
2021-05-19 03:32:16,657:INFO:[Rank-1] train time 38.0099, epoch 175, step  49, loss 0.78835952, auc@1 77.35, auc@5 95.61, share 0, std_loss 0, 
2021-05-19 03:32:32,826:INFO:[Rank-1] val time 16.1664, epoch 175, step  40, loss 1.26885262, auc@1 64.68, auc@5 88.95
2021-05-19 03:33:09,886:INFO:[Rank-1] train time 36.9708, epoch 176, step  49, loss 0.79362392, auc@1 77.21, auc@5 95.53, share 0, std_loss 0, 
2021-05-19 03:33:26,512:INFO:[Rank-1] val time 16.6234, epoch 176, step  40, loss 1.26895564, auc@1 64.62, auc@5 89.04
2021-05-19 03:34:04,064:INFO:[Rank-1] train time 37.5211, epoch 177, step  49, loss 0.78504765, auc@1 77.52, auc@5 95.57, share 0, std_loss 0, 
2021-05-19 03:34:20,091:INFO:[Rank-1] val time 16.0242, epoch 177, step  40, loss 1.26741829, auc@1 64.58, auc@5 89.03
2021-05-19 03:34:57,699:INFO:[Rank-1] train time 37.6066, epoch 178, step  49, loss 0.78187078, auc@1 77.63, auc@5 95.83, share 0, std_loss 0, 
2021-05-19 03:35:13,863:INFO:[Rank-1] val time 16.1581, epoch 178, step  40, loss 1.27011409, auc@1 64.76, auc@5 89.02
2021-05-19 03:35:51,363:INFO:[Rank-1] train time 37.4045, epoch 179, step  49, loss 0.78349763, auc@1 77.48, auc@5 95.73, share 0, std_loss 0, 
2021-05-19 03:36:07,453:INFO:[Rank-1] val time 16.0865, epoch 179, step  40, loss 1.26576099, auc@1 64.81, auc@5 88.98
2021-05-19 03:36:44,809:INFO:[Rank-1] train time 37.3542, epoch 180, step  49, loss 0.78120643, auc@1 77.83, auc@5 95.70, share 0, std_loss 0, 
2021-05-19 03:37:00,846:INFO:[Rank-1] val time 16.0314, epoch 180, step  40, loss 1.26754347, auc@1 64.62, auc@5 88.88
2021-05-19 03:37:38,445:INFO:[Rank-1] train time 37.5967, epoch 181, step  49, loss 0.78559619, auc@1 77.28, auc@5 95.66, share 0, std_loss 0, 
2021-05-19 03:37:54,536:INFO:[Rank-1] val time 16.0862, epoch 181, step  40, loss 1.26908185, auc@1 64.54, auc@5 88.96
2021-05-19 03:38:32,094:INFO:[Rank-1] train time 37.5449, epoch 182, step  49, loss 0.78436476, auc@1 77.41, auc@5 95.67, share 0, std_loss 0, 
2021-05-19 03:38:48,222:INFO:[Rank-1] val time 16.1251, epoch 182, step  40, loss 1.26972956, auc@1 64.55, auc@5 88.93
2021-05-19 03:39:26,334:INFO:[Rank-1] train time 38.0463, epoch 183, step  49, loss 0.77749908, auc@1 77.57, auc@5 95.71, share 0, std_loss 0, 
2021-05-19 03:39:42,617:INFO:[Rank-1] val time 16.2805, epoch 183, step  40, loss 1.26795322, auc@1 64.70, auc@5 89.08
2021-05-19 03:40:20,161:INFO:[Rank-1] train time 37.4593, epoch 184, step  49, loss 0.78036779, auc@1 77.62, auc@5 95.86, share 0, std_loss 0, 
2021-05-19 03:40:36,421:INFO:[Rank-1] val time 16.2573, epoch 184, step  40, loss 1.26739750, auc@1 64.73, auc@5 89.09
2021-05-19 03:41:14,247:INFO:[Rank-1] train time 37.8260, epoch 185, step  49, loss 0.77956408, auc@1 77.48, auc@5 95.69, share 0, std_loss 0, 
2021-05-19 03:41:30,438:INFO:[Rank-1] val time 16.1876, epoch 185, step  40, loss 1.26657610, auc@1 64.68, auc@5 88.97
2021-05-19 03:42:07,966:INFO:[Rank-1] train time 37.4382, epoch 186, step  49, loss 0.78359407, auc@1 77.48, auc@5 95.76, share 0, std_loss 0, 
2021-05-19 03:42:24,405:INFO:[Rank-1] val time 16.4370, epoch 186, step  40, loss 1.26650707, auc@1 64.83, auc@5 88.90
2021-05-19 03:43:02,551:INFO:[Rank-1] train time 38.0649, epoch 187, step  49, loss 0.77623242, auc@1 77.80, auc@5 95.68, share 0, std_loss 0, 
2021-05-19 03:43:18,736:INFO:[Rank-1] val time 16.1822, epoch 187, step  40, loss 1.26712416, auc@1 64.70, auc@5 88.96
2021-05-19 03:43:56,360:INFO:[Rank-1] train time 37.6213, epoch 188, step  49, loss 0.77709806, auc@1 77.66, auc@5 95.79, share 0, std_loss 0, 
2021-05-19 03:44:12,446:INFO:[Rank-1] val time 16.0816, epoch 188, step  40, loss 1.26596352, auc@1 64.76, auc@5 89.08
2021-05-19 03:44:50,636:INFO:[Rank-1] train time 38.1877, epoch 189, step  49, loss 0.77941018, auc@1 77.54, auc@5 95.78, share 0, std_loss 0, 
2021-05-19 03:45:06,888:INFO:[Rank-1] val time 16.2461, epoch 189, step  40, loss 1.26688407, auc@1 64.71, auc@5 89.05
2021-05-19 03:45:44,503:INFO:[Rank-1] train time 37.4687, epoch 190, step  49, loss 0.78022611, auc@1 77.73, auc@5 95.73, share 0, std_loss 0, 
2021-05-19 03:46:00,647:INFO:[Rank-1] val time 16.1417, epoch 190, step  40, loss 1.26609785, auc@1 64.68, auc@5 89.06
2021-05-19 03:46:38,480:INFO:[Rank-1] train time 37.7390, epoch 191, step  49, loss 0.77643210, auc@1 77.85, auc@5 95.83, share 0, std_loss 0, 
2021-05-19 03:46:54,745:INFO:[Rank-1] val time 16.2621, epoch 191, step  40, loss 1.26842979, auc@1 64.66, auc@5 88.99
2021-05-19 03:47:32,186:INFO:[Rank-1] train time 37.4351, epoch 192, step  49, loss 0.77643335, auc@1 77.73, auc@5 95.76, share 0, std_loss 0, 
2021-05-19 03:47:48,328:INFO:[Rank-1] val time 16.1378, epoch 192, step  40, loss 1.26639221, auc@1 64.69, auc@5 89.11
2021-05-19 03:48:25,870:INFO:[Rank-1] train time 37.5117, epoch 193, step  49, loss 0.77326697, auc@1 77.75, auc@5 95.90, share 0, std_loss 0, 
2021-05-19 03:48:41,989:INFO:[Rank-1] val time 16.1159, epoch 193, step  40, loss 1.26930250, auc@1 64.66, auc@5 88.86
2021-05-19 03:49:19,437:INFO:[Rank-1] train time 37.3792, epoch 194, step  49, loss 0.78014463, auc@1 77.55, auc@5 95.78, share 0, std_loss 0, 
2021-05-19 03:49:35,837:INFO:[Rank-1] val time 16.3971, epoch 194, step  40, loss 1.26756364, auc@1 64.64, auc@5 88.96
2021-05-19 03:50:13,681:INFO:[Rank-1] train time 37.7850, epoch 195, step  49, loss 0.77452880, auc@1 77.96, auc@5 95.71, share 0, std_loss 0, 
2021-05-19 03:50:29,975:INFO:[Rank-1] val time 16.2913, epoch 195, step  40, loss 1.26688605, auc@1 64.85, auc@5 89.10
2021-05-19 03:51:07,434:INFO:[Rank-1] train time 37.4029, epoch 196, step  49, loss 0.77331299, auc@1 77.80, auc@5 95.67, share 0, std_loss 0, 
2021-05-19 03:51:23,810:INFO:[Rank-1] val time 16.3736, epoch 196, step  40, loss 1.26860677, auc@1 64.79, auc@5 88.98
2021-05-19 03:52:01,796:INFO:[Rank-1] train time 37.8489, epoch 197, step  49, loss 0.77112782, auc@1 77.94, auc@5 95.81, share 0, std_loss 0, 
2021-05-19 03:52:17,908:INFO:[Rank-1] val time 16.1092, epoch 197, step  40, loss 1.26658196, auc@1 64.77, auc@5 89.05
2021-05-19 03:52:55,651:INFO:[Rank-1] train time 37.7205, epoch 198, step  49, loss 0.77003729, auc@1 77.94, auc@5 95.94, share 0, std_loss 0, 
2021-05-19 03:53:11,892:INFO:[Rank-1] val time 16.2386, epoch 198, step  40, loss 1.26470754, auc@1 64.81, auc@5 89.17
2021-05-19 03:53:49,693:INFO:[Rank-1] train time 37.7377, epoch 199, step  49, loss 0.77072406, auc@1 78.08, auc@5 95.91, share 0, std_loss 0, 
2021-05-19 03:54:05,886:INFO:[Rank-1] val time 16.1898, epoch 199, step  40, loss 1.26669362, auc@1 64.87, auc@5 89.01
2021-05-19 03:54:43,872:INFO:[Rank-1] train time 37.9504, epoch 200, step  49, loss 0.77955741, auc@1 77.57, auc@5 95.70, share 0, std_loss 0, 
2021-05-19 03:55:00,170:INFO:[Rank-1] val time 16.2949, epoch 200, step  40, loss 1.26769622, auc@1 64.88, auc@5 89.10
2021-05-19 03:55:00,170:INFO:[Rank-1] finish, train+val 10799.29972, train 7546.32769, reduce_count   0
