2021-05-18 21:37:26,711:INFO:[Rank-1] args : Namespace(batch=1024, current_time='20210518_213718', dataset='cifar100', epochs=200, ip='192.168.1.1:7548', k=4, lr=0.1, momentum=0.9, name='minibatch', rank=1, scheduler_step=50, train_type='minibatch', weight_decay=0.001, world=4)
2021-05-18 21:38:11,812:INFO:[Rank-1] train time 43.5511, epoch   1, step  49, loss 4.83440828, auc@1 1.64, auc@5 6.89, share 0, std_loss 0, 
2021-05-18 21:38:27,984:INFO:[Rank-1] val time 16.1694, epoch   1, step  40, loss 4.50885492, auc@1 2.56, auc@5 10.13
2021-05-18 21:39:10,913:INFO:[Rank-1] train time 42.9280, epoch   2, step  49, loss 4.35027552, auc@1 3.75, auc@5 15.14, share 0, std_loss 0, 
2021-05-18 21:39:27,177:INFO:[Rank-1] val time 16.2609, epoch   2, step  40, loss 4.24394247, auc@1 3.70, auc@5 18.07
2021-05-18 21:40:10,020:INFO:[Rank-1] train time 42.8288, epoch   3, step  49, loss 4.12400723, auc@1 5.83, auc@5 21.90, share 0, std_loss 0, 
2021-05-18 21:40:26,670:INFO:[Rank-1] val time 16.6461, epoch   3, step  40, loss 3.99669290, auc@1 7.50, auc@5 26.02
2021-05-18 21:41:09,947:INFO:[Rank-1] train time 43.2688, epoch   4, step  49, loss 3.95884061, auc@1 7.93, auc@5 27.44, share 0, std_loss 0, 
2021-05-18 21:41:26,049:INFO:[Rank-1] val time 16.0983, epoch   4, step  40, loss 3.85205767, auc@1 9.88, auc@5 31.23
2021-05-18 21:42:08,717:INFO:[Rank-1] train time 42.6667, epoch   5, step  49, loss 3.83294868, auc@1 9.73, auc@5 31.58, share 0, std_loss 0, 
2021-05-18 21:42:24,883:INFO:[Rank-1] val time 16.1616, epoch   5, step  40, loss 3.77485363, auc@1 10.48, auc@5 32.93
2021-05-18 21:43:07,687:INFO:[Rank-1] train time 42.6364, epoch   6, step  49, loss 3.73396635, auc@1 11.36, auc@5 34.49, share 0, std_loss 0, 
2021-05-18 21:43:23,804:INFO:[Rank-1] val time 16.1141, epoch   6, step  40, loss 3.77863420, auc@1 10.39, auc@5 33.22
2021-05-18 21:44:06,604:INFO:[Rank-1] train time 42.7989, epoch   7, step  49, loss 3.65583396, auc@1 12.55, auc@5 37.21, share 0, std_loss 0, 
2021-05-18 21:44:22,867:INFO:[Rank-1] val time 16.2581, epoch   7, step  40, loss 3.53732125, auc@1 14.92, auc@5 40.68
2021-05-18 21:45:05,843:INFO:[Rank-1] train time 42.8857, epoch   8, step  49, loss 3.53407383, auc@1 14.52, auc@5 40.72, share 0, std_loss 0, 
2021-05-18 21:45:21,804:INFO:[Rank-1] val time 15.9589, epoch   8, step  40, loss 3.54685831, auc@1 15.09, auc@5 41.12
2021-05-18 21:46:04,595:INFO:[Rank-1] train time 42.5860, epoch   9, step  49, loss 3.42664504, auc@1 16.46, auc@5 43.96, share 0, std_loss 0, 
2021-05-18 21:46:20,702:INFO:[Rank-1] val time 16.1043, epoch   9, step  40, loss 3.36339638, auc@1 18.18, auc@5 45.66
2021-05-18 21:47:03,786:INFO:[Rank-1] train time 43.0227, epoch  10, step  49, loss 3.32072496, auc@1 18.40, auc@5 47.07, share 0, std_loss 0, 
2021-05-18 21:47:20,046:INFO:[Rank-1] val time 16.2571, epoch  10, step  40, loss 3.25592419, auc@1 19.79, auc@5 48.77
2021-05-18 21:48:03,063:INFO:[Rank-1] train time 42.9005, epoch  11, step  49, loss 3.21160316, auc@1 20.26, auc@5 50.16, share 0, std_loss 0, 
2021-05-18 21:48:19,390:INFO:[Rank-1] val time 16.3238, epoch  11, step  40, loss 3.16625959, auc@1 21.31, auc@5 50.82
2021-05-18 21:49:02,574:INFO:[Rank-1] train time 43.1816, epoch  12, step  49, loss 3.11175323, auc@1 22.30, auc@5 52.72, share 0, std_loss 0, 
2021-05-18 21:49:18,974:INFO:[Rank-1] val time 16.3978, epoch  12, step  40, loss 3.08878303, auc@1 23.39, auc@5 53.85
2021-05-18 21:50:02,220:INFO:[Rank-1] train time 43.2446, epoch  13, step  49, loss 3.01112151, auc@1 24.18, auc@5 55.26, share 0, std_loss 0, 
2021-05-18 21:50:18,502:INFO:[Rank-1] val time 16.2780, epoch  13, step  40, loss 3.01322203, auc@1 24.28, auc@5 55.29
2021-05-18 21:51:01,650:INFO:[Rank-1] train time 43.1462, epoch  14, step  49, loss 2.90475535, auc@1 26.22, auc@5 58.17, share 0, std_loss 0, 
2021-05-18 21:51:17,674:INFO:[Rank-1] val time 16.0190, epoch  14, step  40, loss 3.03561049, auc@1 24.33, auc@5 55.24
2021-05-18 21:52:00,351:INFO:[Rank-1] train time 42.6750, epoch  15, step  49, loss 2.77336597, auc@1 28.69, auc@5 61.15, share 0, std_loss 0, 
2021-05-18 21:52:16,457:INFO:[Rank-1] val time 16.1005, epoch  15, step  40, loss 2.82586449, auc@1 28.22, auc@5 59.16
2021-05-18 21:52:59,268:INFO:[Rank-1] train time 42.7309, epoch  16, step  49, loss 2.64914417, auc@1 31.04, auc@5 64.23, share 0, std_loss 0, 
2021-05-18 21:53:15,967:INFO:[Rank-1] val time 16.6967, epoch  16, step  40, loss 2.66439971, auc@1 31.56, auc@5 64.11
2021-05-18 21:53:59,128:INFO:[Rank-1] train time 43.0060, epoch  17, step  49, loss 2.51609349, auc@1 33.85, auc@5 67.20, share 0, std_loss 0, 
2021-05-18 21:54:15,498:INFO:[Rank-1] val time 16.3678, epoch  17, step  40, loss 2.57866758, auc@1 33.45, auc@5 66.29
2021-05-18 21:54:58,600:INFO:[Rank-1] train time 43.0995, epoch  18, step  49, loss 2.40505743, auc@1 35.87, auc@5 69.87, share 0, std_loss 0, 
2021-05-18 21:55:15,272:INFO:[Rank-1] val time 16.6673, epoch  18, step  40, loss 2.47798926, auc@1 34.91, auc@5 67.90
2021-05-18 21:55:58,308:INFO:[Rank-1] train time 43.0011, epoch  19, step  49, loss 2.26729393, auc@1 39.10, auc@5 72.67, share 0, std_loss 0, 
2021-05-18 21:56:14,748:INFO:[Rank-1] val time 16.4370, epoch  19, step  40, loss 2.33360680, auc@1 38.18, auc@5 70.50
2021-05-18 21:56:57,883:INFO:[Rank-1] train time 43.0649, epoch  20, step  49, loss 2.15657997, auc@1 41.40, auc@5 74.92, share 0, std_loss 0, 
2021-05-18 21:57:14,431:INFO:[Rank-1] val time 16.5459, epoch  20, step  40, loss 2.18132568, auc@1 41.19, auc@5 74.27
2021-05-18 21:57:57,527:INFO:[Rank-1] train time 43.0682, epoch  21, step  49, loss 2.05403495, auc@1 43.70, auc@5 76.99, share 0, std_loss 0, 
2021-05-18 21:58:13,706:INFO:[Rank-1] val time 16.1767, epoch  21, step  40, loss 2.19741630, auc@1 41.00, auc@5 73.04
2021-05-18 21:58:57,270:INFO:[Rank-1] train time 43.5630, epoch  22, step  49, loss 1.94387794, auc@1 46.42, auc@5 78.87, share 0, std_loss 0, 
2021-05-18 21:59:13,734:INFO:[Rank-1] val time 16.4593, epoch  22, step  40, loss 2.09463216, auc@1 43.34, auc@5 75.92
2021-05-18 21:59:56,736:INFO:[Rank-1] train time 43.0004, epoch  23, step  49, loss 1.87200809, auc@1 48.12, auc@5 80.26, share 0, std_loss 0, 
2021-05-18 22:00:12,942:INFO:[Rank-1] val time 16.2010, epoch  23, step  40, loss 2.11979948, auc@1 43.33, auc@5 75.40
2021-05-18 22:00:55,839:INFO:[Rank-1] train time 42.8141, epoch  24, step  49, loss 1.79423940, auc@1 49.71, auc@5 82.04, share 0, std_loss 0, 
2021-05-18 22:01:12,370:INFO:[Rank-1] val time 16.5282, epoch  24, step  40, loss 1.93486823, auc@1 47.23, auc@5 79.34
2021-05-18 22:01:55,224:INFO:[Rank-1] train time 42.8245, epoch  25, step  49, loss 1.70197940, auc@1 52.24, auc@5 83.38, share 0, std_loss 0, 
2021-05-18 22:02:11,436:INFO:[Rank-1] val time 16.2091, epoch  25, step  40, loss 1.83050806, auc@1 49.00, auc@5 80.87
2021-05-18 22:02:54,743:INFO:[Rank-1] train time 43.2522, epoch  26, step  49, loss 1.63081264, auc@1 53.88, auc@5 84.58, share 0, std_loss 0, 
2021-05-18 22:03:10,915:INFO:[Rank-1] val time 16.1700, epoch  26, step  40, loss 1.88879549, auc@1 48.65, auc@5 79.13
2021-05-18 22:03:54,437:INFO:[Rank-1] train time 43.5066, epoch  27, step  49, loss 1.58232188, auc@1 55.04, auc@5 85.40, share 0, std_loss 0, 
2021-05-18 22:04:10,878:INFO:[Rank-1] val time 16.4374, epoch  27, step  40, loss 1.72919831, auc@1 51.96, auc@5 82.21
2021-05-18 22:04:53,246:INFO:[Rank-1] train time 42.3661, epoch  28, step  49, loss 1.51824749, auc@1 56.55, auc@5 86.30, share 0, std_loss 0, 
2021-05-18 22:05:09,339:INFO:[Rank-1] val time 16.0877, epoch  28, step  40, loss 1.92700279, auc@1 47.76, auc@5 79.13
2021-05-18 22:05:52,933:INFO:[Rank-1] train time 43.5512, epoch  29, step  49, loss 1.46676552, auc@1 58.24, auc@5 87.12, share 0, std_loss 0, 
2021-05-18 22:06:09,312:INFO:[Rank-1] val time 16.3760, epoch  29, step  40, loss 1.68029097, auc@1 53.29, auc@5 83.57
2021-05-18 22:06:52,558:INFO:[Rank-1] train time 43.1976, epoch  30, step  49, loss 1.40549839, auc@1 59.55, auc@5 88.20, share 0, std_loss 0, 
2021-05-18 22:07:08,974:INFO:[Rank-1] val time 16.4135, epoch  30, step  40, loss 1.68743974, auc@1 53.14, auc@5 82.88
2021-05-18 22:07:52,207:INFO:[Rank-1] train time 43.2307, epoch  31, step  49, loss 1.36544049, auc@1 60.94, auc@5 88.66, share 0, std_loss 0, 
2021-05-18 22:08:08,623:INFO:[Rank-1] val time 16.4116, epoch  31, step  40, loss 1.78651585, auc@1 51.47, auc@5 80.98
2021-05-18 22:08:51,457:INFO:[Rank-1] train time 42.8038, epoch  32, step  49, loss 1.31754923, auc@1 62.07, auc@5 89.32, share 0, std_loss 0, 
2021-05-18 22:09:07,944:INFO:[Rank-1] val time 16.4842, epoch  32, step  40, loss 1.56354079, auc@1 55.80, auc@5 85.39
2021-05-18 22:09:50,663:INFO:[Rank-1] train time 42.6342, epoch  33, step  49, loss 1.27005291, auc@1 63.41, auc@5 89.98, share 0, std_loss 0, 
2021-05-18 22:10:07,000:INFO:[Rank-1] val time 16.3336, epoch  33, step  40, loss 1.73748024, auc@1 52.54, auc@5 82.70
2021-05-18 22:10:49,768:INFO:[Rank-1] train time 42.7655, epoch  34, step  49, loss 1.23477387, auc@1 64.29, auc@5 90.70, share 0, std_loss 0, 
2021-05-18 22:11:06,002:INFO:[Rank-1] val time 16.2304, epoch  34, step  40, loss 1.63997584, auc@1 54.60, auc@5 84.59
2021-05-18 22:11:49,100:INFO:[Rank-1] train time 43.0963, epoch  35, step  49, loss 1.20434463, auc@1 64.96, auc@5 91.10, share 0, std_loss 0, 
2021-05-18 22:12:05,192:INFO:[Rank-1] val time 16.0873, epoch  35, step  40, loss 1.57240152, auc@1 56.27, auc@5 85.32
2021-05-18 22:12:48,329:INFO:[Rank-1] train time 43.1339, epoch  36, step  49, loss 1.16772628, auc@1 66.07, auc@5 91.54, share 0, std_loss 0, 
2021-05-18 22:13:04,622:INFO:[Rank-1] val time 16.2891, epoch  36, step  40, loss 1.59318060, auc@1 56.33, auc@5 84.86
2021-05-18 22:13:47,762:INFO:[Rank-1] train time 43.1387, epoch  37, step  49, loss 1.13598764, auc@1 66.95, auc@5 91.83, share 0, std_loss 0, 
2021-05-18 22:14:04,016:INFO:[Rank-1] val time 16.2518, epoch  37, step  40, loss 1.76179486, auc@1 53.39, auc@5 82.49
2021-05-18 22:14:47,122:INFO:[Rank-1] train time 43.1056, epoch  38, step  49, loss 1.11648774, auc@1 67.53, auc@5 92.07, share 0, std_loss 0, 
2021-05-18 22:15:03,751:INFO:[Rank-1] val time 16.6256, epoch  38, step  40, loss 1.57856864, auc@1 56.58, auc@5 85.29
2021-05-18 22:15:47,237:INFO:[Rank-1] train time 43.4846, epoch  39, step  49, loss 1.08170021, auc@1 68.41, auc@5 92.56, share 0, std_loss 0, 
2021-05-18 22:16:02,904:INFO:[Rank-1] val time 15.6640, epoch  39, step  40, loss 1.57597184, auc@1 56.90, auc@5 85.48
2021-05-18 22:16:45,906:INFO:[Rank-1] train time 43.0003, epoch  40, step  49, loss 1.04840147, auc@1 69.15, auc@5 93.00, share 0, std_loss 0, 
2021-05-18 22:17:02,271:INFO:[Rank-1] val time 16.3624, epoch  40, step  40, loss 1.58177436, auc@1 56.61, auc@5 84.92
2021-05-18 22:17:45,026:INFO:[Rank-1] train time 42.6729, epoch  41, step  49, loss 1.00997674, auc@1 70.38, auc@5 93.39, share 0, std_loss 0, 
2021-05-18 22:18:01,570:INFO:[Rank-1] val time 16.5418, epoch  41, step  40, loss 1.63876878, auc@1 55.64, auc@5 85.04
2021-05-18 22:18:44,841:INFO:[Rank-1] train time 43.2687, epoch  42, step  49, loss 1.00399852, auc@1 70.81, auc@5 93.51, share 0, std_loss 0, 
2021-05-18 22:19:01,072:INFO:[Rank-1] val time 16.2269, epoch  42, step  40, loss 1.51883534, auc@1 58.97, auc@5 86.13
2021-05-18 22:19:43,733:INFO:[Rank-1] train time 42.6579, epoch  43, step  49, loss 0.99030501, auc@1 70.76, auc@5 93.74, share 0, std_loss 0, 
2021-05-18 22:19:59,928:INFO:[Rank-1] val time 16.1898, epoch  43, step  40, loss 1.68661549, auc@1 55.13, auc@5 83.52
2021-05-18 22:20:42,798:INFO:[Rank-1] train time 42.7797, epoch  44, step  49, loss 0.96971560, auc@1 71.68, auc@5 93.92, share 0, std_loss 0, 
2021-05-18 22:20:58,993:INFO:[Rank-1] val time 16.1920, epoch  44, step  40, loss 1.53151539, auc@1 58.55, auc@5 86.53
2021-05-18 22:21:41,480:INFO:[Rank-1] train time 42.3578, epoch  45, step  49, loss 0.93897659, auc@1 72.37, auc@5 94.26, share 0, std_loss 0, 
2021-05-18 22:21:57,685:INFO:[Rank-1] val time 16.2022, epoch  45, step  40, loss 1.42436099, auc@1 60.47, auc@5 87.65
2021-05-18 22:22:40,348:INFO:[Rank-1] train time 42.5508, epoch  46, step  49, loss 0.92622268, auc@1 72.76, auc@5 94.36, share 0, std_loss 0, 
2021-05-18 22:22:57,233:INFO:[Rank-1] val time 16.8825, epoch  46, step  40, loss 1.64517902, auc@1 56.48, auc@5 84.55
2021-05-18 22:23:40,139:INFO:[Rank-1] train time 42.9048, epoch  47, step  49, loss 0.90108389, auc@1 73.75, auc@5 94.63, share 0, std_loss 0, 
2021-05-18 22:23:56,609:INFO:[Rank-1] val time 16.4653, epoch  47, step  40, loss 1.59481881, auc@1 57.87, auc@5 85.73
2021-05-18 22:24:39,227:INFO:[Rank-1] train time 42.6170, epoch  48, step  49, loss 0.90321124, auc@1 73.46, auc@5 94.78, share 0, std_loss 0, 
2021-05-18 22:24:55,509:INFO:[Rank-1] val time 16.2797, epoch  48, step  40, loss 1.55425966, auc@1 57.90, auc@5 86.15
2021-05-18 22:25:38,320:INFO:[Rank-1] train time 42.6611, epoch  49, step  49, loss 0.87574339, auc@1 74.13, auc@5 94.97, share 0, std_loss 0, 
2021-05-18 22:25:54,498:INFO:[Rank-1] val time 16.1751, epoch  49, step  40, loss 1.55330560, auc@1 58.51, auc@5 85.71
2021-05-18 22:26:37,391:INFO:[Rank-1] train time 42.7520, epoch  50, step  49, loss 0.85558122, auc@1 74.75, auc@5 95.26, share 0, std_loss 0, 
2021-05-18 22:26:53,400:INFO:[Rank-1] val time 16.0056, epoch  50, step  40, loss 1.76271011, auc@1 55.37, auc@5 82.93
2021-05-18 22:27:36,082:INFO:[Rank-1] train time 42.5900, epoch  51, step  49, loss 0.59296250, auc@1 82.58, auc@5 97.49, share 0, std_loss 0, 
2021-05-18 22:27:52,464:INFO:[Rank-1] val time 16.3783, epoch  51, step  40, loss 1.01189939, auc@1 71.04, auc@5 92.33
2021-05-18 22:28:34,885:INFO:[Rank-1] train time 42.4193, epoch  52, step  49, loss 0.45320883, auc@1 86.93, auc@5 98.47, share 0, std_loss 0, 
2021-05-18 22:28:51,468:INFO:[Rank-1] val time 16.5788, epoch  52, step  40, loss 0.97101585, auc@1 72.37, auc@5 92.90
2021-05-18 22:29:34,582:INFO:[Rank-1] train time 43.1124, epoch  53, step  49, loss 0.41074538, auc@1 88.22, auc@5 98.62, share 0, std_loss 0, 
2021-05-18 22:29:51,082:INFO:[Rank-1] val time 16.4943, epoch  53, step  40, loss 0.98143608, auc@1 72.32, auc@5 93.00
2021-05-18 22:30:34,403:INFO:[Rank-1] train time 43.3200, epoch  54, step  49, loss 0.38100544, auc@1 89.17, auc@5 98.79, share 0, std_loss 0, 
2021-05-18 22:30:51,212:INFO:[Rank-1] val time 16.8058, epoch  54, step  40, loss 0.97817336, auc@1 72.73, auc@5 92.95
2021-05-18 22:31:33,790:INFO:[Rank-1] train time 42.5512, epoch  55, step  49, loss 0.35297164, auc@1 89.93, auc@5 99.03, share 0, std_loss 0, 
2021-05-18 22:31:50,163:INFO:[Rank-1] val time 16.3704, epoch  55, step  40, loss 0.98917936, auc@1 72.38, auc@5 93.15
2021-05-18 22:32:33,488:INFO:[Rank-1] train time 43.2351, epoch  56, step  49, loss 0.32996741, auc@1 90.51, auc@5 99.17, share 0, std_loss 0, 
2021-05-18 22:32:49,857:INFO:[Rank-1] val time 16.3660, epoch  56, step  40, loss 0.98016020, auc@1 73.18, auc@5 93.16
2021-05-18 22:33:32,834:INFO:[Rank-1] train time 42.9752, epoch  57, step  49, loss 0.30822831, auc@1 91.24, auc@5 99.17, share 0, std_loss 0, 
2021-05-18 22:33:49,336:INFO:[Rank-1] val time 16.4970, epoch  57, step  40, loss 0.99135356, auc@1 72.73, auc@5 93.01
2021-05-18 22:34:32,530:INFO:[Rank-1] train time 43.1294, epoch  58, step  49, loss 0.29261276, auc@1 91.78, auc@5 99.32, share 0, std_loss 0, 
2021-05-18 22:34:49,090:INFO:[Rank-1] val time 16.5574, epoch  58, step  40, loss 0.98764280, auc@1 72.81, auc@5 93.21
2021-05-18 22:35:31,882:INFO:[Rank-1] train time 42.7905, epoch  59, step  49, loss 0.27616721, auc@1 92.14, auc@5 99.40, share 0, std_loss 0, 
2021-05-18 22:35:48,269:INFO:[Rank-1] val time 16.3828, epoch  59, step  40, loss 1.00399664, auc@1 72.92, auc@5 93.07
2021-05-18 22:36:31,874:INFO:[Rank-1] train time 43.5154, epoch  60, step  49, loss 0.26086554, auc@1 92.79, auc@5 99.44, share 0, std_loss 0, 
2021-05-18 22:36:48,274:INFO:[Rank-1] val time 16.3963, epoch  60, step  40, loss 1.00128900, auc@1 72.79, auc@5 93.28
2021-05-18 22:37:31,447:INFO:[Rank-1] train time 43.1648, epoch  61, step  49, loss 0.24477692, auc@1 93.30, auc@5 99.54, share 0, std_loss 0, 
2021-05-18 22:37:47,553:INFO:[Rank-1] val time 16.1022, epoch  61, step  40, loss 1.00589672, auc@1 73.17, auc@5 93.16
2021-05-18 22:38:31,011:INFO:[Rank-1] train time 43.4565, epoch  62, step  49, loss 0.23032989, auc@1 93.75, auc@5 99.59, share 0, std_loss 0, 
2021-05-18 22:38:47,472:INFO:[Rank-1] val time 16.4560, epoch  62, step  40, loss 1.00415484, auc@1 73.11, auc@5 93.20
2021-05-18 22:39:30,782:INFO:[Rank-1] train time 43.3082, epoch  63, step  49, loss 0.21856105, auc@1 94.23, auc@5 99.63, share 0, std_loss 0, 
2021-05-18 22:39:47,179:INFO:[Rank-1] val time 16.3918, epoch  63, step  40, loss 1.02160170, auc@1 72.88, auc@5 93.10
2021-05-18 22:40:30,016:INFO:[Rank-1] train time 42.7716, epoch  64, step  49, loss 0.20717840, auc@1 94.57, auc@5 99.65, share 0, std_loss 0, 
2021-05-18 22:40:46,237:INFO:[Rank-1] val time 16.2180, epoch  64, step  40, loss 1.03529144, auc@1 72.49, auc@5 93.05
2021-05-18 22:41:28,760:INFO:[Rank-1] train time 42.4915, epoch  65, step  49, loss 0.19405860, auc@1 94.89, auc@5 99.73, share 0, std_loss 0, 
2021-05-18 22:41:44,907:INFO:[Rank-1] val time 16.1451, epoch  65, step  40, loss 1.03681711, auc@1 72.97, auc@5 93.00
2021-05-18 22:42:27,641:INFO:[Rank-1] train time 42.6506, epoch  66, step  49, loss 0.18471833, auc@1 95.21, auc@5 99.77, share 0, std_loss 0, 
2021-05-18 22:42:43,891:INFO:[Rank-1] val time 16.2480, epoch  66, step  40, loss 1.04503375, auc@1 72.87, auc@5 92.98
2021-05-18 22:43:26,494:INFO:[Rank-1] train time 42.5873, epoch  67, step  49, loss 0.17474841, auc@1 95.51, auc@5 99.77, share 0, std_loss 0, 
2021-05-18 22:43:43,167:INFO:[Rank-1] val time 16.6700, epoch  67, step  40, loss 1.05142082, auc@1 72.63, auc@5 93.03
2021-05-18 22:44:26,435:INFO:[Rank-1] train time 43.2196, epoch  68, step  49, loss 0.16414981, auc@1 95.94, auc@5 99.82, share 0, std_loss 0, 
2021-05-18 22:44:42,535:INFO:[Rank-1] val time 16.0970, epoch  68, step  40, loss 1.04852528, auc@1 72.90, auc@5 92.94
2021-05-18 22:45:25,098:INFO:[Rank-1] train time 42.4251, epoch  69, step  49, loss 0.15619847, auc@1 96.16, auc@5 99.84, share 0, std_loss 0, 
2021-05-18 22:45:41,193:INFO:[Rank-1] val time 16.0929, epoch  69, step  40, loss 1.05822786, auc@1 72.67, auc@5 92.97
2021-05-18 22:46:24,312:INFO:[Rank-1] train time 43.1175, epoch  70, step  49, loss 0.14566898, auc@1 96.44, auc@5 99.88, share 0, std_loss 0, 
2021-05-18 22:46:40,741:INFO:[Rank-1] val time 16.4257, epoch  70, step  40, loss 1.06519921, auc@1 73.12, auc@5 93.06
2021-05-18 22:47:23,192:INFO:[Rank-1] train time 42.4369, epoch  71, step  49, loss 0.13859078, auc@1 96.63, auc@5 99.87, share 0, std_loss 0, 
2021-05-18 22:47:39,549:INFO:[Rank-1] val time 16.3536, epoch  71, step  40, loss 1.09445152, auc@1 72.57, auc@5 92.70
2021-05-18 22:48:22,194:INFO:[Rank-1] train time 42.6111, epoch  72, step  49, loss 0.12833746, auc@1 97.08, auc@5 99.90, share 0, std_loss 0, 
2021-05-18 22:48:38,946:INFO:[Rank-1] val time 16.7491, epoch  72, step  40, loss 1.08415787, auc@1 72.46, auc@5 92.60
2021-05-18 22:49:22,294:INFO:[Rank-1] train time 43.3090, epoch  73, step  49, loss 0.12429696, auc@1 97.13, auc@5 99.91, share 0, std_loss 0, 
2021-05-18 22:49:38,637:INFO:[Rank-1] val time 16.3398, epoch  73, step  40, loss 1.08556299, auc@1 72.49, auc@5 92.73
2021-05-18 22:50:21,798:INFO:[Rank-1] train time 43.0797, epoch  74, step  49, loss 0.11749496, auc@1 97.30, auc@5 99.92, share 0, std_loss 0, 
2021-05-18 22:50:38,379:INFO:[Rank-1] val time 16.5781, epoch  74, step  40, loss 1.09719819, auc@1 72.78, auc@5 92.82
2021-05-18 22:51:21,836:INFO:[Rank-1] train time 43.3724, epoch  75, step  49, loss 0.11207597, auc@1 97.47, auc@5 99.93, share 0, std_loss 0, 
2021-05-18 22:51:38,482:INFO:[Rank-1] val time 16.6429, epoch  75, step  40, loss 1.11369375, auc@1 72.87, auc@5 92.64
2021-05-18 22:52:21,536:INFO:[Rank-1] train time 43.0523, epoch  76, step  49, loss 0.10601571, auc@1 97.70, auc@5 99.94, share 0, std_loss 0, 
2021-05-18 22:52:37,864:INFO:[Rank-1] val time 16.3233, epoch  76, step  40, loss 1.10567530, auc@1 72.77, auc@5 92.83
2021-05-18 22:53:20,565:INFO:[Rank-1] train time 42.6993, epoch  77, step  49, loss 0.09938275, auc@1 97.87, auc@5 99.96, share 0, std_loss 0, 
2021-05-18 22:53:36,948:INFO:[Rank-1] val time 16.3804, epoch  77, step  40, loss 1.10726108, auc@1 72.50, auc@5 92.74
2021-05-18 22:54:20,454:INFO:[Rank-1] train time 43.5054, epoch  78, step  49, loss 0.09464287, auc@1 97.98, auc@5 99.95, share 0, std_loss 0, 
2021-05-18 22:54:37,046:INFO:[Rank-1] val time 16.5886, epoch  78, step  40, loss 1.13231271, auc@1 72.52, auc@5 92.42
2021-05-18 22:55:19,902:INFO:[Rank-1] train time 42.8473, epoch  79, step  49, loss 0.09097135, auc@1 98.13, auc@5 99.96, share 0, std_loss 0, 
2021-05-18 22:55:36,369:INFO:[Rank-1] val time 16.4621, epoch  79, step  40, loss 1.13019477, auc@1 72.17, auc@5 92.63
2021-05-18 22:56:19,811:INFO:[Rank-1] train time 43.2733, epoch  80, step  49, loss 0.08294381, auc@1 98.46, auc@5 99.97, share 0, std_loss 0, 
2021-05-18 22:56:36,146:INFO:[Rank-1] val time 16.3326, epoch  80, step  40, loss 1.12749416, auc@1 72.80, auc@5 92.50
2021-05-18 22:57:19,292:INFO:[Rank-1] train time 43.1440, epoch  81, step  49, loss 0.08367235, auc@1 98.32, auc@5 99.96, share 0, std_loss 0, 
2021-05-18 22:57:35,939:INFO:[Rank-1] val time 16.6438, epoch  81, step  40, loss 1.12657347, auc@1 72.79, auc@5 92.49
2021-05-18 22:58:19,189:INFO:[Rank-1] train time 43.2486, epoch  82, step  49, loss 0.07641503, auc@1 98.56, auc@5 99.98, share 0, std_loss 0, 
2021-05-18 22:58:35,392:INFO:[Rank-1] val time 16.1978, epoch  82, step  40, loss 1.13739671, auc@1 72.98, auc@5 92.44
2021-05-18 22:59:18,370:INFO:[Rank-1] train time 42.9766, epoch  83, step  49, loss 0.07674059, auc@1 98.50, auc@5 99.98, share 0, std_loss 0, 
2021-05-18 22:59:35,137:INFO:[Rank-1] val time 16.7622, epoch  83, step  40, loss 1.12522746, auc@1 72.95, auc@5 92.62
2021-05-18 23:00:18,542:INFO:[Rank-1] train time 43.3351, epoch  84, step  49, loss 0.07143950, auc@1 98.68, auc@5 99.99, share 0, std_loss 0, 
2021-05-18 23:00:34,748:INFO:[Rank-1] val time 16.2038, epoch  84, step  40, loss 1.12838332, auc@1 73.08, auc@5 92.51
2021-05-18 23:01:17,409:INFO:[Rank-1] train time 42.6585, epoch  85, step  49, loss 0.06813704, auc@1 98.75, auc@5 99.98, share 0, std_loss 0, 
2021-05-18 23:01:33,820:INFO:[Rank-1] val time 16.4068, epoch  85, step  40, loss 1.15265635, auc@1 72.41, auc@5 92.62
2021-05-18 23:02:16,823:INFO:[Rank-1] train time 42.9122, epoch  86, step  49, loss 0.06489331, auc@1 98.82, auc@5 99.98, share 0, std_loss 0, 
2021-05-18 23:02:33,078:INFO:[Rank-1] val time 16.2524, epoch  86, step  40, loss 1.14158990, auc@1 72.87, auc@5 92.66
2021-05-18 23:03:16,356:INFO:[Rank-1] train time 43.1563, epoch  87, step  49, loss 0.06504238, auc@1 98.83, auc@5 99.98, share 0, std_loss 0, 
2021-05-18 23:03:32,928:INFO:[Rank-1] val time 16.5690, epoch  87, step  40, loss 1.13613069, auc@1 72.90, auc@5 92.76
2021-05-18 23:04:15,795:INFO:[Rank-1] train time 42.8659, epoch  88, step  49, loss 0.06011535, auc@1 98.95, auc@5 99.99, share 0, std_loss 0, 
2021-05-18 23:04:31,845:INFO:[Rank-1] val time 16.0448, epoch  88, step  40, loss 1.14725156, auc@1 72.62, auc@5 92.59
2021-05-18 23:05:14,751:INFO:[Rank-1] train time 42.9049, epoch  89, step  49, loss 0.06093577, auc@1 98.89, auc@5 99.99, share 0, std_loss 0, 
2021-05-18 23:05:31,556:INFO:[Rank-1] val time 16.7997, epoch  89, step  40, loss 1.15109201, auc@1 72.76, auc@5 92.34
2021-05-18 23:06:14,774:INFO:[Rank-1] train time 43.0921, epoch  90, step  49, loss 0.05834447, auc@1 99.00, auc@5 100.00, share 0, std_loss 0, 
2021-05-18 23:06:31,140:INFO:[Rank-1] val time 16.3632, epoch  90, step  40, loss 1.16190657, auc@1 72.78, auc@5 92.38
2021-05-18 23:07:14,327:INFO:[Rank-1] train time 43.1340, epoch  91, step  49, loss 0.05649555, auc@1 99.08, auc@5 99.99, share 0, std_loss 0, 
2021-05-18 23:07:30,693:INFO:[Rank-1] val time 16.3634, epoch  91, step  40, loss 1.16037539, auc@1 72.73, auc@5 92.58
2021-05-18 23:08:14,192:INFO:[Rank-1] train time 43.4967, epoch  92, step  49, loss 0.05482607, auc@1 99.07, auc@5 100.00, share 0, std_loss 0, 
2021-05-18 23:08:30,098:INFO:[Rank-1] val time 15.9016, epoch  92, step  40, loss 1.15596167, auc@1 72.42, auc@5 92.37
2021-05-18 23:09:12,698:INFO:[Rank-1] train time 42.5925, epoch  93, step  49, loss 0.05179278, auc@1 99.15, auc@5 100.00, share 0, std_loss 0, 
2021-05-18 23:09:29,047:INFO:[Rank-1] val time 16.3460, epoch  93, step  40, loss 1.14088371, auc@1 73.25, auc@5 92.57
2021-05-18 23:10:11,935:INFO:[Rank-1] train time 42.8410, epoch  94, step  49, loss 0.05134667, auc@1 99.16, auc@5 100.00, share 0, std_loss 0, 
2021-05-18 23:10:28,586:INFO:[Rank-1] val time 16.6477, epoch  94, step  40, loss 1.14542105, auc@1 72.88, auc@5 92.39
2021-05-18 23:11:11,623:INFO:[Rank-1] train time 43.0351, epoch  95, step  49, loss 0.05298030, auc@1 99.10, auc@5 100.00, share 0, std_loss 0, 
2021-05-18 23:11:27,825:INFO:[Rank-1] val time 16.1968, epoch  95, step  40, loss 1.14762691, auc@1 72.94, auc@5 92.55
2021-05-18 23:12:10,771:INFO:[Rank-1] train time 42.9335, epoch  96, step  49, loss 0.04807343, auc@1 99.25, auc@5 100.00, share 0, std_loss 0, 
2021-05-18 23:12:27,037:INFO:[Rank-1] val time 16.2620, epoch  96, step  40, loss 1.16167308, auc@1 72.74, auc@5 92.44
2021-05-18 23:13:09,921:INFO:[Rank-1] train time 42.7307, epoch  97, step  49, loss 0.04415249, auc@1 99.39, auc@5 100.00, share 0, std_loss 0, 
2021-05-18 23:13:26,032:INFO:[Rank-1] val time 16.1074, epoch  97, step  40, loss 1.15250375, auc@1 73.17, auc@5 92.49
2021-05-18 23:14:09,115:INFO:[Rank-1] train time 42.8102, epoch  98, step  49, loss 0.04621663, auc@1 99.29, auc@5 100.00, share 0, std_loss 0, 
2021-05-18 23:14:25,677:INFO:[Rank-1] val time 16.5590, epoch  98, step  40, loss 1.16912172, auc@1 72.72, auc@5 92.46
2021-05-18 23:15:08,861:INFO:[Rank-1] train time 43.1305, epoch  99, step  49, loss 0.04375408, auc@1 99.37, auc@5 100.00, share 0, std_loss 0, 
2021-05-18 23:15:24,979:INFO:[Rank-1] val time 16.1154, epoch  99, step  40, loss 1.18271726, auc@1 72.52, auc@5 92.56
2021-05-18 23:16:08,190:INFO:[Rank-1] train time 43.2090, epoch 100, step  49, loss 0.04368000, auc@1 99.34, auc@5 100.00, share 0, std_loss 0, 
2021-05-18 23:16:24,637:INFO:[Rank-1] val time 16.4411, epoch 100, step  40, loss 1.18093121, auc@1 72.86, auc@5 92.53
2021-05-18 23:17:07,416:INFO:[Rank-1] train time 42.7060, epoch 101, step  49, loss 0.03631729, auc@1 99.54, auc@5 100.00, share 0, std_loss 0, 
2021-05-18 23:17:23,634:INFO:[Rank-1] val time 16.2158, epoch 101, step  40, loss 1.13543293, auc@1 73.40, auc@5 92.67
2021-05-18 23:18:06,836:INFO:[Rank-1] train time 43.1878, epoch 102, step  49, loss 0.03289685, auc@1 99.65, auc@5 100.00, share 0, std_loss 0, 
2021-05-18 23:18:23,111:INFO:[Rank-1] val time 16.2718, epoch 102, step  40, loss 1.12920904, auc@1 73.38, auc@5 92.70
2021-05-18 23:19:05,801:INFO:[Rank-1] train time 42.6405, epoch 103, step  49, loss 0.03103320, auc@1 99.68, auc@5 100.00, share 0, std_loss 0, 
2021-05-18 23:19:21,958:INFO:[Rank-1] val time 16.1541, epoch 103, step  40, loss 1.12385873, auc@1 73.41, auc@5 92.72
2021-05-18 23:20:05,030:INFO:[Rank-1] train time 42.9806, epoch 104, step  49, loss 0.02872210, auc@1 99.75, auc@5 100.00, share 0, std_loss 0, 
2021-05-18 23:20:21,224:INFO:[Rank-1] val time 16.1913, epoch 104, step  40, loss 1.12071672, auc@1 73.64, auc@5 92.65
2021-05-18 23:21:04,131:INFO:[Rank-1] train time 42.9054, epoch 105, step  49, loss 0.02847698, auc@1 99.75, auc@5 100.00, share 0, std_loss 0, 
2021-05-18 23:21:20,240:INFO:[Rank-1] val time 16.1052, epoch 105, step  40, loss 1.12235783, auc@1 73.59, auc@5 92.67
2021-05-18 23:22:02,741:INFO:[Rank-1] train time 42.4020, epoch 106, step  49, loss 0.02861963, auc@1 99.70, auc@5 100.00, share 0, std_loss 0, 
2021-05-18 23:22:19,075:INFO:[Rank-1] val time 16.3326, epoch 106, step  40, loss 1.11743816, auc@1 73.78, auc@5 92.64
2021-05-18 23:23:02,075:INFO:[Rank-1] train time 42.9983, epoch 107, step  49, loss 0.02784910, auc@1 99.79, auc@5 100.00, share 0, std_loss 0, 
2021-05-18 23:23:18,204:INFO:[Rank-1] val time 16.1261, epoch 107, step  40, loss 1.11952896, auc@1 73.77, auc@5 92.76
2021-05-18 23:24:01,084:INFO:[Rank-1] train time 42.7852, epoch 108, step  49, loss 0.02760109, auc@1 99.77, auc@5 100.00, share 0, std_loss 0, 
2021-05-18 23:24:17,200:INFO:[Rank-1] val time 16.1137, epoch 108, step  40, loss 1.11526255, auc@1 73.65, auc@5 92.73
2021-05-18 23:25:00,212:INFO:[Rank-1] train time 42.9565, epoch 109, step  49, loss 0.02706500, auc@1 99.78, auc@5 100.00, share 0, std_loss 0, 
2021-05-18 23:25:16,679:INFO:[Rank-1] val time 16.4647, epoch 109, step  40, loss 1.11760802, auc@1 73.65, auc@5 92.64
2021-05-18 23:25:59,654:INFO:[Rank-1] train time 42.8685, epoch 110, step  49, loss 0.02568612, auc@1 99.83, auc@5 100.00, share 0, std_loss 0, 
2021-05-18 23:26:15,855:INFO:[Rank-1] val time 16.1976, epoch 110, step  40, loss 1.11331206, auc@1 73.89, auc@5 92.69
2021-05-18 23:26:58,487:INFO:[Rank-1] train time 42.6297, epoch 111, step  49, loss 0.02581291, auc@1 99.80, auc@5 100.00, share 0, std_loss 0, 
2021-05-18 23:27:14,789:INFO:[Rank-1] val time 16.2969, epoch 111, step  40, loss 1.11648082, auc@1 73.54, auc@5 92.84
2021-05-18 23:27:57,702:INFO:[Rank-1] train time 42.9117, epoch 112, step  49, loss 0.02606581, auc@1 99.80, auc@5 100.00, share 0, std_loss 0, 
2021-05-18 23:28:14,058:INFO:[Rank-1] val time 16.3536, epoch 112, step  40, loss 1.11270632, auc@1 73.71, auc@5 92.84
2021-05-18 23:28:56,960:INFO:[Rank-1] train time 42.8641, epoch 113, step  49, loss 0.02571468, auc@1 99.79, auc@5 100.00, share 0, std_loss 0, 
2021-05-18 23:29:13,083:INFO:[Rank-1] val time 16.1198, epoch 113, step  40, loss 1.11377633, auc@1 73.65, auc@5 92.78
2021-05-18 23:29:55,849:INFO:[Rank-1] train time 42.7644, epoch 114, step  49, loss 0.02516832, auc@1 99.82, auc@5 100.00, share 0, std_loss 0, 
2021-05-18 23:30:11,966:INFO:[Rank-1] val time 16.1119, epoch 114, step  40, loss 1.11205325, auc@1 73.85, auc@5 92.84
2021-05-18 23:30:55,128:INFO:[Rank-1] train time 42.9828, epoch 115, step  49, loss 0.02459344, auc@1 99.85, auc@5 100.00, share 0, std_loss 0, 
2021-05-18 23:31:11,708:INFO:[Rank-1] val time 16.5761, epoch 115, step  40, loss 1.11045180, auc@1 73.85, auc@5 92.78
2021-05-18 23:31:54,767:INFO:[Rank-1] train time 42.9986, epoch 116, step  49, loss 0.02498735, auc@1 99.79, auc@5 100.00, share 0, std_loss 0, 
2021-05-18 23:32:11,298:INFO:[Rank-1] val time 16.5290, epoch 116, step  40, loss 1.11203263, auc@1 73.69, auc@5 92.75
2021-05-18 23:32:54,509:INFO:[Rank-1] train time 43.2093, epoch 117, step  49, loss 0.02443240, auc@1 99.82, auc@5 100.00, share 0, std_loss 0, 
2021-05-18 23:33:11,018:INFO:[Rank-1] val time 16.5064, epoch 117, step  40, loss 1.11485225, auc@1 73.77, auc@5 92.74
2021-05-18 23:33:54,175:INFO:[Rank-1] train time 43.1556, epoch 118, step  49, loss 0.02444944, auc@1 99.83, auc@5 100.00, share 0, std_loss 0, 
2021-05-18 23:34:10,679:INFO:[Rank-1] val time 16.4993, epoch 118, step  40, loss 1.11374277, auc@1 73.67, auc@5 92.65
2021-05-18 23:34:54,152:INFO:[Rank-1] train time 43.3902, epoch 119, step  49, loss 0.02462528, auc@1 99.83, auc@5 100.00, share 0, std_loss 0, 
2021-05-18 23:35:10,594:INFO:[Rank-1] val time 16.4392, epoch 119, step  40, loss 1.10990015, auc@1 73.75, auc@5 92.78
2021-05-18 23:35:53,944:INFO:[Rank-1] train time 43.3424, epoch 120, step  49, loss 0.02440027, auc@1 99.82, auc@5 100.00, share 0, std_loss 0, 
2021-05-18 23:36:10,359:INFO:[Rank-1] val time 16.4111, epoch 120, step  40, loss 1.11152035, auc@1 73.79, auc@5 92.79
2021-05-18 23:36:53,236:INFO:[Rank-1] train time 42.8589, epoch 121, step  49, loss 0.02371003, auc@1 99.85, auc@5 100.00, share 0, std_loss 0, 
2021-05-18 23:37:09,949:INFO:[Rank-1] val time 16.7094, epoch 121, step  40, loss 1.11637436, auc@1 73.62, auc@5 92.77
2021-05-18 23:37:52,699:INFO:[Rank-1] train time 42.7473, epoch 122, step  49, loss 0.02369814, auc@1 99.82, auc@5 100.00, share 0, std_loss 0, 
2021-05-18 23:38:08,997:INFO:[Rank-1] val time 16.2937, epoch 122, step  40, loss 1.11114109, auc@1 73.69, auc@5 92.73
2021-05-18 23:38:52,391:INFO:[Rank-1] train time 43.3925, epoch 123, step  49, loss 0.02366443, auc@1 99.84, auc@5 100.00, share 0, std_loss 0, 
2021-05-18 23:39:08,772:INFO:[Rank-1] val time 16.3721, epoch 123, step  40, loss 1.11293045, auc@1 73.82, auc@5 92.66
2021-05-18 23:39:51,528:INFO:[Rank-1] train time 42.7549, epoch 124, step  49, loss 0.02368286, auc@1 99.86, auc@5 100.00, share 0, std_loss 0, 
2021-05-18 23:40:07,803:INFO:[Rank-1] val time 16.2697, epoch 124, step  40, loss 1.11680836, auc@1 73.70, auc@5 92.85
2021-05-18 23:40:50,764:INFO:[Rank-1] train time 42.8662, epoch 125, step  49, loss 0.02269140, auc@1 99.85, auc@5 100.00, share 0, std_loss 0, 
2021-05-18 23:41:07,260:INFO:[Rank-1] val time 16.4923, epoch 125, step  40, loss 1.10781596, auc@1 73.94, auc@5 92.84
2021-05-18 23:41:50,548:INFO:[Rank-1] train time 43.1951, epoch 126, step  49, loss 0.02333663, auc@1 99.85, auc@5 100.00, share 0, std_loss 0, 
2021-05-18 23:42:06,983:INFO:[Rank-1] val time 16.4320, epoch 126, step  40, loss 1.11106733, auc@1 74.06, auc@5 92.70
2021-05-18 23:42:49,329:INFO:[Rank-1] train time 42.3200, epoch 127, step  49, loss 0.02290013, auc@1 99.87, auc@5 100.00, share 0, std_loss 0, 
2021-05-18 23:43:05,813:INFO:[Rank-1] val time 16.4811, epoch 127, step  40, loss 1.10919902, auc@1 73.79, auc@5 92.77
2021-05-18 23:43:48,773:INFO:[Rank-1] train time 42.8831, epoch 128, step  49, loss 0.02304517, auc@1 99.85, auc@5 100.00, share 0, std_loss 0, 
2021-05-18 23:44:05,160:INFO:[Rank-1] val time 16.3849, epoch 128, step  40, loss 1.11157720, auc@1 74.00, auc@5 92.82
2021-05-18 23:44:48,142:INFO:[Rank-1] train time 42.9570, epoch 129, step  49, loss 0.02246713, auc@1 99.85, auc@5 100.00, share 0, std_loss 0, 
2021-05-18 23:45:04,420:INFO:[Rank-1] val time 16.2754, epoch 129, step  40, loss 1.11032762, auc@1 73.91, auc@5 92.70
2021-05-18 23:45:47,432:INFO:[Rank-1] train time 42.9189, epoch 130, step  49, loss 0.02256018, auc@1 99.85, auc@5 100.00, share 0, std_loss 0, 
2021-05-18 23:46:03,867:INFO:[Rank-1] val time 16.4325, epoch 130, step  40, loss 1.10929176, auc@1 73.91, auc@5 92.75
2021-05-18 23:46:46,885:INFO:[Rank-1] train time 43.0163, epoch 131, step  49, loss 0.02284004, auc@1 99.86, auc@5 100.00, share 0, std_loss 0, 
2021-05-18 23:47:02,981:INFO:[Rank-1] val time 16.0910, epoch 131, step  40, loss 1.11330603, auc@1 73.68, auc@5 92.70
2021-05-18 23:47:46,013:INFO:[Rank-1] train time 42.9299, epoch 132, step  49, loss 0.02320035, auc@1 99.85, auc@5 100.00, share 0, std_loss 0, 
2021-05-18 23:48:02,234:INFO:[Rank-1] val time 16.2187, epoch 132, step  40, loss 1.11042568, auc@1 73.73, auc@5 92.80
2021-05-18 23:48:44,998:INFO:[Rank-1] train time 42.7633, epoch 133, step  49, loss 0.02276596, auc@1 99.84, auc@5 100.00, share 0, std_loss 0, 
2021-05-18 23:49:01,432:INFO:[Rank-1] val time 16.4311, epoch 133, step  40, loss 1.11445235, auc@1 73.83, auc@5 92.74
2021-05-18 23:49:44,694:INFO:[Rank-1] train time 43.1851, epoch 134, step  49, loss 0.02270458, auc@1 99.86, auc@5 100.00, share 0, std_loss 0, 
2021-05-18 23:50:01,329:INFO:[Rank-1] val time 16.6326, epoch 134, step  40, loss 1.11167915, auc@1 73.82, auc@5 92.70
2021-05-18 23:50:44,286:INFO:[Rank-1] train time 42.9142, epoch 135, step  49, loss 0.02266520, auc@1 99.88, auc@5 100.00, share 0, std_loss 0, 
2021-05-18 23:51:00,471:INFO:[Rank-1] val time 16.1810, epoch 135, step  40, loss 1.10872608, auc@1 73.83, auc@5 92.84
2021-05-18 23:51:43,157:INFO:[Rank-1] train time 42.6757, epoch 136, step  49, loss 0.02238311, auc@1 99.86, auc@5 100.00, share 0, std_loss 0, 
2021-05-18 23:51:59,262:INFO:[Rank-1] val time 16.1026, epoch 136, step  40, loss 1.11139877, auc@1 73.85, auc@5 92.75
2021-05-18 23:52:42,279:INFO:[Rank-1] train time 43.0152, epoch 137, step  49, loss 0.02242755, auc@1 99.86, auc@5 100.00, share 0, std_loss 0, 
2021-05-18 23:52:58,765:INFO:[Rank-1] val time 16.4808, epoch 137, step  40, loss 1.11443830, auc@1 73.81, auc@5 92.66
2021-05-18 23:53:41,843:INFO:[Rank-1] train time 43.0755, epoch 138, step  49, loss 0.02291036, auc@1 99.86, auc@5 100.00, share 0, std_loss 0, 
2021-05-18 23:53:57,978:INFO:[Rank-1] val time 16.1324, epoch 138, step  40, loss 1.11356340, auc@1 73.94, auc@5 92.75
2021-05-18 23:54:40,503:INFO:[Rank-1] train time 42.3393, epoch 139, step  49, loss 0.02169188, auc@1 99.90, auc@5 100.00, share 0, std_loss 0, 
2021-05-18 23:54:56,881:INFO:[Rank-1] val time 16.3748, epoch 139, step  40, loss 1.11244514, auc@1 73.81, auc@5 92.73
2021-05-18 23:55:39,438:INFO:[Rank-1] train time 42.5553, epoch 140, step  49, loss 0.02163470, auc@1 99.89, auc@5 100.00, share 0, std_loss 0, 
2021-05-18 23:55:55,856:INFO:[Rank-1] val time 16.4129, epoch 140, step  40, loss 1.11035408, auc@1 73.93, auc@5 92.77
2021-05-18 23:56:38,917:INFO:[Rank-1] train time 43.0598, epoch 141, step  49, loss 0.02198438, auc@1 99.89, auc@5 100.00, share 0, std_loss 0, 
2021-05-18 23:56:55,131:INFO:[Rank-1] val time 16.2084, epoch 141, step  40, loss 1.11251736, auc@1 73.85, auc@5 92.78
2021-05-18 23:57:37,965:INFO:[Rank-1] train time 42.7514, epoch 142, step  49, loss 0.02142860, auc@1 99.89, auc@5 100.00, share 0, std_loss 0, 
2021-05-18 23:57:54,394:INFO:[Rank-1] val time 16.4262, epoch 142, step  40, loss 1.11075006, auc@1 73.73, auc@5 92.81
2021-05-18 23:58:37,129:INFO:[Rank-1] train time 42.7333, epoch 143, step  49, loss 0.02160869, auc@1 99.88, auc@5 100.00, share 0, std_loss 0, 
2021-05-18 23:58:53,521:INFO:[Rank-1] val time 16.3895, epoch 143, step  40, loss 1.11107734, auc@1 73.75, auc@5 92.63
2021-05-18 23:59:35,944:INFO:[Rank-1] train time 42.4172, epoch 144, step  49, loss 0.02174704, auc@1 99.88, auc@5 100.00, share 0, std_loss 0, 
2021-05-18 23:59:52,346:INFO:[Rank-1] val time 16.3970, epoch 144, step  40, loss 1.11135835, auc@1 73.95, auc@5 92.74
2021-05-19 00:00:35,382:INFO:[Rank-1] train time 42.9143, epoch 145, step  49, loss 0.02200229, auc@1 99.88, auc@5 100.00, share 0, std_loss 0, 
2021-05-19 00:00:51,451:INFO:[Rank-1] val time 16.0662, epoch 145, step  40, loss 1.11100552, auc@1 73.97, auc@5 92.78
2021-05-19 00:01:34,370:INFO:[Rank-1] train time 42.8609, epoch 146, step  49, loss 0.02158288, auc@1 99.86, auc@5 100.00, share 0, std_loss 0, 
2021-05-19 00:01:50,507:INFO:[Rank-1] val time 16.1345, epoch 146, step  40, loss 1.11336728, auc@1 73.86, auc@5 92.84
2021-05-19 00:02:33,016:INFO:[Rank-1] train time 42.4960, epoch 147, step  49, loss 0.02093457, auc@1 99.88, auc@5 100.00, share 0, std_loss 0, 
2021-05-19 00:02:49,347:INFO:[Rank-1] val time 16.3278, epoch 147, step  40, loss 1.11168704, auc@1 73.76, auc@5 92.78
2021-05-19 00:03:32,419:INFO:[Rank-1] train time 42.9882, epoch 148, step  49, loss 0.02107068, auc@1 99.89, auc@5 100.00, share 0, std_loss 0, 
2021-05-19 00:03:48,637:INFO:[Rank-1] val time 16.2159, epoch 148, step  40, loss 1.11090965, auc@1 73.74, auc@5 92.78
2021-05-19 00:04:32,120:INFO:[Rank-1] train time 43.4800, epoch 149, step  49, loss 0.02095342, auc@1 99.89, auc@5 100.00, share 0, std_loss 0, 
2021-05-19 00:04:48,579:INFO:[Rank-1] val time 16.4541, epoch 149, step  40, loss 1.11287957, auc@1 73.96, auc@5 92.80
2021-05-19 00:05:31,541:INFO:[Rank-1] train time 42.9023, epoch 150, step  49, loss 0.02153151, auc@1 99.87, auc@5 100.00, share 0, std_loss 0, 
2021-05-19 00:05:47,889:INFO:[Rank-1] val time 16.3444, epoch 150, step  40, loss 1.11160452, auc@1 73.97, auc@5 92.79
2021-05-19 00:06:30,208:INFO:[Rank-1] train time 42.3175, epoch 151, step  49, loss 0.02132284, auc@1 99.87, auc@5 100.00, share 0, std_loss 0, 
2021-05-19 00:06:46,441:INFO:[Rank-1] val time 16.2296, epoch 151, step  40, loss 1.11390363, auc@1 73.82, auc@5 92.74
2021-05-19 00:07:29,276:INFO:[Rank-1] train time 42.7421, epoch 152, step  49, loss 0.02128137, auc@1 99.88, auc@5 100.00, share 0, std_loss 0, 
2021-05-19 00:07:45,246:INFO:[Rank-1] val time 15.9676, epoch 152, step  40, loss 1.11529341, auc@1 73.86, auc@5 92.78
2021-05-19 00:08:27,532:INFO:[Rank-1] train time 42.1709, epoch 153, step  49, loss 0.02090486, auc@1 99.89, auc@5 100.00, share 0, std_loss 0, 
2021-05-19 00:08:43,779:INFO:[Rank-1] val time 16.2435, epoch 153, step  40, loss 1.11172676, auc@1 73.77, auc@5 92.75
2021-05-19 00:09:26,648:INFO:[Rank-1] train time 42.8028, epoch 154, step  49, loss 0.02117030, auc@1 99.87, auc@5 100.00, share 0, std_loss 0, 
2021-05-19 00:09:42,749:INFO:[Rank-1] val time 16.0984, epoch 154, step  40, loss 1.11016503, auc@1 73.82, auc@5 92.82
2021-05-19 00:10:25,999:INFO:[Rank-1] train time 43.0721, epoch 155, step  49, loss 0.02045615, auc@1 99.91, auc@5 100.00, share 0, std_loss 0, 
2021-05-19 00:10:42,271:INFO:[Rank-1] val time 16.2685, epoch 155, step  40, loss 1.10961088, auc@1 73.83, auc@5 92.74
2021-05-19 00:11:24,987:INFO:[Rank-1] train time 42.6372, epoch 156, step  49, loss 0.02091856, auc@1 99.89, auc@5 100.00, share 0, std_loss 0, 
2021-05-19 00:11:41,003:INFO:[Rank-1] val time 16.0135, epoch 156, step  40, loss 1.11070374, auc@1 73.91, auc@5 92.70
2021-05-19 00:12:23,793:INFO:[Rank-1] train time 42.6556, epoch 157, step  49, loss 0.02061851, auc@1 99.90, auc@5 100.00, share 0, std_loss 0, 
2021-05-19 00:12:39,955:INFO:[Rank-1] val time 16.1592, epoch 157, step  40, loss 1.11680385, auc@1 73.75, auc@5 92.68
2021-05-19 00:13:22,587:INFO:[Rank-1] train time 42.4860, epoch 158, step  49, loss 0.02116769, auc@1 99.87, auc@5 100.00, share 0, std_loss 0, 
2021-05-19 00:13:38,634:INFO:[Rank-1] val time 16.0443, epoch 158, step  40, loss 1.11555321, auc@1 73.94, auc@5 92.76
2021-05-19 00:14:21,237:INFO:[Rank-1] train time 42.5846, epoch 159, step  49, loss 0.02048998, auc@1 99.90, auc@5 100.00, share 0, std_loss 0, 
2021-05-19 00:14:37,577:INFO:[Rank-1] val time 16.3353, epoch 159, step  40, loss 1.11096856, auc@1 73.89, auc@5 92.71
2021-05-19 00:15:20,200:INFO:[Rank-1] train time 42.6211, epoch 160, step  49, loss 0.02096558, auc@1 99.89, auc@5 100.00, share 0, std_loss 0, 
2021-05-19 00:15:36,267:INFO:[Rank-1] val time 16.0625, epoch 160, step  40, loss 1.10882660, auc@1 73.73, auc@5 92.82
2021-05-19 00:16:18,783:INFO:[Rank-1] train time 42.4592, epoch 161, step  49, loss 0.02071277, auc@1 99.89, auc@5 100.00, share 0, std_loss 0, 
2021-05-19 00:16:34,870:INFO:[Rank-1] val time 16.0848, epoch 161, step  40, loss 1.10939911, auc@1 74.05, auc@5 92.75
2021-05-19 00:17:17,902:INFO:[Rank-1] train time 43.0119, epoch 162, step  49, loss 0.02082814, auc@1 99.89, auc@5 100.00, share 0, std_loss 0, 
2021-05-19 00:17:34,009:INFO:[Rank-1] val time 16.1024, epoch 162, step  40, loss 1.10978414, auc@1 73.87, auc@5 92.76
2021-05-19 00:18:16,744:INFO:[Rank-1] train time 42.7223, epoch 163, step  49, loss 0.02064613, auc@1 99.89, auc@5 100.00, share 0, std_loss 0, 
2021-05-19 00:18:33,166:INFO:[Rank-1] val time 16.4179, epoch 163, step  40, loss 1.11180444, auc@1 73.95, auc@5 92.64
2021-05-19 00:19:15,851:INFO:[Rank-1] train time 42.6825, epoch 164, step  49, loss 0.02125315, auc@1 99.87, auc@5 100.00, share 0, std_loss 0, 
2021-05-19 00:19:31,740:INFO:[Rank-1] val time 15.8868, epoch 164, step  40, loss 1.10811545, auc@1 73.87, auc@5 92.74
2021-05-19 00:20:14,656:INFO:[Rank-1] train time 42.7934, epoch 165, step  49, loss 0.02077656, auc@1 99.88, auc@5 100.00, share 0, std_loss 0, 
2021-05-19 00:20:30,660:INFO:[Rank-1] val time 16.0006, epoch 165, step  40, loss 1.10937875, auc@1 73.88, auc@5 92.72
2021-05-19 00:21:13,530:INFO:[Rank-1] train time 42.7824, epoch 166, step  49, loss 0.02070826, auc@1 99.91, auc@5 100.00, share 0, std_loss 0, 
2021-05-19 00:21:29,804:INFO:[Rank-1] val time 16.2714, epoch 166, step  40, loss 1.10851117, auc@1 73.92, auc@5 92.74
2021-05-19 00:22:12,789:INFO:[Rank-1] train time 42.6868, epoch 167, step  49, loss 0.02065965, auc@1 99.90, auc@5 100.00, share 0, std_loss 0, 
2021-05-19 00:22:29,097:INFO:[Rank-1] val time 16.3063, epoch 167, step  40, loss 1.10901569, auc@1 73.83, auc@5 92.77
2021-05-19 00:23:11,454:INFO:[Rank-1] train time 42.2694, epoch 168, step  49, loss 0.02073087, auc@1 99.89, auc@5 100.00, share 0, std_loss 0, 
2021-05-19 00:23:27,625:INFO:[Rank-1] val time 16.1683, epoch 168, step  40, loss 1.10851415, auc@1 73.96, auc@5 92.75
2021-05-19 00:24:09,948:INFO:[Rank-1] train time 42.2074, epoch 169, step  49, loss 0.02088008, auc@1 99.89, auc@5 100.00, share 0, std_loss 0, 
2021-05-19 00:24:26,152:INFO:[Rank-1] val time 16.2015, epoch 169, step  40, loss 1.11161282, auc@1 73.94, auc@5 92.77
2021-05-19 00:25:08,829:INFO:[Rank-1] train time 42.6330, epoch 170, step  49, loss 0.02109228, auc@1 99.90, auc@5 100.00, share 0, std_loss 0, 
2021-05-19 00:25:24,835:INFO:[Rank-1] val time 16.0028, epoch 170, step  40, loss 1.11187545, auc@1 73.78, auc@5 92.68
2021-05-19 00:26:07,453:INFO:[Rank-1] train time 42.5468, epoch 171, step  49, loss 0.02144205, auc@1 99.88, auc@5 100.00, share 0, std_loss 0, 
2021-05-19 00:26:23,775:INFO:[Rank-1] val time 16.3174, epoch 171, step  40, loss 1.10843889, auc@1 73.79, auc@5 92.79
2021-05-19 00:27:06,608:INFO:[Rank-1] train time 42.7518, epoch 172, step  49, loss 0.02039564, auc@1 99.91, auc@5 100.00, share 0, std_loss 0, 
2021-05-19 00:27:22,882:INFO:[Rank-1] val time 16.2713, epoch 172, step  40, loss 1.10598300, auc@1 73.89, auc@5 92.78
2021-05-19 00:28:05,785:INFO:[Rank-1] train time 42.9010, epoch 173, step  49, loss 0.02048543, auc@1 99.90, auc@5 100.00, share 0, std_loss 0, 
2021-05-19 00:28:21,828:INFO:[Rank-1] val time 16.0390, epoch 173, step  40, loss 1.10857413, auc@1 73.85, auc@5 92.75
2021-05-19 00:29:04,382:INFO:[Rank-1] train time 42.5423, epoch 174, step  49, loss 0.02053771, auc@1 99.88, auc@5 100.00, share 0, std_loss 0, 
2021-05-19 00:29:20,244:INFO:[Rank-1] val time 15.8566, epoch 174, step  40, loss 1.10951962, auc@1 73.93, auc@5 92.79
2021-05-19 00:30:03,018:INFO:[Rank-1] train time 42.6374, epoch 175, step  49, loss 0.02119054, auc@1 99.88, auc@5 100.00, share 0, std_loss 0, 
2021-05-19 00:30:19,260:INFO:[Rank-1] val time 16.2392, epoch 175, step  40, loss 1.11256083, auc@1 73.86, auc@5 92.73
2021-05-19 00:31:01,886:INFO:[Rank-1] train time 42.5834, epoch 176, step  49, loss 0.02066848, auc@1 99.88, auc@5 100.00, share 0, std_loss 0, 
2021-05-19 00:31:18,042:INFO:[Rank-1] val time 16.1539, epoch 176, step  40, loss 1.11416853, auc@1 73.85, auc@5 92.78
2021-05-19 00:32:00,856:INFO:[Rank-1] train time 42.6682, epoch 177, step  49, loss 0.02057393, auc@1 99.89, auc@5 100.00, share 0, std_loss 0, 
2021-05-19 00:32:17,003:INFO:[Rank-1] val time 16.1443, epoch 177, step  40, loss 1.10884998, auc@1 73.83, auc@5 92.76
2021-05-19 00:32:59,886:INFO:[Rank-1] train time 42.8810, epoch 178, step  49, loss 0.02077792, auc@1 99.89, auc@5 100.00, share 0, std_loss 0, 
2021-05-19 00:33:15,984:INFO:[Rank-1] val time 16.0918, epoch 178, step  40, loss 1.11019898, auc@1 73.93, auc@5 92.78
2021-05-19 00:33:58,127:INFO:[Rank-1] train time 42.0430, epoch 179, step  49, loss 0.02030738, auc@1 99.90, auc@5 100.00, share 0, std_loss 0, 
2021-05-19 00:34:14,103:INFO:[Rank-1] val time 15.9727, epoch 179, step  40, loss 1.10854087, auc@1 73.81, auc@5 92.74
2021-05-19 00:34:56,451:INFO:[Rank-1] train time 42.2991, epoch 180, step  49, loss 0.02014368, auc@1 99.90, auc@5 100.00, share 0, std_loss 0, 
2021-05-19 00:35:12,928:INFO:[Rank-1] val time 16.4739, epoch 180, step  40, loss 1.11097989, auc@1 73.99, auc@5 92.75
2021-05-19 00:35:55,923:INFO:[Rank-1] train time 42.9927, epoch 181, step  49, loss 0.02037661, auc@1 99.89, auc@5 100.00, share 0, std_loss 0, 
2021-05-19 00:36:12,122:INFO:[Rank-1] val time 16.1937, epoch 181, step  40, loss 1.11152948, auc@1 73.80, auc@5 92.71
2021-05-19 00:36:54,623:INFO:[Rank-1] train time 42.4115, epoch 182, step  49, loss 0.02066566, auc@1 99.90, auc@5 100.00, share 0, std_loss 0, 
2021-05-19 00:37:10,601:INFO:[Rank-1] val time 15.9750, epoch 182, step  40, loss 1.10945460, auc@1 73.71, auc@5 92.79
2021-05-19 00:37:53,228:INFO:[Rank-1] train time 42.6047, epoch 183, step  49, loss 0.02027179, auc@1 99.89, auc@5 100.00, share 0, std_loss 0, 
2021-05-19 00:38:09,400:INFO:[Rank-1] val time 16.1690, epoch 183, step  40, loss 1.11051469, auc@1 73.82, auc@5 92.65
2021-05-19 00:38:52,214:INFO:[Rank-1] train time 42.8117, epoch 184, step  49, loss 0.02039318, auc@1 99.91, auc@5 100.00, share 0, std_loss 0, 
2021-05-19 00:39:08,360:INFO:[Rank-1] val time 16.1417, epoch 184, step  40, loss 1.11037713, auc@1 73.88, auc@5 92.73
2021-05-19 00:39:51,232:INFO:[Rank-1] train time 42.8708, epoch 185, step  49, loss 0.02054740, auc@1 99.92, auc@5 100.00, share 0, std_loss 0, 
2021-05-19 00:40:07,330:INFO:[Rank-1] val time 16.0910, epoch 185, step  40, loss 1.10822130, auc@1 73.86, auc@5 92.81
2021-05-19 00:40:50,511:INFO:[Rank-1] train time 43.1017, epoch 186, step  49, loss 0.02125223, auc@1 99.88, auc@5 100.00, share 0, std_loss 0, 
2021-05-19 00:41:06,791:INFO:[Rank-1] val time 16.2776, epoch 186, step  40, loss 1.11063842, auc@1 73.89, auc@5 92.67
2021-05-19 00:41:49,648:INFO:[Rank-1] train time 42.8198, epoch 187, step  49, loss 0.02001496, auc@1 99.90, auc@5 100.00, share 0, std_loss 0, 
2021-05-19 00:42:05,934:INFO:[Rank-1] val time 16.2839, epoch 187, step  40, loss 1.10996891, auc@1 73.89, auc@5 92.79
2021-05-19 00:42:48,502:INFO:[Rank-1] train time 42.4165, epoch 188, step  49, loss 0.02051188, auc@1 99.90, auc@5 100.00, share 0, std_loss 0, 
2021-05-19 00:43:04,801:INFO:[Rank-1] val time 16.2958, epoch 188, step  40, loss 1.10809231, auc@1 73.89, auc@5 92.81
2021-05-19 00:43:47,458:INFO:[Rank-1] train time 42.5758, epoch 189, step  49, loss 0.02051671, auc@1 99.90, auc@5 100.00, share 0, std_loss 0, 
2021-05-19 00:44:03,581:INFO:[Rank-1] val time 16.1203, epoch 189, step  40, loss 1.11408935, auc@1 73.91, auc@5 92.68
2021-05-19 00:44:46,116:INFO:[Rank-1] train time 42.5336, epoch 190, step  49, loss 0.02063990, auc@1 99.89, auc@5 100.00, share 0, std_loss 0, 
2021-05-19 00:45:02,561:INFO:[Rank-1] val time 16.4422, epoch 190, step  40, loss 1.11149669, auc@1 73.81, auc@5 92.66
2021-05-19 00:45:45,166:INFO:[Rank-1] train time 42.6030, epoch 191, step  49, loss 0.02149561, auc@1 99.88, auc@5 100.00, share 0, std_loss 0, 
2021-05-19 00:46:01,258:INFO:[Rank-1] val time 16.0865, epoch 191, step  40, loss 1.11230065, auc@1 73.95, auc@5 92.76
2021-05-19 00:46:43,880:INFO:[Rank-1] train time 42.5324, epoch 192, step  49, loss 0.02031453, auc@1 99.90, auc@5 100.00, share 0, std_loss 0, 
2021-05-19 00:47:00,647:INFO:[Rank-1] val time 16.7647, epoch 192, step  40, loss 1.10468181, auc@1 73.94, auc@5 92.83
2021-05-19 00:47:43,043:INFO:[Rank-1] train time 42.2717, epoch 193, step  49, loss 0.02068531, auc@1 99.89, auc@5 100.00, share 0, std_loss 0, 
2021-05-19 00:47:59,423:INFO:[Rank-1] val time 16.3778, epoch 193, step  40, loss 1.10967380, auc@1 73.86, auc@5 92.78
2021-05-19 00:48:42,105:INFO:[Rank-1] train time 42.6552, epoch 194, step  49, loss 0.02091089, auc@1 99.86, auc@5 100.00, share 0, std_loss 0, 
2021-05-19 00:48:58,533:INFO:[Rank-1] val time 16.4245, epoch 194, step  40, loss 1.10786334, auc@1 73.99, auc@5 92.74
2021-05-19 00:49:41,069:INFO:[Rank-1] train time 42.4291, epoch 195, step  49, loss 0.02011594, auc@1 99.89, auc@5 100.00, share 0, std_loss 0, 
2021-05-19 00:49:57,383:INFO:[Rank-1] val time 16.3116, epoch 195, step  40, loss 1.10632339, auc@1 73.96, auc@5 92.72
2021-05-19 00:50:39,845:INFO:[Rank-1] train time 42.4539, epoch 196, step  49, loss 0.02013842, auc@1 99.92, auc@5 100.00, share 0, std_loss 0, 
2021-05-19 00:50:56,055:INFO:[Rank-1] val time 16.2061, epoch 196, step  40, loss 1.11034700, auc@1 73.97, auc@5 92.70
2021-05-19 00:51:38,785:INFO:[Rank-1] train time 42.7283, epoch 197, step  49, loss 0.02091667, auc@1 99.88, auc@5 100.00, share 0, std_loss 0, 
2021-05-19 00:51:54,889:INFO:[Rank-1] val time 16.0999, epoch 197, step  40, loss 1.11088522, auc@1 73.89, auc@5 92.77
2021-05-19 00:52:37,601:INFO:[Rank-1] train time 42.5791, epoch 198, step  49, loss 0.02103983, auc@1 99.87, auc@5 100.00, share 0, std_loss 0, 
2021-05-19 00:52:53,722:INFO:[Rank-1] val time 16.1179, epoch 198, step  40, loss 1.11057162, auc@1 73.94, auc@5 92.71
2021-05-19 00:53:36,213:INFO:[Rank-1] train time 42.4437, epoch 199, step  49, loss 0.02096082, auc@1 99.89, auc@5 100.00, share 0, std_loss 0, 
2021-05-19 00:53:52,533:INFO:[Rank-1] val time 16.3179, epoch 199, step  40, loss 1.10698732, auc@1 73.83, auc@5 92.75
2021-05-19 00:54:35,097:INFO:[Rank-1] train time 42.5110, epoch 200, step  49, loss 0.02034636, auc@1 99.91, auc@5 100.00, share 0, std_loss 0, 
2021-05-19 00:54:51,355:INFO:[Rank-1] val time 16.2551, epoch 200, step  40, loss 1.11049503, auc@1 73.84, auc@5 92.81
2021-05-19 00:54:51,356:INFO:[Rank-1] finish, train+val 11843.15687, train 8582.79512, reduce_count   0
