2021-05-29 18:30:45,623:INFO:[Rank-0] args : Namespace(batch=512, current_time='20210529_183037', dataset='cifar100', epochs=200, ip='192.168.1.1:7548', k=16, loss_std_gap_rate=1.0, lr=0.1, momentum=0.5, name='loss', rank=0, scheduler_step=80, train_type='loss', weight_decay=0.0005, world=4)
2021-05-29 18:31:26,110:INFO:[Rank-0] train time 38.9792, epoch   1, step  98, loss 6.56630611, auc@1 1.12, auc@5 5.53, share 21, std_loss 0.5428432348963558, pre_std_loss 0.2871503531932831,  7.20582 7.27431 7.05499 7.85703
2021-05-29 18:31:41,334:INFO:[Rank-0] val time 15.2199, epoch   1, step  79, loss 4.61150899, auc@1 1.80, auc@5 7.17
2021-05-29 18:32:19,591:INFO:[Rank-0] train time 38.1747, epoch   2, step  98, loss 4.63286591, auc@1 1.39, auc@5 6.70, share 8, std_loss 0.08953651801055791, pre_std_loss 0.07721975445747375,  4.60012 4.67326 4.55210 4.73120
2021-05-29 18:32:34,901:INFO:[Rank-0] val time 15.3057, epoch   2, step  79, loss 4.50383454, auc@1 1.80, auc@5 8.59
2021-05-29 18:33:16,534:INFO:[Rank-0] train time 41.5659, epoch   3, step  98, loss 4.59846497, auc@1 1.53, auc@5 7.09, share 43, std_loss 0.0852041661891402, pre_std_loss 0.09408295899629593,  4.57938 4.67341 4.47295 4.66790
2021-05-29 18:33:31,850:INFO:[Rank-0] val time 15.3135, epoch   3, step  79, loss 4.49641770, auc@1 1.86, auc@5 8.30
2021-05-29 18:34:12,152:INFO:[Rank-0] train time 40.2140, epoch   4, step  98, loss 4.60126257, auc@1 1.54, auc@5 7.49, share 29, std_loss 0.10218903756871515, pre_std_loss 0.1051989421248436,  4.56152 4.68949 4.47104 4.68421
2021-05-29 18:34:27,336:INFO:[Rank-0] val time 15.1819, epoch   4, step  79, loss 4.49809062, auc@1 1.94, auc@5 8.94
2021-05-29 18:35:08,080:INFO:[Rank-0] train time 40.5786, epoch   5, step  98, loss 4.60066223, auc@1 1.71, auc@5 7.59, share 29, std_loss 0.12287952629279117, pre_std_loss 0.12583452463150024,  4.54894 4.71122 4.44514 4.69492
2021-05-29 18:35:23,314:INFO:[Rank-0] val time 15.2310, epoch   5, step  79, loss 4.46725101, auc@1 2.93, auc@5 10.84
2021-05-29 18:36:05,202:INFO:[Rank-0] train time 41.6900, epoch   6, step  98, loss 4.60631609, auc@1 1.74, auc@5 7.94, share 42, std_loss 0.12658921606382545, pre_std_loss 0.13962838053703308,  4.56261 4.70323 4.42926 4.73096
2021-05-29 18:36:20,639:INFO:[Rank-0] val time 15.4347, epoch   6, step  79, loss 4.52622250, auc@1 2.35, auc@5 8.82
2021-05-29 18:37:00,997:INFO:[Rank-0] train time 39.9685, epoch   7, step  98, loss 4.60976887, auc@1 1.77, auc@5 8.37, share 25, std_loss 0.15693109376089914, pre_std_loss 0.15791569650173187,  4.54716 4.74641 4.41624 4.72942
2021-05-29 18:37:16,341:INFO:[Rank-0] val time 15.3419, epoch   7, step  79, loss 4.48371306, auc@1 2.01, auc@5 9.86
2021-05-29 18:37:57,729:INFO:[Rank-0] train time 41.1389, epoch   8, step  98, loss 4.64723110, auc@1 1.93, auc@5 8.61, share 35, std_loss 0.161691387240984, pre_std_loss 0.17124022543430328,  4.59147 4.78240 4.42898 4.78625
2021-05-29 18:38:13,410:INFO:[Rank-0] val time 15.6785, epoch   8, step  79, loss 4.53238258, auc@1 2.15, auc@5 9.92
2021-05-29 18:38:53,393:INFO:[Rank-0] train time 39.8888, epoch   9, step  98, loss 4.65227079, auc@1 1.93, auc@5 8.54, share 27, std_loss 0.13596847889070607, pre_std_loss 0.1380123794078827,  4.60761 4.76139 4.48880 4.79958
2021-05-29 18:39:08,629:INFO:[Rank-0] val time 15.2331, epoch   9, step  79, loss 4.56455929, auc@1 1.26, auc@5 7.49
2021-05-29 18:39:47,968:INFO:[Rank-0] train time 39.3136, epoch  10, step  98, loss 4.61669874, auc@1 1.95, auc@5 8.90, share 19, std_loss 0.12820907476909307, pre_std_loss 0.12559197843074799,  4.59448 4.68284 4.44979 4.73751
2021-05-29 18:40:03,299:INFO:[Rank-0] val time 15.3288, epoch  10, step  79, loss 4.67129696, auc@1 1.56, auc@5 8.32
2021-05-29 18:40:47,209:INFO:[Rank-0] train time 43.6791, epoch  11, step  98, loss 5.77537060, auc@1 1.71, auc@5 7.80, share 57, std_loss 0.8438853209420126, pre_std_loss 1.393763780593872,  5.11265 5.42093 4.72996 7.81253
2021-05-29 18:41:02,634:INFO:[Rank-0] val time 15.4218, epoch  11, step  79, loss 6202401.67280000, auc@1 1.00, auc@5 5.01
2021-05-29 18:41:41,004:INFO:[Rank-0] train time 38.3031, epoch  12, step  98, loss 5.62771797, auc@1 1.33, auc@5 6.31, share 7, std_loss 1.0859032772025283, pre_std_loss 0.6617602109909058,  6.24891 7.58121 4.96592 8.23640
2021-05-29 18:41:56,202:INFO:[Rank-0] val time 15.1945, epoch  12, step  79, loss 4.78249534, auc@1 0.98, auc@5 5.01
