2021-05-29 18:30:45,646:INFO:[Rank-3] args : Namespace(batch=512, current_time='20210529_183037', dataset='cifar100', epochs=200, ip='192.168.1.1:7548', k=16, loss_std_gap_rate=1.0, lr=0.1, momentum=0.5, name='loss', rank=3, scheduler_step=80, train_type='loss', weight_decay=0.0005, world=4)
2021-05-29 18:31:26,110:INFO:[Rank-3] train time 38.8461, epoch   1, step  98, loss 6.56630611, auc@1 1.12, auc@5 5.53, share 21, std_loss 0.5428432348963558, pre_std_loss 0.2871503531932831,  7.20582 7.27431 7.05499 7.85703
2021-05-29 18:31:41,126:INFO:[Rank-3] val time 15.0118, epoch   1, step  79, loss 4.65011486, auc@1 1.04, auc@5 5.06
2021-05-29 18:32:19,591:INFO:[Rank-3] train time 38.3025, epoch   2, step  98, loss 4.63286591, auc@1 1.39, auc@5 6.70, share 8, std_loss 0.08953651801055791, pre_std_loss 0.07721975445747375,  4.60012 4.67326 4.55210 4.73120
2021-05-29 18:32:34,913:INFO:[Rank-3] val time 15.3178, epoch   2, step  79, loss 4.65497641, auc@1 1.21, auc@5 5.16
2021-05-29 18:33:16,534:INFO:[Rank-3] train time 41.4685, epoch   3, step  98, loss 4.59846497, auc@1 1.53, auc@5 7.09, share 43, std_loss 0.0852041661891402, pre_std_loss 0.09408295899629593,  4.57938 4.67341 4.47295 4.66790
2021-05-29 18:33:32,002:INFO:[Rank-3] val time 15.4652, epoch   3, step  79, loss 4.65891581, auc@1 1.01, auc@5 5.03
2021-05-29 18:34:12,152:INFO:[Rank-3] train time 40.0662, epoch   4, step  98, loss 4.60126257, auc@1 1.54, auc@5 7.49, share 29, std_loss 0.10218903756871515, pre_std_loss 0.1051989421248436,  4.56152 4.68949 4.47104 4.68421
2021-05-29 18:34:27,191:INFO:[Rank-3] val time 15.0357, epoch   4, step  79, loss 4.68315910, auc@1 1.23, auc@5 5.50
2021-05-29 18:35:08,080:INFO:[Rank-3] train time 40.7109, epoch   5, step  98, loss 4.60066223, auc@1 1.71, auc@5 7.59, share 29, std_loss 0.12287952629279117, pre_std_loss 0.12583452463150024,  4.54894 4.71122 4.44514 4.69492
2021-05-29 18:35:23,096:INFO:[Rank-3] val time 15.0136, epoch   5, step  79, loss 4.69315660, auc@1 1.00, auc@5 5.00
2021-05-29 18:36:05,202:INFO:[Rank-3] train time 41.8998, epoch   6, step  98, loss 4.60631609, auc@1 1.74, auc@5 7.94, share 42, std_loss 0.12658921606382545, pre_std_loss 0.13962838053703308,  4.56261 4.70323 4.42926 4.73096
2021-05-29 18:36:20,495:INFO:[Rank-3] val time 15.2896, epoch   6, step  79, loss 4.71331331, auc@1 1.11, auc@5 5.70
2021-05-29 18:37:00,997:INFO:[Rank-3] train time 40.1259, epoch   7, step  98, loss 4.60976887, auc@1 1.77, auc@5 8.37, share 25, std_loss 0.15693109376089914, pre_std_loss 0.15791569650173187,  4.54716 4.74641 4.41624 4.72942
2021-05-29 18:37:16,312:INFO:[Rank-3] val time 15.3127, epoch   7, step  79, loss 4.69259981, auc@1 1.13, auc@5 5.58
2021-05-29 18:37:57,729:INFO:[Rank-3] train time 41.1487, epoch   8, step  98, loss 4.64723110, auc@1 1.93, auc@5 8.61, share 35, std_loss 0.161691387240984, pre_std_loss 0.17124022543430328,  4.59147 4.78240 4.42898 4.78625
2021-05-29 18:38:12,879:INFO:[Rank-3] val time 15.1475, epoch   8, step  79, loss 4.70220111, auc@1 1.09, auc@5 5.48
2021-05-29 18:38:53,393:INFO:[Rank-3] train time 40.4089, epoch   9, step  98, loss 4.65227079, auc@1 1.93, auc@5 8.54, share 27, std_loss 0.13596847889070607, pre_std_loss 0.1380123794078827,  4.60761 4.76139 4.48880 4.79958
2021-05-29 18:39:08,716:INFO:[Rank-3] val time 15.3199, epoch   9, step  79, loss 4.66597516, auc@1 1.50, auc@5 6.48
2021-05-29 18:39:47,968:INFO:[Rank-3] train time 39.0952, epoch  10, step  98, loss 4.61669874, auc@1 1.95, auc@5 8.90, share 19, std_loss 0.12820907476909307, pre_std_loss 0.12559197843074799,  4.59448 4.68284 4.44979 4.73751
2021-05-29 18:40:03,084:INFO:[Rank-3] val time 15.1136, epoch  10, step  79, loss 4.70355897, auc@1 1.02, auc@5 5.05
2021-05-29 18:40:47,209:INFO:[Rank-3] train time 43.9448, epoch  11, step  98, loss 5.77537060, auc@1 1.71, auc@5 7.80, share 57, std_loss 0.8438853209420126, pre_std_loss 1.393763780593872,  5.11265 5.42093 4.72996 7.81253
2021-05-29 18:41:02,422:INFO:[Rank-3] val time 15.2093, epoch  11, step  79, loss 3909.96141328, auc@1 1.03, auc@5 6.11
2021-05-29 18:41:41,004:INFO:[Rank-3] train time 38.4069, epoch  12, step  98, loss 5.62771797, auc@1 1.33, auc@5 6.31, share 7, std_loss 1.0859032772025283, pre_std_loss 0.6617602109909058,  6.24891 7.58121 4.96592 8.23640
2021-05-29 18:41:56,015:INFO:[Rank-3] val time 15.0074, epoch  12, step  79, loss 4.80473580, auc@1 1.07, auc@5 5.51
