2021-05-29 18:30:45,646:INFO:[Rank-2] args : Namespace(batch=512, current_time='20210529_183037', dataset='cifar100', epochs=200, ip='192.168.1.1:7548', k=16, loss_std_gap_rate=1.0, lr=0.1, momentum=0.5, name='loss', rank=2, scheduler_step=80, train_type='loss', weight_decay=0.0005, world=4)
2021-05-29 18:31:26,110:INFO:[Rank-2] train time 38.6983, epoch   1, step  98, loss 6.56630611, auc@1 1.12, auc@5 5.53, share 21, std_loss 0.5428432348963558, pre_std_loss 0.2871503531932831,  7.20582 7.27431 7.05499 7.85703
2021-05-29 18:31:41,535:INFO:[Rank-2] val time 15.4210, epoch   1, step  79, loss 4.58935400, auc@1 0.96, auc@5 6.47
2021-05-29 18:32:19,591:INFO:[Rank-2] train time 37.7510, epoch   2, step  98, loss 4.63286591, auc@1 1.39, auc@5 6.70, share 8, std_loss 0.08953651801055791, pre_std_loss 0.07721975445747375,  4.60012 4.67326 4.55210 4.73120
2021-05-29 18:32:35,085:INFO:[Rank-2] val time 15.4898, epoch   2, step  79, loss 4.51321306, auc@1 2.17, auc@5 8.69
2021-05-29 18:33:16,534:INFO:[Rank-2] train time 41.1792, epoch   3, step  98, loss 4.59846497, auc@1 1.53, auc@5 7.09, share 43, std_loss 0.0852041661891402, pre_std_loss 0.09408295899629593,  4.57938 4.67341 4.47295 4.66790
2021-05-29 18:33:31,941:INFO:[Rank-2] val time 15.4045, epoch   3, step  79, loss 4.51265252, auc@1 2.23, auc@5 10.50
2021-05-29 18:34:12,152:INFO:[Rank-2] train time 39.9795, epoch   4, step  98, loss 4.60126257, auc@1 1.54, auc@5 7.49, share 29, std_loss 0.10218903756871515, pre_std_loss 0.1051989421248436,  4.56152 4.68949 4.47104 4.68421
2021-05-29 18:34:27,611:INFO:[Rank-2] val time 15.4567, epoch   4, step  79, loss 4.41104089, auc@1 2.61, auc@5 12.33
2021-05-29 18:35:08,080:INFO:[Rank-2] train time 40.1014, epoch   5, step  98, loss 4.60066223, auc@1 1.71, auc@5 7.59, share 29, std_loss 0.12287952629279117, pre_std_loss 0.12583452463150024,  4.54894 4.71122 4.44514 4.69492
2021-05-29 18:35:23,454:INFO:[Rank-2] val time 15.3718, epoch   5, step  79, loss 4.41406194, auc@1 3.02, auc@5 13.67
2021-05-29 18:36:05,202:INFO:[Rank-2] train time 41.4160, epoch   6, step  98, loss 4.60631609, auc@1 1.74, auc@5 7.94, share 42, std_loss 0.12658921606382545, pre_std_loss 0.13962838053703308,  4.56261 4.70323 4.42926 4.73096
2021-05-29 18:36:20,557:INFO:[Rank-2] val time 15.3535, epoch   6, step  79, loss 4.34973908, auc@1 3.56, auc@5 13.83
2021-05-29 18:37:00,997:INFO:[Rank-2] train time 39.9572, epoch   7, step  98, loss 4.60976887, auc@1 1.77, auc@5 8.37, share 25, std_loss 0.15693109376089914, pre_std_loss 0.15791569650173187,  4.54716 4.74641 4.41624 4.72942
2021-05-29 18:37:16,474:INFO:[Rank-2] val time 15.4752, epoch   7, step  79, loss 4.32868062, auc@1 3.02, auc@5 15.94
2021-05-29 18:37:57,729:INFO:[Rank-2] train time 40.8758, epoch   8, step  98, loss 4.64723110, auc@1 1.93, auc@5 8.61, share 35, std_loss 0.161691387240984, pre_std_loss 0.17124022543430328,  4.59147 4.78240 4.42898 4.78625
2021-05-29 18:38:13,112:INFO:[Rank-2] val time 15.3816, epoch   8, step  79, loss 8.61926615, auc@1 1.22, auc@5 5.96
2021-05-29 18:38:53,393:INFO:[Rank-2] train time 39.9787, epoch   9, step  98, loss 4.65227079, auc@1 1.93, auc@5 8.54, share 27, std_loss 0.13596847889070607, pre_std_loss 0.1380123794078827,  4.60761 4.76139 4.48880 4.79958
2021-05-29 18:39:09,055:INFO:[Rank-2] val time 15.6599, epoch   9, step  79, loss 4.49996646, auc@1 2.77, auc@5 11.77
2021-05-29 18:39:47,968:INFO:[Rank-2] train time 38.6096, epoch  10, step  98, loss 4.61669874, auc@1 1.95, auc@5 8.90, share 19, std_loss 0.12820907476909307, pre_std_loss 0.12559197843074799,  4.59448 4.68284 4.44979 4.73751
2021-05-29 18:40:03,408:INFO:[Rank-2] val time 15.4390, epoch  10, step  79, loss 4.31633251, auc@1 3.79, auc@5 14.51
2021-05-29 18:40:47,209:INFO:[Rank-2] train time 43.4666, epoch  11, step  98, loss 5.77537060, auc@1 1.71, auc@5 7.80, share 57, std_loss 0.8438853209420126, pre_std_loss 1.393763780593872,  5.11265 5.42093 4.72996 7.81253
2021-05-29 18:41:02,569:INFO:[Rank-2] val time 15.3575, epoch  11, step  79, loss 5.01369870, auc@1 1.69, auc@5 8.65
2021-05-29 18:41:41,004:INFO:[Rank-2] train time 38.1341, epoch  12, step  98, loss 5.62771797, auc@1 1.33, auc@5 6.31, share 7, std_loss 1.0859032772025283, pre_std_loss 0.6617602109909058,  6.24891 7.58121 4.96592 8.23640
2021-05-29 18:41:56,440:INFO:[Rank-2] val time 15.4336, epoch  12, step  79, loss 4.54840178, auc@1 1.93, auc@5 9.56
