2021-05-20 23:12:46,298:INFO:[Rank-3] args : Namespace(batch=1024, current_time='20210520_201635', dataset='cifar100', epochs=100, ip='192.168.1.1:7548', k=4, lr=0.01, momentum=0.9, name='async2(k=4)', rank=3, scheduler_step=40, train_type='async2', weight_decay=0.005, world=4)
2021-05-20 23:13:24,105:INFO:[Rank-3] train time 35.5342, epoch   1, step  49, loss 4.83382177, auc@1 1.89, auc@5 7.73, share 13, std_loss 0, 
2021-05-20 23:13:39,103:INFO:[Rank-3] val time 14.9934, epoch   1, step  40, loss 4.72857123, auc@1 3.43, auc@5 12.79
2021-05-20 23:14:16,874:INFO:[Rank-3] train time 34.5512, epoch   2, step  49, loss 4.57167435, auc@1 3.51, auc@5 13.93, share 13, std_loss 0, 
2021-05-20 23:14:31,614:INFO:[Rank-3] val time 14.7364, epoch   2, step  40, loss 4.26235200, auc@1 4.94, auc@5 18.19
2021-05-20 23:15:09,432:INFO:[Rank-3] train time 34.6034, epoch   3, step  49, loss 4.32162523, auc@1 4.81, auc@5 19.16, share 13, std_loss 0, 
2021-05-20 23:15:24,259:INFO:[Rank-3] val time 14.8230, epoch   3, step  40, loss 4.16602797, auc@1 5.85, auc@5 20.53
2021-05-20 23:16:02,199:INFO:[Rank-3] train time 34.3846, epoch   4, step  49, loss 4.15426302, auc@1 6.31, auc@5 23.08, share 13, std_loss 0, 
2021-05-20 23:16:17,079:INFO:[Rank-3] val time 14.8749, epoch   4, step  40, loss 3.97983308, auc@1 7.65, auc@5 26.31
2021-05-20 23:16:54,469:INFO:[Rank-3] train time 34.6714, epoch   5, step  49, loss 4.03588486, auc@1 7.54, auc@5 25.92, share 13, std_loss 0, 
2021-05-20 23:17:09,264:INFO:[Rank-3] val time 14.7899, epoch   5, step  40, loss 3.92759771, auc@1 9.05, auc@5 29.78
2021-05-20 23:17:47,189:INFO:[Rank-3] train time 34.6030, epoch   6, step  49, loss 3.94924855, auc@1 8.61, auc@5 28.84, share 13, std_loss 0, 
2021-05-20 23:18:02,015:INFO:[Rank-3] val time 14.8219, epoch   6, step  40, loss 3.83288492, auc@1 10.05, auc@5 32.07
2021-05-20 23:18:39,393:INFO:[Rank-3] train time 34.3522, epoch   7, step  49, loss 3.87839317, auc@1 9.71, auc@5 31.24, share 13, std_loss 0, 
2021-05-20 23:18:54,546:INFO:[Rank-3] val time 15.1484, epoch   7, step  40, loss 3.74848219, auc@1 11.92, auc@5 34.41
2021-05-20 23:19:31,746:INFO:[Rank-3] train time 34.6728, epoch   8, step  49, loss 3.79474568, auc@1 10.92, auc@5 33.45, share 13, std_loss 0, 
2021-05-20 23:19:46,689:INFO:[Rank-3] val time 14.9378, epoch   8, step  40, loss 3.76645662, auc@1 11.95, auc@5 34.42
2021-05-20 23:20:24,774:INFO:[Rank-3] train time 35.2126, epoch   9, step  49, loss 3.75031805, auc@1 11.52, auc@5 34.95, share 13, std_loss 0, 
2021-05-20 23:20:39,584:INFO:[Rank-3] val time 14.8045, epoch   9, step  40, loss 3.66575777, auc@1 12.64, auc@5 37.54
2021-05-20 23:21:17,154:INFO:[Rank-3] train time 34.3664, epoch  10, step  49, loss 3.68582249, auc@1 12.66, auc@5 36.72, share 13, std_loss 0, 
2021-05-20 23:21:32,088:INFO:[Rank-3] val time 14.9292, epoch  10, step  40, loss 3.65165243, auc@1 14.53, auc@5 38.29
2021-05-20 23:22:09,298:INFO:[Rank-3] train time 34.8699, epoch  11, step  49, loss 3.64030814, auc@1 13.05, auc@5 38.04, share 13, std_loss 0, 
2021-05-20 23:22:24,228:INFO:[Rank-3] val time 14.9248, epoch  11, step  40, loss 3.53563114, auc@1 16.18, auc@5 40.40
2021-05-20 23:23:00,721:INFO:[Rank-3] train time 34.6153, epoch  12, step  49, loss 3.57546258, auc@1 14.55, auc@5 40.08, share 13, std_loss 0, 
2021-05-20 23:23:15,509:INFO:[Rank-3] val time 14.7824, epoch  12, step  40, loss 3.51894372, auc@1 15.57, auc@5 42.05
2021-05-20 23:23:53,215:INFO:[Rank-3] train time 34.4129, epoch  13, step  49, loss 3.51077008, auc@1 15.58, auc@5 41.72, share 13, std_loss 0, 
2021-05-20 23:24:08,166:INFO:[Rank-3] val time 14.9463, epoch  13, step  40, loss 3.51353963, auc@1 16.16, auc@5 41.88
2021-05-20 23:24:45,715:INFO:[Rank-3] train time 34.7297, epoch  14, step  49, loss 3.46076727, auc@1 16.44, auc@5 43.29, share 13, std_loss 0, 
2021-05-20 23:25:00,563:INFO:[Rank-3] val time 14.8430, epoch  14, step  40, loss 3.40769383, auc@1 16.70, auc@5 44.87
2021-05-20 23:25:37,979:INFO:[Rank-3] train time 34.4966, epoch  15, step  49, loss 3.40102124, auc@1 17.45, auc@5 44.92, share 13, std_loss 0, 
2021-05-20 23:25:52,893:INFO:[Rank-3] val time 14.9101, epoch  15, step  40, loss 3.32495869, auc@1 18.88, auc@5 47.41
2021-05-20 23:26:30,030:INFO:[Rank-3] train time 34.6074, epoch  16, step  49, loss 3.33982396, auc@1 18.33, auc@5 46.77, share 13, std_loss 0, 
2021-05-20 23:26:44,952:INFO:[Rank-3] val time 14.9179, epoch  16, step  40, loss 3.31728115, auc@1 18.82, auc@5 46.83
2021-05-20 23:27:22,556:INFO:[Rank-3] train time 34.5443, epoch  17, step  49, loss 3.28076935, auc@1 19.35, auc@5 48.22, share 13, std_loss 0, 
2021-05-20 23:27:37,511:INFO:[Rank-3] val time 14.9498, epoch  17, step  40, loss 3.26965537, auc@1 19.77, auc@5 49.17
2021-05-20 23:28:14,628:INFO:[Rank-3] train time 34.6215, epoch  18, step  49, loss 3.24528193, auc@1 20.39, auc@5 49.35, share 13, std_loss 0, 
2021-05-20 23:28:29,476:INFO:[Rank-3] val time 14.8447, epoch  18, step  40, loss 3.21494374, auc@1 20.80, auc@5 50.34
2021-05-20 23:29:06,703:INFO:[Rank-3] train time 34.6145, epoch  19, step  49, loss 3.18205428, auc@1 21.23, auc@5 51.20, share 13, std_loss 0, 
2021-05-20 23:29:21,747:INFO:[Rank-3] val time 15.0401, epoch  19, step  40, loss 3.30047378, auc@1 19.48, auc@5 48.04
2021-05-20 23:29:58,888:INFO:[Rank-3] train time 34.4406, epoch  20, step  49, loss 3.13415432, auc@1 22.02, auc@5 52.44, share 13, std_loss 0, 
2021-05-20 23:30:14,039:INFO:[Rank-3] val time 15.1466, epoch  20, step  40, loss 3.13965116, auc@1 21.59, auc@5 51.68
2021-05-20 23:30:51,130:INFO:[Rank-3] train time 34.5808, epoch  21, step  49, loss 3.09019852, auc@1 23.03, auc@5 53.68, share 13, std_loss 0, 
2021-05-20 23:31:05,911:INFO:[Rank-3] val time 14.7774, epoch  21, step  40, loss 3.17538512, auc@1 21.66, auc@5 52.05
2021-05-20 23:31:43,717:INFO:[Rank-3] train time 34.3631, epoch  22, step  49, loss 3.03314304, auc@1 23.73, auc@5 54.74, share 13, std_loss 0, 
2021-05-20 23:31:58,621:INFO:[Rank-3] val time 14.8984, epoch  22, step  40, loss 3.02747483, auc@1 23.80, auc@5 55.25
2021-05-20 23:32:35,581:INFO:[Rank-3] train time 34.6898, epoch  23, step  49, loss 2.99394321, auc@1 24.42, auc@5 55.68, share 13, std_loss 0, 
2021-05-20 23:32:50,605:INFO:[Rank-3] val time 15.0194, epoch  23, step  40, loss 3.02394931, auc@1 24.45, auc@5 54.91
2021-05-20 23:33:28,048:INFO:[Rank-3] train time 34.7744, epoch  24, step  49, loss 2.94551682, auc@1 25.43, auc@5 57.20, share 13, std_loss 0, 
2021-05-20 23:33:42,978:INFO:[Rank-3] val time 14.9257, epoch  24, step  40, loss 3.03778600, auc@1 23.53, auc@5 55.49
2021-05-20 23:34:21,487:INFO:[Rank-3] train time 34.6493, epoch  25, step  49, loss 2.88930225, auc@1 26.30, auc@5 58.55, share 13, std_loss 0, 
2021-05-20 23:34:36,336:INFO:[Rank-3] val time 14.8443, epoch  25, step  40, loss 2.82525746, auc@1 27.72, auc@5 60.22
2021-05-20 23:35:13,922:INFO:[Rank-3] train time 34.5687, epoch  26, step  49, loss 2.84076905, auc@1 27.36, auc@5 60.02, share 13, std_loss 0, 
2021-05-20 23:35:28,841:INFO:[Rank-3] val time 14.9140, epoch  26, step  40, loss 2.85325118, auc@1 27.61, auc@5 59.30
2021-05-20 23:36:06,169:INFO:[Rank-3] train time 34.7785, epoch  27, step  49, loss 2.80058074, auc@1 28.13, auc@5 60.76, share 13, std_loss 0, 
2021-05-20 23:36:20,935:INFO:[Rank-3] val time 14.7612, epoch  27, step  40, loss 2.88570298, auc@1 26.90, auc@5 58.86
2021-05-20 23:36:58,580:INFO:[Rank-3] train time 34.5103, epoch  28, step  49, loss 2.74972510, auc@1 29.26, auc@5 62.08, share 13, std_loss 0, 
2021-05-20 23:37:13,399:INFO:[Rank-3] val time 14.8149, epoch  28, step  40, loss 2.74152607, auc@1 30.94, auc@5 61.09
2021-05-20 23:37:50,945:INFO:[Rank-3] train time 34.6543, epoch  29, step  49, loss 2.70377469, auc@1 30.31, auc@5 63.13, share 13, std_loss 0, 
2021-05-20 23:38:05,894:INFO:[Rank-3] val time 14.9432, epoch  29, step  40, loss 2.72142040, auc@1 29.11, auc@5 62.36
2021-05-20 23:38:43,483:INFO:[Rank-3] train time 34.7138, epoch  30, step  49, loss 2.66209817, auc@1 31.19, auc@5 63.72, share 13, std_loss 0, 
2021-05-20 23:38:58,324:INFO:[Rank-3] val time 14.8363, epoch  30, step  40, loss 2.56921929, auc@1 33.36, auc@5 65.94
2021-05-20 23:39:36,039:INFO:[Rank-3] train time 34.5546, epoch  31, step  49, loss 2.61775899, auc@1 31.84, auc@5 65.17, share 13, std_loss 0, 
2021-05-20 23:39:50,987:INFO:[Rank-3] val time 14.9430, epoch  31, step  40, loss 2.67177984, auc@1 30.29, auc@5 63.87
2021-05-20 23:40:28,407:INFO:[Rank-3] train time 34.7177, epoch  32, step  49, loss 2.56767559, auc@1 32.91, auc@5 66.52, share 13, std_loss 0, 
2021-05-20 23:40:43,204:INFO:[Rank-3] val time 14.7925, epoch  32, step  40, loss 2.64945674, auc@1 30.99, auc@5 64.75
2021-05-20 23:41:20,956:INFO:[Rank-3] train time 34.6176, epoch  33, step  49, loss 2.54154706, auc@1 33.14, auc@5 66.88, share 13, std_loss 0, 
2021-05-20 23:41:35,767:INFO:[Rank-3] val time 14.8078, epoch  33, step  40, loss 2.94369286, auc@1 27.44, auc@5 58.49
2021-05-20 23:42:13,347:INFO:[Rank-3] train time 34.8404, epoch  34, step  49, loss 2.49464917, auc@1 34.36, auc@5 67.84, share 13, std_loss 0, 
2021-05-20 23:42:28,210:INFO:[Rank-3] val time 14.8591, epoch  34, step  40, loss 2.56502512, auc@1 33.32, auc@5 65.80
2021-05-20 23:43:05,652:INFO:[Rank-3] train time 34.6270, epoch  35, step  49, loss 2.45810843, auc@1 35.01, auc@5 68.67, share 13, std_loss 0, 
2021-05-20 23:43:20,423:INFO:[Rank-3] val time 14.7656, epoch  35, step  40, loss 2.58895217, auc@1 32.81, auc@5 66.10
2021-05-20 23:43:58,012:INFO:[Rank-3] train time 34.5952, epoch  36, step  49, loss 2.42102456, auc@1 36.02, auc@5 69.70, share 13, std_loss 0, 
2021-05-20 23:44:12,998:INFO:[Rank-3] val time 14.9802, epoch  36, step  40, loss 2.78675385, auc@1 29.68, auc@5 60.29
2021-05-20 23:44:50,069:INFO:[Rank-3] train time 34.7694, epoch  37, step  49, loss 2.38424397, auc@1 36.65, auc@5 70.37, share 13, std_loss 0, 
2021-05-20 23:45:05,301:INFO:[Rank-3] val time 15.2274, epoch  37, step  40, loss 2.36996934, auc@1 36.75, auc@5 70.37
2021-05-20 23:45:42,846:INFO:[Rank-3] train time 34.7105, epoch  38, step  49, loss 2.34476280, auc@1 37.29, auc@5 71.43, share 13, std_loss 0, 
2021-05-20 23:45:57,789:INFO:[Rank-3] val time 14.9371, epoch  38, step  40, loss 2.41866118, auc@1 36.39, auc@5 69.55
2021-05-20 23:46:35,196:INFO:[Rank-3] train time 34.7969, epoch  39, step  49, loss 2.31874442, auc@1 38.04, auc@5 72.02, share 13, std_loss 0, 
2021-05-20 23:46:50,003:INFO:[Rank-3] val time 14.8034, epoch  39, step  40, loss 2.40371783, auc@1 36.59, auc@5 69.49
2021-05-20 23:47:27,381:INFO:[Rank-3] train time 34.4936, epoch  40, step  49, loss 2.28812671, auc@1 38.50, auc@5 72.55, share 13, std_loss 0, 
2021-05-20 23:47:42,218:INFO:[Rank-3] val time 14.8326, epoch  40, step  40, loss 2.33552530, auc@1 37.52, auc@5 70.70
2021-05-20 23:48:19,911:INFO:[Rank-3] train time 34.4489, epoch  41, step  49, loss 2.11018896, auc@1 43.21, auc@5 76.58, share 13, std_loss 0, 
2021-05-20 23:48:34,876:INFO:[Rank-3] val time 14.9606, epoch  41, step  40, loss 1.93829734, auc@1 46.93, auc@5 78.79
2021-05-20 23:49:12,283:INFO:[Rank-3] train time 34.5717, epoch  42, step  49, loss 1.99350441, auc@1 46.46, auc@5 78.85, share 13, std_loss 0, 
2021-05-20 23:49:27,063:INFO:[Rank-3] val time 14.7749, epoch  42, step  40, loss 1.88138226, auc@1 48.44, auc@5 79.84
2021-05-20 23:50:04,850:INFO:[Rank-3] train time 34.5606, epoch  43, step  49, loss 1.95028687, auc@1 47.06, auc@5 79.71, share 13, std_loss 0, 
2021-05-20 23:50:19,584:INFO:[Rank-3] val time 14.7286, epoch  43, step  40, loss 1.86177187, auc@1 48.88, auc@5 80.09
2021-05-20 23:50:57,938:INFO:[Rank-3] train time 34.4537, epoch  44, step  49, loss 1.92351818, auc@1 48.12, auc@5 80.34, share 13, std_loss 0, 
2021-05-20 23:51:12,846:INFO:[Rank-3] val time 14.9033, epoch  44, step  40, loss 1.83116972, auc@1 49.57, auc@5 80.87
2021-05-20 23:51:50,057:INFO:[Rank-3] train time 34.3813, epoch  45, step  49, loss 1.89940763, auc@1 48.53, auc@5 80.52, share 13, std_loss 0, 
2021-05-20 23:52:04,931:INFO:[Rank-3] val time 14.8688, epoch  45, step  40, loss 1.81941673, auc@1 49.67, auc@5 81.08
2021-05-20 23:52:42,297:INFO:[Rank-3] train time 34.5816, epoch  46, step  49, loss 1.87735379, auc@1 48.99, auc@5 81.06, share 13, std_loss 0, 
2021-05-20 23:52:57,115:INFO:[Rank-3] val time 14.8129, epoch  46, step  40, loss 1.82010455, auc@1 49.47, auc@5 80.85
2021-05-20 23:53:34,509:INFO:[Rank-3] train time 34.5842, epoch  47, step  49, loss 1.86303127, auc@1 49.46, auc@5 81.25, share 13, std_loss 0, 
2021-05-20 23:53:49,664:INFO:[Rank-3] val time 15.1503, epoch  47, step  40, loss 1.79200293, auc@1 50.19, auc@5 81.10
2021-05-20 23:54:27,193:INFO:[Rank-3] train time 34.6646, epoch  48, step  49, loss 1.84777558, auc@1 49.85, auc@5 81.53, share 13, std_loss 0, 
2021-05-20 23:54:42,533:INFO:[Rank-3] val time 15.3347, epoch  48, step  40, loss 1.79299606, auc@1 50.40, auc@5 81.25
2021-05-20 23:55:19,831:INFO:[Rank-3] train time 34.4822, epoch  49, step  49, loss 1.82518113, auc@1 50.19, auc@5 81.98, share 13, std_loss 0, 
2021-05-20 23:55:34,798:INFO:[Rank-3] val time 14.9624, epoch  49, step  40, loss 1.78296393, auc@1 50.41, auc@5 81.58
2021-05-20 23:56:12,323:INFO:[Rank-3] train time 34.5130, epoch  50, step  49, loss 1.81925464, auc@1 50.33, auc@5 82.08, share 13, std_loss 0, 
2021-05-20 23:56:27,310:INFO:[Rank-3] val time 14.9812, epoch  50, step  40, loss 1.76661150, auc@1 50.76, auc@5 81.70
2021-05-20 23:57:04,336:INFO:[Rank-3] train time 34.6133, epoch  51, step  49, loss 1.79580021, auc@1 50.99, auc@5 82.44, share 13, std_loss 0, 
2021-05-20 23:57:19,195:INFO:[Rank-3] val time 14.8543, epoch  51, step  40, loss 1.75510786, auc@1 51.47, auc@5 82.08
2021-05-20 23:57:56,665:INFO:[Rank-3] train time 34.5023, epoch  52, step  49, loss 1.78180003, auc@1 51.26, auc@5 82.67, share 13, std_loss 0, 
2021-05-20 23:58:11,724:INFO:[Rank-3] val time 15.0539, epoch  52, step  40, loss 1.74646819, auc@1 51.19, auc@5 82.01
2021-05-20 23:58:48,962:INFO:[Rank-3] train time 34.7953, epoch  53, step  49, loss 1.77367973, auc@1 51.51, auc@5 83.05, share 13, std_loss 0, 
2021-05-20 23:59:03,950:INFO:[Rank-3] val time 14.9831, epoch  53, step  40, loss 1.73907785, auc@1 51.56, auc@5 82.28
2021-05-20 23:59:41,732:INFO:[Rank-3] train time 34.4163, epoch  54, step  49, loss 1.76113391, auc@1 51.78, auc@5 83.08, share 13, std_loss 0, 
2021-05-20 23:59:56,643:INFO:[Rank-3] val time 14.9066, epoch  54, step  40, loss 1.72525280, auc@1 52.18, auc@5 82.38
2021-05-21 00:00:34,281:INFO:[Rank-3] train time 34.4413, epoch  55, step  49, loss 1.75344193, auc@1 51.86, auc@5 83.08, share 13, std_loss 0, 
2021-05-21 00:00:49,204:INFO:[Rank-3] val time 14.9188, epoch  55, step  40, loss 1.72009440, auc@1 52.35, auc@5 82.64
2021-05-21 00:01:26,756:INFO:[Rank-3] train time 34.7449, epoch  56, step  49, loss 1.74011302, auc@1 52.46, auc@5 83.36, share 13, std_loss 0, 
2021-05-21 00:01:41,659:INFO:[Rank-3] val time 14.8992, epoch  56, step  40, loss 1.73167951, auc@1 52.14, auc@5 82.54
2021-05-21 00:02:20,240:INFO:[Rank-3] train time 34.7934, epoch  57, step  49, loss 1.72615409, auc@1 52.63, auc@5 83.68, share 13, std_loss 0, 
2021-05-21 00:02:35,339:INFO:[Rank-3] val time 15.0955, epoch  57, step  40, loss 1.71802217, auc@1 52.31, auc@5 82.44
2021-05-21 00:03:12,313:INFO:[Rank-3] train time 34.7792, epoch  58, step  49, loss 1.71127188, auc@1 53.11, auc@5 83.89, share 13, std_loss 0, 
2021-05-21 00:03:27,318:INFO:[Rank-3] val time 15.0001, epoch  58, step  40, loss 1.69347799, auc@1 52.75, auc@5 82.73
2021-05-21 00:04:04,794:INFO:[Rank-3] train time 34.5581, epoch  59, step  49, loss 1.70242393, auc@1 53.23, auc@5 84.13, share 13, std_loss 0, 
2021-05-21 00:04:19,729:INFO:[Rank-3] val time 14.9306, epoch  59, step  40, loss 1.69703935, auc@1 52.90, auc@5 82.85
2021-05-21 00:04:56,762:INFO:[Rank-3] train time 34.5302, epoch  60, step  49, loss 1.69242549, auc@1 53.45, auc@5 84.20, share 13, std_loss 0, 
2021-05-21 00:05:11,692:INFO:[Rank-3] val time 14.9262, epoch  60, step  40, loss 1.69486102, auc@1 52.84, auc@5 82.93
2021-05-21 00:05:49,071:INFO:[Rank-3] train time 35.1935, epoch  61, step  49, loss 1.68589127, auc@1 53.72, auc@5 84.30, share 13, std_loss 0, 
2021-05-21 00:06:03,923:INFO:[Rank-3] val time 14.8466, epoch  61, step  40, loss 1.66726467, auc@1 53.48, auc@5 83.37
2021-05-21 00:06:41,595:INFO:[Rank-3] train time 34.4382, epoch  62, step  49, loss 1.66800964, auc@1 54.12, auc@5 84.56, share 13, std_loss 0, 
2021-05-21 00:06:56,624:INFO:[Rank-3] val time 15.0255, epoch  62, step  40, loss 1.66833050, auc@1 52.99, auc@5 83.32
2021-05-21 00:07:33,820:INFO:[Rank-3] train time 34.5911, epoch  63, step  49, loss 1.66199183, auc@1 54.33, auc@5 84.70, share 13, std_loss 0, 
2021-05-21 00:07:48,852:INFO:[Rank-3] val time 15.0270, epoch  63, step  40, loss 1.65268745, auc@1 53.46, auc@5 83.54
2021-05-21 00:08:25,919:INFO:[Rank-3] train time 34.7649, epoch  64, step  49, loss 1.64647639, auc@1 54.59, auc@5 85.12, share 13, std_loss 0, 
2021-05-21 00:08:40,816:INFO:[Rank-3] val time 14.8909, epoch  64, step  40, loss 1.67161178, auc@1 53.73, auc@5 83.46
2021-05-21 00:09:18,588:INFO:[Rank-3] train time 34.8202, epoch  65, step  49, loss 1.64395559, auc@1 54.58, auc@5 85.16, share 13, std_loss 0, 
2021-05-21 00:09:33,491:INFO:[Rank-3] val time 14.8977, epoch  65, step  40, loss 1.65603625, auc@1 53.55, auc@5 83.63
2021-05-21 00:10:10,672:INFO:[Rank-3] train time 34.6946, epoch  66, step  49, loss 1.63132954, auc@1 54.97, auc@5 85.21, share 13, std_loss 0, 
2021-05-21 00:10:25,613:INFO:[Rank-3] val time 14.9374, epoch  66, step  40, loss 1.65259524, auc@1 53.90, auc@5 83.45
2021-05-21 00:11:03,147:INFO:[Rank-3] train time 34.7965, epoch  67, step  49, loss 1.62067592, auc@1 55.39, auc@5 85.30, share 13, std_loss 0, 
2021-05-21 00:11:17,920:INFO:[Rank-3] val time 14.7678, epoch  67, step  40, loss 1.65221296, auc@1 53.58, auc@5 83.33
2021-05-21 00:11:55,726:INFO:[Rank-3] train time 34.6697, epoch  68, step  49, loss 1.61258972, auc@1 55.58, auc@5 85.61, share 13, std_loss 0, 
2021-05-21 00:12:10,500:INFO:[Rank-3] val time 14.7684, epoch  68, step  40, loss 1.64965199, auc@1 54.29, auc@5 83.70
2021-05-21 00:12:48,186:INFO:[Rank-3] train time 34.4914, epoch  69, step  49, loss 1.61077356, auc@1 55.71, auc@5 85.58, share 13, std_loss 0, 
2021-05-21 00:13:03,230:INFO:[Rank-3] val time 15.0400, epoch  69, step  40, loss 1.63013835, auc@1 54.61, auc@5 84.08
2021-05-21 00:13:40,859:INFO:[Rank-3] train time 34.4175, epoch  70, step  49, loss 1.59757793, auc@1 55.97, auc@5 85.67, share 13, std_loss 0, 
2021-05-21 00:13:55,846:INFO:[Rank-3] val time 14.9811, epoch  70, step  40, loss 1.63087758, auc@1 54.16, auc@5 84.21
2021-05-21 00:14:32,968:INFO:[Rank-3] train time 34.4171, epoch  71, step  49, loss 1.58027720, auc@1 56.47, auc@5 86.06, share 13, std_loss 0, 
2021-05-21 00:14:47,844:INFO:[Rank-3] val time 14.8706, epoch  71, step  40, loss 1.65791011, auc@1 53.98, auc@5 83.34
2021-05-21 00:15:24,944:INFO:[Rank-3] train time 34.5009, epoch  72, step  49, loss 1.57744813, auc@1 56.65, auc@5 86.13, share 13, std_loss 0, 
2021-05-21 00:15:39,775:INFO:[Rank-3] val time 14.8266, epoch  72, step  40, loss 1.62480081, auc@1 54.79, auc@5 83.90
2021-05-21 00:16:17,628:INFO:[Rank-3] train time 34.5989, epoch  73, step  49, loss 1.56768000, auc@1 56.66, auc@5 86.24, share 13, std_loss 0, 
2021-05-21 00:16:32,584:INFO:[Rank-3] val time 14.9506, epoch  73, step  40, loss 1.61149973, auc@1 55.37, auc@5 84.18
2021-05-21 00:17:09,829:INFO:[Rank-3] train time 34.4173, epoch  74, step  49, loss 1.55853438, auc@1 57.00, auc@5 86.31, share 13, std_loss 0, 
2021-05-21 00:17:24,751:INFO:[Rank-3] val time 14.9167, epoch  74, step  40, loss 1.62049732, auc@1 54.99, auc@5 84.17
2021-05-21 00:18:01,998:INFO:[Rank-3] train time 34.4258, epoch  75, step  49, loss 1.54797220, auc@1 57.22, auc@5 86.49, share 13, std_loss 0, 
2021-05-21 00:18:16,982:INFO:[Rank-3] val time 14.9810, epoch  75, step  40, loss 1.61088414, auc@1 54.92, auc@5 84.38
2021-05-21 00:18:54,169:INFO:[Rank-3] train time 34.4643, epoch  76, step  49, loss 1.53846812, auc@1 57.35, auc@5 86.82, share 13, std_loss 0, 
2021-05-21 00:19:09,073:INFO:[Rank-3] val time 14.9014, epoch  76, step  40, loss 1.62191642, auc@1 55.08, auc@5 84.13
2021-05-21 00:19:46,718:INFO:[Rank-3] train time 34.5891, epoch  77, step  49, loss 1.52906406, auc@1 57.55, auc@5 86.87, share 13, std_loss 0, 
2021-05-21 00:20:01,591:INFO:[Rank-3] val time 14.8696, epoch  77, step  40, loss 1.60433253, auc@1 55.23, auc@5 84.17
2021-05-21 00:20:38,971:INFO:[Rank-3] train time 34.5472, epoch  78, step  49, loss 1.51965356, auc@1 58.12, auc@5 87.12, share 13, std_loss 0, 
2021-05-21 00:20:53,951:INFO:[Rank-3] val time 14.9770, epoch  78, step  40, loss 1.61582577, auc@1 54.85, auc@5 84.09
2021-05-21 00:21:31,018:INFO:[Rank-3] train time 34.3151, epoch  79, step  49, loss 1.51010919, auc@1 58.29, auc@5 87.18, share 13, std_loss 0, 
2021-05-21 00:21:45,880:INFO:[Rank-3] val time 14.8565, epoch  79, step  40, loss 1.59680150, auc@1 55.75, auc@5 84.15
2021-05-21 00:22:23,815:INFO:[Rank-3] train time 34.5907, epoch  80, step  49, loss 1.50310409, auc@1 58.41, auc@5 87.17, share 13, std_loss 0, 
2021-05-21 00:22:38,814:INFO:[Rank-3] val time 14.9931, epoch  80, step  40, loss 1.58763523, auc@1 56.35, auc@5 84.42
2021-05-21 00:23:16,268:INFO:[Rank-3] train time 34.5689, epoch  81, step  49, loss 1.46937597, auc@1 59.35, auc@5 87.73, share 13, std_loss 0, 
2021-05-21 00:23:31,133:INFO:[Rank-3] val time 14.8599, epoch  81, step  40, loss 1.52979258, auc@1 57.20, auc@5 85.11
2021-05-21 00:24:08,468:INFO:[Rank-3] train time 34.6193, epoch  82, step  49, loss 1.44678593, auc@1 60.08, auc@5 88.20, share 13, std_loss 0, 
2021-05-21 00:24:23,493:INFO:[Rank-3] val time 15.0208, epoch  82, step  40, loss 1.52068194, auc@1 57.59, auc@5 85.38
2021-05-21 00:25:00,671:INFO:[Rank-3] train time 34.5928, epoch  83, step  49, loss 1.43723404, auc@1 60.41, auc@5 88.32, share 13, std_loss 0, 
2021-05-21 00:25:15,608:INFO:[Rank-3] val time 14.9313, epoch  83, step  40, loss 1.51082045, auc@1 57.60, auc@5 85.59
2021-05-21 00:25:53,026:INFO:[Rank-3] train time 34.7071, epoch  84, step  49, loss 1.43664396, auc@1 60.33, auc@5 88.39, share 13, std_loss 0, 
2021-05-21 00:26:07,879:INFO:[Rank-3] val time 14.8479, epoch  84, step  40, loss 1.50780336, auc@1 57.89, auc@5 85.59
2021-05-21 00:26:45,433:INFO:[Rank-3] train time 34.5897, epoch  85, step  49, loss 1.42877328, auc@1 60.95, auc@5 88.42, share 13, std_loss 0, 
2021-05-21 00:27:00,460:INFO:[Rank-3] val time 15.0234, epoch  85, step  40, loss 1.50255427, auc@1 57.94, auc@5 85.67
2021-05-21 00:27:37,610:INFO:[Rank-3] train time 34.3279, epoch  86, step  49, loss 1.42181778, auc@1 60.86, auc@5 88.45, share 13, std_loss 0, 
2021-05-21 00:27:52,511:INFO:[Rank-3] val time 14.8980, epoch  86, step  40, loss 1.49864285, auc@1 58.19, auc@5 85.98
2021-05-21 00:28:29,746:INFO:[Rank-3] train time 34.6797, epoch  87, step  49, loss 1.42095041, auc@1 60.82, auc@5 88.62, share 13, std_loss 0, 
2021-05-21 00:28:44,743:INFO:[Rank-3] val time 14.9922, epoch  87, step  40, loss 1.49826121, auc@1 58.28, auc@5 85.82
2021-05-21 00:29:21,739:INFO:[Rank-3] train time 34.6723, epoch  88, step  49, loss 1.41329205, auc@1 61.11, auc@5 88.75, share 13, std_loss 0, 
2021-05-21 00:29:36,568:INFO:[Rank-3] val time 14.8247, epoch  88, step  40, loss 1.49988353, auc@1 57.98, auc@5 85.79
2021-05-21 00:30:14,344:INFO:[Rank-3] train time 34.3732, epoch  89, step  49, loss 1.41187608, auc@1 61.23, auc@5 88.73, share 13, std_loss 0, 
2021-05-21 00:30:29,159:INFO:[Rank-3] val time 14.8106, epoch  89, step  40, loss 1.49642583, auc@1 58.03, auc@5 85.70
2021-05-21 00:31:06,717:INFO:[Rank-3] train time 34.5509, epoch  90, step  49, loss 1.41025972, auc@1 61.21, auc@5 88.77, share 13, std_loss 0, 
2021-05-21 00:31:21,547:INFO:[Rank-3] val time 14.8265, epoch  90, step  40, loss 1.49406186, auc@1 58.08, auc@5 85.81
2021-05-21 00:31:58,970:INFO:[Rank-3] train time 34.5503, epoch  91, step  49, loss 1.40406907, auc@1 61.40, auc@5 88.92, share 13, std_loss 0, 
2021-05-21 00:32:14,330:INFO:[Rank-3] val time 15.3556, epoch  91, step  40, loss 1.49900531, auc@1 58.24, auc@5 85.46
2021-05-21 00:32:51,119:INFO:[Rank-3] train time 34.6776, epoch  92, step  49, loss 1.40679669, auc@1 61.21, auc@5 88.92, share 13, std_loss 0, 
2021-05-21 00:33:05,885:INFO:[Rank-3] val time 14.7616, epoch  92, step  40, loss 1.49127105, auc@1 58.39, auc@5 85.84
2021-05-21 00:33:43,474:INFO:[Rank-3] train time 34.4684, epoch  93, step  49, loss 1.39944637, auc@1 61.39, auc@5 88.89, share 13, std_loss 0, 
2021-05-21 00:33:58,338:INFO:[Rank-3] val time 14.8598, epoch  93, step  40, loss 1.49091819, auc@1 58.38, auc@5 85.72
2021-05-21 00:34:35,881:INFO:[Rank-3] train time 34.3858, epoch  94, step  49, loss 1.40161812, auc@1 61.47, auc@5 88.82, share 13, std_loss 0, 
2021-05-21 00:34:50,943:INFO:[Rank-3] val time 15.0576, epoch  94, step  40, loss 1.49170513, auc@1 58.22, auc@5 85.79
2021-05-21 00:35:27,917:INFO:[Rank-3] train time 34.8042, epoch  95, step  49, loss 1.39442968, auc@1 61.61, auc@5 88.95, share 13, std_loss 0, 
2021-05-21 00:35:42,842:INFO:[Rank-3] val time 14.9186, epoch  95, step  40, loss 1.48651714, auc@1 58.19, auc@5 85.98
2021-05-21 00:36:20,477:INFO:[Rank-3] train time 34.6396, epoch  96, step  49, loss 1.39419878, auc@1 61.37, auc@5 89.04, share 13, std_loss 0, 
2021-05-21 00:36:35,656:INFO:[Rank-3] val time 15.1743, epoch  96, step  40, loss 1.48466795, auc@1 58.30, auc@5 85.94
2021-05-21 00:37:12,578:INFO:[Rank-3] train time 34.5394, epoch  97, step  49, loss 1.39362454, auc@1 61.42, auc@5 89.09, share 13, std_loss 0, 
2021-05-21 00:37:27,595:INFO:[Rank-3] val time 15.0128, epoch  97, step  40, loss 1.48504282, auc@1 58.44, auc@5 85.98
2021-05-21 00:38:04,528:INFO:[Rank-3] train time 34.6290, epoch  98, step  49, loss 1.39568126, auc@1 61.33, auc@5 89.07, share 13, std_loss 0, 
2021-05-21 00:38:19,300:INFO:[Rank-3] val time 14.7671, epoch  98, step  40, loss 1.48441244, auc@1 58.50, auc@5 86.01
2021-05-21 00:38:56,682:INFO:[Rank-3] train time 34.7671, epoch  99, step  49, loss 1.39312637, auc@1 61.59, auc@5 89.03, share 13, std_loss 0, 
2021-05-21 00:39:11,574:INFO:[Rank-3] val time 14.8867, epoch  99, step  40, loss 1.48501688, auc@1 58.36, auc@5 86.08
2021-05-21 00:39:48,901:INFO:[Rank-3] train time 34.4657, epoch 100, step  49, loss 1.38174510, auc@1 61.83, auc@5 89.28, share 13, std_loss 0, 
2021-05-21 00:40:03,764:INFO:[Rank-3] val time 14.8594, epoch 100, step  40, loss 1.48207393, auc@1 58.53, auc@5 85.87
2021-05-21 00:40:03,765:INFO:[Rank-3] finish, train+val 5236.00477, train 3743.89767, reduce_count 1300
