2021-05-21 00:40:12,884:INFO:[Rank-0] args : Namespace(batch=1024, current_time='20210520_201635', dataset='cifar100', epochs=100, ip='192.168.1.1:7548', k=8, lr=0.01, momentum=0.9, name='async2(k=8)', rank=0, scheduler_step=40, train_type='async2', weight_decay=0.005, world=4)
2021-05-21 00:40:50,825:INFO:[Rank-0] train time 35.8043, epoch   1, step  49, loss 4.77582264, auc@1 2.06, auc@5 8.40, share 7, std_loss 0, 
2021-05-21 00:41:05,891:INFO:[Rank-0] val time 15.0615, epoch   1, step  40, loss 4.79160717, auc@1 3.90, auc@5 14.30
2021-05-21 00:41:43,093:INFO:[Rank-0] train time 34.6344, epoch   2, step  49, loss 4.43321466, auc@1 4.28, auc@5 16.42, share 7, std_loss 0, 
2021-05-21 00:41:58,157:INFO:[Rank-0] val time 15.0591, epoch   2, step  40, loss 4.22546010, auc@1 4.64, auc@5 18.26
2021-05-21 00:42:35,258:INFO:[Rank-0] train time 34.5601, epoch   3, step  49, loss 4.17333698, auc@1 6.28, auc@5 22.64, share 7, std_loss 0, 
2021-05-21 00:42:50,664:INFO:[Rank-0] val time 15.4003, epoch   3, step  40, loss 3.96098929, auc@1 8.20, auc@5 28.02
2021-05-21 00:43:27,455:INFO:[Rank-0] train time 34.8890, epoch   4, step  49, loss 4.00848866, auc@1 8.16, auc@5 27.28, share 7, std_loss 0, 
2021-05-21 00:43:42,774:INFO:[Rank-0] val time 15.3154, epoch   4, step  40, loss 3.93169830, auc@1 8.46, auc@5 29.10
2021-05-21 00:44:19,679:INFO:[Rank-0] train time 34.7597, epoch   5, step  49, loss 3.88775635, auc@1 9.62, auc@5 30.78, share 7, std_loss 0, 
2021-05-21 00:44:34,943:INFO:[Rank-0] val time 15.2604, epoch   5, step  40, loss 3.83051260, auc@1 10.51, auc@5 31.50
2021-05-21 00:45:11,433:INFO:[Rank-0] train time 34.9709, epoch   6, step  49, loss 3.81389594, auc@1 10.54, auc@5 33.22, share 7, std_loss 0, 
2021-05-21 00:45:26,719:INFO:[Rank-0] val time 15.2817, epoch   6, step  40, loss 3.69083475, auc@1 12.78, auc@5 37.20
2021-05-21 00:46:03,448:INFO:[Rank-0] train time 34.6919, epoch   7, step  49, loss 3.72719741, auc@1 12.00, auc@5 35.75, share 7, std_loss 0, 
2021-05-21 00:46:18,965:INFO:[Rank-0] val time 15.5120, epoch   7, step  40, loss 3.63531293, auc@1 14.00, auc@5 38.47
2021-05-21 00:46:55,704:INFO:[Rank-0] train time 34.7695, epoch   8, step  49, loss 3.64003396, auc@1 13.46, auc@5 38.21, share 7, std_loss 0, 
2021-05-21 00:47:10,865:INFO:[Rank-0] val time 15.1564, epoch   8, step  40, loss 3.57949900, auc@1 14.13, auc@5 40.40
2021-05-21 00:47:47,663:INFO:[Rank-0] train time 34.9676, epoch   9, step  49, loss 3.56527948, auc@1 14.65, auc@5 40.60, share 7, std_loss 0, 
2021-05-21 00:48:02,877:INFO:[Rank-0] val time 15.2090, epoch   9, step  40, loss 3.46667460, auc@1 16.84, auc@5 42.84
2021-05-21 00:48:39,619:INFO:[Rank-0] train time 34.6868, epoch  10, step  49, loss 3.48249531, auc@1 15.93, auc@5 42.68, share 7, std_loss 0, 
2021-05-21 00:48:54,927:INFO:[Rank-0] val time 15.3042, epoch  10, step  40, loss 3.59651193, auc@1 16.42, auc@5 42.68
2021-05-21 00:49:31,944:INFO:[Rank-0] train time 35.0665, epoch  11, step  49, loss 3.40141010, auc@1 17.41, auc@5 45.00, share 7, std_loss 0, 
2021-05-21 00:49:47,239:INFO:[Rank-0] val time 15.2901, epoch  11, step  40, loss 3.43726453, auc@1 17.68, auc@5 44.73
2021-05-21 00:50:24,190:INFO:[Rank-0] train time 34.8572, epoch  12, step  49, loss 3.31876183, auc@1 18.65, auc@5 47.39, share 7, std_loss 0, 
2021-05-21 00:50:39,299:INFO:[Rank-0] val time 15.1045, epoch  12, step  40, loss 3.78950984, auc@1 15.97, auc@5 43.91
2021-05-21 00:51:15,854:INFO:[Rank-0] train time 34.6417, epoch  13, step  49, loss 3.26880097, auc@1 19.72, auc@5 48.84, share 7, std_loss 0, 
2021-05-21 00:51:31,164:INFO:[Rank-0] val time 15.3066, epoch  13, step  40, loss 3.37389313, auc@1 18.43, auc@5 46.03
2021-05-21 00:52:08,284:INFO:[Rank-0] train time 34.8453, epoch  14, step  49, loss 3.20054436, auc@1 20.82, auc@5 50.52, share 7, std_loss 0, 
2021-05-21 00:52:23,431:INFO:[Rank-0] val time 15.1430, epoch  14, step  40, loss 3.18294853, auc@1 22.16, auc@5 51.10
2021-05-21 00:53:00,289:INFO:[Rank-0] train time 34.8518, epoch  15, step  49, loss 3.11693168, auc@1 22.56, auc@5 52.50, share 7, std_loss 0, 
2021-05-21 00:53:15,452:INFO:[Rank-0] val time 15.1592, epoch  15, step  40, loss 3.16600482, auc@1 21.34, auc@5 51.27
2021-05-21 00:53:52,506:INFO:[Rank-0] train time 34.8559, epoch  16, step  49, loss 3.06148601, auc@1 23.44, auc@5 54.23, share 7, std_loss 0, 
2021-05-21 00:54:08,185:INFO:[Rank-0] val time 15.6753, epoch  16, step  40, loss 3.20304553, auc@1 20.91, auc@5 50.54
2021-05-21 00:54:44,597:INFO:[Rank-0] train time 34.9501, epoch  17, step  49, loss 2.98955369, auc@1 24.82, auc@5 56.02, share 7, std_loss 0, 
2021-05-21 00:54:59,985:INFO:[Rank-0] val time 15.3841, epoch  17, step  40, loss 3.02616236, auc@1 23.98, auc@5 54.93
2021-05-21 00:55:36,817:INFO:[Rank-0] train time 35.6972, epoch  18, step  49, loss 2.94667149, auc@1 25.68, auc@5 56.92, share 7, std_loss 0, 
2021-05-21 00:55:52,045:INFO:[Rank-0] val time 15.2246, epoch  18, step  40, loss 3.07607892, auc@1 23.24, auc@5 54.23
2021-05-21 00:56:28,890:INFO:[Rank-0] train time 34.9148, epoch  19, step  49, loss 2.86508822, auc@1 26.89, auc@5 59.19, share 7, std_loss 0, 
2021-05-21 00:56:43,986:INFO:[Rank-0] val time 15.0920, epoch  19, step  40, loss 3.07456698, auc@1 23.78, auc@5 55.49
2021-05-21 00:57:20,644:INFO:[Rank-0] train time 34.7259, epoch  20, step  49, loss 2.80227995, auc@1 28.43, auc@5 60.47, share 7, std_loss 0, 
2021-05-21 00:57:35,748:INFO:[Rank-0] val time 15.0995, epoch  20, step  40, loss 3.10467279, auc@1 23.50, auc@5 53.28
2021-05-21 00:58:12,383:INFO:[Rank-0] train time 34.7244, epoch  21, step  49, loss 2.74489760, auc@1 29.37, auc@5 62.13, share 7, std_loss 0, 
2021-05-21 00:58:27,851:INFO:[Rank-0] val time 15.4638, epoch  21, step  40, loss 3.09186375, auc@1 25.57, auc@5 55.61
2021-05-21 00:59:04,380:INFO:[Rank-0] train time 34.7045, epoch  22, step  49, loss 2.67863560, auc@1 30.71, auc@5 63.56, share 7, std_loss 0, 
2021-05-21 00:59:19,427:INFO:[Rank-0] val time 15.0434, epoch  22, step  40, loss 2.77826507, auc@1 29.67, auc@5 61.22
2021-05-21 00:59:56,238:INFO:[Rank-0] train time 34.8397, epoch  23, step  49, loss 2.60626292, auc@1 32.27, auc@5 65.40, share 7, std_loss 0, 
2021-05-21 01:00:11,377:INFO:[Rank-0] val time 15.1350, epoch  23, step  40, loss 2.73441863, auc@1 29.86, auc@5 62.31
2021-05-21 01:00:47,889:INFO:[Rank-0] train time 34.5998, epoch  24, step  49, loss 2.55446219, auc@1 33.08, auc@5 66.60, share 7, std_loss 0, 
2021-05-21 01:01:03,288:INFO:[Rank-0] val time 15.3960, epoch  24, step  40, loss 2.65423103, auc@1 31.91, auc@5 64.26
2021-05-21 01:01:40,141:INFO:[Rank-0] train time 34.7386, epoch  25, step  49, loss 2.50288510, auc@1 34.60, auc@5 67.68, share 7, std_loss 0, 
2021-05-21 01:01:55,259:INFO:[Rank-0] val time 15.1141, epoch  25, step  40, loss 2.72457666, auc@1 30.29, auc@5 62.25
2021-05-21 01:02:32,321:INFO:[Rank-0] train time 34.7400, epoch  26, step  49, loss 2.44300270, auc@1 35.60, auc@5 69.06, share 7, std_loss 0, 
2021-05-21 01:02:47,566:INFO:[Rank-0] val time 15.2412, epoch  26, step  40, loss 2.65468054, auc@1 32.20, auc@5 64.32
2021-05-21 01:03:24,367:INFO:[Rank-0] train time 34.8274, epoch  27, step  49, loss 2.40007496, auc@1 36.56, auc@5 70.10, share 7, std_loss 0, 
2021-05-21 01:03:39,623:INFO:[Rank-0] val time 15.2535, epoch  27, step  40, loss 2.76115603, auc@1 29.44, auc@5 62.24
2021-05-21 01:04:16,684:INFO:[Rank-0] train time 34.7329, epoch  28, step  49, loss 2.34438562, auc@1 37.39, auc@5 71.22, share 7, std_loss 0, 
2021-05-21 01:04:31,790:INFO:[Rank-0] val time 15.1019, epoch  28, step  40, loss 2.90293410, auc@1 28.07, auc@5 58.93
2021-05-21 01:05:08,808:INFO:[Rank-0] train time 34.7155, epoch  29, step  49, loss 2.31092000, auc@1 38.29, auc@5 71.96, share 7, std_loss 0, 
2021-05-21 01:05:23,944:INFO:[Rank-0] val time 15.1308, epoch  29, step  40, loss 2.49965043, auc@1 34.31, auc@5 67.16
2021-05-21 01:06:00,664:INFO:[Rank-0] train time 34.6829, epoch  30, step  49, loss 2.25064588, auc@1 39.57, auc@5 73.36, share 7, std_loss 0, 
2021-05-21 01:06:15,872:INFO:[Rank-0] val time 15.2038, epoch  30, step  40, loss 2.39493193, auc@1 36.06, auc@5 69.87
2021-05-21 01:06:52,675:INFO:[Rank-0] train time 34.7530, epoch  31, step  49, loss 2.20345378, auc@1 40.60, auc@5 74.39, share 7, std_loss 0, 
2021-05-21 01:07:07,797:INFO:[Rank-0] val time 15.1176, epoch  31, step  40, loss 2.42337308, auc@1 37.02, auc@5 69.06
2021-05-21 01:07:44,825:INFO:[Rank-0] train time 34.6411, epoch  32, step  49, loss 2.17675614, auc@1 41.08, auc@5 74.94, share 7, std_loss 0, 
2021-05-21 01:08:00,144:INFO:[Rank-0] val time 15.3155, epoch  32, step  40, loss 2.23791525, auc@1 40.09, auc@5 73.24
2021-05-21 01:08:36,919:INFO:[Rank-0] train time 35.0484, epoch  33, step  49, loss 2.13732505, auc@1 42.45, auc@5 75.57, share 7, std_loss 0, 
2021-05-21 01:08:52,459:INFO:[Rank-0] val time 15.5363, epoch  33, step  40, loss 2.48196934, auc@1 35.78, auc@5 67.93
2021-05-21 01:09:28,771:INFO:[Rank-0] train time 34.8207, epoch  34, step  49, loss 2.09361696, auc@1 43.15, auc@5 76.42, share 7, std_loss 0, 
2021-05-21 01:09:43,897:INFO:[Rank-0] val time 15.1221, epoch  34, step  40, loss 2.27378964, auc@1 40.24, auc@5 72.79
2021-05-21 01:10:20,443:INFO:[Rank-0] train time 34.4844, epoch  35, step  49, loss 2.05445194, auc@1 44.04, auc@5 77.15, share 7, std_loss 0, 
2021-05-21 01:10:36,660:INFO:[Rank-0] val time 16.2121, epoch  35, step  40, loss 2.28968589, auc@1 39.59, auc@5 71.31
2021-05-21 01:11:11,997:INFO:[Rank-0] train time 34.8601, epoch  36, step  49, loss 2.02223706, auc@1 44.88, auc@5 78.03, share 7, std_loss 0, 
2021-05-21 01:11:27,391:INFO:[Rank-0] val time 15.3912, epoch  36, step  40, loss 2.22780030, auc@1 40.15, auc@5 73.30
2021-05-21 01:12:03,764:INFO:[Rank-0] train time 34.8720, epoch  37, step  49, loss 2.00381994, auc@1 45.36, auc@5 78.20, share 7, std_loss 0, 
2021-05-21 01:12:18,854:INFO:[Rank-0] val time 15.0863, epoch  37, step  40, loss 2.20179752, auc@1 41.12, auc@5 73.99
2021-05-21 01:12:55,959:INFO:[Rank-0] train time 35.0906, epoch  38, step  49, loss 1.94816375, auc@1 46.45, auc@5 79.44, share 7, std_loss 0, 
2021-05-21 01:13:10,985:INFO:[Rank-0] val time 15.0221, epoch  38, step  40, loss 2.20314114, auc@1 41.50, auc@5 73.16
2021-05-21 01:13:47,786:INFO:[Rank-0] train time 34.8635, epoch  39, step  49, loss 1.93505740, auc@1 47.00, auc@5 79.63, share 7, std_loss 0, 
2021-05-21 01:14:02,972:INFO:[Rank-0] val time 15.1811, epoch  39, step  40, loss 2.35493567, auc@1 37.67, auc@5 70.67
2021-05-21 01:14:39,961:INFO:[Rank-0] train time 34.5147, epoch  40, step  49, loss 1.90190041, auc@1 47.63, auc@5 80.19, share 7, std_loss 0, 
2021-05-21 01:14:55,184:INFO:[Rank-0] val time 15.2188, epoch  40, step  40, loss 2.42790063, auc@1 38.03, auc@5 68.91
2021-05-21 01:15:31,875:INFO:[Rank-0] train time 34.7772, epoch  41, step  49, loss 1.71465361, auc@1 52.94, auc@5 83.69, share 7, std_loss 0, 
2021-05-21 01:15:46,928:INFO:[Rank-0] val time 15.0488, epoch  41, step  40, loss 1.63714061, auc@1 53.90, auc@5 83.82
2021-05-21 01:16:23,990:INFO:[Rank-0] train time 34.7717, epoch  42, step  49, loss 1.59552097, auc@1 56.07, auc@5 85.69, share 7, std_loss 0, 
2021-05-21 01:16:39,220:INFO:[Rank-0] val time 15.2268, epoch  42, step  40, loss 1.59431749, auc@1 55.00, auc@5 84.34
2021-05-21 01:17:15,853:INFO:[Rank-0] train time 34.7195, epoch  43, step  49, loss 1.55461001, auc@1 57.21, auc@5 86.19, share 7, std_loss 0, 
2021-05-21 01:17:31,008:INFO:[Rank-0] val time 15.1510, epoch  43, step  40, loss 1.56349338, auc@1 55.86, auc@5 85.07
2021-05-21 01:18:07,901:INFO:[Rank-0] train time 34.6685, epoch  44, step  49, loss 1.52642560, auc@1 57.77, auc@5 86.57, share 7, std_loss 0, 
2021-05-21 01:18:23,098:INFO:[Rank-0] val time 15.1934, epoch  44, step  40, loss 1.55258368, auc@1 56.42, auc@5 85.18
2021-05-21 01:18:59,883:INFO:[Rank-0] train time 34.8811, epoch  45, step  49, loss 1.50435996, auc@1 58.41, auc@5 87.03, share 7, std_loss 0, 
2021-05-21 01:19:15,111:INFO:[Rank-0] val time 15.2231, epoch  45, step  40, loss 1.53242887, auc@1 56.55, auc@5 85.44
2021-05-21 01:19:51,709:INFO:[Rank-0] train time 34.7078, epoch  46, step  49, loss 1.48428249, auc@1 58.86, auc@5 87.39, share 7, std_loss 0, 
2021-05-21 01:20:06,797:INFO:[Rank-0] val time 15.0843, epoch  46, step  40, loss 1.52472821, auc@1 56.71, auc@5 85.55
2021-05-21 01:20:43,941:INFO:[Rank-0] train time 34.8827, epoch  47, step  49, loss 1.46858919, auc@1 59.43, auc@5 87.56, share 7, std_loss 0, 
2021-05-21 01:20:59,119:INFO:[Rank-0] val time 15.1738, epoch  47, step  40, loss 1.51077294, auc@1 57.33, auc@5 85.80
2021-05-21 01:21:35,784:INFO:[Rank-0] train time 34.6469, epoch  48, step  49, loss 1.45577765, auc@1 59.51, auc@5 87.66, share 7, std_loss 0, 
2021-05-21 01:21:50,953:INFO:[Rank-0] val time 15.1659, epoch  48, step  40, loss 1.50353343, auc@1 57.41, auc@5 85.95
2021-05-21 01:22:27,412:INFO:[Rank-0] train time 34.6725, epoch  49, step  49, loss 1.44131064, auc@1 60.03, auc@5 88.04, share 7, std_loss 0, 
2021-05-21 01:22:42,644:INFO:[Rank-0] val time 15.2281, epoch  49, step  40, loss 1.49974261, auc@1 57.81, auc@5 86.00
2021-05-21 01:23:20,077:INFO:[Rank-0] train time 34.6305, epoch  50, step  49, loss 1.42518246, auc@1 60.37, auc@5 88.28, share 7, std_loss 0, 
2021-05-21 01:23:35,560:INFO:[Rank-0] val time 15.4781, epoch  50, step  40, loss 1.49035383, auc@1 57.44, auc@5 86.14
2021-05-21 01:24:12,099:INFO:[Rank-0] train time 34.7022, epoch  51, step  49, loss 1.41613615, auc@1 60.77, auc@5 88.44, share 7, std_loss 0, 
2021-05-21 01:24:27,233:INFO:[Rank-0] val time 15.1298, epoch  51, step  40, loss 1.49191467, auc@1 57.40, auc@5 85.86
2021-05-21 01:25:04,255:INFO:[Rank-0] train time 34.7169, epoch  52, step  49, loss 1.39717185, auc@1 61.16, auc@5 88.62, share 7, std_loss 0, 
2021-05-21 01:25:19,259:INFO:[Rank-0] val time 14.9993, epoch  52, step  40, loss 1.47103244, auc@1 58.15, auc@5 86.03
2021-05-21 01:25:56,232:INFO:[Rank-0] train time 35.0557, epoch  53, step  49, loss 1.38665783, auc@1 61.39, auc@5 88.79, share 7, std_loss 0, 
2021-05-21 01:26:11,479:INFO:[Rank-0] val time 15.2405, epoch  53, step  40, loss 1.47807292, auc@1 58.05, auc@5 86.34
2021-05-21 01:26:48,355:INFO:[Rank-0] train time 35.0320, epoch  54, step  49, loss 1.37443888, auc@1 61.65, auc@5 89.00, share 7, std_loss 0, 
2021-05-21 01:27:03,945:INFO:[Rank-0] val time 15.5856, epoch  54, step  40, loss 1.46345173, auc@1 58.65, auc@5 86.43
2021-05-21 01:27:40,516:INFO:[Rank-0] train time 34.6362, epoch  55, step  49, loss 1.36365640, auc@1 61.87, auc@5 89.13, share 7, std_loss 0, 
2021-05-21 01:27:55,703:INFO:[Rank-0] val time 15.1834, epoch  55, step  40, loss 1.45748627, auc@1 58.35, auc@5 86.29
2021-05-21 01:28:32,731:INFO:[Rank-0] train time 35.6209, epoch  56, step  49, loss 1.35336590, auc@1 62.14, auc@5 89.20, share 7, std_loss 0, 
2021-05-21 01:28:47,885:INFO:[Rank-0] val time 15.1500, epoch  56, step  40, loss 1.45903062, auc@1 58.62, auc@5 86.47
2021-05-21 01:29:25,378:INFO:[Rank-0] train time 34.9129, epoch  57, step  49, loss 1.34752762, auc@1 62.41, auc@5 89.31, share 7, std_loss 0, 
2021-05-21 01:29:40,445:INFO:[Rank-0] val time 15.0635, epoch  57, step  40, loss 1.44742107, auc@1 58.98, auc@5 86.62
2021-05-21 01:30:17,389:INFO:[Rank-0] train time 34.8404, epoch  58, step  49, loss 1.33316123, auc@1 62.74, auc@5 89.64, share 7, std_loss 0, 
2021-05-21 01:30:32,769:INFO:[Rank-0] val time 15.3745, epoch  58, step  40, loss 1.43349574, auc@1 59.16, auc@5 87.00
2021-05-21 01:31:09,289:INFO:[Rank-0] train time 34.7670, epoch  59, step  49, loss 1.32514060, auc@1 62.79, auc@5 89.73, share 7, std_loss 0, 
2021-05-21 01:31:24,523:INFO:[Rank-0] val time 15.2284, epoch  59, step  40, loss 1.43570461, auc@1 59.12, auc@5 86.75
2021-05-21 01:32:01,077:INFO:[Rank-0] train time 35.2353, epoch  60, step  49, loss 1.31026793, auc@1 63.38, auc@5 89.81, share 7, std_loss 0, 
2021-05-21 01:32:16,228:INFO:[Rank-0] val time 15.1475, epoch  60, step  40, loss 1.42798789, auc@1 59.31, auc@5 86.99
2021-05-21 01:32:52,910:INFO:[Rank-0] train time 34.9816, epoch  61, step  49, loss 1.29738557, auc@1 63.81, auc@5 90.10, share 7, std_loss 0, 
2021-05-21 01:33:08,376:INFO:[Rank-0] val time 15.4626, epoch  61, step  40, loss 1.42635906, auc@1 59.19, auc@5 86.91
2021-05-21 01:33:45,090:INFO:[Rank-0] train time 34.6920, epoch  62, step  49, loss 1.28931260, auc@1 64.02, auc@5 90.23, share 7, std_loss 0, 
2021-05-21 01:34:00,160:INFO:[Rank-0] val time 15.0676, epoch  62, step  40, loss 1.41272574, auc@1 59.95, auc@5 87.22
2021-05-21 01:34:37,310:INFO:[Rank-0] train time 34.8270, epoch  63, step  49, loss 1.28313339, auc@1 64.00, auc@5 90.23, share 7, std_loss 0, 
2021-05-21 01:34:52,503:INFO:[Rank-0] val time 15.1900, epoch  63, step  40, loss 1.41421301, auc@1 59.73, auc@5 87.15
2021-05-21 01:35:30,117:INFO:[Rank-0] train time 35.0895, epoch  64, step  49, loss 1.27690113, auc@1 64.18, auc@5 90.34, share 7, std_loss 0, 
2021-05-21 01:35:45,467:INFO:[Rank-0] val time 15.3463, epoch  64, step  40, loss 1.41355609, auc@1 59.62, auc@5 87.12
2021-05-21 01:36:22,359:INFO:[Rank-0] train time 34.9376, epoch  65, step  49, loss 1.26433563, auc@1 64.75, auc@5 90.42, share 7, std_loss 0, 
2021-05-21 01:36:37,551:INFO:[Rank-0] val time 15.1870, epoch  65, step  40, loss 1.41780128, auc@1 60.02, auc@5 86.78
2021-05-21 01:37:14,100:INFO:[Rank-0] train time 34.8711, epoch  66, step  49, loss 1.25160182, auc@1 64.83, auc@5 90.86, share 7, std_loss 0, 
2021-05-21 01:37:29,254:INFO:[Rank-0] val time 15.1497, epoch  66, step  40, loss 1.40275504, auc@1 59.82, auc@5 87.20
2021-05-21 01:38:05,948:INFO:[Rank-0] train time 34.6669, epoch  67, step  49, loss 1.24421084, auc@1 65.15, auc@5 90.69, share 7, std_loss 0, 
2021-05-21 01:38:21,202:INFO:[Rank-0] val time 15.2496, epoch  67, step  40, loss 1.39699483, auc@1 59.73, auc@5 87.52
2021-05-21 01:38:57,756:INFO:[Rank-0] train time 34.7695, epoch  68, step  49, loss 1.23568225, auc@1 65.42, auc@5 90.94, share 7, std_loss 0, 
2021-05-21 01:39:12,977:INFO:[Rank-0] val time 15.2168, epoch  68, step  40, loss 1.40811021, auc@1 59.50, auc@5 87.46
2021-05-21 01:39:49,998:INFO:[Rank-0] train time 35.2512, epoch  69, step  49, loss 1.22938371, auc@1 65.39, auc@5 91.12, share 7, std_loss 0, 
2021-05-21 01:40:05,226:INFO:[Rank-0] val time 15.2249, epoch  69, step  40, loss 1.39684094, auc@1 60.08, auc@5 87.29
2021-05-21 01:40:41,746:INFO:[Rank-0] train time 34.9921, epoch  70, step  49, loss 1.22091830, auc@1 65.68, auc@5 91.15, share 7, std_loss 0, 
2021-05-21 01:40:57,018:INFO:[Rank-0] val time 15.2683, epoch  70, step  40, loss 1.38825377, auc@1 60.39, auc@5 87.52
2021-05-21 01:41:33,573:INFO:[Rank-0] train time 34.8081, epoch  71, step  49, loss 1.20448685, auc@1 66.34, auc@5 91.25, share 7, std_loss 0, 
2021-05-21 01:41:48,751:INFO:[Rank-0] val time 15.1745, epoch  71, step  40, loss 1.39333249, auc@1 60.49, auc@5 87.35
2021-05-21 01:42:25,456:INFO:[Rank-0] train time 34.9371, epoch  72, step  49, loss 1.19453144, auc@1 66.59, auc@5 91.36, share 7, std_loss 0, 
2021-05-21 01:42:40,562:INFO:[Rank-0] val time 15.1032, epoch  72, step  40, loss 1.38017679, auc@1 60.95, auc@5 87.50
2021-05-21 01:43:17,954:INFO:[Rank-0] train time 34.9665, epoch  73, step  49, loss 1.18874598, auc@1 66.65, auc@5 91.43, share 7, std_loss 0, 
2021-05-21 01:43:33,062:INFO:[Rank-0] val time 15.1028, epoch  73, step  40, loss 1.39528184, auc@1 60.31, auc@5 87.44
2021-05-21 01:44:09,945:INFO:[Rank-0] train time 34.9998, epoch  74, step  49, loss 1.18393826, auc@1 66.98, auc@5 91.48, share 7, std_loss 0, 
2021-05-21 01:44:25,378:INFO:[Rank-0] val time 15.4294, epoch  74, step  40, loss 1.36854101, auc@1 61.14, auc@5 87.54
2021-05-21 01:45:02,020:INFO:[Rank-0] train time 34.8798, epoch  75, step  49, loss 1.16993558, auc@1 67.17, auc@5 91.79, share 7, std_loss 0, 
2021-05-21 01:45:17,335:INFO:[Rank-0] val time 15.3098, epoch  75, step  40, loss 1.38122448, auc@1 60.76, auc@5 87.49
2021-05-21 01:45:53,717:INFO:[Rank-0] train time 34.8117, epoch  76, step  49, loss 1.16393507, auc@1 67.29, auc@5 91.80, share 7, std_loss 0, 
2021-05-21 01:46:08,798:INFO:[Rank-0] val time 15.0779, epoch  76, step  40, loss 1.37811371, auc@1 60.96, auc@5 87.64
2021-05-21 01:46:45,146:INFO:[Rank-0] train time 35.0079, epoch  77, step  49, loss 1.15461457, auc@1 67.52, auc@5 91.96, share 7, std_loss 0, 
2021-05-21 01:47:00,876:INFO:[Rank-0] val time 15.7259, epoch  77, step  40, loss 1.40083837, auc@1 60.42, auc@5 87.33
2021-05-21 01:47:37,146:INFO:[Rank-0] train time 34.6835, epoch  78, step  49, loss 1.14541280, auc@1 67.89, auc@5 92.10, share 7, std_loss 0, 
2021-05-21 01:47:52,454:INFO:[Rank-0] val time 15.3053, epoch  78, step  40, loss 1.38094596, auc@1 60.49, auc@5 87.73
2021-05-21 01:48:29,263:INFO:[Rank-0] train time 34.9309, epoch  79, step  49, loss 1.13261974, auc@1 68.23, auc@5 92.35, share 7, std_loss 0, 
2021-05-21 01:48:44,686:INFO:[Rank-0] val time 15.4192, epoch  79, step  40, loss 1.38044693, auc@1 61.07, auc@5 87.63
2021-05-21 01:49:20,993:INFO:[Rank-0] train time 34.8418, epoch  80, step  49, loss 1.13164198, auc@1 68.07, auc@5 92.29, share 7, std_loss 0, 
2021-05-21 01:49:36,477:INFO:[Rank-0] val time 15.4800, epoch  80, step  40, loss 1.39494630, auc@1 60.50, auc@5 87.29
2021-05-21 01:50:13,550:INFO:[Rank-0] train time 35.5088, epoch  81, step  49, loss 1.09994352, auc@1 69.14, auc@5 92.70, share 7, std_loss 0, 
2021-05-21 01:50:29,073:INFO:[Rank-0] val time 15.5198, epoch  81, step  40, loss 1.31175491, auc@1 62.78, auc@5 88.45
2021-05-21 01:51:05,606:INFO:[Rank-0] train time 34.7123, epoch  82, step  49, loss 1.07402170, auc@1 70.18, auc@5 93.02, share 7, std_loss 0, 
2021-05-21 01:51:20,628:INFO:[Rank-0] val time 15.0192, epoch  82, step  40, loss 1.30061398, auc@1 62.85, auc@5 88.52
2021-05-21 01:51:57,853:INFO:[Rank-0] train time 34.8610, epoch  83, step  49, loss 1.06416011, auc@1 70.30, auc@5 93.13, share 7, std_loss 0, 
2021-05-21 01:52:13,071:INFO:[Rank-0] val time 15.2140, epoch  83, step  40, loss 1.29767445, auc@1 62.87, auc@5 88.68
2021-05-21 01:52:49,566:INFO:[Rank-0] train time 34.7449, epoch  84, step  49, loss 1.05719686, auc@1 70.50, auc@5 93.21, share 7, std_loss 0, 
2021-05-21 01:53:04,684:INFO:[Rank-0] val time 15.1145, epoch  84, step  40, loss 1.29596485, auc@1 63.06, auc@5 88.60
2021-05-21 01:53:41,434:INFO:[Rank-0] train time 35.0146, epoch  85, step  49, loss 1.05815446, auc@1 70.57, auc@5 93.21, share 7, std_loss 0, 
2021-05-21 01:53:56,538:INFO:[Rank-0] val time 15.0983, epoch  85, step  40, loss 1.29411669, auc@1 62.95, auc@5 88.66
2021-05-21 01:54:33,121:INFO:[Rank-0] train time 34.4937, epoch  86, step  49, loss 1.05255997, auc@1 70.69, auc@5 93.21, share 7, std_loss 0, 
2021-05-21 01:54:48,999:INFO:[Rank-0] val time 15.8733, epoch  86, step  40, loss 1.28886277, auc@1 63.17, auc@5 88.72
2021-05-21 01:55:24,914:INFO:[Rank-0] train time 34.6437, epoch  87, step  49, loss 1.04768467, auc@1 70.80, auc@5 93.33, share 7, std_loss 0, 
2021-05-21 01:55:40,092:INFO:[Rank-0] val time 15.1753, epoch  87, step  40, loss 1.28623174, auc@1 63.07, auc@5 88.94
2021-05-21 01:56:16,428:INFO:[Rank-0] train time 34.7668, epoch  88, step  49, loss 1.04302371, auc@1 71.23, auc@5 93.43, share 7, std_loss 0, 
2021-05-21 01:56:31,545:INFO:[Rank-0] val time 15.1133, epoch  88, step  40, loss 1.28726511, auc@1 62.93, auc@5 88.77
2021-05-21 01:57:08,373:INFO:[Rank-0] train time 34.6557, epoch  89, step  49, loss 1.04499984, auc@1 71.05, auc@5 93.29, share 7, std_loss 0, 
2021-05-21 01:57:23,486:INFO:[Rank-0] val time 15.1084, epoch  89, step  40, loss 1.28332252, auc@1 63.06, auc@5 88.92
2021-05-21 01:58:00,193:INFO:[Rank-0] train time 34.6531, epoch  90, step  49, loss 1.03889990, auc@1 71.12, auc@5 93.36, share 7, std_loss 0, 
2021-05-21 01:58:15,403:INFO:[Rank-0] val time 15.2065, epoch  90, step  40, loss 1.28252210, auc@1 63.23, auc@5 88.98
2021-05-21 01:58:52,858:INFO:[Rank-0] train time 34.9102, epoch  91, step  49, loss 1.03536963, auc@1 71.37, auc@5 93.41, share 7, std_loss 0, 
2021-05-21 01:59:08,304:INFO:[Rank-0] val time 15.4415, epoch  91, step  40, loss 1.28344223, auc@1 63.22, auc@5 88.93
2021-05-21 01:59:44,756:INFO:[Rank-0] train time 34.8617, epoch  92, step  49, loss 1.03428018, auc@1 71.25, auc@5 93.52, share 7, std_loss 0, 
2021-05-21 02:00:00,064:INFO:[Rank-0] val time 15.3040, epoch  92, step  40, loss 1.28073765, auc@1 63.44, auc@5 89.03
2021-05-21 02:00:37,099:INFO:[Rank-0] train time 34.8247, epoch  93, step  49, loss 1.03119624, auc@1 71.16, auc@5 93.67, share 7, std_loss 0, 
2021-05-21 02:00:52,211:INFO:[Rank-0] val time 15.1083, epoch  93, step  40, loss 1.28199005, auc@1 63.39, auc@5 89.10
2021-05-21 02:01:29,277:INFO:[Rank-0] train time 34.8488, epoch  94, step  49, loss 1.02791786, auc@1 71.60, auc@5 93.65, share 7, std_loss 0, 
2021-05-21 02:01:44,434:INFO:[Rank-0] val time 15.1512, epoch  94, step  40, loss 1.28160380, auc@1 63.22, auc@5 89.13
2021-05-21 02:02:21,486:INFO:[Rank-0] train time 35.1237, epoch  95, step  49, loss 1.02804816, auc@1 71.42, auc@5 93.71, share 7, std_loss 0, 
2021-05-21 02:02:36,508:INFO:[Rank-0] val time 15.0189, epoch  95, step  40, loss 1.27880638, auc@1 63.46, auc@5 89.14
2021-05-21 02:03:13,394:INFO:[Rank-0] train time 34.8414, epoch  96, step  49, loss 1.02190888, auc@1 71.60, auc@5 93.72, share 7, std_loss 0, 
2021-05-21 02:03:28,663:INFO:[Rank-0] val time 15.2649, epoch  96, step  40, loss 1.28171361, auc@1 63.28, auc@5 88.92
2021-05-21 02:04:05,604:INFO:[Rank-0] train time 34.6358, epoch  97, step  49, loss 1.02374709, auc@1 71.67, auc@5 93.64, share 7, std_loss 0, 
2021-05-21 02:04:20,788:INFO:[Rank-0] val time 15.1790, epoch  97, step  40, loss 1.27627506, auc@1 63.38, auc@5 89.11
2021-05-21 02:04:57,402:INFO:[Rank-0] train time 34.7803, epoch  98, step  49, loss 1.02433658, auc@1 71.73, auc@5 93.59, share 7, std_loss 0, 
2021-05-21 02:05:12,888:INFO:[Rank-0] val time 15.4820, epoch  98, step  40, loss 1.27598965, auc@1 63.24, auc@5 89.00
2021-05-21 02:05:49,795:INFO:[Rank-0] train time 35.0223, epoch  99, step  49, loss 1.01937950, auc@1 71.79, auc@5 93.71, share 7, std_loss 0, 
2021-05-21 02:06:05,051:INFO:[Rank-0] val time 15.2515, epoch  99, step  40, loss 1.27704370, auc@1 63.48, auc@5 89.02
2021-05-21 02:06:42,141:INFO:[Rank-0] train time 34.5785, epoch 100, step  49, loss 1.01757169, auc@1 71.73, auc@5 93.83, share 7, std_loss 0, 
2021-05-21 02:06:57,288:INFO:[Rank-0] val time 15.1435, epoch 100, step  40, loss 1.27497281, auc@1 63.36, auc@5 89.00
2021-05-21 02:06:57,289:INFO:[Rank-0] finish, train+val 5202.95465, train 3677.64889, reduce_count 700