2021-05-19 17:28:51,511:INFO:[Rank-3] args : Namespace(batch=2048, current_time='20210519_172843', dataset='cifar100', epochs=10, ip='192.168.1.1:7548', k=4, lr=1e-05, momentum=0.9, name='local(k=4)', rank=3, scheduler_step=50, train_type='local', weight_decay=0.05, world=4)
2021-05-19 17:29:27,597:INFO:[Rank-3] train time 34.4329, epoch   1, step  25, loss 4.99297667, auc@1 0.91, auc@5 4.83, share 6, std_loss 0, 
2021-05-19 17:29:41,040:INFO:[Rank-3] val time 13.4410, epoch   1, step  20, loss 4.64884212, auc@1 1.01, auc@5 5.48
2021-05-19 17:30:14,715:INFO:[Rank-3] train time 33.5190, epoch   2, step  25, loss 4.96761179, auc@1 0.96, auc@5 5.10, share 6, std_loss 0, 
2021-05-19 17:30:27,956:INFO:[Rank-3] val time 13.2386, epoch   2, step  20, loss 4.70337891, auc@1 1.08, auc@5 4.90
2021-05-19 17:31:01,411:INFO:[Rank-3] train time 33.2204, epoch   3, step  25, loss 4.95786572, auc@1 0.95, auc@5 4.97, share 6, std_loss 0, 
2021-05-19 17:31:15,238:INFO:[Rank-3] val time 13.8218, epoch   3, step  20, loss 4.75083448, auc@1 1.00, auc@5 4.80
2021-05-19 17:31:48,380:INFO:[Rank-3] train time 32.9799, epoch   4, step  25, loss 4.94992208, auc@1 0.97, auc@5 4.94, share 6, std_loss 0, 
2021-05-19 17:32:01,560:INFO:[Rank-3] val time 13.1778, epoch   4, step  20, loss 4.74662585, auc@1 0.95, auc@5 4.78
2021-05-19 17:32:35,687:INFO:[Rank-3] train time 34.0326, epoch   5, step  25, loss 4.92987728, auc@1 1.03, auc@5 5.07, share 6, std_loss 0, 
2021-05-19 17:32:49,069:INFO:[Rank-3] val time 13.3803, epoch   5, step  20, loss 4.73549952, auc@1 0.90, auc@5 4.79
2021-05-19 17:33:22,424:INFO:[Rank-3] train time 33.2195, epoch   6, step  25, loss 4.92681074, auc@1 1.07, auc@5 5.07, share 6, std_loss 0, 
2021-05-19 17:33:35,725:INFO:[Rank-3] val time 13.2978, epoch   6, step  20, loss 4.72457996, auc@1 0.98, auc@5 4.80
2021-05-19 17:34:09,480:INFO:[Rank-3] train time 33.5397, epoch   7, step  25, loss 4.91680670, auc@1 1.03, auc@5 5.07, share 6, std_loss 0, 
2021-05-19 17:34:23,029:INFO:[Rank-3] val time 13.5462, epoch   7, step  20, loss 4.70852248, auc@1 0.90, auc@5 4.78
2021-05-19 17:34:56,925:INFO:[Rank-3] train time 33.8345, epoch   8, step  25, loss 4.90700245, auc@1 1.00, auc@5 5.04, share 6, std_loss 0, 
2021-05-19 17:35:10,169:INFO:[Rank-3] val time 13.2415, epoch   8, step  20, loss 4.70020605, auc@1 0.95, auc@5 4.85
2021-05-19 17:35:44,345:INFO:[Rank-3] train time 34.0662, epoch   9, step  25, loss 4.89898252, auc@1 1.01, auc@5 5.13, share 6, std_loss 0, 
2021-05-19 17:35:57,580:INFO:[Rank-3] val time 13.2325, epoch   9, step  20, loss 4.69017999, auc@1 1.02, auc@5 5.03
2021-05-19 17:36:31,261:INFO:[Rank-3] train time 33.6223, epoch  10, step  25, loss 4.88887358, auc@1 0.99, auc@5 5.22, share 6, std_loss 0, 
2021-05-19 17:36:44,570:INFO:[Rank-3] val time 13.3067, epoch  10, step  20, loss 4.68202258, auc@1 1.03, auc@5 5.14
2021-05-19 17:36:44,572:INFO:[Rank-3] finish, train+val 471.52702, train 337.82589, reduce_count  60
