2021-05-25 22:41:11,358:INFO:[Rank-2] args : Namespace(batch=1024, current_time='20210525_224103', dataset='cifar100', epochs=200, ip='192.168.1.1:7548', k=16, loss_std_gap_rate=1.0, lr=0.05, momentum=0.9, name='loss2', rank=2, scheduler_step=80, train_type='loss2', weight_decay=1e-05, world=4)
2021-05-25 22:41:51,432:INFO:[Rank-2] train time 38.2297, epoch   1, step  49, loss 5.17979813, auc@1 1.38, auc@5 6.00, share 12, std_loss 0.09168558411908392, pre_std_loss 0.05862102285027504,  5.22668 5.11941 5.23691 5.23077
2021-05-25 22:42:06,331:INFO:[Rank-2] val time 14.8961, epoch   1, step  40, loss 6.21694014, auc@1 1.89, auc@5 7.89
2021-05-25 22:42:43,733:INFO:[Rank-2] train time 37.0623, epoch   2, step  49, loss 4.60656404, auc@1 2.85, auc@5 11.74, share 6, std_loss 0.15530756572071386, pre_std_loss 0.1314796507358551,  5.07787 4.67450 4.74077 4.76073
2021-05-25 22:42:58,807:INFO:[Rank-2] val time 15.0720, epoch   2, step  40, loss 4.35869098, auc@1 3.75, auc@5 15.35
2021-05-25 22:43:37,024:INFO:[Rank-2] train time 37.8657, epoch   3, step  49, loss 4.27466297, auc@1 4.75, auc@5 18.40, share 10, std_loss 0.07349524426521087, pre_std_loss 0.07064037770032883,  4.35237 4.18853 4.31248 4.26225
2021-05-25 22:43:52,179:INFO:[Rank-2] val time 15.1516, epoch   3, step  40, loss 4.14371071, auc@1 5.89, auc@5 21.23
2021-05-25 22:44:31,181:INFO:[Rank-2] train time 38.4994, epoch   4, step  49, loss 4.12997961, auc@1 6.03, auc@5 22.95, share 11, std_loss 0.07530620678955195, pre_std_loss 0.07319456338882446,  4.21611 4.05277 4.16455 4.09120
2021-05-25 22:44:46,267:INFO:[Rank-2] val time 15.0825, epoch   4, step  40, loss 4.05099449, auc@1 6.77, auc@5 24.88
2021-05-25 22:45:24,259:INFO:[Rank-2] train time 37.5521, epoch   5, step  49, loss 4.02801800, auc@1 7.24, auc@5 25.90, share 9, std_loss 0.05270602652917103, pre_std_loss 0.051258385181427,  4.09490 3.97227 4.03936 4.01463
2021-05-25 22:45:39,460:INFO:[Rank-2] val time 15.1994, epoch   5, step  40, loss 3.89071454, auc@1 8.79, auc@5 28.99
2021-05-25 22:46:17,664:INFO:[Rank-2] train time 37.7938, epoch   6, step  49, loss 3.92163801, auc@1 8.87, auc@5 29.15, share 12, std_loss 0.050233000015117685, pre_std_loss 0.04472671449184418,  3.96961 3.87106 3.94914 3.90185
2021-05-25 22:46:32,837:INFO:[Rank-2] val time 15.1696, epoch   6, step  40, loss 3.82296966, auc@1 9.70, auc@5 31.59
2021-05-25 22:47:11,609:INFO:[Rank-2] train time 38.4222, epoch   7, step  49, loss 3.84948063, auc@1 9.78, auc@5 31.81, share 11, std_loss 0.06418170156527539, pre_std_loss 0.05517346039414406,  3.92097 3.80396 3.87597 3.81324
2021-05-25 22:47:26,643:INFO:[Rank-2] val time 15.0324, epoch   7, step  40, loss 3.75392223, auc@1 11.12, auc@5 33.97
2021-05-25 22:48:04,840:INFO:[Rank-2] train time 37.8082, epoch   8, step  49, loss 3.77766562, auc@1 10.73, auc@5 33.77, share 12, std_loss 0.052811537926294366, pre_std_loss 0.05131153017282486,  3.84210 3.72557 3.82937 3.75619
2021-05-25 22:48:19,924:INFO:[Rank-2] val time 15.0817, epoch   8, step  40, loss 3.67661745, auc@1 12.50, auc@5 37.16
2021-05-25 22:48:58,179:INFO:[Rank-2] train time 37.8643, epoch   9, step  49, loss 3.70113754, auc@1 11.96, auc@5 36.05, share 8, std_loss 0.05450766807308002, pre_std_loss 0.05202951282262802,  3.75262 3.63887 3.74453 3.69565
2021-05-25 22:49:13,366:INFO:[Rank-2] val time 15.1844, epoch   9, step  40, loss 3.59648841, auc@1 13.63, auc@5 38.99
2021-05-25 22:49:52,675:INFO:[Rank-2] train time 38.8902, epoch  10, step  49, loss 3.62598252, auc@1 13.20, auc@5 38.37, share 13, std_loss 0.05333001896434901, pre_std_loss 0.05089548975229263,  3.66257 3.56982 3.67522 3.59681
2021-05-25 22:50:07,803:INFO:[Rank-2] val time 15.1265, epoch  10, step  40, loss 3.66372833, auc@1 14.33, auc@5 39.77
2021-05-25 22:50:45,562:INFO:[Rank-2] train time 37.3486, epoch  11, step  49, loss 3.59224677, auc@1 13.90, auc@5 39.55, share 6, std_loss 0.048984614029830814, pre_std_loss 0.04052188619971275,  3.62660 3.53183 3.62912 3.58457
2021-05-25 22:51:00,644:INFO:[Rank-2] val time 15.0794, epoch  11, step  40, loss 3.48783503, auc@1 16.12, auc@5 41.82
2021-05-25 22:51:39,238:INFO:[Rank-2] train time 38.2414, epoch  12, step  49, loss 3.52011061, auc@1 15.28, auc@5 41.41, share 8, std_loss 0.06077039948835665, pre_std_loss 0.05134629085659981,  3.56745 3.44104 3.54668 3.50162
2021-05-25 22:51:54,384:INFO:[Rank-2] val time 15.1419, epoch  12, step  40, loss 3.46560526, auc@1 16.29, auc@5 43.27
2021-05-25 22:52:33,106:INFO:[Rank-2] train time 38.1594, epoch  13, step  49, loss 3.46743822, auc@1 16.21, auc@5 43.10, share 11, std_loss 0.07811234480872446, pre_std_loss 0.07346347719430923,  3.51601 3.37172 3.54221 3.45765
2021-05-25 22:52:48,314:INFO:[Rank-2] val time 15.2070, epoch  13, step  40, loss 3.37173348, auc@1 18.00, auc@5 45.87
2021-05-25 22:53:27,851:INFO:[Rank-2] train time 39.1747, epoch  14, step  49, loss 3.38485932, auc@1 17.60, auc@5 45.48, share 9, std_loss 0.07593924065633696, pre_std_loss 0.06477747112512589,  3.44497 3.30184 3.43602 3.34660
2021-05-25 22:53:43,105:INFO:[Rank-2] val time 15.2525, epoch  14, step  40, loss 3.29310986, auc@1 19.71, auc@5 47.93
2021-05-25 22:54:21,610:INFO:[Rank-2] train time 38.0704, epoch  15, step  49, loss 3.32358384, auc@1 18.62, auc@5 47.38, share 12, std_loss 0.06690296545928838, pre_std_loss 0.06720282137393951,  3.37388 3.24512 3.38528 3.29107
2021-05-25 22:54:36,773:INFO:[Rank-2] val time 15.1607, epoch  15, step  40, loss 3.34897210, auc@1 18.20, auc@5 46.82
2021-05-25 22:55:14,964:INFO:[Rank-2] train time 37.7866, epoch  16, step  49, loss 3.32870221, auc@1 18.77, auc@5 47.27, share 6, std_loss 0.09349054630313601, pre_std_loss 0.08054806292057037,  3.38695 3.23468 3.41285 3.28872
2021-05-25 22:55:30,193:INFO:[Rank-2] val time 15.2266, epoch  16, step  40, loss 3.26052348, auc@1 20.84, auc@5 49.24
2021-05-25 22:56:09,002:INFO:[Rank-2] train time 38.3809, epoch  17, step  49, loss 3.22811317, auc@1 20.59, auc@5 49.59, share 3, std_loss 0.10126236674128747, pre_std_loss 0.07612646371126175,  3.50430 3.00418 3.44881 3.24998
2021-05-25 22:56:24,150:INFO:[Rank-2] val time 15.1458, epoch  17, step  40, loss 3.18554780, auc@1 21.47, auc@5 51.49
2021-05-25 22:57:02,649:INFO:[Rank-2] train time 38.0644, epoch  18, step  49, loss 3.18152404, auc@1 21.40, auc@5 50.84, share 8, std_loss 0.07055522372223894, pre_std_loss 0.06297687441110611,  3.25136 3.12478 3.21802 3.13324
2021-05-25 22:57:17,798:INFO:[Rank-2] val time 15.1469, epoch  18, step  40, loss 3.58248691, auc@1 20.74, auc@5 48.97
2021-05-25 22:57:56,274:INFO:[Rank-2] train time 37.9910, epoch  19, step  49, loss 3.12264347, auc@1 22.52, auc@5 52.80, share 10, std_loss 0.08629881742657447, pre_std_loss 0.07763156294822693,  3.20935 3.04748 3.16476 3.07090
2021-05-25 22:58:11,451:INFO:[Rank-2] val time 15.1746, epoch  19, step  40, loss 3.11219763, auc@1 23.32, auc@5 53.16
2021-05-25 22:58:50,996:INFO:[Rank-2] train time 39.0651, epoch  20, step  49, loss 3.07018876, auc@1 23.34, auc@5 53.87, share 17, std_loss 0.09762062352834916, pre_std_loss 0.09416809678077698,  3.17691 2.98071 3.11853 3.00174
2021-05-25 22:59:06,152:INFO:[Rank-2] val time 15.1539, epoch  20, step  40, loss 3.14647674, auc@1 22.79, auc@5 52.37
