2021-06-09 16:00:52,057:INFO:[Rank-0] args : Namespace(batch=1024, current_time='20210609_160044', dataset='cifar100', epochs=50, ip='192.168.1.4:7548', k=16, loss_std_gap_rate=1.0, lr=0.05, momentum=0.6, name='loss_min', rank=0, scheduler_step=80, train_type='loss_min', weight_decay=0.0005, world=3)
2021-06-09 16:01:37,465:INFO:[Rank-0] train time 44.0028, epoch   1, step  49, loss 4.69123316, auc@1 2.69, auc@5 11.04, share 10, std_loss 0.025680146218106454, pre_std_loss 0.008755958639085293,  4.70589 4.68846 4.69864
2021-06-09 16:01:51,903:INFO:[Rank-0] val time 14.4332, epoch   1, step  30, loss 4.26000999, auc@1 4.96, auc@5 18.34
2021-06-09 16:02:34,484:INFO:[Rank-0] train time 42.5805, epoch   2, step  49, loss 4.16231441, auc@1 6.58, auc@5 23.12, share 2, std_loss 0.044260606549832285, pre_std_loss 0.049294061958789825,  4.38474 4.37597 4.38822
2021-06-09 16:02:49,146:INFO:[Rank-0] val time 14.6591, epoch   2, step  30, loss 4.13310640, auc@1 6.58, auc@5 26.69
2021-06-09 16:03:33,080:INFO:[Rank-0] train time 43.9315, epoch   3, step  49, loss 3.91727543, auc@1 9.24, auc@5 30.18, share 17, std_loss 0.05152702346748235, pre_std_loss 0.03977642580866814,  3.95100 3.93194 3.87458
2021-06-09 16:03:47,820:INFO:[Rank-0] val time 14.7352, epoch   3, step  30, loss 3.89401409, auc@1 11.70, auc@5 35.30
2021-06-09 16:04:30,924:INFO:[Rank-0] train time 43.1014, epoch   4, step  49, loss 3.78216124, auc@1 11.20, auc@5 34.16, share 7, std_loss 0.03771907292610528, pre_std_loss 0.031239444389939308,  3.79695 3.82197 3.76757
2021-06-09 16:04:45,282:INFO:[Rank-0] val time 14.3532, epoch   4, step  30, loss 3.82279345, auc@1 13.53, auc@5 37.94
2021-06-09 16:05:29,108:INFO:[Rank-0] train time 43.8243, epoch   5, step  49, loss 3.65358710, auc@1 13.10, auc@5 38.21, share 5, std_loss 0.034461733752063343, pre_std_loss 0.03272657096385956,  3.65929 3.69616 3.68336
2021-06-09 16:05:43,526:INFO:[Rank-0] val time 14.4155, epoch   5, step  30, loss 3.83836287, auc@1 12.99, auc@5 37.59
2021-06-09 16:06:28,561:INFO:[Rank-0] train time 44.9790, epoch   6, step  49, loss 3.52058268, auc@1 15.34, auc@5 41.77, share 13, std_loss 0.02613893638802122, pre_std_loss 0.025847306475043297,  3.53359 3.53132 3.52214
2021-06-09 16:06:42,987:INFO:[Rank-0] val time 14.4237, epoch   6, step  30, loss 3.43684228, auc@1 17.01, auc@5 44.41
2021-06-09 16:07:27,541:INFO:[Rank-0] train time 44.4714, epoch   7, step  49, loss 3.42032266, auc@1 17.37, auc@5 44.64, share 8, std_loss 0.050393701283907404, pre_std_loss 0.04786144569516182,  3.45686 3.50927 3.44560
2021-06-09 16:07:42,048:INFO:[Rank-0] val time 14.5032, epoch   7, step  30, loss 3.38812237, auc@1 18.18, auc@5 46.72
2021-06-09 16:08:26,311:INFO:[Rank-0] train time 44.1906, epoch   8, step  49, loss 3.29156351, auc@1 19.49, auc@5 48.24, share 8, std_loss 0.040310686758282234, pre_std_loss 0.03935795649886131,  3.29901 3.33203 3.28788
2021-06-09 16:08:40,737:INFO:[Rank-0] val time 14.4237, epoch   8, step  30, loss 3.38489007, auc@1 17.41, auc@5 45.72
2021-06-09 16:09:24,784:INFO:[Rank-0] train time 43.9378, epoch   9, step  49, loss 3.19393396, auc@1 20.98, auc@5 50.74, share 4, std_loss 0.02526323387057197, pre_std_loss 0.03328639641404152,  3.19990 3.20691 3.19468
2021-06-09 16:09:39,284:INFO:[Rank-0] val time 14.4957, epoch   9, step  30, loss 3.18272769, auc@1 21.96, auc@5 50.91
2021-06-09 16:10:23,326:INFO:[Rank-0] train time 43.9877, epoch  10, step  49, loss 3.08481622, auc@1 23.19, auc@5 53.46, share 5, std_loss 0.05020294140796272, pre_std_loss 0.05100729316473007,  3.12290 3.13741 3.10057
2021-06-09 16:10:38,058:INFO:[Rank-0] val time 14.7292, epoch  10, step  30, loss 3.27467214, auc@1 20.60, auc@5 51.34
2021-06-09 16:11:22,199:INFO:[Rank-0] train time 44.0672, epoch  11, step  49, loss 2.98170233, auc@1 24.94, auc@5 56.22, share 10, std_loss 0.054564514862639565, pre_std_loss 0.039933133870363235,  2.99023 3.00124 2.93900
2021-06-09 16:11:36,679:INFO:[Rank-0] val time 14.4769, epoch  11, step  30, loss 3.02669997, auc@1 24.88, auc@5 55.02
2021-06-09 16:12:22,545:INFO:[Rank-0] train time 45.7672, epoch  12, step  49, loss 2.87587452, auc@1 27.05, auc@5 59.15, share 21, std_loss 0.051835455152453205, pre_std_loss 0.044283732771873474,  2.89160 2.89326 2.82939
2021-06-09 16:12:37,389:INFO:[Rank-0] val time 14.8408, epoch  12, step  30, loss 2.98973746, auc@1 24.78, auc@5 56.70
2021-06-09 16:13:21,414:INFO:[Rank-0] train time 44.0239, epoch  13, step  49, loss 2.80788040, auc@1 28.45, auc@5 60.50, share 11, std_loss 0.03885335657669573, pre_std_loss 0.03092382848262787,  2.81108 2.82413 2.78670
2021-06-09 16:13:36,049:INFO:[Rank-0] val time 14.6312, epoch  13, step  30, loss 2.87425831, auc@1 27.16, auc@5 59.61
2021-06-09 16:14:20,056:INFO:[Rank-0] train time 44.0048, epoch  14, step  49, loss 2.71540046, auc@1 30.25, auc@5 62.90, share 3, std_loss 0.03579466980026693, pre_std_loss 0.037877582013607025,  2.78901 2.76764 2.76398
2021-06-09 16:14:34,544:INFO:[Rank-0] val time 14.4820, epoch  14, step  30, loss 3.01670235, auc@1 26.73, auc@5 57.48
2021-06-09 16:15:18,748:INFO:[Rank-0] train time 44.0848, epoch  15, step  49, loss 2.63364077, auc@1 31.54, auc@5 64.74, share 4, std_loss 0.032803693520171304, pre_std_loss 0.02976866438984871,  2.62184 2.64425 2.62057
2021-06-09 16:15:33,394:INFO:[Rank-0] val time 14.6435, epoch  15, step  30, loss 2.73769597, auc@1 30.91, auc@5 62.09
2021-06-09 16:16:17,261:INFO:[Rank-0] train time 43.8383, epoch  16, step  49, loss 2.53979826, auc@1 33.85, auc@5 66.69, share 6, std_loss 0.06335890103055507, pre_std_loss 0.05524858459830284,  2.55408 2.57930 2.49295
2021-06-09 16:16:31,897:INFO:[Rank-0] val time 14.6325, epoch  16, step  30, loss 2.67653849, auc@1 31.83, auc@5 64.81
2021-06-09 16:17:15,548:INFO:[Rank-0] train time 43.5942, epoch  17, step  49, loss 2.45277405, auc@1 35.52, auc@5 68.70, share 4, std_loss 0.054834959952502836, pre_std_loss 0.053493890911340714,  2.49877 2.47349 2.46233
2021-06-09 16:17:30,101:INFO:[Rank-0] val time 14.5508, epoch  17, step  30, loss 2.92014737, auc@1 29.63, auc@5 59.78
2021-06-09 16:18:14,342:INFO:[Rank-0] train time 44.2147, epoch  18, step  49, loss 2.36446619, auc@1 37.20, auc@5 70.69, share 7, std_loss 0.03731476276048592, pre_std_loss 0.038196440786123276,  2.37334 2.37994 2.33849
2021-06-09 16:18:28,756:INFO:[Rank-0] val time 14.4097, epoch  18, step  30, loss 2.61981329, auc@1 34.63, auc@5 67.22
2021-06-09 16:19:13,270:INFO:[Rank-0] train time 44.5139, epoch  19, step  49, loss 2.30037618, auc@1 38.47, auc@5 72.17, share 5, std_loss 0.052976751053819854, pre_std_loss 0.053786471486091614,  2.25435 2.29974 2.25552
2021-06-09 16:19:27,883:INFO:[Rank-0] val time 14.6095, epoch  19, step  30, loss 2.54964439, auc@1 34.30, auc@5 66.99
2021-06-09 16:20:12,139:INFO:[Rank-0] train time 44.2541, epoch  20, step  49, loss 2.22907257, auc@1 40.31, auc@5 73.48, share 13, std_loss 0.0531244835987383, pre_std_loss 0.044021911919116974,  2.25340 2.27053 2.19916
2021-06-09 16:20:26,936:INFO:[Rank-0] val time 14.7929, epoch  20, step  30, loss 2.43960602, auc@1 37.18, auc@5 70.60
2021-06-09 16:21:10,847:INFO:[Rank-0] train time 43.9100, epoch  21, step  49, loss 2.16831112, auc@1 41.54, auc@5 74.66, share 2, std_loss 0.03684068720179553, pre_std_loss 0.03057113289833069,  2.12386 2.14135 2.15405
2021-06-09 16:21:25,373:INFO:[Rank-0] val time 14.5212, epoch  21, step  30, loss 2.59175085, auc@1 36.38, auc@5 67.86
2021-06-09 16:22:10,188:INFO:[Rank-0] train time 44.8129, epoch  22, step  49, loss 2.10157347, auc@1 42.94, auc@5 75.94, share 3, std_loss 0.035438939700929484, pre_std_loss 0.03555126488208771,  2.15244 2.12940 2.11507
2021-06-09 16:22:24,864:INFO:[Rank-0] val time 14.6727, epoch  22, step  30, loss 2.48421884, auc@1 36.83, auc@5 67.97
2021-06-09 16:23:09,250:INFO:[Rank-0] train time 43.9922, epoch  23, step  49, loss 2.05499792, auc@1 44.10, auc@5 76.93, share 9, std_loss 0.06056372517225694, pre_std_loss 0.045013006776571274,  2.06337 2.08797 2.00716
2021-06-09 16:23:24,369:INFO:[Rank-0] val time 15.1159, epoch  23, step  30, loss 2.30139702, auc@1 39.90, auc@5 72.52
2021-06-09 16:24:10,008:INFO:[Rank-0] train time 45.4969, epoch  24, step  49, loss 1.98582900, auc@1 45.78, auc@5 78.25, share 6, std_loss 0.049702972515809296, pre_std_loss 0.05130529776215553,  1.98213 1.99648 2.00277
2021-06-09 16:24:25,102:INFO:[Rank-0] val time 15.0920, epoch  24, step  30, loss 2.23546093, auc@1 41.19, auc@5 74.78
2021-06-09 16:25:09,710:INFO:[Rank-0] train time 44.6066, epoch  25, step  49, loss 1.93739152, auc@1 46.88, auc@5 79.23, share 10, std_loss 0.04482720199288154, pre_std_loss 0.0377580001950264,  1.94588 1.96535 1.90662
2021-06-09 16:25:24,327:INFO:[Rank-0] val time 14.6117, epoch  25, step  30, loss 2.37897429, auc@1 40.80, auc@5 72.25
2021-06-09 16:26:08,136:INFO:[Rank-0] train time 43.8071, epoch  26, step  49, loss 1.88383853, auc@1 47.99, auc@5 80.11, share 4, std_loss 0.03490347299268659, pre_std_loss 0.03434710577130318,  1.89700 1.89228 1.88713
2021-06-09 16:26:22,896:INFO:[Rank-0] val time 14.7559, epoch  26, step  30, loss 2.09566299, auc@1 44.18, auc@5 76.83
2021-06-09 16:27:06,643:INFO:[Rank-0] train time 43.6925, epoch  27, step  49, loss 1.82876348, auc@1 49.14, auc@5 81.23, share 6, std_loss 0.032141598103073786, pre_std_loss 0.03667585924267769,  1.79746 1.80263 1.78938
2021-06-09 16:27:21,265:INFO:[Rank-0] val time 14.6185, epoch  27, step  30, loss 2.05815691, auc@1 44.82, auc@5 76.89
2021-06-09 16:28:05,607:INFO:[Rank-0] train time 44.2304, epoch  28, step  49, loss 1.78149343, auc@1 50.47, auc@5 82.10, share 15, std_loss 0.04565269287143435, pre_std_loss 0.039301782846450806,  1.81290 1.79292 1.74823
2021-06-09 16:28:20,143:INFO:[Rank-0] val time 14.5340, epoch  28, step  30, loss 2.14138857, auc@1 43.55, auc@5 75.10
2021-06-09 16:29:04,386:INFO:[Rank-0] train time 44.2271, epoch  29, step  49, loss 1.74155939, auc@1 51.63, auc@5 82.79, share 5, std_loss 0.04502411977368958, pre_std_loss 0.03721906989812851,  1.71796 1.71594 1.66219
2021-06-09 16:29:19,125:INFO:[Rank-0] val time 14.7355, epoch  29, step  30, loss 2.03034491, auc@1 47.14, auc@5 78.46
2021-06-09 16:30:02,870:INFO:[Rank-0] train time 43.7195, epoch  30, step  49, loss 1.70589137, auc@1 52.32, auc@5 83.16, share 6, std_loss 0.03817814837532992, pre_std_loss 0.03483937680721283,  1.72007 1.70223 1.70431
2021-06-09 16:30:17,507:INFO:[Rank-0] val time 14.6355, epoch  30, step  30, loss 2.04498461, auc@1 46.19, auc@5 78.40
2021-06-09 16:31:01,018:INFO:[Rank-0] train time 43.4825, epoch  31, step  49, loss 1.66758108, auc@1 53.24, auc@5 83.87, share 6, std_loss 0.046118677802840055, pre_std_loss 0.04036320745944977,  1.62869 1.67137 1.61104
2021-06-09 16:31:15,695:INFO:[Rank-0] val time 14.6737, epoch  31, step  30, loss 1.91538217, auc@1 48.24, auc@5 79.49
2021-06-09 16:31:59,364:INFO:[Rank-0] train time 43.5736, epoch  32, step  49, loss 1.63178134, auc@1 54.27, auc@5 84.60, share 5, std_loss 0.027850352614946967, pre_std_loss 0.027562400326132774,  1.59794 1.59903 1.59978
2021-06-09 16:32:13,927:INFO:[Rank-0] val time 14.5595, epoch  32, step  30, loss 1.91890995, auc@1 47.75, auc@5 79.15
2021-06-09 16:32:58,358:INFO:[Rank-0] train time 44.2691, epoch  33, step  49, loss 1.59454679, auc@1 55.04, auc@5 85.01, share 5, std_loss 0.03330636978605572, pre_std_loss 0.03346332162618637,  1.59480 1.59568 1.56718
2021-06-09 16:33:12,847:INFO:[Rank-0] val time 14.4873, epoch  33, step  30, loss 2.28422607, auc@1 45.86, auc@5 77.35
2021-06-09 16:33:56,823:INFO:[Rank-0] train time 43.9482, epoch  34, step  49, loss 1.54982281, auc@1 55.73, auc@5 85.78, share 5, std_loss 0.021545155886180545, pre_std_loss 0.028829194605350494,  1.52270 1.53006 1.51404
2021-06-09 16:34:11,326:INFO:[Rank-0] val time 14.5011, epoch  34, step  30, loss 2.02554885, auc@1 47.08, auc@5 79.12
2021-06-09 16:34:55,390:INFO:[Rank-0] train time 43.9626, epoch  35, step  49, loss 1.51966453, auc@1 56.94, auc@5 86.24, share 6, std_loss 0.037140095492406766, pre_std_loss 0.029102185741066933,  1.50255 1.52161 1.49584
2021-06-09 16:35:10,247:INFO:[Rank-0] val time 14.8546, epoch  35, step  30, loss 2.02816505, auc@1 47.72, auc@5 78.27
2021-06-09 16:35:55,287:INFO:[Rank-0] train time 45.0129, epoch  36, step  49, loss 1.48929775, auc@1 57.40, auc@5 86.83, share 18, std_loss 0.045939310054693906, pre_std_loss 0.031099962070584297,  1.51283 1.50298 1.45353
2021-06-09 16:36:10,005:INFO:[Rank-0] val time 14.7136, epoch  36, step  30, loss 1.91755484, auc@1 49.18, auc@5 80.51
2021-06-09 16:36:53,726:INFO:[Rank-0] train time 43.6665, epoch  37, step  49, loss 1.45843649, auc@1 58.46, auc@5 87.23, share 6, std_loss 0.039912178656276394, pre_std_loss 0.02932368591427803,  1.47514 1.44592 1.44399
2021-06-09 16:37:08,363:INFO:[Rank-0] val time 14.6351, epoch  37, step  30, loss 1.82850336, auc@1 51.35, auc@5 81.92
2021-06-09 16:37:52,338:INFO:[Rank-0] train time 43.8891, epoch  38, step  49, loss 1.42868185, auc@1 59.08, auc@5 87.58, share 5, std_loss 0.03305849459554468, pre_std_loss 0.0333583764731884,  1.42841 1.40263 1.41036
2021-06-09 16:38:06,862:INFO:[Rank-0] val time 14.5216, epoch  38, step  30, loss 1.78079555, auc@1 52.07, auc@5 82.71
2021-06-09 16:38:51,311:INFO:[Rank-0] train time 44.4316, epoch  39, step  49, loss 1.41877210, auc@1 59.45, auc@5 87.80, share 9, std_loss 0.03455747048161468, pre_std_loss 0.023023633286356926,  1.42220 1.43667 1.39158
2021-06-09 16:39:05,679:INFO:[Rank-0] val time 14.3654, epoch  39, step  30, loss 2.08571088, auc@1 47.13, auc@5 77.66
2021-06-09 16:39:49,991:INFO:[Rank-0] train time 44.3092, epoch  40, step  49, loss 1.38528359, auc@1 60.27, auc@5 88.31, share 7, std_loss 0.013886623849560107, pre_std_loss 0.0035231690853834152,  1.37139 1.36705 1.36617
2021-06-09 16:40:04,800:INFO:[Rank-0] val time 14.8012, epoch  40, step  30, loss 1.96586343, auc@1 50.33, auc@5 79.82
2021-06-09 16:40:48,683:INFO:[Rank-0] train time 43.8607, epoch  41, step  49, loss 1.33638203, auc@1 61.36, auc@5 88.91, share 9, std_loss 0.019461562191801413, pre_std_loss 0.01460404321551323,  1.31042 1.32646 1.31692
2021-06-09 16:41:03,305:INFO:[Rank-0] val time 14.6196, epoch  41, step  30, loss 1.75465191, auc@1 53.65, auc@5 82.61
2021-06-09 16:41:48,952:INFO:[Rank-0] train time 45.4806, epoch  42, step  49, loss 1.32338655, auc@1 61.94, auc@5 89.36, share 9, std_loss 0.04237979141121008, pre_std_loss 0.03766319155693054,  1.31656 1.34188 1.28468
2021-06-09 16:42:03,485:INFO:[Rank-0] val time 14.5307, epoch  42, step  30, loss 1.77359896, auc@1 52.41, auc@5 82.90
2021-06-09 16:42:48,593:INFO:[Rank-0] train time 45.0965, epoch  43, step  49, loss 1.30148602, auc@1 61.92, auc@5 89.60, share 2, std_loss 0.033971594171408485, pre_std_loss 0.023918166756629944,  1.29901 1.32721 1.30194
2021-06-09 16:43:03,148:INFO:[Rank-0] val time 14.5508, epoch  43, step  30, loss 1.80694840, auc@1 52.19, auc@5 82.56
2021-06-09 16:43:46,400:INFO:[Rank-0] train time 43.2497, epoch  44, step  49, loss 1.27064943, auc@1 62.96, auc@5 89.94, share 5, std_loss 0.04369035386005227, pre_std_loss 0.034465692937374115,  1.26789 1.31582 1.27570
2021-06-09 16:44:01,065:INFO:[Rank-0] val time 14.6613, epoch  44, step  30, loss 2.02740470, auc@1 48.28, auc@5 80.34
2021-06-09 16:44:46,319:INFO:[Rank-0] train time 45.2533, epoch  45, step  49, loss 1.21645570, auc@1 64.44, auc@5 90.50, share 27, std_loss 0.035772726700013996, pre_std_loss 0.006772232241928577,  1.22235 1.21884 1.21016
2021-06-09 16:45:00,950:INFO:[Rank-0] val time 14.6256, epoch  45, step  30, loss 1.70846353, auc@1 54.75, auc@5 83.97
2021-06-09 16:45:44,563:INFO:[Rank-0] train time 43.6116, epoch  46, step  49, loss 1.22652221, auc@1 64.46, auc@5 90.53, share 10, std_loss 0.019340013172857617, pre_std_loss 0.01555593404918909,  1.21355 1.22464 1.22157
2021-06-09 16:45:59,117:INFO:[Rank-0] val time 14.5494, epoch  46, step  30, loss 1.67461365, auc@1 55.84, auc@5 84.61
2021-06-09 16:46:42,058:INFO:[Rank-0] train time 42.9395, epoch  47, step  49, loss 1.22132695, auc@1 64.48, auc@5 90.51, share 5, std_loss 0.019155189204885036, pre_std_loss 0.024277927353978157,  1.21797 1.21909 1.21617
2021-06-09 16:46:56,786:INFO:[Rank-0] val time 14.7198, epoch  47, step  30, loss 1.88281521, auc@1 51.49, auc@5 81.39
2021-06-09 16:47:40,377:INFO:[Rank-0] train time 43.5886, epoch  48, step  49, loss 1.19419670, auc@1 65.03, auc@5 91.08, share 13, std_loss 0.03725563537101356, pre_std_loss 0.02238686941564083,  1.18808 1.21805 1.17379
2021-06-09 16:47:55,040:INFO:[Rank-0] val time 14.6592, epoch  48, step  30, loss 1.79402965, auc@1 53.40, auc@5 82.62
2021-06-09 16:48:37,959:INFO:[Rank-0] train time 42.9160, epoch  49, step  49, loss 1.17077661, auc@1 65.88, auc@5 91.19, share 5, std_loss 0.02150381058074382, pre_std_loss 0.017417393624782562,  1.13954 1.13520 1.14762
2021-06-09 16:48:52,581:INFO:[Rank-0] val time 14.6179, epoch  49, step  30, loss 1.78330477, auc@1 53.64, auc@5 82.60
2021-06-09 16:49:35,432:INFO:[Rank-0] train time 42.8485, epoch  50, step  49, loss 1.15646255, auc@1 66.18, auc@5 91.28, share 4, std_loss 0.03674609639814922, pre_std_loss 0.034217968583106995,  1.13965 1.17683 1.13610
2021-06-09 16:49:50,094:INFO:[Rank-0] val time 14.6583, epoch  50, step  30, loss 1.66213795, auc@1 55.94, auc@5 84.57
2021-06-09 16:49:50,095:INFO:[Rank-0] finish, train+val 2936.63323, train 2205.70869, reduce_count 390
