2021-05-23 07:28:27,575:INFO:[Rank-2] args : Namespace(batch=1024, current_time='20210523_011835', dataset='cifar100', epochs=200, ip='192.168.1.1:7548', k=12, loss_std_gap_rate=1.0, lr=0.1, momentum=0.9, name='async2(k=12)', rank=2, scheduler_step=80, train_type='async2', weight_decay=0.005, world=4)
2021-05-23 07:29:05,467:INFO:[Rank-2] train time 35.2940, epoch   1, step  49, loss 5.32620764, auc@1 1.26, auc@5 5.63, share 5, std_loss 0, 
2021-05-23 07:29:20,627:INFO:[Rank-2] val time 15.1560, epoch   1, step  40, loss 4.60880203, auc@1 1.04, auc@5 5.27
2021-05-23 07:29:57,222:INFO:[Rank-2] train time 34.6859, epoch   2, step  49, loss 4.63631392, auc@1 1.84, auc@5 7.77, share 5, std_loss 0, 
2021-05-23 07:30:12,429:INFO:[Rank-2] val time 15.2037, epoch   2, step  40, loss 4.58195476, auc@1 1.82, auc@5 8.57
2021-05-23 07:30:48,829:INFO:[Rank-2] train time 34.7983, epoch   3, step  49, loss 4.39771366, auc@1 3.16, auc@5 13.59, share 5, std_loss 0, 
2021-05-23 07:31:04,069:INFO:[Rank-2] val time 15.2371, epoch   3, step  40, loss 4.40540173, auc@1 2.61, auc@5 12.67
2021-05-23 07:31:40,434:INFO:[Rank-2] train time 34.3643, epoch   4, step  49, loss 4.21225548, auc@1 4.33, auc@5 18.68, share 5, std_loss 0, 
2021-05-23 07:31:55,778:INFO:[Rank-2] val time 15.3407, epoch   4, step  40, loss 4.29547517, auc@1 3.89, auc@5 17.07
2021-05-23 07:32:31,716:INFO:[Rank-2] train time 34.6612, epoch   5, step  49, loss 4.09241676, auc@1 5.42, auc@5 21.96, share 5, std_loss 0, 
2021-05-23 07:32:46,813:INFO:[Rank-2] val time 15.0941, epoch   5, step  40, loss 4.14822035, auc@1 5.19, auc@5 20.22
2021-05-23 07:33:23,379:INFO:[Rank-2] train time 34.5074, epoch   6, step  49, loss 4.01551104, auc@1 6.55, auc@5 24.34, share 5, std_loss 0, 
2021-05-23 07:33:38,702:INFO:[Rank-2] val time 15.3209, epoch   6, step  40, loss 4.15534578, auc@1 5.06, auc@5 20.16
2021-05-23 07:34:15,016:INFO:[Rank-2] train time 34.3309, epoch   7, step  49, loss 3.96234322, auc@1 7.59, auc@5 26.76, share 5, std_loss 0, 
2021-05-23 07:34:30,258:INFO:[Rank-2] val time 15.2396, epoch   7, step  40, loss 4.04531667, auc@1 6.45, auc@5 23.71
2021-05-23 07:35:06,683:INFO:[Rank-2] train time 34.3485, epoch   8, step  49, loss 3.90631366, auc@1 8.49, auc@5 28.83, share 5, std_loss 0, 
2021-05-23 07:35:21,886:INFO:[Rank-2] val time 15.2001, epoch   8, step  40, loss 4.04040358, auc@1 6.97, auc@5 25.16
2021-05-23 07:35:58,400:INFO:[Rank-2] train time 34.4207, epoch   9, step  49, loss 3.84678340, auc@1 9.13, auc@5 30.90, share 5, std_loss 0, 
2021-05-23 07:36:13,638:INFO:[Rank-2] val time 15.2341, epoch   9, step  40, loss 3.90257602, auc@1 8.17, auc@5 29.85
2021-05-23 07:36:50,038:INFO:[Rank-2] train time 34.4076, epoch  10, step  49, loss 3.81052470, auc@1 9.99, auc@5 32.03, share 5, std_loss 0, 
2021-05-23 07:37:05,238:INFO:[Rank-2] val time 15.1972, epoch  10, step  40, loss 4.05746121, auc@1 8.12, auc@5 24.63
2021-05-23 07:37:41,725:INFO:[Rank-2] train time 34.4976, epoch  11, step  49, loss 3.76656747, auc@1 10.41, auc@5 33.23, share 5, std_loss 0, 
2021-05-23 07:37:56,888:INFO:[Rank-2] val time 15.1603, epoch  11, step  40, loss 3.94488216, auc@1 8.62, auc@5 28.57
2021-05-23 07:38:32,990:INFO:[Rank-2] train time 34.5661, epoch  12, step  49, loss 3.73024440, auc@1 11.27, auc@5 35.05, share 5, std_loss 0, 
2021-05-23 07:38:48,198:INFO:[Rank-2] val time 15.2047, epoch  12, step  40, loss 3.72097375, auc@1 11.25, auc@5 34.17
2021-05-23 07:39:25,105:INFO:[Rank-2] train time 34.6200, epoch  13, step  49, loss 3.71225190, auc@1 11.29, auc@5 35.42, share 5, std_loss 0, 
2021-05-23 07:39:40,314:INFO:[Rank-2] val time 15.2067, epoch  13, step  40, loss 3.76323552, auc@1 10.34, auc@5 34.40
2021-05-23 07:40:16,603:INFO:[Rank-2] train time 34.4249, epoch  14, step  49, loss 3.68288445, auc@1 11.75, auc@5 36.20, share 5, std_loss 0, 
2021-05-23 07:40:31,847:INFO:[Rank-2] val time 15.2365, epoch  14, step  40, loss 3.72487053, auc@1 10.65, auc@5 34.93
2021-05-23 07:41:08,041:INFO:[Rank-2] train time 34.4979, epoch  15, step  49, loss 3.65144062, auc@1 12.40, auc@5 37.44, share 5, std_loss 0, 
2021-05-23 07:41:23,286:INFO:[Rank-2] val time 15.2419, epoch  15, step  40, loss 3.88733139, auc@1 9.86, auc@5 29.74
2021-05-23 07:41:59,726:INFO:[Rank-2] train time 34.3805, epoch  16, step  49, loss 3.62226009, auc@1 12.59, auc@5 38.37, share 5, std_loss 0, 
2021-05-23 07:42:14,899:INFO:[Rank-2] val time 15.1701, epoch  16, step  40, loss 3.68517397, auc@1 12.30, auc@5 36.39
2021-05-23 07:42:51,233:INFO:[Rank-2] train time 34.4006, epoch  17, step  49, loss 3.59974074, auc@1 13.38, auc@5 38.99, share 5, std_loss 0, 
2021-05-23 07:43:06,417:INFO:[Rank-2] val time 15.1790, epoch  17, step  40, loss 3.60547404, auc@1 13.56, auc@5 38.52
2021-05-23 07:43:43,137:INFO:[Rank-2] train time 34.3843, epoch  18, step  49, loss 3.57339978, auc@1 13.85, auc@5 39.59, share 5, std_loss 0, 
2021-05-23 07:43:58,359:INFO:[Rank-2] val time 15.2198, epoch  18, step  40, loss 4.34910289, auc@1 8.43, auc@5 27.54
2021-05-23 07:44:34,988:INFO:[Rank-2] train time 34.7633, epoch  19, step  49, loss 3.54100227, auc@1 14.31, auc@5 40.92, share 5, std_loss 0, 
2021-05-23 07:44:50,191:INFO:[Rank-2] val time 15.1998, epoch  19, step  40, loss 3.67447015, auc@1 12.32, auc@5 37.67
2021-05-23 07:45:26,140:INFO:[Rank-2] train time 34.6491, epoch  20, step  49, loss 3.50722218, auc@1 15.18, auc@5 42.10, share 5, std_loss 0, 
2021-05-23 07:45:41,351:INFO:[Rank-2] val time 15.2072, epoch  20, step  40, loss 4.01940289, auc@1 8.14, auc@5 26.28
2021-05-23 07:46:18,062:INFO:[Rank-2] train time 34.3795, epoch  21, step  49, loss 3.50373220, auc@1 14.97, auc@5 41.82, share 5, std_loss 0, 
2021-05-23 07:46:33,308:INFO:[Rank-2] val time 15.2435, epoch  21, step  40, loss 3.90733655, auc@1 10.59, auc@5 33.59
2021-05-23 07:47:09,305:INFO:[Rank-2] train time 34.7331, epoch  22, step  49, loss 3.46044874, auc@1 15.73, auc@5 43.19, share 5, std_loss 0, 
2021-05-23 07:47:24,540:INFO:[Rank-2] val time 15.2320, epoch  22, step  40, loss 3.50831529, auc@1 15.41, auc@5 42.24
2021-05-23 07:48:01,192:INFO:[Rank-2] train time 34.4866, epoch  23, step  49, loss 3.43081784, auc@1 16.37, auc@5 43.91, share 5, std_loss 0, 
2021-05-23 07:48:16,475:INFO:[Rank-2] val time 15.2798, epoch  23, step  40, loss 4.21889046, auc@1 8.95, auc@5 30.69
2021-05-23 07:48:53,041:INFO:[Rank-2] train time 34.3558, epoch  24, step  49, loss 3.42384505, auc@1 16.40, auc@5 44.49, share 5, std_loss 0, 
2021-05-23 07:49:08,336:INFO:[Rank-2] val time 15.2916, epoch  24, step  40, loss 3.88672603, auc@1 11.54, auc@5 34.30
2021-05-23 07:49:44,877:INFO:[Rank-2] train time 34.4602, epoch  25, step  49, loss 3.40289521, auc@1 16.71, auc@5 45.01, share 5, std_loss 0, 
2021-05-23 07:50:00,214:INFO:[Rank-2] val time 15.3347, epoch  25, step  40, loss 3.61499238, auc@1 14.17, auc@5 39.09
2021-05-23 07:50:36,711:INFO:[Rank-2] train time 34.4883, epoch  26, step  49, loss 3.38622355, auc@1 16.96, auc@5 45.29, share 5, std_loss 0, 
2021-05-23 07:50:51,919:INFO:[Rank-2] val time 15.2060, epoch  26, step  40, loss 3.74504574, auc@1 12.83, auc@5 36.18
2021-05-23 07:51:28,161:INFO:[Rank-2] train time 34.5463, epoch  27, step  49, loss 3.36490178, auc@1 17.39, auc@5 45.82, share 5, std_loss 0, 
2021-05-23 07:51:43,367:INFO:[Rank-2] val time 15.2027, epoch  27, step  40, loss 3.48795887, auc@1 15.46, auc@5 42.47
2021-05-23 07:52:19,921:INFO:[Rank-2] train time 34.4682, epoch  28, step  49, loss 3.34385324, auc@1 17.95, auc@5 46.52, share 5, std_loss 0, 
2021-05-23 07:52:35,153:INFO:[Rank-2] val time 15.2289, epoch  28, step  40, loss 3.57523695, auc@1 14.70, auc@5 40.77
2021-05-23 07:53:11,498:INFO:[Rank-2] train time 34.4090, epoch  29, step  49, loss 3.33487964, auc@1 17.81, auc@5 46.83, share 5, std_loss 0, 
2021-05-23 07:53:26,640:INFO:[Rank-2] val time 15.1362, epoch  29, step  40, loss 4.19623129, auc@1 8.31, auc@5 30.25
2021-05-23 07:54:02,969:INFO:[Rank-2] train time 34.4981, epoch  30, step  49, loss 3.30703259, auc@1 18.60, auc@5 47.79, share 5, std_loss 0, 
2021-05-23 07:54:18,138:INFO:[Rank-2] val time 15.1661, epoch  30, step  40, loss 3.72276809, auc@1 12.31, auc@5 36.42
2021-05-23 07:54:54,227:INFO:[Rank-2] train time 34.5089, epoch  31, step  49, loss 3.30269885, auc@1 18.53, auc@5 47.93, share 5, std_loss 0, 
2021-05-23 07:55:09,398:INFO:[Rank-2] val time 15.1682, epoch  31, step  40, loss 3.44971756, auc@1 15.64, auc@5 42.48
2021-05-23 07:55:45,512:INFO:[Rank-2] train time 34.5893, epoch  32, step  49, loss 3.28965402, auc@1 18.56, auc@5 48.09, share 5, std_loss 0, 
2021-05-23 07:56:00,678:INFO:[Rank-2] val time 15.1642, epoch  32, step  40, loss 3.61241669, auc@1 13.88, auc@5 39.68
2021-05-23 07:56:37,241:INFO:[Rank-2] train time 34.4969, epoch  33, step  49, loss 3.27704000, auc@1 18.94, auc@5 48.69, share 5, std_loss 0, 
2021-05-23 07:56:52,419:INFO:[Rank-2] val time 15.1760, epoch  33, step  40, loss 3.47389220, auc@1 14.90, auc@5 43.74
2021-05-23 07:57:29,184:INFO:[Rank-2] train time 34.6691, epoch  34, step  49, loss 3.26091290, auc@1 19.12, auc@5 48.89, share 5, std_loss 0, 
2021-05-23 07:57:44,400:INFO:[Rank-2] val time 15.2134, epoch  34, step  40, loss 3.95668494, auc@1 11.87, auc@5 32.97
2021-05-23 07:58:20,648:INFO:[Rank-2] train time 34.2917, epoch  35, step  49, loss 3.24997497, auc@1 19.56, auc@5 49.20, share 5, std_loss 0, 
2021-05-23 07:58:35,860:INFO:[Rank-2] val time 15.2098, epoch  35, step  40, loss 3.51106043, auc@1 15.35, auc@5 41.12
2021-05-23 07:59:12,284:INFO:[Rank-2] train time 34.5427, epoch  36, step  49, loss 3.25421262, auc@1 19.58, auc@5 49.30, share 5, std_loss 0, 
2021-05-23 07:59:27,510:INFO:[Rank-2] val time 15.2225, epoch  36, step  40, loss 4.62615394, auc@1 7.97, auc@5 26.07
2021-05-23 08:00:04,218:INFO:[Rank-2] train time 34.5091, epoch  37, step  49, loss 3.22958255, auc@1 19.99, auc@5 49.86, share 5, std_loss 0, 
2021-05-23 08:00:19,333:INFO:[Rank-2] val time 15.1125, epoch  37, step  40, loss 4.00313161, auc@1 11.74, auc@5 34.91
2021-05-23 08:00:55,808:INFO:[Rank-2] train time 34.4118, epoch  38, step  49, loss 3.23438621, auc@1 19.93, auc@5 49.68, share 5, std_loss 0, 
2021-05-23 08:01:11,041:INFO:[Rank-2] val time 15.2294, epoch  38, step  40, loss 3.37172453, auc@1 16.60, auc@5 45.47
2021-05-23 08:01:47,247:INFO:[Rank-2] train time 34.3510, epoch  39, step  49, loss 3.20543623, auc@1 20.11, auc@5 50.56, share 5, std_loss 0, 
2021-05-23 08:02:02,404:INFO:[Rank-2] val time 15.1546, epoch  39, step  40, loss 3.66643391, auc@1 14.28, auc@5 38.84
2021-05-23 08:02:38,684:INFO:[Rank-2] train time 34.3045, epoch  40, step  49, loss 3.20478868, auc@1 20.55, auc@5 50.64, share 5, std_loss 0, 
2021-05-23 08:02:53,870:INFO:[Rank-2] val time 15.1834, epoch  40, step  40, loss 3.79981383, auc@1 13.41, auc@5 37.55
2021-05-23 08:03:30,595:INFO:[Rank-2] train time 34.3297, epoch  41, step  49, loss 3.20093346, auc@1 20.36, auc@5 50.86, share 5, std_loss 0, 
2021-05-23 08:03:45,787:INFO:[Rank-2] val time 15.1891, epoch  41, step  40, loss 3.81307242, auc@1 12.74, auc@5 35.36
2021-05-23 08:04:22,240:INFO:[Rank-2] train time 34.5700, epoch  42, step  49, loss 3.18667555, auc@1 20.67, auc@5 51.33, share 5, std_loss 0, 
2021-05-23 08:04:37,431:INFO:[Rank-2] val time 15.1882, epoch  42, step  40, loss 3.86000411, auc@1 11.94, auc@5 33.72
2021-05-23 08:05:13,264:INFO:[Rank-2] train time 34.4455, epoch  43, step  49, loss 3.19253063, auc@1 20.62, auc@5 50.82, share 5, std_loss 0, 
2021-05-23 08:05:28,382:INFO:[Rank-2] val time 15.1147, epoch  43, step  40, loss 3.85539596, auc@1 12.27, auc@5 37.82
2021-05-23 08:06:04,458:INFO:[Rank-2] train time 34.3343, epoch  44, step  49, loss 3.18410873, auc@1 20.76, auc@5 51.34, share 5, std_loss 0, 
2021-05-23 08:06:19,703:INFO:[Rank-2] val time 15.2425, epoch  44, step  40, loss 3.65961904, auc@1 13.75, auc@5 38.94
2021-05-23 08:06:55,918:INFO:[Rank-2] train time 34.4864, epoch  45, step  49, loss 3.16420817, auc@1 21.04, auc@5 51.77, share 5, std_loss 0, 
2021-05-23 08:07:11,094:INFO:[Rank-2] val time 15.1727, epoch  45, step  40, loss 9.55278924, auc@1 1.47, auc@5 8.27
2021-05-23 08:07:47,417:INFO:[Rank-2] train time 34.6038, epoch  46, step  49, loss 3.14974689, auc@1 21.56, auc@5 52.49, share 5, std_loss 0, 
2021-05-23 08:08:02,598:INFO:[Rank-2] val time 15.1781, epoch  46, step  40, loss 4.29068228, auc@1 8.14, auc@5 27.27
2021-05-23 08:08:38,691:INFO:[Rank-2] train time 34.3981, epoch  47, step  49, loss 3.16104555, auc@1 21.38, auc@5 52.07, share 5, std_loss 0, 
2021-05-23 08:08:53,936:INFO:[Rank-2] val time 15.2429, epoch  47, step  40, loss 4.00443936, auc@1 10.78, auc@5 33.49
2021-05-23 08:09:30,122:INFO:[Rank-2] train time 34.3343, epoch  48, step  49, loss 3.15443158, auc@1 21.22, auc@5 52.09, share 5, std_loss 0, 
2021-05-23 08:09:45,309:INFO:[Rank-2] val time 15.1837, epoch  48, step  40, loss 4.03278817, auc@1 12.59, auc@5 34.82
2021-05-23 08:10:22,214:INFO:[Rank-2] train time 34.4681, epoch  49, step  49, loss 3.13172054, auc@1 21.61, auc@5 52.67, share 5, std_loss 0, 
2021-05-23 08:10:37,431:INFO:[Rank-2] val time 15.2134, epoch  49, step  40, loss 3.68661520, auc@1 12.71, auc@5 36.92
2021-05-23 08:11:14,188:INFO:[Rank-2] train time 34.5226, epoch  50, step  49, loss 3.14054966, auc@1 21.41, auc@5 52.60, share 5, std_loss 0, 
2021-05-23 08:11:29,352:INFO:[Rank-2] val time 15.1613, epoch  50, step  40, loss 3.45364374, auc@1 16.29, auc@5 44.27
2021-05-23 08:12:05,782:INFO:[Rank-2] train time 34.3571, epoch  51, step  49, loss 3.13638306, auc@1 21.64, auc@5 52.55, share 5, std_loss 0, 
2021-05-23 08:12:20,982:INFO:[Rank-2] val time 15.1979, epoch  51, step  40, loss 5.37102353, auc@1 5.74, auc@5 21.13
2021-05-23 08:12:57,488:INFO:[Rank-2] train time 34.4481, epoch  52, step  49, loss 3.11934614, auc@1 22.00, auc@5 52.97, share 5, std_loss 0, 
2021-05-23 08:13:12,697:INFO:[Rank-2] val time 15.2063, epoch  52, step  40, loss 3.86248302, auc@1 13.28, auc@5 35.01
2021-05-23 08:13:49,182:INFO:[Rank-2] train time 34.3599, epoch  53, step  49, loss 3.11506534, auc@1 21.96, auc@5 53.13, share 5, std_loss 0, 
2021-05-23 08:14:04,369:INFO:[Rank-2] val time 15.1831, epoch  53, step  40, loss 3.87592475, auc@1 11.08, auc@5 33.70
2021-05-23 08:14:41,113:INFO:[Rank-2] train time 34.5365, epoch  54, step  49, loss 3.12188315, auc@1 21.94, auc@5 52.72, share 5, std_loss 0, 
2021-05-23 08:14:56,335:INFO:[Rank-2] val time 15.2182, epoch  54, step  40, loss 3.34885748, auc@1 19.13, auc@5 48.36
2021-05-23 08:15:32,759:INFO:[Rank-2] train time 34.4974, epoch  55, step  49, loss 3.11856413, auc@1 22.11, auc@5 53.19, share 5, std_loss 0, 
2021-05-23 08:15:47,998:INFO:[Rank-2] val time 15.2363, epoch  55, step  40, loss 4.08892097, auc@1 9.89, auc@5 31.89
2021-05-23 08:16:24,601:INFO:[Rank-2] train time 34.5530, epoch  56, step  49, loss 3.09021187, auc@1 22.32, auc@5 54.01, share 5, std_loss 0, 
2021-05-23 08:16:39,803:INFO:[Rank-2] val time 15.1989, epoch  56, step  40, loss 4.15994112, auc@1 10.43, auc@5 33.23
2021-05-23 08:17:15,897:INFO:[Rank-2] train time 34.4597, epoch  57, step  49, loss 3.09899998, auc@1 22.48, auc@5 53.57, share 5, std_loss 0, 
2021-05-23 08:17:31,105:INFO:[Rank-2] val time 15.2056, epoch  57, step  40, loss 4.04531662, auc@1 11.10, auc@5 32.84
2021-05-23 08:18:07,210:INFO:[Rank-2] train time 34.5503, epoch  58, step  49, loss 3.10750103, auc@1 22.19, auc@5 53.33, share 5, std_loss 0, 
2021-05-23 08:18:22,411:INFO:[Rank-2] val time 15.1993, epoch  58, step  40, loss 3.46857154, auc@1 16.47, auc@5 44.55
2021-05-23 08:18:59,237:INFO:[Rank-2] train time 34.6384, epoch  59, step  49, loss 3.09041095, auc@1 22.31, auc@5 53.69, share 5, std_loss 0, 
2021-05-23 08:19:14,441:INFO:[Rank-2] val time 15.2014, epoch  59, step  40, loss 3.25854244, auc@1 18.63, auc@5 48.29
2021-05-23 08:19:51,013:INFO:[Rank-2] train time 34.6738, epoch  60, step  49, loss 3.06885600, auc@1 22.87, auc@5 54.30, share 5, std_loss 0, 
2021-05-23 08:20:06,234:INFO:[Rank-2] val time 15.2173, epoch  60, step  40, loss 3.62448893, auc@1 15.29, auc@5 40.59
2021-05-23 08:20:42,687:INFO:[Rank-2] train time 34.3721, epoch  61, step  49, loss 3.07180572, auc@1 22.84, auc@5 54.36, share 5, std_loss 0, 
2021-05-23 08:20:57,900:INFO:[Rank-2] val time 15.2096, epoch  61, step  40, loss 3.87036973, auc@1 12.40, auc@5 36.41
2021-05-23 08:21:34,542:INFO:[Rank-2] train time 34.3114, epoch  62, step  49, loss 3.07075882, auc@1 22.90, auc@5 54.43, share 5, std_loss 0, 
2021-05-23 08:21:49,680:INFO:[Rank-2] val time 15.1349, epoch  62, step  40, loss 4.08038706, auc@1 10.77, auc@5 29.85
2021-05-23 08:22:26,454:INFO:[Rank-2] train time 34.6222, epoch  63, step  49, loss 3.05793977, auc@1 23.22, auc@5 54.66, share 5, std_loss 0, 
2021-05-23 08:22:41,665:INFO:[Rank-2] val time 15.2088, epoch  63, step  40, loss 3.62586072, auc@1 14.82, auc@5 41.15
2021-05-23 08:23:17,943:INFO:[Rank-2] train time 34.3663, epoch  64, step  49, loss 3.06191301, auc@1 22.95, auc@5 54.51, share 5, std_loss 0, 
2021-05-23 08:23:33,213:INFO:[Rank-2] val time 15.2646, epoch  64, step  40, loss 3.32346082, auc@1 17.71, auc@5 46.94
2021-05-23 08:24:09,646:INFO:[Rank-2] train time 34.5063, epoch  65, step  49, loss 3.06197381, auc@1 23.21, auc@5 54.71, share 5, std_loss 0, 
2021-05-23 08:24:24,875:INFO:[Rank-2] val time 15.2232, epoch  65, step  40, loss 4.65085689, auc@1 8.74, auc@5 27.41
2021-05-23 08:25:00,862:INFO:[Rank-2] train time 34.4473, epoch  66, step  49, loss 3.04685521, auc@1 23.58, auc@5 54.95, share 5, std_loss 0, 
2021-05-23 08:25:15,996:INFO:[Rank-2] val time 15.1310, epoch  66, step  40, loss 5.28038194, auc@1 7.64, auc@5 23.81
2021-05-23 08:25:51,991:INFO:[Rank-2] train time 34.4956, epoch  67, step  49, loss 3.05898309, auc@1 23.00, auc@5 54.78, share 5, std_loss 0, 
2021-05-23 08:26:07,251:INFO:[Rank-2] val time 15.2550, epoch  67, step  40, loss 3.44425275, auc@1 16.76, auc@5 43.77
2021-05-23 08:26:43,675:INFO:[Rank-2] train time 34.4791, epoch  68, step  49, loss 3.05451751, auc@1 23.31, auc@5 54.77, share 5, std_loss 0, 
2021-05-23 08:26:58,923:INFO:[Rank-2] val time 15.2439, epoch  68, step  40, loss 4.12801984, auc@1 11.54, auc@5 31.92
2021-05-23 08:27:35,251:INFO:[Rank-2] train time 34.5153, epoch  69, step  49, loss 3.04928303, auc@1 23.28, auc@5 55.05, share 5, std_loss 0, 
2021-05-23 08:27:50,462:INFO:[Rank-2] val time 15.2078, epoch  69, step  40, loss 3.88393747, auc@1 13.09, auc@5 38.09
2021-05-23 08:28:27,108:INFO:[Rank-2] train time 34.3997, epoch  70, step  49, loss 3.04447913, auc@1 23.31, auc@5 54.80, share 5, std_loss 0, 
2021-05-23 08:28:42,309:INFO:[Rank-2] val time 15.1955, epoch  70, step  40, loss 3.73131732, auc@1 13.94, auc@5 37.99
2021-05-23 08:29:18,623:INFO:[Rank-2] train time 34.5207, epoch  71, step  49, loss 3.04470348, auc@1 23.37, auc@5 55.18, share 5, std_loss 0, 
2021-05-23 08:29:33,776:INFO:[Rank-2] val time 15.1498, epoch  71, step  40, loss 4.25825280, auc@1 9.08, auc@5 29.16
2021-05-23 08:30:10,266:INFO:[Rank-2] train time 34.3986, epoch  72, step  49, loss 3.03816748, auc@1 23.60, auc@5 55.41, share 5, std_loss 0, 
2021-05-23 08:30:25,441:INFO:[Rank-2] val time 15.1727, epoch  72, step  40, loss 4.99493379, auc@1 7.40, auc@5 21.65
2021-05-23 08:31:02,520:INFO:[Rank-2] train time 34.4383, epoch  73, step  49, loss 3.04707551, auc@1 23.37, auc@5 55.30, share 5, std_loss 0, 
2021-05-23 08:31:17,742:INFO:[Rank-2] val time 15.2188, epoch  73, step  40, loss 3.99627158, auc@1 14.22, auc@5 36.30
2021-05-23 08:31:53,866:INFO:[Rank-2] train time 34.5994, epoch  74, step  49, loss 3.04119682, auc@1 23.55, auc@5 55.06, share 5, std_loss 0, 
2021-05-23 08:32:09,194:INFO:[Rank-2] val time 15.3247, epoch  74, step  40, loss 3.79041362, auc@1 14.77, auc@5 37.61
2021-05-23 08:32:45,649:INFO:[Rank-2] train time 34.5667, epoch  75, step  49, loss 3.03123903, auc@1 23.61, auc@5 55.65, share 5, std_loss 0, 
2021-05-23 08:33:00,805:INFO:[Rank-2] val time 15.1537, epoch  75, step  40, loss 5.00576399, auc@1 5.74, auc@5 20.63
2021-05-23 08:33:36,921:INFO:[Rank-2] train time 34.5089, epoch  76, step  49, loss 3.04223752, auc@1 23.40, auc@5 55.50, share 5, std_loss 0, 
2021-05-23 08:33:52,223:INFO:[Rank-2] val time 15.2991, epoch  76, step  40, loss 3.70250924, auc@1 13.90, auc@5 40.91
2021-05-23 08:34:28,736:INFO:[Rank-2] train time 34.4781, epoch  77, step  49, loss 3.02317619, auc@1 23.82, auc@5 55.68, share 5, std_loss 0, 
2021-05-23 08:34:43,901:INFO:[Rank-2] val time 15.1572, epoch  77, step  40, loss 3.30344595, auc@1 19.06, auc@5 49.13
2021-05-23 08:35:20,111:INFO:[Rank-2] train time 34.7400, epoch  78, step  49, loss 3.04849195, auc@1 23.40, auc@5 55.15, share 5, std_loss 0, 
2021-05-23 08:35:35,361:INFO:[Rank-2] val time 15.2462, epoch  78, step  40, loss 4.34312917, auc@1 10.77, auc@5 33.12
2021-05-23 08:36:11,166:INFO:[Rank-2] train time 34.5474, epoch  79, step  49, loss 3.04004717, auc@1 23.52, auc@5 55.28, share 5, std_loss 0, 
2021-05-23 08:36:26,332:INFO:[Rank-2] val time 15.1626, epoch  79, step  40, loss 3.93671175, auc@1 14.68, auc@5 40.08
2021-05-23 08:37:02,776:INFO:[Rank-2] train time 34.1996, epoch  80, step  49, loss 3.02022648, auc@1 23.63, auc@5 55.75, share 5, std_loss 0, 
2021-05-23 08:37:17,971:INFO:[Rank-2] val time 15.1907, epoch  80, step  40, loss 3.49387025, auc@1 17.39, auc@5 44.54
2021-05-23 08:37:54,513:INFO:[Rank-2] train time 34.4703, epoch  81, step  49, loss 2.75080156, auc@1 29.90, auc@5 62.63, share 5, std_loss 0, 
2021-05-23 08:38:09,825:INFO:[Rank-2] val time 15.3052, epoch  81, step  40, loss 2.54015135, auc@1 33.97, auc@5 67.62
2021-05-23 08:38:46,296:INFO:[Rank-2] train time 34.4578, epoch  82, step  49, loss 2.57234383, auc@1 33.73, auc@5 67.32, share 5, std_loss 0, 
2021-05-23 08:39:01,487:INFO:[Rank-2] val time 15.1875, epoch  82, step  40, loss 2.48288155, auc@1 34.42, auc@5 68.39
2021-05-23 08:39:37,491:INFO:[Rank-2] train time 34.4676, epoch  83, step  49, loss 2.50498319, auc@1 34.95, auc@5 68.82, share 5, std_loss 0, 
2021-05-23 08:39:52,723:INFO:[Rank-2] val time 15.2287, epoch  83, step  40, loss 2.43458235, auc@1 36.34, auc@5 69.41
2021-05-23 08:40:28,740:INFO:[Rank-2] train time 34.3762, epoch  84, step  49, loss 2.45796895, auc@1 36.08, auc@5 69.59, share 5, std_loss 0, 
2021-05-23 08:40:43,872:INFO:[Rank-2] val time 15.1290, epoch  84, step  40, loss 2.37010173, auc@1 37.00, auc@5 70.50
2021-05-23 08:41:21,328:INFO:[Rank-2] train time 34.4148, epoch  85, step  49, loss 2.42248368, auc@1 36.52, auc@5 70.33, share 5, std_loss 0, 
2021-05-23 08:41:36,521:INFO:[Rank-2] val time 15.1899, epoch  85, step  40, loss 2.32507733, auc@1 38.80, auc@5 71.53
2021-05-23 08:42:12,864:INFO:[Rank-2] train time 34.6397, epoch  86, step  49, loss 2.39220500, auc@1 37.35, auc@5 70.69, share 5, std_loss 0, 
2021-05-23 08:42:28,059:INFO:[Rank-2] val time 15.1917, epoch  86, step  40, loss 2.43639510, auc@1 35.97, auc@5 68.66
2021-05-23 08:43:04,758:INFO:[Rank-2] train time 34.3846, epoch  87, step  49, loss 2.37321424, auc@1 37.54, auc@5 71.17, share 5, std_loss 0, 
2021-05-23 08:43:19,980:INFO:[Rank-2] val time 15.2186, epoch  87, step  40, loss 2.34579246, auc@1 37.78, auc@5 70.94
2021-05-23 08:43:56,724:INFO:[Rank-2] train time 34.5723, epoch  88, step  49, loss 2.35610461, auc@1 38.02, auc@5 71.57, share 5, std_loss 0, 
2021-05-23 08:44:11,881:INFO:[Rank-2] val time 15.1538, epoch  88, step  40, loss 2.35496743, auc@1 37.92, auc@5 70.97
2021-05-23 08:44:47,940:INFO:[Rank-2] train time 34.5249, epoch  89, step  49, loss 2.33700132, auc@1 38.42, auc@5 71.85, share 5, std_loss 0, 
2021-05-23 08:45:03,134:INFO:[Rank-2] val time 15.1910, epoch  89, step  40, loss 2.48299650, auc@1 35.35, auc@5 67.15
2021-05-23 08:45:40,202:INFO:[Rank-2] train time 34.3055, epoch  90, step  49, loss 2.31193089, auc@1 39.29, auc@5 72.58, share 5, std_loss 0, 
2021-05-23 08:45:55,425:INFO:[Rank-2] val time 15.2201, epoch  90, step  40, loss 2.27272040, auc@1 38.53, auc@5 72.25
2021-05-23 08:46:32,523:INFO:[Rank-2] train time 34.5673, epoch  91, step  49, loss 2.29649901, auc@1 39.40, auc@5 72.84, share 5, std_loss 0, 
2021-05-23 08:46:47,739:INFO:[Rank-2] val time 15.2123, epoch  91, step  40, loss 2.26548587, auc@1 39.60, auc@5 72.42
2021-05-23 08:47:23,668:INFO:[Rank-2] train time 34.6011, epoch  92, step  49, loss 2.28052831, auc@1 39.75, auc@5 73.16, share 5, std_loss 0, 
2021-05-23 08:47:38,869:INFO:[Rank-2] val time 15.1969, epoch  92, step  40, loss 2.34487607, auc@1 38.02, auc@5 71.04
2021-05-23 08:48:15,302:INFO:[Rank-2] train time 34.3584, epoch  93, step  49, loss 2.27221131, auc@1 39.73, auc@5 73.24, share 5, std_loss 0, 
2021-05-23 08:48:30,462:INFO:[Rank-2] val time 15.1573, epoch  93, step  40, loss 2.38363737, auc@1 37.15, auc@5 70.64
2021-05-23 08:49:06,845:INFO:[Rank-2] train time 34.4736, epoch  94, step  49, loss 2.25641036, auc@1 40.54, auc@5 73.48, share 5, std_loss 0, 
2021-05-23 08:49:22,081:INFO:[Rank-2] val time 15.2334, epoch  94, step  40, loss 2.33105798, auc@1 38.50, auc@5 70.90
2021-05-23 08:49:58,496:INFO:[Rank-2] train time 34.6516, epoch  95, step  49, loss 2.24911475, auc@1 40.43, auc@5 73.85, share 5, std_loss 0, 
2021-05-23 08:50:13,670:INFO:[Rank-2] val time 15.1713, epoch  95, step  40, loss 2.35875400, auc@1 37.41, auc@5 70.83
2021-05-23 08:50:50,373:INFO:[Rank-2] train time 34.4357, epoch  96, step  49, loss 2.23242068, auc@1 41.10, auc@5 73.99, share 5, std_loss 0, 
2021-05-23 08:51:05,636:INFO:[Rank-2] val time 15.2599, epoch  96, step  40, loss 2.21796950, auc@1 40.66, auc@5 73.70
2021-05-23 08:51:42,252:INFO:[Rank-2] train time 34.7255, epoch  97, step  49, loss 2.23038721, auc@1 41.15, auc@5 74.05, share 5, std_loss 0, 
2021-05-23 08:51:57,438:INFO:[Rank-2] val time 15.1832, epoch  97, step  40, loss 2.22423910, auc@1 40.89, auc@5 73.46
2021-05-23 08:52:33,690:INFO:[Rank-2] train time 34.6541, epoch  98, step  49, loss 2.22480059, auc@1 41.18, auc@5 74.31, share 5, std_loss 0, 
2021-05-23 08:52:48,883:INFO:[Rank-2] val time 15.1900, epoch  98, step  40, loss 2.58977886, auc@1 32.83, auc@5 64.93
2021-05-23 08:53:25,072:INFO:[Rank-2] train time 34.4742, epoch  99, step  49, loss 2.21118426, auc@1 41.43, auc@5 74.29, share 5, std_loss 0, 
2021-05-23 08:53:40,282:INFO:[Rank-2] val time 15.2030, epoch  99, step  40, loss 2.65994193, auc@1 31.69, auc@5 64.11
2021-05-23 08:54:16,251:INFO:[Rank-2] train time 34.5306, epoch 100, step  49, loss 2.19845557, auc@1 41.77, auc@5 75.00, share 5, std_loss 0, 
2021-05-23 08:54:31,396:INFO:[Rank-2] val time 15.1374, epoch 100, step  40, loss 2.64906967, auc@1 32.43, auc@5 63.52
2021-05-23 08:55:07,820:INFO:[Rank-2] train time 34.4947, epoch 101, step  49, loss 2.19036555, auc@1 41.88, auc@5 74.74, share 5, std_loss 0, 
2021-05-23 08:55:22,920:INFO:[Rank-2] val time 15.0973, epoch 101, step  40, loss 2.45990419, auc@1 35.53, auc@5 68.31
2021-05-23 08:55:59,486:INFO:[Rank-2] train time 34.7179, epoch 102, step  49, loss 2.19066095, auc@1 41.97, auc@5 74.91, share 5, std_loss 0, 
2021-05-23 08:56:14,701:INFO:[Rank-2] val time 15.2111, epoch 102, step  40, loss 2.25685747, auc@1 40.00, auc@5 72.64
2021-05-23 08:56:51,198:INFO:[Rank-2] train time 34.5658, epoch 103, step  49, loss 2.16750050, auc@1 42.65, auc@5 75.39, share 5, std_loss 0, 
2021-05-23 08:57:06,333:INFO:[Rank-2] val time 15.1327, epoch 103, step  40, loss 2.35620640, auc@1 38.44, auc@5 69.64
2021-05-23 08:57:42,601:INFO:[Rank-2] train time 34.4983, epoch 104, step  49, loss 2.16444254, auc@1 42.79, auc@5 75.50, share 5, std_loss 0, 
2021-05-23 08:57:57,899:INFO:[Rank-2] val time 15.2948, epoch 104, step  40, loss 2.39272269, auc@1 37.31, auc@5 69.70
2021-05-23 08:58:34,507:INFO:[Rank-2] train time 34.4707, epoch 105, step  49, loss 2.16095281, auc@1 42.85, auc@5 75.53, share 5, std_loss 0, 
2021-05-23 08:58:49,741:INFO:[Rank-2] val time 15.2277, epoch 105, step  40, loss 2.20270967, auc@1 41.49, auc@5 73.80
2021-05-23 08:59:26,110:INFO:[Rank-2] train time 34.6913, epoch 106, step  49, loss 2.15914249, auc@1 42.78, auc@5 75.53, share 5, std_loss 0, 
2021-05-23 08:59:41,336:INFO:[Rank-2] val time 15.2230, epoch 106, step  40, loss 2.24335948, auc@1 40.03, auc@5 72.76
2021-05-23 09:00:17,690:INFO:[Rank-2] train time 34.4957, epoch 107, step  49, loss 2.15578580, auc@1 42.53, auc@5 75.76, share 5, std_loss 0, 
2021-05-23 09:00:32,972:INFO:[Rank-2] val time 15.2746, epoch 107, step  40, loss 2.42534615, auc@1 37.03, auc@5 68.72
2021-05-23 09:01:09,093:INFO:[Rank-2] train time 34.4299, epoch 108, step  49, loss 2.13431120, auc@1 43.48, auc@5 76.08, share 5, std_loss 0, 
2021-05-23 09:01:24,291:INFO:[Rank-2] val time 15.1948, epoch 108, step  40, loss 2.24863431, auc@1 40.32, auc@5 72.55
2021-05-23 09:02:00,741:INFO:[Rank-2] train time 34.4190, epoch 109, step  49, loss 2.11898160, auc@1 43.58, auc@5 76.46, share 5, std_loss 0, 
2021-05-23 09:02:15,977:INFO:[Rank-2] val time 15.2335, epoch 109, step  40, loss 2.20904604, auc@1 41.12, auc@5 73.57
2021-05-23 09:02:53,209:INFO:[Rank-2] train time 34.5615, epoch 110, step  49, loss 2.11766720, auc@1 43.79, auc@5 76.18, share 5, std_loss 0, 
2021-05-23 09:03:08,398:INFO:[Rank-2] val time 15.1864, epoch 110, step  40, loss 2.53887923, auc@1 35.10, auc@5 66.59
2021-05-23 09:03:44,680:INFO:[Rank-2] train time 34.5426, epoch 111, step  49, loss 2.10643768, auc@1 44.28, auc@5 76.56, share 5, std_loss 0, 
2021-05-23 09:03:59,924:INFO:[Rank-2] val time 15.2415, epoch 111, step  40, loss 2.25538241, auc@1 40.14, auc@5 72.93
2021-05-23 09:04:36,462:INFO:[Rank-2] train time 34.6209, epoch 112, step  49, loss 2.09706759, auc@1 44.31, auc@5 76.64, share 5, std_loss 0, 
2021-05-23 09:04:51,703:INFO:[Rank-2] val time 15.2377, epoch 112, step  40, loss 2.33665496, auc@1 39.47, auc@5 70.94
2021-05-23 09:05:27,657:INFO:[Rank-2] train time 34.8070, epoch 113, step  49, loss 2.09106541, auc@1 44.65, auc@5 76.99, share 5, std_loss 0, 
2021-05-23 09:05:42,786:INFO:[Rank-2] val time 15.1267, epoch 113, step  40, loss 2.33249884, auc@1 38.62, auc@5 70.86
2021-05-23 09:06:19,381:INFO:[Rank-2] train time 34.2884, epoch 114, step  49, loss 2.08316278, auc@1 44.81, auc@5 76.92, share 5, std_loss 0, 
2021-05-23 09:06:34,563:INFO:[Rank-2] val time 15.1782, epoch 114, step  40, loss 2.79370640, auc@1 30.06, auc@5 61.81
2021-05-23 09:07:10,944:INFO:[Rank-2] train time 34.4100, epoch 115, step  49, loss 2.07196307, auc@1 44.96, auc@5 77.48, share 5, std_loss 0, 
2021-05-23 09:07:26,188:INFO:[Rank-2] val time 15.2419, epoch 115, step  40, loss 2.24200304, auc@1 40.35, auc@5 73.22
2021-05-23 09:08:02,574:INFO:[Rank-2] train time 34.5459, epoch 116, step  49, loss 2.06270552, auc@1 45.18, auc@5 77.53, share 5, std_loss 0, 
2021-05-23 09:08:17,807:INFO:[Rank-2] val time 15.2298, epoch 116, step  40, loss 2.16129513, auc@1 42.16, auc@5 75.06
2021-05-23 09:08:54,040:INFO:[Rank-2] train time 34.6649, epoch 117, step  49, loss 2.05057311, auc@1 45.46, auc@5 77.79, share 5, std_loss 0, 
2021-05-23 09:09:09,231:INFO:[Rank-2] val time 15.1885, epoch 117, step  40, loss 2.41058157, auc@1 37.97, auc@5 69.24
2021-05-23 09:09:45,538:INFO:[Rank-2] train time 34.5001, epoch 118, step  49, loss 2.05183792, auc@1 45.32, auc@5 77.76, share 5, std_loss 0, 
2021-05-23 09:10:00,754:INFO:[Rank-2] val time 15.2125, epoch 118, step  40, loss 2.23748504, auc@1 40.91, auc@5 73.17
2021-05-23 09:10:37,463:INFO:[Rank-2] train time 34.5068, epoch 119, step  49, loss 2.04278874, auc@1 45.67, auc@5 77.78, share 5, std_loss 0, 
2021-05-23 09:10:52,684:INFO:[Rank-2] val time 15.2179, epoch 119, step  40, loss 2.28849868, auc@1 40.27, auc@5 71.67
2021-05-23 09:11:28,723:INFO:[Rank-2] train time 34.5237, epoch 120, step  49, loss 2.03133035, auc@1 46.22, auc@5 78.08, share 5, std_loss 0, 
2021-05-23 09:11:43,908:INFO:[Rank-2] val time 15.1796, epoch 120, step  40, loss 2.20587415, auc@1 41.50, auc@5 73.99
2021-05-23 09:12:20,400:INFO:[Rank-2] train time 34.4994, epoch 121, step  49, loss 2.01993561, auc@1 46.46, auc@5 78.28, share 5, std_loss 0, 
2021-05-23 09:12:35,606:INFO:[Rank-2] val time 15.2030, epoch 121, step  40, loss 2.34325948, auc@1 39.11, auc@5 70.75
2021-05-23 09:13:11,763:INFO:[Rank-2] train time 34.5727, epoch 122, step  49, loss 2.01267791, auc@1 46.45, auc@5 78.50, share 5, std_loss 0, 
2021-05-23 09:13:27,005:INFO:[Rank-2] val time 15.2366, epoch 122, step  40, loss 2.22795776, auc@1 40.49, auc@5 73.59
2021-05-23 09:14:02,915:INFO:[Rank-2] train time 34.6922, epoch 123, step  49, loss 2.00649214, auc@1 46.41, auc@5 78.73, share 5, std_loss 0, 
2021-05-23 09:14:18,244:INFO:[Rank-2] val time 15.3252, epoch 123, step  40, loss 2.30055676, auc@1 39.91, auc@5 71.81
2021-05-23 09:14:55,108:INFO:[Rank-2] train time 34.5499, epoch 124, step  49, loss 1.99764848, auc@1 46.89, auc@5 78.62, share 5, std_loss 0, 
2021-05-23 09:15:10,369:INFO:[Rank-2] val time 15.2578, epoch 124, step  40, loss 2.13342368, auc@1 43.34, auc@5 75.88
2021-05-23 09:15:46,824:INFO:[Rank-2] train time 34.3509, epoch 125, step  49, loss 1.98873675, auc@1 47.17, auc@5 78.90, share 5, std_loss 0, 
2021-05-23 09:16:01,977:INFO:[Rank-2] val time 15.1501, epoch 125, step  40, loss 2.13317389, auc@1 43.24, auc@5 75.16
2021-05-23 09:16:38,473:INFO:[Rank-2] train time 34.4739, epoch 126, step  49, loss 1.98168504, auc@1 47.16, auc@5 79.15, share 5, std_loss 0, 
2021-05-23 09:16:53,719:INFO:[Rank-2] val time 15.2428, epoch 126, step  40, loss 2.25430343, auc@1 40.66, auc@5 73.22
2021-05-23 09:17:30,126:INFO:[Rank-2] train time 34.5445, epoch 127, step  49, loss 1.98568535, auc@1 47.19, auc@5 78.97, share 5, std_loss 0, 
2021-05-23 09:17:45,344:INFO:[Rank-2] val time 15.2148, epoch 127, step  40, loss 2.52142938, auc@1 36.24, auc@5 67.46
2021-05-23 09:18:22,242:INFO:[Rank-2] train time 34.5474, epoch 128, step  49, loss 1.96216130, auc@1 47.74, auc@5 79.43, share 5, std_loss 0, 
2021-05-23 09:18:37,511:INFO:[Rank-2] val time 15.2661, epoch 128, step  40, loss 2.20630664, auc@1 41.33, auc@5 73.96
2021-05-23 09:19:14,423:INFO:[Rank-2] train time 34.3026, epoch 129, step  49, loss 1.95037246, auc@1 48.12, auc@5 79.68, share 5, std_loss 0, 
2021-05-23 09:19:29,670:INFO:[Rank-2] val time 15.2442, epoch 129, step  40, loss 2.22854307, auc@1 41.40, auc@5 72.82
2021-05-23 09:20:05,699:INFO:[Rank-2] train time 34.4990, epoch 130, step  49, loss 1.94818902, auc@1 47.98, auc@5 79.76, share 5, std_loss 0, 
2021-05-23 09:20:21,026:INFO:[Rank-2] val time 15.3236, epoch 130, step  40, loss 2.01732011, auc@1 45.99, auc@5 77.28
2021-05-23 09:20:57,224:INFO:[Rank-2] train time 34.3246, epoch 131, step  49, loss 1.93903172, auc@1 48.33, auc@5 79.86, share 5, std_loss 0, 
2021-05-23 09:21:12,478:INFO:[Rank-2] val time 15.2519, epoch 131, step  40, loss 2.57350984, auc@1 34.95, auc@5 66.80
2021-05-23 09:21:49,180:INFO:[Rank-2] train time 34.2685, epoch 132, step  49, loss 1.94284236, auc@1 48.16, auc@5 79.73, share 5, std_loss 0, 
2021-05-23 09:22:04,418:INFO:[Rank-2] val time 15.2355, epoch 132, step  40, loss 2.05708145, auc@1 45.36, auc@5 76.83
2021-05-23 09:22:40,672:INFO:[Rank-2] train time 34.5696, epoch 133, step  49, loss 1.94433141, auc@1 48.24, auc@5 79.76, share 5, std_loss 0, 
2021-05-23 09:22:55,914:INFO:[Rank-2] val time 15.2392, epoch 133, step  40, loss 2.02102804, auc@1 45.73, auc@5 77.32
2021-05-23 09:23:32,447:INFO:[Rank-2] train time 34.4609, epoch 134, step  49, loss 1.92116451, auc@1 48.80, auc@5 80.30, share 5, std_loss 0, 
2021-05-23 09:23:47,647:INFO:[Rank-2] val time 15.1966, epoch 134, step  40, loss 2.99178145, auc@1 27.45, auc@5 57.00
2021-05-23 09:24:23,869:INFO:[Rank-2] train time 34.5892, epoch 135, step  49, loss 1.92085278, auc@1 48.77, auc@5 80.34, share 5, std_loss 0, 
2021-05-23 09:24:39,096:INFO:[Rank-2] val time 15.2239, epoch 135, step  40, loss 2.39797905, auc@1 36.77, auc@5 70.33
2021-05-23 09:25:15,330:INFO:[Rank-2] train time 34.5061, epoch 136, step  49, loss 1.90918863, auc@1 49.05, auc@5 80.41, share 5, std_loss 0, 
2021-05-23 09:25:30,530:INFO:[Rank-2] val time 15.1975, epoch 136, step  40, loss 2.14110955, auc@1 43.18, auc@5 74.57
2021-05-23 09:26:06,901:INFO:[Rank-2] train time 34.6142, epoch 137, step  49, loss 1.90748370, auc@1 48.86, auc@5 80.45, share 5, std_loss 0, 
2021-05-23 09:26:22,107:INFO:[Rank-2] val time 15.2029, epoch 137, step  40, loss 2.12941045, auc@1 43.90, auc@5 74.89
2021-05-23 09:26:58,459:INFO:[Rank-2] train time 34.4049, epoch 138, step  49, loss 1.88877249, auc@1 49.44, auc@5 80.89, share 5, std_loss 0, 
2021-05-23 09:27:13,621:INFO:[Rank-2] val time 15.1595, epoch 138, step  40, loss 2.09961123, auc@1 43.86, auc@5 75.85
2021-05-23 09:27:50,172:INFO:[Rank-2] train time 34.4306, epoch 139, step  49, loss 1.87751126, auc@1 49.73, auc@5 81.00, share 5, std_loss 0, 
2021-05-23 09:28:05,399:INFO:[Rank-2] val time 15.2253, epoch 139, step  40, loss 2.14902056, auc@1 42.62, auc@5 75.04
2021-05-23 09:28:41,168:INFO:[Rank-2] train time 34.3563, epoch 140, step  49, loss 1.87896037, auc@1 49.84, auc@5 80.91, share 5, std_loss 0, 
2021-05-23 09:28:56,391:INFO:[Rank-2] val time 15.2199, epoch 140, step  40, loss 2.04724006, auc@1 45.50, auc@5 76.50
2021-05-23 09:29:32,638:INFO:[Rank-2] train time 34.3865, epoch 141, step  49, loss 1.87177896, auc@1 50.28, auc@5 81.10, share 5, std_loss 0, 
2021-05-23 09:29:47,829:INFO:[Rank-2] val time 15.1882, epoch 141, step  40, loss 2.35833833, auc@1 39.71, auc@5 70.90
2021-05-23 09:30:24,183:INFO:[Rank-2] train time 34.5000, epoch 142, step  49, loss 1.85983098, auc@1 50.45, auc@5 81.15, share 5, std_loss 0, 
2021-05-23 09:30:39,375:INFO:[Rank-2] val time 15.1882, epoch 142, step  40, loss 2.22993111, auc@1 42.17, auc@5 73.56
2021-05-23 09:31:15,976:INFO:[Rank-2] train time 34.3458, epoch 143, step  49, loss 1.86242557, auc@1 50.29, auc@5 81.13, share 5, std_loss 0, 
2021-05-23 09:31:31,097:INFO:[Rank-2] val time 15.1185, epoch 143, step  40, loss 2.31692395, auc@1 39.70, auc@5 71.17
2021-05-23 09:32:07,835:INFO:[Rank-2] train time 34.3393, epoch 144, step  49, loss 1.84210765, auc@1 50.74, auc@5 81.66, share 5, std_loss 0, 
2021-05-23 09:32:23,083:INFO:[Rank-2] val time 15.2454, epoch 144, step  40, loss 2.10579336, auc@1 43.49, auc@5 75.80
2021-05-23 09:32:59,443:INFO:[Rank-2] train time 34.5973, epoch 145, step  49, loss 1.83329785, auc@1 50.90, auc@5 81.72, share 5, std_loss 0, 
2021-05-23 09:33:14,669:INFO:[Rank-2] val time 15.2236, epoch 145, step  40, loss 2.22268147, auc@1 41.65, auc@5 73.39
2021-05-23 09:33:50,800:INFO:[Rank-2] train time 34.2808, epoch 146, step  49, loss 1.82268107, auc@1 51.08, auc@5 82.02, share 5, std_loss 0, 
2021-05-23 09:34:06,059:INFO:[Rank-2] val time 15.2562, epoch 146, step  40, loss 2.09398612, auc@1 44.68, auc@5 75.81
2021-05-23 09:34:42,263:INFO:[Rank-2] train time 34.6624, epoch 147, step  49, loss 1.81764436, auc@1 51.41, auc@5 82.08, share 5, std_loss 0, 
2021-05-23 09:34:57,518:INFO:[Rank-2] val time 15.2522, epoch 147, step  40, loss 2.08465738, auc@1 43.84, auc@5 76.29
2021-05-23 09:35:34,446:INFO:[Rank-2] train time 34.6129, epoch 148, step  49, loss 1.81399190, auc@1 51.60, auc@5 82.16, share 5, std_loss 0, 
2021-05-23 09:35:49,655:INFO:[Rank-2] val time 15.2054, epoch 148, step  40, loss 2.34863522, auc@1 39.10, auc@5 71.21
2021-05-23 09:36:26,217:INFO:[Rank-2] train time 34.4724, epoch 149, step  49, loss 1.79866302, auc@1 51.75, auc@5 82.61, share 5, std_loss 0, 
2021-05-23 09:36:41,402:INFO:[Rank-2] val time 15.1814, epoch 149, step  40, loss 2.17593567, auc@1 43.39, auc@5 75.31
2021-05-23 09:37:17,798:INFO:[Rank-2] train time 34.3092, epoch 150, step  49, loss 1.80418324, auc@1 51.41, auc@5 82.32, share 5, std_loss 0, 
2021-05-23 09:37:33,008:INFO:[Rank-2] val time 15.2080, epoch 150, step  40, loss 2.21539660, auc@1 41.22, auc@5 73.64
2021-05-23 09:38:09,354:INFO:[Rank-2] train time 34.4928, epoch 151, step  49, loss 1.78887403, auc@1 52.23, auc@5 82.49, share 5, std_loss 0, 
2021-05-23 09:38:24,582:INFO:[Rank-2] val time 15.2257, epoch 151, step  40, loss 2.01107045, auc@1 46.33, auc@5 77.48
2021-05-23 09:39:01,049:INFO:[Rank-2] train time 34.4399, epoch 152, step  49, loss 1.77028096, auc@1 52.69, auc@5 82.87, share 5, std_loss 0, 
2021-05-23 09:39:16,250:INFO:[Rank-2] val time 15.1978, epoch 152, step  40, loss 1.98926691, auc@1 46.79, auc@5 78.01
2021-05-23 09:39:52,882:INFO:[Rank-2] train time 34.5370, epoch 153, step  49, loss 1.77244818, auc@1 52.66, auc@5 82.95, share 5, std_loss 0, 
2021-05-23 09:40:08,092:INFO:[Rank-2] val time 15.2073, epoch 153, step  40, loss 2.19900093, auc@1 42.82, auc@5 73.93
2021-05-23 09:40:44,442:INFO:[Rank-2] train time 34.4221, epoch 154, step  49, loss 1.77297604, auc@1 52.54, auc@5 82.89, share 5, std_loss 0, 
2021-05-23 09:40:59,668:INFO:[Rank-2] val time 15.2226, epoch 154, step  40, loss 2.42411322, auc@1 38.77, auc@5 70.88
2021-05-23 09:41:36,188:INFO:[Rank-2] train time 34.3711, epoch 155, step  49, loss 1.74785411, auc@1 53.03, auc@5 83.28, share 5, std_loss 0, 
2021-05-23 09:41:51,313:INFO:[Rank-2] val time 15.1227, epoch 155, step  40, loss 2.03055849, auc@1 45.68, auc@5 77.57
2021-05-23 09:42:27,914:INFO:[Rank-2] train time 34.5097, epoch 156, step  49, loss 1.74735832, auc@1 53.12, auc@5 83.28, share 5, std_loss 0, 
2021-05-23 09:42:43,054:INFO:[Rank-2] val time 15.1379, epoch 156, step  40, loss 2.42303330, auc@1 37.30, auc@5 69.95
2021-05-23 09:43:19,701:INFO:[Rank-2] train time 34.5983, epoch 157, step  49, loss 1.74063981, auc@1 53.68, auc@5 83.28, share 5, std_loss 0, 
2021-05-23 09:43:34,891:INFO:[Rank-2] val time 15.1870, epoch 157, step  40, loss 1.97322856, auc@1 47.65, auc@5 78.26
2021-05-23 09:44:11,654:INFO:[Rank-2] train time 34.3671, epoch 158, step  49, loss 1.72378874, auc@1 53.64, auc@5 83.63, share 5, std_loss 0, 
2021-05-23 09:44:26,832:INFO:[Rank-2] val time 15.1751, epoch 158, step  40, loss 1.96549281, auc@1 47.00, auc@5 78.49
2021-05-23 09:45:03,358:INFO:[Rank-2] train time 34.5271, epoch 159, step  49, loss 1.72603714, auc@1 53.94, auc@5 83.50, share 5, std_loss 0, 
2021-05-23 09:45:18,580:INFO:[Rank-2] val time 15.2191, epoch 159, step  40, loss 2.03441583, auc@1 46.09, auc@5 77.39
2021-05-23 09:45:54,704:INFO:[Rank-2] train time 34.6561, epoch 160, step  49, loss 1.71310329, auc@1 54.23, auc@5 84.00, share 5, std_loss 0, 
2021-05-23 09:46:10,077:INFO:[Rank-2] val time 15.3694, epoch 160, step  40, loss 2.14322129, auc@1 43.59, auc@5 74.60
2021-05-23 09:46:46,450:INFO:[Rank-2] train time 34.6039, epoch 161, step  49, loss 1.55447280, auc@1 58.21, auc@5 86.52, share 5, std_loss 0, 
2021-05-23 09:47:01,663:INFO:[Rank-2] val time 15.2099, epoch 161, step  40, loss 1.52834715, auc@1 58.08, auc@5 85.61
2021-05-23 09:47:38,493:INFO:[Rank-2] train time 34.4003, epoch 162, step  49, loss 1.45264840, auc@1 61.36, auc@5 88.07, share 5, std_loss 0, 
2021-05-23 09:47:53,733:INFO:[Rank-2] val time 15.2378, epoch 162, step  40, loss 1.49482773, auc@1 58.93, auc@5 86.24
2021-05-23 09:48:30,567:INFO:[Rank-2] train time 34.6047, epoch 163, step  49, loss 1.40890872, auc@1 62.51, auc@5 88.90, share 5, std_loss 0, 
2021-05-23 09:48:45,732:INFO:[Rank-2] val time 15.1626, epoch 163, step  40, loss 1.47825401, auc@1 59.14, auc@5 86.56
2021-05-23 09:49:21,620:INFO:[Rank-2] train time 34.5216, epoch 164, step  49, loss 1.39303088, auc@1 62.69, auc@5 89.05, share 5, std_loss 0, 
2021-05-23 09:49:36,945:INFO:[Rank-2] val time 15.3218, epoch 164, step  40, loss 1.47007243, auc@1 59.49, auc@5 86.67
2021-05-23 09:50:12,763:INFO:[Rank-2] train time 34.4723, epoch 165, step  49, loss 1.36996841, auc@1 63.56, auc@5 89.34, share 5, std_loss 0, 
2021-05-23 09:50:28,061:INFO:[Rank-2] val time 15.2948, epoch 165, step  40, loss 1.44873833, auc@1 60.07, auc@5 87.03
2021-05-23 09:51:04,430:INFO:[Rank-2] train time 34.4926, epoch 166, step  49, loss 1.35572588, auc@1 63.73, auc@5 89.48, share 5, std_loss 0, 
2021-05-23 09:51:19,589:INFO:[Rank-2] val time 15.1556, epoch 166, step  40, loss 1.44199091, auc@1 60.05, auc@5 87.07
2021-05-23 09:51:56,045:INFO:[Rank-2] train time 34.3658, epoch 167, step  49, loss 1.34640920, auc@1 63.98, auc@5 89.85, share 5, std_loss 0, 
2021-05-23 09:52:11,376:INFO:[Rank-2] val time 15.3282, epoch 167, step  40, loss 1.44559248, auc@1 60.39, auc@5 87.03
2021-05-23 09:52:47,765:INFO:[Rank-2] train time 34.4600, epoch 168, step  49, loss 1.32937026, auc@1 64.49, auc@5 90.05, share 5, std_loss 0, 
2021-05-23 09:53:02,971:INFO:[Rank-2] val time 15.2021, epoch 168, step  40, loss 1.43831041, auc@1 59.97, auc@5 86.97
2021-05-23 09:53:40,006:INFO:[Rank-2] train time 34.4483, epoch 169, step  49, loss 1.32290518, auc@1 64.73, auc@5 89.97, share 5, std_loss 0, 
2021-05-23 09:53:55,281:INFO:[Rank-2] val time 15.2726, epoch 169, step  40, loss 1.42608808, auc@1 60.63, auc@5 87.16
2021-05-23 09:54:31,593:INFO:[Rank-2] train time 34.4837, epoch 170, step  49, loss 1.31255221, auc@1 65.04, auc@5 90.19, share 5, std_loss 0, 
2021-05-23 09:54:46,759:INFO:[Rank-2] val time 15.1632, epoch 170, step  40, loss 1.41301884, auc@1 60.88, auc@5 87.34
2021-05-23 09:55:23,186:INFO:[Rank-2] train time 34.3599, epoch 171, step  49, loss 1.30292714, auc@1 65.10, auc@5 90.26, share 5, std_loss 0, 
2021-05-23 09:55:38,488:INFO:[Rank-2] val time 15.2993, epoch 171, step  40, loss 1.41866463, auc@1 61.16, auc@5 87.21
2021-05-23 09:56:14,819:INFO:[Rank-2] train time 34.6962, epoch 172, step  49, loss 1.29411530, auc@1 65.51, auc@5 90.33, share 5, std_loss 0, 
2021-05-23 09:56:30,101:INFO:[Rank-2] val time 15.2785, epoch 172, step  40, loss 1.41185509, auc@1 60.72, auc@5 87.55
2021-05-23 09:57:06,674:INFO:[Rank-2] train time 34.5076, epoch 173, step  49, loss 1.28292048, auc@1 65.87, auc@5 90.63, share 5, std_loss 0, 
2021-05-23 09:57:21,946:INFO:[Rank-2] val time 15.2691, epoch 173, step  40, loss 1.41363747, auc@1 60.81, auc@5 87.53
2021-05-23 09:57:58,422:INFO:[Rank-2] train time 34.4548, epoch 174, step  49, loss 1.27103937, auc@1 66.09, auc@5 90.66, share 5, std_loss 0, 
2021-05-23 09:58:13,605:INFO:[Rank-2] val time 15.1798, epoch 174, step  40, loss 1.40947939, auc@1 61.01, auc@5 87.36
2021-05-23 09:58:49,545:INFO:[Rank-2] train time 34.6257, epoch 175, step  49, loss 1.26417208, auc@1 66.23, auc@5 90.89, share 5, std_loss 0, 
2021-05-23 09:59:04,826:INFO:[Rank-2] val time 15.2790, epoch 175, step  40, loss 1.40438050, auc@1 60.86, auc@5 87.58
2021-05-23 09:59:41,414:INFO:[Rank-2] train time 34.3199, epoch 176, step  49, loss 1.26098800, auc@1 66.42, auc@5 90.85, share 5, std_loss 0, 
2021-05-23 09:59:56,614:INFO:[Rank-2] val time 15.1969, epoch 176, step  40, loss 1.40388718, auc@1 61.04, auc@5 87.42
2021-05-23 10:00:33,194:INFO:[Rank-2] train time 34.4675, epoch 177, step  49, loss 1.24776495, auc@1 66.86, auc@5 91.10, share 5, std_loss 0, 
2021-05-23 10:00:48,491:INFO:[Rank-2] val time 15.2936, epoch 177, step  40, loss 1.40134021, auc@1 60.61, auc@5 87.61
2021-05-23 10:01:25,619:INFO:[Rank-2] train time 34.5787, epoch 178, step  49, loss 1.23748481, auc@1 67.16, auc@5 91.00, share 5, std_loss 0, 
2021-05-23 10:01:40,805:INFO:[Rank-2] val time 15.1832, epoch 178, step  40, loss 1.39213149, auc@1 61.46, auc@5 87.69
2021-05-23 10:02:17,228:INFO:[Rank-2] train time 34.4304, epoch 179, step  49, loss 1.23292589, auc@1 67.19, auc@5 91.28, share 5, std_loss 0, 
2021-05-23 10:02:32,409:INFO:[Rank-2] val time 15.1787, epoch 179, step  40, loss 1.39106779, auc@1 61.53, auc@5 87.52
2021-05-23 10:03:08,469:INFO:[Rank-2] train time 34.5596, epoch 180, step  49, loss 1.22488463, auc@1 67.37, auc@5 91.37, share 5, std_loss 0, 
2021-05-23 10:03:23,760:INFO:[Rank-2] val time 15.2877, epoch 180, step  40, loss 1.38240789, auc@1 61.94, auc@5 87.66
2021-05-23 10:03:59,803:INFO:[Rank-2] train time 34.5625, epoch 181, step  49, loss 1.22331238, auc@1 67.33, auc@5 91.54, share 5, std_loss 0, 
2021-05-23 10:04:14,959:INFO:[Rank-2] val time 15.1529, epoch 181, step  40, loss 1.39706819, auc@1 61.29, auc@5 87.73
2021-05-23 10:04:51,613:INFO:[Rank-2] train time 34.5557, epoch 182, step  49, loss 1.21692705, auc@1 67.51, auc@5 91.44, share 5, std_loss 0, 
2021-05-23 10:05:06,883:INFO:[Rank-2] val time 15.2672, epoch 182, step  40, loss 1.38359139, auc@1 61.81, auc@5 87.68
2021-05-23 10:05:43,280:INFO:[Rank-2] train time 34.6593, epoch 183, step  49, loss 1.20946169, auc@1 67.71, auc@5 91.49, share 5, std_loss 0, 
2021-05-23 10:05:58,493:INFO:[Rank-2] val time 15.2109, epoch 183, step  40, loss 1.39989531, auc@1 61.18, auc@5 87.63
2021-05-23 10:06:34,733:INFO:[Rank-2] train time 34.5762, epoch 184, step  49, loss 1.20631886, auc@1 67.96, auc@5 91.57, share 5, std_loss 0, 
2021-05-23 10:06:49,897:INFO:[Rank-2] val time 15.1615, epoch 184, step  40, loss 1.37718921, auc@1 61.95, auc@5 87.60
2021-05-23 10:07:26,136:INFO:[Rank-2] train time 34.5724, epoch 185, step  49, loss 1.19529581, auc@1 68.38, auc@5 91.69, share 5, std_loss 0, 
2021-05-23 10:07:41,408:INFO:[Rank-2] val time 15.2686, epoch 185, step  40, loss 1.37757270, auc@1 62.00, auc@5 87.95
2021-05-23 10:08:17,618:INFO:[Rank-2] train time 34.6123, epoch 186, step  49, loss 1.18323588, auc@1 68.62, auc@5 91.91, share 5, std_loss 0, 
2021-05-23 10:08:32,945:INFO:[Rank-2] val time 15.3242, epoch 186, step  40, loss 1.36225333, auc@1 62.39, auc@5 88.21
2021-05-23 10:09:09,514:INFO:[Rank-2] train time 34.3121, epoch 187, step  49, loss 1.18318582, auc@1 68.47, auc@5 91.93, share 5, std_loss 0, 
2021-05-23 10:09:24,807:INFO:[Rank-2] val time 15.2900, epoch 187, step  40, loss 1.36580156, auc@1 62.27, auc@5 88.19
2021-05-23 10:10:01,110:INFO:[Rank-2] train time 34.5776, epoch 188, step  49, loss 1.17771435, auc@1 68.61, auc@5 91.99, share 5, std_loss 0, 
2021-05-23 10:10:16,311:INFO:[Rank-2] val time 15.1973, epoch 188, step  40, loss 1.35499618, auc@1 61.94, auc@5 88.19
2021-05-23 10:10:52,702:INFO:[Rank-2] train time 34.4859, epoch 189, step  49, loss 1.17223775, auc@1 68.81, auc@5 92.10, share 5, std_loss 0, 
2021-05-23 10:11:07,973:INFO:[Rank-2] val time 15.2680, epoch 189, step  40, loss 1.36282875, auc@1 62.33, auc@5 88.09
2021-05-23 10:11:44,416:INFO:[Rank-2] train time 34.3922, epoch 190, step  49, loss 1.16235268, auc@1 69.17, auc@5 92.25, share 5, std_loss 0, 
2021-05-23 10:11:59,623:INFO:[Rank-2] val time 15.2030, epoch 190, step  40, loss 1.36364567, auc@1 62.29, auc@5 87.96
2021-05-23 10:12:36,053:INFO:[Rank-2] train time 34.3542, epoch 191, step  49, loss 1.15940833, auc@1 69.29, auc@5 92.14, share 5, std_loss 0, 
2021-05-23 10:12:51,306:INFO:[Rank-2] val time 15.2504, epoch 191, step  40, loss 1.36217245, auc@1 62.51, auc@5 88.10
2021-05-23 10:13:27,406:INFO:[Rank-2] train time 34.5358, epoch 192, step  49, loss 1.14870906, auc@1 69.31, auc@5 92.34, share 5, std_loss 0, 
2021-05-23 10:13:42,656:INFO:[Rank-2] val time 15.2467, epoch 192, step  40, loss 1.35597714, auc@1 62.71, auc@5 88.20
2021-05-23 10:14:18,951:INFO:[Rank-2] train time 34.7483, epoch 193, step  49, loss 1.14467394, auc@1 69.56, auc@5 92.42, share 5, std_loss 0, 
2021-05-23 10:14:34,118:INFO:[Rank-2] val time 15.1643, epoch 193, step  40, loss 1.35808745, auc@1 62.26, auc@5 88.23
2021-05-23 10:15:10,505:INFO:[Rank-2] train time 34.5026, epoch 194, step  49, loss 1.14045036, auc@1 69.94, auc@5 92.41, share 5, std_loss 0, 
2021-05-23 10:15:25,744:INFO:[Rank-2] val time 15.2358, epoch 194, step  40, loss 1.34755854, auc@1 62.74, auc@5 88.31
2021-05-23 10:16:01,786:INFO:[Rank-2] train time 34.6101, epoch 195, step  49, loss 1.13589060, auc@1 69.52, auc@5 92.62, share 5, std_loss 0, 
2021-05-23 10:16:16,970:INFO:[Rank-2] val time 15.1820, epoch 195, step  40, loss 1.36144054, auc@1 62.14, auc@5 88.16
2021-05-23 10:16:53,460:INFO:[Rank-2] train time 34.4241, epoch 196, step  49, loss 1.13350403, auc@1 69.94, auc@5 92.57, share 5, std_loss 0, 
2021-05-23 10:17:08,611:INFO:[Rank-2] val time 15.1486, epoch 196, step  40, loss 1.36412727, auc@1 62.54, auc@5 88.04
2021-05-23 10:17:44,777:INFO:[Rank-2] train time 34.4281, epoch 197, step  49, loss 1.12358570, auc@1 70.08, auc@5 92.63, share 5, std_loss 0, 
2021-05-23 10:17:59,987:INFO:[Rank-2] val time 15.2063, epoch 197, step  40, loss 1.34905464, auc@1 62.53, auc@5 88.48
2021-05-23 10:18:36,516:INFO:[Rank-2] train time 34.4877, epoch 198, step  49, loss 1.11498046, auc@1 70.46, auc@5 92.82, share 5, std_loss 0, 
2021-05-23 10:18:51,777:INFO:[Rank-2] val time 15.2579, epoch 198, step  40, loss 1.38905847, auc@1 61.68, auc@5 87.94
2021-05-23 10:19:27,952:INFO:[Rank-2] train time 34.4426, epoch 199, step  49, loss 1.11093032, auc@1 70.57, auc@5 92.77, share 5, std_loss 0, 
2021-05-23 10:19:43,131:INFO:[Rank-2] val time 15.1759, epoch 199, step  40, loss 1.35030858, auc@1 62.47, auc@5 88.18
2021-05-23 10:20:19,813:INFO:[Rank-2] train time 34.5605, epoch 200, step  49, loss 1.10735393, auc@1 70.45, auc@5 92.86, share 5, std_loss 0, 
2021-05-23 10:20:35,067:INFO:[Rank-2] val time 15.2510, epoch 200, step  40, loss 1.35299849, auc@1 62.32, auc@5 88.29
2021-05-23 10:20:35,067:INFO:[Rank-2] finish, train+val 10326.08033, train 7283.29613, reduce_count 1000
