2021-05-23 10:20:43,327:INFO:[Rank-3] args : Namespace(batch=512, current_time='20210523_011835', dataset='cifar100', epochs=200, ip='192.168.1.1:7548', k=12, loss_std_gap_rate=1.0, lr=0.01, momentum=0.9, name='loss512', rank=3, scheduler_step=80, train_type='loss', weight_decay=0.005, world=4)
2021-05-23 10:21:23,489:INFO:[Rank-3] train time 38.5343, epoch   1, step  98, loss 4.90458727, auc@1 1.65, auc@5 8.18, share 73, std_loss 0.04410592973593394,  4.87056 4.95529 4.83960 4.94208
2021-05-23 10:21:38,742:INFO:[Rank-3] val time 15.2496, epoch   1, step  79, loss 5.10676321, auc@1 0.80, auc@5 7.33
2021-05-23 10:22:18,028:INFO:[Rank-3] train time 39.2194, epoch   2, step  98, loss 4.55336046, auc@1 3.13, auc@5 14.12, share 91, std_loss 0.18879182431466726,  4.49525 4.57647 4.46415 4.68036
2021-05-23 10:22:32,999:INFO:[Rank-3] val time 14.9677, epoch   2, step  79, loss 4.26036756, auc@1 4.78, auc@5 18.26
2021-05-23 10:23:12,453:INFO:[Rank-3] train time 39.2704, epoch   3, step  98, loss 4.28839207, auc@1 4.96, auc@5 19.53, share 82, std_loss 0.040991514921188354,  4.32189 4.28726 4.27993 4.26671
2021-05-23 10:23:27,559:INFO:[Rank-3] val time 15.1024, epoch   3, step  79, loss 4.06962717, auc@1 6.67, auc@5 24.14
2021-05-23 10:24:06,621:INFO:[Rank-3] train time 38.9047, epoch   4, step  98, loss 4.10470104, auc@1 6.34, auc@5 23.95, share 69, std_loss 0.013953499766826933,  4.11548 4.10375 4.11115 4.09562
2021-05-23 10:24:21,907:INFO:[Rank-3] val time 15.2828, epoch   4, step  79, loss 3.99249451, auc@1 8.10, auc@5 26.33
2021-05-23 10:25:01,411:INFO:[Rank-3] train time 39.4256, epoch   5, step  98, loss 3.99009252, auc@1 7.69, auc@5 27.18, share 80, std_loss 0.027396383196381584,  4.03037 4.00721 3.97397 3.95453
2021-05-23 10:25:16,513:INFO:[Rank-3] val time 15.0984, epoch   5, step  79, loss 3.81418498, auc@1 9.94, auc@5 32.12
2021-05-23 10:25:55,446:INFO:[Rank-3] train time 38.7854, epoch   6, step  98, loss 3.88725615, auc@1 9.27, auc@5 30.22, share 76, std_loss 0.02923655508048072,  3.91103 3.88685 3.89921 3.85642
2021-05-23 10:26:10,596:INFO:[Rank-3] val time 15.1468, epoch   6, step  79, loss 3.73849107, auc@1 10.61, auc@5 34.59
2021-05-23 10:26:49,666:INFO:[Rank-3] train time 38.7763, epoch   7, step  98, loss 3.80895185, auc@1 10.09, auc@5 32.70, share 87, std_loss 0.047626920804685474,  3.82562 3.81405 3.84231 3.75521
2021-05-23 10:27:04,867:INFO:[Rank-3] val time 15.1967, epoch   7, step  79, loss 3.70720530, auc@1 11.68, auc@5 35.71
2021-05-23 10:27:44,066:INFO:[Rank-3] train time 39.0461, epoch   8, step  98, loss 3.71860719, auc@1 11.60, auc@5 35.48, share 85, std_loss 0.037950685399831555,  3.74667 3.71054 3.75379 3.66902
2021-05-23 10:27:59,123:INFO:[Rank-3] val time 15.0531, epoch   8, step  79, loss 3.59135025, auc@1 13.75, auc@5 39.06
2021-05-23 10:28:38,742:INFO:[Rank-3] train time 39.3801, epoch   9, step  98, loss 3.65052676, auc@1 12.51, auc@5 37.39, share 86, std_loss 0.04731155164083656,  3.69918 3.62557 3.66930 3.61111
2021-05-23 10:28:53,788:INFO:[Rank-3] val time 15.0421, epoch   9, step  79, loss 3.51449448, auc@1 15.61, auc@5 41.28
2021-05-23 10:29:33,687:INFO:[Rank-3] train time 39.7638, epoch  10, step  98, loss 3.56185913, auc@1 14.18, auc@5 40.26, share 86, std_loss 0.06561706606678817,  3.61423 3.56071 3.59689 3.47690
2021-05-23 10:29:48,698:INFO:[Rank-3] val time 15.0071, epoch  10, step  79, loss 3.40104414, auc@1 17.17, auc@5 44.65
2021-05-23 10:30:28,198:INFO:[Rank-3] train time 39.4253, epoch  11, step  98, loss 3.47292709, auc@1 15.61, auc@5 42.95, share 91, std_loss 0.058515279382771374,  3.53556 3.45078 3.49209 3.41459
2021-05-23 10:30:43,278:INFO:[Rank-3] val time 15.0763, epoch  11, step  79, loss 3.30108580, auc@1 19.10, auc@5 48.30
2021-05-23 10:31:23,353:INFO:[Rank-3] train time 39.9175, epoch  12, step  98, loss 3.37625623, auc@1 17.35, auc@5 45.43, share 91, std_loss 0.07530677793737577,  3.46827 3.36479 3.38338 3.28911
2021-05-23 10:31:38,471:INFO:[Rank-3] val time 15.1148, epoch  12, step  79, loss 3.28291625, auc@1 19.15, auc@5 47.85
2021-05-23 10:32:18,072:INFO:[Rank-3] train time 39.3914, epoch  13, step  98, loss 3.29264426, auc@1 18.70, auc@5 47.74, share 91, std_loss 0.058487629798259964,  3.37965 3.24610 3.32337 3.22464
2021-05-23 10:32:33,165:INFO:[Rank-3] val time 15.0897, epoch  13, step  79, loss 3.12699118, auc@1 21.67, auc@5 52.12
2021-05-23 10:33:12,510:INFO:[Rank-3] train time 39.1638, epoch  14, step  98, loss 3.20953560, auc@1 20.24, auc@5 49.78, share 88, std_loss 0.07253336245004012,  3.30131 3.16293 3.23646 3.13673
2021-05-23 10:33:27,541:INFO:[Rank-3] val time 15.0282, epoch  14, step  79, loss 3.22725688, auc@1 19.92, auc@5 50.73
2021-05-23 10:34:06,757:INFO:[Rank-3] train time 38.9965, epoch  15, step  98, loss 3.13510990, auc@1 21.54, auc@5 52.03, share 93, std_loss 0.06265061991099193,  3.20970 3.09599 3.16694 3.06788
2021-05-23 10:34:21,941:INFO:[Rank-3] val time 15.1801, epoch  15, step  79, loss 3.06979722, auc@1 23.31, auc@5 53.53
2021-05-23 10:35:01,687:INFO:[Rank-3] train time 39.7283, epoch  16, step  98, loss 3.04925680, auc@1 23.27, auc@5 54.43, share 91, std_loss 0.09866885840892792,  3.16032 3.02520 3.06283 2.94959
2021-05-23 10:35:16,880:INFO:[Rank-3] val time 15.1881, epoch  16, step  79, loss 2.95450072, auc@1 23.93, auc@5 56.48
2021-05-23 10:35:57,151:INFO:[Rank-3] train time 40.1846, epoch  17, step  98, loss 2.96970320, auc@1 24.46, auc@5 56.55, share 91, std_loss 0.09492088474181233,  3.06786 2.91775 3.00317 2.89114
2021-05-23 10:36:12,280:INFO:[Rank-3] val time 15.1249, epoch  17, step  79, loss 2.92426193, auc@1 25.28, auc@5 58.16
2021-05-23 10:36:52,070:INFO:[Rank-3] train time 39.6277, epoch  18, step  98, loss 2.89261818, auc@1 25.83, auc@5 58.32, share 89, std_loss 0.06296510112528898,  2.97530 2.88429 2.90790 2.79850
2021-05-23 10:37:07,135:INFO:[Rank-3] val time 15.0618, epoch  18, step  79, loss 2.80858201, auc@1 27.13, auc@5 60.59
2021-05-23 10:37:47,420:INFO:[Rank-3] train time 40.1066, epoch  19, step  98, loss 2.82128882, auc@1 27.30, auc@5 60.32, share 92, std_loss 0.08941179027362746,  2.90977 2.79131 2.85507 2.73288
2021-05-23 10:38:02,483:INFO:[Rank-3] val time 15.0598, epoch  19, step  79, loss 2.72286326, auc@1 29.20, auc@5 62.85
2021-05-23 10:38:42,729:INFO:[Rank-3] train time 40.0658, epoch  20, step  98, loss 2.74182582, auc@1 29.03, auc@5 62.35, share 92, std_loss 0.08331173650768338,  2.82935 2.67995 2.79975 2.65904
2021-05-23 10:38:57,763:INFO:[Rank-3] val time 15.0304, epoch  20, step  79, loss 2.63048090, auc@1 32.28, auc@5 64.61
2021-05-23 10:39:37,478:INFO:[Rank-3] train time 39.5282, epoch  21, step  98, loss 2.65879512, auc@1 30.59, auc@5 64.18, share 90, std_loss 0.07398768381348678,  2.70278 2.60678 2.74148 2.58649
2021-05-23 10:39:52,688:INFO:[Rank-3] val time 15.2069, epoch  21, step  79, loss 2.64646468, auc@1 30.80, auc@5 64.51
2021-05-23 10:40:32,708:INFO:[Rank-3] train time 39.8781, epoch  22, step  98, loss 2.60450530, auc@1 31.70, auc@5 65.44, share 92, std_loss 0.05379271609898733,  2.64734 2.56905 2.65262 2.54934
2021-05-23 10:40:47,916:INFO:[Rank-3] val time 15.2036, epoch  22, step  79, loss 2.75157471, auc@1 29.74, auc@5 62.97
2021-05-23 10:41:28,188:INFO:[Rank-3] train time 40.1818, epoch  23, step  98, loss 2.53792739, auc@1 32.95, auc@5 67.19, share 91, std_loss 0.06650640644437196,  2.56252 2.50348 2.63033 2.45280
2021-05-23 10:41:43,280:INFO:[Rank-3] val time 15.0885, epoch  23, step  79, loss 2.74004556, auc@1 29.60, auc@5 63.27
2021-05-23 10:42:23,630:INFO:[Rank-3] train time 40.1708, epoch  24, step  98, loss 2.48685741, auc@1 34.19, auc@5 68.39, share 91, std_loss 0.08924014030062423,  2.48865 2.45998 2.59598 2.40025
2021-05-23 10:42:38,625:INFO:[Rank-3] val time 14.9921, epoch  24, step  79, loss 2.55551900, auc@1 32.68, auc@5 66.35
2021-05-23 10:43:18,625:INFO:[Rank-3] train time 39.8396, epoch  25, step  98, loss 2.41743875, auc@1 35.68, auc@5 70.01, share 91, std_loss 0.07349985682082419,  2.45439 2.37139 2.49058 2.34834
2021-05-23 10:43:33,724:INFO:[Rank-3] val time 15.0964, epoch  25, step  79, loss 2.44732510, auc@1 34.97, auc@5 68.96
2021-05-23 10:44:12,839:INFO:[Rank-3] train time 39.0397, epoch  26, step  98, loss 2.35367990, auc@1 36.98, auc@5 71.38, share 90, std_loss 0.07155184691049615,  2.36264 2.32468 2.42367 2.30732
2021-05-23 10:44:28,001:INFO:[Rank-3] val time 15.1590, epoch  26, step  79, loss 2.47677486, auc@1 35.11, auc@5 68.11
2021-05-23 10:45:07,841:INFO:[Rank-3] train time 39.5738, epoch  27, step  98, loss 2.31051230, auc@1 38.14, auc@5 72.25, share 86, std_loss 0.062066110383187025,  2.29505 2.29072 2.38976 2.26616
2021-05-23 10:45:22,946:INFO:[Rank-3] val time 15.1013, epoch  27, step  79, loss 2.22540049, auc@1 39.41, auc@5 73.62
2021-05-23 10:46:03,194:INFO:[Rank-3] train time 40.1355, epoch  28, step  98, loss 2.25138378, auc@1 39.75, auc@5 73.33, share 92, std_loss 0.0691379645497215,  2.26573 2.19576 2.32831 2.21569
2021-05-23 10:46:18,334:INFO:[Rank-3] val time 15.1367, epoch  28, step  79, loss 2.31344408, auc@1 38.14, auc@5 70.98
2021-05-23 10:46:58,016:INFO:[Rank-3] train time 39.4216, epoch  29, step  98, loss 2.22974539, auc@1 40.06, auc@5 73.89, share 82, std_loss 0.051300152452016363,  2.25558 2.18798 2.28434 2.19462
2021-05-23 10:47:13,114:INFO:[Rank-3] val time 15.0944, epoch  29, step  79, loss 2.29723115, auc@1 37.91, auc@5 72.01
2021-05-23 10:47:51,814:INFO:[Rank-3] train time 38.5362, epoch  30, step  98, loss 2.18450928, auc@1 41.31, auc@5 74.98, share 83, std_loss 0.044144767697672456,  2.17471 2.15692 2.23813 2.16925
2021-05-23 10:48:07,445:INFO:[Rank-3] val time 15.6280, epoch  30, step  79, loss 2.14660514, auc@1 41.61, auc@5 74.83
2021-05-23 10:48:46,604:INFO:[Rank-3] train time 38.9752, epoch  31, step  98, loss 2.12847042, auc@1 42.36, auc@5 76.29, share 89, std_loss 0.05226239385273384,  2.09462 2.10787 2.21144 2.09904
2021-05-23 10:49:01,629:INFO:[Rank-3] val time 15.0215, epoch  31, step  79, loss 2.23868076, auc@1 39.35, auc@5 72.83
2021-05-23 10:49:41,518:INFO:[Rank-3] train time 39.6511, epoch  32, step  98, loss 2.11244202, auc@1 42.75, auc@5 76.47, share 78, std_loss 0.036154899099955756,  2.10679 2.09248 2.15483 2.09650
2021-05-23 10:49:56,699:INFO:[Rank-3] val time 15.1778, epoch  32, step  79, loss 2.14111817, auc@1 42.55, auc@5 74.86
2021-05-23 10:50:35,531:INFO:[Rank-3] train time 38.6495, epoch  33, step  98, loss 2.08199453, auc@1 43.65, auc@5 77.23, share 86, std_loss 0.05723253192798215,  2.06716 2.06635 2.15873 2.03327
2021-05-23 10:50:50,766:INFO:[Rank-3] val time 15.2320, epoch  33, step  79, loss 2.27599792, auc@1 40.02, auc@5 72.30
2021-05-23 10:51:29,927:INFO:[Rank-3] train time 39.0717, epoch  34, step  98, loss 2.05194259, auc@1 44.59, auc@5 77.80, share 84, std_loss 0.061405093086009124,  2.01454 2.04552 2.12159 2.02570
2021-05-23 10:51:45,138:INFO:[Rank-3] val time 15.2071, epoch  34, step  79, loss 2.07740658, auc@1 42.73, auc@5 76.67
2021-05-23 10:52:23,935:INFO:[Rank-3] train time 38.7004, epoch  35, step  98, loss 2.01621032, auc@1 45.57, auc@5 78.77, share 78, std_loss 0.03800599170582635,  2.01877 1.98608 2.07253 1.98539
2021-05-23 10:52:39,368:INFO:[Rank-3] val time 15.4286, epoch  35, step  79, loss 2.07105716, auc@1 43.88, auc@5 76.59
2021-05-23 10:53:18,794:INFO:[Rank-3] train time 39.2751, epoch  36, step  98, loss 1.98694348, auc@1 46.20, auc@5 79.24, share 85, std_loss 0.04397011316400402,  2.00828 1.97560 2.02116 1.94407
2021-05-23 10:53:34,002:INFO:[Rank-3] val time 15.2052, epoch  36, step  79, loss 2.20106519, auc@1 41.60, auc@5 73.24
2021-05-23 10:54:13,305:INFO:[Rank-3] train time 39.0817, epoch  37, step  98, loss 1.97003496, auc@1 47.01, auc@5 79.78, share 87, std_loss 0.053569374453960636,  1.96138 1.92764 2.03855 1.95526
2021-05-23 10:54:28,364:INFO:[Rank-3] val time 15.0552, epoch  37, step  79, loss 2.19978149, auc@1 40.65, auc@5 74.20
2021-05-23 10:55:07,811:INFO:[Rank-3] train time 39.2663, epoch  38, step  98, loss 1.94528031, auc@1 47.80, auc@5 80.22, share 86, std_loss 0.057835545447864095,  1.95181 1.92179 2.00948 1.89800
2021-05-23 10:55:22,888:INFO:[Rank-3] val time 15.0734, epoch  38, step  79, loss 2.04366863, auc@1 44.96, auc@5 77.64
2021-05-23 10:56:02,752:INFO:[Rank-3] train time 39.5774, epoch  39, step  98, loss 1.92697918, auc@1 47.78, auc@5 80.67, share 82, std_loss 0.03938149392832907,  1.92215 1.91018 1.97332 1.90215
2021-05-23 10:56:17,871:INFO:[Rank-3] val time 15.1159, epoch  39, step  79, loss 1.97261611, auc@1 45.89, auc@5 79.10
2021-05-23 10:56:57,309:INFO:[Rank-3] train time 39.3621, epoch  40, step  98, loss 1.91554928, auc@1 48.61, auc@5 81.15, share 79, std_loss 0.036158397318605255,  1.89830 1.87891 1.97449 1.91214
2021-05-23 10:57:12,329:INFO:[Rank-3] val time 15.0169, epoch  40, step  79, loss 1.94958036, auc@1 47.34, auc@5 79.72
2021-05-23 10:57:52,123:INFO:[Rank-3] train time 39.6105, epoch  41, step  98, loss 1.90799892, auc@1 48.91, auc@5 81.36, share 79, std_loss 0.03569666946268812,  1.91387 1.88441 1.95225 1.88454
2021-05-23 10:58:07,419:INFO:[Rank-3] val time 15.2924, epoch  41, step  79, loss 2.02203141, auc@1 46.56, auc@5 77.74
2021-05-23 10:58:46,454:INFO:[Rank-3] train time 38.8445, epoch  42, step  98, loss 1.89163256, auc@1 49.76, auc@5 81.61, share 87, std_loss 0.04744300945680969,  1.89256 1.90536 1.92682 1.83930
2021-05-23 10:59:01,693:INFO:[Rank-3] val time 15.2358, epoch  42, step  79, loss 2.01379021, auc@1 44.89, auc@5 77.85
2021-05-23 10:59:41,181:INFO:[Rank-3] train time 39.1940, epoch  43, step  98, loss 1.88654411, auc@1 49.97, auc@5 82.11, share 86, std_loss 0.028304574193851073,  1.88723 1.88647 1.91818 1.85245
2021-05-23 10:59:56,256:INFO:[Rank-3] val time 15.0720, epoch  43, step  79, loss 2.04340389, auc@1 45.62, auc@5 77.72
2021-05-23 11:00:36,182:INFO:[Rank-3] train time 39.7271, epoch  44, step  98, loss 1.88886344, auc@1 50.20, auc@5 82.21, share 86, std_loss 0.04159155510822121,  1.89205 1.85282 1.93716 1.87266
2021-05-23 11:00:51,295:INFO:[Rank-3] val time 15.1100, epoch  44, step  79, loss 1.91898289, auc@1 48.53, auc@5 80.51
2021-05-23 11:01:30,676:INFO:[Rank-3] train time 39.1938, epoch  45, step  98, loss 1.89942849, auc@1 49.65, auc@5 81.67, share 63, std_loss 0.019310614474269808,  1.90695 1.87802 1.91772 1.89258
2021-05-23 11:01:45,825:INFO:[Rank-3] val time 15.1458, epoch  45, step  79, loss 2.02138242, auc@1 45.51, auc@5 77.31
2021-05-23 11:02:25,815:INFO:[Rank-3] train time 39.7877, epoch  46, step  98, loss 1.88165832, auc@1 50.17, auc@5 82.13, share 85, std_loss 0.03316912720245974,  1.89558 1.86928 1.90680 1.85648
2021-05-23 11:02:41,104:INFO:[Rank-3] val time 15.2849, epoch  46, step  79, loss 2.12213940, auc@1 43.35, auc@5 76.27
2021-05-23 11:03:20,795:INFO:[Rank-3] train time 39.5567, epoch  47, step  98, loss 1.88092422, auc@1 50.29, auc@5 82.05, share 70, std_loss 0.02793501598798499,  1.89558 1.86737 1.90537 1.85558
2021-05-23 11:03:36,002:INFO:[Rank-3] val time 15.2034, epoch  47, step  79, loss 2.01615597, auc@1 45.82, auc@5 78.13
2021-05-23 11:04:15,325:INFO:[Rank-3] train time 39.1055, epoch  48, step  98, loss 1.88396823, auc@1 49.72, auc@5 81.68, share 67, std_loss 0.024655116237319852,  1.87702 1.87747 1.91051 1.87313
2021-05-23 11:04:30,450:INFO:[Rank-3] val time 15.1219, epoch  48, step  79, loss 1.93885248, auc@1 47.49, auc@5 79.55
2021-05-23 11:05:10,051:INFO:[Rank-3] train time 39.4540, epoch  49, step  98, loss 1.87030280, auc@1 50.06, auc@5 82.05, share 78, std_loss 0.029417763483159397,  1.89507 1.85585 1.87766 1.85125
2021-05-23 11:05:25,105:INFO:[Rank-3] val time 15.0508, epoch  49, step  79, loss 2.17483528, auc@1 42.79, auc@5 75.20
2021-05-23 11:06:04,642:INFO:[Rank-3] train time 39.3055, epoch  50, step  98, loss 1.86810327, auc@1 50.37, auc@5 81.99, share 80, std_loss 0.03487076800392599,  1.87977 1.85374 1.91023 1.82756
2021-05-23 11:06:19,739:INFO:[Rank-3] val time 15.0926, epoch  50, step  79, loss 1.95604824, auc@1 47.36, auc@5 79.67
2021-05-23 11:06:59,369:INFO:[Rank-3] train time 39.4136, epoch  51, step  98, loss 1.84643722, auc@1 50.87, auc@5 82.53, share 84, std_loss 0.04201978315808335,  1.84387 1.87035 1.86400 1.80179
2021-05-23 11:07:14,516:INFO:[Rank-3] val time 15.1437, epoch  51, step  79, loss 1.97899743, auc@1 46.06, auc@5 78.68
2021-05-23 11:07:54,375:INFO:[Rank-3] train time 39.6024, epoch  52, step  98, loss 1.85387111, auc@1 50.75, auc@5 82.35, share 82, std_loss 0.04374139790176129,  1.85558 1.84706 1.88427 1.82683
2021-05-23 11:08:09,409:INFO:[Rank-3] val time 15.0307, epoch  52, step  79, loss 2.21872393, auc@1 40.62, auc@5 73.48
2021-05-23 11:08:48,412:INFO:[Rank-3] train time 38.7960, epoch  53, step  98, loss 1.85954463, auc@1 50.31, auc@5 82.22, share 62, std_loss 0.03216846860299001,  1.85964 1.85443 1.87484 1.84549
2021-05-23 11:09:03,501:INFO:[Rank-3] val time 15.0856, epoch  53, step  79, loss 2.02195862, auc@1 45.95, auc@5 78.02
2021-05-23 11:09:43,307:INFO:[Rank-3] train time 39.5928, epoch  54, step  98, loss 1.86184323, auc@1 50.29, auc@5 82.13, share 80, std_loss 0.03196893520273116,  1.87144 1.85715 1.89319 1.82593
2021-05-23 11:09:58,458:INFO:[Rank-3] val time 15.1472, epoch  54, step  79, loss 2.10055091, auc@1 42.77, auc@5 76.46
2021-05-23 11:10:37,677:INFO:[Rank-3] train time 39.0284, epoch  55, step  98, loss 1.86012590, auc@1 50.11, auc@5 82.00, share 67, std_loss 0.034116436660821946,  1.85862 1.83630 1.88686 1.85416
2021-05-23 11:10:52,745:INFO:[Rank-3] val time 15.0652, epoch  55, step  79, loss 1.99830740, auc@1 45.76, auc@5 78.01
2021-05-23 11:11:31,920:INFO:[Rank-3] train time 39.0378, epoch  56, step  98, loss 1.85203755, auc@1 50.32, auc@5 82.01, share 62, std_loss 0.013889162518483187,  1.85998 1.84652 1.85815 1.84147
2021-05-23 11:11:47,007:INFO:[Rank-3] val time 15.0838, epoch  56, step  79, loss 2.03809322, auc@1 44.54, auc@5 77.23
2021-05-23 11:12:25,367:INFO:[Rank-3] train time 38.2002, epoch  57, step  98, loss 1.86486125, auc@1 49.65, auc@5 81.59, share 54, std_loss 0.015710048738638967,  1.86306 1.86738 1.87073 1.85697
2021-05-23 11:12:40,595:INFO:[Rank-3] val time 15.2237, epoch  57, step  79, loss 2.13014021, auc@1 42.80, auc@5 75.06
2021-05-23 11:13:19,838:INFO:[Rank-3] train time 39.0289, epoch  58, step  98, loss 1.82875955, auc@1 50.86, auc@5 82.42, share 77, std_loss 0.03044199766781257,  1.84185 1.84774 1.82519 1.79799
2021-05-23 11:13:35,050:INFO:[Rank-3] val time 15.2079, epoch  58, step  79, loss 2.08920405, auc@1 44.25, auc@5 76.10
2021-05-23 11:14:14,727:INFO:[Rank-3] train time 39.5408, epoch  59, step  98, loss 1.83936715, auc@1 50.26, auc@5 82.21, share 78, std_loss 0.025634685564520105,  1.84789 1.81880 1.87044 1.82278
2021-05-23 11:14:29,764:INFO:[Rank-3] val time 15.0337, epoch  59, step  79, loss 1.97224917, auc@1 45.63, auc@5 78.72
2021-05-23 11:15:09,062:INFO:[Rank-3] train time 39.0279, epoch  60, step  98, loss 1.85821903, auc@1 49.99, auc@5 81.78, share 71, std_loss 0.015376794446563842,  1.87330 1.86704 1.86167 1.83148
2021-05-23 11:15:24,218:INFO:[Rank-3] val time 15.1531, epoch  60, step  79, loss 2.04751082, auc@1 44.01, auc@5 78.02
2021-05-23 11:16:04,210:INFO:[Rank-3] train time 39.8102, epoch  61, step  98, loss 1.85964394, auc@1 49.97, auc@5 81.88, share 72, std_loss 0.031025522379014566,  1.87506 1.86002 1.87229 1.83280
2021-05-23 11:16:19,398:INFO:[Rank-3] val time 15.1847, epoch  61, step  79, loss 2.12139894, auc@1 43.63, auc@5 76.18
2021-05-23 11:16:58,025:INFO:[Rank-3] train time 38.4044, epoch  62, step  98, loss 1.86334729, auc@1 49.92, auc@5 81.89, share 71, std_loss 0.025812130335870445,  1.86640 1.88268 1.86426 1.83767
2021-05-23 11:17:13,170:INFO:[Rank-3] val time 15.1414, epoch  62, step  79, loss 2.12938128, auc@1 43.95, auc@5 74.75
2021-05-23 11:17:51,882:INFO:[Rank-3] train time 38.4961, epoch  63, step  98, loss 1.87787747, auc@1 49.64, auc@5 81.47, share 58, std_loss 0.03050145955414188,  1.89145 1.87307 1.88147 1.86194
2021-05-23 11:18:07,053:INFO:[Rank-3] val time 15.1671, epoch  63, step  79, loss 2.38778783, auc@1 38.10, auc@5 71.45
2021-05-23 11:18:45,088:INFO:[Rank-3] train time 37.9353, epoch  64, step  98, loss 1.86572325, auc@1 49.96, auc@5 81.47, share 50, std_loss 0.022514958010644327,  1.87032 1.87134 1.85616 1.85848
2021-05-23 11:19:00,172:INFO:[Rank-3] val time 15.0800, epoch  64, step  79, loss 2.09404001, auc@1 43.91, auc@5 76.20
2021-05-23 11:19:39,541:INFO:[Rank-3] train time 39.1225, epoch  65, step  98, loss 1.85183370, auc@1 50.24, auc@5 81.66, share 73, std_loss 0.026706747463619222,  1.86944 1.83894 1.86603 1.83217
2021-05-23 11:19:54,652:INFO:[Rank-3] val time 15.1079, epoch  65, step  79, loss 2.08051095, auc@1 44.56, auc@5 75.98
2021-05-23 11:20:32,420:INFO:[Rank-3] train time 37.6230, epoch  66, step  98, loss 1.86234629, auc@1 49.73, auc@5 81.46, share 37, std_loss 0.019820604125888333,  1.85938 1.86909 1.86162 1.85978
2021-05-23 11:20:47,445:INFO:[Rank-3] val time 15.0214, epoch  66, step  79, loss 2.44869219, auc@1 37.53, auc@5 70.75
2021-05-23 11:21:26,511:INFO:[Rank-3] train time 39.0160, epoch  67, step  98, loss 1.81852198, auc@1 50.88, auc@5 82.32, share 67, std_loss 0.018970710139873684,  1.83203 1.80428 1.81536 1.82115
2021-05-23 11:21:41,483:INFO:[Rank-3] val time 14.9686, epoch  67, step  79, loss 2.71171743, auc@1 34.47, auc@5 66.24
2021-05-23 11:22:21,000:INFO:[Rank-3] train time 39.3930, epoch  68, step  98, loss 1.82850158, auc@1 50.74, auc@5 82.27, share 78, std_loss 0.027889406032936305,  1.81856 1.85804 1.84862 1.78625
2021-05-23 11:22:36,150:INFO:[Rank-3] val time 15.1462, epoch  68, step  79, loss 2.49945335, auc@1 35.34, auc@5 69.47
2021-05-23 11:23:15,049:INFO:[Rank-3] train time 38.7880, epoch  69, step  98, loss 1.85352719, auc@1 50.31, auc@5 81.82, share 60, std_loss 0.02077949719446502,  1.85425 1.86322 1.84811 1.84644
2021-05-23 11:23:30,255:INFO:[Rank-3] val time 15.2026, epoch  69, step  79, loss 2.48764346, auc@1 37.09, auc@5 68.77
2021-05-23 11:24:10,015:INFO:[Rank-3] train time 39.5518, epoch  70, step  98, loss 1.84670818, auc@1 50.19, auc@5 81.88, share 80, std_loss 0.0343490581275249,  1.82367 1.86951 1.87636 1.81531
2021-05-23 11:24:25,118:INFO:[Rank-3] val time 15.1008, epoch  70, step  79, loss 2.47868038, auc@1 39.26, auc@5 68.13
2021-05-23 11:25:04,283:INFO:[Rank-3] train time 39.0553, epoch  71, step  98, loss 1.87066877, auc@1 49.85, auc@5 81.34, share 79, std_loss 0.03590255415029064,  1.89394 1.85232 1.88075 1.85401
2021-05-23 11:25:19,667:INFO:[Rank-3] val time 15.3801, epoch  71, step  79, loss 2.22487066, auc@1 40.80, auc@5 74.36
2021-05-23 11:25:59,493:INFO:[Rank-3] train time 39.6822, epoch  72, step  98, loss 1.88934505, auc@1 49.17, auc@5 81.34, share 82, std_loss 0.033691562303551,  1.90613 1.88971 1.90678 1.85231
2021-05-23 11:26:14,699:INFO:[Rank-3] val time 15.2027, epoch  72, step  79, loss 2.59147709, auc@1 34.47, auc@5 66.08
2021-05-23 11:26:54,516:INFO:[Rank-3] train time 39.7170, epoch  73, step  98, loss 1.92938364, auc@1 48.42, auc@5 80.46, share 82, std_loss 0.04166413969075193,  1.92153 1.92517 1.96566 1.90014
2021-05-23 11:27:09,833:INFO:[Rank-3] val time 15.3143, epoch  73, step  79, loss 2.39594364, auc@1 37.35, auc@5 70.14
2021-05-23 11:27:48,568:INFO:[Rank-3] train time 38.4566, epoch  74, step  98, loss 1.92032301, auc@1 48.40, auc@5 80.65, share 76, std_loss 0.039138197993897665,  1.96155 1.90981 1.91049 1.90043
2021-05-23 11:28:03,647:INFO:[Rank-3] val time 15.0754, epoch  74, step  79, loss 3.08272132, auc@1 30.87, auc@5 61.75
2021-05-23 11:28:41,728:INFO:[Rank-3] train time 37.9623, epoch  75, step  98, loss 1.92590308, auc@1 48.43, auc@5 80.45, share 60, std_loss 0.025926389123256108,  1.93611 1.93967 1.91164 1.91683
2021-05-23 11:28:56,817:INFO:[Rank-3] val time 15.0852, epoch  75, step  79, loss 2.48840561, auc@1 36.51, auc@5 68.51
2021-05-23 11:29:36,631:INFO:[Rank-3] train time 39.5827, epoch  76, step  98, loss 1.89514208, auc@1 49.09, auc@5 81.00, share 83, std_loss 0.03218042943626642,  1.93879 1.87374 1.90355 1.86261
2021-05-23 11:29:51,858:INFO:[Rank-3] val time 15.2240, epoch  76, step  79, loss 2.15197850, auc@1 43.47, auc@5 74.68
2021-05-23 11:30:30,742:INFO:[Rank-3] train time 38.7354, epoch  77, step  98, loss 1.91811013, auc@1 48.56, auc@5 80.72, share 61, std_loss 0.031950870129678934,  1.91657 1.91767 1.92840 1.91053
2021-05-23 11:30:45,854:INFO:[Rank-3] val time 15.1095, epoch  77, step  79, loss 2.23450128, auc@1 40.59, auc@5 73.89
2021-05-23 11:31:24,769:INFO:[Rank-3] train time 38.7369, epoch  78, step  98, loss 1.86709654, auc@1 49.50, auc@5 81.44, share 65, std_loss 0.02183443647619261,  1.88423 1.86486 1.86809 1.84666
2021-05-23 11:31:39,794:INFO:[Rank-3] val time 15.0216, epoch  78, step  79, loss 2.42246985, auc@1 38.55, auc@5 69.55
2021-05-23 11:32:19,334:INFO:[Rank-3] train time 39.4689, epoch  79, step  98, loss 1.85552704, auc@1 49.93, auc@5 81.69, share 89, std_loss 0.03434197929668791,  1.89554 1.86215 1.83516 1.82649
2021-05-23 11:32:34,387:INFO:[Rank-3] val time 15.0492, epoch  79, step  79, loss 2.17757217, auc@1 42.69, auc@5 74.94
2021-05-23 11:33:14,083:INFO:[Rank-3] train time 39.5448, epoch  80, step  98, loss 1.89500713, auc@1 48.85, auc@5 81.23, share 78, std_loss 0.04581643504147627,  1.93182 1.89152 1.88327 1.87238
2021-05-23 11:33:29,176:INFO:[Rank-3] val time 15.0896, epoch  80, step  79, loss 2.20837740, auc@1 41.82, auc@5 74.29
2021-05-23 11:34:07,326:INFO:[Rank-3] train time 37.9634, epoch  81, step  98, loss 1.60566354, auc@1 56.66, auc@5 85.83, share 33, std_loss 0.012813420842724795,  1.61029 1.61294 1.60630 1.59807
2021-05-23 11:34:22,316:INFO:[Rank-3] val time 14.9867, epoch  81, step  79, loss 1.40824042, auc@1 60.24, auc@5 88.02
2021-05-23 11:35:01,927:INFO:[Rank-3] train time 39.4806, epoch  82, step  98, loss 1.43302107, auc@1 61.09, auc@5 88.65, share 67, std_loss 0.020167623950662662,  1.44011 1.44933 1.43368 1.41166
2021-05-23 11:35:17,013:INFO:[Rank-3] val time 15.0833, epoch  82, step  79, loss 1.35851672, auc@1 61.34, auc@5 88.50
2021-05-23 11:35:57,077:INFO:[Rank-3] train time 39.9522, epoch  83, step  98, loss 1.37959182, auc@1 62.48, auc@5 89.42, share 81, std_loss 0.033319714906796506,  1.39348 1.38745 1.39586 1.33947
2021-05-23 11:36:12,217:INFO:[Rank-3] val time 15.1376, epoch  83, step  79, loss 1.32699425, auc@1 62.14, auc@5 89.10
2021-05-23 11:36:51,660:INFO:[Rank-3] train time 39.2835, epoch  84, step  98, loss 1.35274529, auc@1 63.22, auc@5 89.66, share 80, std_loss 0.030707815281894743,  1.37565 1.36348 1.34839 1.32542
2021-05-23 11:37:06,851:INFO:[Rank-3] val time 15.1876, epoch  84, step  79, loss 1.30904268, auc@1 62.37, auc@5 89.53
2021-05-23 11:37:45,532:INFO:[Rank-3] train time 38.4389, epoch  85, step  98, loss 1.32264161, auc@1 64.11, auc@5 89.96, share 70, std_loss 0.025701056244041846,  1.32299 1.31087 1.34498 1.31385
2021-05-23 11:38:00,681:INFO:[Rank-3] val time 15.1460, epoch  85, step  79, loss 1.30011325, auc@1 62.35, auc@5 89.42
2021-05-23 11:38:39,219:INFO:[Rank-3] train time 38.3909, epoch  86, step  98, loss 1.29636645, auc@1 64.59, auc@5 90.39, share 78, std_loss 0.02468203483339475,  1.31485 1.29427 1.30631 1.27022
2021-05-23 11:38:54,299:INFO:[Rank-3] val time 15.0770, epoch  86, step  79, loss 1.28741483, auc@1 63.28, auc@5 89.66
2021-05-23 11:39:34,221:INFO:[Rank-3] train time 39.8575, epoch  87, step  98, loss 1.26973546, auc@1 65.09, auc@5 90.91, share 82, std_loss 0.030721579583323732,  1.29680 1.26413 1.27387 1.24316
2021-05-23 11:39:49,358:INFO:[Rank-3] val time 15.1346, epoch  87, step  79, loss 1.28011147, auc@1 63.43, auc@5 89.62
2021-05-23 11:40:29,674:INFO:[Rank-3] train time 40.2138, epoch  88, step  98, loss 1.25685894, auc@1 65.47, auc@5 90.95, share 70, std_loss 0.02365887382694957,  1.27657 1.26903 1.24874 1.23081
2021-05-23 11:40:44,828:INFO:[Rank-3] val time 15.1502, epoch  88, step  79, loss 1.24865347, auc@1 63.82, auc@5 90.08
2021-05-23 11:41:24,037:INFO:[Rank-3] train time 39.0812, epoch  89, step  98, loss 1.24006033, auc@1 65.83, auc@5 91.08, share 63, std_loss 0.014713908331848833,  1.24347 1.22538 1.24965 1.23951
2021-05-23 11:41:39,295:INFO:[Rank-3] val time 15.2548, epoch  89, step  79, loss 1.26346672, auc@1 63.61, auc@5 89.74
2021-05-23 11:42:18,508:INFO:[Rank-3] train time 38.9777, epoch  90, step  98, loss 1.22696543, auc@1 66.22, auc@5 91.39, share 80, std_loss 0.03450297952002408,  1.26672 1.21849 1.23137 1.19180
2021-05-23 11:42:33,651:INFO:[Rank-3] val time 15.1389, epoch  90, step  79, loss 1.25685230, auc@1 63.97, auc@5 89.84
2021-05-23 11:43:13,174:INFO:[Rank-3] train time 39.2673, epoch  91, step  98, loss 1.20698607, auc@1 66.80, auc@5 91.57, share 81, std_loss 0.025814541520512834,  1.22380 1.19264 1.22210 1.18561
2021-05-23 11:43:28,242:INFO:[Rank-3] val time 15.0643, epoch  91, step  79, loss 1.24668782, auc@1 64.21, auc@5 90.14
2021-05-23 11:44:07,734:INFO:[Rank-3] train time 39.3197, epoch  92, step  98, loss 1.19410264, auc@1 67.26, auc@5 91.73, share 73, std_loss 0.020435194313830257,  1.20836 1.18653 1.19883 1.18244
2021-05-23 11:44:22,785:INFO:[Rank-3] val time 15.0470, epoch  92, step  79, loss 1.24782512, auc@1 64.20, auc@5 89.88
2021-05-23 11:45:03,346:INFO:[Rank-3] train time 40.3375, epoch  93, step  98, loss 1.17854702, auc@1 67.61, auc@5 91.90, share 76, std_loss 0.029109173226265276,  1.19673 1.18237 1.17516 1.15867
2021-05-23 11:45:18,377:INFO:[Rank-3] val time 15.0280, epoch  93, step  79, loss 1.25015733, auc@1 64.31, auc@5 89.88
2021-05-23 11:45:57,669:INFO:[Rank-3] train time 39.1701, epoch  94, step  98, loss 1.16481769, auc@1 67.83, auc@5 92.06, share 70, std_loss 0.017333366190634514,  1.18614 1.15494 1.16735 1.14713
2021-05-23 11:46:12,760:INFO:[Rank-3] val time 15.0888, epoch  94, step  79, loss 1.24297033, auc@1 64.16, auc@5 89.88
2021-05-23 11:46:52,348:INFO:[Rank-3] train time 39.3209, epoch  95, step  98, loss 1.15617645, auc@1 68.21, auc@5 92.21, share 86, std_loss 0.031102009212636218,  1.18166 1.17826 1.14722 1.11706
2021-05-23 11:47:07,491:INFO:[Rank-3] val time 15.1398, epoch  95, step  79, loss 1.22842422, auc@1 64.72, auc@5 90.43
2021-05-23 11:47:46,961:INFO:[Rank-3] train time 39.3132, epoch  96, step  98, loss 1.14793956, auc@1 68.48, auc@5 92.31, share 65, std_loss 0.027000782935290922,  1.16159 1.12291 1.16632 1.13804
2021-05-23 11:48:02,084:INFO:[Rank-3] val time 15.1205, epoch  96, step  79, loss 1.24169169, auc@1 64.29, auc@5 90.23
2021-05-23 11:48:41,571:INFO:[Rank-3] train time 39.3457, epoch  97, step  98, loss 1.13611650, auc@1 68.87, auc@5 92.34, share 72, std_loss 0.019652780713228395,  1.15863 1.13249 1.14503 1.10999
2021-05-23 11:48:56,797:INFO:[Rank-3] val time 15.2227, epoch  97, step  79, loss 1.22424997, auc@1 65.08, auc@5 90.43
2021-05-23 11:49:36,220:INFO:[Rank-3] train time 39.2261, epoch  98, step  98, loss 1.13355291, auc@1 68.75, auc@5 92.55, share 79, std_loss 0.027161023085366706,  1.14148 1.13221 1.15488 1.10897
2021-05-23 11:49:51,381:INFO:[Rank-3] val time 15.1582, epoch  98, step  79, loss 1.22131699, auc@1 64.73, auc@5 90.12
2021-05-23 11:50:30,996:INFO:[Rank-3] train time 39.5005, epoch  99, step  98, loss 1.12204242, auc@1 69.22, auc@5 92.47, share 83, std_loss 0.03311465893472944,  1.14096 1.11820 1.13694 1.08807
2021-05-23 11:50:46,132:INFO:[Rank-3] val time 15.1333, epoch  99, step  79, loss 1.22675292, auc@1 64.72, auc@5 90.03
2021-05-23 11:51:25,674:INFO:[Rank-3] train time 39.3688, epoch 100, step  98, loss 1.10706139, auc@1 69.53, auc@5 92.76, share 86, std_loss 0.02308319923372901,  1.13076 1.09569 1.11161 1.08734
2021-05-23 11:51:40,913:INFO:[Rank-3] val time 15.2356, epoch 100, step  79, loss 1.23128855, auc@1 65.09, auc@5 90.02
2021-05-23 11:52:20,306:INFO:[Rank-3] train time 39.3389, epoch 101, step  98, loss 1.09736729, auc@1 69.69, auc@5 92.67, share 78, std_loss 0.027777940148905833,  1.12119 1.09994 1.11559 1.05237
2021-05-23 11:52:35,374:INFO:[Rank-3] val time 15.0647, epoch 101, step  79, loss 1.24536591, auc@1 64.58, auc@5 89.78
2021-05-23 11:53:15,157:INFO:[Rank-3] train time 39.5813, epoch 102, step  98, loss 1.09071314, auc@1 69.92, auc@5 93.01, share 75, std_loss 0.024934996271087806,  1.10939 1.08309 1.09063 1.08122
2021-05-23 11:53:30,258:INFO:[Rank-3] val time 15.0978, epoch 102, step  79, loss 1.20533968, auc@1 65.29, auc@5 90.57
2021-05-23 11:54:10,464:INFO:[Rank-3] train time 40.0198, epoch 103, step  98, loss 1.08372891, auc@1 69.97, auc@5 93.00, share 83, std_loss 0.030581377598704124,  1.12655 1.06976 1.07055 1.06730
2021-05-23 11:54:25,664:INFO:[Rank-3] val time 15.1965, epoch 103, step  79, loss 1.23158092, auc@1 64.28, auc@5 90.11
2021-05-23 11:55:05,361:INFO:[Rank-3] train time 39.5149, epoch 104, step  98, loss 1.07319558, auc@1 70.50, auc@5 93.19, share 82, std_loss 0.03434773545940312,  1.10008 1.07180 1.07301 1.04582
2021-05-23 11:55:20,504:INFO:[Rank-3] val time 15.1395, epoch 104, step  79, loss 1.19258113, auc@1 65.88, auc@5 90.75
2021-05-23 11:56:00,678:INFO:[Rank-3] train time 39.8982, epoch 105, step  98, loss 1.07309449, auc@1 70.41, auc@5 93.10, share 87, std_loss 0.03404492485736098,  1.09998 1.07175 1.07348 1.04615
2021-05-23 11:56:15,847:INFO:[Rank-3] val time 15.1659, epoch 105, step  79, loss 1.19784498, auc@1 65.90, auc@5 90.78
2021-05-23 11:56:55,185:INFO:[Rank-3] train time 39.2737, epoch 106, step  98, loss 1.06343937, auc@1 70.87, auc@5 93.18, share 75, std_loss 0.022955794666646694,  1.08819 1.07334 1.06043 1.03353
2021-05-23 11:57:10,474:INFO:[Rank-3] val time 15.2868, epoch 106, step  79, loss 1.21196213, auc@1 65.57, auc@5 90.15
2021-05-23 11:57:49,806:INFO:[Rank-3] train time 39.1720, epoch 107, step  98, loss 1.05725443, auc@1 70.89, auc@5 93.37, share 75, std_loss 0.02415213094339991,  1.08638 1.05325 1.05169 1.03439
2021-05-23 11:58:05,173:INFO:[Rank-3] val time 15.3641, epoch 107, step  79, loss 1.22118053, auc@1 65.31, auc@5 89.98
2021-05-23 11:58:43,811:INFO:[Rank-3] train time 38.4190, epoch 108, step  98, loss 1.04459488, auc@1 71.19, auc@5 93.41, share 63, std_loss 0.017738647801725536,  1.05568 1.04025 1.04922 1.03130
2021-05-23 11:58:59,013:INFO:[Rank-3] val time 15.1983, epoch 108, step  79, loss 1.21196720, auc@1 65.23, auc@5 90.00
2021-05-23 11:59:38,409:INFO:[Rank-3] train time 39.1436, epoch 109, step  98, loss 1.04241133, auc@1 71.01, auc@5 93.52, share 82, std_loss 0.02674801199107754,  1.06165 1.04709 1.05271 1.00917
2021-05-23 11:59:53,581:INFO:[Rank-3] val time 15.1689, epoch 109, step  79, loss 1.22815152, auc@1 64.68, auc@5 90.16
2021-05-23 12:00:33,946:INFO:[Rank-3] train time 40.0891, epoch 110, step  98, loss 1.03619552, auc@1 71.36, auc@5 93.48, share 85, std_loss 0.03351003418163377,  1.06549 1.04423 1.02540 1.00684
2021-05-23 12:00:49,021:INFO:[Rank-3] val time 15.0709, epoch 110, step  79, loss 1.25069044, auc@1 64.37, auc@5 89.84
2021-05-23 12:01:28,961:INFO:[Rank-3] train time 39.7337, epoch 111, step  98, loss 1.02255142, auc@1 71.90, auc@5 93.76, share 80, std_loss 0.02737488708819966,  1.05992 1.00190 1.02961 0.99702
2021-05-23 12:01:44,117:INFO:[Rank-3] val time 15.1536, epoch 111, step  79, loss 1.25462322, auc@1 64.49, auc@5 89.60
2021-05-23 12:02:23,769:INFO:[Rank-3] train time 39.4538, epoch 112, step  98, loss 1.02153409, auc@1 71.72, auc@5 93.77, share 80, std_loss 0.0348090425095692,  1.05527 1.00574 1.01280 1.01149
2021-05-23 12:02:38,846:INFO:[Rank-3] val time 15.0729, epoch 112, step  79, loss 1.22036707, auc@1 65.58, auc@5 90.06
2021-05-23 12:03:18,385:INFO:[Rank-3] train time 39.3680, epoch 113, step  98, loss 1.01709843, auc@1 71.90, auc@5 93.82, share 77, std_loss 0.02617564886732369,  1.04071 1.00117 1.03557 0.99048
2021-05-23 12:03:33,543:INFO:[Rank-3] val time 15.1546, epoch 113, step  79, loss 1.19963542, auc@1 65.85, auc@5 90.47
2021-05-23 12:04:12,967:INFO:[Rank-3] train time 39.2647, epoch 114, step  98, loss 1.01141036, auc@1 72.10, auc@5 93.85, share 78, std_loss 0.028386020177633177,  1.01707 1.01783 1.02387 0.98383
2021-05-23 12:04:28,085:INFO:[Rank-3] val time 15.1143, epoch 114, step  79, loss 1.23037794, auc@1 64.97, auc@5 89.93
2021-05-23 12:05:07,384:INFO:[Rank-3] train time 39.1230, epoch 115, step  98, loss 1.00034010, auc@1 72.41, auc@5 93.92, share 86, std_loss 0.036063093444978704,  1.03055 0.99836 1.01320 0.96027
2021-05-23 12:05:22,446:INFO:[Rank-3] val time 15.0585, epoch 115, step  79, loss 1.22145696, auc@1 65.03, auc@5 90.11
2021-05-23 12:06:02,632:INFO:[Rank-3] train time 39.8913, epoch 116, step  98, loss 1.00146699, auc@1 72.14, auc@5 93.90, share 88, std_loss 0.0318967096498046,  1.04201 0.98863 1.00161 0.97025
2021-05-23 12:06:17,703:INFO:[Rank-3] val time 15.0684, epoch 116, step  79, loss 1.21093760, auc@1 65.30, auc@5 90.37
2021-05-23 12:06:57,515:INFO:[Rank-3] train time 39.5306, epoch 117, step  98, loss 0.99188453, auc@1 72.72, auc@5 93.95, share 74, std_loss 0.019494536247256458,  1.00083 0.99405 1.00023 0.96871
2021-05-23 12:07:12,572:INFO:[Rank-3] val time 15.0531, epoch 117, step  79, loss 1.21340550, auc@1 65.68, auc@5 90.28
2021-05-23 12:07:52,238:INFO:[Rank-3] train time 39.4549, epoch 118, step  98, loss 0.98896950, auc@1 72.73, auc@5 94.04, share 87, std_loss 0.04119654514883854,  1.02016 0.97303 1.00037 0.95965
2021-05-23 12:08:07,397:INFO:[Rank-3] val time 15.1563, epoch 118, step  79, loss 1.20200583, auc@1 65.52, auc@5 90.22
2021-05-23 12:08:46,706:INFO:[Rank-3] train time 39.1500, epoch 119, step  98, loss 0.98290610, auc@1 72.95, auc@5 94.10, share 68, std_loss 0.017110390234643554,  1.00384 0.98254 0.97246 0.97040
2021-05-23 12:09:01,698:INFO:[Rank-3] val time 14.9891, epoch 119, step  79, loss 1.21288713, auc@1 66.11, auc@5 90.46
2021-05-23 12:09:41,863:INFO:[Rank-3] train time 40.0257, epoch 120, step  98, loss 0.98069698, auc@1 73.00, auc@5 94.15, share 86, std_loss 0.036682210083366654,  1.02031 0.97005 0.98379 0.95043
2021-05-23 12:09:57,016:INFO:[Rank-3] val time 15.1487, epoch 120, step  79, loss 1.21465185, auc@1 65.65, auc@5 90.38
2021-05-23 12:10:36,574:INFO:[Rank-3] train time 39.3178, epoch 121, step  98, loss 0.98081726, auc@1 73.06, auc@5 94.09, share 85, std_loss 0.028525433959249332,  1.00094 0.97815 0.99077 0.95115
2021-05-23 12:10:51,577:INFO:[Rank-3] val time 15.0008, epoch 121, step  79, loss 1.18780975, auc@1 66.20, auc@5 90.59
2021-05-23 12:11:31,121:INFO:[Rank-3] train time 39.3424, epoch 122, step  98, loss 0.97210753, auc@1 72.88, auc@5 94.27, share 81, std_loss 0.02740421290604436,  1.00081 0.95254 0.97809 0.96020
2021-05-23 12:11:46,218:INFO:[Rank-3] val time 15.0942, epoch 122, step  79, loss 1.20616178, auc@1 66.03, auc@5 90.70
2021-05-23 12:12:25,531:INFO:[Rank-3] train time 39.1485, epoch 123, step  98, loss 0.96775788, auc@1 73.44, auc@5 94.28, share 79, std_loss 0.024678301170696408,  0.99241 0.98011 0.95968 0.93817
2021-05-23 12:12:40,588:INFO:[Rank-3] val time 15.0533, epoch 123, step  79, loss 1.22348643, auc@1 65.83, auc@5 89.91
2021-05-23 12:13:20,778:INFO:[Rank-3] train time 39.9846, epoch 124, step  98, loss 0.97202975, auc@1 73.10, auc@5 94.15, share 81, std_loss 0.045375852218391945,  1.01667 0.95003 0.96925 0.95340
2021-05-23 12:13:36,032:INFO:[Rank-3] val time 15.2508, epoch 124, step  79, loss 1.23959613, auc@1 65.00, auc@5 90.04
2021-05-23 12:14:15,487:INFO:[Rank-3] train time 39.2445, epoch 125, step  98, loss 0.96277875, auc@1 73.42, auc@5 94.32, share 82, std_loss 0.03710490970739296,  0.99274 0.94889 0.97651 0.92987
2021-05-23 12:14:30,604:INFO:[Rank-3] val time 15.1138, epoch 125, step  79, loss 1.23205193, auc@1 65.35, auc@5 90.22
2021-05-23 12:15:09,631:INFO:[Rank-3] train time 38.8884, epoch 126, step  98, loss 0.95791990, auc@1 73.56, auc@5 94.30, share 71, std_loss 0.01765000552404672,  0.98138 0.94840 0.96703 0.93526
2021-05-23 12:15:24,810:INFO:[Rank-3] val time 15.1757, epoch 126, step  79, loss 1.23055030, auc@1 65.59, auc@5 89.89
2021-05-23 12:16:04,609:INFO:[Rank-3] train time 39.6113, epoch 127, step  98, loss 0.95605814, auc@1 73.55, auc@5 94.46, share 78, std_loss 0.02487326621515106,  0.96399 0.94631 0.98166 0.93444
2021-05-23 12:16:19,590:INFO:[Rank-3] val time 14.9772, epoch 127, step  79, loss 1.20371525, auc@1 66.29, auc@5 90.52
2021-05-23 12:17:00,692:INFO:[Rank-3] train time 40.8707, epoch 128, step  98, loss 0.94465959, auc@1 73.86, auc@5 94.51, share 85, std_loss 0.03845442424775386,  0.98707 0.92666 0.93874 0.92548
2021-05-23 12:17:15,704:INFO:[Rank-3] val time 15.0085, epoch 128, step  79, loss 1.21909892, auc@1 65.93, auc@5 90.35
2021-05-23 12:17:55,656:INFO:[Rank-3] train time 39.8168, epoch 129, step  98, loss 0.94084853, auc@1 74.16, auc@5 94.53, share 89, std_loss 0.04223107755640332,  0.97996 0.92731 0.94700 0.90591
2021-05-23 12:18:10,708:INFO:[Rank-3] val time 15.0501, epoch 129, step  79, loss 1.20260114, auc@1 66.14, auc@5 90.59
2021-05-23 12:18:50,383:INFO:[Rank-3] train time 39.5905, epoch 130, step  98, loss 0.94601154, auc@1 74.01, auc@5 94.43, share 77, std_loss 0.032706648377435546,  0.96094 0.93669 0.96455 0.92484
2021-05-23 12:19:05,555:INFO:[Rank-3] val time 15.1678, epoch 130, step  79, loss 1.24485550, auc@1 64.75, auc@5 89.64
2021-05-23 12:19:45,324:INFO:[Rank-3] train time 39.6216, epoch 131, step  98, loss 0.94409508, auc@1 73.93, auc@5 94.61, share 75, std_loss 0.02360724034358044,  0.95886 0.96961 0.93797 0.91110
2021-05-23 12:20:00,383:INFO:[Rank-3] val time 15.0557, epoch 131, step  79, loss 1.29538683, auc@1 63.82, auc@5 89.02
2021-05-23 12:20:40,515:INFO:[Rank-3] train time 40.0261, epoch 132, step  98, loss 0.94282734, auc@1 73.95, auc@5 94.43, share 86, std_loss 0.03348067857096998,  0.97430 0.92356 0.94191 0.92983
2021-05-23 12:20:55,866:INFO:[Rank-3] val time 15.3474, epoch 132, step  79, loss 1.22022184, auc@1 65.45, auc@5 90.08
2021-05-23 12:21:34,874:INFO:[Rank-3] train time 38.7974, epoch 133, step  98, loss 0.94475567, auc@1 73.86, auc@5 94.58, share 76, std_loss 0.020154410821138596,  0.96913 0.93991 0.94549 0.92261
2021-05-23 12:21:50,035:INFO:[Rank-3] val time 15.1574, epoch 133, step  79, loss 1.28647805, auc@1 63.89, auc@5 89.29
2021-05-23 12:22:29,639:INFO:[Rank-3] train time 39.4420, epoch 134, step  98, loss 0.93607640, auc@1 74.09, auc@5 94.75, share 86, std_loss 0.0387488310130275,  0.97041 0.93008 0.93209 0.91370
2021-05-23 12:22:44,862:INFO:[Rank-3] val time 15.2198, epoch 134, step  79, loss 1.24654466, auc@1 65.18, auc@5 89.92
2021-05-23 12:23:24,161:INFO:[Rank-3] train time 39.1380, epoch 135, step  98, loss 0.94068331, auc@1 73.90, auc@5 94.58, share 79, std_loss 0.024470870896261567,  0.95302 0.94758 0.94244 0.92225
2021-05-23 12:23:39,259:INFO:[Rank-3] val time 15.0947, epoch 135, step  79, loss 1.23533257, auc@1 65.26, auc@5 90.30
2021-05-23 12:24:19,168:INFO:[Rank-3] train time 39.7238, epoch 136, step  98, loss 0.92428708, auc@1 74.45, auc@5 94.67, share 82, std_loss 0.028768074584706704,  0.94216 0.91283 0.94789 0.89112
2021-05-23 12:24:34,506:INFO:[Rank-3] val time 15.3347, epoch 136, step  79, loss 1.25706407, auc@1 65.15, auc@5 89.57
2021-05-23 12:25:13,121:INFO:[Rank-3] train time 38.3538, epoch 137, step  98, loss 0.93215680, auc@1 74.14, auc@5 94.67, share 62, std_loss 0.01643038410170726,  0.95372 0.93070 0.93064 0.91382
2021-05-23 12:25:28,144:INFO:[Rank-3] val time 15.0196, epoch 137, step  79, loss 1.23704303, auc@1 65.37, auc@5 90.19
2021-05-23 12:26:07,791:INFO:[Rank-3] train time 39.5026, epoch 138, step  98, loss 0.92541063, auc@1 74.36, auc@5 94.77, share 66, std_loss 0.02021565840921688,  0.94805 0.92085 0.91250 0.91876
2021-05-23 12:26:23,068:INFO:[Rank-3] val time 15.2740, epoch 138, step  79, loss 1.27231094, auc@1 64.84, auc@5 89.22
2021-05-23 12:27:02,975:INFO:[Rank-3] train time 39.7312, epoch 139, step  98, loss 0.91498202, auc@1 74.96, auc@5 94.87, share 78, std_loss 0.022586572345118135,  0.94498 0.91085 0.90419 0.90047
2021-05-23 12:27:18,092:INFO:[Rank-3] val time 15.1129, epoch 139, step  79, loss 1.21606603, auc@1 66.14, auc@5 90.06
2021-05-23 12:27:58,031:INFO:[Rank-3] train time 39.8821, epoch 140, step  98, loss 0.91341561, auc@1 74.64, auc@5 94.91, share 93, std_loss 0.0459492649236808,  0.96331 0.91044 0.91193 0.87028
2021-05-23 12:28:13,462:INFO:[Rank-3] val time 15.4271, epoch 140, step  79, loss 1.23247937, auc@1 65.48, auc@5 89.94
2021-05-23 12:28:52,186:INFO:[Rank-3] train time 38.6274, epoch 141, step  98, loss 0.91274405, auc@1 74.72, auc@5 94.90, share 71, std_loss 0.019381827494243577,  0.93041 0.89791 0.91615 0.90884
2021-05-23 12:29:07,210:INFO:[Rank-3] val time 15.0214, epoch 141, step  79, loss 1.25903852, auc@1 65.30, auc@5 89.79
2021-05-23 12:29:47,174:INFO:[Rank-3] train time 39.7636, epoch 142, step  98, loss 0.90891439, auc@1 74.79, auc@5 94.90, share 79, std_loss 0.03559061939999157,  0.94655 0.88706 0.90592 0.89724
2021-05-23 12:30:02,368:INFO:[Rank-3] val time 15.1885, epoch 142, step  79, loss 1.23239545, auc@1 65.62, auc@5 89.80
2021-05-23 12:30:41,733:INFO:[Rank-3] train time 39.1748, epoch 143, step  98, loss 0.90942538, auc@1 74.96, auc@5 94.94, share 84, std_loss 0.026025181265585885,  0.93946 0.88549 0.90845 0.89990
2021-05-23 12:30:56,819:INFO:[Rank-3] val time 15.0827, epoch 143, step  79, loss 1.27798874, auc@1 64.62, auc@5 89.31
2021-05-23 12:31:36,574:INFO:[Rank-3] train time 39.5092, epoch 144, step  98, loss 0.91317797, auc@1 74.53, auc@5 94.79, share 77, std_loss 0.03008444432397278,  0.94819 0.89983 0.91265 0.89109
2021-05-23 12:31:51,626:INFO:[Rank-3] val time 15.0490, epoch 144, step  79, loss 1.26092169, auc@1 64.94, auc@5 89.50
2021-05-23 12:32:31,212:INFO:[Rank-3] train time 39.4062, epoch 145, step  98, loss 0.90370560, auc@1 75.04, auc@5 95.05, share 74, std_loss 0.030975325679292485,  0.93922 0.90535 0.88625 0.88230
2021-05-23 12:32:46,352:INFO:[Rank-3] val time 15.1363, epoch 145, step  79, loss 1.24304838, auc@1 65.34, auc@5 89.82
2021-05-23 12:33:26,713:INFO:[Rank-3] train time 40.1616, epoch 146, step  98, loss 0.90074581, auc@1 74.99, auc@5 95.02, share 88, std_loss 0.03630711824386096,  0.92914 0.87936 0.92157 0.87172
2021-05-23 12:33:41,831:INFO:[Rank-3] val time 15.1151, epoch 146, step  79, loss 1.26429010, auc@1 64.72, auc@5 89.61
2021-05-23 12:34:21,688:INFO:[Rank-3] train time 39.7111, epoch 147, step  98, loss 0.90426469, auc@1 75.01, auc@5 94.94, share 86, std_loss 0.03058475517306705,  0.94147 0.89579 0.90872 0.87248
2021-05-23 12:34:36,870:INFO:[Rank-3] val time 15.1784, epoch 147, step  79, loss 1.21291829, auc@1 66.09, auc@5 89.86
2021-05-23 12:35:16,358:INFO:[Rank-3] train time 39.1998, epoch 148, step  98, loss 0.90020579, auc@1 75.00, auc@5 95.09, share 82, std_loss 0.030297718908903853,  0.95585 0.88104 0.87424 0.88932
2021-05-23 12:35:31,672:INFO:[Rank-3] val time 15.3108, epoch 148, step  79, loss 1.20208214, auc@1 66.01, auc@5 90.52
2021-05-23 12:36:11,174:INFO:[Rank-3] train time 39.3901, epoch 149, step  98, loss 0.88788533, auc@1 75.42, auc@5 95.16, share 88, std_loss 0.04298830762201426,  0.91844 0.89361 0.88883 0.84812
2021-05-23 12:36:26,221:INFO:[Rank-3] val time 15.0431, epoch 149, step  79, loss 1.29394440, auc@1 64.17, auc@5 89.13
2021-05-23 12:37:06,098:INFO:[Rank-3] train time 39.8333, epoch 150, step  98, loss 0.89573920, auc@1 75.36, auc@5 95.09, share 89, std_loss 0.04324620855706079,  0.95362 0.87130 0.88894 0.86815
2021-05-23 12:37:21,221:INFO:[Rank-3] val time 15.1187, epoch 150, step  79, loss 1.31525851, auc@1 63.41, auc@5 89.37
2021-05-23 12:38:01,073:INFO:[Rank-3] train time 39.7336, epoch 151, step  98, loss 0.90403312, auc@1 74.89, auc@5 94.90, share 85, std_loss 0.02969244146263417,  0.92910 0.88565 0.91518 0.88531
2021-05-23 12:38:16,231:INFO:[Rank-3] val time 15.1553, epoch 151, step  79, loss 1.30189095, auc@1 63.33, auc@5 89.27
2021-05-23 12:38:55,989:INFO:[Rank-3] train time 39.5060, epoch 152, step  98, loss 0.90096015, auc@1 75.09, auc@5 95.00, share 87, std_loss 0.0324914529159361,  0.94172 0.88763 0.89655 0.87446
2021-05-23 12:39:11,291:INFO:[Rank-3] val time 15.2984, epoch 152, step  79, loss 1.22075525, auc@1 66.00, auc@5 90.08
2021-05-23 12:39:51,364:INFO:[Rank-3] train time 39.8416, epoch 153, step  98, loss 0.89737922, auc@1 75.41, auc@5 94.96, share 92, std_loss 0.04105950859660397,  0.93764 0.88528 0.90206 0.86427
2021-05-23 12:40:06,706:INFO:[Rank-3] val time 15.3396, epoch 153, step  79, loss 1.27857291, auc@1 64.76, auc@5 89.25
2021-05-23 12:40:46,209:INFO:[Rank-3] train time 39.3313, epoch 154, step  98, loss 0.90096039, auc@1 75.26, auc@5 95.04, share 74, std_loss 0.02187458780233045,  0.92321 0.90514 0.90205 0.87318
2021-05-23 12:41:01,391:INFO:[Rank-3] val time 15.1795, epoch 154, step  79, loss 1.23404667, auc@1 65.85, auc@5 89.94
2021-05-23 12:41:41,364:INFO:[Rank-3] train time 39.7302, epoch 155, step  98, loss 0.90119112, auc@1 75.01, auc@5 94.96, share 84, std_loss 0.03280605887043841,  0.93658 0.87578 0.89975 0.89028
2021-05-23 12:41:56,428:INFO:[Rank-3] val time 15.0616, epoch 155, step  79, loss 1.22436560, auc@1 66.05, auc@5 90.12
2021-05-23 12:42:36,541:INFO:[Rank-3] train time 39.9953, epoch 156, step  98, loss 0.89950681, auc@1 75.10, auc@5 94.98, share 83, std_loss 0.029166941131864275,  0.93383 0.90507 0.88312 0.87653
2021-05-23 12:42:51,809:INFO:[Rank-3] val time 15.2649, epoch 156, step  79, loss 1.28678943, auc@1 64.78, auc@5 89.21
2021-05-23 12:43:31,644:INFO:[Rank-3] train time 39.7020, epoch 157, step  98, loss 0.89893436, auc@1 75.15, auc@5 95.08, share 79, std_loss 0.02374840253127777,  0.90464 0.90342 0.91335 0.87301
2021-05-23 12:43:46,777:INFO:[Rank-3] val time 15.1298, epoch 157, step  79, loss 1.24565151, auc@1 65.67, auc@5 89.90
2021-05-23 12:44:26,349:INFO:[Rank-3] train time 39.4527, epoch 158, step  98, loss 0.89131439, auc@1 75.56, auc@5 95.06, share 82, std_loss 0.025130177772014727,  0.92471 0.88117 0.89817 0.86086
2021-05-23 12:44:41,372:INFO:[Rank-3] val time 15.0198, epoch 158, step  79, loss 1.28952192, auc@1 64.35, auc@5 89.51
2021-05-23 12:45:21,280:INFO:[Rank-3] train time 39.7147, epoch 159, step  98, loss 0.88701922, auc@1 75.63, auc@5 95.13, share 88, std_loss 0.045323713986697246,  0.92802 0.88330 0.87172 0.86181
2021-05-23 12:45:36,427:INFO:[Rank-3] val time 15.1434, epoch 159, step  79, loss 1.30928077, auc@1 63.61, auc@5 88.96
2021-05-23 12:46:16,018:INFO:[Rank-3] train time 39.4091, epoch 160, step  98, loss 0.88728154, auc@1 75.46, auc@5 94.97, share 80, std_loss 0.021296031716070613,  0.91621 0.88626 0.88841 0.85877
2021-05-23 12:46:31,051:INFO:[Rank-3] val time 15.0291, epoch 160, step  79, loss 1.23590004, auc@1 65.75, auc@5 90.11
2021-05-23 12:47:10,006:INFO:[Rank-3] train time 38.8498, epoch 161, step  98, loss 0.77114892, auc@1 79.27, auc@5 96.25, share 59, std_loss 0.01537600841268669,  0.78710 0.76093 0.77355 0.76267
2021-05-23 12:47:25,179:INFO:[Rank-3] val time 15.1694, epoch 161, step  79, loss 1.01721484, auc@1 71.24, auc@5 92.64
2021-05-23 12:48:04,918:INFO:[Rank-3] train time 39.5631, epoch 162, step  98, loss 0.68559229, auc@1 81.78, auc@5 96.95, share 83, std_loss 0.029777614171711767,  0.71931 0.67127 0.70103 0.65220
2021-05-23 12:48:20,051:INFO:[Rank-3] val time 15.1296, epoch 162, step  79, loss 1.00207941, auc@1 71.49, auc@5 92.87
2021-05-23 12:48:59,683:INFO:[Rank-3] train time 39.4397, epoch 163, step  98, loss 0.65896678, auc@1 82.63, auc@5 97.14, share 89, std_loss 0.027947008837850725,  0.69094 0.64056 0.67151 0.63395
2021-05-23 12:49:14,729:INFO:[Rank-3] val time 15.0425, epoch 163, step  79, loss 0.99401536, auc@1 71.97, auc@5 92.97
2021-05-23 12:49:54,751:INFO:[Rank-3] train time 39.8678, epoch 164, step  98, loss 0.64719915, auc@1 83.04, auc@5 97.23, share 85, std_loss 0.021300948814165836,  0.66914 0.64731 0.66009 0.61053
2021-05-23 12:50:09,926:INFO:[Rank-3] val time 15.1713, epoch 164, step  79, loss 0.98704500, auc@1 72.22, auc@5 92.89
2021-05-23 12:50:49,669:INFO:[Rank-3] train time 39.6347, epoch 165, step  98, loss 0.62758350, auc@1 83.73, auc@5 97.46, share 90, std_loss 0.03335784991480866,  0.66673 0.62016 0.62441 0.60186
2021-05-23 12:51:04,686:INFO:[Rank-3] val time 15.0131, epoch 165, step  79, loss 0.97885556, auc@1 72.51, auc@5 93.14
2021-05-23 12:51:44,593:INFO:[Rank-3] train time 39.7207, epoch 166, step  98, loss 0.61984587, auc@1 83.75, auc@5 97.55, share 89, std_loss 0.0306482162250548,  0.65397 0.60577 0.62590 0.59535
2021-05-23 12:51:59,806:INFO:[Rank-3] val time 15.2093, epoch 166, step  79, loss 0.97359381, auc@1 72.69, auc@5 93.14
2021-05-23 12:52:39,396:INFO:[Rank-3] train time 39.5159, epoch 167, step  98, loss 0.60336369, auc@1 84.31, auc@5 97.60, share 82, std_loss 0.024545337786251793,  0.62845 0.58990 0.60903 0.58568
2021-05-23 12:52:54,763:INFO:[Rank-3] val time 15.3643, epoch 167, step  79, loss 0.97717546, auc@1 72.52, auc@5 93.08
2021-05-23 12:53:34,813:INFO:[Rank-3] train time 39.9032, epoch 168, step  98, loss 0.59792006, auc@1 84.45, auc@5 97.58, share 83, std_loss 0.026743459059115574,  0.63474 0.58839 0.60073 0.56758
2021-05-23 12:53:49,953:INFO:[Rank-3] val time 15.1372, epoch 168, step  79, loss 0.97665853, auc@1 72.75, auc@5 93.20
2021-05-23 12:54:28,969:INFO:[Rank-3] train time 38.9207, epoch 169, step  98, loss 0.58988124, auc@1 84.69, auc@5 97.69, share 84, std_loss 0.028138003426090796,  0.62473 0.58658 0.58126 0.56623
2021-05-23 12:54:44,329:INFO:[Rank-3] val time 15.3565, epoch 169, step  79, loss 0.97507220, auc@1 72.67, auc@5 93.41
2021-05-23 12:55:23,939:INFO:[Rank-3] train time 39.4148, epoch 170, step  98, loss 0.58373874, auc@1 84.89, auc@5 97.70, share 86, std_loss 0.034671260899274935,  0.62651 0.58257 0.56580 0.55860
2021-05-23 12:55:39,001:INFO:[Rank-3] val time 15.0576, epoch 170, step  79, loss 0.97698451, auc@1 72.67, auc@5 92.97
2021-05-23 12:56:18,584:INFO:[Rank-3] train time 39.2865, epoch 171, step  98, loss 0.57737654, auc@1 85.12, auc@5 97.81, share 87, std_loss 0.022662131685991675,  0.60701 0.56523 0.56969 0.56754
2021-05-23 12:56:33,663:INFO:[Rank-3] val time 15.0763, epoch 171, step  79, loss 0.97749177, auc@1 72.66, auc@5 92.92
2021-05-23 12:57:13,549:INFO:[Rank-3] train time 39.8293, epoch 172, step  98, loss 0.57434100, auc@1 85.08, auc@5 97.83, share 78, std_loss 0.02296764969977797,  0.60407 0.56950 0.56444 0.55907
2021-05-23 12:57:28,720:INFO:[Rank-3] val time 15.1678, epoch 172, step  79, loss 0.97735861, auc@1 73.11, auc@5 93.05
2021-05-23 12:58:08,538:INFO:[Rank-3] train time 39.7283, epoch 173, step  98, loss 0.56670284, auc@1 85.36, auc@5 97.84, share 89, std_loss 0.032708220354908585,  0.60075 0.55440 0.57127 0.54206
2021-05-23 12:58:23,606:INFO:[Rank-3] val time 15.0648, epoch 173, step  79, loss 0.97519952, auc@1 72.59, auc@5 93.10
2021-05-23 12:59:03,471:INFO:[Rank-3] train time 39.5944, epoch 174, step  98, loss 0.55846280, auc@1 85.60, auc@5 97.96, share 85, std_loss 0.036152767777747036,  0.59763 0.54785 0.54751 0.53895
2021-05-23 12:59:18,588:INFO:[Rank-3] val time 15.1134, epoch 174, step  79, loss 0.97191813, auc@1 72.77, auc@5 92.96
2021-05-23 12:59:58,230:INFO:[Rank-3] train time 39.4250, epoch 175, step  98, loss 0.55241585, auc@1 85.86, auc@5 98.03, share 85, std_loss 0.03142453579954347,  0.58069 0.54987 0.55856 0.52049
2021-05-23 13:00:13,300:INFO:[Rank-3] val time 15.0661, epoch 175, step  79, loss 0.96982652, auc@1 72.78, auc@5 93.17
2021-05-23 13:00:53,040:INFO:[Rank-3] train time 39.5404, epoch 176, step  98, loss 0.55118746, auc@1 85.91, auc@5 98.01, share 80, std_loss 0.018245374517781392,  0.57564 0.55331 0.55071 0.52393
2021-05-23 13:01:08,206:INFO:[Rank-3] val time 15.1616, epoch 176, step  79, loss 0.97280491, auc@1 72.88, auc@5 93.19
2021-05-23 13:01:47,715:INFO:[Rank-3] train time 39.4487, epoch 177, step  98, loss 0.54011267, auc@1 86.41, auc@5 98.05, share 83, std_loss 0.024757151615482812,  0.57611 0.52719 0.54497 0.51212
2021-05-23 13:02:02,796:INFO:[Rank-3] val time 15.0782, epoch 177, step  79, loss 0.97066958, auc@1 72.96, auc@5 93.06
2021-05-23 13:02:42,578:INFO:[Rank-3] train time 39.5958, epoch 178, step  98, loss 0.53891617, auc@1 86.27, auc@5 98.06, share 86, std_loss 0.03478320591075688,  0.58887 0.51935 0.54174 0.50627
2021-05-23 13:02:57,578:INFO:[Rank-3] val time 14.9972, epoch 178, step  79, loss 0.97116898, auc@1 72.87, auc@5 93.08
2021-05-23 13:03:37,557:INFO:[Rank-3] train time 39.7599, epoch 179, step  98, loss 0.53228390, auc@1 86.56, auc@5 98.09, share 89, std_loss 0.030903614933925624,  0.57118 0.52146 0.52737 0.50909
2021-05-23 13:03:52,778:INFO:[Rank-3] val time 15.2178, epoch 179, step  79, loss 0.97702759, auc@1 73.18, auc@5 93.00
2021-05-23 13:04:32,807:INFO:[Rank-3] train time 39.8152, epoch 180, step  98, loss 0.52879906, auc@1 86.65, auc@5 98.14, share 90, std_loss 0.037624056812147706,  0.57432 0.51187 0.52626 0.49925
2021-05-23 13:04:47,935:INFO:[Rank-3] val time 15.1246, epoch 180, step  79, loss 0.97343841, auc@1 72.82, auc@5 93.01
2021-05-23 13:05:27,551:INFO:[Rank-3] train time 39.5491, epoch 181, step  98, loss 0.52579898, auc@1 86.69, auc@5 98.13, share 87, std_loss 0.03225349731819362,  0.57413 0.50910 0.52170 0.49778
2021-05-23 13:05:42,780:INFO:[Rank-3] val time 15.2249, epoch 181, step  79, loss 0.97560884, auc@1 72.58, auc@5 93.03
2021-05-23 13:06:22,628:INFO:[Rank-3] train time 39.7769, epoch 182, step  98, loss 0.52505630, auc@1 86.70, auc@5 98.17, share 81, std_loss 0.02468322312497363,  0.54988 0.52224 0.52324 0.50605
2021-05-23 13:06:37,655:INFO:[Rank-3] val time 15.0237, epoch 182, step  79, loss 0.97265003, auc@1 72.61, auc@5 93.02
2021-05-23 13:07:17,840:INFO:[Rank-3] train time 39.8921, epoch 183, step  98, loss 0.51604587, auc@1 86.80, auc@5 98.28, share 80, std_loss 0.016840023577821498,  0.54934 0.50681 0.50502 0.50033
2021-05-23 13:07:33,236:INFO:[Rank-3] val time 15.3932, epoch 183, step  79, loss 0.97626255, auc@1 72.73, auc@5 93.09
2021-05-23 13:08:13,088:INFO:[Rank-3] train time 39.7047, epoch 184, step  98, loss 0.51098806, auc@1 87.18, auc@5 98.25, share 90, std_loss 0.029710484212454483,  0.55214 0.49901 0.50685 0.48311
2021-05-23 13:08:28,151:INFO:[Rank-3] val time 15.0590, epoch 184, step  79, loss 0.97619098, auc@1 73.14, auc@5 92.89
2021-05-23 13:09:08,391:INFO:[Rank-3] train time 39.9965, epoch 185, step  98, loss 0.51076436, auc@1 87.24, auc@5 98.27, share 87, std_loss 0.038982435946865956,  0.54854 0.50369 0.52030 0.46897
2021-05-23 13:09:23,377:INFO:[Rank-3] val time 14.9823, epoch 185, step  79, loss 0.97053643, auc@1 72.78, auc@5 93.05
2021-05-23 13:10:03,234:INFO:[Rank-3] train time 39.5930, epoch 186, step  98, loss 0.50798678, auc@1 87.43, auc@5 98.25, share 82, std_loss 0.02650319680343477,  0.54422 0.49855 0.50058 0.48824
2021-05-23 13:10:18,576:INFO:[Rank-3] val time 15.3386, epoch 186, step  79, loss 0.97323892, auc@1 72.84, auc@5 93.32
2021-05-23 13:10:58,145:INFO:[Rank-3] train time 39.5178, epoch 187, step  98, loss 0.49939880, auc@1 87.65, auc@5 98.24, share 91, std_loss 0.03233004124759107,  0.54134 0.48866 0.48724 0.48149
2021-05-23 13:11:13,265:INFO:[Rank-3] val time 15.1168, epoch 187, step  79, loss 0.97293584, auc@1 72.39, auc@5 93.01
2021-05-23 13:11:52,846:INFO:[Rank-3] train time 39.3914, epoch 188, step  98, loss 0.49575981, auc@1 87.70, auc@5 98.33, share 83, std_loss 0.02199213795496949,  0.52114 0.48900 0.49634 0.47430
2021-05-23 13:12:07,992:INFO:[Rank-3] val time 15.1421, epoch 188, step  79, loss 0.96846536, auc@1 72.80, auc@5 93.08
2021-05-23 13:12:47,889:INFO:[Rank-3] train time 39.7886, epoch 189, step  98, loss 0.49678868, auc@1 87.74, auc@5 98.27, share 84, std_loss 0.027454239012179325,  0.53061 0.49144 0.47909 0.48577
2021-05-23 13:13:03,025:INFO:[Rank-3] val time 15.1335, epoch 189, step  79, loss 0.97468652, auc@1 73.02, auc@5 93.16
2021-05-23 13:13:42,793:INFO:[Rank-3] train time 39.5495, epoch 190, step  98, loss 0.48983961, auc@1 87.80, auc@5 98.38, share 90, std_loss 0.030111450606919065,  0.52633 0.47876 0.48768 0.46540
2021-05-23 13:13:58,039:INFO:[Rank-3] val time 15.2423, epoch 190, step  79, loss 0.98039619, auc@1 72.62, auc@5 93.04
2021-05-23 13:14:37,956:INFO:[Rank-3] train time 39.6775, epoch 191, step  98, loss 0.49026114, auc@1 87.85, auc@5 98.41, share 88, std_loss 0.035599460255126565,  0.53690 0.47192 0.47149 0.48015
2021-05-23 13:14:53,079:INFO:[Rank-3] val time 15.1198, epoch 191, step  79, loss 0.97476347, auc@1 73.07, auc@5 93.22
2021-05-23 13:15:32,689:INFO:[Rank-3] train time 39.5504, epoch 192, step  98, loss 0.48080647, auc@1 88.11, auc@5 98.46, share 81, std_loss 0.023453332474265173,  0.51917 0.46881 0.47646 0.45592
2021-05-23 13:15:47,975:INFO:[Rank-3] val time 15.2837, epoch 192, step  79, loss 0.97444496, auc@1 72.85, auc@5 93.15
2021-05-23 13:16:27,651:INFO:[Rank-3] train time 39.5147, epoch 193, step  98, loss 0.48236766, auc@1 88.13, auc@5 98.38, share 78, std_loss 0.024469941474345266,  0.50782 0.47037 0.48639 0.46251
2021-05-23 13:16:42,965:INFO:[Rank-3] val time 15.3108, epoch 193, step  79, loss 0.97827493, auc@1 73.01, auc@5 93.07
2021-05-23 13:17:22,765:INFO:[Rank-3] train time 39.6148, epoch 194, step  98, loss 0.47876751, auc@1 88.18, auc@5 98.48, share 86, std_loss 0.029378417366165286,  0.51078 0.46335 0.48221 0.45577
2021-05-23 13:17:37,838:INFO:[Rank-3] val time 15.0691, epoch 194, step  79, loss 0.98276656, auc@1 72.98, auc@5 92.90
2021-05-23 13:18:17,658:INFO:[Rank-3] train time 39.6478, epoch 195, step  98, loss 0.47198039, auc@1 88.30, auc@5 98.53, share 87, std_loss 0.027776204847863743,  0.50914 0.46610 0.46364 0.44989
2021-05-23 13:18:32,716:INFO:[Rank-3] val time 15.0550, epoch 195, step  79, loss 0.97368754, auc@1 73.03, auc@5 93.14
2021-05-23 13:19:12,283:INFO:[Rank-3] train time 39.4104, epoch 196, step  98, loss 0.47225124, auc@1 88.33, auc@5 98.48, share 92, std_loss 0.03391797781674838,  0.51669 0.46016 0.47360 0.43913
2021-05-23 13:19:27,426:INFO:[Rank-3] val time 15.1393, epoch 196, step  79, loss 0.97488602, auc@1 72.98, auc@5 93.05
2021-05-23 13:20:06,996:INFO:[Rank-3] train time 39.3671, epoch 197, step  98, loss 0.47042155, auc@1 88.57, auc@5 98.44, share 82, std_loss 0.023108727317683552,  0.50304 0.46055 0.46222 0.45368
2021-05-23 13:20:22,185:INFO:[Rank-3] val time 15.1860, epoch 197, step  79, loss 0.98194107, auc@1 72.88, auc@5 93.00
2021-05-23 13:21:02,400:INFO:[Rank-3] train time 40.0131, epoch 198, step  98, loss 0.46618673, auc@1 88.58, auc@5 98.53, share 88, std_loss 0.032131568509705215,  0.49468 0.46724 0.46694 0.43398
2021-05-23 13:21:17,564:INFO:[Rank-3] val time 15.1605, epoch 198, step  79, loss 0.97025948, auc@1 73.32, auc@5 93.09
2021-05-23 13:21:56,937:INFO:[Rank-3] train time 39.2913, epoch 199, step  98, loss 0.46589753, auc@1 88.49, auc@5 98.60, share 87, std_loss 0.0282444032099174,  0.49777 0.46076 0.45045 0.45325
2021-05-23 13:22:12,120:INFO:[Rank-3] val time 15.1791, epoch 199, step  79, loss 0.97862765, auc@1 72.88, auc@5 93.10
2021-05-23 13:22:52,335:INFO:[Rank-3] train time 40.0158, epoch 200, step  98, loss 0.45867550, auc@1 88.88, auc@5 98.58, share 82, std_loss 0.02523868597511734,  0.49138 0.44036 0.46200 0.43986
2021-05-23 13:23:07,598:INFO:[Rank-3] val time 15.2593, epoch 200, step  79, loss 0.98633578, auc@1 72.67, auc@5 92.99
2021-05-23 13:23:07,599:INFO:[Rank-3] finish, train+val 10942.80020, train 7914.43177, reduce_count 16040
