2021-05-23 01:18:43,196:INFO:[Rank-0] args : Namespace(batch=1024, current_time='20210523_011835', dataset='cifar100', epochs=200, ip='192.168.1.1:7548', k=16, loss_std_gap_rate=1.0, lr=0.1, momentum=0.9, name='loss', rank=0, scheduler_step=80, train_type='loss', weight_decay=0.005, world=4)
2021-05-23 01:19:21,087:INFO:[Rank-0] train time 36.3457, epoch   1, step  49, loss 5.52824926, auc@1 1.12, auc@5 5.42, share 18, std_loss 0.14972817441638636,  5.52039 5.71458 5.53693 5.61825
2021-05-23 01:19:36,158:INFO:[Rank-0] val time 15.0675, epoch   1, step  40, loss 4.60729868, auc@1 1.44, auc@5 6.53
2021-05-23 01:20:13,747:INFO:[Rank-0] train time 37.4665, epoch   2, step  49, loss 4.68141413, auc@1 1.89, auc@5 7.92, share 40, std_loss 0.070879229781579,  4.62021 4.67919 4.68646 4.74931
2021-05-23 01:20:29,013:INFO:[Rank-0] val time 15.2628, epoch   2, step  40, loss 4.48459258, auc@1 2.56, auc@5 10.35
2021-05-23 01:21:06,805:INFO:[Rank-0] train time 37.5892, epoch   3, step  49, loss 4.46059179, auc@1 2.66, auc@5 12.26, share 47, std_loss 0.08350081680988779,  4.35304 4.52805 4.40442 4.56261
2021-05-23 01:21:22,233:INFO:[Rank-0] val time 15.4241, epoch   3, step  40, loss 4.41473817, auc@1 2.58, auc@5 11.38
2021-05-23 01:21:59,837:INFO:[Rank-0] train time 37.4051, epoch   4, step  49, loss 4.27307129, auc@1 3.98, auc@5 16.59, share 49, std_loss 0.1012284410547237,  4.18189 4.28749 4.21968 4.41065
2021-05-23 01:22:15,128:INFO:[Rank-0] val time 15.2883, epoch   4, step  40, loss 4.35130524, auc@1 3.53, auc@5 14.17
2021-05-23 01:22:52,655:INFO:[Rank-0] train time 37.3050, epoch   5, step  49, loss 4.13721132, auc@1 5.27, auc@5 20.45, share 48, std_loss 0.09087149844485887,  4.06521 4.14987 4.07439 4.26530
2021-05-23 01:23:07,952:INFO:[Rank-0] val time 15.2936, epoch   5, step  40, loss 4.27544370, auc@1 3.85, auc@5 15.97
2021-05-23 01:23:45,307:INFO:[Rank-0] train time 37.1298, epoch   6, step  49, loss 4.04537296, auc@1 6.34, auc@5 23.34, share 47, std_loss 0.08586013248684454,  3.96400 4.06830 3.99334 4.16219
2021-05-23 01:24:00,651:INFO:[Rank-0] val time 15.3405, epoch   6, step  40, loss 4.19496405, auc@1 5.48, auc@5 19.83
2021-05-23 01:24:38,588:INFO:[Rank-0] train time 37.6731, epoch   7, step  49, loss 3.97835946, auc@1 7.19, auc@5 26.19, share 47, std_loss 0.06534486856995797,  3.90603 4.00624 3.93654 4.07210
2021-05-23 01:24:53,798:INFO:[Rank-0] val time 15.2076, epoch   7, step  40, loss 4.17124085, auc@1 5.09, auc@5 20.41
2021-05-23 01:25:31,460:INFO:[Rank-0] train time 37.4428, epoch   8, step  49, loss 3.90170193, auc@1 8.26, auc@5 28.72, share 46, std_loss 0.07770633545457101,  3.83401 3.93111 3.86089 3.98724
2021-05-23 01:25:46,822:INFO:[Rank-0] val time 15.3589, epoch   8, step  40, loss 4.07632398, auc@1 6.42, auc@5 23.22
2021-05-23 01:26:24,757:INFO:[Rank-0] train time 37.8368, epoch   9, step  49, loss 3.83715057, auc@1 9.40, auc@5 31.05, share 49, std_loss 0.062141915051532645,  3.79102 3.85797 3.78841 3.91016
2021-05-23 01:26:39,924:INFO:[Rank-0] val time 15.1642, epoch   9, step  40, loss 4.17612675, auc@1 5.64, auc@5 20.40
2021-05-23 01:27:17,678:INFO:[Rank-0] train time 37.4869, epoch  10, step  49, loss 3.80294490, auc@1 9.91, auc@5 32.37, share 40, std_loss 0.05707805307239902,  3.75719 3.81974 3.77423 3.86457
2021-05-23 01:27:33,260:INFO:[Rank-0] val time 15.5791, epoch  10, step  40, loss 3.96959064, auc@1 8.54, auc@5 27.42
2021-05-23 01:28:10,807:INFO:[Rank-0] train time 37.2795, epoch  11, step  49, loss 3.75586057, auc@1 10.70, auc@5 33.93, share 49, std_loss 0.060788788737691175,  3.72801 3.77426 3.69214 3.83153
2021-05-23 01:28:26,197:INFO:[Rank-0] val time 15.3871, epoch  11, step  40, loss 4.00554040, auc@1 7.91, auc@5 25.97
2021-05-23 01:29:03,619:INFO:[Rank-0] train time 37.3178, epoch  12, step  49, loss 3.73157167, auc@1 11.29, auc@5 34.89, share 43, std_loss 0.07322567769763422,  3.68921 3.74458 3.67127 3.81862
2021-05-23 01:29:18,903:INFO:[Rank-0] val time 15.2813, epoch  12, step  40, loss 3.91661526, auc@1 9.02, auc@5 29.69
2021-05-23 01:29:56,404:INFO:[Rank-0] train time 37.2173, epoch  13, step  49, loss 3.72016692, auc@1 11.28, auc@5 35.39, share 44, std_loss 0.059507549189183176,  3.69642 3.71311 3.68096 3.79563
2021-05-23 01:30:11,539:INFO:[Rank-0] val time 15.1324, epoch  13, step  40, loss 4.15480207, auc@1 7.03, auc@5 23.10
2021-05-23 01:30:49,698:INFO:[Rank-0] train time 38.0376, epoch  14, step  49, loss 3.68212676, auc@1 11.75, auc@5 36.38, share 48, std_loss 0.052609710516978284,  3.64249 3.64853 3.67600 3.75757
2021-05-23 01:31:04,940:INFO:[Rank-0] val time 15.2395, epoch  14, step  40, loss 4.04201249, auc@1 7.41, auc@5 26.18
2021-05-23 01:31:43,163:INFO:[Rank-0] train time 37.8714, epoch  15, step  49, loss 3.66618562, auc@1 12.03, auc@5 36.81, share 41, std_loss 0.05043139004585694,  3.63795 3.64672 3.64791 3.73202
2021-05-23 01:31:58,474:INFO:[Rank-0] val time 15.3083, epoch  15, step  40, loss 3.86499299, auc@1 10.02, auc@5 30.81
2021-05-23 01:32:37,227:INFO:[Rank-0] train time 38.6535, epoch  16, step  49, loss 3.63054633, auc@1 12.55, auc@5 37.93, share 44, std_loss 0.04976350966156745,  3.60880 3.59395 3.63326 3.68737
2021-05-23 01:32:52,457:INFO:[Rank-0] val time 15.2254, epoch  16, step  40, loss 4.03177747, auc@1 9.18, auc@5 29.44
2021-05-23 01:33:30,108:INFO:[Rank-0] train time 37.4405, epoch  17, step  49, loss 3.58389902, auc@1 13.54, auc@5 39.33, share 42, std_loss 0.05263957084745777,  3.56877 3.54336 3.58219 3.64056
2021-05-23 01:33:45,367:INFO:[Rank-0] val time 15.2556, epoch  17, step  40, loss 3.99197025, auc@1 9.22, auc@5 29.38
2021-05-23 01:34:22,740:INFO:[Rank-0] train time 37.1914, epoch  18, step  49, loss 3.53219008, auc@1 14.44, auc@5 41.27, share 38, std_loss 0.02714661476487408,  3.51993 3.53486 3.51247 3.56788
2021-05-23 01:34:38,026:INFO:[Rank-0] val time 15.2834, epoch  18, step  40, loss 3.79888306, auc@1 11.06, auc@5 33.81
2021-05-23 01:35:15,204:INFO:[Rank-0] train time 36.9384, epoch  19, step  49, loss 3.49926710, auc@1 14.99, auc@5 41.90, share 33, std_loss 0.03950467644905557,  3.51989 3.46659 3.50671 3.50947
2021-05-23 01:35:30,529:INFO:[Rank-0] val time 15.3217, epoch  19, step  40, loss 4.01266580, auc@1 9.31, auc@5 28.72
2021-05-23 01:36:08,288:INFO:[Rank-0] train time 37.5309, epoch  20, step  49, loss 3.41257119, auc@1 16.48, auc@5 44.63, share 44, std_loss 0.05208856190497778,  3.46743 3.33433 3.44447 3.40653
2021-05-23 01:36:23,581:INFO:[Rank-0] val time 15.2899, epoch  20, step  40, loss 3.82045303, auc@1 10.20, auc@5 31.30
2021-05-23 01:37:01,741:INFO:[Rank-0] train time 38.0868, epoch  21, step  49, loss 3.38849783, auc@1 16.93, auc@5 45.46, share 43, std_loss 0.07318591797838406,  3.42441 3.27647 3.45465 3.39698
2021-05-23 01:37:16,961:INFO:[Rank-0] val time 15.2165, epoch  21, step  40, loss 3.58364770, auc@1 14.38, auc@5 39.43
2021-05-23 01:37:54,650:INFO:[Rank-0] train time 37.4936, epoch  22, step  49, loss 3.35207844, auc@1 17.45, auc@5 46.34, share 37, std_loss 0.08529721793471551,  3.41278 3.23169 3.40636 3.35962
2021-05-23 01:38:09,879:INFO:[Rank-0] val time 15.2268, epoch  22, step  40, loss 3.54596019, auc@1 15.04, auc@5 40.20
2021-05-23 01:38:48,146:INFO:[Rank-0] train time 38.0256, epoch  23, step  49, loss 3.28795409, auc@1 18.42, auc@5 48.06, share 45, std_loss 0.09423390760713694,  3.37459 3.14325 3.35881 3.27576
2021-05-23 01:39:03,346:INFO:[Rank-0] val time 15.1972, epoch  23, step  40, loss 3.61156267, auc@1 14.25, auc@5 39.59
2021-05-23 01:39:41,227:INFO:[Rank-0] train time 37.7026, epoch  24, step  49, loss 3.26433182, auc@1 19.23, auc@5 48.57, share 46, std_loss 0.12524415932747782,  3.38203 3.09705 3.32733 3.24889
2021-05-23 01:39:56,446:INFO:[Rank-0] val time 15.2158, epoch  24, step  40, loss 3.75590165, auc@1 12.64, auc@5 36.15
2021-05-23 01:40:34,296:INFO:[Rank-0] train time 37.7736, epoch  25, step  49, loss 3.22560430, auc@1 19.57, auc@5 50.15, share 49, std_loss 0.13420398776628534,  3.35325 3.03317 3.28281 3.23363
2021-05-23 01:40:49,503:INFO:[Rank-0] val time 15.2036, epoch  25, step  40, loss 3.71878844, auc@1 12.91, auc@5 36.41
2021-05-23 01:41:27,672:INFO:[Rank-0] train time 37.8618, epoch  26, step  49, loss 3.20422864, auc@1 19.91, auc@5 50.49, share 44, std_loss 0.12285131094407062,  3.32639 3.03590 3.26228 3.19695
2021-05-23 01:41:43,040:INFO:[Rank-0] val time 15.3652, epoch  26, step  40, loss 3.55606318, auc@1 14.31, auc@5 40.14
2021-05-23 01:42:22,283:INFO:[Rank-0] train time 38.9232, epoch  27, step  49, loss 3.17627883, auc@1 20.50, auc@5 51.26, share 44, std_loss 0.12440493231525226,  3.28909 2.99405 3.23184 3.19323
2021-05-23 01:42:37,488:INFO:[Rank-0] val time 15.2014, epoch  27, step  40, loss 3.48695674, auc@1 16.02, auc@5 42.63
2021-05-23 01:43:15,120:INFO:[Rank-0] train time 37.3738, epoch  28, step  49, loss 3.15588927, auc@1 21.20, auc@5 51.72, share 46, std_loss 0.11919777977223299,  3.31510 2.97532 3.18430 3.14972
2021-05-23 01:43:30,508:INFO:[Rank-0] val time 15.3842, epoch  28, step  40, loss 3.54685019, auc@1 15.59, auc@5 40.95
2021-05-23 01:44:08,643:INFO:[Rank-0] train time 38.0145, epoch  29, step  49, loss 3.12617564, auc@1 21.66, auc@5 52.65, share 49, std_loss 0.16026513065610612,  3.28602 2.92536 3.16576 3.13184
2021-05-23 01:44:23,819:INFO:[Rank-0] val time 15.1729, epoch  29, step  40, loss 3.57001205, auc@1 14.31, auc@5 40.89
2021-05-23 01:45:01,712:INFO:[Rank-0] train time 37.7986, epoch  30, step  49, loss 3.09110761, auc@1 22.40, auc@5 53.55, share 47, std_loss 0.14217554488960576,  3.23710 2.91210 3.09576 3.11924
2021-05-23 01:45:16,885:INFO:[Rank-0] val time 15.1686, epoch  30, step  40, loss 3.38767407, auc@1 16.64, auc@5 46.23
2021-05-23 01:45:54,975:INFO:[Rank-0] train time 37.9176, epoch  31, step  49, loss 3.07130337, auc@1 22.43, auc@5 54.05, share 48, std_loss 0.13519239486480245,  3.19397 2.89345 3.12486 3.07322
2021-05-23 01:46:10,360:INFO:[Rank-0] val time 15.3819, epoch  31, step  40, loss 3.57368104, auc@1 16.57, auc@5 40.77
2021-05-23 01:46:47,895:INFO:[Rank-0] train time 37.3146, epoch  32, step  49, loss 3.06993628, auc@1 22.59, auc@5 54.00, share 43, std_loss 0.12037637404033116,  3.19630 2.89256 3.10290 3.09137
2021-05-23 01:47:03,242:INFO:[Rank-0] val time 15.3434, epoch  32, step  40, loss 3.67756180, auc@1 13.95, auc@5 38.48
2021-05-23 01:47:41,581:INFO:[Rank-0] train time 38.0744, epoch  33, step  49, loss 3.03708959, auc@1 23.17, auc@5 55.03, share 46, std_loss 0.12869146177355123,  3.15117 2.86259 3.09482 3.04162
2021-05-23 01:47:56,779:INFO:[Rank-0] val time 15.1943, epoch  33, step  40, loss 3.44523303, auc@1 16.94, auc@5 46.37
2021-05-23 01:48:34,902:INFO:[Rank-0] train time 37.8768, epoch  34, step  49, loss 3.00862312, auc@1 23.65, auc@5 55.97, share 44, std_loss 0.11838338828208494,  3.10242 2.85349 3.06166 3.01975
2021-05-23 01:48:50,194:INFO:[Rank-0] val time 15.2882, epoch  34, step  40, loss 3.45621723, auc@1 17.72, auc@5 43.55
2021-05-23 01:49:28,209:INFO:[Rank-0] train time 37.9144, epoch  35, step  49, loss 2.99915934, auc@1 23.95, auc@5 55.93, share 49, std_loss 0.1409948887873669,  3.11498 2.83397 3.06475 2.98332
2021-05-23 01:49:43,414:INFO:[Rank-0] val time 15.2008, epoch  35, step  40, loss 3.54570659, auc@1 16.39, auc@5 42.96
2021-05-23 01:50:21,291:INFO:[Rank-0] train time 37.6519, epoch  36, step  49, loss 2.97075009, auc@1 24.49, auc@5 56.78, share 49, std_loss 0.12604750594010158,  3.08812 2.81218 3.02844 2.95390
2021-05-23 01:50:36,639:INFO:[Rank-0] val time 15.3444, epoch  36, step  40, loss 3.50465613, auc@1 17.75, auc@5 44.54
2021-05-23 01:51:14,578:INFO:[Rank-0] train time 37.6698, epoch  37, step  49, loss 2.96767664, auc@1 24.91, auc@5 56.78, share 45, std_loss 0.12070769862252839,  3.06745 2.80438 3.07239 2.93237
2021-05-23 01:51:29,744:INFO:[Rank-0] val time 15.1624, epoch  37, step  40, loss 3.59635630, auc@1 15.78, auc@5 41.92
2021-05-23 01:52:07,947:INFO:[Rank-0] train time 37.9287, epoch  38, step  49, loss 2.94114614, auc@1 25.33, auc@5 57.59, share 48, std_loss 0.11997995586419592,  3.05303 2.79278 3.01737 2.90363
2021-05-23 01:52:23,307:INFO:[Rank-0] val time 15.3561, epoch  38, step  40, loss 3.38792689, auc@1 17.63, auc@5 44.74
2021-05-23 01:53:01,343:INFO:[Rank-0] train time 37.8152, epoch  39, step  49, loss 2.92904353, auc@1 25.27, auc@5 57.70, share 49, std_loss 0.12652981037996253,  3.04724 2.78929 2.99562 2.88698
2021-05-23 01:53:16,567:INFO:[Rank-0] val time 15.2203, epoch  39, step  40, loss 3.48053769, auc@1 17.07, auc@5 42.98
2021-05-23 01:53:54,265:INFO:[Rank-0] train time 37.4682, epoch  40, step  49, loss 2.94444776, auc@1 25.08, auc@5 57.54, share 43, std_loss 0.11585574323425488,  3.05200 2.79813 3.02464 2.90562
2021-05-23 01:54:09,449:INFO:[Rank-0] val time 15.1808, epoch  40, step  40, loss 3.47633730, auc@1 17.40, auc@5 43.69
2021-05-23 01:54:47,645:INFO:[Rank-0] train time 37.9674, epoch  41, step  49, loss 2.92780089, auc@1 25.52, auc@5 58.05, share 45, std_loss 0.12855399886564334,  3.03484 2.76624 3.00463 2.90920
2021-05-23 01:55:03,176:INFO:[Rank-0] val time 15.5273, epoch  41, step  40, loss 3.66553845, auc@1 15.08, auc@5 39.97
2021-05-23 01:55:41,002:INFO:[Rank-0] train time 37.5135, epoch  42, step  49, loss 2.92212176, auc@1 25.50, auc@5 58.24, share 44, std_loss 0.14432862036082209,  3.06829 2.77041 2.99079 2.86339
2021-05-23 01:55:56,265:INFO:[Rank-0] val time 15.2602, epoch  42, step  40, loss 3.79179273, auc@1 13.62, auc@5 38.37
2021-05-23 01:56:34,373:INFO:[Rank-0] train time 37.9648, epoch  43, step  49, loss 2.89179492, auc@1 26.07, auc@5 58.88, share 46, std_loss 0.10500934780860434,  3.01370 2.77062 2.93149 2.85987
2021-05-23 01:56:49,798:INFO:[Rank-0] val time 15.4214, epoch  43, step  40, loss 3.61557468, auc@1 16.38, auc@5 41.56
2021-05-23 01:57:27,866:INFO:[Rank-0] train time 37.8752, epoch  44, step  49, loss 2.87487054, auc@1 26.23, auc@5 59.43, share 48, std_loss 0.1613709132890312,  3.02118 2.68616 2.97541 2.81366
2021-05-23 01:57:43,095:INFO:[Rank-0] val time 15.2258, epoch  44, step  40, loss 3.25316624, auc@1 20.09, auc@5 48.97
2021-05-23 01:58:20,655:INFO:[Rank-0] train time 37.4741, epoch  45, step  49, loss 2.90091467, auc@1 26.21, auc@5 58.41, share 44, std_loss 0.13070479902077695,  3.01981 2.73535 2.99615 2.85507
2021-05-23 01:58:36,423:INFO:[Rank-0] val time 15.7647, epoch  45, step  40, loss 3.37256566, auc@1 17.96, auc@5 46.72
2021-05-23 01:59:13,614:INFO:[Rank-0] train time 36.9587, epoch  46, step  49, loss 2.91094947, auc@1 25.93, auc@5 58.41, share 40, std_loss 0.12396531050302545,  3.02978 2.74321 3.00768 2.87381
2021-05-23 01:59:28,865:INFO:[Rank-0] val time 15.2476, epoch  46, step  40, loss 3.46722439, auc@1 17.28, auc@5 44.27
2021-05-23 02:00:07,287:INFO:[Rank-0] train time 38.2058, epoch  47, step  49, loss 2.87003160, auc@1 26.68, auc@5 59.26, share 47, std_loss 0.10367449601085818,  3.00557 2.72006 2.93116 2.82798
2021-05-23 02:00:22,527:INFO:[Rank-0] val time 15.2368, epoch  47, step  40, loss 3.44032723, auc@1 16.68, auc@5 44.81
2021-05-23 02:01:00,925:INFO:[Rank-0] train time 38.3300, epoch  48, step  49, loss 2.86235976, auc@1 26.76, auc@5 59.75, share 46, std_loss 0.10367744963388054,  2.96306 2.73755 2.95345 2.79621
2021-05-23 02:01:16,401:INFO:[Rank-0] val time 15.4723, epoch  48, step  40, loss 3.78888774, auc@1 14.30, auc@5 41.62
2021-05-23 02:01:54,048:INFO:[Rank-0] train time 37.4676, epoch  49, step  49, loss 2.85274935, auc@1 26.87, auc@5 59.83, share 44, std_loss 0.12616297693885103,  2.99429 2.70651 2.91710 2.79035
2021-05-23 02:02:09,379:INFO:[Rank-0] val time 15.3284, epoch  49, step  40, loss 3.79578772, auc@1 14.39, auc@5 37.90
2021-05-23 02:02:47,173:INFO:[Rank-0] train time 37.5327, epoch  50, step  49, loss 2.84951496, auc@1 26.98, auc@5 59.88, share 48, std_loss 0.11782218257383424,  2.97563 2.72560 2.93010 2.76709
2021-05-23 02:03:02,471:INFO:[Rank-0] val time 15.2948, epoch  50, step  40, loss 3.53518438, auc@1 16.26, auc@5 43.66
2021-05-23 02:03:40,463:INFO:[Rank-0] train time 37.8140, epoch  51, step  49, loss 2.84730053, auc@1 27.10, auc@5 60.06, share 49, std_loss 0.12774473565573596,  2.98148 2.71135 2.92248 2.76284
2021-05-23 02:03:55,693:INFO:[Rank-0] val time 15.2267, epoch  51, step  40, loss 3.88511567, auc@1 14.20, auc@5 38.53
2021-05-23 02:04:33,733:INFO:[Rank-0] train time 37.9167, epoch  52, step  49, loss 2.83611441, auc@1 27.68, auc@5 60.49, share 47, std_loss 0.12362391060712385,  2.97358 2.69346 2.90297 2.77703
2021-05-23 02:04:48,917:INFO:[Rank-0] val time 15.1809, epoch  52, step  40, loss 3.22903547, auc@1 19.62, auc@5 50.47
2021-05-23 02:05:26,813:INFO:[Rank-0] train time 37.8442, epoch  53, step  49, loss 2.83879185, auc@1 27.30, auc@5 60.24, share 46, std_loss 0.13698661357772593,  2.96852 2.69746 2.91815 2.77128
2021-05-23 02:05:42,049:INFO:[Rank-0] val time 15.2329, epoch  53, step  40, loss 3.77053594, auc@1 15.73, auc@5 42.93
2021-05-23 02:06:20,309:INFO:[Rank-0] train time 38.0446, epoch  54, step  49, loss 2.83244133, auc@1 27.45, auc@5 60.50, share 48, std_loss 0.14460145058680554,  2.98726 2.67755 2.91570 2.75167
2021-05-23 02:06:35,624:INFO:[Rank-0] val time 15.3118, epoch  54, step  40, loss 3.88695427, auc@1 14.62, auc@5 38.47
2021-05-23 02:07:13,923:INFO:[Rank-0] train time 38.2026, epoch  55, step  49, loss 2.81448555, auc@1 27.82, auc@5 60.88, share 49, std_loss 0.1309866389753867,  2.95448 2.65901 2.89929 2.74450
2021-05-23 02:07:29,211:INFO:[Rank-0] val time 15.2848, epoch  55, step  40, loss 3.85527128, auc@1 11.44, auc@5 34.95
2021-05-23 02:08:06,613:INFO:[Rank-0] train time 37.2730, epoch  56, step  49, loss 2.84327221, auc@1 27.15, auc@5 60.10, share 42, std_loss 0.12011726063733198,  2.97009 2.70840 2.90229 2.79122
2021-05-23 02:08:22,075:INFO:[Rank-0] val time 15.4587, epoch  56, step  40, loss 3.57381444, auc@1 16.05, auc@5 43.25
2021-05-23 02:08:58,864:INFO:[Rank-0] train time 36.5859, epoch  57, step  49, loss 2.82034755, auc@1 27.74, auc@5 60.51, share 48, std_loss 0.12109799150909696,  2.92754 2.68757 2.90688 2.76205
2021-05-23 02:09:14,149:INFO:[Rank-0] val time 15.2822, epoch  57, step  40, loss 3.67671648, auc@1 16.13, auc@5 42.68
2021-05-23 02:09:51,894:INFO:[Rank-0] train time 37.5415, epoch  58, step  49, loss 2.82371187, auc@1 27.52, auc@5 60.60, share 43, std_loss 0.11514560771839959,  2.92850 2.68580 2.89264 2.78660
2021-05-23 02:10:07,151:INFO:[Rank-0] val time 15.2545, epoch  58, step  40, loss 3.39233058, auc@1 19.26, auc@5 48.56
2021-05-23 02:10:45,505:INFO:[Rank-0] train time 38.1467, epoch  59, step  49, loss 2.80654430, auc@1 28.05, auc@5 60.90, share 46, std_loss 0.13347230897266038,  2.93882 2.65686 2.89862 2.73233
2021-05-23 02:11:00,846:INFO:[Rank-0] val time 15.3372, epoch  59, step  40, loss 4.02191148, auc@1 13.98, auc@5 35.87
2021-05-23 02:11:38,630:INFO:[Rank-0] train time 37.6720, epoch  60, step  49, loss 2.80301213, auc@1 27.97, auc@5 61.28, share 47, std_loss 0.10275465447683724,  2.92997 2.68363 2.87407 2.72744
2021-05-23 02:11:53,944:INFO:[Rank-0] val time 15.3109, epoch  60, step  40, loss 3.60812152, auc@1 17.07, auc@5 42.74
2021-05-23 02:12:31,654:INFO:[Rank-0] train time 37.4264, epoch  61, step  49, loss 2.80993724, auc@1 27.87, auc@5 60.83, share 44, std_loss 0.14008329595838273,  2.93332 2.66363 2.90031 2.74009
2021-05-23 02:12:46,910:INFO:[Rank-0] val time 15.2518, epoch  61, step  40, loss 3.39488525, auc@1 18.45, auc@5 45.95
2021-05-23 02:13:24,889:INFO:[Rank-0] train time 37.8295, epoch  62, step  49, loss 2.81582594, auc@1 27.79, auc@5 60.91, share 41, std_loss 0.10344032669553951,  2.93102 2.70435 2.88938 2.74121
2021-05-23 02:13:40,090:INFO:[Rank-0] val time 15.1978, epoch  62, step  40, loss 3.27340434, auc@1 20.09, auc@5 48.57
2021-05-23 02:14:18,813:INFO:[Rank-0] train time 38.4871, epoch  63, step  49, loss 2.78293538, auc@1 28.64, auc@5 61.44, share 48, std_loss 0.12113990072084933,  2.88686 2.63458 2.87084 2.73644
2021-05-23 02:14:34,006:INFO:[Rank-0] val time 15.1892, epoch  63, step  40, loss 3.73361623, auc@1 15.99, auc@5 43.10
2021-05-23 02:15:12,009:INFO:[Rank-0] train time 37.8600, epoch  64, step  49, loss 2.78657317, auc@1 28.36, auc@5 61.75, share 49, std_loss 0.11799719503947667,  2.90384 2.65419 2.87921 2.70411
2021-05-23 02:15:27,617:INFO:[Rank-0] val time 15.6045, epoch  64, step  40, loss 3.73721207, auc@1 14.69, auc@5 41.14
2021-05-23 02:16:05,542:INFO:[Rank-0] train time 37.7632, epoch  65, step  49, loss 2.80537868, auc@1 27.93, auc@5 61.13, share 44, std_loss 0.12802616689278154,  2.93050 2.65967 2.89532 2.73954
2021-05-23 02:16:20,757:INFO:[Rank-0] val time 15.2126, epoch  65, step  40, loss 3.75426415, auc@1 14.96, auc@5 39.40
2021-05-23 02:16:59,151:INFO:[Rank-0] train time 38.2372, epoch  66, step  49, loss 2.77648997, auc@1 28.90, auc@5 61.60, share 49, std_loss 0.1385657603339273,  2.92362 2.61809 2.85420 2.70798
2021-05-23 02:17:14,583:INFO:[Rank-0] val time 15.4280, epoch  66, step  40, loss 3.36009308, auc@1 18.61, auc@5 47.59
2021-05-23 02:17:51,999:INFO:[Rank-0] train time 37.2385, epoch  67, step  49, loss 2.79598403, auc@1 28.22, auc@5 61.42, share 43, std_loss 0.11731313564339463,  2.89868 2.67371 2.87228 2.74467
2021-05-23 02:18:07,172:INFO:[Rank-0] val time 15.1697, epoch  67, step  40, loss 3.61974732, auc@1 16.09, auc@5 43.48
2021-05-23 02:18:45,237:INFO:[Rank-0] train time 37.9795, epoch  68, step  49, loss 2.79670072, auc@1 28.23, auc@5 61.38, share 43, std_loss 0.1150011795820022,  2.89706 2.67445 2.88655 2.72248
2021-05-23 02:19:00,534:INFO:[Rank-0] val time 15.2940, epoch  68, step  40, loss 3.64941453, auc@1 16.47, auc@5 43.15
2021-05-23 02:19:38,644:INFO:[Rank-0] train time 37.8976, epoch  69, step  49, loss 2.78415632, auc@1 28.62, auc@5 61.45, share 45, std_loss 0.12133510061064545,  2.91154 2.65401 2.85658 2.71961
2021-05-23 02:19:53,899:INFO:[Rank-0] val time 15.2518, epoch  69, step  40, loss 3.25834184, auc@1 19.84, auc@5 49.78
2021-05-23 02:20:32,177:INFO:[Rank-0] train time 38.0373, epoch  70, step  49, loss 2.75982571, auc@1 28.87, auc@5 62.06, share 49, std_loss 0.12983214246983432,  2.85936 2.62536 2.86787 2.68542
2021-05-23 02:20:47,534:INFO:[Rank-0] val time 15.3531, epoch  70, step  40, loss 3.75472477, auc@1 16.09, auc@5 41.29
2021-05-23 02:21:25,073:INFO:[Rank-0] train time 37.3292, epoch  71, step  49, loss 2.78892684, auc@1 28.48, auc@5 61.32, share 42, std_loss 0.12925015374714013,  2.89650 2.67194 2.87826 2.71401
2021-05-23 02:21:40,437:INFO:[Rank-0] val time 15.3620, epoch  71, step  40, loss 3.70560228, auc@1 18.67, auc@5 43.15
2021-05-23 02:22:18,752:INFO:[Rank-0] train time 38.0289, epoch  72, step  49, loss 2.76088309, auc@1 29.04, auc@5 62.35, share 44, std_loss 0.11852622731607787,  2.86382 2.63637 2.85763 2.68945
2021-05-23 02:22:34,035:INFO:[Rank-0] val time 15.2798, epoch  72, step  40, loss 3.29289948, auc@1 20.78, auc@5 50.65
2021-05-23 02:23:12,587:INFO:[Rank-0] train time 38.4065, epoch  73, step  49, loss 2.78007960, auc@1 28.58, auc@5 61.71, share 45, std_loss 0.12899908818760697,  2.85652 2.65574 2.87842 2.72949
2021-05-23 02:23:27,721:INFO:[Rank-0] val time 15.1302, epoch  73, step  40, loss 3.39935741, auc@1 18.91, auc@5 46.68
2021-05-23 02:24:05,522:INFO:[Rank-0] train time 37.5523, epoch  74, step  49, loss 2.77969122, auc@1 28.49, auc@5 61.88, share 42, std_loss 0.10434563229886853,  2.90148 2.66000 2.84631 2.71433
2021-05-23 02:24:20,829:INFO:[Rank-0] val time 15.3041, epoch  74, step  40, loss 3.41043804, auc@1 18.37, auc@5 47.95
2021-05-23 02:24:58,748:INFO:[Rank-0] train time 37.7686, epoch  75, step  49, loss 2.75175500, auc@1 29.19, auc@5 62.40, share 48, std_loss 0.10046198051802967,  2.83733 2.61019 2.84137 2.71652
2021-05-23 02:25:14,324:INFO:[Rank-0] val time 15.5733, epoch  75, step  40, loss 3.80346117, auc@1 15.60, auc@5 41.45
2021-05-23 02:25:52,134:INFO:[Rank-0] train time 37.5179, epoch  76, step  49, loss 2.77830505, auc@1 28.56, auc@5 61.79, share 44, std_loss 0.12396531415228941,  2.88440 2.63127 2.89801 2.69963
2021-05-23 02:26:07,389:INFO:[Rank-0] val time 15.2521, epoch  76, step  40, loss 3.96128526, auc@1 15.47, auc@5 38.16
2021-05-23 02:26:44,981:INFO:[Rank-0] train time 37.4493, epoch  77, step  49, loss 2.74421501, auc@1 29.32, auc@5 62.58, share 48, std_loss 0.10259417064335881,  2.82076 2.61705 2.83511 2.70138
2021-05-23 02:27:00,276:INFO:[Rank-0] val time 15.2914, epoch  77, step  40, loss 3.36299894, auc@1 19.27, auc@5 48.41
2021-05-23 02:27:38,564:INFO:[Rank-0] train time 38.1120, epoch  78, step  49, loss 2.77218366, auc@1 28.51, auc@5 61.95, share 43, std_loss 0.1047391131216166,  2.84366 2.66472 2.87552 2.70433
2021-05-23 02:27:53,871:INFO:[Rank-0] val time 15.3038, epoch  78, step  40, loss 3.13846683, auc@1 21.59, auc@5 52.48
2021-05-23 02:28:31,557:INFO:[Rank-0] train time 37.5997, epoch  79, step  49, loss 2.77416682, auc@1 28.62, auc@5 61.86, share 38, std_loss 0.08784211244510144,  2.87065 2.66692 2.83784 2.72864
2021-05-23 02:28:46,733:INFO:[Rank-0] val time 15.1738, epoch  79, step  40, loss 3.97675386, auc@1 14.87, auc@5 37.65
2021-05-23 02:29:24,653:INFO:[Rank-0] train time 37.7036, epoch  80, step  49, loss 2.73254156, auc@1 29.41, auc@5 62.51, share 49, std_loss 0.09339175479752677,  2.82555 2.62753 2.80987 2.66725
2021-05-23 02:29:40,102:INFO:[Rank-0] val time 15.4462, epoch  80, step  40, loss 3.43065731, auc@1 18.60, auc@5 45.76
2021-05-23 02:30:17,626:INFO:[Rank-0] train time 37.1252, epoch  81, step  49, loss 2.46466351, auc@1 35.58, auc@5 69.18, share 41, std_loss 0.10725861088353761,  2.54416 2.34300 2.55195 2.42840
2021-05-23 02:30:33,052:INFO:[Rank-0] val time 15.4229, epoch  81, step  40, loss 2.32900256, auc@1 38.55, auc@5 71.55
2021-05-23 02:31:10,620:INFO:[Rank-0] train time 37.3499, epoch  82, step  49, loss 2.27049541, auc@1 39.88, auc@5 73.28, share 45, std_loss 0.1199947820634258,  2.36455 2.15819 2.36665 2.19922
2021-05-23 02:31:25,796:INFO:[Rank-0] val time 15.1730, epoch  82, step  40, loss 2.30753642, auc@1 38.87, auc@5 71.87
2021-05-23 02:32:03,748:INFO:[Rank-0] train time 37.7460, epoch  83, step  49, loss 2.19924927, auc@1 41.29, auc@5 74.79, share 43, std_loss 0.1121455535900836,  2.27790 2.08156 2.31186 2.12578
2021-05-23 02:32:19,096:INFO:[Rank-0] val time 15.3450, epoch  83, step  40, loss 2.20597701, auc@1 41.05, auc@5 74.19
2021-05-23 02:32:56,871:INFO:[Rank-0] train time 37.6737, epoch  84, step  49, loss 2.15870190, auc@1 42.16, auc@5 75.35, share 49, std_loss 0.1137551408337087,  2.26211 2.05090 2.25597 2.06906
2021-05-23 02:33:12,204:INFO:[Rank-0] val time 15.3305, epoch  84, step  40, loss 2.20172701, auc@1 40.92, auc@5 74.15
2021-05-23 02:33:50,561:INFO:[Rank-0] train time 38.0518, epoch  85, step  49, loss 2.12014151, auc@1 43.07, auc@5 76.16, share 49, std_loss 0.1122113831189214,  2.18995 1.99645 2.24197 2.06010
2021-05-23 02:34:06,060:INFO:[Rank-0] val time 15.4950, epoch  85, step  40, loss 2.15335883, auc@1 42.16, auc@5 75.31
2021-05-23 02:34:44,129:INFO:[Rank-0] train time 37.8855, epoch  86, step  49, loss 2.09166813, auc@1 43.76, auc@5 76.91, share 41, std_loss 0.13245993761383756,  2.16941 1.96697 2.20239 2.02360
2021-05-23 02:34:59,277:INFO:[Rank-0] val time 15.1451, epoch  86, step  40, loss 2.15981924, auc@1 41.81, auc@5 75.01
2021-05-23 02:35:37,175:INFO:[Rank-0] train time 37.7661, epoch  87, step  49, loss 2.07398176, auc@1 43.95, auc@5 77.17, share 44, std_loss 0.11167718561328187,  2.16374 1.95042 2.17169 2.00772
2021-05-23 02:35:52,237:INFO:[Rank-0] val time 15.0602, epoch  87, step  40, loss 2.16189956, auc@1 41.71, auc@5 74.88
2021-05-23 02:36:30,528:INFO:[Rank-0] train time 38.0885, epoch  88, step  49, loss 2.04925561, auc@1 44.83, auc@5 77.50, share 47, std_loss 0.10322982103240733,  2.12698 1.95810 2.13934 1.96842
2021-05-23 02:36:45,821:INFO:[Rank-0] val time 15.2896, epoch  88, step  40, loss 2.12882139, auc@1 42.11, auc@5 75.39
2021-05-23 02:37:23,476:INFO:[Rank-0] train time 37.4002, epoch  89, step  49, loss 2.02310228, auc@1 45.06, auc@5 78.09, share 42, std_loss 0.10372612214818293,  2.08137 1.88660 2.13437 1.99535
2021-05-23 02:37:38,841:INFO:[Rank-0] val time 15.3608, epoch  89, step  40, loss 2.09610342, auc@1 42.88, auc@5 75.85
2021-05-23 02:38:16,458:INFO:[Rank-0] train time 37.3961, epoch  90, step  49, loss 2.01089549, auc@1 45.75, auc@5 78.26, share 44, std_loss 0.1281626508856306,  2.11024 1.89147 2.09915 1.93787
2021-05-23 02:38:31,901:INFO:[Rank-0] val time 15.4394, epoch  90, step  40, loss 2.10727814, auc@1 42.72, auc@5 75.11
2021-05-23 02:39:09,514:INFO:[Rank-0] train time 37.3445, epoch  91, step  49, loss 1.98514032, auc@1 46.12, auc@5 78.75, share 47, std_loss 0.1189158449367601,  2.06897 1.84678 2.09631 1.92887
2021-05-23 02:39:24,805:INFO:[Rank-0] val time 15.2881, epoch  91, step  40, loss 2.13740507, auc@1 42.44, auc@5 74.55
2021-05-23 02:40:03,040:INFO:[Rank-0] train time 38.1448, epoch  92, step  49, loss 1.97934639, auc@1 46.52, auc@5 78.69, share 49, std_loss 0.10534693376750362,  2.04856 1.86888 2.07854 1.92098
2021-05-23 02:40:18,169:INFO:[Rank-0] val time 15.1251, epoch  92, step  40, loss 2.13282330, auc@1 42.78, auc@5 74.90
2021-05-23 02:40:56,100:INFO:[Rank-0] train time 37.8807, epoch  93, step  49, loss 1.96511841, auc@1 46.71, auc@5 79.52, share 45, std_loss 0.11787271332375858,  2.06130 1.84219 2.04298 1.91543
2021-05-23 02:41:11,748:INFO:[Rank-0] val time 15.6448, epoch  93, step  40, loss 2.15227864, auc@1 42.25, auc@5 74.03
2021-05-23 02:41:49,196:INFO:[Rank-0] train time 37.2442, epoch  94, step  49, loss 1.95895982, auc@1 47.20, auc@5 79.30, share 43, std_loss 0.10923491494387996,  2.02561 1.83224 2.06588 1.91434
2021-05-23 02:42:04,443:INFO:[Rank-0] val time 15.2436, epoch  94, step  40, loss 2.09541799, auc@1 43.26, auc@5 75.53
2021-05-23 02:42:42,425:INFO:[Rank-0] train time 37.9649, epoch  95, step  49, loss 1.94565260, auc@1 47.23, auc@5 79.63, share 45, std_loss 0.09256883604185921,  2.03611 1.86130 2.01996 1.86583
2021-05-23 02:42:57,614:INFO:[Rank-0] val time 15.1855, epoch  95, step  40, loss 2.05025658, auc@1 43.81, auc@5 76.27
2021-05-23 02:43:35,378:INFO:[Rank-0] train time 37.5280, epoch  96, step  49, loss 1.92862427, auc@1 47.66, auc@5 79.67, share 44, std_loss 0.09748463910453174,  2.00444 1.81636 2.02144 1.87098
2021-05-23 02:43:50,674:INFO:[Rank-0] val time 15.2923, epoch  96, step  40, loss 2.18138820, auc@1 41.73, auc@5 73.69
2021-05-23 02:44:28,859:INFO:[Rank-0] train time 37.9359, epoch  97, step  49, loss 1.92076528, auc@1 47.82, auc@5 80.24, share 47, std_loss 0.10785436417375292,  2.00203 1.81766 2.01806 1.84736
2021-05-23 02:44:43,995:INFO:[Rank-0] val time 15.1322, epoch  97, step  40, loss 2.07741653, auc@1 43.18, auc@5 76.29
2021-05-23 02:45:22,056:INFO:[Rank-0] train time 37.8123, epoch  98, step  49, loss 1.92052031, auc@1 47.94, auc@5 79.85, share 44, std_loss 0.09718726697016736,  1.98558 1.80753 2.01561 1.87465
2021-05-23 02:45:37,214:INFO:[Rank-0] val time 15.1542, epoch  98, step  40, loss 2.13064019, auc@1 42.30, auc@5 75.29
2021-05-23 02:46:15,241:INFO:[Rank-0] train time 37.8019, epoch  99, step  49, loss 1.90046692, auc@1 48.39, auc@5 80.39, share 49, std_loss 0.10515596793622387,  1.98108 1.78403 1.99336 1.83769
2021-05-23 02:46:30,426:INFO:[Rank-0] val time 15.1824, epoch  99, step  40, loss 2.10639012, auc@1 43.46, auc@5 75.45
2021-05-23 02:47:08,522:INFO:[Rank-0] train time 37.9177, epoch 100, step  49, loss 1.88621390, auc@1 48.91, auc@5 80.63, share 46, std_loss 0.09860401380122924,  1.97847 1.77050 1.96115 1.83294
2021-05-23 02:47:23,730:INFO:[Rank-0] val time 15.2045, epoch 100, step  40, loss 2.14686972, auc@1 42.20, auc@5 74.92
2021-05-23 02:48:01,448:INFO:[Rank-0] train time 37.4419, epoch 101, step  49, loss 1.87785220, auc@1 49.00, auc@5 80.77, share 44, std_loss 0.09761365176159509,  1.94587 1.78133 1.98377 1.80188
2021-05-23 02:48:16,707:INFO:[Rank-0] val time 15.2556, epoch 101, step  40, loss 2.06088500, auc@1 44.80, auc@5 76.70
2021-05-23 02:48:54,598:INFO:[Rank-0] train time 37.7380, epoch 102, step  49, loss 1.86908925, auc@1 49.25, auc@5 80.98, share 46, std_loss 0.10584566666155446,  1.95367 1.75165 1.95153 1.82402
2021-05-23 02:49:09,856:INFO:[Rank-0] val time 15.2533, epoch 102, step  40, loss 2.28403802, auc@1 39.92, auc@5 72.33
2021-05-23 02:49:47,525:INFO:[Rank-0] train time 37.4106, epoch 103, step  49, loss 1.86154282, auc@1 49.54, auc@5 81.08, share 43, std_loss 0.09046466983094507,  1.94768 1.78251 1.91361 1.80060
2021-05-23 02:50:02,808:INFO:[Rank-0] val time 15.2806, epoch 103, step  40, loss 2.04964604, auc@1 45.21, auc@5 76.40
2021-05-23 02:50:40,807:INFO:[Rank-0] train time 37.7399, epoch 104, step  49, loss 1.84788287, auc@1 49.84, auc@5 81.38, share 45, std_loss 0.10134209517617615,  1.93262 1.74420 1.91313 1.79175
2021-05-23 02:50:55,937:INFO:[Rank-0] val time 15.1250, epoch 104, step  40, loss 2.04641572, auc@1 44.01, auc@5 76.72
2021-05-23 02:51:33,851:INFO:[Rank-0] train time 37.7560, epoch 105, step  49, loss 1.84287286, auc@1 49.74, auc@5 81.50, share 42, std_loss 0.08731919101306371,  1.91846 1.75441 1.91942 1.77917
2021-05-23 02:51:49,079:INFO:[Rank-0] val time 15.2248, epoch 105, step  40, loss 2.10234503, auc@1 43.88, auc@5 75.54
2021-05-23 02:52:27,166:INFO:[Rank-0] train time 37.8579, epoch 106, step  49, loss 1.82937264, auc@1 50.28, auc@5 81.71, share 48, std_loss 0.07756792419418997,  1.89506 1.76871 1.88681 1.76833
2021-05-23 02:52:42,621:INFO:[Rank-0] val time 15.4518, epoch 106, step  40, loss 2.06780150, auc@1 44.22, auc@5 75.95
2021-05-23 02:53:20,224:INFO:[Rank-0] train time 37.4081, epoch 107, step  49, loss 1.82691455, auc@1 50.43, auc@5 81.74, share 46, std_loss 0.09083875823689967,  1.90211 1.74127 1.90267 1.76432
2021-05-23 02:53:35,408:INFO:[Rank-0] val time 15.1805, epoch 107, step  40, loss 2.01630475, auc@1 45.79, auc@5 77.45
2021-05-23 02:54:13,235:INFO:[Rank-0] train time 37.5615, epoch 108, step  49, loss 1.81406784, auc@1 50.55, auc@5 82.00, share 42, std_loss 0.06834274667258165,  1.88589 1.74127 1.85693 1.77014
2021-05-23 02:54:28,442:INFO:[Rank-0] val time 15.2039, epoch 108, step  40, loss 2.21682732, auc@1 41.09, auc@5 72.89
2021-05-23 02:55:06,133:INFO:[Rank-0] train time 37.5116, epoch 109, step  49, loss 1.80363870, auc@1 50.84, auc@5 82.37, share 45, std_loss 0.06615478948366885,  1.85814 1.74741 1.88207 1.72632
2021-05-23 02:55:21,474:INFO:[Rank-0] val time 15.3388, epoch 109, step  40, loss 2.14240350, auc@1 42.65, auc@5 74.93
2021-05-23 02:55:59,447:INFO:[Rank-0] train time 37.9107, epoch 110, step  49, loss 1.79175222, auc@1 51.17, auc@5 82.47, share 49, std_loss 0.08638533573521644,  1.88242 1.73802 1.84186 1.70071
2021-05-23 02:56:14,722:INFO:[Rank-0] val time 15.2716, epoch 110, step  40, loss 1.98640160, auc@1 46.66, auc@5 77.69
2021-05-23 02:56:52,642:INFO:[Rank-0] train time 37.8220, epoch 111, step  49, loss 1.78394723, auc@1 51.48, auc@5 82.54, share 48, std_loss 0.08839137335212863,  1.86160 1.69971 1.85070 1.72203
2021-05-23 02:57:08,011:INFO:[Rank-0] val time 15.3645, epoch 111, step  40, loss 1.95944411, auc@1 46.26, auc@5 78.55
2021-05-23 02:57:45,783:INFO:[Rank-0] train time 37.5216, epoch 112, step  49, loss 1.76821780, auc@1 51.62, auc@5 82.99, share 45, std_loss 0.08992590147013567,  1.85720 1.68509 1.81151 1.72098
2021-05-23 02:58:01,009:INFO:[Rank-0] val time 15.2223, epoch 112, step  40, loss 1.93854717, auc@1 47.32, auc@5 78.37
2021-05-23 02:58:38,792:INFO:[Rank-0] train time 37.6215, epoch 113, step  49, loss 1.75825584, auc@1 51.90, auc@5 83.08, share 45, std_loss 0.06684677698174302,  1.82737 1.68137 1.82712 1.69797
2021-05-23 02:58:54,041:INFO:[Rank-0] val time 15.2458, epoch 113, step  40, loss 2.03751148, auc@1 45.27, auc@5 76.50
2021-05-23 02:59:32,030:INFO:[Rank-0] train time 37.9552, epoch 114, step  49, loss 1.74838626, auc@1 52.33, auc@5 83.00, share 49, std_loss 0.09405640843419397,  1.80037 1.68601 1.82254 1.68175
2021-05-23 02:59:47,277:INFO:[Rank-0] val time 15.2432, epoch 114, step  40, loss 2.15198963, auc@1 42.96, auc@5 74.55
2021-05-23 03:00:25,224:INFO:[Rank-0] train time 37.7244, epoch 115, step  49, loss 1.74750686, auc@1 52.01, auc@5 83.28, share 44, std_loss 0.07797093446157416,  1.80323 1.70282 1.81473 1.66921
2021-05-23 03:00:40,499:INFO:[Rank-0] val time 15.2725, epoch 115, step  40, loss 2.05370068, auc@1 45.04, auc@5 76.64
2021-05-23 03:01:18,260:INFO:[Rank-0] train time 37.5844, epoch 116, step  49, loss 1.74064624, auc@1 52.43, auc@5 83.37, share 42, std_loss 0.055504792655000884,  1.79845 1.67408 1.79226 1.69230
2021-05-23 03:01:33,472:INFO:[Rank-0] val time 15.2087, epoch 116, step  40, loss 2.09137764, auc@1 43.78, auc@5 75.98
2021-05-23 03:02:11,383:INFO:[Rank-0] train time 37.6145, epoch 117, step  49, loss 1.72244048, auc@1 52.95, auc@5 83.82, share 46, std_loss 0.07353598533236251,  1.79774 1.67681 1.76916 1.64176
2021-05-23 03:02:26,906:INFO:[Rank-0] val time 15.5184, epoch 117, step  40, loss 1.98381866, auc@1 46.18, auc@5 77.76
2021-05-23 03:03:04,689:INFO:[Rank-0] train time 37.6743, epoch 118, step  49, loss 1.72064126, auc@1 53.02, auc@5 83.54, share 43, std_loss 0.08934406464805408,  1.79867 1.65292 1.77515 1.65221
2021-05-23 03:03:19,974:INFO:[Rank-0] val time 15.2818, epoch 118, step  40, loss 2.04575030, auc@1 44.81, auc@5 76.68
2021-05-23 03:03:58,108:INFO:[Rank-0] train time 37.9239, epoch 119, step  49, loss 1.71435690, auc@1 53.22, auc@5 83.71, share 46, std_loss 0.06663718705578726,  1.77290 1.65955 1.76516 1.65821
2021-05-23 03:04:13,305:INFO:[Rank-0] val time 15.1938, epoch 119, step  40, loss 2.04692509, auc@1 44.60, auc@5 76.41
2021-05-23 03:04:51,037:INFO:[Rank-0] train time 37.5316, epoch 120, step  49, loss 1.70464754, auc@1 53.26, auc@5 83.87, share 45, std_loss 0.08279042295655425,  1.78410 1.64789 1.74221 1.64302
2021-05-23 03:05:06,244:INFO:[Rank-0] val time 15.2030, epoch 120, step  40, loss 2.06419244, auc@1 45.24, auc@5 76.06
2021-05-23 03:05:44,104:INFO:[Rank-0] train time 37.5637, epoch 121, step  49, loss 1.69860959, auc@1 53.41, auc@5 84.06, share 45, std_loss 0.061309440175489505,  1.78958 1.65382 1.71346 1.63418
2021-05-23 03:05:59,425:INFO:[Rank-0] val time 15.3185, epoch 121, step  40, loss 2.12280993, auc@1 44.30, auc@5 75.02
2021-05-23 03:06:36,919:INFO:[Rank-0] train time 37.4018, epoch 122, step  49, loss 1.69895422, auc@1 53.36, auc@5 84.08, share 36, std_loss 0.04184511608007003,  1.74375 1.66529 1.71973 1.67091
2021-05-23 03:06:52,229:INFO:[Rank-0] val time 15.3063, epoch 122, step  40, loss 1.99637098, auc@1 46.26, auc@5 77.45
2021-05-23 03:07:30,141:INFO:[Rank-0] train time 37.8209, epoch 123, step  49, loss 1.67444348, auc@1 54.08, auc@5 84.35, share 48, std_loss 0.07407540288202617,  1.76077 1.65329 1.70768 1.57875
2021-05-23 03:07:45,430:INFO:[Rank-0] val time 15.2849, epoch 123, step  40, loss 1.99342426, auc@1 45.60, auc@5 77.54
2021-05-23 03:08:23,532:INFO:[Rank-0] train time 37.8558, epoch 124, step  49, loss 1.68215775, auc@1 54.00, auc@5 84.16, share 39, std_loss 0.06860000594538085,  1.75550 1.63665 1.71385 1.62950
2021-05-23 03:08:38,858:INFO:[Rank-0] val time 15.3222, epoch 124, step  40, loss 2.00279175, auc@1 45.99, auc@5 77.51
2021-05-23 03:09:16,649:INFO:[Rank-0] train time 37.5258, epoch 125, step  49, loss 1.65907526, auc@1 54.44, auc@5 84.84, share 44, std_loss 0.06586695280002088,  1.72997 1.60538 1.69338 1.60614
2021-05-23 03:09:31,959:INFO:[Rank-0] val time 15.3052, epoch 125, step  40, loss 2.11426624, auc@1 45.12, auc@5 75.16
2021-05-23 03:10:09,376:INFO:[Rank-0] train time 37.1658, epoch 126, step  49, loss 1.65107167, auc@1 55.03, auc@5 84.89, share 41, std_loss 0.05552773451318546,  1.71848 1.60752 1.68440 1.59242
2021-05-23 03:10:24,586:INFO:[Rank-0] val time 15.2066, epoch 126, step  40, loss 1.95747753, auc@1 46.91, auc@5 77.88
2021-05-23 03:11:02,690:INFO:[Rank-0] train time 37.9517, epoch 127, step  49, loss 1.65056217, auc@1 54.69, auc@5 84.79, share 45, std_loss 0.059740196647388596,  1.71300 1.61393 1.70026 1.57407
2021-05-23 03:11:18,143:INFO:[Rank-0] val time 15.4487, epoch 127, step  40, loss 1.96612152, auc@1 47.41, auc@5 78.32
2021-05-23 03:11:55,701:INFO:[Rank-0] train time 37.3372, epoch 128, step  49, loss 1.64078498, auc@1 55.41, auc@5 84.91, share 42, std_loss 0.05925821634579678,  1.71000 1.59852 1.64680 1.60440
2021-05-23 03:12:11,436:INFO:[Rank-0] val time 15.7323, epoch 128, step  40, loss 1.93322453, auc@1 47.47, auc@5 78.96
2021-05-23 03:12:49,155:INFO:[Rank-0] train time 37.4297, epoch 129, step  49, loss 1.62637174, auc@1 55.42, auc@5 85.07, share 44, std_loss 0.08391468895941365,  1.72720 1.58497 1.63236 1.55956
2021-05-23 03:13:04,667:INFO:[Rank-0] val time 15.5075, epoch 129, step  40, loss 2.02608546, auc@1 45.84, auc@5 76.96
2021-05-23 03:13:42,537:INFO:[Rank-0] train time 37.6723, epoch 130, step  49, loss 1.62980485, auc@1 55.42, auc@5 85.06, share 43, std_loss 0.07382812974404315,  1.69049 1.58262 1.67695 1.57080
2021-05-23 03:13:57,802:INFO:[Rank-0] val time 15.2614, epoch 130, step  40, loss 2.03967948, auc@1 46.10, auc@5 76.70
2021-05-23 03:14:35,166:INFO:[Rank-0] train time 37.1273, epoch 131, step  49, loss 1.62735391, auc@1 55.37, auc@5 85.15, share 39, std_loss 0.04807922745845756,  1.68240 1.59887 1.64094 1.58500
2021-05-23 03:14:50,456:INFO:[Rank-0] val time 15.2864, epoch 131, step  40, loss 2.01924423, auc@1 46.14, auc@5 76.86
2021-05-23 03:15:27,922:INFO:[Rank-0] train time 37.2869, epoch 132, step  49, loss 1.62093675, auc@1 55.47, auc@5 85.22, share 44, std_loss 0.06847036143346709,  1.68446 1.57365 1.65749 1.56451
2021-05-23 03:15:43,142:INFO:[Rank-0] val time 15.2179, epoch 132, step  40, loss 2.14728862, auc@1 44.05, auc@5 74.64
2021-05-23 03:16:20,718:INFO:[Rank-0] train time 37.5229, epoch 133, step  49, loss 1.61932302, auc@1 55.74, auc@5 85.37, share 40, std_loss 0.06990116302456174,  1.69385 1.58477 1.64681 1.55519
2021-05-23 03:16:36,375:INFO:[Rank-0] val time 15.6541, epoch 133, step  40, loss 1.90922506, auc@1 48.26, auc@5 78.63
2021-05-23 03:17:13,920:INFO:[Rank-0] train time 37.3686, epoch 134, step  49, loss 1.59732032, auc@1 56.39, auc@5 85.70, share 41, std_loss 0.05667064293306701,  1.67157 1.56833 1.60561 1.54553
2021-05-23 03:17:29,187:INFO:[Rank-0] val time 15.2636, epoch 134, step  40, loss 1.88806433, auc@1 48.67, auc@5 79.55
2021-05-23 03:18:07,068:INFO:[Rank-0] train time 37.6798, epoch 135, step  49, loss 1.59699583, auc@1 56.20, auc@5 85.61, share 44, std_loss 0.05992075420764028,  1.66898 1.58685 1.61189 1.52176
2021-05-23 03:18:22,362:INFO:[Rank-0] val time 15.2916, epoch 135, step  40, loss 1.89291126, auc@1 48.80, auc@5 79.80
2021-05-23 03:19:00,323:INFO:[Rank-0] train time 37.8313, epoch 136, step  49, loss 1.58470488, auc@1 56.59, auc@5 85.83, share 47, std_loss 0.0680336088550334,  1.65075 1.56043 1.63201 1.49931
2021-05-23 03:19:15,497:INFO:[Rank-0] val time 15.1707, epoch 136, step  40, loss 1.91775922, auc@1 48.35, auc@5 78.78
2021-05-23 03:19:53,485:INFO:[Rank-0] train time 37.7398, epoch 137, step  49, loss 1.58467722, auc@1 56.40, auc@5 85.87, share 38, std_loss 0.06133260015322237,  1.66429 1.57456 1.58708 1.51306
2021-05-23 03:20:08,760:INFO:[Rank-0] val time 15.2724, epoch 137, step  40, loss 2.07923723, auc@1 44.50, auc@5 76.83
2021-05-23 03:20:46,498:INFO:[Rank-0] train time 37.4337, epoch 138, step  49, loss 1.58108878, auc@1 56.72, auc@5 86.05, share 42, std_loss 0.05416499268339605,  1.65843 1.56045 1.56277 1.54022
2021-05-23 03:21:01,743:INFO:[Rank-0] val time 15.2407, epoch 138, step  40, loss 1.91717842, auc@1 48.27, auc@5 78.84
2021-05-23 03:21:39,976:INFO:[Rank-0] train time 38.0511, epoch 139, step  49, loss 1.55740356, auc@1 57.26, auc@5 86.36, share 47, std_loss 0.07259211225473151,  1.63292 1.52398 1.57142 1.49944
2021-05-23 03:21:55,415:INFO:[Rank-0] val time 15.4354, epoch 139, step  40, loss 1.91576095, auc@1 48.61, auc@5 78.82
2021-05-23 03:22:32,991:INFO:[Rank-0] train time 37.3164, epoch 140, step  49, loss 1.55440438, auc@1 57.57, auc@5 86.36, share 45, std_loss 0.07878003353062941,  1.66126 1.54183 1.54331 1.47568
2021-05-23 03:22:48,195:INFO:[Rank-0] val time 15.2012, epoch 140, step  40, loss 1.95519836, auc@1 47.50, auc@5 78.39
2021-05-23 03:23:26,378:INFO:[Rank-0] train time 38.0592, epoch 141, step  49, loss 1.54948568, auc@1 57.29, auc@5 86.47, share 45, std_loss 0.052923881961983076,  1.62899 1.52434 1.53853 1.51200
2021-05-23 03:23:41,650:INFO:[Rank-0] val time 15.2690, epoch 141, step  40, loss 1.90546082, auc@1 48.37, auc@5 79.15
2021-05-23 03:24:19,417:INFO:[Rank-0] train time 37.5755, epoch 142, step  49, loss 1.54206252, auc@1 57.77, auc@5 86.46, share 45, std_loss 0.06669821354503534,  1.62788 1.50176 1.55104 1.49305
2021-05-23 03:24:34,788:INFO:[Rank-0] val time 15.3682, epoch 142, step  40, loss 1.80885553, auc@1 50.73, auc@5 81.01
2021-05-23 03:25:12,303:INFO:[Rank-0] train time 37.3989, epoch 143, step  49, loss 1.55171251, auc@1 57.57, auc@5 86.47, share 41, std_loss 0.055979173174318005,  1.62818 1.52165 1.54681 1.50724
2021-05-23 03:25:27,513:INFO:[Rank-0] val time 15.2068, epoch 143, step  40, loss 1.95183043, auc@1 47.80, auc@5 78.72
2021-05-23 03:26:05,100:INFO:[Rank-0] train time 37.4844, epoch 144, step  49, loss 1.53366184, auc@1 57.97, auc@5 86.57, share 43, std_loss 0.08752265618163713,  1.63070 1.52191 1.52917 1.45541
2021-05-23 03:26:20,330:INFO:[Rank-0] val time 15.2273, epoch 144, step  40, loss 1.79262812, auc@1 51.00, auc@5 81.28
2021-05-23 03:26:58,450:INFO:[Rank-0] train time 37.9786, epoch 145, step  49, loss 1.53551626, auc@1 58.15, auc@5 86.65, share 41, std_loss 0.059906757455699296,  1.61814 1.51454 1.54092 1.46831
2021-05-23 03:27:13,750:INFO:[Rank-0] val time 15.2955, epoch 145, step  40, loss 2.02565259, auc@1 46.38, auc@5 77.53
2021-05-23 03:27:51,456:INFO:[Rank-0] train time 37.4992, epoch 146, step  49, loss 1.52104223, auc@1 58.41, auc@5 86.84, share 46, std_loss 0.075508499327971,  1.61327 1.47172 1.54353 1.45574
2021-05-23 03:28:06,633:INFO:[Rank-0] val time 15.1726, epoch 146, step  40, loss 2.00698340, auc@1 46.77, auc@5 78.05
2021-05-23 03:28:44,596:INFO:[Rank-0] train time 37.7311, epoch 147, step  49, loss 1.51832879, auc@1 58.33, auc@5 87.04, share 43, std_loss 0.06603543688448107,  1.59662 1.49398 1.53164 1.45173
2021-05-23 03:28:59,827:INFO:[Rank-0] val time 15.2280, epoch 147, step  40, loss 1.92130602, auc@1 48.91, auc@5 79.59
2021-05-23 03:29:37,845:INFO:[Rank-0] train time 37.8973, epoch 148, step  49, loss 1.52262247, auc@1 58.40, auc@5 86.66, share 43, std_loss 0.06132698249147863,  1.61750 1.48569 1.50598 1.48420
2021-05-23 03:29:53,148:INFO:[Rank-0] val time 15.3002, epoch 148, step  40, loss 2.03220093, auc@1 46.28, auc@5 76.93
2021-05-23 03:30:31,277:INFO:[Rank-0] train time 37.9541, epoch 149, step  49, loss 1.51122630, auc@1 58.40, auc@5 87.14, share 39, std_loss 0.08350899222553992,  1.59786 1.48001 1.53317 1.43341
2021-05-23 03:30:46,400:INFO:[Rank-0] val time 15.1197, epoch 149, step  40, loss 1.81778141, auc@1 50.78, auc@5 80.52
2021-05-23 03:31:24,634:INFO:[Rank-0] train time 38.0046, epoch 150, step  49, loss 1.51777005, auc@1 58.16, auc@5 87.01, share 45, std_loss 0.08150220479892224,  1.63739 1.49049 1.49753 1.44494
2021-05-23 03:31:40,012:INFO:[Rank-0] val time 15.3758, epoch 150, step  40, loss 1.85553400, auc@1 50.47, auc@5 80.24
2021-05-23 03:32:17,529:INFO:[Rank-0] train time 37.3372, epoch 151, step  49, loss 1.49195051, auc@1 58.95, auc@5 87.36, share 43, std_loss 0.07979261738305189,  1.57203 1.46734 1.50972 1.42136
2021-05-23 03:32:32,808:INFO:[Rank-0] val time 15.2757, epoch 151, step  40, loss 1.91205431, auc@1 49.07, auc@5 78.86
2021-05-23 03:33:10,543:INFO:[Rank-0] train time 37.4194, epoch 152, step  49, loss 1.49084973, auc@1 59.17, auc@5 87.31, share 46, std_loss 0.06758080582533564,  1.58663 1.47167 1.47772 1.42379
2021-05-23 03:33:26,048:INFO:[Rank-0] val time 15.5016, epoch 152, step  40, loss 1.93294076, auc@1 47.85, auc@5 78.93
2021-05-23 03:34:03,636:INFO:[Rank-0] train time 37.4690, epoch 153, step  49, loss 1.49315715, auc@1 59.09, auc@5 87.06, share 41, std_loss 0.06354319821206891,  1.58016 1.46056 1.49186 1.43871
2021-05-23 03:34:18,886:INFO:[Rank-0] val time 15.2478, epoch 153, step  40, loss 1.93072883, auc@1 48.50, auc@5 78.13
2021-05-23 03:34:56,909:INFO:[Rank-0] train time 37.7991, epoch 154, step  49, loss 1.48532474, auc@1 59.34, auc@5 87.25, share 44, std_loss 0.07093609071203641,  1.55388 1.45088 1.51996 1.41916
2021-05-23 03:35:12,148:INFO:[Rank-0] val time 15.2346, epoch 154, step  40, loss 1.78553225, auc@1 51.33, auc@5 80.98
2021-05-23 03:35:49,815:INFO:[Rank-0] train time 37.3543, epoch 155, step  49, loss 1.47579443, auc@1 59.34, auc@5 87.61, share 44, std_loss 0.06310252320705628,  1.56479 1.45189 1.46355 1.41790
2021-05-23 03:36:05,072:INFO:[Rank-0] val time 15.2520, epoch 155, step  40, loss 1.90163612, auc@1 49.42, auc@5 79.45
2021-05-23 03:36:42,718:INFO:[Rank-0] train time 37.5106, epoch 156, step  49, loss 1.47641218, auc@1 59.31, auc@5 87.56, share 44, std_loss 0.05297769606113434,  1.55823 1.45400 1.47195 1.42184
2021-05-23 03:36:58,095:INFO:[Rank-0] val time 15.3736, epoch 156, step  40, loss 2.06187604, auc@1 45.62, auc@5 76.86
2021-05-23 03:37:35,897:INFO:[Rank-0] train time 37.5204, epoch 157, step  49, loss 1.47076249, auc@1 59.74, auc@5 87.57, share 41, std_loss 0.07782395640198066,  1.55767 1.44405 1.48548 1.39264
2021-05-23 03:37:51,349:INFO:[Rank-0] val time 15.4487, epoch 157, step  40, loss 1.82129788, auc@1 50.39, auc@5 80.73
2021-05-23 03:38:28,613:INFO:[Rank-0] train time 37.0952, epoch 158, step  49, loss 1.45503330, auc@1 60.38, auc@5 87.77, share 44, std_loss 0.04969953122187634,  1.53149 1.41646 1.47198 1.40280
2021-05-23 03:38:43,950:INFO:[Rank-0] val time 15.3336, epoch 158, step  40, loss 2.02639483, auc@1 46.22, auc@5 77.02
2021-05-23 03:39:21,897:INFO:[Rank-0] train time 37.9104, epoch 159, step  49, loss 1.45178986, auc@1 60.12, auc@5 87.97, share 47, std_loss 0.09186738470987398,  1.55409 1.42632 1.44113 1.38144
2021-05-23 03:39:37,094:INFO:[Rank-0] val time 15.1923, epoch 159, step  40, loss 1.82835110, auc@1 50.52, auc@5 81.15
2021-05-23 03:40:14,573:INFO:[Rank-0] train time 37.3007, epoch 160, step  49, loss 1.45767248, auc@1 59.91, auc@5 87.79, share 41, std_loss 0.04959416777199628,  1.52559 1.44665 1.46393 1.39080
2021-05-23 03:40:29,845:INFO:[Rank-0] val time 15.2686, epoch 160, step  40, loss 1.81281820, auc@1 50.76, auc@5 81.00
2021-05-23 03:41:07,388:INFO:[Rank-0] train time 37.3785, epoch 161, step  49, loss 1.30861366, auc@1 64.12, auc@5 89.80, share 41, std_loss 0.06668516666609414,  1.39888 1.27381 1.30842 1.26134
2021-05-23 03:41:23,135:INFO:[Rank-0] val time 15.7406, epoch 161, step  40, loss 1.40750780, auc@1 60.74, auc@5 87.31
2021-05-23 03:42:00,694:INFO:[Rank-0] train time 37.3238, epoch 162, step  49, loss 1.19431722, auc@1 67.34, auc@5 91.52, share 41, std_loss 0.061036422164464484,  1.27996 1.15567 1.21727 1.12529
2021-05-23 03:42:15,929:INFO:[Rank-0] val time 15.2319, epoch 162, step  40, loss 1.37317422, auc@1 61.58, auc@5 88.11
2021-05-23 03:42:53,799:INFO:[Rank-0] train time 37.6161, epoch 163, step  49, loss 1.15492809, auc@1 68.52, auc@5 92.28, share 45, std_loss 0.06164166757038662,  1.23560 1.12111 1.15476 1.10986
2021-05-23 03:43:09,019:INFO:[Rank-0] val time 15.2161, epoch 163, step  40, loss 1.35778163, auc@1 62.01, auc@5 88.08
2021-05-23 03:43:47,178:INFO:[Rank-0] train time 37.9874, epoch 164, step  49, loss 1.12951684, auc@1 69.11, auc@5 92.33, share 47, std_loss 0.059688956077609746,  1.19488 1.12525 1.13643 1.06250
2021-05-23 03:44:02,503:INFO:[Rank-0] val time 15.3213, epoch 164, step  40, loss 1.34306591, auc@1 62.13, auc@5 88.19
2021-05-23 03:44:40,166:INFO:[Rank-0] train time 37.3984, epoch 165, step  49, loss 1.10919034, auc@1 69.73, auc@5 92.65, share 46, std_loss 0.06061467102595738,  1.19394 1.09025 1.11069 1.04743
2021-05-23 03:44:55,419:INFO:[Rank-0] val time 15.2499, epoch 165, step  40, loss 1.33558950, auc@1 61.93, auc@5 88.27
2021-05-23 03:45:33,272:INFO:[Rank-0] train time 37.7351, epoch 166, step  49, loss 1.09368920, auc@1 70.03, auc@5 92.71, share 46, std_loss 0.07274731704775168,  1.17698 1.05834 1.10915 1.03721
2021-05-23 03:45:48,520:INFO:[Rank-0] val time 15.2452, epoch 166, step  40, loss 1.32986449, auc@1 62.60, auc@5 88.38
2021-05-23 03:46:26,085:INFO:[Rank-0] train time 37.4528, epoch 167, step  49, loss 1.07368255, auc@1 70.57, auc@5 93.16, share 41, std_loss 0.05401486599323701,  1.14757 1.05180 1.07177 1.02248
2021-05-23 03:46:41,364:INFO:[Rank-0] val time 15.2759, epoch 167, step  40, loss 1.31529293, auc@1 63.02, auc@5 88.59
2021-05-23 03:47:19,286:INFO:[Rank-0] train time 37.6976, epoch 168, step  49, loss 1.06793964, auc@1 70.62, auc@5 93.13, share 44, std_loss 0.056195752048979,  1.15475 1.04695 1.06309 1.00665
2021-05-23 03:47:34,442:INFO:[Rank-0] val time 15.1525, epoch 168, step  40, loss 1.32076484, auc@1 62.87, auc@5 88.59
2021-05-23 03:48:11,910:INFO:[Rank-0] train time 37.3122, epoch 169, step  49, loss 1.06261790, auc@1 70.99, auc@5 93.28, share 43, std_loss 0.06545574111597878,  1.14255 1.05372 1.04536 1.00958
2021-05-23 03:48:27,571:INFO:[Rank-0] val time 15.6580, epoch 169, step  40, loss 1.31754784, auc@1 62.77, auc@5 88.57
2021-05-23 03:49:05,672:INFO:[Rank-0] train time 37.8798, epoch 170, step  49, loss 1.05012357, auc@1 71.06, auc@5 93.29, share 47, std_loss 0.06314554764908187,  1.13821 1.03498 1.04063 0.98776
2021-05-23 03:49:20,868:INFO:[Rank-0] val time 15.1932, epoch 170, step  40, loss 1.30521907, auc@1 63.60, auc@5 88.68
2021-05-23 03:49:58,557:INFO:[Rank-0] train time 37.4799, epoch 171, step  49, loss 1.04055536, auc@1 71.46, auc@5 93.48, share 44, std_loss 0.053433130362204144,  1.11310 1.01137 1.03483 1.00115
2021-05-23 03:50:13,871:INFO:[Rank-0] val time 15.3110, epoch 171, step  40, loss 1.30173347, auc@1 63.33, auc@5 88.58
2021-05-23 03:50:51,472:INFO:[Rank-0] train time 37.4148, epoch 172, step  49, loss 1.03252673, auc@1 71.76, auc@5 93.60, share 45, std_loss 0.06074102435793195,  1.12401 1.01675 1.01302 0.97395
2021-05-23 03:51:06,567:INFO:[Rank-0] val time 15.0919, epoch 172, step  40, loss 1.30007929, auc@1 63.67, auc@5 88.70
2021-05-23 03:51:44,905:INFO:[Rank-0] train time 37.9483, epoch 173, step  49, loss 1.02286613, auc@1 72.03, auc@5 93.67, share 44, std_loss 0.061356822751006304,  1.10729 1.00802 1.02168 0.95925
2021-05-23 03:52:00,349:INFO:[Rank-0] val time 15.4388, epoch 173, step  40, loss 1.29195818, auc@1 63.80, auc@5 88.96
2021-05-23 03:52:38,171:INFO:[Rank-0] train time 37.6269, epoch 174, step  49, loss 1.01029146, auc@1 72.29, auc@5 93.84, share 43, std_loss 0.0643866491713086,  1.09227 0.99294 0.99031 0.96254
2021-05-23 03:52:53,528:INFO:[Rank-0] val time 15.3511, epoch 174, step  40, loss 1.28158826, auc@1 63.89, auc@5 89.14
2021-05-23 03:53:31,401:INFO:[Rank-0] train time 37.5182, epoch 175, step  49, loss 1.00555360, auc@1 72.45, auc@5 93.86, share 43, std_loss 0.06715261784135079,  1.07896 0.99839 1.00853 0.94067
2021-05-23 03:53:46,793:INFO:[Rank-0] val time 15.3885, epoch 175, step  40, loss 1.28688124, auc@1 63.62, auc@5 88.78
2021-05-23 03:54:24,715:INFO:[Rank-0] train time 37.6870, epoch 176, step  49, loss 0.99896103, auc@1 72.81, auc@5 93.86, share 42, std_loss 0.04978587596240092,  1.07544 0.98104 0.99272 0.94394
2021-05-23 03:54:39,912:INFO:[Rank-0] val time 15.1946, epoch 176, step  40, loss 1.28210959, auc@1 63.86, auc@5 89.09
2021-05-23 03:55:17,874:INFO:[Rank-0] train time 37.7793, epoch 177, step  49, loss 0.98971182, auc@1 73.04, auc@5 93.92, share 47, std_loss 0.06007154057828747,  1.06456 0.96388 1.00651 0.92380
2021-05-23 03:55:33,155:INFO:[Rank-0] val time 15.2776, epoch 177, step  40, loss 1.27966472, auc@1 63.85, auc@5 88.90
2021-05-23 03:56:10,781:INFO:[Rank-0] train time 37.3423, epoch 178, step  49, loss 0.98536342, auc@1 73.07, auc@5 94.02, share 45, std_loss 0.06695665365883283,  1.09059 0.95113 0.97692 0.92314
2021-05-23 03:56:25,932:INFO:[Rank-0] val time 15.1482, epoch 178, step  40, loss 1.27749715, auc@1 63.99, auc@5 88.95
2021-05-23 03:57:03,817:INFO:[Rank-0] train time 37.8026, epoch 179, step  49, loss 0.97617596, auc@1 73.32, auc@5 94.16, share 47, std_loss 0.07251021790565276,  1.06086 0.97027 0.97162 0.90269
2021-05-23 03:57:19,116:INFO:[Rank-0] val time 15.2964, epoch 179, step  40, loss 1.27638763, auc@1 64.28, auc@5 89.05
2021-05-23 03:57:56,611:INFO:[Rank-0] train time 37.3177, epoch 180, step  49, loss 0.96478343, auc@1 73.57, auc@5 94.37, share 43, std_loss 0.06846878312680187,  1.05137 0.93840 0.97412 0.89482
2021-05-23 03:58:11,766:INFO:[Rank-0] val time 15.1521, epoch 180, step  40, loss 1.27642854, auc@1 63.79, auc@5 89.18
2021-05-23 03:58:49,745:INFO:[Rank-0] train time 37.7597, epoch 181, step  49, loss 0.96466494, auc@1 73.59, auc@5 94.37, share 43, std_loss 0.05874105900221942,  1.04743 0.95074 0.96030 0.89975
2021-05-23 03:59:04,967:INFO:[Rank-0] val time 15.2192, epoch 181, step  40, loss 1.26515077, auc@1 64.31, auc@5 89.37
2021-05-23 03:59:42,348:INFO:[Rank-0] train time 37.2435, epoch 182, step  49, loss 0.95868641, auc@1 73.91, auc@5 94.40, share 42, std_loss 0.06421151339095466,  1.03091 0.95000 0.96568 0.88893
2021-05-23 03:59:57,447:INFO:[Rank-0] val time 15.0960, epoch 182, step  40, loss 1.26954092, auc@1 64.20, auc@5 89.18
2021-05-23 04:00:35,401:INFO:[Rank-0] train time 37.7455, epoch 183, step  49, loss 0.94960594, auc@1 73.82, auc@5 94.51, share 44, std_loss 0.04108944546659382,  1.01607 0.93402 0.93889 0.90806
2021-05-23 04:00:50,595:INFO:[Rank-0] val time 15.1917, epoch 183, step  40, loss 1.26293199, auc@1 64.33, auc@5 89.16
2021-05-23 04:01:28,589:INFO:[Rank-0] train time 37.8402, epoch 184, step  49, loss 0.94413924, auc@1 74.19, auc@5 94.52, share 47, std_loss 0.062457980474039,  1.02428 0.91887 0.94177 0.88883
2021-05-23 04:01:44,015:INFO:[Rank-0] val time 15.4227, epoch 184, step  40, loss 1.26532243, auc@1 64.61, auc@5 89.16
2021-05-23 04:02:21,588:INFO:[Rank-0] train time 37.4621, epoch 185, step  49, loss 0.93588054, auc@1 74.53, auc@5 94.58, share 45, std_loss 0.06971323292474357,  1.01268 0.91141 0.95431 0.86412
2021-05-23 04:02:36,695:INFO:[Rank-0] val time 15.1037, epoch 185, step  40, loss 1.26130215, auc@1 64.17, auc@5 89.25
2021-05-23 04:03:14,463:INFO:[Rank-0] train time 37.5458, epoch 186, step  49, loss 0.92734218, auc@1 74.81, auc@5 94.60, share 39, std_loss 0.050646192185124575,  1.00025 0.90306 0.92178 0.88433
2021-05-23 04:03:29,840:INFO:[Rank-0] val time 15.3746, epoch 186, step  40, loss 1.27075710, auc@1 63.82, auc@5 89.04
2021-05-23 04:04:06,821:INFO:[Rank-0] train time 36.8875, epoch 187, step  49, loss 0.92399955, auc@1 74.75, auc@5 94.78, share 49, std_loss 0.06189179785397588,  1.00869 0.91064 0.91466 0.86788
2021-05-23 04:04:22,101:INFO:[Rank-0] val time 15.2777, epoch 187, step  40, loss 1.26617422, auc@1 64.20, auc@5 89.11
2021-05-23 04:05:00,100:INFO:[Rank-0] train time 37.8157, epoch 188, step  49, loss 0.91730517, auc@1 74.98, auc@5 94.76, share 43, std_loss 0.05952172733995379,  0.99891 0.89102 0.91486 0.86436
2021-05-23 04:05:15,253:INFO:[Rank-0] val time 15.1497, epoch 188, step  40, loss 1.25700858, auc@1 64.72, auc@5 89.31
2021-05-23 04:05:52,861:INFO:[Rank-0] train time 37.5226, epoch 189, step  49, loss 0.91368616, auc@1 75.01, auc@5 94.89, share 37, std_loss 0.05535193380652642,  0.99713 0.88299 0.90495 0.87091
2021-05-23 04:06:08,209:INFO:[Rank-0] val time 15.3454, epoch 189, step  40, loss 1.26565298, auc@1 64.45, auc@5 88.98
2021-05-23 04:06:46,439:INFO:[Rank-0] train time 38.1182, epoch 190, step  49, loss 0.90586030, auc@1 75.06, auc@5 94.92, share 48, std_loss 0.07429317210097702,  1.00521 0.88994 0.89918 0.82908
2021-05-23 04:07:01,692:INFO:[Rank-0] val time 15.2501, epoch 190, step  40, loss 1.25356944, auc@1 64.60, auc@5 89.35
2021-05-23 04:07:39,687:INFO:[Rank-0] train time 37.9272, epoch 191, step  49, loss 0.90020329, auc@1 75.53, auc@5 94.93, share 49, std_loss 0.0719774176879805,  0.99729 0.88354 0.87943 0.84170
2021-05-23 04:07:54,917:INFO:[Rank-0] val time 15.2268, epoch 191, step  40, loss 1.26782651, auc@1 64.51, auc@5 89.10
2021-05-23 04:08:32,547:INFO:[Rank-0] train time 37.4041, epoch 192, step  49, loss 0.89312112, auc@1 75.63, auc@5 94.99, share 42, std_loss 0.05548045229242773,  0.97390 0.86663 0.88966 0.83756
2021-05-23 04:08:47,960:INFO:[Rank-0] val time 15.4095, epoch 192, step  40, loss 1.26681012, auc@1 64.46, auc@5 89.27
2021-05-23 04:09:25,549:INFO:[Rank-0] train time 37.3512, epoch 193, step  49, loss 0.89000678, auc@1 75.70, auc@5 95.10, share 39, std_loss 0.04768295510082829,  0.96512 0.86331 0.88230 0.84466
2021-05-23 04:09:40,872:INFO:[Rank-0] val time 15.3199, epoch 193, step  40, loss 1.25182330, auc@1 64.62, auc@5 89.42
2021-05-23 04:10:18,730:INFO:[Rank-0] train time 37.8031, epoch 194, step  49, loss 0.88270533, auc@1 76.05, auc@5 95.18, share 45, std_loss 0.0541576937753327,  0.96169 0.86500 0.88481 0.81873
2021-05-23 04:10:34,128:INFO:[Rank-0] val time 15.3938, epoch 194, step  40, loss 1.26820858, auc@1 64.18, auc@5 89.02
2021-05-23 04:11:12,226:INFO:[Rank-0] train time 37.9311, epoch 195, step  49, loss 0.87809896, auc@1 76.03, auc@5 95.22, share 44, std_loss 0.06473333016037941,  0.96278 0.86611 0.86463 0.81978
2021-05-23 04:11:27,451:INFO:[Rank-0] val time 15.2209, epoch 195, step  40, loss 1.24774895, auc@1 64.90, auc@5 89.29
2021-05-23 04:12:05,491:INFO:[Rank-0] train time 37.8109, epoch 196, step  49, loss 0.87218672, auc@1 76.19, auc@5 95.32, share 46, std_loss 0.06457138631720932,  0.95025 0.84678 0.88042 0.81186
2021-05-23 04:12:20,871:INFO:[Rank-0] val time 15.3769, epoch 196, step  40, loss 1.24796877, auc@1 65.10, auc@5 89.18
2021-05-23 04:12:58,382:INFO:[Rank-0] train time 37.3667, epoch 197, step  49, loss 0.86870241, auc@1 76.28, auc@5 95.31, share 43, std_loss 0.046061385993142516,  0.93228 0.86291 0.86610 0.81004
2021-05-23 04:13:13,597:INFO:[Rank-0] val time 15.2117, epoch 197, step  40, loss 1.26505404, auc@1 64.60, auc@5 89.08
2021-05-23 04:13:51,603:INFO:[Rank-0] train time 37.7436, epoch 198, step  49, loss 0.86242592, auc@1 76.58, auc@5 95.40, share 47, std_loss 0.05719541765901507,  0.92913 0.85464 0.87001 0.79329
2021-05-23 04:14:07,055:INFO:[Rank-0] val time 15.4482, epoch 198, step  40, loss 1.25421618, auc@1 64.94, auc@5 89.28
2021-05-23 04:14:44,377:INFO:[Rank-0] train time 37.0275, epoch 199, step  49, loss 0.85523111, auc@1 76.78, auc@5 95.45, share 42, std_loss 0.0586180683149367,  0.93865 0.83086 0.84322 0.80603
2021-05-23 04:14:59,617:INFO:[Rank-0] val time 15.2374, epoch 199, step  40, loss 1.25688103, auc@1 64.76, auc@5 89.32
2021-05-23 04:15:37,578:INFO:[Rank-0] train time 37.8323, epoch 200, step  49, loss 0.85023898, auc@1 76.88, auc@5 95.43, share 48, std_loss 0.06286229018350037,  0.93494 0.81915 0.85327 0.79309
2021-05-23 04:15:52,845:INFO:[Rank-0] val time 15.2631, epoch 200, step  40, loss 1.25299737, auc@1 64.85, auc@5 89.36
2021-05-23 04:15:52,846:INFO:[Rank-0] finish, train+val 10628.19219, train 7569.34538, reduce_count 8879
