2021-05-23 04:16:01,311:INFO:[Rank-3] args : Namespace(batch=1024, current_time='20210523_011835', dataset='cifar100', epochs=200, ip='192.168.1.1:7548', k=8, loss_std_gap_rate=1.0, lr=0.1, momentum=0.9, name='minibatch', rank=3, scheduler_step=80, train_type='minibatch', weight_decay=0.005, world=4)
2021-05-23 04:16:45,293:INFO:[Rank-3] train time 42.3022, epoch   1, step  49, loss 4.83286667, auc@1 1.68, auc@5 7.26, share 49, std_loss 0, 
2021-05-23 04:17:00,365:INFO:[Rank-3] val time 15.0689, epoch   1, step  40, loss 4.60801432, auc@1 1.27, auc@5 6.19
2021-05-23 04:17:43,064:INFO:[Rank-3] train time 42.4899, epoch   2, step  49, loss 4.40505266, auc@1 3.67, auc@5 14.18, share 49, std_loss 0, 
2021-05-23 04:17:58,162:INFO:[Rank-3] val time 15.0956, epoch   2, step  40, loss 4.52845978, auc@1 1.85, auc@5 8.29
2021-05-23 04:18:40,651:INFO:[Rank-3] train time 42.3270, epoch   3, step  49, loss 4.09376812, auc@1 6.14, auc@5 22.78, share 49, std_loss 0, 
2021-05-23 04:18:55,620:INFO:[Rank-3] val time 14.9661, epoch   3, step  40, loss 4.54071190, auc@1 2.66, auc@5 11.74
2021-05-23 04:19:38,497:INFO:[Rank-3] train time 42.5825, epoch   4, step  49, loss 3.90648699, auc@1 8.49, auc@5 28.77, share 49, std_loss 0, 
2021-05-23 04:19:53,566:INFO:[Rank-3] val time 15.0667, epoch   4, step  40, loss 4.32869930, auc@1 3.77, auc@5 16.84
2021-05-23 04:20:36,134:INFO:[Rank-3] train time 42.3329, epoch   5, step  49, loss 3.78394604, auc@1 10.07, auc@5 32.69, share 49, std_loss 0, 
2021-05-23 04:20:51,123:INFO:[Rank-3] val time 14.9868, epoch   5, step  40, loss 4.20473332, auc@1 5.38, auc@5 20.64
2021-05-23 04:21:34,097:INFO:[Rank-3] train time 42.7859, epoch   6, step  49, loss 3.65476179, auc@1 12.29, auc@5 36.93, share 49, std_loss 0, 
2021-05-23 04:21:49,165:INFO:[Rank-3] val time 15.0662, epoch   6, step  40, loss 4.07579618, auc@1 7.99, auc@5 25.70
2021-05-23 04:22:31,415:INFO:[Rank-3] train time 42.0281, epoch   7, step  49, loss 3.52178788, auc@1 14.41, auc@5 41.20, share 49, std_loss 0, 
2021-05-23 04:22:46,276:INFO:[Rank-3] val time 14.8588, epoch   7, step  40, loss 3.95355634, auc@1 9.23, auc@5 29.33
2021-05-23 04:23:29,607:INFO:[Rank-3] train time 43.0660, epoch   8, step  49, loss 3.35296249, auc@1 17.84, auc@5 46.55, share 49, std_loss 0, 
2021-05-23 04:23:44,719:INFO:[Rank-3] val time 15.1091, epoch   8, step  40, loss 3.52540024, auc@1 15.84, auc@5 41.70
2021-05-23 04:24:27,497:INFO:[Rank-3] train time 42.5998, epoch   9, step  49, loss 3.17490554, auc@1 21.06, auc@5 51.30, share 49, std_loss 0, 
2021-05-23 04:24:42,474:INFO:[Rank-3] val time 14.9745, epoch   9, step  40, loss 3.57981877, auc@1 14.09, auc@5 40.31
2021-05-23 04:25:25,373:INFO:[Rank-3] train time 42.7671, epoch  10, step  49, loss 3.02311158, auc@1 23.84, auc@5 55.60, share 49, std_loss 0, 
2021-05-23 04:25:40,450:INFO:[Rank-3] val time 15.0742, epoch  10, step  40, loss 3.42083413, auc@1 17.25, auc@5 44.15
2021-05-23 04:26:23,182:INFO:[Rank-3] train time 42.4981, epoch  11, step  49, loss 2.82545447, auc@1 27.29, auc@5 60.55, share 49, std_loss 0, 
2021-05-23 04:26:38,328:INFO:[Rank-3] val time 15.1427, epoch  11, step  40, loss 3.20855474, auc@1 20.32, auc@5 50.16
2021-05-23 04:27:20,929:INFO:[Rank-3] train time 42.3534, epoch  12, step  49, loss 2.66938972, auc@1 30.49, auc@5 64.31, share 49, std_loss 0, 
2021-05-23 04:27:35,955:INFO:[Rank-3] val time 15.0236, epoch  12, step  40, loss 2.90909003, auc@1 25.66, auc@5 58.66
2021-05-23 04:28:18,568:INFO:[Rank-3] train time 42.4489, epoch  13, step  49, loss 2.51505613, auc@1 33.74, auc@5 68.14, share 49, std_loss 0, 
2021-05-23 04:28:33,534:INFO:[Rank-3] val time 14.9634, epoch  13, step  40, loss 2.96428633, auc@1 26.12, auc@5 57.16
2021-05-23 04:29:16,311:INFO:[Rank-3] train time 42.5147, epoch  14, step  49, loss 2.44098973, auc@1 35.27, auc@5 69.71, share 49, std_loss 0, 
2021-05-23 04:29:31,268:INFO:[Rank-3] val time 14.9540, epoch  14, step  40, loss 3.06661678, auc@1 24.62, auc@5 54.89
2021-05-23 04:30:14,289:INFO:[Rank-3] train time 42.7032, epoch  15, step  49, loss 2.33135915, auc@1 38.04, auc@5 72.09, share 49, std_loss 0, 
2021-05-23 04:30:29,320:INFO:[Rank-3] val time 15.0290, epoch  15, step  40, loss 2.92558265, auc@1 26.52, auc@5 58.96
2021-05-23 04:31:12,610:INFO:[Rank-3] train time 43.0210, epoch  16, step  49, loss 2.26192951, auc@1 39.62, auc@5 73.46, share 49, std_loss 0, 
2021-05-23 04:31:27,575:INFO:[Rank-3] val time 14.9627, epoch  16, step  40, loss 2.53839651, auc@1 32.40, auc@5 66.87
2021-05-23 04:32:09,973:INFO:[Rank-3] train time 42.2862, epoch  17, step  49, loss 2.20751405, auc@1 41.13, auc@5 74.57, share 49, std_loss 0, 
2021-05-23 04:32:25,029:INFO:[Rank-3] val time 15.0525, epoch  17, step  40, loss 3.06338747, auc@1 25.67, auc@5 56.63
2021-05-23 04:33:07,552:INFO:[Rank-3] train time 42.3025, epoch  18, step  49, loss 2.16735244, auc@1 41.73, auc@5 75.44, share 49, std_loss 0, 
2021-05-23 04:33:22,398:INFO:[Rank-3] val time 14.8440, epoch  18, step  40, loss 2.46323597, auc@1 34.89, auc@5 68.80
2021-05-23 04:34:05,336:INFO:[Rank-3] train time 42.6936, epoch  19, step  49, loss 2.09941745, auc@1 43.54, auc@5 76.80, share 49, std_loss 0, 
2021-05-23 04:34:20,304:INFO:[Rank-3] val time 14.9657, epoch  19, step  40, loss 3.29293971, auc@1 23.27, auc@5 51.10
2021-05-23 04:35:03,199:INFO:[Rank-3] train time 42.7100, epoch  20, step  49, loss 2.06435037, auc@1 44.43, auc@5 77.43, share 49, std_loss 0, 
2021-05-23 04:35:18,224:INFO:[Rank-3] val time 15.0222, epoch  20, step  40, loss 3.26795815, auc@1 22.88, auc@5 55.79
2021-05-23 04:36:00,866:INFO:[Rank-3] train time 42.4925, epoch  21, step  49, loss 2.04024029, auc@1 45.17, auc@5 77.98, share 49, std_loss 0, 
2021-05-23 04:36:15,894:INFO:[Rank-3] val time 15.0253, epoch  21, step  40, loss 3.36738541, auc@1 23.50, auc@5 53.49
2021-05-23 04:36:58,323:INFO:[Rank-3] train time 42.2202, epoch  22, step  49, loss 1.98950279, auc@1 46.23, auc@5 78.91, share 49, std_loss 0, 
2021-05-23 04:37:13,323:INFO:[Rank-3] val time 14.9977, epoch  22, step  40, loss 5.17071605, auc@1 8.29, auc@5 23.95
2021-05-23 04:37:55,869:INFO:[Rank-3] train time 42.3598, epoch  23, step  49, loss 1.97633159, auc@1 46.91, auc@5 79.23, share 49, std_loss 0, 
2021-05-23 04:38:11,018:INFO:[Rank-3] val time 15.1459, epoch  23, step  40, loss 3.82487646, auc@1 19.58, auc@5 43.11
2021-05-23 04:38:53,210:INFO:[Rank-3] train time 41.9373, epoch  24, step  49, loss 1.94351673, auc@1 47.34, auc@5 79.88, share 49, std_loss 0, 
2021-05-23 04:39:08,192:INFO:[Rank-3] val time 14.9800, epoch  24, step  40, loss 2.47330044, auc@1 36.46, auc@5 67.02
2021-05-23 04:39:50,752:INFO:[Rank-3] train time 42.3918, epoch  25, step  49, loss 1.91886222, auc@1 47.90, auc@5 80.63, share 49, std_loss 0, 
2021-05-23 04:40:05,813:INFO:[Rank-3] val time 15.0577, epoch  25, step  40, loss 3.63175161, auc@1 22.31, auc@5 48.57
2021-05-23 04:40:48,778:INFO:[Rank-3] train time 42.8487, epoch  26, step  49, loss 1.88939095, auc@1 48.94, auc@5 80.75, share 49, std_loss 0, 
2021-05-23 04:41:03,768:INFO:[Rank-3] val time 14.9874, epoch  26, step  40, loss 2.56009909, auc@1 36.50, auc@5 68.46
2021-05-23 04:41:46,696:INFO:[Rank-3] train time 42.6245, epoch  27, step  49, loss 1.83866644, auc@1 50.05, auc@5 81.77, share 49, std_loss 0, 
2021-05-23 04:42:01,698:INFO:[Rank-3] val time 15.0001, epoch  27, step  40, loss 2.24253238, auc@1 40.41, auc@5 73.40
2021-05-23 04:42:44,444:INFO:[Rank-3] train time 42.4422, epoch  28, step  49, loss 1.83370972, auc@1 50.34, auc@5 81.90, share 49, std_loss 0, 
2021-05-23 04:42:59,602:INFO:[Rank-3] val time 15.1555, epoch  28, step  40, loss 3.09772020, auc@1 30.41, auc@5 57.93
2021-05-23 04:43:41,866:INFO:[Rank-3] train time 41.9452, epoch  29, step  49, loss 1.82241917, auc@1 50.42, auc@5 81.97, share 49, std_loss 0, 
2021-05-23 04:43:57,043:INFO:[Rank-3] val time 15.1747, epoch  29, step  40, loss 2.51087013, auc@1 36.79, auc@5 67.61
2021-05-23 04:44:39,933:INFO:[Rank-3] train time 42.5896, epoch  30, step  49, loss 1.78191090, auc@1 51.90, auc@5 82.81, share 49, std_loss 0, 
2021-05-23 04:44:54,952:INFO:[Rank-3] val time 15.0173, epoch  30, step  40, loss 2.59121383, auc@1 34.34, auc@5 66.55
2021-05-23 04:45:37,358:INFO:[Rank-3] train time 42.2147, epoch  31, step  49, loss 1.77015567, auc@1 51.90, auc@5 82.98, share 49, std_loss 0, 
2021-05-23 04:45:52,350:INFO:[Rank-3] val time 14.9895, epoch  31, step  40, loss 2.86569440, auc@1 31.69, auc@5 61.05
2021-05-23 04:46:35,480:INFO:[Rank-3] train time 42.9790, epoch  32, step  49, loss 1.75213158, auc@1 52.34, auc@5 83.29, share 49, std_loss 0, 
2021-05-23 04:46:50,532:INFO:[Rank-3] val time 15.0494, epoch  32, step  40, loss 2.78940583, auc@1 32.28, auc@5 62.37
2021-05-23 04:47:32,989:INFO:[Rank-3] train time 42.3005, epoch  33, step  49, loss 1.73129392, auc@1 53.06, auc@5 83.63, share 49, std_loss 0, 
2021-05-23 04:47:48,179:INFO:[Rank-3] val time 15.1868, epoch  33, step  40, loss 2.59942807, auc@1 35.04, auc@5 65.91
2021-05-23 04:48:30,966:INFO:[Rank-3] train time 42.5834, epoch  34, step  49, loss 1.72382128, auc@1 53.42, auc@5 83.61, share 49, std_loss 0, 
2021-05-23 04:48:45,889:INFO:[Rank-3] val time 14.9211, epoch  34, step  40, loss 2.55928156, auc@1 37.39, auc@5 68.67
2021-05-23 04:49:28,379:INFO:[Rank-3] train time 42.3543, epoch  35, step  49, loss 1.72639000, auc@1 53.20, auc@5 83.55, share 49, std_loss 0, 
2021-05-23 04:49:43,358:INFO:[Rank-3] val time 14.9771, epoch  35, step  40, loss 2.33662842, auc@1 39.55, auc@5 71.39
2021-05-23 04:50:25,310:INFO:[Rank-3] train time 41.8102, epoch  36, step  49, loss 1.70879662, auc@1 53.70, auc@5 83.95, share 49, std_loss 0, 
2021-05-23 04:50:40,326:INFO:[Rank-3] val time 15.0137, epoch  36, step  40, loss 2.51668888, auc@1 37.69, auc@5 69.89
2021-05-23 04:51:23,124:INFO:[Rank-3] train time 42.5799, epoch  37, step  49, loss 1.69907880, auc@1 53.94, auc@5 84.15, share 49, std_loss 0, 
2021-05-23 04:51:38,022:INFO:[Rank-3] val time 14.8963, epoch  37, step  40, loss 2.76807491, auc@1 33.91, auc@5 66.05
2021-05-23 04:52:20,676:INFO:[Rank-3] train time 42.3813, epoch  38, step  49, loss 1.67487395, auc@1 54.54, auc@5 84.53, share 49, std_loss 0, 
2021-05-23 04:52:35,724:INFO:[Rank-3] val time 15.0458, epoch  38, step  40, loss 3.47982530, auc@1 25.26, auc@5 52.98
2021-05-23 04:53:18,405:INFO:[Rank-3] train time 42.5310, epoch  39, step  49, loss 1.67110717, auc@1 54.61, auc@5 84.65, share 49, std_loss 0, 
2021-05-23 04:53:33,448:INFO:[Rank-3] val time 15.0410, epoch  39, step  40, loss 2.28991244, auc@1 41.07, auc@5 71.35
2021-05-23 04:54:15,965:INFO:[Rank-3] train time 42.2113, epoch  40, step  49, loss 1.66456592, auc@1 54.91, auc@5 84.73, share 49, std_loss 0, 
2021-05-23 04:54:31,084:INFO:[Rank-3] val time 15.1158, epoch  40, step  40, loss 3.15226141, auc@1 26.90, auc@5 57.85
2021-05-23 04:55:13,611:INFO:[Rank-3] train time 42.3157, epoch  41, step  49, loss 1.68442547, auc@1 54.48, auc@5 84.19, share 49, std_loss 0, 
2021-05-23 04:55:28,849:INFO:[Rank-3] val time 15.2349, epoch  41, step  40, loss 2.81505245, auc@1 33.14, auc@5 62.90
2021-05-23 04:56:11,344:INFO:[Rank-3] train time 42.2633, epoch  42, step  49, loss 1.64655530, auc@1 55.38, auc@5 84.87, share 49, std_loss 0, 
2021-05-23 04:56:26,874:INFO:[Rank-3] val time 15.5279, epoch  42, step  40, loss 2.69939914, auc@1 33.72, auc@5 64.18
2021-05-23 04:57:09,252:INFO:[Rank-3] train time 42.2211, epoch  43, step  49, loss 1.63242340, auc@1 55.84, auc@5 85.00, share 49, std_loss 0, 
2021-05-23 04:57:24,279:INFO:[Rank-3] val time 15.0253, epoch  43, step  40, loss 2.61320048, auc@1 35.31, auc@5 67.20
2021-05-23 04:58:07,166:INFO:[Rank-3] train time 42.6403, epoch  44, step  49, loss 1.64014030, auc@1 55.48, auc@5 85.12, share 49, std_loss 0, 
2021-05-23 04:58:22,215:INFO:[Rank-3] val time 15.0468, epoch  44, step  40, loss 3.81346504, auc@1 22.10, auc@5 47.03
2021-05-23 04:59:04,649:INFO:[Rank-3] train time 42.2319, epoch  45, step  49, loss 1.61761189, auc@1 56.19, auc@5 85.40, share 49, std_loss 0, 
2021-05-23 04:59:19,663:INFO:[Rank-3] val time 15.0123, epoch  45, step  40, loss 2.17516866, auc@1 43.89, auc@5 73.46
2021-05-23 05:00:02,410:INFO:[Rank-3] train time 42.5237, epoch  46, step  49, loss 1.61880016, auc@1 56.09, auc@5 85.44, share 49, std_loss 0, 
2021-05-23 05:00:17,559:INFO:[Rank-3] val time 15.1471, epoch  46, step  40, loss 3.21846290, auc@1 28.78, auc@5 58.56
2021-05-23 05:01:00,056:INFO:[Rank-3] train time 42.2773, epoch  47, step  49, loss 1.63016438, auc@1 56.04, auc@5 85.19, share 49, std_loss 0, 
2021-05-23 05:01:15,150:INFO:[Rank-3] val time 15.0920, epoch  47, step  40, loss 2.45575786, auc@1 38.90, auc@5 69.01
2021-05-23 05:01:58,796:INFO:[Rank-3] train time 43.6440, epoch  48, step  49, loss 1.62159610, auc@1 55.80, auc@5 85.43, share 49, std_loss 0, 
2021-05-23 05:02:13,867:INFO:[Rank-3] val time 15.0665, epoch  48, step  40, loss 2.30075087, auc@1 40.24, auc@5 72.75
2021-05-23 05:02:55,987:INFO:[Rank-3] train time 41.8673, epoch  49, step  49, loss 1.59638000, auc@1 56.62, auc@5 85.77, share 49, std_loss 0, 
2021-05-23 05:03:11,377:INFO:[Rank-3] val time 15.3842, epoch  49, step  40, loss 3.12733108, auc@1 29.12, auc@5 58.83
2021-05-23 05:03:53,599:INFO:[Rank-3] train time 42.0687, epoch  50, step  49, loss 1.60946643, auc@1 56.44, auc@5 85.58, share 49, std_loss 0, 
2021-05-23 05:04:08,618:INFO:[Rank-3] val time 15.0164, epoch  50, step  40, loss 2.46731462, auc@1 37.90, auc@5 68.45
2021-05-23 05:04:51,307:INFO:[Rank-3] train time 42.3865, epoch  51, step  49, loss 1.59268808, auc@1 56.85, auc@5 85.44, share 49, std_loss 0, 
2021-05-23 05:05:06,225:INFO:[Rank-3] val time 14.9158, epoch  51, step  40, loss 2.30008313, auc@1 40.79, auc@5 72.90
2021-05-23 05:05:48,999:INFO:[Rank-3] train time 42.5656, epoch  52, step  49, loss 1.59921873, auc@1 56.95, auc@5 85.72, share 49, std_loss 0, 
2021-05-23 05:06:03,885:INFO:[Rank-3] val time 14.8834, epoch  52, step  40, loss 2.25932176, auc@1 41.77, auc@5 73.51
2021-05-23 05:06:46,967:INFO:[Rank-3] train time 42.8284, epoch  53, step  49, loss 1.58882594, auc@1 57.00, auc@5 85.83, share 49, std_loss 0, 
2021-05-23 05:07:02,048:INFO:[Rank-3] val time 15.0778, epoch  53, step  40, loss 2.66245106, auc@1 35.97, auc@5 66.72
2021-05-23 05:07:44,898:INFO:[Rank-3] train time 42.5358, epoch  54, step  49, loss 1.58110464, auc@1 57.11, auc@5 86.09, share 49, std_loss 0, 
2021-05-23 05:07:59,941:INFO:[Rank-3] val time 15.0401, epoch  54, step  40, loss 2.11264023, auc@1 44.14, auc@5 76.04
2021-05-23 05:08:42,011:INFO:[Rank-3] train time 41.8147, epoch  55, step  49, loss 1.57660031, auc@1 57.45, auc@5 85.93, share 49, std_loss 0, 
2021-05-23 05:08:57,056:INFO:[Rank-3] val time 15.0423, epoch  55, step  40, loss 2.83200531, auc@1 32.19, auc@5 65.43
2021-05-23 05:09:39,564:INFO:[Rank-3] train time 42.2445, epoch  56, step  49, loss 1.57731950, auc@1 57.20, auc@5 85.98, share 49, std_loss 0, 
2021-05-23 05:09:54,609:INFO:[Rank-3] val time 15.0420, epoch  56, step  40, loss 2.78026970, auc@1 32.29, auc@5 64.41
2021-05-23 05:10:37,311:INFO:[Rank-3] train time 42.5333, epoch  57, step  49, loss 1.58503246, auc@1 57.06, auc@5 86.07, share 49, std_loss 0, 
2021-05-23 05:10:52,230:INFO:[Rank-3] val time 14.9164, epoch  57, step  40, loss 2.91313103, auc@1 33.52, auc@5 65.15
2021-05-23 05:11:34,226:INFO:[Rank-3] train time 41.8940, epoch  58, step  49, loss 1.56936908, auc@1 57.52, auc@5 86.09, share 49, std_loss 0, 
2021-05-23 05:11:49,375:INFO:[Rank-3] val time 15.1472, epoch  58, step  40, loss 2.62107479, auc@1 35.07, auc@5 66.63
2021-05-23 05:12:32,117:INFO:[Rank-3] train time 42.4932, epoch  59, step  49, loss 1.56429374, auc@1 57.39, auc@5 86.06, share 49, std_loss 0, 
2021-05-23 05:12:47,117:INFO:[Rank-3] val time 14.9974, epoch  59, step  40, loss 2.10672546, auc@1 45.14, auc@5 76.17
2021-05-23 05:13:29,925:INFO:[Rank-3] train time 42.5301, epoch  60, step  49, loss 1.57996440, auc@1 57.35, auc@5 86.19, share 49, std_loss 0, 
2021-05-23 05:13:44,951:INFO:[Rank-3] val time 15.0238, epoch  60, step  40, loss 2.65569606, auc@1 36.52, auc@5 66.81
2021-05-23 05:14:27,992:INFO:[Rank-3] train time 42.8949, epoch  61, step  49, loss 1.56561768, auc@1 57.79, auc@5 86.26, share 49, std_loss 0, 
2021-05-23 05:14:43,095:INFO:[Rank-3] val time 15.1009, epoch  61, step  40, loss 2.35591417, auc@1 40.48, auc@5 70.40
2021-05-23 05:15:25,702:INFO:[Rank-3] train time 42.4514, epoch  62, step  49, loss 1.53849161, auc@1 58.57, auc@5 86.40, share 49, std_loss 0, 
2021-05-23 05:15:40,634:INFO:[Rank-3] val time 14.9292, epoch  62, step  40, loss 2.06993852, auc@1 46.30, auc@5 76.41
2021-05-23 05:16:23,177:INFO:[Rank-3] train time 42.2321, epoch  63, step  49, loss 1.54850972, auc@1 58.04, auc@5 86.42, share 49, std_loss 0, 
2021-05-23 05:16:38,332:INFO:[Rank-3] val time 15.1521, epoch  63, step  40, loss 3.64303861, auc@1 23.75, auc@5 55.45
2021-05-23 05:17:20,897:INFO:[Rank-3] train time 42.3674, epoch  64, step  49, loss 1.57189989, auc@1 57.59, auc@5 85.92, share 49, std_loss 0, 
2021-05-23 05:17:35,876:INFO:[Rank-3] val time 14.9767, epoch  64, step  40, loss 2.42354507, auc@1 38.89, auc@5 71.66
2021-05-23 05:18:18,468:INFO:[Rank-3] train time 42.3516, epoch  65, step  49, loss 1.56829596, auc@1 57.44, auc@5 86.40, share 49, std_loss 0, 
2021-05-23 05:18:33,512:INFO:[Rank-3] val time 15.0421, epoch  65, step  40, loss 2.11572418, auc@1 44.59, auc@5 76.53
2021-05-23 05:19:15,889:INFO:[Rank-3] train time 42.1738, epoch  66, step  49, loss 1.56118846, auc@1 57.88, auc@5 86.49, share 49, std_loss 0, 
2021-05-23 05:19:30,891:INFO:[Rank-3] val time 15.0000, epoch  66, step  40, loss 2.51146467, auc@1 37.91, auc@5 69.21
2021-05-23 05:20:13,312:INFO:[Rank-3] train time 42.1837, epoch  67, step  49, loss 1.55754471, auc@1 57.85, auc@5 86.35, share 49, std_loss 0, 
2021-05-23 05:20:28,377:INFO:[Rank-3] val time 15.0619, epoch  67, step  40, loss 2.37728462, auc@1 39.82, auc@5 70.24
2021-05-23 05:21:10,853:INFO:[Rank-3] train time 42.2567, epoch  68, step  49, loss 1.55793560, auc@1 57.96, auc@5 86.35, share 49, std_loss 0, 
2021-05-23 05:21:25,905:INFO:[Rank-3] val time 15.0502, epoch  68, step  40, loss 2.21962079, auc@1 42.83, auc@5 73.89
2021-05-23 05:22:08,471:INFO:[Rank-3] train time 42.3996, epoch  69, step  49, loss 1.55648625, auc@1 57.97, auc@5 86.40, share 49, std_loss 0, 
2021-05-23 05:22:23,651:INFO:[Rank-3] val time 15.1771, epoch  69, step  40, loss 2.18417349, auc@1 44.03, auc@5 74.76
2021-05-23 05:23:06,156:INFO:[Rank-3] train time 42.3106, epoch  70, step  49, loss 1.53737950, auc@1 58.24, auc@5 86.66, share 49, std_loss 0, 
2021-05-23 05:23:21,188:INFO:[Rank-3] val time 15.0298, epoch  70, step  40, loss 2.24938881, auc@1 43.19, auc@5 73.96
2021-05-23 05:24:03,954:INFO:[Rank-3] train time 42.4933, epoch  71, step  49, loss 1.53793442, auc@1 58.46, auc@5 86.87, share 49, std_loss 0, 
2021-05-23 05:24:19,360:INFO:[Rank-3] val time 15.4036, epoch  71, step  40, loss 2.34212892, auc@1 42.12, auc@5 69.85
2021-05-23 05:25:01,758:INFO:[Rank-3] train time 42.2314, epoch  72, step  49, loss 1.54369342, auc@1 58.34, auc@5 86.62, share 49, std_loss 0, 
2021-05-23 05:25:16,687:INFO:[Rank-3] val time 14.9271, epoch  72, step  40, loss 2.89896812, auc@1 31.99, auc@5 63.50
2021-05-23 05:25:59,527:INFO:[Rank-3] train time 42.6911, epoch  73, step  49, loss 1.54804873, auc@1 58.10, auc@5 86.54, share 49, std_loss 0, 
2021-05-23 05:26:14,479:INFO:[Rank-3] val time 14.9495, epoch  73, step  40, loss 2.76323297, auc@1 32.17, auc@5 64.10
2021-05-23 05:26:57,093:INFO:[Rank-3] train time 42.3025, epoch  74, step  49, loss 1.54015315, auc@1 58.40, auc@5 86.54, share 49, std_loss 0, 
2021-05-23 05:27:12,193:INFO:[Rank-3] val time 15.0977, epoch  74, step  40, loss 2.29687776, auc@1 40.76, auc@5 73.63
2021-05-23 05:27:54,989:INFO:[Rank-3] train time 42.6405, epoch  75, step  49, loss 1.52672434, auc@1 58.71, auc@5 86.84, share 49, std_loss 0, 
2021-05-23 05:28:10,017:INFO:[Rank-3] val time 15.0252, epoch  75, step  40, loss 2.88427105, auc@1 30.39, auc@5 61.74
2021-05-23 05:28:52,824:INFO:[Rank-3] train time 42.5301, epoch  76, step  49, loss 1.52604091, auc@1 58.76, auc@5 86.89, share 49, std_loss 0, 
2021-05-23 05:29:08,053:INFO:[Rank-3] val time 15.2264, epoch  76, step  40, loss 2.61949675, auc@1 35.84, auc@5 65.73
2021-05-23 05:29:50,127:INFO:[Rank-3] train time 41.8501, epoch  77, step  49, loss 1.53829193, auc@1 58.76, auc@5 86.50, share 49, std_loss 0, 
2021-05-23 05:30:05,092:INFO:[Rank-3] val time 14.9616, epoch  77, step  40, loss 2.36297295, auc@1 39.91, auc@5 71.87
2021-05-23 05:30:48,425:INFO:[Rank-3] train time 43.0723, epoch  78, step  49, loss 1.52715182, auc@1 58.70, auc@5 86.80, share 49, std_loss 0, 
2021-05-23 05:31:03,503:INFO:[Rank-3] val time 15.0748, epoch  78, step  40, loss 2.40680337, auc@1 40.48, auc@5 69.46
2021-05-23 05:31:46,136:INFO:[Rank-3] train time 42.4175, epoch  79, step  49, loss 1.52432084, auc@1 58.93, auc@5 86.87, share 49, std_loss 0, 
2021-05-23 05:32:01,045:INFO:[Rank-3] val time 14.9067, epoch  79, step  40, loss 2.51702076, auc@1 39.21, auc@5 70.71
2021-05-23 05:32:43,667:INFO:[Rank-3] train time 42.4559, epoch  80, step  49, loss 1.55267453, auc@1 57.90, auc@5 86.57, share 49, std_loss 0, 
2021-05-23 05:32:58,727:INFO:[Rank-3] val time 15.0586, epoch  80, step  40, loss 2.37633401, auc@1 39.04, auc@5 70.80
2021-05-23 05:33:40,820:INFO:[Rank-3] train time 41.8677, epoch  81, step  49, loss 1.16805255, auc@1 68.68, auc@5 91.82, share 49, std_loss 0, 
2021-05-23 05:33:55,880:INFO:[Rank-3] val time 15.0577, epoch  81, step  40, loss 1.13645623, auc@1 67.90, auc@5 91.83
2021-05-23 05:34:38,368:INFO:[Rank-3] train time 42.3357, epoch  82, step  49, loss 0.95344937, auc@1 74.05, auc@5 94.33, share 49, std_loss 0, 
2021-05-23 05:34:53,385:INFO:[Rank-3] val time 15.0142, epoch  82, step  40, loss 1.08288329, auc@1 69.18, auc@5 92.15
2021-05-23 05:35:36,228:INFO:[Rank-3] train time 42.6227, epoch  83, step  49, loss 0.88120037, auc@1 76.06, auc@5 95.16, share 49, std_loss 0, 
2021-05-23 05:35:51,278:INFO:[Rank-3] val time 15.0465, epoch  83, step  40, loss 1.04488472, auc@1 70.11, auc@5 92.72
2021-05-23 05:36:33,819:INFO:[Rank-3] train time 42.3079, epoch  84, step  49, loss 0.83501655, auc@1 77.12, auc@5 95.62, share 49, std_loss 0, 
2021-05-23 05:36:48,763:INFO:[Rank-3] val time 14.9408, epoch  84, step  40, loss 1.02796525, auc@1 71.06, auc@5 93.02
2021-05-23 05:37:31,269:INFO:[Rank-3] train time 42.2420, epoch  85, step  49, loss 0.79002190, auc@1 78.47, auc@5 96.12, share 49, std_loss 0, 
2021-05-23 05:37:46,371:INFO:[Rank-3] val time 15.0999, epoch  85, step  40, loss 1.03390784, auc@1 70.55, auc@5 92.60
2021-05-23 05:38:29,311:INFO:[Rank-3] train time 42.7007, epoch  86, step  49, loss 0.75311190, auc@1 79.43, auc@5 96.29, share 49, std_loss 0, 
2021-05-23 05:38:44,259:INFO:[Rank-3] val time 14.9451, epoch  86, step  40, loss 1.04934744, auc@1 70.59, auc@5 92.51
2021-05-23 05:39:27,040:INFO:[Rank-3] train time 42.5309, epoch  87, step  49, loss 0.71943921, auc@1 80.61, auc@5 96.65, share 49, std_loss 0, 
2021-05-23 05:39:42,075:INFO:[Rank-3] val time 15.0324, epoch  87, step  40, loss 1.03209729, auc@1 71.21, auc@5 92.52
2021-05-23 05:40:24,165:INFO:[Rank-3] train time 41.8387, epoch  88, step  49, loss 0.69454318, auc@1 81.05, auc@5 96.92, share 49, std_loss 0, 
2021-05-23 05:40:39,166:INFO:[Rank-3] val time 14.9986, epoch  88, step  40, loss 1.04287484, auc@1 70.39, auc@5 92.33
2021-05-23 05:41:21,669:INFO:[Rank-3] train time 42.2159, epoch  89, step  49, loss 0.66873503, auc@1 81.85, auc@5 97.08, share 49, std_loss 0, 
2021-05-23 05:41:36,835:INFO:[Rank-3] val time 15.1636, epoch  89, step  40, loss 1.01465852, auc@1 71.52, auc@5 92.95
2021-05-23 05:42:18,996:INFO:[Rank-3] train time 41.9635, epoch  90, step  49, loss 0.64039171, auc@1 82.77, auc@5 97.34, share 49, std_loss 0, 
2021-05-23 05:42:34,005:INFO:[Rank-3] val time 15.0063, epoch  90, step  40, loss 1.04452625, auc@1 70.67, auc@5 92.23
2021-05-23 05:43:16,578:INFO:[Rank-3] train time 42.3353, epoch  91, step  49, loss 0.61912525, auc@1 83.40, auc@5 97.57, share 49, std_loss 0, 
2021-05-23 05:43:31,448:INFO:[Rank-3] val time 14.8685, epoch  91, step  40, loss 1.05900281, auc@1 70.33, auc@5 92.16
2021-05-23 05:44:14,529:INFO:[Rank-3] train time 42.8123, epoch  92, step  49, loss 0.60481256, auc@1 83.82, auc@5 97.66, share 49, std_loss 0, 
2021-05-23 05:44:29,551:INFO:[Rank-3] val time 15.0196, epoch  92, step  40, loss 1.15947909, auc@1 68.50, auc@5 90.78
2021-05-23 05:45:12,261:INFO:[Rank-3] train time 42.5707, epoch  93, step  49, loss 0.58758581, auc@1 84.40, auc@5 97.80, share 49, std_loss 0, 
2021-05-23 05:45:27,356:INFO:[Rank-3] val time 15.0930, epoch  93, step  40, loss 1.10952020, auc@1 69.59, auc@5 91.77
2021-05-23 05:46:10,385:INFO:[Rank-3] train time 42.7572, epoch  94, step  49, loss 0.57096678, auc@1 84.82, auc@5 98.01, share 49, std_loss 0, 
2021-05-23 05:46:25,383:INFO:[Rank-3] val time 14.9959, epoch  94, step  40, loss 1.07908192, auc@1 70.04, auc@5 92.09
2021-05-23 05:47:07,811:INFO:[Rank-3] train time 42.1834, epoch  95, step  49, loss 0.55218792, auc@1 85.38, auc@5 98.18, share 49, std_loss 0, 
2021-05-23 05:47:22,658:INFO:[Rank-3] val time 14.8454, epoch  95, step  40, loss 1.07429984, auc@1 70.28, auc@5 92.40
2021-05-23 05:48:05,353:INFO:[Rank-3] train time 42.6106, epoch  96, step  49, loss 0.54469788, auc@1 85.49, auc@5 98.21, share 49, std_loss 0, 
2021-05-23 05:48:20,417:INFO:[Rank-3] val time 15.0624, epoch  96, step  40, loss 1.14323976, auc@1 69.01, auc@5 91.26
2021-05-23 05:49:02,346:INFO:[Rank-3] train time 41.7007, epoch  97, step  49, loss 0.52787209, auc@1 86.00, auc@5 98.21, share 49, std_loss 0, 
2021-05-23 05:49:17,284:INFO:[Rank-3] val time 14.9355, epoch  97, step  40, loss 1.18502709, auc@1 68.29, auc@5 90.77
2021-05-23 05:49:59,496:INFO:[Rank-3] train time 42.1424, epoch  98, step  49, loss 0.52441198, auc@1 86.22, auc@5 98.37, share 49, std_loss 0, 
2021-05-23 05:50:14,495:INFO:[Rank-3] val time 14.9960, epoch  98, step  40, loss 1.10167473, auc@1 70.20, auc@5 91.71
2021-05-23 05:50:57,322:INFO:[Rank-3] train time 42.5734, epoch  99, step  49, loss 0.50793749, auc@1 86.81, auc@5 98.38, share 49, std_loss 0, 
2021-05-23 05:51:12,310:INFO:[Rank-3] val time 14.9851, epoch  99, step  40, loss 1.19233691, auc@1 67.86, auc@5 90.89
2021-05-23 05:51:54,905:INFO:[Rank-3] train time 42.3824, epoch 100, step  49, loss 0.51146138, auc@1 86.45, auc@5 98.44, share 49, std_loss 0, 
2021-05-23 05:52:10,006:INFO:[Rank-3] val time 15.0985, epoch 100, step  40, loss 1.20321422, auc@1 67.74, auc@5 90.58
2021-05-23 05:52:52,604:INFO:[Rank-3] train time 42.3756, epoch 101, step  49, loss 0.50763381, auc@1 86.56, auc@5 98.47, share 49, std_loss 0, 
2021-05-23 05:53:07,570:INFO:[Rank-3] val time 14.9630, epoch 101, step  40, loss 1.19096924, auc@1 67.93, auc@5 91.13
2021-05-23 05:53:50,425:INFO:[Rank-3] train time 42.5880, epoch 102, step  49, loss 0.50702608, auc@1 86.68, auc@5 98.43, share 49, std_loss 0, 
2021-05-23 05:54:05,406:INFO:[Rank-3] val time 14.9784, epoch 102, step  40, loss 1.15875366, auc@1 68.84, auc@5 91.39
2021-05-23 05:54:47,875:INFO:[Rank-3] train time 42.3934, epoch 103, step  49, loss 0.48990816, auc@1 87.14, auc@5 98.57, share 49, std_loss 0, 
2021-05-23 05:55:02,883:INFO:[Rank-3] val time 15.0066, epoch 103, step  40, loss 1.25837021, auc@1 66.68, auc@5 89.97
2021-05-23 05:55:45,347:INFO:[Rank-3] train time 42.2239, epoch 104, step  49, loss 0.48153442, auc@1 87.42, auc@5 98.59, share 49, std_loss 0, 
2021-05-23 05:56:00,329:INFO:[Rank-3] val time 14.9799, epoch 104, step  40, loss 1.21019321, auc@1 68.15, auc@5 90.76
2021-05-23 05:56:42,805:INFO:[Rank-3] train time 42.2957, epoch 105, step  49, loss 0.48388052, auc@1 87.28, auc@5 98.58, share 49, std_loss 0, 
2021-05-23 05:56:57,755:INFO:[Rank-3] val time 14.9476, epoch 105, step  40, loss 1.37168357, auc@1 64.23, auc@5 89.16
2021-05-23 05:57:40,288:INFO:[Rank-3] train time 42.3727, epoch 106, step  49, loss 0.48245665, auc@1 87.34, auc@5 98.70, share 49, std_loss 0, 
2021-05-23 05:57:55,180:INFO:[Rank-3] val time 14.8898, epoch 106, step  40, loss 1.23061527, auc@1 67.62, auc@5 90.66
2021-05-23 05:58:38,122:INFO:[Rank-3] train time 42.7332, epoch 107, step  49, loss 0.47574392, auc@1 87.73, auc@5 98.66, share 49, std_loss 0, 
2021-05-23 05:58:53,190:INFO:[Rank-3] val time 15.0661, epoch 107, step  40, loss 1.42365245, auc@1 63.51, auc@5 88.05
2021-05-23 05:59:35,775:INFO:[Rank-3] train time 42.3836, epoch 108, step  49, loss 0.47948453, auc@1 87.34, auc@5 98.69, share 49, std_loss 0, 
2021-05-23 05:59:50,886:INFO:[Rank-3] val time 15.1082, epoch 108, step  40, loss 1.20540303, auc@1 68.29, auc@5 90.80
2021-05-23 06:00:33,257:INFO:[Rank-3] train time 42.2326, epoch 109, step  49, loss 0.45807239, auc@1 88.17, auc@5 98.76, share 49, std_loss 0, 
2021-05-23 06:00:48,237:INFO:[Rank-3] val time 14.9780, epoch 109, step  40, loss 1.16494943, auc@1 69.71, auc@5 91.11
2021-05-23 06:01:31,155:INFO:[Rank-3] train time 42.6703, epoch 110, step  49, loss 0.44947129, auc@1 88.39, auc@5 98.84, share 49, std_loss 0, 
2021-05-23 06:01:46,164:INFO:[Rank-3] val time 15.0071, epoch 110, step  40, loss 1.23167440, auc@1 67.50, auc@5 90.76
2021-05-23 06:02:28,807:INFO:[Rank-3] train time 42.3791, epoch 111, step  49, loss 0.44754899, auc@1 88.48, auc@5 98.94, share 49, std_loss 0, 
2021-05-23 06:02:43,814:INFO:[Rank-3] val time 15.0051, epoch 111, step  40, loss 1.26810006, auc@1 67.08, auc@5 89.93
2021-05-23 06:03:26,431:INFO:[Rank-3] train time 42.3272, epoch 112, step  49, loss 0.43785843, auc@1 88.67, auc@5 98.94, share 49, std_loss 0, 
2021-05-23 06:03:41,542:INFO:[Rank-3] val time 15.1088, epoch 112, step  40, loss 1.24971902, auc@1 67.71, auc@5 90.45
2021-05-23 06:04:24,644:INFO:[Rank-3] train time 42.9404, epoch 113, step  49, loss 0.45147711, auc@1 88.46, auc@5 98.85, share 49, std_loss 0, 
2021-05-23 06:04:39,780:INFO:[Rank-3] val time 15.1329, epoch 113, step  40, loss 1.30731961, auc@1 66.89, auc@5 89.52
2021-05-23 06:05:23,110:INFO:[Rank-3] train time 43.0202, epoch 114, step  49, loss 0.43898445, auc@1 88.75, auc@5 98.98, share 49, std_loss 0, 
2021-05-23 06:05:38,105:INFO:[Rank-3] val time 14.9919, epoch 114, step  40, loss 1.24147856, auc@1 67.85, auc@5 90.64
2021-05-23 06:06:20,674:INFO:[Rank-3] train time 42.3198, epoch 115, step  49, loss 0.43876696, auc@1 88.62, auc@5 98.92, share 49, std_loss 0, 
2021-05-23 06:06:35,614:INFO:[Rank-3] val time 14.9369, epoch 115, step  40, loss 1.35101303, auc@1 64.90, auc@5 89.18
2021-05-23 06:07:18,134:INFO:[Rank-3] train time 42.2794, epoch 116, step  49, loss 0.43136704, auc@1 88.86, auc@5 99.03, share 49, std_loss 0, 
2021-05-23 06:07:33,218:INFO:[Rank-3] val time 15.0821, epoch 116, step  40, loss 1.40413117, auc@1 65.09, auc@5 88.36
2021-05-23 06:08:15,797:INFO:[Rank-3] train time 42.4080, epoch 117, step  49, loss 0.43032399, auc@1 88.84, auc@5 99.01, share 49, std_loss 0, 
2021-05-23 06:08:30,710:INFO:[Rank-3] val time 14.9113, epoch 117, step  40, loss 1.27855638, auc@1 66.79, auc@5 90.11
2021-05-23 06:09:13,504:INFO:[Rank-3] train time 42.6449, epoch 118, step  49, loss 0.41899306, auc@1 89.27, auc@5 99.02, share 49, std_loss 0, 
2021-05-23 06:09:28,658:INFO:[Rank-3] val time 15.1520, epoch 118, step  40, loss 1.39302660, auc@1 65.05, auc@5 88.91
2021-05-23 06:10:11,274:INFO:[Rank-3] train time 42.3467, epoch 119, step  49, loss 0.41811380, auc@1 89.40, auc@5 99.03, share 49, std_loss 0, 
2021-05-23 06:10:26,296:INFO:[Rank-3] val time 15.0196, epoch 119, step  40, loss 1.31698856, auc@1 66.80, auc@5 89.73
2021-05-23 06:11:08,844:INFO:[Rank-3] train time 42.2092, epoch 120, step  49, loss 0.41240907, auc@1 89.39, auc@5 99.08, share 49, std_loss 0, 
2021-05-23 06:11:23,868:INFO:[Rank-3] val time 15.0211, epoch 120, step  40, loss 1.26707180, auc@1 68.01, auc@5 89.91
2021-05-23 06:12:06,387:INFO:[Rank-3] train time 42.2824, epoch 121, step  49, loss 0.40575078, auc@1 89.72, auc@5 99.15, share 49, std_loss 0, 
2021-05-23 06:12:21,345:INFO:[Rank-3] val time 14.9561, epoch 121, step  40, loss 1.38216150, auc@1 65.35, auc@5 88.78
2021-05-23 06:13:04,080:INFO:[Rank-3] train time 42.5720, epoch 122, step  49, loss 0.40328893, auc@1 89.69, auc@5 99.10, share 49, std_loss 0, 
2021-05-23 06:13:18,979:INFO:[Rank-3] val time 14.8970, epoch 122, step  40, loss 1.24497656, auc@1 68.16, auc@5 90.37
2021-05-23 06:14:01,840:INFO:[Rank-3] train time 42.6473, epoch 123, step  49, loss 0.39697966, auc@1 90.06, auc@5 99.13, share 49, std_loss 0, 
2021-05-23 06:14:16,911:INFO:[Rank-3] val time 15.0681, epoch 123, step  40, loss 1.29890908, auc@1 66.69, auc@5 89.71
2021-05-23 06:14:59,424:INFO:[Rank-3] train time 42.4033, epoch 124, step  49, loss 0.37993535, auc@1 90.42, auc@5 99.25, share 49, std_loss 0, 
2021-05-23 06:15:14,481:INFO:[Rank-3] val time 15.0497, epoch 124, step  40, loss 1.33892114, auc@1 66.74, auc@5 89.62
2021-05-23 06:15:56,901:INFO:[Rank-3] train time 42.2721, epoch 125, step  49, loss 0.37568474, auc@1 90.78, auc@5 99.27, share 49, std_loss 0, 
2021-05-23 06:16:11,922:INFO:[Rank-3] val time 15.0187, epoch 125, step  40, loss 1.32303021, auc@1 66.36, auc@5 89.67
2021-05-23 06:16:54,382:INFO:[Rank-3] train time 42.1700, epoch 126, step  49, loss 0.37892753, auc@1 90.41, auc@5 99.25, share 49, std_loss 0, 
2021-05-23 06:17:09,379:INFO:[Rank-3] val time 14.9943, epoch 126, step  40, loss 1.29118017, auc@1 67.77, auc@5 89.78
2021-05-23 06:17:51,536:INFO:[Rank-3] train time 41.9258, epoch 127, step  49, loss 0.38178828, auc@1 90.49, auc@5 99.25, share 49, std_loss 0, 
2021-05-23 06:18:06,561:INFO:[Rank-3] val time 15.0228, epoch 127, step  40, loss 1.46289086, auc@1 63.90, auc@5 88.05
2021-05-23 06:18:48,937:INFO:[Rank-3] train time 42.1438, epoch 128, step  49, loss 0.36765298, auc@1 90.84, auc@5 99.30, share 49, std_loss 0, 
2021-05-23 06:19:03,907:INFO:[Rank-3] val time 14.9679, epoch 128, step  40, loss 1.41845916, auc@1 64.53, auc@5 88.04
2021-05-23 06:19:46,732:INFO:[Rank-3] train time 42.5728, epoch 129, step  49, loss 0.36708885, auc@1 90.93, auc@5 99.34, share 49, std_loss 0, 
2021-05-23 06:20:02,502:INFO:[Rank-3] val time 15.7677, epoch 129, step  40, loss 1.30335789, auc@1 67.64, auc@5 89.66
2021-05-23 06:20:45,247:INFO:[Rank-3] train time 42.6437, epoch 130, step  49, loss 0.36473051, auc@1 90.88, auc@5 99.30, share 49, std_loss 0, 
2021-05-23 06:21:00,273:INFO:[Rank-3] val time 15.0238, epoch 130, step  40, loss 1.34538891, auc@1 66.77, auc@5 89.14
2021-05-23 06:21:42,797:INFO:[Rank-3] train time 42.3021, epoch 131, step  49, loss 0.36195004, auc@1 90.99, auc@5 99.33, share 49, std_loss 0, 
2021-05-23 06:21:57,799:INFO:[Rank-3] val time 15.0000, epoch 131, step  40, loss 1.27761402, auc@1 68.18, auc@5 90.42
2021-05-23 06:22:40,533:INFO:[Rank-3] train time 42.5562, epoch 132, step  49, loss 0.36402687, auc@1 90.96, auc@5 99.34, share 49, std_loss 0, 
2021-05-23 06:22:55,569:INFO:[Rank-3] val time 15.0331, epoch 132, step  40, loss 1.37897634, auc@1 65.45, auc@5 89.44
2021-05-23 06:23:37,972:INFO:[Rank-3] train time 42.1654, epoch 133, step  49, loss 0.36211297, auc@1 91.13, auc@5 99.35, share 49, std_loss 0, 
2021-05-23 06:23:53,037:INFO:[Rank-3] val time 15.0623, epoch 133, step  40, loss 1.29185829, auc@1 67.63, auc@5 89.80
2021-05-23 06:24:35,421:INFO:[Rank-3] train time 42.2469, epoch 134, step  49, loss 0.35102156, auc@1 91.51, auc@5 99.33, share 49, std_loss 0, 
2021-05-23 06:24:50,377:INFO:[Rank-3] val time 14.9534, epoch 134, step  40, loss 1.33172912, auc@1 67.57, auc@5 89.77
2021-05-23 06:25:33,160:INFO:[Rank-3] train time 42.5804, epoch 135, step  49, loss 0.36811990, auc@1 90.92, auc@5 99.33, share 49, std_loss 0, 
2021-05-23 06:25:48,195:INFO:[Rank-3] val time 15.0326, epoch 135, step  40, loss 1.44354158, auc@1 64.70, auc@5 87.88
2021-05-23 06:26:30,204:INFO:[Rank-3] train time 41.8008, epoch 136, step  49, loss 0.35792243, auc@1 91.08, auc@5 99.34, share 49, std_loss 0, 
2021-05-23 06:26:45,312:INFO:[Rank-3] val time 15.1047, epoch 136, step  40, loss 1.32823543, auc@1 67.31, auc@5 89.48
2021-05-23 06:27:27,689:INFO:[Rank-3] train time 42.1706, epoch 137, step  49, loss 0.36010578, auc@1 91.13, auc@5 99.33, share 49, std_loss 0, 
2021-05-23 06:27:42,688:INFO:[Rank-3] val time 14.9969, epoch 137, step  40, loss 1.37135198, auc@1 66.19, auc@5 89.38
2021-05-23 06:28:25,617:INFO:[Rank-3] train time 42.6915, epoch 138, step  49, loss 0.35143921, auc@1 91.30, auc@5 99.37, share 49, std_loss 0, 
2021-05-23 06:28:40,648:INFO:[Rank-3] val time 15.0285, epoch 138, step  40, loss 1.27122257, auc@1 68.00, auc@5 90.45
2021-05-23 06:29:23,491:INFO:[Rank-3] train time 42.6484, epoch 139, step  49, loss 0.35515258, auc@1 91.36, auc@5 99.42, share 49, std_loss 0, 
2021-05-23 06:29:38,462:INFO:[Rank-3] val time 14.9680, epoch 139, step  40, loss 1.40096403, auc@1 65.45, auc@5 88.90
2021-05-23 06:30:21,005:INFO:[Rank-3] train time 42.2989, epoch 140, step  49, loss 0.35064173, auc@1 91.35, auc@5 99.39, share 49, std_loss 0, 
2021-05-23 06:30:36,160:INFO:[Rank-3] val time 15.1517, epoch 140, step  40, loss 1.29225711, auc@1 67.96, auc@5 89.78
2021-05-23 06:31:18,952:INFO:[Rank-3] train time 42.5899, epoch 141, step  49, loss 0.34451991, auc@1 91.51, auc@5 99.39, share 49, std_loss 0, 
2021-05-23 06:31:34,029:INFO:[Rank-3] val time 15.0741, epoch 141, step  40, loss 1.33824310, auc@1 66.84, auc@5 89.66
2021-05-23 06:32:16,380:INFO:[Rank-3] train time 42.1413, epoch 142, step  49, loss 0.33402246, auc@1 91.92, auc@5 99.43, share 49, std_loss 0, 
2021-05-23 06:32:31,454:INFO:[Rank-3] val time 15.0719, epoch 142, step  40, loss 1.27832158, auc@1 68.48, auc@5 90.09
2021-05-23 06:33:14,224:INFO:[Rank-3] train time 42.5356, epoch 143, step  49, loss 0.33061555, auc@1 92.03, auc@5 99.50, share 49, std_loss 0, 
2021-05-23 06:33:29,358:INFO:[Rank-3] val time 15.1323, epoch 143, step  40, loss 1.39323129, auc@1 66.17, auc@5 88.91
2021-05-23 06:34:11,759:INFO:[Rank-3] train time 42.1864, epoch 144, step  49, loss 0.34676269, auc@1 91.46, auc@5 99.42, share 49, std_loss 0, 
2021-05-23 06:34:26,778:INFO:[Rank-3] val time 15.0175, epoch 144, step  40, loss 1.49134696, auc@1 64.42, auc@5 87.17
2021-05-23 06:35:09,361:INFO:[Rank-3] train time 42.3982, epoch 145, step  49, loss 0.33506775, auc@1 91.76, auc@5 99.48, share 49, std_loss 0, 
2021-05-23 06:35:24,442:INFO:[Rank-3] val time 15.0783, epoch 145, step  40, loss 1.41691201, auc@1 64.87, auc@5 89.16
2021-05-23 06:36:07,422:INFO:[Rank-3] train time 42.7516, epoch 146, step  49, loss 0.32638639, auc@1 92.16, auc@5 99.48, share 49, std_loss 0, 
2021-05-23 06:36:22,387:INFO:[Rank-3] val time 14.9627, epoch 146, step  40, loss 1.45797474, auc@1 64.75, auc@5 88.33
2021-05-23 06:37:05,148:INFO:[Rank-3] train time 42.6089, epoch 147, step  49, loss 0.32778257, auc@1 92.05, auc@5 99.49, share 49, std_loss 0, 
2021-05-23 06:37:20,166:INFO:[Rank-3] val time 15.0164, epoch 147, step  40, loss 1.27450351, auc@1 68.50, auc@5 90.01
2021-05-23 06:38:02,968:INFO:[Rank-3] train time 42.5948, epoch 148, step  49, loss 0.33288851, auc@1 91.92, auc@5 99.41, share 49, std_loss 0, 
2021-05-23 06:38:17,924:INFO:[Rank-3] val time 14.9540, epoch 148, step  40, loss 1.37398042, auc@1 66.03, auc@5 89.34
2021-05-23 06:39:00,593:INFO:[Rank-3] train time 42.5104, epoch 149, step  49, loss 0.32536045, auc@1 92.19, auc@5 99.51, share 49, std_loss 0, 
2021-05-23 06:39:15,872:INFO:[Rank-3] val time 15.2758, epoch 149, step  40, loss 1.30478324, auc@1 68.30, auc@5 89.87
2021-05-23 06:39:58,228:INFO:[Rank-3] train time 42.2223, epoch 150, step  49, loss 0.32306975, auc@1 92.21, auc@5 99.52, share 49, std_loss 0, 
2021-05-23 06:40:13,181:INFO:[Rank-3] val time 14.9502, epoch 150, step  40, loss 1.45128842, auc@1 64.82, auc@5 88.00
2021-05-23 06:40:55,832:INFO:[Rank-3] train time 42.4552, epoch 151, step  49, loss 0.31489506, auc@1 92.36, auc@5 99.55, share 49, std_loss 0, 
2021-05-23 06:41:10,888:INFO:[Rank-3] val time 15.0537, epoch 151, step  40, loss 1.39111151, auc@1 66.17, auc@5 88.57
2021-05-23 06:41:53,541:INFO:[Rank-3] train time 42.3564, epoch 152, step  49, loss 0.31493896, auc@1 92.43, auc@5 99.53, share 49, std_loss 0, 
2021-05-23 06:42:08,410:INFO:[Rank-3] val time 14.8666, epoch 152, step  40, loss 1.38193144, auc@1 66.17, auc@5 89.20
2021-05-23 06:42:51,227:INFO:[Rank-3] train time 42.5529, epoch 153, step  49, loss 0.29833716, auc@1 92.91, auc@5 99.58, share 49, std_loss 0, 
2021-05-23 06:43:06,174:INFO:[Rank-3] val time 14.9443, epoch 153, step  40, loss 1.38731454, auc@1 66.68, auc@5 88.66
2021-05-23 06:43:48,893:INFO:[Rank-3] train time 42.5440, epoch 154, step  49, loss 0.31419030, auc@1 92.61, auc@5 99.49, share 49, std_loss 0, 
2021-05-23 06:44:03,933:INFO:[Rank-3] val time 15.0377, epoch 154, step  40, loss 1.32042683, auc@1 67.36, auc@5 89.94
2021-05-23 06:44:46,496:INFO:[Rank-3] train time 42.4106, epoch 155, step  49, loss 0.31246835, auc@1 92.46, auc@5 99.55, share 49, std_loss 0, 
2021-05-23 06:45:01,416:INFO:[Rank-3] val time 14.9183, epoch 155, step  40, loss 1.43727009, auc@1 65.03, auc@5 87.97
2021-05-23 06:45:44,217:INFO:[Rank-3] train time 42.6295, epoch 156, step  49, loss 0.31191289, auc@1 92.55, auc@5 99.50, share 49, std_loss 0, 
2021-05-23 06:45:59,152:INFO:[Rank-3] val time 14.9329, epoch 156, step  40, loss 1.40132946, auc@1 66.11, auc@5 88.89
2021-05-23 06:46:42,386:INFO:[Rank-3] train time 43.0273, epoch 157, step  49, loss 0.30480415, auc@1 92.78, auc@5 99.61, share 49, std_loss 0, 
2021-05-23 06:46:57,365:INFO:[Rank-3] val time 14.9777, epoch 157, step  40, loss 1.23443610, auc@1 69.12, auc@5 90.84
2021-05-23 06:47:40,052:INFO:[Rank-3] train time 42.4236, epoch 158, step  49, loss 0.28876755, auc@1 93.34, auc@5 99.59, share 49, std_loss 0, 
2021-05-23 06:47:55,449:INFO:[Rank-3] val time 15.3954, epoch 158, step  40, loss 1.38201024, auc@1 66.39, auc@5 88.72
2021-05-23 06:48:37,898:INFO:[Rank-3] train time 42.3126, epoch 159, step  49, loss 0.29287311, auc@1 93.22, auc@5 99.60, share 49, std_loss 0, 
2021-05-23 06:48:53,004:INFO:[Rank-3] val time 15.1029, epoch 159, step  40, loss 1.50476067, auc@1 64.68, auc@5 86.98
2021-05-23 06:49:35,390:INFO:[Rank-3] train time 42.1783, epoch 160, step  49, loss 0.30593598, auc@1 92.77, auc@5 99.55, share 49, std_loss 0, 
2021-05-23 06:49:50,401:INFO:[Rank-3] val time 15.0089, epoch 160, step  40, loss 1.42139951, auc@1 65.88, auc@5 88.91
2021-05-23 06:50:32,961:INFO:[Rank-3] train time 42.2533, epoch 161, step  49, loss 0.17806031, auc@1 96.66, auc@5 99.87, share 49, std_loss 0, 
2021-05-23 06:50:47,873:INFO:[Rank-3] val time 14.9096, epoch 161, step  40, loss 0.93900013, auc@1 76.25, auc@5 93.63
2021-05-23 06:51:30,800:INFO:[Rank-3] train time 42.6322, epoch 162, step  49, loss 0.11724576, auc@1 98.48, auc@5 99.94, share 49, std_loss 0, 
2021-05-23 06:51:45,937:INFO:[Rank-3] val time 15.1340, epoch 162, step  40, loss 0.92581682, auc@1 76.84, auc@5 93.77
2021-05-23 06:52:28,335:INFO:[Rank-3] train time 42.2780, epoch 163, step  49, loss 0.10431231, auc@1 98.77, auc@5 99.96, share 49, std_loss 0, 
2021-05-23 06:52:43,283:INFO:[Rank-3] val time 14.9455, epoch 163, step  40, loss 0.92380071, auc@1 77.05, auc@5 93.93
2021-05-23 06:53:26,237:INFO:[Rank-3] train time 42.7053, epoch 164, step  49, loss 0.09565432, auc@1 99.05, auc@5 99.97, share 49, std_loss 0, 
2021-05-23 06:53:41,497:INFO:[Rank-3] val time 15.2575, epoch 164, step  40, loss 0.92000966, auc@1 76.97, auc@5 94.19
2021-05-23 06:54:24,030:INFO:[Rank-3] train time 42.4616, epoch 165, step  49, loss 0.08944721, auc@1 99.19, auc@5 99.98, share 49, std_loss 0, 
2021-05-23 06:54:38,999:INFO:[Rank-3] val time 14.9666, epoch 165, step  40, loss 0.91695420, auc@1 77.34, auc@5 94.09
2021-05-23 06:55:21,727:INFO:[Rank-3] train time 42.4214, epoch 166, step  49, loss 0.08526935, auc@1 99.28, auc@5 99.98, share 49, std_loss 0, 
2021-05-23 06:55:36,787:INFO:[Rank-3] val time 15.0573, epoch 166, step  40, loss 0.91524651, auc@1 77.33, auc@5 93.98
2021-05-23 06:56:19,304:INFO:[Rank-3] train time 42.2711, epoch 167, step  49, loss 0.08305173, auc@1 99.35, auc@5 99.98, share 49, std_loss 0, 
2021-05-23 06:56:34,350:INFO:[Rank-3] val time 15.0442, epoch 167, step  40, loss 0.91273646, auc@1 77.26, auc@5 94.16
2021-05-23 06:57:16,806:INFO:[Rank-3] train time 42.3805, epoch 168, step  49, loss 0.08071311, auc@1 99.40, auc@5 99.99, share 49, std_loss 0, 
2021-05-23 06:57:32,002:INFO:[Rank-3] val time 15.1930, epoch 168, step  40, loss 0.91866518, auc@1 77.03, auc@5 94.16
2021-05-23 06:58:14,434:INFO:[Rank-3] train time 42.2288, epoch 169, step  49, loss 0.07823204, auc@1 99.42, auc@5 99.99, share 49, std_loss 0, 
2021-05-23 06:58:29,370:INFO:[Rank-3] val time 14.9336, epoch 169, step  40, loss 0.90953692, auc@1 77.45, auc@5 94.22
2021-05-23 06:59:11,963:INFO:[Rank-3] train time 42.4014, epoch 170, step  49, loss 0.07828721, auc@1 99.43, auc@5 99.99, share 49, std_loss 0, 
2021-05-23 06:59:27,036:INFO:[Rank-3] val time 15.0705, epoch 170, step  40, loss 0.91483127, auc@1 77.34, auc@5 94.16
2021-05-23 07:00:09,269:INFO:[Rank-3] train time 41.9532, epoch 171, step  49, loss 0.07425373, auc@1 99.55, auc@5 99.99, share 49, std_loss 0, 
2021-05-23 07:00:24,396:INFO:[Rank-3] val time 15.1237, epoch 171, step  40, loss 0.90748937, auc@1 77.55, auc@5 94.17
2021-05-23 07:01:06,870:INFO:[Rank-3] train time 42.3137, epoch 172, step  49, loss 0.07389565, auc@1 99.55, auc@5 99.98, share 49, std_loss 0, 
2021-05-23 07:01:21,833:INFO:[Rank-3] val time 14.9607, epoch 172, step  40, loss 0.90807571, auc@1 77.33, auc@5 94.14
2021-05-23 07:02:03,936:INFO:[Rank-3] train time 41.9660, epoch 173, step  49, loss 0.07200555, auc@1 99.59, auc@5 99.99, share 49, std_loss 0, 
2021-05-23 07:02:18,902:INFO:[Rank-3] val time 14.9636, epoch 173, step  40, loss 0.90935316, auc@1 77.54, auc@5 94.26
2021-05-23 07:03:01,706:INFO:[Rank-3] train time 42.5694, epoch 174, step  49, loss 0.07144630, auc@1 99.60, auc@5 99.99, share 49, std_loss 0, 
2021-05-23 07:03:16,788:INFO:[Rank-3] val time 15.0798, epoch 174, step  40, loss 0.90513064, auc@1 77.46, auc@5 94.13
2021-05-23 07:03:58,796:INFO:[Rank-3] train time 41.8375, epoch 175, step  49, loss 0.07051795, auc@1 99.63, auc@5 99.99, share 49, std_loss 0, 
2021-05-23 07:04:13,790:INFO:[Rank-3] val time 14.9913, epoch 175, step  40, loss 0.90952395, auc@1 77.61, auc@5 94.25
2021-05-23 07:04:56,607:INFO:[Rank-3] train time 42.5804, epoch 176, step  49, loss 0.07019553, auc@1 99.66, auc@5 99.99, share 49, std_loss 0, 
2021-05-23 07:05:11,623:INFO:[Rank-3] val time 15.0135, epoch 176, step  40, loss 0.90906472, auc@1 77.44, auc@5 94.21
2021-05-23 07:05:54,111:INFO:[Rank-3] train time 42.2650, epoch 177, step  49, loss 0.06915059, auc@1 99.65, auc@5 100.00, share 49, std_loss 0, 
2021-05-23 07:06:09,206:INFO:[Rank-3] val time 15.0926, epoch 177, step  40, loss 0.90217623, auc@1 77.50, auc@5 94.36
2021-05-23 07:06:52,199:INFO:[Rank-3] train time 42.7974, epoch 178, step  49, loss 0.06783137, auc@1 99.67, auc@5 99.99, share 49, std_loss 0, 
2021-05-23 07:07:07,188:INFO:[Rank-3] val time 14.9874, epoch 178, step  40, loss 0.90915669, auc@1 77.50, auc@5 94.30
2021-05-23 07:07:49,847:INFO:[Rank-3] train time 42.3815, epoch 179, step  49, loss 0.06718625, auc@1 99.69, auc@5 100.00, share 49, std_loss 0, 
2021-05-23 07:08:04,890:INFO:[Rank-3] val time 15.0411, epoch 179, step  40, loss 0.90791215, auc@1 77.52, auc@5 94.29
2021-05-23 07:08:47,878:INFO:[Rank-3] train time 42.8257, epoch 180, step  49, loss 0.06713025, auc@1 99.66, auc@5 100.00, share 49, std_loss 0, 
2021-05-23 07:09:02,955:INFO:[Rank-3] val time 15.0747, epoch 180, step  40, loss 0.90916236, auc@1 77.55, auc@5 94.32
2021-05-23 07:09:45,215:INFO:[Rank-3] train time 42.0565, epoch 181, step  49, loss 0.06604982, auc@1 99.73, auc@5 100.00, share 49, std_loss 0, 
2021-05-23 07:10:00,326:INFO:[Rank-3] val time 15.1090, epoch 181, step  40, loss 0.90829395, auc@1 77.66, auc@5 94.21
2021-05-23 07:10:42,415:INFO:[Rank-3] train time 41.9587, epoch 182, step  49, loss 0.06706119, auc@1 99.69, auc@5 100.00, share 49, std_loss 0, 
2021-05-23 07:10:57,416:INFO:[Rank-3] val time 14.9989, epoch 182, step  40, loss 0.90723889, auc@1 77.86, auc@5 94.25
2021-05-23 07:11:40,022:INFO:[Rank-3] train time 42.4784, epoch 183, step  49, loss 0.06486572, auc@1 99.75, auc@5 99.99, share 49, std_loss 0, 
2021-05-23 07:11:55,036:INFO:[Rank-3] val time 15.0111, epoch 183, step  40, loss 0.90784898, auc@1 77.56, auc@5 94.21
2021-05-23 07:12:37,597:INFO:[Rank-3] train time 42.2936, epoch 184, step  49, loss 0.06468439, auc@1 99.73, auc@5 100.00, share 49, std_loss 0, 
2021-05-23 07:12:52,664:INFO:[Rank-3] val time 15.0637, epoch 184, step  40, loss 0.90847342, auc@1 77.76, auc@5 94.26
2021-05-23 07:13:35,460:INFO:[Rank-3] train time 42.5007, epoch 185, step  49, loss 0.06543691, auc@1 99.75, auc@5 99.99, share 49, std_loss 0, 
2021-05-23 07:13:50,444:INFO:[Rank-3] val time 14.9811, epoch 185, step  40, loss 0.90784637, auc@1 77.64, auc@5 94.15
2021-05-23 07:14:33,472:INFO:[Rank-3] train time 42.7857, epoch 186, step  49, loss 0.06460693, auc@1 99.73, auc@5 99.99, share 49, std_loss 0, 
2021-05-23 07:14:48,895:INFO:[Rank-3] val time 15.4206, epoch 186, step  40, loss 0.90690628, auc@1 77.78, auc@5 94.27
2021-05-23 07:15:30,912:INFO:[Rank-3] train time 41.8247, epoch 187, step  49, loss 0.06373601, auc@1 99.77, auc@5 99.99, share 49, std_loss 0, 
2021-05-23 07:15:45,975:INFO:[Rank-3] val time 15.0611, epoch 187, step  40, loss 0.90946763, auc@1 77.64, auc@5 94.26
2021-05-23 07:16:28,848:INFO:[Rank-3] train time 42.6918, epoch 188, step  49, loss 0.06391732, auc@1 99.78, auc@5 100.00, share 49, std_loss 0, 
2021-05-23 07:16:43,802:INFO:[Rank-3] val time 14.9512, epoch 188, step  40, loss 0.90647369, auc@1 77.80, auc@5 94.31
2021-05-23 07:17:26,702:INFO:[Rank-3] train time 42.7009, epoch 189, step  49, loss 0.06307986, auc@1 99.77, auc@5 100.00, share 49, std_loss 0, 
2021-05-23 07:17:41,900:INFO:[Rank-3] val time 15.1950, epoch 189, step  40, loss 0.90538687, auc@1 77.74, auc@5 94.32
2021-05-23 07:18:24,676:INFO:[Rank-3] train time 42.5436, epoch 190, step  49, loss 0.06353046, auc@1 99.78, auc@5 100.00, share 49, std_loss 0, 
2021-05-23 07:18:39,826:INFO:[Rank-3] val time 15.1475, epoch 190, step  40, loss 0.90736451, auc@1 77.65, auc@5 94.30
2021-05-23 07:19:22,797:INFO:[Rank-3] train time 42.6568, epoch 191, step  49, loss 0.06343190, auc@1 99.78, auc@5 99.99, share 49, std_loss 0, 
2021-05-23 07:19:37,841:INFO:[Rank-3] val time 15.0423, epoch 191, step  40, loss 0.90804346, auc@1 77.59, auc@5 94.36
2021-05-23 07:20:21,039:INFO:[Rank-3] train time 42.9667, epoch 192, step  49, loss 0.06232224, auc@1 99.79, auc@5 100.00, share 49, std_loss 0, 
2021-05-23 07:20:36,309:INFO:[Rank-3] val time 15.2677, epoch 192, step  40, loss 0.90469191, auc@1 77.65, auc@5 94.42
2021-05-23 07:21:18,676:INFO:[Rank-3] train time 42.0896, epoch 193, step  49, loss 0.06375840, auc@1 99.78, auc@5 100.00, share 49, std_loss 0, 
2021-05-23 07:21:33,580:INFO:[Rank-3] val time 14.9018, epoch 193, step  40, loss 0.90773172, auc@1 77.66, auc@5 94.29
2021-05-23 07:22:16,364:INFO:[Rank-3] train time 42.5714, epoch 194, step  49, loss 0.06281762, auc@1 99.82, auc@5 100.00, share 49, std_loss 0, 
2021-05-23 07:22:31,366:INFO:[Rank-3] val time 15.0005, epoch 194, step  40, loss 0.90781068, auc@1 77.77, auc@5 94.24
2021-05-23 07:23:13,912:INFO:[Rank-3] train time 42.2483, epoch 195, step  49, loss 0.06264117, auc@1 99.79, auc@5 100.00, share 49, std_loss 0, 
2021-05-23 07:23:28,897:INFO:[Rank-3] val time 14.9825, epoch 195, step  40, loss 0.90620186, auc@1 77.81, auc@5 94.34
2021-05-23 07:24:11,843:INFO:[Rank-3] train time 42.7276, epoch 196, step  49, loss 0.06261154, auc@1 99.79, auc@5 100.00, share 49, std_loss 0, 
2021-05-23 07:24:26,967:INFO:[Rank-3] val time 15.1208, epoch 196, step  40, loss 0.90788259, auc@1 77.59, auc@5 94.24
2021-05-23 07:25:09,911:INFO:[Rank-3] train time 42.6335, epoch 197, step  49, loss 0.06245917, auc@1 99.83, auc@5 100.00, share 49, std_loss 0, 
2021-05-23 07:25:24,985:INFO:[Rank-3] val time 15.0717, epoch 197, step  40, loss 0.90900997, auc@1 77.64, auc@5 94.17
2021-05-23 07:26:07,737:INFO:[Rank-3] train time 42.5809, epoch 198, step  49, loss 0.06173384, auc@1 99.84, auc@5 100.00, share 49, std_loss 0, 
2021-05-23 07:26:22,767:INFO:[Rank-3] val time 15.0273, epoch 198, step  40, loss 0.90688219, auc@1 77.87, auc@5 94.42
2021-05-23 07:27:05,642:INFO:[Rank-3] train time 42.6547, epoch 199, step  49, loss 0.06172730, auc@1 99.83, auc@5 100.00, share 49, std_loss 0, 
2021-05-23 07:27:20,789:INFO:[Rank-3] val time 15.1438, epoch 199, step  40, loss 0.90924911, auc@1 77.72, auc@5 94.18
2021-05-23 07:28:03,752:INFO:[Rank-3] train time 42.8080, epoch 200, step  49, loss 0.06169257, auc@1 99.82, auc@5 100.00, share 49, std_loss 0, 
2021-05-23 07:28:18,839:INFO:[Rank-3] val time 15.0841, epoch 200, step  40, loss 0.90809110, auc@1 77.70, auc@5 94.39
2021-05-23 07:28:18,840:INFO:[Rank-3] finish, train+val 11536.06944, train 8527.14040, reduce_count 9800
