2021-05-21 15:31:55,236:INFO:[Rank-0] args : Namespace(batch=1024, current_time='20210521_153147', dataset='cifar100', epochs=100, ip='192.168.1.2:7548', k=8, lr=0.01, momentum=0.9, name='async2(k=16)', rank=0, scheduler_step=40, train_type='async2', weight_decay=0.005, world=3)
2021-05-21 15:32:36,724:INFO:[Rank-0] train time 40.0312, epoch   1, step  49, loss 4.72161150, auc@1 2.30, auc@5 9.32, share 7, std_loss 0, 
2021-05-21 15:32:52,011:INFO:[Rank-0] val time 15.2786, epoch   1, step  30, loss 4.66253742, auc@1 3.06, auc@5 12.67
2021-05-21 15:33:31,832:INFO:[Rank-0] train time 39.8185, epoch   2, step  49, loss 4.30785036, auc@1 5.28, auc@5 19.47, share 7, std_loss 0, 
2021-05-21 15:33:47,434:INFO:[Rank-0] val time 15.5926, epoch   2, step  30, loss 4.09449363, auc@1 6.47, auc@5 22.00
2021-05-21 15:34:27,516:INFO:[Rank-0] train time 40.0814, epoch   3, step  49, loss 4.02791643, auc@1 7.94, auc@5 26.42, share 7, std_loss 0, 
2021-05-21 15:34:42,956:INFO:[Rank-0] val time 15.4326, epoch   3, step  30, loss 3.87046427, auc@1 9.56, auc@5 30.10
2021-05-21 15:35:23,093:INFO:[Rank-0] train time 40.1324, epoch   4, step  49, loss 3.85966945, auc@1 9.87, auc@5 31.20, share 7, std_loss 0, 
2021-05-21 15:35:38,655:INFO:[Rank-0] val time 15.5592, epoch   4, step  30, loss 3.73501889, auc@1 11.58, auc@5 35.20
2021-05-21 15:36:18,687:INFO:[Rank-0] train time 40.0302, epoch   5, step  49, loss 3.73962307, auc@1 11.92, auc@5 34.95, share 7, std_loss 0, 
2021-05-21 15:36:34,292:INFO:[Rank-0] val time 15.5964, epoch   5, step  30, loss 3.65508968, auc@1 13.20, auc@5 37.53
2021-05-21 15:37:14,404:INFO:[Rank-0] train time 40.1075, epoch   6, step  49, loss 3.61838531, auc@1 13.69, auc@5 38.70, share 7, std_loss 0, 
2021-05-21 15:37:29,887:INFO:[Rank-0] val time 15.4784, epoch   6, step  30, loss 3.52770009, auc@1 15.60, auc@5 40.72
2021-05-21 15:38:10,257:INFO:[Rank-0] train time 40.3648, epoch   7, step  49, loss 3.51254296, auc@1 15.47, auc@5 41.43, share 7, std_loss 0, 
2021-05-21 15:38:25,772:INFO:[Rank-0] val time 15.5114, epoch   7, step  30, loss 3.52227363, auc@1 15.40, auc@5 42.31
2021-05-21 15:39:06,002:INFO:[Rank-0] train time 40.2286, epoch   8, step  49, loss 3.40416503, auc@1 17.57, auc@5 45.00, share 7, std_loss 0, 
2021-05-21 15:39:21,568:INFO:[Rank-0] val time 15.5576, epoch   8, step  30, loss 3.33835133, auc@1 18.47, auc@5 46.69
2021-05-21 15:40:01,622:INFO:[Rank-0] train time 40.0509, epoch   9, step  49, loss 3.29273796, auc@1 19.28, auc@5 47.95, share 7, std_loss 0, 
2021-05-21 15:40:17,138:INFO:[Rank-0] val time 15.5088, epoch   9, step  30, loss 3.19756225, auc@1 21.16, auc@5 50.86
2021-05-21 15:40:57,600:INFO:[Rank-0] train time 40.4599, epoch  10, step  49, loss 3.20166874, auc@1 20.87, auc@5 50.43, share 7, std_loss 0, 
2021-05-21 15:41:13,303:INFO:[Rank-0] val time 15.6986, epoch  10, step  30, loss 3.13936903, auc@1 22.33, auc@5 51.55
2021-05-21 15:41:53,670:INFO:[Rank-0] train time 40.3649, epoch  11, step  49, loss 3.09589028, auc@1 22.97, auc@5 53.07, share 7, std_loss 0, 
2021-05-21 15:42:09,332:INFO:[Rank-0] val time 15.6552, epoch  11, step  30, loss 3.14024996, auc@1 22.40, auc@5 51.62
2021-05-21 15:42:49,549:INFO:[Rank-0] train time 40.2146, epoch  12, step  49, loss 3.01020575, auc@1 24.37, auc@5 55.44, share 7, std_loss 0, 
2021-05-21 15:43:05,115:INFO:[Rank-0] val time 15.5581, epoch  12, step  30, loss 2.99738998, auc@1 25.52, auc@5 54.97
2021-05-21 15:43:45,385:INFO:[Rank-0] train time 40.2682, epoch  13, step  49, loss 2.93016124, auc@1 25.97, auc@5 57.58, share 7, std_loss 0, 
2021-05-21 15:44:00,315:INFO:[Rank-0] val time 14.9213, epoch  13, step  30, loss 2.99604696, auc@1 25.28, auc@5 55.39
2021-05-21 15:44:40,675:INFO:[Rank-0] train time 40.3588, epoch  14, step  49, loss 2.81680799, auc@1 28.03, auc@5 60.11, share 7, std_loss 0, 
2021-05-21 15:44:56,279:INFO:[Rank-0] val time 15.5994, epoch  14, step  30, loss 2.80325698, auc@1 28.66, auc@5 60.38
2021-05-21 15:45:36,343:INFO:[Rank-0] train time 40.0612, epoch  15, step  49, loss 2.72694898, auc@1 29.81, auc@5 62.38, share 7, std_loss 0, 
2021-05-21 15:45:51,521:INFO:[Rank-0] val time 15.1730, epoch  15, step  30, loss 2.78530590, auc@1 29.34, auc@5 60.62
2021-05-21 15:46:31,819:INFO:[Rank-0] train time 40.2971, epoch  16, step  49, loss 2.63274002, auc@1 31.58, auc@5 64.65, share 7, std_loss 0, 
2021-05-21 15:46:47,237:INFO:[Rank-0] val time 15.4141, epoch  16, step  30, loss 2.70939109, auc@1 30.08, auc@5 62.56
2021-05-21 15:47:27,893:INFO:[Rank-0] train time 40.6551, epoch  17, step  49, loss 2.53881216, auc@1 33.47, auc@5 66.70, share 7, std_loss 0, 
2021-05-21 15:47:43,466:INFO:[Rank-0] val time 15.5655, epoch  17, step  30, loss 2.70242291, auc@1 30.38, auc@5 62.45
2021-05-21 15:48:23,874:INFO:[Rank-0] train time 40.4062, epoch  18, step  49, loss 2.46271515, auc@1 35.19, auc@5 68.46, share 7, std_loss 0, 
2021-05-21 15:48:39,667:INFO:[Rank-0] val time 15.7883, epoch  18, step  30, loss 2.64635172, auc@1 32.41, auc@5 63.63
2021-05-21 15:49:20,034:INFO:[Rank-0] train time 40.3643, epoch  19, step  49, loss 2.38437438, auc@1 36.63, auc@5 70.33, share 7, std_loss 0, 
2021-05-21 15:49:35,443:INFO:[Rank-0] val time 15.4055, epoch  19, step  30, loss 2.63530653, auc@1 32.85, auc@5 64.23
2021-05-21 15:50:15,641:INFO:[Rank-0] train time 40.1958, epoch  20, step  49, loss 2.29743838, auc@1 38.81, auc@5 71.88, share 7, std_loss 0, 
2021-05-21 15:50:31,124:INFO:[Rank-0] val time 15.4787, epoch  20, step  30, loss 2.70760417, auc@1 32.05, auc@5 64.92
2021-05-21 15:29:31,947:INFO:[Rank-0] finish, train+val 1118.33891, train 815.80993, reduce_count 317