2021-05-21 15:31:55,236:INFO:[Rank-0] args : Namespace(batch=1024, current_time='20210521_153147', dataset='cifar100', epochs=100, ip='192.168.1.2:7548', k=8, lr=0.01, momentum=0.9, name='async2(k=16)', rank=0, scheduler_step=40, train_type='async2', weight_decay=0.005, world=3)
2021-05-21 15:32:36,724:INFO:[Rank-0] train time 40.0312, epoch   1, step  49, loss 4.72161150, auc@1 2.30, auc@5 9.32, share 7, std_loss 0, 
2021-05-21 15:32:52,011:INFO:[Rank-0] val time 15.2786, epoch   1, step  30, loss 4.66253742, auc@1 3.06, auc@5 12.67
2021-05-21 15:33:31,832:INFO:[Rank-0] train time 39.8185, epoch   2, step  49, loss 4.30785036, auc@1 5.28, auc@5 19.47, share 7, std_loss 0, 
2021-05-21 15:33:47,434:INFO:[Rank-0] val time 15.5926, epoch   2, step  30, loss 4.09449363, auc@1 6.47, auc@5 22.00
2021-05-21 15:34:27,516:INFO:[Rank-0] train time 40.0814, epoch   3, step  49, loss 4.02791643, auc@1 7.94, auc@5 26.42, share 7, std_loss 0, 
2021-05-21 15:34:42,956:INFO:[Rank-0] val time 15.4326, epoch   3, step  30, loss 3.87046427, auc@1 9.56, auc@5 30.10
2021-05-21 15:35:23,093:INFO:[Rank-0] train time 40.1324, epoch   4, step  49, loss 3.85966945, auc@1 9.87, auc@5 31.20, share 7, std_loss 0, 
2021-05-21 15:35:38,655:INFO:[Rank-0] val time 15.5592, epoch   4, step  30, loss 3.73501889, auc@1 11.58, auc@5 35.20
2021-05-21 15:36:18,687:INFO:[Rank-0] train time 40.0302, epoch   5, step  49, loss 3.73962307, auc@1 11.92, auc@5 34.95, share 7, std_loss 0, 
2021-05-21 15:36:34,292:INFO:[Rank-0] val time 15.5964, epoch   5, step  30, loss 3.65508968, auc@1 13.20, auc@5 37.53
2021-05-21 15:37:14,404:INFO:[Rank-0] train time 40.1075, epoch   6, step  49, loss 3.61838531, auc@1 13.69, auc@5 38.70, share 7, std_loss 0, 
2021-05-21 15:37:29,887:INFO:[Rank-0] val time 15.4784, epoch   6, step  30, loss 3.52770009, auc@1 15.60, auc@5 40.72
2021-05-21 15:38:10,257:INFO:[Rank-0] train time 40.3648, epoch   7, step  49, loss 3.51254296, auc@1 15.47, auc@5 41.43, share 7, std_loss 0, 
2021-05-21 15:38:25,772:INFO:[Rank-0] val time 15.5114, epoch   7, step  30, loss 3.52227363, auc@1 15.40, auc@5 42.31
2021-05-21 15:39:06,002:INFO:[Rank-0] train time 40.2286, epoch   8, step  49, loss 3.40416503, auc@1 17.57, auc@5 45.00, share 7, std_loss 0, 
2021-05-21 15:39:21,568:INFO:[Rank-0] val time 15.5576, epoch   8, step  30, loss 3.33835133, auc@1 18.47, auc@5 46.69
2021-05-21 15:40:01,622:INFO:[Rank-0] train time 40.0509, epoch   9, step  49, loss 3.29273796, auc@1 19.28, auc@5 47.95, share 7, std_loss 0, 
2021-05-21 15:40:17,138:INFO:[Rank-0] val time 15.5088, epoch   9, step  30, loss 3.19756225, auc@1 21.16, auc@5 50.86
2021-05-21 15:40:57,600:INFO:[Rank-0] train time 40.4599, epoch  10, step  49, loss 3.20166874, auc@1 20.87, auc@5 50.43, share 7, std_loss 0, 
2021-05-21 15:41:13,303:INFO:[Rank-0] val time 15.6986, epoch  10, step  30, loss 3.13936903, auc@1 22.33, auc@5 51.55
2021-05-21 15:41:53,670:INFO:[Rank-0] train time 40.3649, epoch  11, step  49, loss 3.09589028, auc@1 22.97, auc@5 53.07, share 7, std_loss 0, 
2021-05-21 15:42:09,332:INFO:[Rank-0] val time 15.6552, epoch  11, step  30, loss 3.14024996, auc@1 22.40, auc@5 51.62
2021-05-21 15:42:49,549:INFO:[Rank-0] train time 40.2146, epoch  12, step  49, loss 3.01020575, auc@1 24.37, auc@5 55.44, share 7, std_loss 0, 
2021-05-21 15:43:05,115:INFO:[Rank-0] val time 15.5581, epoch  12, step  30, loss 2.99738998, auc@1 25.52, auc@5 54.97
2021-05-21 15:43:45,385:INFO:[Rank-0] train time 40.2682, epoch  13, step  49, loss 2.93016124, auc@1 25.97, auc@5 57.58, share 7, std_loss 0, 
2021-05-21 15:44:00,315:INFO:[Rank-0] val time 14.9213, epoch  13, step  30, loss 2.99604696, auc@1 25.28, auc@5 55.39
2021-05-21 15:44:40,675:INFO:[Rank-0] train time 40.3588, epoch  14, step  49, loss 2.81680799, auc@1 28.03, auc@5 60.11, share 7, std_loss 0, 
2021-05-21 15:44:56,279:INFO:[Rank-0] val time 15.5994, epoch  14, step  30, loss 2.80325698, auc@1 28.66, auc@5 60.38
2021-05-21 15:45:36,343:INFO:[Rank-0] train time 40.0612, epoch  15, step  49, loss 2.72694898, auc@1 29.81, auc@5 62.38, share 7, std_loss 0, 
2021-05-21 15:45:51,521:INFO:[Rank-0] val time 15.1730, epoch  15, step  30, loss 2.78530590, auc@1 29.34, auc@5 60.62
2021-05-21 15:46:31,819:INFO:[Rank-0] train time 40.2971, epoch  16, step  49, loss 2.63274002, auc@1 31.58, auc@5 64.65, share 7, std_loss 0, 
2021-05-21 15:46:47,237:INFO:[Rank-0] val time 15.4141, epoch  16, step  30, loss 2.70939109, auc@1 30.08, auc@5 62.56
2021-05-21 15:47:27,893:INFO:[Rank-0] train time 40.6551, epoch  17, step  49, loss 2.53881216, auc@1 33.47, auc@5 66.70, share 7, std_loss 0, 
2021-05-21 15:47:43,466:INFO:[Rank-0] val time 15.5655, epoch  17, step  30, loss 2.70242291, auc@1 30.38, auc@5 62.45
2021-05-21 15:48:23,874:INFO:[Rank-0] train time 40.4062, epoch  18, step  49, loss 2.46271515, auc@1 35.19, auc@5 68.46, share 7, std_loss 0, 
2021-05-21 15:48:39,667:INFO:[Rank-0] val time 15.7883, epoch  18, step  30, loss 2.64635172, auc@1 32.41, auc@5 63.63
2021-05-21 15:49:20,034:INFO:[Rank-0] train time 40.3643, epoch  19, step  49, loss 2.38437438, auc@1 36.63, auc@5 70.33, share 7, std_loss 0, 
2021-05-21 15:49:35,443:INFO:[Rank-0] val time 15.4055, epoch  19, step  30, loss 2.63530653, auc@1 32.85, auc@5 64.23
2021-05-21 15:50:15,641:INFO:[Rank-0] train time 40.1958, epoch  20, step  49, loss 2.29743838, auc@1 38.81, auc@5 71.88, share 7, std_loss 0, 
2021-05-21 15:50:31,124:INFO:[Rank-0] val time 15.4787, epoch  20, step  30, loss 2.70760417, auc@1 32.05, auc@5 64.92
2021-05-21 15:51:11,367:INFO:[Rank-0] train time 40.2406, epoch  21, step  49, loss 2.23686504, auc@1 39.97, auc@5 73.42, share 7, std_loss 0, 
2021-05-21 15:51:26,872:INFO:[Rank-0] val time 15.4984, epoch  21, step  30, loss 2.49475045, auc@1 34.61, auc@5 67.16
2021-05-21 15:52:07,363:INFO:[Rank-0] train time 40.4876, epoch  22, step  49, loss 2.15239882, auc@1 41.86, auc@5 75.06, share 7, std_loss 0, 
2021-05-21 15:52:22,704:INFO:[Rank-0] val time 15.3365, epoch  22, step  30, loss 2.29494749, auc@1 39.12, auc@5 71.39
2021-05-21 15:53:02,750:INFO:[Rank-0] train time 40.0415, epoch  23, step  49, loss 2.09454012, auc@1 43.51, auc@5 76.34, share 7, std_loss 0, 
2021-05-21 15:53:18,331:INFO:[Rank-0] val time 15.5766, epoch  23, step  30, loss 2.25404395, auc@1 40.12, auc@5 72.60
2021-05-21 15:53:58,682:INFO:[Rank-0] train time 40.3494, epoch  24, step  49, loss 2.03536868, auc@1 44.65, auc@5 77.44, share 7, std_loss 0, 
2021-05-21 15:54:14,236:INFO:[Rank-0] val time 15.5490, epoch  24, step  30, loss 2.19512573, auc@1 41.96, auc@5 73.93
2021-05-21 15:54:54,457:INFO:[Rank-0] train time 40.2196, epoch  25, step  49, loss 1.98973429, auc@1 45.48, auc@5 78.49, share 7, std_loss 0, 
2021-05-21 15:55:10,228:INFO:[Rank-0] val time 15.7672, epoch  25, step  30, loss 2.28708603, auc@1 39.44, auc@5 71.77
2021-05-21 15:55:50,704:INFO:[Rank-0] train time 40.4741, epoch  26, step  49, loss 1.93743408, auc@1 46.82, auc@5 79.49, share 7, std_loss 0, 
2021-05-21 15:56:06,467:INFO:[Rank-0] val time 15.7565, epoch  26, step  30, loss 2.20762867, auc@1 42.25, auc@5 73.69
2021-05-21 15:56:46,729:INFO:[Rank-0] train time 40.2609, epoch  27, step  49, loss 1.87962794, auc@1 48.04, auc@5 80.50, share 7, std_loss 0, 
2021-05-21 15:57:02,216:INFO:[Rank-0] val time 15.4825, epoch  27, step  30, loss 2.10586152, auc@1 43.65, auc@5 75.55
2021-05-21 15:57:42,381:INFO:[Rank-0] train time 40.1648, epoch  28, step  49, loss 1.82940805, auc@1 49.33, auc@5 81.35, share 7, std_loss 0, 
2021-05-21 15:57:58,010:INFO:[Rank-0] val time 15.6247, epoch  28, step  30, loss 2.29418022, auc@1 40.92, auc@5 71.75
2021-05-21 15:58:38,230:INFO:[Rank-0] train time 40.2184, epoch  29, step  49, loss 1.79689062, auc@1 50.26, auc@5 81.84, share 7, std_loss 0, 
2021-05-21 15:58:53,763:INFO:[Rank-0] val time 15.5258, epoch  29, step  30, loss 2.05487285, auc@1 44.86, auc@5 76.80
2021-05-21 15:59:34,110:INFO:[Rank-0] train time 40.3465, epoch  30, step  49, loss 1.74902868, auc@1 51.43, auc@5 82.77, share 7, std_loss 0, 
2021-05-21 15:59:49,691:INFO:[Rank-0] val time 15.5772, epoch  30, step  30, loss 2.07191215, auc@1 44.12, auc@5 76.04
2021-05-21 16:00:30,121:INFO:[Rank-0] train time 40.4293, epoch  31, step  49, loss 1.70147181, auc@1 52.64, auc@5 83.57, share 7, std_loss 0, 
2021-05-21 16:00:45,717:INFO:[Rank-0] val time 15.5917, epoch  31, step  30, loss 2.14098310, auc@1 42.72, auc@5 75.27
2021-05-21 16:01:26,099:INFO:[Rank-0] train time 40.3794, epoch  32, step  49, loss 1.67542076, auc@1 53.33, auc@5 83.93, share 7, std_loss 0, 
2021-05-21 16:01:41,612:INFO:[Rank-0] val time 15.5074, epoch  32, step  30, loss 1.96365896, auc@1 46.75, auc@5 78.21
2021-05-21 16:02:21,279:INFO:[Rank-0] train time 39.6659, epoch  33, step  49, loss 1.63940966, auc@1 54.16, auc@5 84.40, share 7, std_loss 0, 
2021-05-21 16:02:36,650:INFO:[Rank-0] val time 15.3607, epoch  33, step  30, loss 1.81134176, auc@1 50.00, auc@5 80.71
2021-05-21 16:03:17,116:INFO:[Rank-0] train time 40.4634, epoch  34, step  49, loss 1.60739315, auc@1 55.09, auc@5 85.13, share 7, std_loss 0, 
2021-05-21 16:03:32,691:INFO:[Rank-0] val time 15.5687, epoch  34, step  30, loss 1.92316839, auc@1 48.12, auc@5 78.70
2021-05-21 16:04:13,135:INFO:[Rank-0] train time 40.4407, epoch  35, step  49, loss 1.57565367, auc@1 55.88, auc@5 85.68, share 7, std_loss 0, 
2021-05-21 16:04:28,789:INFO:[Rank-0] val time 15.6466, epoch  35, step  30, loss 1.82883470, auc@1 50.13, auc@5 81.00
2021-05-21 16:05:09,141:INFO:[Rank-0] train time 40.3498, epoch  36, step  49, loss 1.54903352, auc@1 56.49, auc@5 86.13, share 7, std_loss 0, 
2021-05-21 16:05:24,665:INFO:[Rank-0] val time 15.5204, epoch  36, step  30, loss 1.76940004, auc@1 51.18, auc@5 82.05
2021-05-21 16:06:04,969:INFO:[Rank-0] train time 40.3027, epoch  37, step  49, loss 1.52189839, auc@1 57.08, auc@5 86.64, share 7, std_loss 0, 
2021-05-21 16:06:20,488:INFO:[Rank-0] val time 15.5144, epoch  37, step  30, loss 1.90341776, auc@1 49.01, auc@5 80.10
2021-05-21 16:07:00,879:INFO:[Rank-0] train time 40.3890, epoch  38, step  49, loss 1.48679531, auc@1 58.21, auc@5 87.10, share 7, std_loss 0, 
2021-05-21 16:07:16,219:INFO:[Rank-0] val time 15.3359, epoch  38, step  30, loss 1.98633663, auc@1 47.26, auc@5 78.40
2021-05-21 16:07:56,462:INFO:[Rank-0] train time 40.2360, epoch  39, step  49, loss 1.47823024, auc@1 58.39, auc@5 87.25, share 7, std_loss 0, 
2021-05-21 16:08:11,733:INFO:[Rank-0] val time 15.2638, epoch  39, step  30, loss 1.81574970, auc@1 50.54, auc@5 80.57
2021-05-21 16:08:51,974:INFO:[Rank-0] train time 40.2328, epoch  40, step  49, loss 1.44684446, auc@1 59.26, auc@5 87.81, share 7, std_loss 0, 
2021-05-21 16:09:07,586:INFO:[Rank-0] val time 15.6055, epoch  40, step  30, loss 1.88436447, auc@1 49.16, auc@5 79.48
2021-05-21 16:09:48,085:INFO:[Rank-0] train time 40.3204, epoch  41, step  49, loss 1.24876726, auc@1 65.02, auc@5 90.51, share 7, std_loss 0, 
2021-05-21 16:10:03,639:INFO:[Rank-0] val time 15.5500, epoch  41, step  30, loss 1.33148521, auc@1 61.99, auc@5 88.42
2021-05-21 16:10:44,079:INFO:[Rank-0] train time 40.4372, epoch  42, step  49, loss 1.13820601, auc@1 67.97, auc@5 92.01, share 7, std_loss 0, 
2021-05-21 16:10:59,788:INFO:[Rank-0] val time 15.7016, epoch  42, step  30, loss 1.29609390, auc@1 63.13, auc@5 88.50
2021-05-21 16:11:39,874:INFO:[Rank-0] train time 40.0839, epoch  43, step  49, loss 1.09648466, auc@1 69.26, auc@5 92.57, share 7, std_loss 0, 
2021-05-21 16:11:55,236:INFO:[Rank-0] val time 15.3544, epoch  43, step  30, loss 1.28054459, auc@1 63.47, auc@5 88.88
2021-05-21 16:12:35,803:INFO:[Rank-0] train time 40.5654, epoch  44, step  49, loss 1.07235909, auc@1 69.84, auc@5 92.90, share 7, std_loss 0, 
2021-05-21 16:12:51,243:INFO:[Rank-0] val time 15.4352, epoch  44, step  30, loss 1.26875971, auc@1 63.53, auc@5 89.04
2021-05-21 16:13:31,477:INFO:[Rank-0] train time 40.2321, epoch  45, step  49, loss 1.05830026, auc@1 70.10, auc@5 92.95, share 7, std_loss 0, 
2021-05-21 16:13:46,999:INFO:[Rank-0] val time 15.5156, epoch  45, step  30, loss 1.25608233, auc@1 63.81, auc@5 89.25
2021-05-21 16:14:27,159:INFO:[Rank-0] train time 40.1585, epoch  46, step  49, loss 1.03478956, auc@1 70.72, auc@5 93.28, share 7, std_loss 0, 
2021-05-21 16:14:42,542:INFO:[Rank-0] val time 15.3756, epoch  46, step  30, loss 1.24539139, auc@1 64.36, auc@5 89.31
2021-05-21 16:15:22,688:INFO:[Rank-0] train time 40.1447, epoch  47, step  49, loss 1.01885891, auc@1 71.30, auc@5 93.56, share 7, std_loss 0, 
2021-05-21 16:15:38,244:INFO:[Rank-0] val time 15.5522, epoch  47, step  30, loss 1.24435221, auc@1 64.51, auc@5 89.21
2021-05-21 16:16:18,434:INFO:[Rank-0] train time 40.1887, epoch  48, step  49, loss 1.00572562, auc@1 71.49, auc@5 93.68, share 7, std_loss 0, 
2021-05-21 16:16:33,965:INFO:[Rank-0] val time 15.5258, epoch  48, step  30, loss 1.23233092, auc@1 64.68, auc@5 89.32
2021-05-21 16:17:14,445:INFO:[Rank-0] train time 40.4781, epoch  49, step  49, loss 0.99372566, auc@1 72.13, auc@5 93.76, share 7, std_loss 0, 
2021-05-21 16:17:29,933:INFO:[Rank-0] val time 15.4816, epoch  49, step  30, loss 1.23262430, auc@1 64.36, auc@5 89.56
2021-05-21 16:18:10,172:INFO:[Rank-0] train time 40.2367, epoch  50, step  49, loss 0.97511750, auc@1 72.53, auc@5 93.97, share 7, std_loss 0, 
2021-05-21 16:18:25,740:INFO:[Rank-0] val time 15.5642, epoch  50, step  30, loss 1.23067291, auc@1 64.72, auc@5 89.59
2021-05-21 16:19:05,779:INFO:[Rank-0] train time 40.0375, epoch  51, step  49, loss 0.96413863, auc@1 72.73, auc@5 93.95, share 7, std_loss 0, 
2021-05-21 16:19:21,424:INFO:[Rank-0] val time 15.6374, epoch  51, step  30, loss 1.21081097, auc@1 65.17, auc@5 89.82
2021-05-21 16:20:01,601:INFO:[Rank-0] train time 40.1742, epoch  52, step  49, loss 0.95290685, auc@1 73.16, auc@5 94.25, share 7, std_loss 0, 
2021-05-21 16:20:17,237:INFO:[Rank-0] val time 15.6277, epoch  52, step  30, loss 1.20222140, auc@1 65.39, auc@5 89.79
2021-05-21 16:20:57,514:INFO:[Rank-0] train time 40.2756, epoch  53, step  49, loss 0.93891156, auc@1 73.68, auc@5 94.47, share 7, std_loss 0, 
2021-05-21 16:21:13,068:INFO:[Rank-0] val time 15.5445, epoch  53, step  30, loss 1.20611619, auc@1 65.21, auc@5 89.80
2021-05-21 16:21:53,217:INFO:[Rank-0] train time 40.1469, epoch  54, step  49, loss 0.92536020, auc@1 73.98, auc@5 94.56, share 7, std_loss 0, 
2021-05-21 16:22:08,770:INFO:[Rank-0] val time 15.5489, epoch  54, step  30, loss 1.19786284, auc@1 65.70, auc@5 89.84
2021-05-21 16:22:48,810:INFO:[Rank-0] train time 40.0376, epoch  55, step  49, loss 0.91924721, auc@1 74.07, auc@5 94.62, share 7, std_loss 0, 
2021-05-21 16:23:04,349:INFO:[Rank-0] val time 15.5335, epoch  55, step  30, loss 1.21000089, auc@1 65.37, auc@5 89.84
2021-05-21 16:23:44,667:INFO:[Rank-0] train time 40.3160, epoch  56, step  49, loss 0.90438229, auc@1 74.49, auc@5 94.79, share 7, std_loss 0, 
2021-05-21 16:24:00,276:INFO:[Rank-0] val time 15.6011, epoch  56, step  30, loss 1.20257227, auc@1 65.17, auc@5 89.83
2021-05-21 16:24:40,689:INFO:[Rank-0] train time 40.4047, epoch  57, step  49, loss 0.90083444, auc@1 74.58, auc@5 94.87, share 7, std_loss 0, 
2021-05-21 16:24:56,032:INFO:[Rank-0] val time 15.3386, epoch  57, step  30, loss 1.19547112, auc@1 65.63, auc@5 90.06
2021-05-21 16:25:36,356:INFO:[Rank-0] train time 40.3229, epoch  58, step  49, loss 0.88971686, auc@1 75.04, auc@5 94.95, share 7, std_loss 0, 
2021-05-21 16:25:51,956:INFO:[Rank-0] val time 15.5941, epoch  58, step  30, loss 1.20018630, auc@1 65.21, auc@5 90.02
2021-05-21 16:26:31,968:INFO:[Rank-0] train time 40.0097, epoch  59, step  49, loss 0.87646055, auc@1 75.35, auc@5 95.12, share 7, std_loss 0, 
2021-05-21 16:26:47,459:INFO:[Rank-0] val time 15.4837, epoch  59, step  30, loss 1.19519724, auc@1 65.54, auc@5 90.06
2021-05-21 16:27:27,627:INFO:[Rank-0] train time 40.1675, epoch  60, step  49, loss 0.86596227, auc@1 75.69, auc@5 95.19, share 7, std_loss 0, 
2021-05-21 16:27:43,168:INFO:[Rank-0] val time 15.5334, epoch  60, step  30, loss 1.18900198, auc@1 65.93, auc@5 90.02
2021-05-21 16:28:23,621:INFO:[Rank-0] train time 40.4523, epoch  61, step  49, loss 0.85458767, auc@1 75.88, auc@5 95.40, share 7, std_loss 0, 
2021-05-21 16:28:39,031:INFO:[Rank-0] val time 15.4062, epoch  61, step  30, loss 1.18587998, auc@1 66.01, auc@5 90.15
2021-05-21 16:29:19,389:INFO:[Rank-0] train time 40.3577, epoch  62, step  49, loss 0.84477741, auc@1 76.31, auc@5 95.38, share 7, std_loss 0, 
2021-05-21 16:29:34,900:INFO:[Rank-0] val time 15.5057, epoch  62, step  30, loss 1.17441088, auc@1 66.18, auc@5 90.20
2021-05-21 16:30:15,543:INFO:[Rank-0] train time 40.6413, epoch  63, step  49, loss 0.83451229, auc@1 76.40, auc@5 95.56, share 7, std_loss 0, 
2021-05-21 16:30:31,134:INFO:[Rank-0] val time 15.5861, epoch  63, step  30, loss 1.18446253, auc@1 66.28, auc@5 90.05
2021-05-21 16:31:11,340:INFO:[Rank-0] train time 40.2036, epoch  64, step  49, loss 0.82461363, auc@1 76.74, auc@5 95.64, share 7, std_loss 0, 
2021-05-21 16:31:26,530:INFO:[Rank-0] val time 15.1813, epoch  64, step  30, loss 1.17338387, auc@1 66.23, auc@5 90.08
2021-05-21 16:32:06,091:INFO:[Rank-0] train time 39.2632, epoch  65, step  49, loss 0.81615025, auc@1 77.14, auc@5 95.71, share 7, std_loss 0, 
2021-05-21 16:32:20,994:INFO:[Rank-0] val time 14.8997, epoch  65, step  30, loss 1.18546804, auc@1 66.55, auc@5 89.95
2021-05-21 16:33:00,927:INFO:[Rank-0] train time 39.4620, epoch  66, step  49, loss 0.80274928, auc@1 77.52, auc@5 95.94, share 7, std_loss 0, 
2021-05-21 16:33:15,977:INFO:[Rank-0] val time 15.0463, epoch  66, step  30, loss 1.17988042, auc@1 66.08, auc@5 90.08
2021-05-21 16:33:55,711:INFO:[Rank-0] train time 39.7325, epoch  67, step  49, loss 0.79581434, auc@1 77.54, auc@5 95.84, share 7, std_loss 0, 
2021-05-21 16:34:10,600:INFO:[Rank-0] val time 14.8823, epoch  67, step  30, loss 1.19120562, auc@1 66.16, auc@5 90.05
2021-05-21 16:34:50,501:INFO:[Rank-0] train time 39.5799, epoch  68, step  49, loss 0.78331721, auc@1 78.12, auc@5 96.11, share 7, std_loss 0, 
2021-05-21 16:35:05,625:INFO:[Rank-0] val time 15.1183, epoch  68, step  30, loss 1.16188480, auc@1 66.67, auc@5 90.35
2021-05-21 16:35:45,624:INFO:[Rank-0] train time 39.5622, epoch  69, step  49, loss 0.77342373, auc@1 78.38, auc@5 96.17, share 7, std_loss 0, 
2021-05-21 16:36:00,549:INFO:[Rank-0] val time 14.9204, epoch  69, step  30, loss 1.17722041, auc@1 66.23, auc@5 90.13
2021-05-21 16:36:40,458:INFO:[Rank-0] train time 39.9076, epoch  70, step  49, loss 0.76163393, auc@1 78.67, auc@5 96.25, share 7, std_loss 0, 
2021-05-21 16:36:55,562:INFO:[Rank-0] val time 15.0967, epoch  70, step  30, loss 1.15679734, auc@1 66.73, auc@5 90.35
2021-05-21 16:37:35,148:INFO:[Rank-0] train time 39.5458, epoch  71, step  49, loss 0.75517184, auc@1 79.00, auc@5 96.26, share 7, std_loss 0, 
2021-05-21 16:37:50,508:INFO:[Rank-0] val time 15.3550, epoch  71, step  30, loss 1.16816753, auc@1 66.76, auc@5 90.00
2021-05-21 16:38:30,051:INFO:[Rank-0] train time 39.5411, epoch  72, step  49, loss 0.74805349, auc@1 79.17, auc@5 96.36, share 7, std_loss 0, 
2021-05-21 16:38:45,043:INFO:[Rank-0] val time 14.9844, epoch  72, step  30, loss 1.16182765, auc@1 66.94, auc@5 90.50
2021-05-21 16:39:24,850:INFO:[Rank-0] train time 39.7827, epoch  73, step  49, loss 0.73687893, auc@1 79.52, auc@5 96.54, share 7, std_loss 0, 
2021-05-21 16:39:39,826:INFO:[Rank-0] val time 14.9715, epoch  73, step  30, loss 1.16439633, auc@1 66.70, auc@5 90.14
2021-05-21 16:40:19,842:INFO:[Rank-0] train time 40.0145, epoch  74, step  49, loss 0.72680175, auc@1 79.67, auc@5 96.56, share 7, std_loss 0, 
2021-05-21 16:40:34,973:INFO:[Rank-0] val time 15.1252, epoch  74, step  30, loss 1.15911279, auc@1 66.88, auc@5 90.35
2021-05-21 16:41:14,654:INFO:[Rank-0] train time 39.6783, epoch  75, step  49, loss 0.71416831, auc@1 80.08, auc@5 96.70, share 7, std_loss 0, 
2021-05-21 16:41:29,763:INFO:[Rank-0] val time 15.1029, epoch  75, step  30, loss 1.15994300, auc@1 66.75, auc@5 90.47
2021-05-21 16:42:09,382:INFO:[Rank-0] train time 39.5362, epoch  76, step  49, loss 0.71048045, auc@1 80.13, auc@5 96.69, share 7, std_loss 0, 
2021-05-21 16:42:24,442:INFO:[Rank-0] val time 15.0555, epoch  76, step  30, loss 1.16014325, auc@1 66.91, auc@5 90.38
2021-05-21 16:43:04,106:INFO:[Rank-0] train time 39.6396, epoch  77, step  49, loss 0.69993067, auc@1 80.60, auc@5 96.77, share 7, std_loss 0, 
2021-05-21 16:43:19,188:INFO:[Rank-0] val time 15.0764, epoch  77, step  30, loss 1.15932707, auc@1 67.19, auc@5 90.43
2021-05-21 16:43:58,811:INFO:[Rank-0] train time 39.3943, epoch  78, step  49, loss 0.68925530, auc@1 80.79, auc@5 96.94, share 7, std_loss 0, 
2021-05-21 16:44:13,705:INFO:[Rank-0] val time 14.8858, epoch  78, step  30, loss 1.17045013, auc@1 67.02, auc@5 90.37
2021-05-21 16:44:54,004:INFO:[Rank-0] train time 40.2956, epoch  79, step  49, loss 0.68302310, auc@1 81.07, auc@5 96.97, share 7, std_loss 0, 
2021-05-21 16:45:09,686:INFO:[Rank-0] val time 15.6737, epoch  79, step  30, loss 1.18584062, auc@1 66.39, auc@5 90.02
2021-05-21 16:45:49,843:INFO:[Rank-0] train time 40.1555, epoch  80, step  49, loss 0.67318302, auc@1 81.29, auc@5 97.06, share 7, std_loss 0, 
2021-05-21 16:46:05,088:INFO:[Rank-0] val time 15.2402, epoch  80, step  30, loss 1.15573562, auc@1 66.98, auc@5 90.40
2021-05-21 16:46:45,686:INFO:[Rank-0] train time 40.4174, epoch  81, step  49, loss 0.63726521, auc@1 82.46, auc@5 97.39, share 7, std_loss 0, 
2021-05-21 16:47:01,136:INFO:[Rank-0] val time 15.4444, epoch  81, step  30, loss 1.11368343, auc@1 68.39, auc@5 90.98
2021-05-21 16:47:41,579:INFO:[Rank-0] train time 40.4406, epoch  82, step  49, loss 0.61897177, auc@1 83.30, auc@5 97.47, share 7, std_loss 0, 
2021-05-21 16:47:56,990:INFO:[Rank-0] val time 15.4022, epoch  82, step  30, loss 1.10620789, auc@1 68.53, auc@5 90.94
2021-05-21 16:48:37,103:INFO:[Rank-0] train time 40.1117, epoch  83, step  49, loss 0.60945112, auc@1 83.49, auc@5 97.62, share 7, std_loss 0, 
2021-05-21 16:48:52,566:INFO:[Rank-0] val time 15.4548, epoch  83, step  30, loss 1.10231051, auc@1 68.42, auc@5 90.89
2021-05-21 16:49:32,870:INFO:[Rank-0] train time 40.3009, epoch  84, step  49, loss 0.61350441, auc@1 83.45, auc@5 97.52, share 7, std_loss 0, 
2021-05-21 16:49:48,587:INFO:[Rank-0] val time 15.7089, epoch  84, step  30, loss 1.10194038, auc@1 68.57, auc@5 90.87
2021-05-21 16:50:28,692:INFO:[Rank-0] train time 40.1041, epoch  85, step  49, loss 0.60531819, auc@1 83.64, auc@5 97.52, share 7, std_loss 0, 
2021-05-21 16:50:44,141:INFO:[Rank-0] val time 15.4436, epoch  85, step  30, loss 1.10121398, auc@1 68.50, auc@5 91.04
2021-05-21 16:51:24,359:INFO:[Rank-0] train time 40.2166, epoch  86, step  49, loss 0.59834117, auc@1 83.82, auc@5 97.64, share 7, std_loss 0, 
2021-05-21 16:51:40,028:INFO:[Rank-0] val time 15.6633, epoch  86, step  30, loss 1.10297104, auc@1 68.43, auc@5 91.00
2021-05-21 16:52:20,226:INFO:[Rank-0] train time 40.1970, epoch  87, step  49, loss 0.59844595, auc@1 83.81, auc@5 97.69, share 7, std_loss 0, 
2021-05-21 16:52:35,703:INFO:[Rank-0] val time 15.4687, epoch  87, step  30, loss 1.09986233, auc@1 68.64, auc@5 91.11
2021-05-21 16:53:15,874:INFO:[Rank-0] train time 40.1689, epoch  88, step  49, loss 0.59473556, auc@1 83.89, auc@5 97.66, share 7, std_loss 0, 
2021-05-21 16:53:31,416:INFO:[Rank-0] val time 15.5350, epoch  88, step  30, loss 1.10172834, auc@1 68.67, auc@5 91.00
2021-05-21 16:54:11,777:INFO:[Rank-0] train time 40.3589, epoch  89, step  49, loss 0.58983487, auc@1 84.16, auc@5 97.83, share 7, std_loss 0, 
2021-05-21 16:54:27,257:INFO:[Rank-0] val time 15.4715, epoch  89, step  30, loss 1.09773918, auc@1 68.57, auc@5 91.10
2021-05-21 16:55:07,484:INFO:[Rank-0] train time 40.2256, epoch  90, step  49, loss 0.58848989, auc@1 84.16, auc@5 97.71, share 7, std_loss 0, 
2021-05-21 16:55:23,067:INFO:[Rank-0] val time 15.5754, epoch  90, step  30, loss 1.09913363, auc@1 68.79, auc@5 90.99
2021-05-21 16:56:03,276:INFO:[Rank-0] train time 40.2076, epoch  91, step  49, loss 0.59000617, auc@1 84.22, auc@5 97.73, share 7, std_loss 0, 
2021-05-21 16:56:18,809:INFO:[Rank-0] val time 15.5287, epoch  91, step  30, loss 1.10050065, auc@1 68.45, auc@5 90.94
2021-05-21 16:56:59,229:INFO:[Rank-0] train time 40.4174, epoch  92, step  49, loss 0.58578604, auc@1 84.51, auc@5 97.80, share 7, std_loss 0, 
2021-05-21 16:57:14,870:INFO:[Rank-0] val time 15.6284, epoch  92, step  30, loss 1.10091341, auc@1 68.50, auc@5 91.05
2021-05-21 16:57:55,377:INFO:[Rank-0] train time 40.5056, epoch  93, step  49, loss 0.58341819, auc@1 84.42, auc@5 97.75, share 7, std_loss 0, 
2021-05-21 16:58:11,077:INFO:[Rank-0] val time 15.6948, epoch  93, step  30, loss 1.10015273, auc@1 68.51, auc@5 90.82
2021-05-21 16:58:51,514:INFO:[Rank-0] train time 40.4343, epoch  94, step  49, loss 0.58317792, auc@1 84.40, auc@5 97.75, share 7, std_loss 0, 
2021-05-21 16:59:07,006:INFO:[Rank-0] val time 15.4840, epoch  94, step  30, loss 1.10009977, auc@1 68.70, auc@5 90.94
2021-05-21 16:59:47,526:INFO:[Rank-0] train time 40.5176, epoch  95, step  49, loss 0.57738698, auc@1 84.54, auc@5 97.86, share 7, std_loss 0, 
2021-05-21 17:00:03,060:INFO:[Rank-0] val time 15.5272, epoch  95, step  30, loss 1.09964830, auc@1 68.65, auc@5 91.00
2021-05-21 17:00:43,113:INFO:[Rank-0] train time 40.0520, epoch  96, step  49, loss 0.58036643, auc@1 84.52, auc@5 97.70, share 7, std_loss 0, 
2021-05-21 17:00:58,708:INFO:[Rank-0] val time 15.5840, epoch  96, step  30, loss 1.09965470, auc@1 68.80, auc@5 91.00
2021-05-21 17:01:38,968:INFO:[Rank-0] train time 40.2574, epoch  97, step  49, loss 0.57124728, auc@1 84.85, auc@5 97.91, share 7, std_loss 0, 
2021-05-21 17:01:54,536:INFO:[Rank-0] val time 15.5598, epoch  97, step  30, loss 1.09999702, auc@1 68.55, auc@5 91.03
2021-05-21 17:02:34,596:INFO:[Rank-0] train time 40.0584, epoch  98, step  49, loss 0.57037896, auc@1 84.94, auc@5 97.86, share 7, std_loss 0, 
2021-05-21 17:02:49,806:INFO:[Rank-0] val time 15.2046, epoch  98, step  30, loss 1.09972591, auc@1 68.58, auc@5 91.00
2021-05-21 17:03:29,940:INFO:[Rank-0] train time 40.1326, epoch  99, step  49, loss 0.57220280, auc@1 84.87, auc@5 97.81, share 7, std_loss 0, 
2021-05-21 17:03:45,452:INFO:[Rank-0] val time 15.5057, epoch  99, step  30, loss 1.10168635, auc@1 68.63, auc@5 90.95
2021-05-21 17:04:25,405:INFO:[Rank-0] train time 39.9518, epoch 100, step  49, loss 0.56745517, auc@1 84.90, auc@5 97.89, share 7, std_loss 0, 
2021-05-21 17:04:40,950:INFO:[Rank-0] val time 15.5375, epoch 100, step  30, loss 1.10031761, auc@1 68.77, auc@5 91.01
2021-05-21 17:04:40,951:INFO:[Rank-0] finish, train+val 5564.25806, train 4019.25296, reduce_count 700
