2021-05-19 18:29:53,703:INFO:[Rank-2] args : Namespace(batch=512, current_time='20210519_182945', dataset='cifar100', epochs=10, ip='192.168.1.1:7548', k=4, loss_std_gap_rate=1.0, lr=0.0005, momentum=0.9, name='loss(r=1.0)', rank=2, scheduler_step=50, train_type='loss', weight_decay=0.0001, world=4)
2021-05-19 18:30:33,297:INFO:[Rank-2] train time 38.1353, epoch   1, step  98, loss 4.77540731, auc@1 1.34, auc@5 6.18, share 35, std_loss 0.009229688537817885,  4.76939 4.78212 4.76582 4.78430
2021-05-19 18:30:48,595:INFO:[Rank-2] val time 15.2919, epoch   1, step  79, loss 4.57249085, auc@1 2.48, auc@5 10.12
2021-05-19 18:31:26,474:INFO:[Rank-2] train time 37.8257, epoch   2, step  98, loss 4.61513233, auc@1 2.12, auc@5 8.85, share 32, std_loss 0.024346331609603093,  4.60982 4.61808 4.58999 4.64264
2021-05-19 18:31:41,965:INFO:[Rank-2] val time 15.4874, epoch   2, step  79, loss 4.40651410, auc@1 4.15, auc@5 15.39
2021-05-19 18:32:20,170:INFO:[Rank-2] train time 38.0361, epoch   3, step  98, loss 4.50411797, auc@1 3.21, auc@5 12.08, share 29, std_loss 0.03597992799263828,  4.53008 4.47994 4.47485 4.53160
2021-05-19 18:32:35,820:INFO:[Rank-2] val time 15.6476, epoch   3, step  79, loss 4.25908147, auc@1 5.22, auc@5 19.40
2021-05-19 18:33:14,829:INFO:[Rank-2] train time 38.9843, epoch   4, step  98, loss 4.40595865, auc@1 4.08, auc@5 15.26, share 34, std_loss 0.03454270606328334,  4.45168 4.37635 4.37554 4.42026
2021-05-19 18:33:30,355:INFO:[Rank-2] val time 15.5243, epoch   4, step  79, loss 4.17918624, auc@1 6.34, auc@5 23.00
2021-05-19 18:34:08,541:INFO:[Rank-2] train time 38.1364, epoch   5, step  98, loss 4.30250502, auc@1 4.93, auc@5 18.08, share 30, std_loss 0.042579833342104544,  4.34605 4.26763 4.28262 4.31371
2021-05-19 18:34:24,439:INFO:[Rank-2] val time 15.8959, epoch   5, step  79, loss 4.09800384, auc@1 7.52, auc@5 24.84
2021-05-19 18:35:02,091:INFO:[Rank-2] train time 37.5754, epoch   6, step  98, loss 4.21536827, auc@1 5.89, auc@5 20.34, share 33, std_loss 0.03437806352288747,  4.22501 4.16690 4.22444 4.24512
2021-05-19 18:35:17,653:INFO:[Rank-2] val time 15.5593, epoch   6, step  79, loss 4.03325692, auc@1 8.86, auc@5 26.82
2021-05-19 18:35:55,925:INFO:[Rank-2] train time 38.1423, epoch   7, step  98, loss 4.14659643, auc@1 6.56, auc@5 22.54, share 31, std_loss 0.03659296957585884,  4.15911 4.10041 4.16427 4.16260
2021-05-19 18:36:11,520:INFO:[Rank-2] val time 15.5924, epoch   7, step  79, loss 3.96544310, auc@1 10.01, auc@5 29.39
2021-05-19 18:36:50,068:INFO:[Rank-2] train time 38.4001, epoch   8, step  98, loss 4.07708263, auc@1 7.55, auc@5 24.72, share 33, std_loss 0.03686181801770415,  4.09975 4.01649 4.09507 4.09702
2021-05-19 18:37:06,232:INFO:[Rank-2] val time 16.1615, epoch   8, step  79, loss 3.88422676, auc@1 10.39, auc@5 31.63
2021-05-19 18:37:44,169:INFO:[Rank-2] train time 37.9012, epoch   9, step  98, loss 4.00923586, auc@1 8.27, auc@5 26.50, share 26, std_loss 0.04359743208149258,  4.02890 3.96062 4.01853 4.02889
2021-05-19 18:37:59,965:INFO:[Rank-2] val time 15.7935, epoch   9, step  79, loss 3.82684244, auc@1 11.44, auc@5 32.74
2021-05-19 18:38:37,322:INFO:[Rank-2] train time 37.1757, epoch  10, step  98, loss 3.96043801, auc@1 9.08, auc@5 28.06, share 28, std_loss 0.030009014646009524,  3.97669 3.92303 3.96149 3.98054
2021-05-19 18:38:52,734:INFO:[Rank-2] val time 15.4099, epoch  10, step  79, loss 3.77323482, auc@1 12.25, auc@5 34.92
2021-05-19 18:38:52,735:INFO:[Rank-2] finish, train+val 537.57396, train 381.19544, reduce_count 311
