2021-05-29 13:18:46,719:INFO:[Rank-2] args : Namespace(batch=512, current_time='20210529_131838', dataset='cifar100', epochs=200, ip='192.168.1.1:7548', k=16, loss_std_gap_rate=1.0, lr=0.1, momentum=0.3, name='loss', rank=2, scheduler_step=80, train_type='loss', weight_decay=0.0001, world=4)
2021-05-29 13:19:24,317:INFO:[Rank-2] train time 35.7980, epoch   1, step  98, loss 4.73604441, auc@1 3.12, auc@5 12.28, share 5, std_loss 0.07860335532803925, pre_std_loss 0.04410278797149658,  4.75258 4.70780 4.78381 4.81057
2021-05-29 13:19:39,469:INFO:[Rank-2] val time 15.1486, epoch   1, step  79, loss 4.29618331, auc@1 5.14, auc@5 19.80
2021-05-29 13:20:17,176:INFO:[Rank-2] train time 37.3154, epoch   2, step  98, loss 4.16432762, auc@1 5.91, auc@5 22.36, share 14, std_loss 0.031509622266249995, pre_std_loss 0.019656825810670853,  4.17268 4.13843 4.18783 4.16821
2021-05-29 13:20:32,353:INFO:[Rank-2] val time 15.1744, epoch   2, step  79, loss 3.96992997, auc@1 7.50, auc@5 27.97
2021-05-29 13:21:11,220:INFO:[Rank-2] train time 38.5752, epoch   3, step  98, loss 3.97939754, auc@1 7.92, auc@5 27.61, share 21, std_loss 0.03324887513810275, pre_std_loss 0.02971986122429371,  3.98240 3.94839 4.02278 3.97533
2021-05-29 13:21:26,570:INFO:[Rank-2] val time 15.3469, epoch   3, step  79, loss 3.87995907, auc@1 8.62, auc@5 31.83
2021-05-29 13:22:03,910:INFO:[Rank-2] train time 37.0327, epoch   4, step  98, loss 3.86606121, auc@1 9.55, auc@5 31.16, share 16, std_loss 0.019272765163712357, pre_std_loss 0.01531283836811781,  3.88918 3.85342 3.89055 3.88170
2021-05-29 13:22:19,302:INFO:[Rank-2] val time 15.3883, epoch   4, step  79, loss 3.87386501, auc@1 10.97, auc@5 35.09
2021-05-29 13:22:57,218:INFO:[Rank-2] train time 37.5713, epoch   5, step  98, loss 3.75369596, auc@1 11.08, auc@5 34.50, share 16, std_loss 0.03631570657753214, pre_std_loss 0.026280004531145096,  3.78597 3.72370 3.74619 3.76222
2021-05-29 13:23:12,657:INFO:[Rank-2] val time 15.4371, epoch   5, step  79, loss 3.71895883, auc@1 12.68, auc@5 36.95
2021-05-29 13:23:50,386:INFO:[Rank-2] train time 37.2972, epoch   6, step  98, loss 3.64631367, auc@1 13.11, auc@5 38.02, share 14, std_loss 0.029946521171653757, pre_std_loss 0.019475793465971947,  3.64232 3.62315 3.65407 3.66959
2021-05-29 13:24:05,876:INFO:[Rank-2] val time 15.4868, epoch   6, step  79, loss 3.66789412, auc@1 13.61, auc@5 40.38
2021-05-29 13:24:43,768:INFO:[Rank-2] train time 37.6440, epoch   7, step  98, loss 3.54564786, auc@1 14.61, auc@5 41.10, share 13, std_loss 0.0345622433767635, pre_std_loss 0.02355307526886463,  3.53765 3.53124 3.58833 3.54856
2021-05-29 13:24:59,074:INFO:[Rank-2] val time 15.3019, epoch   7, step  79, loss 3.41268751, auc@1 18.40, auc@5 45.05
2021-05-29 13:25:37,361:INFO:[Rank-2] train time 37.9626, epoch   8, step  98, loss 3.43823504, auc@1 16.43, auc@5 43.96, share 20, std_loss 0.01833950748610101, pre_std_loss 0.015221122652292252,  3.45556 3.42530 3.46991 3.44979
2021-05-29 13:25:52,802:INFO:[Rank-2] val time 15.4385, epoch   8, step  79, loss 3.46633775, auc@1 16.45, auc@5 43.52
2021-05-29 13:26:31,519:INFO:[Rank-2] train time 38.3548, epoch   9, step  98, loss 3.34562469, auc@1 17.84, auc@5 46.53, share 20, std_loss 0.03074937037249305, pre_std_loss 0.02342023141682148,  3.37542 3.31999 3.33773 3.35798
2021-05-29 13:26:46,867:INFO:[Rank-2] val time 15.3453, epoch   9, step  79, loss 3.23119612, auc@1 20.80, auc@5 49.79
2021-05-29 13:27:26,283:INFO:[Rank-2] train time 39.0320, epoch  10, step  98, loss 3.27037239, auc@1 19.55, auc@5 48.67, share 25, std_loss 0.02027457598382987, pre_std_loss 0.015732333064079285,  3.29360 3.26386 3.26269 3.25577
2021-05-29 13:27:41,738:INFO:[Rank-2] val time 15.4523, epoch  10, step  79, loss 3.29951149, auc@1 19.83, auc@5 47.99
2021-05-29 13:28:20,096:INFO:[Rank-2] train time 38.0124, epoch  11, step  98, loss 3.18840480, auc@1 20.85, auc@5 50.90, share 21, std_loss 0.02840788233835174, pre_std_loss 0.027691951021552086,  3.23525 3.18403 3.15726 3.21371
2021-05-29 13:28:35,432:INFO:[Rank-2] val time 15.3344, epoch  11, step  79, loss 3.00070097, auc@1 24.56, auc@5 55.65
2021-05-29 13:29:13,946:INFO:[Rank-2] train time 38.2126, epoch  12, step  98, loss 3.10978746, auc@1 22.40, auc@5 52.86, share 19, std_loss 0.033858783200991394, pre_std_loss 0.029916444793343544,  3.14198 3.12775 3.07508 3.09858
2021-05-29 13:29:29,316:INFO:[Rank-2] val time 15.3684, epoch  12, step  79, loss 2.90131785, auc@1 26.54, auc@5 58.58
2021-05-29 13:30:08,041:INFO:[Rank-2] train time 38.4846, epoch  13, step  98, loss 3.01572275, auc@1 23.98, auc@5 55.31, share 25, std_loss 0.030559562659841413, pre_std_loss 0.029108630493283272,  3.05690 2.99603 2.99602 3.01674
2021-05-29 13:30:23,403:INFO:[Rank-2] val time 15.3607, epoch  13, step  79, loss 2.89558832, auc@1 26.46, auc@5 58.17
2021-05-29 13:31:02,448:INFO:[Rank-2] train time 38.7020, epoch  14, step  98, loss 2.94662976, auc@1 25.10, auc@5 57.02, share 23, std_loss 0.030458222704046235, pre_std_loss 0.030887944623827934,  2.98278 2.92833 2.91278 2.96419
2021-05-29 13:31:17,933:INFO:[Rank-2] val time 15.4833, epoch  14, step  79, loss 2.77271672, auc@1 28.04, auc@5 61.30
2021-05-29 13:31:56,075:INFO:[Rank-2] train time 37.7765, epoch  15, step  98, loss 2.85586691, auc@1 27.10, auc@5 59.45, share 16, std_loss 0.048361381363807895, pre_std_loss 0.03603620454668999,  2.89371 2.82952 2.81445 2.86825
2021-05-29 13:32:11,623:INFO:[Rank-2] val time 15.5446, epoch  15, step  79, loss 3.18230192, auc@1 23.54, auc@5 53.50
2021-05-29 13:32:50,083:INFO:[Rank-2] train time 38.1636, epoch  16, step  98, loss 2.78658915, auc@1 28.19, auc@5 61.00, share 19, std_loss 0.07203293059553419, pre_std_loss 0.058530546724796295,  2.86829 2.77900 2.73196 2.76884
2021-05-29 13:33:05,421:INFO:[Rank-2] val time 15.3368, epoch  16, step  79, loss 2.80210102, auc@1 29.77, auc@5 62.25
2021-05-29 13:33:44,490:INFO:[Rank-2] train time 38.7467, epoch  17, step  98, loss 2.68580198, auc@1 30.18, auc@5 63.78, share 12, std_loss 0.08843869883186962, pre_std_loss 0.07078822702169418,  2.78430 2.65523 2.61441 2.70150
2021-05-29 13:33:59,896:INFO:[Rank-2] val time 15.4040, epoch  17, step  79, loss 2.96338896, auc@1 30.41, auc@5 62.97
2021-05-29 13:34:38,317:INFO:[Rank-2] train time 38.0214, epoch  18, step  98, loss 2.64822602, auc@1 31.16, auc@5 64.51, share 20, std_loss 0.08978577779263866, pre_std_loss 0.07940426468849182,  2.71825 2.65578 2.52854 2.68006
2021-05-29 13:34:53,752:INFO:[Rank-2] val time 15.4330, epoch  18, step  79, loss 2.67919410, auc@1 34.11, auc@5 66.92
2021-05-29 13:35:32,055:INFO:[Rank-2] train time 37.9915, epoch  19, step  98, loss 2.56898975, auc@1 32.72, auc@5 66.40, share 11, std_loss 0.10760734450756287, pre_std_loss 0.06826503574848175,  2.65437 2.54107 2.47475 2.62764
2021-05-29 13:35:47,459:INFO:[Rank-2] val time 15.4016, epoch  19, step  79, loss 2.62939174, auc@1 33.44, auc@5 65.57
2021-05-29 13:36:25,074:INFO:[Rank-2] train time 37.2342, epoch  20, step  98, loss 2.48837948, auc@1 34.25, auc@5 68.12, share 16, std_loss 0.07399216298089951, pre_std_loss 0.06285189092159271,  2.57120 2.45601 2.42653 2.50216
2021-05-29 13:36:40,498:INFO:[Rank-2] val time 15.4224, epoch  20, step  79, loss 2.77704235, auc@1 34.26, auc@5 67.39
2021-05-29 13:37:18,971:INFO:[Rank-2] train time 38.1110, epoch  21, step  98, loss 2.41754103, auc@1 35.89, auc@5 69.63, share 21, std_loss 0.05668345666775594, pre_std_loss 0.053292933851480484,  2.48194 2.37344 2.36349 2.43023
2021-05-29 13:37:34,397:INFO:[Rank-2] val time 15.4232, epoch  21, step  79, loss 2.32983931, auc@1 38.08, auc@5 71.20
2021-05-29 13:38:13,474:INFO:[Rank-2] train time 38.7406, epoch  22, step  98, loss 2.34556913, auc@1 37.27, auc@5 71.17, share 26, std_loss 0.07095510809093106, pre_std_loss 0.07149023562669754,  2.44688 2.32038 2.26591 2.35546
2021-05-29 13:38:28,834:INFO:[Rank-2] val time 15.3582, epoch  22, step  79, loss 2.26784765, auc@1 39.93, auc@5 72.67
2021-05-29 13:39:06,838:INFO:[Rank-2] train time 37.7679, epoch  23, step  98, loss 2.30774665, auc@1 38.27, auc@5 72.23, share 17, std_loss 0.0899498880061568, pre_std_loss 0.07575813680887222,  2.43007 2.29975 2.23989 2.29232
2021-05-29 13:39:22,237:INFO:[Rank-2] val time 15.3963, epoch  23, step  79, loss 2.40460965, auc@1 37.49, auc@5 70.62
2021-05-29 13:40:00,349:INFO:[Rank-2] train time 37.7363, epoch  24, step  98, loss 2.23290586, auc@1 39.60, auc@5 73.52, share 17, std_loss 0.06138368939258614, pre_std_loss 0.05341123789548874,  2.32297 2.22654 2.19412 2.21452
2021-05-29 13:40:15,715:INFO:[Rank-2] val time 15.3634, epoch  24, step  79, loss 2.27464437, auc@1 39.39, auc@5 73.14
2021-05-29 13:40:55,824:INFO:[Rank-2] train time 39.8382, epoch  25, step  98, loss 2.15971589, auc@1 41.42, auc@5 75.22, share 32, std_loss 0.06134537423067555, pre_std_loss 0.06514681875705719,  2.26056 2.14421 2.10194 2.13347
2021-05-29 13:41:11,252:INFO:[Rank-2] val time 15.4266, epoch  25, step  79, loss 2.17456092, auc@1 41.83, auc@5 74.78
2021-05-29 13:41:50,959:INFO:[Rank-2] train time 39.3563, epoch  26, step  98, loss 2.12567043, auc@1 42.35, auc@5 75.83, share 28, std_loss 0.0770008601628396, pre_std_loss 0.07398264110088348,  2.22473 2.13184 2.04997 2.10252
2021-05-29 13:42:06,454:INFO:[Rank-2] val time 15.4942, epoch  26, step  79, loss 1.93546432, auc@1 46.46, auc@5 79.02
2021-05-29 13:42:44,637:INFO:[Rank-2] train time 37.8567, epoch  27, step  98, loss 2.07952166, auc@1 43.11, auc@5 76.41, share 19, std_loss 0.05828668211339688, pre_std_loss 0.04849402233958244,  2.13251 2.07055 2.01180 2.07431
2021-05-29 13:43:00,017:INFO:[Rank-2] val time 15.3778, epoch  27, step  79, loss 2.85257966, auc@1 37.37, auc@5 69.42
2021-05-29 13:43:38,645:INFO:[Rank-2] train time 38.4057, epoch  28, step  98, loss 2.04771161, auc@1 43.97, auc@5 77.18, share 24, std_loss 0.07097299982394491, pre_std_loss 0.07178892195224762,  2.15262 2.01300 1.99759 2.03090
2021-05-29 13:43:54,006:INFO:[Rank-2] val time 15.3584, epoch  28, step  79, loss 2.10259178, auc@1 43.39, auc@5 76.31
2021-05-29 13:44:32,661:INFO:[Rank-2] train time 38.3403, epoch  29, step  98, loss 1.98742294, auc@1 45.19, auc@5 78.27, share 20, std_loss 0.08079563400575093, pre_std_loss 0.07183713465929031,  2.09181 1.96924 1.92579 1.96600
2021-05-29 13:44:48,233:INFO:[Rank-2] val time 15.5698, epoch  29, step  79, loss 1.97224371, auc@1 46.31, auc@5 78.25
2021-05-29 13:45:28,048:INFO:[Rank-2] train time 39.4786, epoch  30, step  98, loss 1.94803584, auc@1 46.31, auc@5 79.07, share 29, std_loss 0.06359381433956478, pre_std_loss 0.06651116907596588,  2.03911 1.94888 1.87991 1.92956
2021-05-29 13:45:43,608:INFO:[Rank-2] val time 15.5578, epoch  30, step  79, loss 1.99038659, auc@1 47.04, auc@5 78.11
2021-05-29 13:46:21,236:INFO:[Rank-2] train time 37.3446, epoch  31, step  98, loss 1.91364968, auc@1 46.81, auc@5 79.87, share 15, std_loss 0.05693808844198986, pre_std_loss 0.05072478577494621,  1.97779 1.91335 1.86099 1.88325
2021-05-29 13:46:36,805:INFO:[Rank-2] val time 15.5671, epoch  31, step  79, loss 1.95840367, auc@1 47.73, auc@5 79.34
2021-05-29 13:47:15,372:INFO:[Rank-2] train time 38.2384, epoch  32, step  98, loss 1.87362373, auc@1 48.03, auc@5 80.44, share 22, std_loss 0.06319923140108585, pre_std_loss 0.05508827790617943,  1.93735 1.88483 1.79753 1.85821
2021-05-29 13:47:30,667:INFO:[Rank-2] val time 15.2920, epoch  32, step  79, loss 2.37050368, auc@1 41.23, auc@5 73.94
2021-05-29 13:48:09,740:INFO:[Rank-2] train time 38.7604, epoch  33, step  98, loss 1.83658111, auc@1 48.72, auc@5 81.32, share 24, std_loss 0.0485105538474662, pre_std_loss 0.0420222170650959,  1.90494 1.82328 1.80584 1.81272
2021-05-29 13:48:25,207:INFO:[Rank-2] val time 15.4651, epoch  33, step  79, loss 2.18370331, auc@1 43.47, auc@5 74.61
2021-05-29 13:49:03,879:INFO:[Rank-2] train time 38.3676, epoch  34, step  98, loss 1.81340563, auc@1 49.62, auc@5 81.59, share 23, std_loss 0.04559335078359866, pre_std_loss 0.04209348186850548,  1.86531 1.83159 1.75904 1.79460
2021-05-29 13:49:19,380:INFO:[Rank-2] val time 15.4980, epoch  34, step  79, loss 2.20257677, auc@1 42.78, auc@5 74.64
2021-05-29 13:49:57,856:INFO:[Rank-2] train time 38.1214, epoch  35, step  98, loss 1.75950408, auc@1 50.57, auc@5 82.52, share 20, std_loss 0.0606303338569646, pre_std_loss 0.05692671984434128,  1.85565 1.72685 1.72235 1.73029
2021-05-29 13:50:13,271:INFO:[Rank-2] val time 15.4128, epoch  35, step  79, loss 1.79494366, auc@1 50.95, auc@5 81.97
2021-05-29 13:50:52,524:INFO:[Rank-2] train time 38.8641, epoch  36, step  98, loss 1.72543848, auc@1 51.60, auc@5 83.19, share 27, std_loss 0.06434096911047794, pre_std_loss 0.06544046849012375,  1.80817 1.73821 1.64218 1.70373
2021-05-29 13:51:08,022:INFO:[Rank-2] val time 15.4954, epoch  36, step  79, loss 1.89468629, auc@1 49.44, auc@5 80.29
2021-05-29 13:51:47,407:INFO:[Rank-2] train time 39.0503, epoch  37, step  98, loss 1.70395613, auc@1 51.98, auc@5 83.67, share 29, std_loss 0.05008057653143698, pre_std_loss 0.05017462000250816,  1.77537 1.67216 1.66650 1.69929
2021-05-29 13:52:02,838:INFO:[Rank-2] val time 15.4292, epoch  37, step  79, loss 2.03261056, auc@1 47.04, auc@5 78.93
2021-05-29 13:52:41,516:INFO:[Rank-2] train time 38.3805, epoch  38, step  98, loss 1.67540932, auc@1 52.89, auc@5 83.90, share 22, std_loss 0.047844293280219545, pre_std_loss 0.0483100600540638,  1.74663 1.66259 1.64156 1.65040
2021-05-29 13:52:56,987:INFO:[Rank-2] val time 15.4691, epoch  38, step  79, loss 1.89808642, auc@1 49.29, auc@5 80.53
2021-05-29 13:53:35,084:INFO:[Rank-2] train time 37.7520, epoch  39, step  98, loss 1.65498769, auc@1 53.10, auc@5 84.34, share 21, std_loss 0.056785190934125256, pre_std_loss 0.048730622977018356,  1.72522 1.65016 1.61527 1.63067
2021-05-29 13:53:50,510:INFO:[Rank-2] val time 15.4234, epoch  39, step  79, loss 2.14217934, auc@1 44.98, auc@5 76.97
2021-05-29 13:54:27,674:INFO:[Rank-2] train time 36.8690, epoch  40, step  98, loss 1.63614953, auc@1 53.82, auc@5 84.46, share 8, std_loss 0.06389021379302959, pre_std_loss 0.04162497818470001,  1.69722 1.61515 1.60745 1.62180
2021-05-29 13:54:43,104:INFO:[Rank-2] val time 15.4272, epoch  40, step  79, loss 2.14463889, auc@1 45.42, auc@5 76.26
2021-05-29 13:55:21,581:INFO:[Rank-2] train time 38.1395, epoch  41, step  98, loss 1.62608838, auc@1 53.94, auc@5 84.73, share 22, std_loss 0.0416114246852848, pre_std_loss 0.03908741846680641,  1.67233 1.64472 1.60207 1.58708
2021-05-29 13:55:37,051:INFO:[Rank-2] val time 15.4685, epoch  41, step  79, loss 1.66503430, auc@1 53.99, auc@5 84.00
2021-05-29 13:56:15,644:INFO:[Rank-2] train time 38.2442, epoch  42, step  98, loss 1.59479630, auc@1 54.90, auc@5 85.20, share 22, std_loss 0.07074577920138836, pre_std_loss 0.06375883519649506,  1.63294 1.66252 1.54758 1.51631
2021-05-29 13:56:31,095:INFO:[Rank-2] val time 15.4483, epoch  42, step  79, loss 1.80659732, auc@1 50.92, auc@5 82.26
2021-05-29 13:57:09,527:INFO:[Rank-2] train time 38.0676, epoch  43, step  98, loss 1.55420923, auc@1 55.91, auc@5 85.86, share 15, std_loss 0.04342834043259523, pre_std_loss 0.03620215132832527,  1.59359 1.57362 1.52813 1.51995
2021-05-29 13:57:25,047:INFO:[Rank-2] val time 15.5169, epoch  43, step  79, loss 1.74402154, auc@1 52.40, auc@5 83.34
2021-05-29 13:58:04,253:INFO:[Rank-2] train time 38.9643, epoch  44, step  98, loss 1.53745317, auc@1 56.22, auc@5 86.15, share 22, std_loss 0.050464833725471885, pre_std_loss 0.051358453929424286,  1.61018 1.53382 1.49793 1.50683
2021-05-29 13:58:19,647:INFO:[Rank-2] val time 15.3920, epoch  44, step  79, loss 1.66495309, auc@1 54.62, auc@5 84.69
2021-05-29 13:58:57,608:INFO:[Rank-2] train time 37.6870, epoch  45, step  98, loss 1.51033080, auc@1 56.80, auc@5 86.43, share 20, std_loss 0.04276941104659012, pre_std_loss 0.035548605024814606,  1.55176 1.51253 1.46378 1.49644
2021-05-29 13:59:13,025:INFO:[Rank-2] val time 15.4139, epoch  45, step  79, loss 1.82457919, auc@1 51.81, auc@5 82.15
2021-05-29 13:59:51,964:INFO:[Rank-2] train time 38.6493, epoch  46, step  98, loss 1.49289119, auc@1 57.38, auc@5 86.75, share 25, std_loss 0.06594267612969389, pre_std_loss 0.06415633112192154,  1.58084 1.51082 1.44863 1.44417
2021-05-29 14:00:07,273:INFO:[Rank-2] val time 15.3071, epoch  46, step  79, loss 1.81775248, auc@1 53.34, auc@5 82.32
2021-05-29 14:00:47,224:INFO:[Rank-2] train time 39.6536, epoch  47, step  98, loss 1.42978108, auc@1 58.90, auc@5 87.83, share 34, std_loss 0.04744712384987851, pre_std_loss 0.04881827160716057,  1.49316 1.44088 1.38494 1.39815
2021-05-29 14:01:02,643:INFO:[Rank-2] val time 15.4169, epoch  47, step  79, loss 1.60651239, auc@1 56.17, auc@5 85.20
2021-05-29 14:01:40,957:INFO:[Rank-2] train time 38.0280, epoch  48, step  98, loss 1.42995417, auc@1 58.74, auc@5 87.84, share 19, std_loss 0.033822600216585764, pre_std_loss 0.02997118979692459,  1.45664 1.45403 1.39380 1.41990
2021-05-29 14:01:56,392:INFO:[Rank-2] val time 15.4341, epoch  48, step  79, loss 1.71988519, auc@1 53.79, auc@5 83.80
2021-05-29 14:02:34,497:INFO:[Rank-2] train time 37.7517, epoch  49, step  98, loss 1.41627932, auc@1 59.20, auc@5 87.85, share 15, std_loss 0.06421459382589982, pre_std_loss 0.05360791087150574,  1.48098 1.40400 1.34144 1.40452
2021-05-29 14:02:49,949:INFO:[Rank-2] val time 15.4496, epoch  49, step  79, loss 1.68327224, auc@1 54.42, auc@5 84.41
2021-05-29 14:03:28,168:INFO:[Rank-2] train time 37.9386, epoch  50, step  98, loss 1.39218247, auc@1 59.93, auc@5 88.32, share 19, std_loss 0.06147771503548233, pre_std_loss 0.048928577452898026,  1.47738 1.39396 1.37151 1.34764
2021-05-29 14:03:43,510:INFO:[Rank-2] val time 15.3395, epoch  50, step  79, loss 1.60361111, auc@1 56.22, auc@5 86.13
2021-05-29 14:04:21,722:INFO:[Rank-2] train time 37.8757, epoch  51, step  98, loss 1.36810970, auc@1 60.47, auc@5 88.61, share 16, std_loss 0.053928690563355176, pre_std_loss 0.04651733115315437,  1.40464 1.40829 1.33299 1.31995
2021-05-29 14:04:37,089:INFO:[Rank-2] val time 15.3651, epoch  51, step  79, loss 1.58220083, auc@1 56.11, auc@5 85.74
2021-05-29 14:05:14,990:INFO:[Rank-2] train time 37.4793, epoch  52, step  98, loss 1.36861956, auc@1 60.61, auc@5 88.65, share 12, std_loss 0.05911106201915108, pre_std_loss 0.036644935607910156,  1.39024 1.35157 1.39930 1.31989
2021-05-29 14:05:30,362:INFO:[Rank-2] val time 15.3685, epoch  52, step  79, loss 1.77534444, auc@1 54.19, auc@5 83.37
2021-05-29 14:06:08,489:INFO:[Rank-2] train time 37.7660, epoch  53, step  98, loss 1.33641338, auc@1 61.34, auc@5 89.05, share 17, std_loss 0.04967755103977967, pre_std_loss 0.03760748729109764,  1.39259 1.32680 1.29673 1.31204
2021-05-29 14:06:23,923:INFO:[Rank-2] val time 15.4308, epoch  53, step  79, loss 1.69474220, auc@1 53.37, auc@5 83.60
2021-05-29 14:07:02,378:INFO:[Rank-2] train time 38.0933, epoch  54, step  98, loss 1.31692219, auc@1 61.89, auc@5 89.47, share 19, std_loss 0.042534704529205145, pre_std_loss 0.037786923348903656,  1.37201 1.29970 1.31485 1.28603
2021-05-29 14:07:17,690:INFO:[Rank-2] val time 15.3090, epoch  54, step  79, loss 1.59908262, auc@1 56.54, auc@5 84.98
2021-05-29 14:07:57,251:INFO:[Rank-2] train time 39.1450, epoch  55, step  98, loss 1.29083860, auc@1 62.49, auc@5 89.72, share 26, std_loss 0.034570796814348013, pre_std_loss 0.033647570759058,  1.33775 1.27090 1.26079 1.28077
2021-05-29 14:08:12,630:INFO:[Rank-2] val time 15.3779, epoch  55, step  79, loss 1.62177742, auc@1 56.86, auc@5 85.53
2021-05-29 14:08:50,320:INFO:[Rank-2] train time 37.2926, epoch  56, step  98, loss 1.29013693, auc@1 62.53, auc@5 89.76, share 16, std_loss 0.03831495266711833, pre_std_loss 0.03596681356430054,  1.33496 1.28856 1.24765 1.28867
2021-05-29 14:09:05,861:INFO:[Rank-2] val time 15.5396, epoch  56, step  79, loss 1.54436358, auc@1 57.84, auc@5 86.10
2021-05-29 14:09:44,425:INFO:[Rank-2] train time 38.1870, epoch  57, step  98, loss 1.26492023, auc@1 63.01, auc@5 90.06, share 21, std_loss 0.044224817358071405, pre_std_loss 0.040247492492198944,  1.30893 1.27213 1.21145 1.25999
2021-05-29 14:09:59,761:INFO:[Rank-2] val time 15.3331, epoch  57, step  79, loss 1.72155963, auc@1 55.01, auc@5 84.56
2021-05-29 14:10:38,075:INFO:[Rank-2] train time 38.0833, epoch  58, step  98, loss 1.25117302, auc@1 63.29, auc@5 90.34, share 20, std_loss 0.03882599642918426, pre_std_loss 0.034711915999650955,  1.28908 1.26557 1.20991 1.22574
2021-05-29 14:10:53,626:INFO:[Rank-2] val time 15.5499, epoch  58, step  79, loss 1.54944562, auc@1 58.42, auc@5 86.09
2021-05-29 14:11:32,096:INFO:[Rank-2] train time 38.0081, epoch  59, step  98, loss 1.23060167, auc@1 64.02, auc@5 90.61, share 20, std_loss 0.039554840029806505, pre_std_loss 0.031402308493852615,  1.27466 1.22225 1.19911 1.22145
2021-05-29 14:11:47,690:INFO:[Rank-2] val time 15.5914, epoch  59, step  79, loss 1.53321039, auc@1 57.62, auc@5 86.02
2021-05-29 14:12:27,230:INFO:[Rank-2] train time 39.2319, epoch  60, step  98, loss 1.21562207, auc@1 64.30, auc@5 90.75, share 27, std_loss 0.030467038841119835, pre_std_loss 0.03895018249750137,  1.27932 1.21353 1.19533 1.18848
2021-05-29 14:12:42,757:INFO:[Rank-2] val time 15.5252, epoch  60, step  79, loss 1.54045006, auc@1 58.52, auc@5 86.68
2021-05-29 14:13:21,158:INFO:[Rank-2] train time 38.0167, epoch  61, step  98, loss 1.20052910, auc@1 64.57, auc@5 91.01, share 19, std_loss 0.05613773050052779, pre_std_loss 0.039560213685035706,  1.25687 1.18879 1.18757 1.16918
2021-05-29 14:13:36,478:INFO:[Rank-2] val time 15.3177, epoch  61, step  79, loss 1.43272088, auc@1 61.29, auc@5 87.86
2021-05-29 14:14:15,650:INFO:[Rank-2] train time 38.7887, epoch  62, step  98, loss 1.17772448, auc@1 65.38, auc@5 91.37, share 21, std_loss 0.04599178571025936, pre_std_loss 0.0413559153676033,  1.21619 1.20787 1.14267 1.13871
2021-05-29 14:14:31,044:INFO:[Rank-2] val time 15.3924, epoch  62, step  79, loss 1.50694146, auc@1 60.08, auc@5 87.03
2021-05-29 14:15:09,338:INFO:[Rank-2] train time 38.0171, epoch  63, step  98, loss 1.17440939, auc@1 65.48, auc@5 91.31, share 20, std_loss 0.04667039447445042, pre_std_loss 0.040472015738487244,  1.22423 1.17294 1.12379 1.17886
2021-05-29 14:15:24,730:INFO:[Rank-2] val time 15.3896, epoch  63, step  79, loss 1.52385165, auc@1 59.58, auc@5 86.49
2021-05-29 14:16:03,218:INFO:[Rank-2] train time 38.1906, epoch  64, step  98, loss 1.15849268, auc@1 66.06, auc@5 91.52, share 21, std_loss 0.02374572383135329, pre_std_loss 0.025629797950387,  1.19532 1.15140 1.14772 1.13978
2021-05-29 14:16:18,673:INFO:[Rank-2] val time 15.4536, epoch  64, step  79, loss 1.36180459, auc@1 61.79, auc@5 88.65
2021-05-29 14:16:57,814:INFO:[Rank-2] train time 38.9126, epoch  65, step  98, loss 1.13972950, auc@1 66.32, auc@5 91.79, share 27, std_loss 0.04313827155880174, pre_std_loss 0.039105772972106934,  1.18968 1.13910 1.09457 1.13227
2021-05-29 14:17:13,330:INFO:[Rank-2] val time 15.5142, epoch  65, step  79, loss 1.45106057, auc@1 61.15, auc@5 86.91
2021-05-29 14:17:53,392:INFO:[Rank-2] train time 39.7726, epoch  66, step  98, loss 1.10705483, auc@1 67.33, auc@5 92.20, share 33, std_loss 0.03259762712013053, pre_std_loss 0.038462936878204346,  1.14889 1.12920 1.06196 1.08747
2021-05-29 14:18:08,803:INFO:[Rank-2] val time 15.4087, epoch  66, step  79, loss 1.64307993, auc@1 58.18, auc@5 86.62
2021-05-29 14:18:47,052:INFO:[Rank-2] train time 38.0587, epoch  67, step  98, loss 1.10260797, auc@1 67.26, auc@5 92.23, share 17, std_loss 0.04355001991272581, pre_std_loss 0.042098354548215866,  1.15886 1.09604 1.05823 1.09672
2021-05-29 14:19:02,544:INFO:[Rank-2] val time 15.4894, epoch  67, step  79, loss 1.58216990, auc@1 59.25, auc@5 86.40
2021-05-29 14:19:40,702:INFO:[Rank-2] train time 37.8665, epoch  68, step  98, loss 1.09746718, auc@1 67.56, auc@5 92.26, share 16, std_loss 0.039587135179614534, pre_std_loss 0.03125382214784622,  1.15080 1.08275 1.08649 1.06841
2021-05-29 14:19:56,156:INFO:[Rank-2] val time 15.4523, epoch  68, step  79, loss 1.42878862, auc@1 61.07, auc@5 87.97
2021-05-29 14:20:34,932:INFO:[Rank-2] train time 38.4818, epoch  69, step  98, loss 1.07221711, auc@1 68.20, auc@5 92.60, share 22, std_loss 0.03327428285336616, pre_std_loss 0.025640446692705154,  1.09773 1.08108 1.02694 1.04560
2021-05-29 14:20:50,390:INFO:[Rank-2] val time 15.4555, epoch  69, step  79, loss 1.62270618, auc@1 57.95, auc@5 86.17
2021-05-29 14:21:30,125:INFO:[Rank-2] train time 39.4567, epoch  70, step  98, loss 1.06779659, auc@1 68.31, auc@5 92.78, share 30, std_loss 0.027449045871973644, pre_std_loss 0.03195889666676521,  1.10987 1.06095 1.07781 1.02581
2021-05-29 14:21:45,545:INFO:[Rank-2] val time 15.4173, epoch  70, step  79, loss 1.56660333, auc@1 59.48, auc@5 86.33
2021-05-29 14:22:24,635:INFO:[Rank-2] train time 38.7505, epoch  71, step  98, loss 1.06396520, auc@1 68.54, auc@5 92.60, share 25, std_loss 0.03609283333074073, pre_std_loss 0.03153079003095627,  1.11050 1.04895 1.05290 1.04353
2021-05-29 14:22:40,192:INFO:[Rank-2] val time 15.5539, epoch  71, step  79, loss 1.77378627, auc@1 55.58, auc@5 84.72
2021-05-29 14:23:17,428:INFO:[Rank-2] train time 36.9166, epoch  72, step  98, loss 1.04292703, auc@1 69.09, auc@5 93.01, share 11, std_loss 0.040028698428781054, pre_std_loss 0.02338743582367897,  1.08959 1.04452 1.01403 1.03038
2021-05-29 14:23:32,932:INFO:[Rank-2] val time 15.5017, epoch  72, step  79, loss 1.44877715, auc@1 60.97, auc@5 87.56
2021-05-29 14:24:11,171:INFO:[Rank-2] train time 37.9314, epoch  73, step  98, loss 1.03356707, auc@1 69.41, auc@5 93.06, share 19, std_loss 0.03800416087769732, pre_std_loss 0.030820565298199654,  1.07197 1.04889 1.02656 0.99989
2021-05-29 14:24:26,719:INFO:[Rank-2] val time 15.5462, epoch  73, step  79, loss 1.52089993, auc@1 60.11, auc@5 86.89
2021-05-29 14:25:05,049:INFO:[Rank-2] train time 37.9105, epoch  74, step  98, loss 1.01529825, auc@1 69.62, auc@5 93.40, share 17, std_loss 0.05072310855802225, pre_std_loss 0.042321763932704926,  1.08315 1.02359 0.98177 0.98019
2021-05-29 14:25:20,393:INFO:[Rank-2] val time 15.3419, epoch  74, step  79, loss 1.41672050, auc@1 62.16, auc@5 88.27
2021-05-29 14:25:59,951:INFO:[Rank-2] train time 39.2724, epoch  75, step  98, loss 1.00725341, auc@1 69.94, auc@5 93.30, share 25, std_loss 0.047250593366215426, pre_std_loss 0.044057756662368774,  1.07050 1.01046 0.96393 0.98177
2021-05-29 14:26:15,462:INFO:[Rank-2] val time 15.5087, epoch  75, step  79, loss 1.49348299, auc@1 59.99, auc@5 87.24
2021-05-29 14:26:53,398:INFO:[Rank-2] train time 37.5844, epoch  76, step  98, loss 1.00407898, auc@1 70.17, auc@5 93.36, share 16, std_loss 0.047120996161687134, pre_std_loss 0.03647755831480026,  1.05442 0.99570 0.97098 0.98645
2021-05-29 14:27:08,842:INFO:[Rank-2] val time 15.4423, epoch  76, step  79, loss 1.48940303, auc@1 60.42, auc@5 87.60
2021-05-29 14:27:46,586:INFO:[Rank-2] train time 37.4382, epoch  77, step  98, loss 0.98912305, auc@1 70.46, auc@5 93.68, share 13, std_loss 0.034954422172539086, pre_std_loss 0.0211123526096344,  1.01589 0.98178 0.97062 0.97093
2021-05-29 14:28:01,977:INFO:[Rank-2] val time 15.3890, epoch  77, step  79, loss 1.56988900, auc@1 60.19, auc@5 87.29
2021-05-29 14:28:41,123:INFO:[Rank-2] train time 38.8003, epoch  78, step  98, loss 0.96335721, auc@1 71.13, auc@5 93.90, share 25, std_loss 0.030400720377433663, pre_std_loss 0.030407536774873734,  1.00007 0.95783 0.92585 0.96287
2021-05-29 14:28:56,492:INFO:[Rank-2] val time 15.3671, epoch  78, step  79, loss 1.57405306, auc@1 59.28, auc@5 86.61
2021-05-29 14:29:36,857:INFO:[Rank-2] train time 40.0101, epoch  79, step  98, loss 0.95059466, auc@1 71.36, auc@5 94.00, share 22, std_loss 0.03738202358006823, pre_std_loss 0.036106351763010025,  0.99762 0.95382 0.92603 0.91962
2021-05-29 14:29:52,177:INFO:[Rank-2] val time 15.3182, epoch  79, step  79, loss 1.46455143, auc@1 61.25, auc@5 87.85
2021-05-29 14:30:30,532:INFO:[Rank-2] train time 38.1362, epoch  80, step  98, loss 0.95189452, auc@1 71.18, auc@5 94.14, share 13, std_loss 0.05473922405924116, pre_std_loss 0.04224620759487152,  1.00084 0.96004 0.93031 0.89840
2021-05-29 14:30:46,015:INFO:[Rank-2] val time 15.4797, epoch  80, step  79, loss 1.44363985, auc@1 62.02, auc@5 88.46
2021-05-29 14:31:23,531:INFO:[Rank-2] train time 37.2135, epoch  81, step  98, loss 0.81269610, auc@1 75.56, auc@5 95.22, share 13, std_loss 0.032084145526192626, pre_std_loss 0.01970772258937359,  0.83653 0.81665 0.78865 0.82330
2021-05-29 14:31:39,016:INFO:[Rank-2] val time 15.4835, epoch  81, step  79, loss 1.17281643, auc@1 67.84, auc@5 91.07
2021-05-29 14:32:17,871:INFO:[Rank-2] train time 38.5196, epoch  82, step  98, loss 0.73588634, auc@1 77.57, auc@5 95.97, share 23, std_loss 0.025653161621671552, pre_std_loss 0.02417968027293682,  0.76610 0.74515 0.70861 0.73096
2021-05-29 14:32:33,299:INFO:[Rank-2] val time 15.4262, epoch  82, step  79, loss 1.14572837, auc@1 68.27, auc@5 91.41
2021-05-29 14:33:11,601:INFO:[Rank-2] train time 37.8938, epoch  83, step  98, loss 0.70177758, auc@1 78.55, auc@5 96.26, share 19, std_loss 0.02450007301451144, pre_std_loss 0.022691156715154648,  0.72547 0.71268 0.68557 0.67813
2021-05-29 14:33:26,907:INFO:[Rank-2] val time 15.3033, epoch  83, step  79, loss 1.15241239, auc@1 68.48, auc@5 91.36
2021-05-29 14:34:05,558:INFO:[Rank-2] train time 38.2692, epoch  84, step  98, loss 0.68515795, auc@1 79.09, auc@5 96.51, share 21, std_loss 0.036351773602773946, pre_std_loss 0.02793252468109131,  0.70884 0.71169 0.65256 0.66516
2021-05-29 14:34:21,004:INFO:[Rank-2] val time 15.4432, epoch  84, step  79, loss 1.15225201, auc@1 68.90, auc@5 91.73
2021-05-29 14:34:59,176:INFO:[Rank-2] train time 37.8755, epoch  85, step  98, loss 0.66788405, auc@1 79.44, auc@5 96.60, share 18, std_loss 0.018265677245371804, pre_std_loss 0.012778476811945438,  0.69306 0.65933 0.66408 0.67501
2021-05-29 14:35:14,628:INFO:[Rank-2] val time 15.4507, epoch  85, step  79, loss 1.15551996, auc@1 68.79, auc@5 91.74
2021-05-29 14:35:53,069:INFO:[Rank-2] train time 38.2154, epoch  86, step  98, loss 0.65532994, auc@1 79.69, auc@5 96.69, share 20, std_loss 0.027820535906951646, pre_std_loss 0.025684386491775513,  0.68969 0.66015 0.63910 0.63220
2021-05-29 14:36:08,483:INFO:[Rank-2] val time 15.4122, epoch  86, step  79, loss 1.14782504, auc@1 68.94, auc@5 91.73
2021-05-29 14:36:47,879:INFO:[Rank-2] train time 39.0216, epoch  87, step  98, loss 0.64297569, auc@1 80.19, auc@5 96.85, share 26, std_loss 0.026912336698638236, pre_std_loss 0.028127381578087807,  0.68438 0.63732 0.61245 0.63296
2021-05-29 14:37:03,280:INFO:[Rank-2] val time 15.3992, epoch  87, step  79, loss 1.16658419, auc@1 68.88, auc@5 91.58
2021-05-29 14:37:41,495:INFO:[Rank-2] train time 37.9131, epoch  88, step  98, loss 0.64147937, auc@1 80.40, auc@5 96.87, share 20, std_loss 0.02883289264020871, pre_std_loss 0.024425314739346504,  0.67038 0.65148 0.61991 0.62386
2021-05-29 14:37:56,885:INFO:[Rank-2] val time 15.3855, epoch  88, step  79, loss 1.14356684, auc@1 69.19, auc@5 91.72
2021-05-29 14:38:36,044:INFO:[Rank-2] train time 38.8669, epoch  89, step  98, loss 0.63267267, auc@1 80.38, auc@5 96.92, share 24, std_loss 0.0178196344819224, pre_std_loss 0.017371853813529015,  0.65329 0.63851 0.61015 0.62681
2021-05-29 14:38:51,488:INFO:[Rank-2] val time 15.4420, epoch  89, step  79, loss 1.13666022, auc@1 69.57, auc@5 91.88
2021-05-29 14:39:29,837:INFO:[Rank-2] train time 37.9906, epoch  90, step  98, loss 0.61967546, auc@1 80.97, auc@5 97.02, share 21, std_loss 0.036759345697201025, pre_std_loss 0.03203440085053444,  0.66748 0.61348 0.59839 0.59943
2021-05-29 14:39:45,210:INFO:[Rank-2] val time 15.3705, epoch  90, step  79, loss 1.16398228, auc@1 69.27, auc@5 91.80
2021-05-29 14:40:23,037:INFO:[Rank-2] train time 37.5221, epoch  91, step  98, loss 0.61200142, auc@1 81.13, auc@5 97.07, share 11, std_loss 0.02901567132877452, pre_std_loss 0.019018178805708885,  0.64413 0.59957 0.60800 0.59756
2021-05-29 14:40:38,462:INFO:[Rank-2] val time 15.4233, epoch  91, step  79, loss 1.15755028, auc@1 69.56, auc@5 91.71
2021-05-29 14:41:16,211:INFO:[Rank-2] train time 37.4702, epoch  92, step  98, loss 0.60504913, auc@1 81.19, auc@5 97.17, share 13, std_loss 0.028608742759239917, pre_std_loss 0.01707037352025509,  0.62764 0.60827 0.59433 0.58947
2021-05-29 14:41:31,695:INFO:[Rank-2] val time 15.4823, epoch  92, step  79, loss 1.15787931, auc@1 69.70, auc@5 91.89
2021-05-29 14:42:10,451:INFO:[Rank-2] train time 38.3873, epoch  93, step  98, loss 0.59380955, auc@1 81.58, auc@5 97.19, share 24, std_loss 0.031861099167441835, pre_std_loss 0.027101049199700356,  0.63080 0.59979 0.56767 0.58268
2021-05-29 14:42:25,896:INFO:[Rank-2] val time 15.4430, epoch  93, step  79, loss 1.18445040, auc@1 69.43, auc@5 91.86
2021-05-29 14:43:05,035:INFO:[Rank-2] train time 38.8814, epoch  94, step  98, loss 0.59147131, auc@1 81.70, auc@5 97.26, share 26, std_loss 0.020833144627264415, pre_std_loss 0.024365082383155823,  0.62585 0.58783 0.56655 0.58646
2021-05-29 14:43:20,414:INFO:[Rank-2] val time 15.3777, epoch  94, step  79, loss 1.20579240, auc@1 69.34, auc@5 91.64
2021-05-29 14:43:58,548:INFO:[Rank-2] train time 37.8007, epoch  95, step  98, loss 0.58178312, auc@1 82.02, auc@5 97.29, share 17, std_loss 0.033139870996225854, pre_std_loss 0.02869422920048237,  0.61049 0.60117 0.54931 0.56545
2021-05-29 14:44:14,059:INFO:[Rank-2] val time 15.5085, epoch  95, step  79, loss 1.15719018, auc@1 69.92, auc@5 91.85
2021-05-29 14:44:52,770:INFO:[Rank-2] train time 38.2997, epoch  96, step  98, loss 0.57577169, auc@1 82.24, auc@5 97.32, share 24, std_loss 0.01967928129514413, pre_std_loss 0.019938809797167778,  0.60583 0.57166 0.56490 0.55702
2021-05-29 14:45:08,188:INFO:[Rank-2] val time 15.4163, epoch  96, step  79, loss 1.15228084, auc@1 69.82, auc@5 92.06
2021-05-29 14:45:47,842:INFO:[Rank-2] train time 39.3185, epoch  97, step  98, loss 0.57777065, auc@1 82.31, auc@5 97.32, share 29, std_loss 0.02160154408490171, pre_std_loss 0.025507990270853043,  0.60988 0.58707 0.55609 0.55868
2021-05-29 14:46:03,284:INFO:[Rank-2] val time 15.4402, epoch  97, step  79, loss 1.17301181, auc@1 69.84, auc@5 91.81
2021-05-29 14:46:42,273:INFO:[Rank-2] train time 38.6648, epoch  98, step  98, loss 0.57000667, auc@1 82.28, auc@5 97.43, share 21, std_loss 0.02484996883882856, pre_std_loss 0.01636005938053131,  0.59949 0.57606 0.55887 0.55013
2021-05-29 14:46:57,713:INFO:[Rank-2] val time 15.4381, epoch  98, step  79, loss 1.16851399, auc@1 69.72, auc@5 91.94
2021-05-29 14:47:36,051:INFO:[Rank-2] train time 37.9483, epoch  99, step  98, loss 0.56842363, auc@1 82.14, auc@5 97.38, share 21, std_loss 0.023626239751750717, pre_std_loss 0.020404424518346786,  0.59753 0.56349 0.55461 0.54984
2021-05-29 14:47:51,549:INFO:[Rank-2] val time 15.4966, epoch  99, step  79, loss 1.14811646, auc@1 69.91, auc@5 91.90
2021-05-29 14:48:30,655:INFO:[Rank-2] train time 38.8098, epoch 100, step  98, loss 0.55701673, auc@1 82.71, auc@5 97.54, share 28, std_loss 0.023359120937482436, pre_std_loss 0.023502202704548836,  0.58551 0.56485 0.54045 0.53440
2021-05-29 14:48:46,118:INFO:[Rank-2] val time 15.4610, epoch 100, step  79, loss 1.15677881, auc@1 69.62, auc@5 91.81
2021-05-29 14:49:24,435:INFO:[Rank-2] train time 38.0348, epoch 101, step  98, loss 0.54563087, auc@1 82.87, auc@5 97.54, share 22, std_loss 0.02080373249339814, pre_std_loss 0.018421953544020653,  0.56652 0.55207 0.52957 0.52610
2021-05-29 14:49:39,760:INFO:[Rank-2] val time 15.3229, epoch 101, step  79, loss 1.16120400, auc@1 69.69, auc@5 91.90
2021-05-29 14:50:18,778:INFO:[Rank-2] train time 38.6356, epoch 102, step  98, loss 0.54737252, auc@1 82.91, auc@5 97.59, share 24, std_loss 0.022948523850313256, pre_std_loss 0.018117528408765793,  0.57022 0.55283 0.53021 0.53560
2021-05-29 14:50:34,190:INFO:[Rank-2] val time 15.4097, epoch 102, step  79, loss 1.17591522, auc@1 69.71, auc@5 91.79
2021-05-29 14:51:13,334:INFO:[Rank-2] train time 38.8726, epoch 103, step  98, loss 0.53786576, auc@1 83.19, auc@5 97.58, share 22, std_loss 0.03400492835409787, pre_std_loss 0.03163095936179161,  0.57698 0.53946 0.49959 0.53595
2021-05-29 14:51:28,743:INFO:[Rank-2] val time 15.4072, epoch 103, step  79, loss 1.16224009, auc@1 70.10, auc@5 92.03
2021-05-29 14:52:06,668:INFO:[Rank-2] train time 37.5375, epoch 104, step  98, loss 0.53679752, auc@1 83.24, auc@5 97.68, share 11, std_loss 0.040023388854246965, pre_std_loss 0.027000335976481438,  0.57249 0.53845 0.51469 0.52077
2021-05-29 14:52:22,046:INFO:[Rank-2] val time 15.3751, epoch 104, step  79, loss 1.17560276, auc@1 69.94, auc@5 91.74
2021-05-29 14:53:00,807:INFO:[Rank-2] train time 38.4420, epoch 105, step  98, loss 0.53967500, auc@1 83.13, auc@5 97.63, share 19, std_loss 0.02950160672926173, pre_std_loss 0.023891393095254898,  0.57901 0.53639 0.51068 0.52793
2021-05-29 14:53:16,083:INFO:[Rank-2] val time 15.2744, epoch 105, step  79, loss 1.17351195, auc@1 69.65, auc@5 91.81
2021-05-29 14:53:54,574:INFO:[Rank-2] train time 38.0780, epoch 106, step  98, loss 0.52935988, auc@1 83.48, auc@5 97.69, share 19, std_loss 0.02238981511291801, pre_std_loss 0.01820364221930504,  0.55015 0.54246 0.51064 0.51667
2021-05-29 14:54:09,927:INFO:[Rank-2] val time 15.3503, epoch 106, step  79, loss 1.16299608, auc@1 69.59, auc@5 92.21
2021-05-29 14:54:47,482:INFO:[Rank-2] train time 37.2307, epoch 107, step  98, loss 0.52364016, auc@1 83.54, auc@5 97.72, share 13, std_loss 0.03029762748248723, pre_std_loss 0.028771521523594856,  0.56242 0.53099 0.50611 0.49870
2021-05-29 14:55:02,806:INFO:[Rank-2] val time 15.3228, epoch 107, step  79, loss 1.19298762, auc@1 69.63, auc@5 91.92
2021-05-29 14:55:42,155:INFO:[Rank-2] train time 38.9950, epoch 108, step  98, loss 0.51878583, auc@1 83.73, auc@5 97.84, share 28, std_loss 0.0246268261927275, pre_std_loss 0.02765118144452572,  0.55363 0.52476 0.49024 0.50358
2021-05-29 14:55:57,647:INFO:[Rank-2] val time 15.4893, epoch 108, step  79, loss 1.15550655, auc@1 70.15, auc@5 92.09
2021-05-29 14:56:35,195:INFO:[Rank-2] train time 37.2571, epoch 109, step  98, loss 0.51423907, auc@1 83.82, auc@5 97.80, share 15, std_loss 0.033091885303812366, pre_std_loss 0.028466269373893738,  0.54376 0.53164 0.48823 0.48974
2021-05-29 14:56:50,584:INFO:[Rank-2] val time 15.3864, epoch 109, step  79, loss 1.16758089, auc@1 69.92, auc@5 92.09
2021-05-29 14:57:29,368:INFO:[Rank-2] train time 38.5316, epoch 110, step  98, loss 0.51009440, auc@1 84.16, auc@5 97.88, share 24, std_loss 0.03131041609283004, pre_std_loss 0.030230846256017685,  0.53392 0.53653 0.48661 0.47950
2021-05-29 14:57:44,715:INFO:[Rank-2] val time 15.3454, epoch 110, step  79, loss 1.16596244, auc@1 69.67, auc@5 91.97
2021-05-29 14:58:23,265:INFO:[Rank-2] train time 38.2494, epoch 111, step  98, loss 0.50048846, auc@1 84.25, auc@5 97.90, share 20, std_loss 0.024707981993501285, pre_std_loss 0.02234305627644062,  0.53011 0.50425 0.48374 0.48243
2021-05-29 14:58:38,711:INFO:[Rank-2] val time 15.4432, epoch 111, step  79, loss 1.17167574, auc@1 69.90, auc@5 92.20
2021-05-29 14:59:17,433:INFO:[Rank-2] train time 38.2784, epoch 112, step  98, loss 0.50384814, auc@1 84.27, auc@5 97.91, share 18, std_loss 0.03032328254942383, pre_std_loss 0.02469831146299839,  0.53475 0.50787 0.47239 0.49961
2021-05-29 14:59:32,906:INFO:[Rank-2] val time 15.4706, epoch 112, step  79, loss 1.18087342, auc@1 69.93, auc@5 91.93
2021-05-29 15:00:11,212:INFO:[Rank-2] train time 37.9555, epoch 113, step  98, loss 0.49632147, auc@1 84.41, auc@5 97.98, share 22, std_loss 0.021814104122090703, pre_std_loss 0.02109851874411106,  0.51892 0.50402 0.46973 0.48840
2021-05-29 15:00:26,603:INFO:[Rank-2] val time 15.3887, epoch 113, step  79, loss 1.17456475, auc@1 70.04, auc@5 91.98
2021-05-29 15:01:04,786:INFO:[Rank-2] train time 37.9066, epoch 114, step  98, loss 0.49267766, auc@1 84.45, auc@5 98.07, share 19, std_loss 0.0171890017880621, pre_std_loss 0.016583476215600967,  0.50260 0.50995 0.48921 0.47048
2021-05-29 15:01:20,174:INFO:[Rank-2] val time 15.3849, epoch 114, step  79, loss 1.18619418, auc@1 69.67, auc@5 91.85
2021-05-29 15:01:59,142:INFO:[Rank-2] train time 38.6463, epoch 115, step  98, loss 0.48667216, auc@1 84.54, auc@5 98.04, share 23, std_loss 0.01745926540782105, pre_std_loss 0.019042300060391426,  0.50855 0.48328 0.48669 0.46045
2021-05-29 15:02:14,570:INFO:[Rank-2] val time 15.4255, epoch 115, step  79, loss 1.19607740, auc@1 69.28, auc@5 91.83
2021-05-29 15:02:54,274:INFO:[Rank-2] train time 39.4870, epoch 116, step  98, loss 0.48656711, auc@1 84.76, auc@5 98.10, share 26, std_loss 0.023407143113032287, pre_std_loss 0.021832989528775215,  0.51634 0.48553 0.47235 0.46801
2021-05-29 15:03:09,791:INFO:[Rank-2] val time 15.5147, epoch 116, step  79, loss 1.19547456, auc@1 69.99, auc@5 91.81
2021-05-29 15:03:48,788:INFO:[Rank-2] train time 38.6569, epoch 117, step  98, loss 0.48145220, auc@1 84.85, auc@5 98.14, share 23, std_loss 0.0282047711578863, pre_std_loss 0.027790755033493042,  0.51345 0.49437 0.46734 0.44711
2021-05-29 15:04:04,189:INFO:[Rank-2] val time 15.3989, epoch 117, step  79, loss 1.18786083, auc@1 69.89, auc@5 92.21
2021-05-29 15:04:41,657:INFO:[Rank-2] train time 37.1476, epoch 118, step  98, loss 0.48342910, auc@1 84.69, auc@5 98.07, share 14, std_loss 0.024716894807560102, pre_std_loss 0.019104622304439545,  0.50795 0.48439 0.47625 0.46238
2021-05-29 15:04:56,978:INFO:[Rank-2] val time 15.3182, epoch 118, step  79, loss 1.19382624, auc@1 70.06, auc@5 91.86
2021-05-29 15:05:35,996:INFO:[Rank-2] train time 38.7738, epoch 119, step  98, loss 0.47387055, auc@1 85.07, auc@5 98.11, share 23, std_loss 0.01928781574515968, pre_std_loss 0.016597218811511993,  0.49652 0.47213 0.45662 0.47026
2021-05-29 15:05:51,400:INFO:[Rank-2] val time 15.4019, epoch 119, step  79, loss 1.20058024, auc@1 70.04, auc@5 91.84
2021-05-29 15:06:30,576:INFO:[Rank-2] train time 38.7815, epoch 120, step  98, loss 0.46457803, auc@1 85.30, auc@5 98.25, share 20, std_loss 0.02005598418490619, pre_std_loss 0.01584380865097046,  0.48653 0.46543 0.45655 0.45076
2021-05-29 15:06:46,020:INFO:[Rank-2] val time 15.4420, epoch 120, step  79, loss 1.19411476, auc@1 70.26, auc@5 91.74
2021-05-29 15:07:25,275:INFO:[Rank-2] train time 38.9426, epoch 121, step  98, loss 0.46618146, auc@1 85.07, auc@5 98.24, share 25, std_loss 0.021465123027601108, pre_std_loss 0.023112282156944275,  0.50013 0.46566 0.44921 0.44700
2021-05-29 15:07:40,687:INFO:[Rank-2] val time 15.4093, epoch 121, step  79, loss 1.19793282, auc@1 70.19, auc@5 91.87
2021-05-29 15:08:20,050:INFO:[Rank-2] train time 39.0097, epoch 122, step  98, loss 0.46098602, auc@1 85.33, auc@5 98.24, share 26, std_loss 0.021911870897272413, pre_std_loss 0.020881421864032745,  0.48924 0.46624 0.44390 0.44714
2021-05-29 15:08:35,517:INFO:[Rank-2] val time 15.4657, epoch 122, step  79, loss 1.19556393, auc@1 70.14, auc@5 91.90
2021-05-29 15:09:14,190:INFO:[Rank-2] train time 38.2002, epoch 123, step  98, loss 0.45403805, auc@1 85.64, auc@5 98.30, share 18, std_loss 0.03161779544031133, pre_std_loss 0.026190761476755142,  0.48617 0.46422 0.43395 0.43172
2021-05-29 15:09:29,674:INFO:[Rank-2] val time 15.4822, epoch 123, step  79, loss 1.19456363, auc@1 70.14, auc@5 91.86
2021-05-29 15:10:07,105:INFO:[Rank-2] train time 37.1186, epoch 124, step  98, loss 0.45326000, auc@1 85.78, auc@5 98.25, share 11, std_loss 0.03570260018186302, pre_std_loss 0.02406303398311138,  0.49011 0.44274 0.43875 0.44218
2021-05-29 15:10:22,506:INFO:[Rank-2] val time 15.3988, epoch 124, step  79, loss 1.20920570, auc@1 69.74, auc@5 91.73
2021-05-29 15:11:00,998:INFO:[Rank-2] train time 38.1979, epoch 125, step  98, loss 0.45155728, auc@1 85.72, auc@5 98.32, share 19, std_loss 0.03343621863774499, pre_std_loss 0.030529364943504333,  0.48851 0.46146 0.43710 0.41825
2021-05-29 15:11:16,449:INFO:[Rank-2] val time 15.4489, epoch 125, step  79, loss 1.19993460, auc@1 69.91, auc@5 91.95
2021-05-29 15:11:54,834:INFO:[Rank-2] train time 38.0024, epoch 126, step  98, loss 0.44321278, auc@1 85.94, auc@5 98.37, share 17, std_loss 0.025088188485527525, pre_std_loss 0.02285081334412098,  0.46961 0.45126 0.43424 0.41440
2021-05-29 15:12:10,298:INFO:[Rank-2] val time 15.4625, epoch 126, step  79, loss 1.19589960, auc@1 69.77, auc@5 91.92
2021-05-29 15:12:48,305:INFO:[Rank-2] train time 37.6899, epoch 127, step  98, loss 0.43994835, auc@1 86.18, auc@5 98.42, share 19, std_loss 0.026451832909441114, pre_std_loss 0.019760971888899803,  0.46591 0.44576 0.42763 0.42226
2021-05-29 15:13:03,789:INFO:[Rank-2] val time 15.4818, epoch 127, step  79, loss 1.20605800, auc@1 69.90, auc@5 91.80
2021-05-29 15:13:41,544:INFO:[Rank-2] train time 37.4412, epoch 128, step  98, loss 0.43894097, auc@1 86.00, auc@5 98.45, share 15, std_loss 0.03117387471910642, pre_std_loss 0.0263641607016325,  0.47541 0.42937 0.41863 0.42077
2021-05-29 15:13:57,022:INFO:[Rank-2] val time 15.4766, epoch 128, step  79, loss 1.19478602, auc@1 70.05, auc@5 92.02
2021-05-29 15:14:35,109:INFO:[Rank-2] train time 37.7639, epoch 129, step  98, loss 0.43344513, auc@1 86.26, auc@5 98.51, share 9, std_loss 0.03785777211721454, pre_std_loss 0.026926418766379356,  0.46972 0.43064 0.40872 0.41199
2021-05-29 15:14:50,569:INFO:[Rank-2] val time 15.4569, epoch 129, step  79, loss 1.20016145, auc@1 69.96, auc@5 92.09
2021-05-29 15:15:28,020:INFO:[Rank-2] train time 37.1507, epoch 130, step  98, loss 0.43071306, auc@1 86.24, auc@5 98.45, share 11, std_loss 0.02917726224820529, pre_std_loss 0.016180554404854774,  0.45350 0.42152 0.43481 0.40432
2021-05-29 15:15:43,450:INFO:[Rank-2] val time 15.4267, epoch 130, step  79, loss 1.21277195, auc@1 69.47, auc@5 91.82
2021-05-29 15:16:21,862:INFO:[Rank-2] train time 38.0079, epoch 131, step  98, loss 0.42237753, auc@1 86.57, auc@5 98.50, share 20, std_loss 0.026125185077591817, pre_std_loss 0.025667529553174973,  0.44519 0.44582 0.40986 0.39301
2021-05-29 15:16:37,274:INFO:[Rank-2] val time 15.4099, epoch 131, step  79, loss 1.19424664, auc@1 70.25, auc@5 92.01
2021-05-29 15:17:15,370:INFO:[Rank-2] train time 37.7890, epoch 132, step  98, loss 0.41746101, auc@1 86.77, auc@5 98.49, share 16, std_loss 0.026929122908991212, pre_std_loss 0.019453713670372963,  0.44386 0.41898 0.40296 0.40240
2021-05-29 15:17:30,809:INFO:[Rank-2] val time 15.4371, epoch 132, step  79, loss 1.19869683, auc@1 70.41, auc@5 92.04
2021-05-29 15:18:10,132:INFO:[Rank-2] train time 39.0184, epoch 133, step  98, loss 0.41838172, auc@1 86.60, auc@5 98.56, share 24, std_loss 0.01814429136943452, pre_std_loss 0.016632849350571632,  0.44039 0.42085 0.40959 0.39606
2021-05-29 15:18:25,653:INFO:[Rank-2] val time 15.5191, epoch 133, step  79, loss 1.20182284, auc@1 70.02, auc@5 91.97
2021-05-29 15:19:03,598:INFO:[Rank-2] train time 37.7143, epoch 134, step  98, loss 0.41351628, auc@1 86.66, auc@5 98.59, share 15, std_loss 0.026555651190633675, pre_std_loss 0.018829328939318657,  0.43667 0.41873 0.39163 0.40498
2021-05-29 15:19:19,008:INFO:[Rank-2] val time 15.4077, epoch 134, step  79, loss 1.22093347, auc@1 70.02, auc@5 92.18
2021-05-29 15:19:56,573:INFO:[Rank-2] train time 37.2075, epoch 135, step  98, loss 0.40646476, auc@1 87.18, auc@5 98.57, share 13, std_loss 0.02424860899621735, pre_std_loss 0.01667540892958641,  0.43056 0.40352 0.38786 0.39454
2021-05-29 15:20:12,009:INFO:[Rank-2] val time 15.4335, epoch 135, step  79, loss 1.22069720, auc@1 70.07, auc@5 92.07
2021-05-29 15:20:50,465:INFO:[Rank-2] train time 38.1477, epoch 136, step  98, loss 0.41249546, auc@1 86.77, auc@5 98.58, share 19, std_loss 0.026275656832268044, pre_std_loss 0.02030664123594761,  0.44334 0.41297 0.40631 0.38362
2021-05-29 15:21:05,851:INFO:[Rank-2] val time 15.3845, epoch 136, step  79, loss 1.22447077, auc@1 69.92, auc@5 91.89
2021-05-29 15:21:44,555:INFO:[Rank-2] train time 38.3922, epoch 137, step  98, loss 0.41050047, auc@1 86.96, auc@5 98.63, share 22, std_loss 0.02301254221333229, pre_std_loss 0.017985571175813675,  0.43085 0.42161 0.39470 0.39691
2021-05-29 15:21:59,981:INFO:[Rank-2] val time 15.4240, epoch 137, step  79, loss 1.21536992, auc@1 69.97, auc@5 91.91
2021-05-29 15:22:38,168:INFO:[Rank-2] train time 37.8724, epoch 138, step  98, loss 0.40045151, auc@1 87.26, auc@5 98.71, share 15, std_loss 0.027461878632252315, pre_std_loss 0.02089441940188408,  0.42181 0.41781 0.38179 0.37674
2021-05-29 15:22:53,462:INFO:[Rank-2] val time 15.2919, epoch 138, step  79, loss 1.23006222, auc@1 69.71, auc@5 91.85
2021-05-29 15:23:33,455:INFO:[Rank-2] train time 39.7031, epoch 139, step  98, loss 0.40009114, auc@1 87.34, auc@5 98.64, share 28, std_loss 0.018811299570132882, pre_std_loss 0.019779173657298088,  0.42135 0.41231 0.38516 0.38139
2021-05-29 15:23:48,908:INFO:[Rank-2] val time 15.4507, epoch 139, step  79, loss 1.22769333, auc@1 69.90, auc@5 91.80
2021-05-29 15:24:27,761:INFO:[Rank-2] train time 38.5668, epoch 140, step  98, loss 0.39462024, auc@1 87.44, auc@5 98.74, share 25, std_loss 0.03077321467274914, pre_std_loss 0.02993887849152088,  0.42972 0.40586 0.37788 0.36346
2021-05-29 15:24:43,143:INFO:[Rank-2] val time 15.3791, epoch 140, step  79, loss 1.24663405, auc@1 69.89, auc@5 91.89
2021-05-29 15:25:22,191:INFO:[Rank-2] train time 38.7339, epoch 141, step  98, loss 0.39156047, auc@1 87.45, auc@5 98.74, share 21, std_loss 0.01807384399165, pre_std_loss 0.019185533747076988,  0.42284 0.39152 0.37603 0.37922
2021-05-29 15:25:37,570:INFO:[Rank-2] val time 15.3767, epoch 141, step  79, loss 1.23688783, auc@1 69.87, auc@5 91.70
2021-05-29 15:26:16,163:INFO:[Rank-2] train time 38.2670, epoch 142, step  98, loss 0.39124632, auc@1 87.60, auc@5 98.71, share 20, std_loss 0.02659976714271672, pre_std_loss 0.022901179268956184,  0.43390 0.38906 0.38072 0.37327
2021-05-29 15:26:31,487:INFO:[Rank-2] val time 15.3228, epoch 142, step  79, loss 1.23223308, auc@1 70.03, auc@5 91.71
2021-05-29 15:27:09,585:INFO:[Rank-2] train time 37.7394, epoch 143, step  98, loss 0.38646179, auc@1 87.55, auc@5 98.80, share 18, std_loss 0.02165969647942301, pre_std_loss 0.017731299623847008,  0.40782 0.39114 0.37879 0.36628
2021-05-29 15:27:24,932:INFO:[Rank-2] val time 15.3453, epoch 143, step  79, loss 1.23141004, auc@1 70.47, auc@5 91.79
2021-05-29 15:28:04,010:INFO:[Rank-2] train time 38.7211, epoch 144, step  98, loss 0.38246703, auc@1 87.61, auc@5 98.79, share 24, std_loss 0.02791851715241768, pre_std_loss 0.031057026237249374,  0.42491 0.38932 0.35992 0.35923
2021-05-29 15:28:19,380:INFO:[Rank-2] val time 15.3686, epoch 144, step  79, loss 1.23976271, auc@1 70.08, auc@5 92.08
2021-05-29 15:28:57,017:INFO:[Rank-2] train time 37.2246, epoch 145, step  98, loss 0.37737733, auc@1 87.72, auc@5 98.86, share 14, std_loss 0.031238341228846386, pre_std_loss 0.02346157282590866,  0.40324 0.38988 0.36176 0.35323
2021-05-29 15:29:12,441:INFO:[Rank-2] val time 15.4216, epoch 145, step  79, loss 1.23033515, auc@1 70.14, auc@5 91.77
2021-05-29 15:29:50,651:INFO:[Rank-2] train time 37.8226, epoch 146, step  98, loss 0.38005438, auc@1 87.86, auc@5 98.85, share 15, std_loss 0.02795469762795434, pre_std_loss 0.02355414256453514,  0.41185 0.38015 0.35820 0.35973
2021-05-29 15:30:06,124:INFO:[Rank-2] val time 15.4697, epoch 146, step  79, loss 1.24268301, auc@1 70.33, auc@5 92.03
2021-05-29 15:30:45,145:INFO:[Rank-2] train time 38.7468, epoch 147, step  98, loss 0.37437728, auc@1 87.88, auc@5 98.90, share 27, std_loss 0.017239150930937305, pre_std_loss 0.01883104257285595,  0.39932 0.37844 0.36335 0.35695
2021-05-29 15:31:00,575:INFO:[Rank-2] val time 15.4237, epoch 147, step  79, loss 1.24132651, auc@1 70.36, auc@5 91.90
2021-05-29 15:31:40,235:INFO:[Rank-2] train time 39.2968, epoch 148, step  98, loss 0.37287480, auc@1 87.93, auc@5 98.90, share 28, std_loss 0.02955106699991287, pre_std_loss 0.03193119540810585,  0.41506 0.37785 0.34096 0.35612
2021-05-29 15:31:55,624:INFO:[Rank-2] val time 15.3867, epoch 148, step  79, loss 1.28132848, auc@1 70.04, auc@5 91.77
2021-05-29 15:32:35,470:INFO:[Rank-2] train time 39.4475, epoch 149, step  98, loss 0.36203730, auc@1 88.31, auc@5 98.92, share 31, std_loss 0.022788915260485848, pre_std_loss 0.024521872401237488,  0.38971 0.37300 0.34275 0.34124
2021-05-29 15:32:50,955:INFO:[Rank-2] val time 15.4825, epoch 149, step  79, loss 1.24653607, auc@1 70.35, auc@5 91.93
2021-05-29 15:33:28,542:INFO:[Rank-2] train time 37.1804, epoch 150, step  98, loss 0.36015496, auc@1 88.40, auc@5 98.85, share 12, std_loss 0.036202807834714044, pre_std_loss 0.027851661667227745,  0.39782 0.36345 0.34515 0.33423
2021-05-29 15:33:43,916:INFO:[Rank-2] val time 15.3718, epoch 150, step  79, loss 1.25218741, auc@1 70.00, auc@5 91.98
2021-05-29 15:34:23,606:INFO:[Rank-2] train time 39.3410, epoch 151, step  98, loss 0.36059117, auc@1 88.43, auc@5 98.93, share 23, std_loss 0.027007825682129786, pre_std_loss 0.022417869418859482,  0.39084 0.36677 0.34096 0.33941
2021-05-29 15:34:38,952:INFO:[Rank-2] val time 15.3438, epoch 151, step  79, loss 1.26004112, auc@1 69.90, auc@5 91.88
2021-05-29 15:35:17,513:INFO:[Rank-2] train time 38.1833, epoch 152, step  98, loss 0.35386086, auc@1 88.52, auc@5 99.01, share 22, std_loss 0.022602077839629992, pre_std_loss 0.024747934192419052,  0.38309 0.36197 0.34389 0.32525
2021-05-29 15:35:32,943:INFO:[Rank-2] val time 15.4285, epoch 152, step  79, loss 1.25220835, auc@1 70.11, auc@5 91.97
2021-05-29 15:36:10,717:INFO:[Rank-2] train time 37.5213, epoch 153, step  98, loss 0.35482192, auc@1 88.43, auc@5 99.02, share 16, std_loss 0.021200482743050978, pre_std_loss 0.019831577315926552,  0.37846 0.36295 0.34174 0.33490
2021-05-29 15:36:26,145:INFO:[Rank-2] val time 15.4270, epoch 153, step  79, loss 1.27167853, auc@1 69.76, auc@5 92.01
2021-05-29 15:37:04,490:INFO:[Rank-2] train time 37.9714, epoch 154, step  98, loss 0.34851578, auc@1 88.80, auc@5 99.04, share 18, std_loss 0.020054250546940128, pre_std_loss 0.0199663657695055,  0.37758 0.35197 0.34280 0.32800
2021-05-29 15:37:19,949:INFO:[Rank-2] val time 15.4571, epoch 154, step  79, loss 1.25802510, auc@1 70.33, auc@5 91.97
2021-05-29 15:37:58,542:INFO:[Rank-2] train time 38.3407, epoch 155, step  98, loss 0.34845230, auc@1 88.71, auc@5 98.96, share 22, std_loss 0.02891675591924969, pre_std_loss 0.025724271312355995,  0.38358 0.35034 0.33173 0.32639
2021-05-29 15:38:14,028:INFO:[Rank-2] val time 15.4836, epoch 155, step  79, loss 1.26548535, auc@1 70.06, auc@5 91.89
2021-05-29 15:38:52,534:INFO:[Rank-2] train time 38.1057, epoch 156, step  98, loss 0.34780407, auc@1 88.65, auc@5 99.02, share 20, std_loss 0.026882679467754706, pre_std_loss 0.026098400354385376,  0.38132 0.35891 0.33101 0.31978
2021-05-29 15:39:08,034:INFO:[Rank-2] val time 15.4969, epoch 156, step  79, loss 1.29266591, auc@1 69.66, auc@5 91.76
2021-05-29 15:39:46,718:INFO:[Rank-2] train time 38.2809, epoch 157, step  98, loss 0.34095144, auc@1 89.13, auc@5 99.07, share 22, std_loss 0.026419990410914227, pre_std_loss 0.024260522797703743,  0.36655 0.35409 0.33817 0.31002
2021-05-29 15:40:02,130:INFO:[Rank-2] val time 15.4099, epoch 157, step  79, loss 1.29625124, auc@1 69.87, auc@5 91.45
2021-05-29 15:40:39,985:INFO:[Rank-2] train time 37.4518, epoch 158, step  98, loss 0.34578347, auc@1 88.89, auc@5 99.00, share 15, std_loss 0.022515366519136087, pre_std_loss 0.0187055803835392,  0.37057 0.35181 0.33169 0.33067
2021-05-29 15:40:55,383:INFO:[Rank-2] val time 15.3966, epoch 158, step  79, loss 1.25819612, auc@1 70.49, auc@5 91.94
2021-05-29 15:41:33,359:INFO:[Rank-2] train time 37.6726, epoch 159, step  98, loss 0.33491543, auc@1 88.96, auc@5 99.11, share 14, std_loss 0.034101737777189334, pre_std_loss 0.02447047457098961,  0.36570 0.34194 0.30355 0.31724
2021-05-29 15:41:48,742:INFO:[Rank-2] val time 15.3810, epoch 159, step  79, loss 1.31681338, auc@1 70.32, auc@5 91.72
2021-05-29 15:42:28,594:INFO:[Rank-2] train time 39.5295, epoch 160, step  98, loss 0.33229879, auc@1 89.30, auc@5 99.09, share 32, std_loss 0.018322792070518647, pre_std_loss 0.01947539672255516,  0.35337 0.34398 0.31982 0.31226
2021-05-29 15:42:43,926:INFO:[Rank-2] val time 15.3293, epoch 160, step  79, loss 1.27819716, auc@1 70.28, auc@5 91.93
2021-05-29 15:43:22,023:INFO:[Rank-2] train time 37.7150, epoch 161, step  98, loss 0.32322752, auc@1 89.53, auc@5 99.21, share 16, std_loss 0.014948745191629444, pre_std_loss 0.013355372473597527,  0.34117 0.32243 0.31345 0.31198
2021-05-29 15:43:37,442:INFO:[Rank-2] val time 15.4178, epoch 161, step  79, loss 1.25182071, auc@1 70.56, auc@5 91.98
2021-05-29 15:44:17,251:INFO:[Rank-2] train time 39.5051, epoch 162, step  98, loss 0.31291017, auc@1 89.78, auc@5 99.29, share 32, std_loss 0.018192987763132825, pre_std_loss 0.021009989082813263,  0.33612 0.31807 0.31360 0.28536
2021-05-29 15:44:32,613:INFO:[Rank-2] val time 15.3597, epoch 162, step  79, loss 1.24965286, auc@1 70.63, auc@5 92.05
2021-05-29 15:45:11,871:INFO:[Rank-2] train time 38.8536, epoch 163, step  98, loss 0.30992487, auc@1 89.89, auc@5 99.21, share 26, std_loss 0.016223095115084126, pre_std_loss 0.01781911961734295,  0.33547 0.30751 0.29778 0.29596
2021-05-29 15:45:27,266:INFO:[Rank-2] val time 15.3934, epoch 163, step  79, loss 1.26112959, auc@1 70.45, auc@5 91.97
2021-05-29 15:46:06,416:INFO:[Rank-2] train time 38.8330, epoch 164, step  98, loss 0.30679739, auc@1 90.10, auc@5 99.20, share 25, std_loss 0.020350999740541588, pre_std_loss 0.020690660923719406,  0.31430 0.33404 0.29262 0.28795
2021-05-29 15:46:21,888:INFO:[Rank-2] val time 15.4704, epoch 164, step  79, loss 1.24814620, auc@1 70.77, auc@5 92.02
2021-05-29 15:47:00,530:INFO:[Rank-2] train time 38.3026, epoch 165, step  98, loss 0.30703130, auc@1 90.12, auc@5 99.18, share 18, std_loss 0.02124398656911692, pre_std_loss 0.01862659491598606,  0.33004 0.31574 0.29128 0.28980
2021-05-29 15:47:15,917:INFO:[Rank-2] val time 15.3854, epoch 165, step  79, loss 1.27472429, auc@1 70.62, auc@5 92.01
