2021-05-17 22:26:43,038:INFO:[Rank-1] args : Namespace(batch=1024, current_time='20210517_222635', dataset='cifar100', epochs=200, ip='192.168.1.1:7548', k=4, lr=0.01, momentum=0.9, rank=1, train_type='minibatch', weight_decay=0.005, world=4)
2021-05-17 22:27:27,365:INFO:[Rank-1] train time 42.8267, epoch   1, step  49, loss 4.75966072, auc@1 1.57, auc@5 6.76, share 0, std_loss 0, 
2021-05-17 22:27:44,230:INFO:[Rank-1] val time 16.8620, epoch   1, step  40, loss 4.54848088, auc@1 2.95, auc@5 10.44
2021-05-17 22:28:26,476:INFO:[Rank-1] train time 42.2447, epoch   2, step  49, loss 4.53898430, auc@1 2.75, auc@5 10.91, share 0, std_loss 0, 
2021-05-17 22:28:42,625:INFO:[Rank-1] val time 16.1427, epoch   2, step  40, loss 4.40601948, auc@1 4.19, auc@5 15.15
2021-05-17 22:29:25,447:INFO:[Rank-1] train time 42.8208, epoch   3, step  49, loss 4.34573126, auc@1 4.30, auc@5 16.20, share 0, std_loss 0, 
2021-05-17 22:29:41,809:INFO:[Rank-1] val time 16.3597, epoch   3, step  40, loss 4.16621262, auc@1 6.46, auc@5 22.54
2021-05-17 22:30:24,044:INFO:[Rank-1] train time 42.2324, epoch   4, step  49, loss 4.17810154, auc@1 5.96, auc@5 20.91, share 0, std_loss 0, 
2021-05-17 22:30:40,311:INFO:[Rank-1] val time 16.2639, epoch   4, step  40, loss 4.03333324, auc@1 8.69, auc@5 26.80
2021-05-17 22:31:22,844:INFO:[Rank-1] train time 42.5320, epoch   5, step  49, loss 4.04858398, auc@1 7.38, auc@5 24.74, share 0, std_loss 0, 
2021-05-17 22:31:39,474:INFO:[Rank-1] val time 16.6262, epoch   5, step  40, loss 3.88957081, auc@1 9.34, auc@5 30.46
2021-05-17 22:32:22,370:INFO:[Rank-1] train time 42.7344, epoch   6, step  49, loss 3.94112778, auc@1 9.06, auc@5 28.35, share 0, std_loss 0, 
2021-05-17 22:32:38,650:INFO:[Rank-1] val time 16.2777, epoch   6, step  40, loss 3.85215252, auc@1 11.09, auc@5 31.98
2021-05-17 22:33:22,633:INFO:[Rank-1] train time 43.9794, epoch   7, step  49, loss 3.86368227, auc@1 9.82, auc@5 30.58, share 0, std_loss 0, 
2021-05-17 22:33:38,876:INFO:[Rank-1] val time 16.2396, epoch   7, step  40, loss 3.76162958, auc@1 11.47, auc@5 34.69
2021-05-17 22:34:24,844:INFO:[Rank-1] train time 45.9658, epoch   8, step  49, loss 3.78514528, auc@1 10.80, auc@5 33.29, share 0, std_loss 0, 
2021-05-17 22:34:41,280:INFO:[Rank-1] val time 16.4333, epoch   8, step  40, loss 3.68831400, auc@1 13.54, auc@5 36.22
2021-05-17 22:35:24,203:INFO:[Rank-1] train time 42.9219, epoch   9, step  49, loss 3.71558189, auc@1 12.00, auc@5 35.08, share 0, std_loss 0, 
2021-05-17 22:35:40,884:INFO:[Rank-1] val time 16.6773, epoch   9, step  40, loss 3.62116864, auc@1 14.18, auc@5 38.19
2021-05-17 22:36:23,125:INFO:[Rank-1] train time 42.2340, epoch  10, step  49, loss 3.65293503, auc@1 13.07, auc@5 37.13, share 0, std_loss 0, 
2021-05-17 22:36:39,801:INFO:[Rank-1] val time 16.6710, epoch  10, step  40, loss 3.60371072, auc@1 13.62, auc@5 38.65
2021-05-17 22:37:22,131:INFO:[Rank-1] train time 42.3282, epoch  11, step  49, loss 3.58971834, auc@1 14.06, auc@5 39.18, share 0, std_loss 0, 
2021-05-17 22:37:38,661:INFO:[Rank-1] val time 16.5257, epoch  11, step  40, loss 3.47782488, auc@1 17.40, auc@5 42.38
2021-05-17 22:38:21,119:INFO:[Rank-1] train time 42.4571, epoch  12, step  49, loss 3.53348136, auc@1 15.06, auc@5 40.88, share 0, std_loss 0, 
2021-05-17 22:38:37,501:INFO:[Rank-1] val time 16.3793, epoch  12, step  40, loss 3.50229101, auc@1 16.09, auc@5 42.19
2021-05-17 22:39:20,147:INFO:[Rank-1] train time 42.6457, epoch  13, step  49, loss 3.47594810, auc@1 16.23, auc@5 42.62, share 0, std_loss 0, 
2021-05-17 22:39:36,721:INFO:[Rank-1] val time 16.5715, epoch  13, step  40, loss 3.41272682, auc@1 18.51, auc@5 44.62
2021-05-17 22:40:19,161:INFO:[Rank-1] train time 42.4385, epoch  14, step  49, loss 3.41474628, auc@1 17.29, auc@5 44.48, share 0, std_loss 0, 
2021-05-17 22:40:35,700:INFO:[Rank-1] val time 16.5366, epoch  14, step  40, loss 3.33364259, auc@1 19.20, auc@5 46.63
2021-05-17 22:41:18,219:INFO:[Rank-1] train time 42.5180, epoch  15, step  49, loss 3.35106373, auc@1 18.31, auc@5 46.19, share 0, std_loss 0, 
2021-05-17 22:41:34,662:INFO:[Rank-1] val time 16.4399, epoch  15, step  40, loss 3.35091414, auc@1 19.46, auc@5 46.35
2021-05-17 22:42:17,255:INFO:[Rank-1] train time 42.5927, epoch  16, step  49, loss 3.28378010, auc@1 19.45, auc@5 48.25, share 0, std_loss 0, 
2021-05-17 22:42:33,632:INFO:[Rank-1] val time 16.3704, epoch  16, step  40, loss 3.19436277, auc@1 21.85, auc@5 50.73
2021-05-17 22:43:16,106:INFO:[Rank-1] train time 42.4723, epoch  17, step  49, loss 3.22274756, auc@1 20.31, auc@5 49.49, share 0, std_loss 0, 
2021-05-17 22:43:32,484:INFO:[Rank-1] val time 16.3743, epoch  17, step  40, loss 3.24395273, auc@1 20.56, auc@5 49.64
2021-05-17 22:44:14,771:INFO:[Rank-1] train time 42.2856, epoch  18, step  49, loss 3.15900564, auc@1 21.78, auc@5 51.44, share 0, std_loss 0, 
2021-05-17 22:44:31,082:INFO:[Rank-1] val time 16.3057, epoch  18, step  40, loss 3.24633815, auc@1 20.64, auc@5 49.74
2021-05-17 22:45:13,994:INFO:[Rank-1] train time 42.9115, epoch  19, step  49, loss 3.10206747, auc@1 22.65, auc@5 53.07, share 0, std_loss 0, 
2021-05-17 22:45:30,269:INFO:[Rank-1] val time 16.2702, epoch  19, step  40, loss 3.19167378, auc@1 21.16, auc@5 50.87
2021-05-17 22:46:12,624:INFO:[Rank-1] train time 42.3530, epoch  20, step  49, loss 3.05051303, auc@1 23.44, auc@5 54.44, share 0, std_loss 0, 
2021-05-17 22:46:29,091:INFO:[Rank-1] val time 16.4621, epoch  20, step  40, loss 3.04378555, auc@1 24.28, auc@5 53.59
2021-05-17 22:47:11,368:INFO:[Rank-1] train time 42.2759, epoch  21, step  49, loss 2.98832250, auc@1 24.73, auc@5 55.85, share 0, std_loss 0, 
2021-05-17 22:47:27,876:INFO:[Rank-1] val time 16.5051, epoch  21, step  40, loss 3.03113896, auc@1 24.17, auc@5 54.44
2021-05-17 22:48:10,323:INFO:[Rank-1] train time 42.4453, epoch  22, step  49, loss 2.93219948, auc@1 25.79, auc@5 57.43, share 0, std_loss 0, 
2021-05-17 22:48:27,147:INFO:[Rank-1] val time 16.8217, epoch  22, step  40, loss 3.00662377, auc@1 25.07, auc@5 55.33
2021-05-17 22:49:09,311:INFO:[Rank-1] train time 42.1629, epoch  23, step  49, loss 2.88127542, auc@1 26.65, auc@5 58.50, share 0, std_loss 0, 
2021-05-17 22:49:26,017:INFO:[Rank-1] val time 16.7022, epoch  23, step  40, loss 2.95707831, auc@1 25.55, auc@5 56.42
2021-05-17 22:50:08,251:INFO:[Rank-1] train time 42.2324, epoch  24, step  49, loss 2.82414746, auc@1 27.95, auc@5 59.90, share 0, std_loss 0, 
2021-05-17 22:50:25,087:INFO:[Rank-1] val time 16.8308, epoch  24, step  40, loss 2.82715345, auc@1 27.90, auc@5 59.57
2021-05-17 22:51:07,691:INFO:[Rank-1] train time 42.6024, epoch  25, step  49, loss 2.77380586, auc@1 28.84, auc@5 61.13, share 0, std_loss 0, 
2021-05-17 22:51:24,399:INFO:[Rank-1] val time 16.7050, epoch  25, step  40, loss 2.98785763, auc@1 25.06, auc@5 55.41
2021-05-17 22:52:06,848:INFO:[Rank-1] train time 42.4472, epoch  26, step  49, loss 2.71553874, auc@1 30.01, auc@5 62.77, share 0, std_loss 0, 
2021-05-17 22:52:23,567:INFO:[Rank-1] val time 16.7142, epoch  26, step  40, loss 2.81135031, auc@1 28.63, auc@5 60.22
2021-05-17 22:53:05,830:INFO:[Rank-1] train time 42.2611, epoch  27, step  49, loss 2.66567445, auc@1 31.06, auc@5 64.00, share 0, std_loss 0, 
2021-05-17 22:53:22,272:INFO:[Rank-1] val time 16.4379, epoch  27, step  40, loss 2.67846221, auc@1 30.95, auc@5 63.20
2021-05-17 22:54:04,633:INFO:[Rank-1] train time 42.3586, epoch  28, step  49, loss 2.61403370, auc@1 32.02, auc@5 65.17, share 0, std_loss 0, 
2021-05-17 22:54:21,190:INFO:[Rank-1] val time 16.5527, epoch  28, step  40, loss 2.86827748, auc@1 27.24, auc@5 58.59
2021-05-17 22:55:03,426:INFO:[Rank-1] train time 42.2348, epoch  29, step  49, loss 2.56615925, auc@1 33.09, auc@5 66.39, share 0, std_loss 0, 
2021-05-17 22:55:20,256:INFO:[Rank-1] val time 16.8256, epoch  29, step  40, loss 2.72874228, auc@1 30.00, auc@5 61.69
2021-05-17 22:56:02,811:INFO:[Rank-1] train time 42.5472, epoch  30, step  49, loss 2.51774168, auc@1 34.13, auc@5 67.49, share 0, std_loss 0, 
2021-05-17 22:56:19,730:INFO:[Rank-1] val time 16.9143, epoch  30, step  40, loss 2.76307574, auc@1 29.96, auc@5 61.84
2021-05-17 22:57:01,835:INFO:[Rank-1] train time 42.1046, epoch  31, step  49, loss 2.47177434, auc@1 35.27, auc@5 68.25, share 0, std_loss 0, 
2021-05-17 22:57:18,361:INFO:[Rank-1] val time 16.5230, epoch  31, step  40, loss 2.56523057, auc@1 33.38, auc@5 65.68
2021-05-17 22:58:00,895:INFO:[Rank-1] train time 42.5328, epoch  32, step  49, loss 2.41972709, auc@1 36.13, auc@5 69.72, share 0, std_loss 0, 
2021-05-17 22:58:17,401:INFO:[Rank-1] val time 16.5032, epoch  32, step  40, loss 2.62740916, auc@1 32.00, auc@5 64.89
2021-05-17 22:58:59,704:INFO:[Rank-1] train time 42.3008, epoch  33, step  49, loss 2.37948108, auc@1 37.00, auc@5 70.39, share 0, std_loss 0, 
2021-05-17 22:59:16,076:INFO:[Rank-1] val time 16.3695, epoch  33, step  40, loss 2.64859638, auc@1 31.67, auc@5 63.65
2021-05-17 22:59:58,606:INFO:[Rank-1] train time 42.5280, epoch  34, step  49, loss 2.33497834, auc@1 38.09, auc@5 71.44, share 0, std_loss 0, 
2021-05-17 23:00:14,936:INFO:[Rank-1] val time 16.3258, epoch  34, step  40, loss 2.64405084, auc@1 32.40, auc@5 64.19
2021-05-17 23:00:57,335:INFO:[Rank-1] train time 42.3973, epoch  35, step  49, loss 2.29263949, auc@1 39.05, auc@5 72.32, share 0, std_loss 0, 
2021-05-17 23:01:13,673:INFO:[Rank-1] val time 16.3330, epoch  35, step  40, loss 2.44107270, auc@1 35.75, auc@5 68.90
2021-05-17 23:01:56,228:INFO:[Rank-1] train time 42.5533, epoch  36, step  49, loss 2.26002240, auc@1 39.72, auc@5 72.98, share 0, std_loss 0, 
2021-05-17 23:02:12,754:INFO:[Rank-1] val time 16.5241, epoch  36, step  40, loss 2.47155728, auc@1 35.74, auc@5 68.34
2021-05-17 23:02:55,245:INFO:[Rank-1] train time 42.4905, epoch  37, step  49, loss 2.21711063, auc@1 40.55, auc@5 74.13, share 0, std_loss 0, 
2021-05-17 23:03:11,614:INFO:[Rank-1] val time 16.3654, epoch  37, step  40, loss 2.72718958, auc@1 30.05, auc@5 62.75
2021-05-17 23:03:54,128:INFO:[Rank-1] train time 42.5125, epoch  38, step  49, loss 2.16446066, auc@1 41.95, auc@5 74.82, share 0, std_loss 0, 
2021-05-17 23:04:10,613:INFO:[Rank-1] val time 16.4809, epoch  38, step  40, loss 2.39593528, auc@1 37.34, auc@5 69.26
2021-05-17 23:04:53,347:INFO:[Rank-1] train time 42.7320, epoch  39, step  49, loss 2.13331771, auc@1 42.63, auc@5 75.68, share 0, std_loss 0, 
2021-05-17 23:05:09,761:INFO:[Rank-1] val time 16.4104, epoch  39, step  40, loss 2.48557162, auc@1 35.01, auc@5 67.60
2021-05-17 23:05:52,447:INFO:[Rank-1] train time 42.6840, epoch  40, step  49, loss 2.09849072, auc@1 43.44, auc@5 76.52, share 0, std_loss 0, 
2021-05-17 23:06:09,095:INFO:[Rank-1] val time 16.6443, epoch  40, step  40, loss 2.33468204, auc@1 38.05, auc@5 71.89
2021-05-17 23:06:51,682:INFO:[Rank-1] train time 42.5860, epoch  41, step  49, loss 2.05483770, auc@1 44.35, auc@5 77.30, share 0, std_loss 0, 
2021-05-17 23:07:08,008:INFO:[Rank-1] val time 16.3215, epoch  41, step  40, loss 2.25648758, auc@1 39.78, auc@5 72.98
2021-05-17 23:07:50,244:INFO:[Rank-1] train time 42.2343, epoch  42, step  49, loss 2.03030276, auc@1 45.07, auc@5 77.85, share 0, std_loss 0, 
2021-05-17 23:08:06,795:INFO:[Rank-1] val time 16.5477, epoch  42, step  40, loss 2.37067366, auc@1 38.40, auc@5 69.91
2021-05-17 23:08:49,181:INFO:[Rank-1] train time 42.3850, epoch  43, step  49, loss 1.99788225, auc@1 46.08, auc@5 78.46, share 0, std_loss 0, 
2021-05-17 23:09:05,506:INFO:[Rank-1] val time 16.3199, epoch  43, step  40, loss 2.57086473, auc@1 34.57, auc@5 66.99
2021-05-17 23:09:48,078:INFO:[Rank-1] train time 42.5705, epoch  44, step  49, loss 1.97479856, auc@1 46.59, auc@5 78.97, share 0, std_loss 0, 
2021-05-17 23:10:04,500:INFO:[Rank-1] val time 16.4200, epoch  44, step  40, loss 2.60424905, auc@1 34.23, auc@5 66.31
2021-05-17 23:10:46,808:INFO:[Rank-1] train time 42.3070, epoch  45, step  49, loss 1.94258666, auc@1 47.01, auc@5 79.59, share 0, std_loss 0, 
2021-05-17 23:11:02,863:INFO:[Rank-1] val time 16.0512, epoch  45, step  40, loss 2.13261124, auc@1 42.59, auc@5 74.72
2021-05-17 23:11:45,462:INFO:[Rank-1] train time 42.5985, epoch  46, step  49, loss 1.90265870, auc@1 48.13, auc@5 80.24, share 0, std_loss 0, 
2021-05-17 23:12:02,182:INFO:[Rank-1] val time 16.7167, epoch  46, step  40, loss 2.18593968, auc@1 41.52, auc@5 73.78
2021-05-17 23:12:44,029:INFO:[Rank-1] train time 41.8455, epoch  47, step  49, loss 1.87167597, auc@1 48.82, auc@5 80.82, share 0, std_loss 0, 
2021-05-17 23:13:00,709:INFO:[Rank-1] val time 16.6750, epoch  47, step  40, loss 2.15010936, auc@1 42.35, auc@5 74.91
2021-05-17 23:13:43,047:INFO:[Rank-1] train time 42.3368, epoch  48, step  49, loss 1.84908998, auc@1 49.39, auc@5 81.20, share 0, std_loss 0, 
2021-05-17 23:13:59,486:INFO:[Rank-1] val time 16.4360, epoch  48, step  40, loss 2.31662006, auc@1 38.81, auc@5 71.42
2021-05-17 23:14:41,908:INFO:[Rank-1] train time 42.4199, epoch  49, step  49, loss 1.82311308, auc@1 49.98, auc@5 81.65, share 0, std_loss 0, 
2021-05-17 23:14:58,439:INFO:[Rank-1] val time 16.5258, epoch  49, step  40, loss 2.24983547, auc@1 40.71, auc@5 72.54
2021-05-17 23:15:41,136:INFO:[Rank-1] train time 42.6957, epoch  50, step  49, loss 1.80572891, auc@1 50.61, auc@5 82.13, share 0, std_loss 0, 
2021-05-17 23:15:57,706:INFO:[Rank-1] val time 16.5665, epoch  50, step  40, loss 2.15791324, auc@1 43.14, auc@5 74.05
2021-05-17 23:16:40,186:INFO:[Rank-1] train time 42.4780, epoch  51, step  49, loss 1.62763441, auc@1 55.26, auc@5 85.28, share 0, std_loss 0, 
2021-05-17 23:16:56,605:INFO:[Rank-1] val time 16.4172, epoch  51, step  40, loss 1.64358646, auc@1 53.84, auc@5 83.82
2021-05-17 23:17:39,026:INFO:[Rank-1] train time 42.4166, epoch  52, step  49, loss 1.52546370, auc@1 58.18, auc@5 86.85, share 0, std_loss 0, 
2021-05-17 23:17:55,472:INFO:[Rank-1] val time 16.4436, epoch  52, step  40, loss 1.60592541, auc@1 55.05, auc@5 84.40
2021-05-17 23:18:37,744:INFO:[Rank-1] train time 42.2713, epoch  53, step  49, loss 1.48696280, auc@1 59.02, auc@5 87.62, share 0, std_loss 0, 
2021-05-17 23:18:54,178:INFO:[Rank-1] val time 16.4312, epoch  53, step  40, loss 1.58181680, auc@1 55.29, auc@5 85.20
2021-05-17 23:19:36,658:INFO:[Rank-1] train time 42.4785, epoch  54, step  49, loss 1.46703136, auc@1 59.61, auc@5 87.75, share 0, std_loss 0, 
2021-05-17 23:19:53,203:INFO:[Rank-1] val time 16.5403, epoch  54, step  40, loss 1.56476190, auc@1 56.22, auc@5 85.21
2021-05-17 23:20:35,605:INFO:[Rank-1] train time 42.4008, epoch  55, step  49, loss 1.44493270, auc@1 60.24, auc@5 88.14, share 0, std_loss 0, 
2021-05-17 23:20:52,153:INFO:[Rank-1] val time 16.5437, epoch  55, step  40, loss 1.55754302, auc@1 56.36, auc@5 85.15
2021-05-17 23:21:34,389:INFO:[Rank-1] train time 42.2344, epoch  56, step  49, loss 1.42745435, auc@1 60.39, auc@5 88.47, share 0, std_loss 0, 
2021-05-17 23:21:50,850:INFO:[Rank-1] val time 16.4571, epoch  56, step  40, loss 1.56004624, auc@1 56.41, auc@5 85.50
2021-05-17 23:22:33,386:INFO:[Rank-1] train time 42.5350, epoch  57, step  49, loss 1.40852737, auc@1 61.22, auc@5 88.63, share 0, std_loss 0, 
2021-05-17 23:22:49,988:INFO:[Rank-1] val time 16.6005, epoch  57, step  40, loss 1.54230623, auc@1 56.92, auc@5 85.46
2021-05-17 23:23:32,217:INFO:[Rank-1] train time 42.2276, epoch  58, step  49, loss 1.39696527, auc@1 61.42, auc@5 88.84, share 0, std_loss 0, 
2021-05-17 23:23:48,788:INFO:[Rank-1] val time 16.5688, epoch  58, step  40, loss 1.53671839, auc@1 56.75, auc@5 85.41
2021-05-17 23:24:31,030:INFO:[Rank-1] train time 42.2404, epoch  59, step  49, loss 1.38442075, auc@1 61.62, auc@5 89.02, share 0, std_loss 0, 
2021-05-17 23:24:47,749:INFO:[Rank-1] val time 16.7151, epoch  59, step  40, loss 1.52172583, auc@1 57.08, auc@5 85.69
2021-05-17 23:25:30,169:INFO:[Rank-1] train time 42.4184, epoch  60, step  49, loss 1.37118638, auc@1 62.13, auc@5 89.07, share 0, std_loss 0, 
2021-05-17 23:25:46,567:INFO:[Rank-1] val time 16.3925, epoch  60, step  40, loss 1.51651109, auc@1 57.58, auc@5 85.76
2021-05-17 23:26:29,143:INFO:[Rank-1] train time 42.5758, epoch  61, step  49, loss 1.35882246, auc@1 62.33, auc@5 89.42, share 0, std_loss 0, 
2021-05-17 23:26:45,711:INFO:[Rank-1] val time 16.5648, epoch  61, step  40, loss 1.51949148, auc@1 57.24, auc@5 85.85
2021-05-17 23:27:28,363:INFO:[Rank-1] train time 42.6509, epoch  62, step  49, loss 1.34189904, auc@1 62.71, auc@5 89.57, share 0, std_loss 0, 
2021-05-17 23:27:44,566:INFO:[Rank-1] val time 16.1991, epoch  62, step  40, loss 1.50102039, auc@1 57.69, auc@5 85.91
2021-05-17 23:28:26,979:INFO:[Rank-1] train time 42.4120, epoch  63, step  49, loss 1.33571410, auc@1 63.19, auc@5 89.65, share 0, std_loss 0, 
2021-05-17 23:28:43,772:INFO:[Rank-1] val time 16.7884, epoch  63, step  40, loss 1.50734595, auc@1 57.29, auc@5 85.91
2021-05-17 23:29:26,165:INFO:[Rank-1] train time 42.3916, epoch  64, step  49, loss 1.32810724, auc@1 63.31, auc@5 89.82, share 0, std_loss 0, 
2021-05-17 23:29:42,850:INFO:[Rank-1] val time 16.6827, epoch  64, step  40, loss 1.49328753, auc@1 58.09, auc@5 85.97
2021-05-17 23:30:25,012:INFO:[Rank-1] train time 42.1593, epoch  65, step  49, loss 1.31292880, auc@1 63.63, auc@5 90.12, share 0, std_loss 0, 
2021-05-17 23:30:41,538:INFO:[Rank-1] val time 16.5245, epoch  65, step  40, loss 1.49242064, auc@1 57.92, auc@5 86.08
2021-05-17 23:31:23,936:INFO:[Rank-1] train time 42.3967, epoch  66, step  49, loss 1.30220127, auc@1 64.03, auc@5 90.07, share 0, std_loss 0, 
2021-05-17 23:31:40,414:INFO:[Rank-1] val time 16.4732, epoch  66, step  40, loss 1.48302815, auc@1 58.53, auc@5 86.27
2021-05-17 23:32:23,003:INFO:[Rank-1] train time 42.5877, epoch  67, step  49, loss 1.29485345, auc@1 64.05, auc@5 90.16, share 0, std_loss 0, 
2021-05-17 23:32:39,335:INFO:[Rank-1] val time 16.3304, epoch  67, step  40, loss 1.49067623, auc@1 58.47, auc@5 86.17
2021-05-17 23:33:21,775:INFO:[Rank-1] train time 42.4385, epoch  68, step  49, loss 1.28237212, auc@1 64.31, auc@5 90.52, share 0, std_loss 0, 
2021-05-17 23:33:38,398:INFO:[Rank-1] val time 16.6171, epoch  68, step  40, loss 1.48210710, auc@1 58.67, auc@5 86.10
2021-05-17 23:34:20,728:INFO:[Rank-1] train time 42.3277, epoch  69, step  49, loss 1.27452922, auc@1 64.63, auc@5 90.41, share 0, std_loss 0, 
2021-05-17 23:34:37,337:INFO:[Rank-1] val time 16.6038, epoch  69, step  40, loss 1.47286770, auc@1 58.67, auc@5 86.24
2021-05-17 23:35:19,913:INFO:[Rank-1] train time 42.5733, epoch  70, step  49, loss 1.26641846, auc@1 64.91, auc@5 90.48, share 0, std_loss 0, 
2021-05-17 23:35:36,517:INFO:[Rank-1] val time 16.6017, epoch  70, step  40, loss 1.46475211, auc@1 59.26, auc@5 86.05
2021-05-17 23:36:18,732:INFO:[Rank-1] train time 42.2136, epoch  71, step  49, loss 1.25121987, auc@1 65.36, auc@5 90.91, share 0, std_loss 0, 
2021-05-17 23:36:35,392:INFO:[Rank-1] val time 16.6575, epoch  71, step  40, loss 1.47144444, auc@1 58.58, auc@5 85.98
2021-05-17 23:37:17,702:INFO:[Rank-1] train time 42.3093, epoch  72, step  49, loss 1.23959959, auc@1 65.46, auc@5 90.95, share 0, std_loss 0, 
2021-05-17 23:37:34,056:INFO:[Rank-1] val time 16.3506, epoch  72, step  40, loss 1.47351760, auc@1 58.73, auc@5 86.16
2021-05-17 23:38:16,790:INFO:[Rank-1] train time 42.7329, epoch  73, step  49, loss 1.23401701, auc@1 65.58, auc@5 91.14, share 0, std_loss 0, 
2021-05-17 23:38:33,262:INFO:[Rank-1] val time 16.4696, epoch  73, step  40, loss 1.45960221, auc@1 58.88, auc@5 86.47
2021-05-17 23:39:15,710:INFO:[Rank-1] train time 42.4466, epoch  74, step  49, loss 1.22219849, auc@1 66.01, auc@5 91.19, share 0, std_loss 0, 
2021-05-17 23:39:32,153:INFO:[Rank-1] val time 16.4383, epoch  74, step  40, loss 1.45643478, auc@1 59.11, auc@5 86.53
2021-05-17 23:40:14,962:INFO:[Rank-1] train time 42.8081, epoch  75, step  49, loss 1.21598983, auc@1 66.48, auc@5 91.20, share 0, std_loss 0, 
2021-05-17 23:40:31,342:INFO:[Rank-1] val time 16.3767, epoch  75, step  40, loss 1.47250698, auc@1 58.84, auc@5 86.17
2021-05-17 23:41:14,006:INFO:[Rank-1] train time 42.6617, epoch  76, step  49, loss 1.20268214, auc@1 66.65, auc@5 91.62, share 0, std_loss 0, 
2021-05-17 23:41:30,514:INFO:[Rank-1] val time 16.5036, epoch  76, step  40, loss 1.45423146, auc@1 59.41, auc@5 86.19
2021-05-17 23:42:12,838:INFO:[Rank-1] train time 42.3233, epoch  77, step  49, loss 1.19649863, auc@1 66.84, auc@5 91.52, share 0, std_loss 0, 
2021-05-17 23:42:29,349:INFO:[Rank-1] val time 16.5075, epoch  77, step  40, loss 1.44919215, auc@1 59.58, auc@5 86.66
2021-05-17 23:43:11,826:INFO:[Rank-1] train time 42.4762, epoch  78, step  49, loss 1.19347620, auc@1 66.92, auc@5 91.43, share 0, std_loss 0, 
2021-05-17 23:43:28,167:INFO:[Rank-1] val time 16.3355, epoch  78, step  40, loss 1.44455049, auc@1 59.38, auc@5 86.58
2021-05-17 23:44:10,695:INFO:[Rank-1] train time 42.5262, epoch  79, step  49, loss 1.17883873, auc@1 67.19, auc@5 91.90, share 0, std_loss 0, 
2021-05-17 23:44:27,419:INFO:[Rank-1] val time 16.7210, epoch  79, step  40, loss 1.43396194, auc@1 59.83, auc@5 86.72
2021-05-17 23:45:10,290:INFO:[Rank-1] train time 42.8699, epoch  80, step  49, loss 1.16752279, auc@1 67.76, auc@5 91.92, share 0, std_loss 0, 
2021-05-17 23:45:26,710:INFO:[Rank-1] val time 16.4159, epoch  80, step  40, loss 1.43919417, auc@1 59.62, auc@5 86.66
2021-05-17 23:46:08,943:INFO:[Rank-1] train time 42.2319, epoch  81, step  49, loss 1.16397667, auc@1 67.66, auc@5 91.89, share 0, std_loss 0, 
2021-05-17 23:46:25,196:INFO:[Rank-1] val time 16.2484, epoch  81, step  40, loss 1.45939742, auc@1 58.35, auc@5 86.38
2021-05-17 23:47:07,045:INFO:[Rank-1] train time 41.8472, epoch  82, step  49, loss 1.15121901, auc@1 68.13, auc@5 92.13, share 0, std_loss 0, 
2021-05-17 23:47:23,913:INFO:[Rank-1] val time 16.8635, epoch  82, step  40, loss 1.44093823, auc@1 59.73, auc@5 86.51
2021-05-17 23:48:05,798:INFO:[Rank-1] train time 41.8827, epoch  83, step  49, loss 1.13983798, auc@1 68.29, auc@5 92.33, share 0, std_loss 0, 
2021-05-17 23:48:22,278:INFO:[Rank-1] val time 16.4761, epoch  83, step  40, loss 1.43371660, auc@1 59.61, auc@5 86.76
2021-05-17 23:49:04,508:INFO:[Rank-1] train time 42.2288, epoch  84, step  49, loss 1.13511741, auc@1 68.42, auc@5 92.20, share 0, std_loss 0, 
2021-05-17 23:49:20,723:INFO:[Rank-1] val time 16.2093, epoch  84, step  40, loss 1.43037716, auc@1 60.22, auc@5 86.51
2021-05-17 23:50:02,833:INFO:[Rank-1] train time 42.1086, epoch  85, step  49, loss 1.12751710, auc@1 68.65, auc@5 92.43, share 0, std_loss 0, 
2021-05-17 23:50:19,389:INFO:[Rank-1] val time 16.5513, epoch  85, step  40, loss 1.42626886, auc@1 60.09, auc@5 86.67
2021-05-17 23:51:01,556:INFO:[Rank-1] train time 42.1652, epoch  86, step  49, loss 1.12093043, auc@1 68.91, auc@5 92.52, share 0, std_loss 0, 
2021-05-17 23:51:17,997:INFO:[Rank-1] val time 16.4354, epoch  86, step  40, loss 1.43283217, auc@1 59.89, auc@5 86.59
2021-05-17 23:52:00,826:INFO:[Rank-1] train time 42.8276, epoch  87, step  49, loss 1.10896468, auc@1 69.08, auc@5 92.70, share 0, std_loss 0, 
2021-05-17 23:52:17,188:INFO:[Rank-1] val time 16.3569, epoch  87, step  40, loss 1.44564810, auc@1 59.20, auc@5 86.67
2021-05-17 23:52:59,549:INFO:[Rank-1] train time 42.3597, epoch  88, step  49, loss 1.10682070, auc@1 69.22, auc@5 92.62, share 0, std_loss 0, 
2021-05-17 23:53:16,052:INFO:[Rank-1] val time 16.4977, epoch  88, step  40, loss 1.42130627, auc@1 60.09, auc@5 86.87
2021-05-17 23:53:58,811:INFO:[Rank-1] train time 42.7564, epoch  89, step  49, loss 1.09610963, auc@1 69.57, auc@5 92.80, share 0, std_loss 0, 
2021-05-17 23:54:15,416:INFO:[Rank-1] val time 16.6006, epoch  89, step  40, loss 1.42825708, auc@1 59.84, auc@5 86.87
2021-05-17 23:54:57,519:INFO:[Rank-1] train time 42.1019, epoch  90, step  49, loss 1.08834255, auc@1 69.92, auc@5 92.93, share 0, std_loss 0, 
2021-05-17 23:55:13,998:INFO:[Rank-1] val time 16.4767, epoch  90, step  40, loss 1.45975961, auc@1 59.80, auc@5 86.12
2021-05-17 23:55:56,125:INFO:[Rank-1] train time 42.1262, epoch  91, step  49, loss 1.07388699, auc@1 70.07, auc@5 93.19, share 0, std_loss 0, 
2021-05-17 23:56:12,515:INFO:[Rank-1] val time 16.3846, epoch  91, step  40, loss 1.43999795, auc@1 59.83, auc@5 86.50
2021-05-17 23:56:55,479:INFO:[Rank-1] train time 42.9616, epoch  92, step  49, loss 1.06957746, auc@1 70.50, auc@5 93.17, share 0, std_loss 0, 
2021-05-17 23:57:12,100:INFO:[Rank-1] val time 16.6161, epoch  92, step  40, loss 1.43282915, auc@1 60.28, auc@5 86.88
2021-05-17 23:57:54,473:INFO:[Rank-1] train time 42.3724, epoch  93, step  49, loss 1.05961490, auc@1 70.66, auc@5 93.31, share 0, std_loss 0, 
2021-05-17 23:58:11,361:INFO:[Rank-1] val time 16.8854, epoch  93, step  40, loss 1.44953996, auc@1 59.71, auc@5 86.48
2021-05-17 23:58:54,072:INFO:[Rank-1] train time 42.7097, epoch  94, step  49, loss 1.05526519, auc@1 70.62, auc@5 93.30, share 0, std_loss 0, 
2021-05-17 23:59:10,508:INFO:[Rank-1] val time 16.4309, epoch  94, step  40, loss 1.45325208, auc@1 59.48, auc@5 86.14
2021-05-17 23:59:52,874:INFO:[Rank-1] train time 42.3658, epoch  95, step  49, loss 1.04893064, auc@1 70.73, auc@5 93.42, share 0, std_loss 0, 
2021-05-18 00:00:09,380:INFO:[Rank-1] val time 16.5016, epoch  95, step  40, loss 1.41280769, auc@1 60.26, auc@5 86.95
2021-05-18 00:00:52,420:INFO:[Rank-1] train time 43.0376, epoch  96, step  49, loss 1.03530693, auc@1 71.20, auc@5 93.58, share 0, std_loss 0, 
2021-05-18 00:01:08,892:INFO:[Rank-1] val time 16.4678, epoch  96, step  40, loss 1.42781723, auc@1 59.87, auc@5 86.80
2021-05-18 00:01:51,389:INFO:[Rank-1] train time 42.4958, epoch  97, step  49, loss 1.03560364, auc@1 71.21, auc@5 93.53, share 0, std_loss 0, 
2021-05-18 00:02:07,864:INFO:[Rank-1] val time 16.4722, epoch  97, step  40, loss 1.43182311, auc@1 60.01, auc@5 86.45
2021-05-18 00:02:50,161:INFO:[Rank-1] train time 42.2958, epoch  98, step  49, loss 1.02546418, auc@1 71.75, auc@5 93.59, share 0, std_loss 0, 
2021-05-18 00:03:06,563:INFO:[Rank-1] val time 16.3997, epoch  98, step  40, loss 1.43035380, auc@1 60.51, auc@5 86.78
2021-05-18 00:03:48,891:INFO:[Rank-1] train time 42.3267, epoch  99, step  49, loss 1.02036214, auc@1 71.51, auc@5 93.76, share 0, std_loss 0, 
2021-05-18 00:04:05,343:INFO:[Rank-1] val time 16.4476, epoch  99, step  40, loss 1.42704275, auc@1 60.14, auc@5 86.62
2021-05-18 00:04:47,696:INFO:[Rank-1] train time 42.3522, epoch 100, step  49, loss 1.00228584, auc@1 72.04, auc@5 94.11, share 0, std_loss 0, 
2021-05-18 00:05:04,254:INFO:[Rank-1] val time 16.5550, epoch 100, step  40, loss 1.42819051, auc@1 60.30, auc@5 86.72
2021-05-18 00:05:46,770:INFO:[Rank-1] train time 42.5133, epoch 101, step  49, loss 0.96905100, auc@1 73.10, auc@5 94.41, share 0, std_loss 0, 
2021-05-18 00:06:03,303:INFO:[Rank-1] val time 16.5284, epoch 101, step  40, loss 1.35320277, auc@1 62.12, auc@5 87.96
2021-05-18 00:06:45,950:INFO:[Rank-1] train time 42.6453, epoch 102, step  49, loss 0.94872528, auc@1 73.91, auc@5 94.57, share 0, std_loss 0, 
2021-05-18 00:07:02,465:INFO:[Rank-1] val time 16.5108, epoch 102, step  40, loss 1.34336707, auc@1 62.38, auc@5 88.09
2021-05-18 00:07:45,149:INFO:[Rank-1] train time 42.6825, epoch 103, step  49, loss 0.93337208, auc@1 74.65, auc@5 94.71, share 0, std_loss 0, 
2021-05-18 00:08:01,729:INFO:[Rank-1] val time 16.5771, epoch 103, step  40, loss 1.33987227, auc@1 62.51, auc@5 88.04
2021-05-18 00:08:44,158:INFO:[Rank-1] train time 42.4276, epoch 104, step  49, loss 0.93179452, auc@1 74.59, auc@5 94.66, share 0, std_loss 0, 
2021-05-18 00:09:00,535:INFO:[Rank-1] val time 16.3729, epoch 104, step  40, loss 1.33666503, auc@1 62.69, auc@5 88.16
2021-05-18 00:09:43,174:INFO:[Rank-1] train time 42.6366, epoch 105, step  49, loss 0.92484587, auc@1 74.79, auc@5 94.83, share 0, std_loss 0, 
2021-05-18 00:09:59,855:INFO:[Rank-1] val time 16.6768, epoch 105, step  40, loss 1.33574693, auc@1 62.78, auc@5 88.21
2021-05-18 00:10:42,256:INFO:[Rank-1] train time 42.3996, epoch 106, step  49, loss 0.92024750, auc@1 74.90, auc@5 94.88, share 0, std_loss 0, 
2021-05-18 00:10:58,797:INFO:[Rank-1] val time 16.5390, epoch 106, step  40, loss 1.33446878, auc@1 62.64, auc@5 88.03
2021-05-18 00:11:41,463:INFO:[Rank-1] train time 42.6644, epoch 107, step  49, loss 0.92586631, auc@1 74.75, auc@5 94.79, share 0, std_loss 0, 
2021-05-18 00:11:58,105:INFO:[Rank-1] val time 16.6374, epoch 107, step  40, loss 1.33551291, auc@1 62.39, auc@5 88.22
2021-05-18 00:12:40,460:INFO:[Rank-1] train time 42.3536, epoch 108, step  49, loss 0.91341031, auc@1 75.17, auc@5 94.86, share 0, std_loss 0, 
2021-05-18 00:12:56,997:INFO:[Rank-1] val time 16.5355, epoch 108, step  40, loss 1.33455429, auc@1 62.48, auc@5 88.08
2021-05-18 00:13:39,474:INFO:[Rank-1] train time 42.4751, epoch 109, step  49, loss 0.91122234, auc@1 75.36, auc@5 94.91, share 0, std_loss 0, 
2021-05-18 00:13:55,777:INFO:[Rank-1] val time 16.2986, epoch 109, step  40, loss 1.33518414, auc@1 62.48, auc@5 88.34
2021-05-18 00:14:38,038:INFO:[Rank-1] train time 42.2601, epoch 110, step  49, loss 0.91146314, auc@1 75.04, auc@5 94.92, share 0, std_loss 0, 
2021-05-18 00:14:54,891:INFO:[Rank-1] val time 16.8500, epoch 110, step  40, loss 1.33074793, auc@1 62.57, auc@5 88.28
2021-05-18 00:15:37,613:INFO:[Rank-1] train time 42.7198, epoch 111, step  49, loss 0.90735781, auc@1 75.31, auc@5 95.09, share 0, std_loss 0, 
2021-05-18 00:15:54,130:INFO:[Rank-1] val time 16.5143, epoch 111, step  40, loss 1.33103602, auc@1 62.56, auc@5 88.29
2021-05-18 00:16:36,636:INFO:[Rank-1] train time 42.5050, epoch 112, step  49, loss 0.90203393, auc@1 75.61, auc@5 95.06, share 0, std_loss 0, 
2021-05-18 00:16:53,043:INFO:[Rank-1] val time 16.4023, epoch 112, step  40, loss 1.32933439, auc@1 62.76, auc@5 88.27
2021-05-18 00:17:35,613:INFO:[Rank-1] train time 42.5675, epoch 113, step  49, loss 0.90393764, auc@1 75.47, auc@5 95.20, share 0, std_loss 0, 
2021-05-18 00:17:51,998:INFO:[Rank-1] val time 16.3832, epoch 113, step  40, loss 1.33226558, auc@1 62.67, auc@5 88.17
2021-05-18 00:18:34,179:INFO:[Rank-1] train time 42.1797, epoch 114, step  49, loss 0.90431350, auc@1 75.19, auc@5 95.16, share 0, std_loss 0, 
2021-05-18 00:18:50,426:INFO:[Rank-1] val time 16.2411, epoch 114, step  40, loss 1.33112082, auc@1 62.70, auc@5 87.97
2021-05-18 00:19:32,676:INFO:[Rank-1] train time 42.2468, epoch 115, step  49, loss 0.89612812, auc@1 75.61, auc@5 95.24, share 0, std_loss 0, 
2021-05-18 00:19:49,191:INFO:[Rank-1] val time 16.5104, epoch 115, step  40, loss 1.32804456, auc@1 62.86, auc@5 88.19
2021-05-18 00:20:31,883:INFO:[Rank-1] train time 42.6905, epoch 116, step  49, loss 0.89306670, auc@1 75.93, auc@5 95.27, share 0, std_loss 0, 
2021-05-18 00:20:48,474:INFO:[Rank-1] val time 16.5860, epoch 116, step  40, loss 1.33166792, auc@1 62.71, auc@5 88.24
2021-05-18 00:21:31,013:INFO:[Rank-1] train time 42.5383, epoch 117, step  49, loss 0.89195281, auc@1 75.83, auc@5 95.27, share 0, std_loss 0, 
2021-05-18 00:21:47,351:INFO:[Rank-1] val time 16.3352, epoch 117, step  40, loss 1.33353199, auc@1 62.86, auc@5 88.07
2021-05-18 00:22:29,930:INFO:[Rank-1] train time 42.5775, epoch 118, step  49, loss 0.89116073, auc@1 75.90, auc@5 95.11, share 0, std_loss 0, 
2021-05-18 00:22:46,535:INFO:[Rank-1] val time 16.6024, epoch 118, step  40, loss 1.32914372, auc@1 62.73, auc@5 88.31
2021-05-18 00:23:29,110:INFO:[Rank-1] train time 42.5736, epoch 119, step  49, loss 0.89083421, auc@1 75.72, auc@5 95.18, share 0, std_loss 0, 
2021-05-18 00:23:45,713:INFO:[Rank-1] val time 16.6002, epoch 119, step  40, loss 1.32857968, auc@1 62.97, auc@5 88.31
2021-05-18 00:24:28,550:INFO:[Rank-1] train time 42.8364, epoch 120, step  49, loss 0.88907760, auc@1 75.86, auc@5 95.24, share 0, std_loss 0, 
2021-05-18 00:24:44,699:INFO:[Rank-1] val time 16.1424, epoch 120, step  40, loss 1.32624415, auc@1 62.63, auc@5 88.36
2021-05-18 00:25:28,262:INFO:[Rank-1] train time 43.5619, epoch 121, step  49, loss 0.88235992, auc@1 75.98, auc@5 95.37, share 0, std_loss 0, 
2021-05-18 00:25:44,904:INFO:[Rank-1] val time 16.6396, epoch 121, step  40, loss 1.32758389, auc@1 62.82, auc@5 88.27
2021-05-18 00:26:27,574:INFO:[Rank-1] train time 42.6694, epoch 122, step  49, loss 0.88352501, auc@1 76.06, auc@5 95.20, share 0, std_loss 0, 
2021-05-18 00:26:44,162:INFO:[Rank-1] val time 16.5846, epoch 122, step  40, loss 1.32603167, auc@1 62.76, auc@5 88.34
2021-05-18 00:27:26,611:INFO:[Rank-1] train time 42.4483, epoch 123, step  49, loss 0.87854826, auc@1 76.18, auc@5 95.32, share 0, std_loss 0, 
2021-05-18 00:27:43,154:INFO:[Rank-1] val time 16.5408, epoch 123, step  40, loss 1.32443049, auc@1 62.88, auc@5 88.44
2021-05-18 00:28:25,433:INFO:[Rank-1] train time 42.2770, epoch 124, step  49, loss 0.88100904, auc@1 76.17, auc@5 95.26, share 0, std_loss 0, 
2021-05-18 00:28:42,036:INFO:[Rank-1] val time 16.5990, epoch 124, step  40, loss 1.32662623, auc@1 62.87, auc@5 88.28
2021-05-18 00:29:24,377:INFO:[Rank-1] train time 42.3396, epoch 125, step  49, loss 0.87659878, auc@1 76.28, auc@5 95.44, share 0, std_loss 0, 
2021-05-18 00:29:41,036:INFO:[Rank-1] val time 16.6568, epoch 125, step  40, loss 1.32539495, auc@1 62.93, auc@5 88.39
2021-05-18 00:30:23,061:INFO:[Rank-1] train time 42.0230, epoch 126, step  49, loss 0.87393594, auc@1 76.56, auc@5 95.41, share 0, std_loss 0, 
2021-05-18 00:30:39,785:INFO:[Rank-1] val time 16.7226, epoch 126, step  40, loss 1.32592931, auc@1 62.58, auc@5 88.24
2021-05-18 00:31:22,226:INFO:[Rank-1] train time 42.4392, epoch 127, step  49, loss 0.87326914, auc@1 76.41, auc@5 95.44, share 0, std_loss 0, 
2021-05-18 00:31:38,501:INFO:[Rank-1] val time 16.2720, epoch 127, step  40, loss 1.32667452, auc@1 62.78, auc@5 88.30
2021-05-18 00:32:20,791:INFO:[Rank-1] train time 42.2876, epoch 128, step  49, loss 0.87127244, auc@1 76.45, auc@5 95.45, share 0, std_loss 0, 
2021-05-18 00:32:37,540:INFO:[Rank-1] val time 16.7443, epoch 128, step  40, loss 1.32289653, auc@1 63.03, auc@5 88.43
2021-05-18 00:33:20,062:INFO:[Rank-1] train time 42.5199, epoch 129, step  49, loss 0.87005252, auc@1 76.61, auc@5 95.53, share 0, std_loss 0, 
2021-05-18 00:33:36,490:INFO:[Rank-1] val time 16.4238, epoch 129, step  40, loss 1.32542522, auc@1 63.04, auc@5 88.38
2021-05-18 00:34:19,129:INFO:[Rank-1] train time 42.6368, epoch 130, step  49, loss 0.86374593, auc@1 76.58, auc@5 95.61, share 0, std_loss 0, 
2021-05-18 00:34:35,274:INFO:[Rank-1] val time 16.1399, epoch 130, step  40, loss 1.32432629, auc@1 63.14, auc@5 88.41
2021-05-18 00:35:17,472:INFO:[Rank-1] train time 42.1976, epoch 131, step  49, loss 0.86649108, auc@1 76.70, auc@5 95.53, share 0, std_loss 0, 
2021-05-18 00:35:34,137:INFO:[Rank-1] val time 16.6624, epoch 131, step  40, loss 1.32416836, auc@1 62.96, auc@5 88.29
2021-05-18 00:36:16,281:INFO:[Rank-1] train time 42.1427, epoch 132, step  49, loss 0.86251891, auc@1 76.76, auc@5 95.57, share 0, std_loss 0, 
2021-05-18 00:36:32,819:INFO:[Rank-1] val time 16.5359, epoch 132, step  40, loss 1.32532299, auc@1 62.71, auc@5 88.29
2021-05-18 00:37:15,125:INFO:[Rank-1] train time 42.3048, epoch 133, step  49, loss 0.86445034, auc@1 76.73, auc@5 95.49, share 0, std_loss 0, 
2021-05-18 00:37:31,756:INFO:[Rank-1] val time 16.6285, epoch 133, step  40, loss 1.32574805, auc@1 62.98, auc@5 88.48
2021-05-18 00:38:14,289:INFO:[Rank-1] train time 42.5320, epoch 134, step  49, loss 0.86347914, auc@1 76.71, auc@5 95.52, share 0, std_loss 0, 
2021-05-18 00:38:30,900:INFO:[Rank-1] val time 16.6063, epoch 134, step  40, loss 1.32493248, auc@1 63.22, auc@5 88.38
2021-05-18 00:39:13,193:INFO:[Rank-1] train time 42.2912, epoch 135, step  49, loss 0.86145306, auc@1 76.77, auc@5 95.52, share 0, std_loss 0, 
2021-05-18 00:39:30,015:INFO:[Rank-1] val time 16.8167, epoch 135, step  40, loss 1.32422388, auc@1 62.95, auc@5 88.29
2021-05-18 00:40:12,323:INFO:[Rank-1] train time 42.3073, epoch 136, step  49, loss 0.85659903, auc@1 77.01, auc@5 95.73, share 0, std_loss 0, 
2021-05-18 00:40:28,846:INFO:[Rank-1] val time 16.5207, epoch 136, step  40, loss 1.32720104, auc@1 62.83, auc@5 88.19
2021-05-18 00:41:10,997:INFO:[Rank-1] train time 42.1493, epoch 137, step  49, loss 0.85850704, auc@1 76.97, auc@5 95.49, share 0, std_loss 0, 
2021-05-18 00:41:27,560:INFO:[Rank-1] val time 16.5582, epoch 137, step  40, loss 1.32548256, auc@1 62.64, auc@5 88.37
2021-05-18 00:42:10,028:INFO:[Rank-1] train time 42.4671, epoch 138, step  49, loss 0.85539383, auc@1 76.96, auc@5 95.62, share 0, std_loss 0, 
2021-05-18 00:42:26,667:INFO:[Rank-1] val time 16.6372, epoch 138, step  40, loss 1.32503878, auc@1 62.99, auc@5 88.16
2021-05-18 00:43:08,945:INFO:[Rank-1] train time 42.2769, epoch 139, step  49, loss 0.85290611, auc@1 77.03, auc@5 95.68, share 0, std_loss 0, 
2021-05-18 00:43:25,489:INFO:[Rank-1] val time 16.5403, epoch 139, step  40, loss 1.32321993, auc@1 63.06, auc@5 88.44
2021-05-18 00:44:07,994:INFO:[Rank-1] train time 42.5029, epoch 140, step  49, loss 0.84902883, auc@1 77.18, auc@5 95.69, share 0, std_loss 0, 
2021-05-18 00:44:24,590:INFO:[Rank-1] val time 16.5924, epoch 140, step  40, loss 1.32492477, auc@1 62.85, auc@5 88.17
2021-05-18 00:45:06,846:INFO:[Rank-1] train time 42.2543, epoch 141, step  49, loss 0.85235655, auc@1 77.11, auc@5 95.59, share 0, std_loss 0, 
2021-05-18 00:45:23,171:INFO:[Rank-1] val time 16.3233, epoch 141, step  40, loss 1.32574430, auc@1 62.91, auc@5 88.20
2021-05-18 00:46:05,753:INFO:[Rank-1] train time 42.5802, epoch 142, step  49, loss 0.84821898, auc@1 77.25, auc@5 95.72, share 0, std_loss 0, 
2021-05-18 00:46:22,318:INFO:[Rank-1] val time 16.5629, epoch 142, step  40, loss 1.32617265, auc@1 62.95, auc@5 88.31
2021-05-18 00:47:04,569:INFO:[Rank-1] train time 42.2496, epoch 143, step  49, loss 0.84855139, auc@1 77.08, auc@5 95.68, share 0, std_loss 0, 
2021-05-18 00:47:21,196:INFO:[Rank-1] val time 16.6245, epoch 143, step  40, loss 1.32386189, auc@1 62.91, auc@5 88.17
2021-05-18 00:48:03,797:INFO:[Rank-1] train time 42.5993, epoch 144, step  49, loss 0.84458876, auc@1 77.38, auc@5 95.67, share 0, std_loss 0, 
2021-05-18 00:48:20,454:INFO:[Rank-1] val time 16.6521, epoch 144, step  40, loss 1.32941124, auc@1 62.80, auc@5 88.10
2021-05-18 00:49:03,248:INFO:[Rank-1] train time 42.7931, epoch 145, step  49, loss 0.84673768, auc@1 77.29, auc@5 95.71, share 0, std_loss 0, 
2021-05-18 00:49:19,433:INFO:[Rank-1] val time 16.1800, epoch 145, step  40, loss 1.32501226, auc@1 63.07, auc@5 88.34
2021-05-18 00:50:01,880:INFO:[Rank-1] train time 42.4457, epoch 146, step  49, loss 0.84547716, auc@1 77.25, auc@5 95.73, share 0, std_loss 0, 
2021-05-18 00:50:18,670:INFO:[Rank-1] val time 16.7843, epoch 146, step  40, loss 1.32504614, auc@1 62.76, auc@5 88.35
2021-05-18 00:51:01,492:INFO:[Rank-1] train time 42.8194, epoch 147, step  49, loss 0.84221327, auc@1 77.37, auc@5 95.77, share 0, std_loss 0, 
2021-05-18 00:51:18,127:INFO:[Rank-1] val time 16.6318, epoch 147, step  40, loss 1.32394595, auc@1 62.81, auc@5 88.27
2021-05-18 00:52:00,526:INFO:[Rank-1] train time 42.3965, epoch 148, step  49, loss 0.83866554, auc@1 77.57, auc@5 95.81, share 0, std_loss 0, 
2021-05-18 00:52:17,177:INFO:[Rank-1] val time 16.6458, epoch 148, step  40, loss 1.32362259, auc@1 62.96, auc@5 88.21
2021-05-18 00:52:59,843:INFO:[Rank-1] train time 42.6650, epoch 149, step  49, loss 0.83421969, auc@1 77.68, auc@5 95.78, share 0, std_loss 0, 
2021-05-18 00:53:16,273:INFO:[Rank-1] val time 16.4284, epoch 149, step  40, loss 1.32429942, auc@1 62.91, auc@5 88.22
2021-05-18 00:53:58,914:INFO:[Rank-1] train time 42.6397, epoch 150, step  49, loss 0.83796608, auc@1 77.47, auc@5 95.79, share 0, std_loss 0, 
2021-05-18 00:54:15,159:INFO:[Rank-1] val time 16.2422, epoch 150, step  40, loss 1.32515624, auc@1 62.96, auc@5 88.04
2021-05-18 00:54:57,229:INFO:[Rank-1] train time 42.0692, epoch 151, step  49, loss 0.83239681, auc@1 77.75, auc@5 95.85, share 0, std_loss 0, 
2021-05-18 00:55:13,855:INFO:[Rank-1] val time 16.6212, epoch 151, step  40, loss 1.32379101, auc@1 62.95, auc@5 88.17
2021-05-18 00:55:56,274:INFO:[Rank-1] train time 42.4170, epoch 152, step  49, loss 0.83457220, auc@1 77.59, auc@5 95.84, share 0, std_loss 0, 
2021-05-18 00:56:13,011:INFO:[Rank-1] val time 16.7348, epoch 152, step  40, loss 1.32304384, auc@1 62.98, auc@5 88.21
2021-05-18 00:56:55,277:INFO:[Rank-1] train time 42.2636, epoch 153, step  49, loss 0.82906318, auc@1 77.73, auc@5 95.98, share 0, std_loss 0, 
2021-05-18 00:57:11,561:INFO:[Rank-1] val time 16.2816, epoch 153, step  40, loss 1.32191877, auc@1 63.12, auc@5 88.18
2021-05-18 00:57:54,245:INFO:[Rank-1] train time 42.6836, epoch 154, step  49, loss 0.83057392, auc@1 77.49, auc@5 95.91, share 0, std_loss 0, 
2021-05-18 00:58:10,472:INFO:[Rank-1] val time 16.2225, epoch 154, step  40, loss 1.32098103, auc@1 62.98, auc@5 88.10
2021-05-18 00:58:53,045:INFO:[Rank-1] train time 42.5720, epoch 155, step  49, loss 0.82980907, auc@1 77.81, auc@5 95.90, share 0, std_loss 0, 
2021-05-18 00:59:09,733:INFO:[Rank-1] val time 16.6858, epoch 155, step  40, loss 1.32046799, auc@1 63.02, auc@5 88.25
2021-05-18 00:59:52,318:INFO:[Rank-1] train time 42.5826, epoch 156, step  49, loss 0.82923460, auc@1 77.73, auc@5 95.94, share 0, std_loss 0, 
2021-05-18 01:00:08,822:INFO:[Rank-1] val time 16.4993, epoch 156, step  40, loss 1.31980866, auc@1 63.09, auc@5 88.14
2021-05-18 01:00:51,318:INFO:[Rank-1] train time 42.4947, epoch 157, step  49, loss 0.82452548, auc@1 78.03, auc@5 95.93, share 0, std_loss 0, 
2021-05-18 01:01:07,470:INFO:[Rank-1] val time 16.1500, epoch 157, step  40, loss 1.32154679, auc@1 63.08, auc@5 88.16
2021-05-18 01:01:49,632:INFO:[Rank-1] train time 42.1603, epoch 158, step  49, loss 0.83104634, auc@1 77.58, auc@5 95.96, share 0, std_loss 0, 
2021-05-18 01:02:06,268:INFO:[Rank-1] val time 16.6331, epoch 158, step  40, loss 1.32388393, auc@1 62.90, auc@5 88.18
2021-05-18 01:02:48,708:INFO:[Rank-1] train time 42.4388, epoch 159, step  49, loss 0.82457018, auc@1 77.81, auc@5 95.99, share 0, std_loss 0, 
2021-05-18 01:03:05,168:INFO:[Rank-1] val time 16.4578, epoch 159, step  40, loss 1.31984671, auc@1 63.17, auc@5 88.21
2021-05-18 01:03:47,715:INFO:[Rank-1] train time 42.5462, epoch 160, step  49, loss 0.82653487, auc@1 77.87, auc@5 95.87, share 0, std_loss 0, 
2021-05-18 01:04:04,376:INFO:[Rank-1] val time 16.6564, epoch 160, step  40, loss 1.31861861, auc@1 63.10, auc@5 88.28
2021-05-18 01:04:46,897:INFO:[Rank-1] train time 42.5200, epoch 161, step  49, loss 0.82830077, auc@1 77.69, auc@5 95.92, share 0, std_loss 0, 
2021-05-18 01:05:03,266:INFO:[Rank-1] val time 16.3648, epoch 161, step  40, loss 1.32021038, auc@1 63.09, auc@5 88.28
2021-05-18 01:05:45,800:INFO:[Rank-1] train time 42.5323, epoch 162, step  49, loss 0.82654107, auc@1 77.77, auc@5 95.83, share 0, std_loss 0, 
2021-05-18 01:06:02,384:INFO:[Rank-1] val time 16.5798, epoch 162, step  40, loss 1.31903399, auc@1 63.10, auc@5 88.33
2021-05-18 01:06:44,662:INFO:[Rank-1] train time 42.2771, epoch 163, step  49, loss 0.83053708, auc@1 77.75, auc@5 95.80, share 0, std_loss 0, 
2021-05-18 01:07:01,111:INFO:[Rank-1] val time 16.4457, epoch 163, step  40, loss 1.32091454, auc@1 63.03, auc@5 88.25
2021-05-18 01:07:43,611:INFO:[Rank-1] train time 42.4996, epoch 164, step  49, loss 0.82728779, auc@1 77.87, auc@5 95.88, share 0, std_loss 0, 
2021-05-18 01:08:00,176:INFO:[Rank-1] val time 16.5606, epoch 164, step  40, loss 1.31823010, auc@1 63.25, auc@5 88.27
2021-05-18 01:08:42,554:INFO:[Rank-1] train time 42.3767, epoch 165, step  49, loss 0.82387179, auc@1 77.97, auc@5 95.93, share 0, std_loss 0, 
2021-05-18 01:08:59,062:INFO:[Rank-1] val time 16.5037, epoch 165, step  40, loss 1.31903318, auc@1 63.12, auc@5 88.29
2021-05-18 01:09:41,533:INFO:[Rank-1] train time 42.4696, epoch 166, step  49, loss 0.82651955, auc@1 78.06, auc@5 95.73, share 0, std_loss 0, 
2021-05-18 01:09:58,179:INFO:[Rank-1] val time 16.6437, epoch 166, step  40, loss 1.31901153, auc@1 63.08, auc@5 88.20
2021-05-18 01:10:40,582:INFO:[Rank-1] train time 42.4008, epoch 167, step  49, loss 0.82537955, auc@1 77.99, auc@5 95.96, share 0, std_loss 0, 
2021-05-18 01:10:56,938:INFO:[Rank-1] val time 16.3526, epoch 167, step  40, loss 1.31986652, auc@1 62.98, auc@5 88.35
2021-05-18 01:11:39,080:INFO:[Rank-1] train time 42.1406, epoch 168, step  49, loss 0.82685095, auc@1 77.83, auc@5 95.83, share 0, std_loss 0, 
2021-05-18 01:11:55,447:INFO:[Rank-1] val time 16.3646, epoch 168, step  40, loss 1.31786602, auc@1 63.00, auc@5 88.27
2021-05-18 01:12:37,667:INFO:[Rank-1] train time 42.2190, epoch 169, step  49, loss 0.82154697, auc@1 78.00, auc@5 95.95, share 0, std_loss 0, 
2021-05-18 01:12:54,282:INFO:[Rank-1] val time 16.6124, epoch 169, step  40, loss 1.31902570, auc@1 63.07, auc@5 88.40
2021-05-18 01:13:36,982:INFO:[Rank-1] train time 42.6974, epoch 170, step  49, loss 0.82403845, auc@1 77.89, auc@5 95.95, share 0, std_loss 0, 
2021-05-18 01:13:53,199:INFO:[Rank-1] val time 16.2122, epoch 170, step  40, loss 1.31952683, auc@1 63.01, auc@5 88.31
2021-05-18 01:14:35,584:INFO:[Rank-1] train time 42.3842, epoch 171, step  49, loss 0.82185048, auc@1 78.00, auc@5 95.87, share 0, std_loss 0, 
2021-05-18 01:14:51,895:INFO:[Rank-1] val time 16.3089, epoch 171, step  40, loss 1.31751952, auc@1 63.13, auc@5 88.29
2021-05-18 01:15:34,629:INFO:[Rank-1] train time 42.7318, epoch 172, step  49, loss 0.82837641, auc@1 77.79, auc@5 95.86, share 0, std_loss 0, 
2021-05-18 01:15:51,452:INFO:[Rank-1] val time 16.8187, epoch 172, step  40, loss 1.31786548, auc@1 63.13, auc@5 88.36
2021-05-18 01:16:33,895:INFO:[Rank-1] train time 42.4412, epoch 173, step  49, loss 0.82302612, auc@1 78.03, auc@5 95.99, share 0, std_loss 0, 
2021-05-18 01:16:50,480:INFO:[Rank-1] val time 16.5832, epoch 173, step  40, loss 1.31719449, auc@1 63.00, auc@5 88.22
2021-05-18 01:17:32,961:INFO:[Rank-1] train time 42.4797, epoch 174, step  49, loss 0.81882900, auc@1 77.95, auc@5 95.95, share 0, std_loss 0, 
2021-05-18 01:17:49,207:INFO:[Rank-1] val time 16.2409, epoch 174, step  40, loss 1.31671922, auc@1 63.21, auc@5 88.31
2021-05-18 01:18:31,935:INFO:[Rank-1] train time 42.7265, epoch 175, step  49, loss 0.82337838, auc@1 77.78, auc@5 95.86, share 0, std_loss 0, 
2021-05-18 01:18:48,402:INFO:[Rank-1] val time 16.4628, epoch 175, step  40, loss 1.31743108, auc@1 63.29, auc@5 88.29
2021-05-18 01:19:30,862:INFO:[Rank-1] train time 42.4581, epoch 176, step  49, loss 0.82453370, auc@1 78.04, auc@5 95.89, share 0, std_loss 0, 
2021-05-18 01:19:47,522:INFO:[Rank-1] val time 16.6549, epoch 176, step  40, loss 1.31786318, auc@1 63.16, auc@5 88.20
2021-05-18 01:20:30,199:INFO:[Rank-1] train time 42.6753, epoch 177, step  49, loss 0.82026857, auc@1 78.13, auc@5 95.90, share 0, std_loss 0, 
2021-05-18 01:20:46,720:INFO:[Rank-1] val time 16.5161, epoch 177, step  40, loss 1.31820855, auc@1 63.10, auc@5 88.27
2021-05-18 01:21:28,994:INFO:[Rank-1] train time 42.2731, epoch 178, step  49, loss 0.82122922, auc@1 78.13, auc@5 95.92, share 0, std_loss 0, 
2021-05-18 01:21:45,607:INFO:[Rank-1] val time 16.6110, epoch 178, step  40, loss 1.31900023, auc@1 63.11, auc@5 88.23
2021-05-18 01:22:27,957:INFO:[Rank-1] train time 42.3482, epoch 179, step  49, loss 0.81743377, auc@1 77.84, auc@5 96.02, share 0, std_loss 0, 
2021-05-18 01:22:44,272:INFO:[Rank-1] val time 16.3131, epoch 179, step  40, loss 1.31829358, auc@1 63.07, auc@5 88.25
2021-05-18 01:23:26,439:INFO:[Rank-1] train time 42.1662, epoch 180, step  49, loss 0.82132787, auc@1 77.82, auc@5 96.00, share 0, std_loss 0, 
2021-05-18 01:23:42,878:INFO:[Rank-1] val time 16.4367, epoch 180, step  40, loss 1.31808041, auc@1 63.11, auc@5 88.23
2021-05-18 01:24:25,595:INFO:[Rank-1] train time 42.7152, epoch 181, step  49, loss 0.82140338, auc@1 78.01, auc@5 95.93, share 0, std_loss 0, 
2021-05-18 01:24:42,033:INFO:[Rank-1] val time 16.4341, epoch 181, step  40, loss 1.31822717, auc@1 63.15, auc@5 88.16
2021-05-18 01:25:24,672:INFO:[Rank-1] train time 42.6375, epoch 182, step  49, loss 0.82567000, auc@1 77.77, auc@5 95.82, share 0, std_loss 0, 
2021-05-18 01:25:41,103:INFO:[Rank-1] val time 16.4260, epoch 182, step  40, loss 1.31726060, auc@1 63.15, auc@5 88.19
2021-05-18 01:26:23,412:INFO:[Rank-1] train time 42.3081, epoch 183, step  49, loss 0.82079268, auc@1 77.94, auc@5 95.95, share 0, std_loss 0, 
2021-05-18 01:26:39,872:INFO:[Rank-1] val time 16.4575, epoch 183, step  40, loss 1.31804092, auc@1 63.09, auc@5 88.25
2021-05-18 01:27:22,180:INFO:[Rank-1] train time 42.3062, epoch 184, step  49, loss 0.82478279, auc@1 77.82, auc@5 96.00, share 0, std_loss 0, 
2021-05-18 01:27:38,494:INFO:[Rank-1] val time 16.3095, epoch 184, step  40, loss 1.31678596, auc@1 63.32, auc@5 88.23
2021-05-18 01:28:20,807:INFO:[Rank-1] train time 42.3124, epoch 185, step  49, loss 0.81995893, auc@1 78.13, auc@5 96.01, share 0, std_loss 0, 
2021-05-18 01:28:37,609:INFO:[Rank-1] val time 16.7992, epoch 185, step  40, loss 1.31803019, auc@1 63.09, auc@5 88.28
2021-05-18 01:29:19,794:INFO:[Rank-1] train time 42.1601, epoch 186, step  49, loss 0.81841612, auc@1 78.35, auc@5 95.94, share 0, std_loss 0, 
2021-05-18 01:29:36,115:INFO:[Rank-1] val time 16.3189, epoch 186, step  40, loss 1.31674286, auc@1 63.05, auc@5 88.30
2021-05-18 01:30:18,721:INFO:[Rank-1] train time 42.6049, epoch 187, step  49, loss 0.81993693, auc@1 77.89, auc@5 95.99, share 0, std_loss 0, 
2021-05-18 01:30:35,212:INFO:[Rank-1] val time 16.4856, epoch 187, step  40, loss 1.31675048, auc@1 63.21, auc@5 88.27
2021-05-18 01:31:17,882:INFO:[Rank-1] train time 42.6687, epoch 188, step  49, loss 0.81855768, auc@1 78.00, auc@5 96.07, share 0, std_loss 0, 
2021-05-18 01:31:34,292:INFO:[Rank-1] val time 16.4049, epoch 188, step  40, loss 1.31678887, auc@1 63.27, auc@5 88.44
2021-05-18 01:32:16,726:INFO:[Rank-1] train time 42.4329, epoch 189, step  49, loss 0.81683892, auc@1 78.18, auc@5 96.09, share 0, std_loss 0, 
2021-05-18 01:32:33,211:INFO:[Rank-1] val time 16.4807, epoch 189, step  40, loss 1.31673538, auc@1 63.18, auc@5 88.31
2021-05-18 01:33:15,311:INFO:[Rank-1] train time 42.0976, epoch 190, step  49, loss 0.82108557, auc@1 78.21, auc@5 95.87, share 0, std_loss 0, 
2021-05-18 01:33:31,438:INFO:[Rank-1] val time 16.1219, epoch 190, step  40, loss 1.31620869, auc@1 63.12, auc@5 88.39
2021-05-18 01:34:14,032:INFO:[Rank-1] train time 42.5931, epoch 191, step  49, loss 0.82120413, auc@1 77.98, auc@5 95.92, share 0, std_loss 0, 
2021-05-18 01:34:30,537:INFO:[Rank-1] val time 16.4999, epoch 191, step  40, loss 1.31666215, auc@1 63.13, auc@5 88.24
2021-05-18 01:35:13,419:INFO:[Rank-1] train time 42.8809, epoch 192, step  49, loss 0.81627601, auc@1 78.16, auc@5 96.10, share 0, std_loss 0, 
2021-05-18 01:35:30,052:INFO:[Rank-1] val time 16.6298, epoch 192, step  40, loss 1.31580609, auc@1 63.11, auc@5 88.15
2021-05-18 01:36:12,400:INFO:[Rank-1] train time 42.3456, epoch 193, step  49, loss 0.81920189, auc@1 78.02, auc@5 96.00, share 0, std_loss 0, 
2021-05-18 01:36:28,901:INFO:[Rank-1] val time 16.4975, epoch 193, step  40, loss 1.31663766, auc@1 63.13, auc@5 88.30
2021-05-18 01:37:11,499:INFO:[Rank-1] train time 42.5974, epoch 194, step  49, loss 0.82077193, auc@1 77.88, auc@5 96.00, share 0, std_loss 0, 
2021-05-18 01:37:27,862:INFO:[Rank-1] val time 16.3598, epoch 194, step  40, loss 1.31700781, auc@1 63.15, auc@5 88.37
2021-05-18 01:38:10,356:INFO:[Rank-1] train time 42.4928, epoch 195, step  49, loss 0.81661463, auc@1 78.04, auc@5 96.09, share 0, std_loss 0, 
2021-05-18 01:38:26,913:INFO:[Rank-1] val time 16.5511, epoch 195, step  40, loss 1.31894600, auc@1 63.13, auc@5 88.41
2021-05-18 01:39:09,284:INFO:[Rank-1] train time 42.3705, epoch 196, step  49, loss 0.82005924, auc@1 78.02, auc@5 95.96, share 0, std_loss 0, 
2021-05-18 01:39:25,919:INFO:[Rank-1] val time 16.6296, epoch 196, step  40, loss 1.31848868, auc@1 63.08, auc@5 88.33
2021-05-18 01:40:08,681:INFO:[Rank-1] train time 42.7612, epoch 197, step  49, loss 0.81914192, auc@1 78.16, auc@5 95.91, share 0, std_loss 0, 
2021-05-18 01:40:25,451:INFO:[Rank-1] val time 16.7669, epoch 197, step  40, loss 1.31627368, auc@1 63.26, auc@5 88.28
2021-05-18 01:41:07,825:INFO:[Rank-1] train time 42.3726, epoch 198, step  49, loss 0.81829208, auc@1 78.22, auc@5 95.93, share 0, std_loss 0, 
2021-05-18 01:41:23,955:INFO:[Rank-1] val time 16.1273, epoch 198, step  40, loss 1.31708204, auc@1 63.10, auc@5 88.43
2021-05-18 01:42:06,192:INFO:[Rank-1] train time 42.2362, epoch 199, step  49, loss 0.81848317, auc@1 77.99, auc@5 96.07, share 0, std_loss 0, 
2021-05-18 01:42:22,828:INFO:[Rank-1] val time 16.6341, epoch 199, step  40, loss 1.31686801, auc@1 63.21, auc@5 88.32
2021-05-18 01:43:05,075:INFO:[Rank-1] train time 42.2459, epoch 200, step  49, loss 0.81883037, auc@1 78.25, auc@5 95.96, share 0, std_loss 0, 
2021-05-18 01:43:21,479:INFO:[Rank-1] val time 16.3984, epoch 200, step  40, loss 1.31838088, auc@1 63.12, auc@5 88.25
2021-05-18 01:43:21,480:INFO:[Rank-1] finish, train+val 11796.94199, train 8496.44471, reduce_count   0
