2021-05-18 04:44:05,431:INFO:[Rank-2] args : Namespace(batch=1024, current_time='20210517_222635', dataset='cifar100', epochs=200, ip='192.168.1.1:7548', k=4, lr=0.01, momentum=0.9, rank=2, train_type='mix', weight_decay=0.005, world=4)
2021-05-18 04:44:44,185:INFO:[Rank-2] train time 36.9377, epoch   1, step  49, loss 4.78524733, auc@1 2.14, auc@5 8.49, share 15, std_loss 0.027915264897960788,  4.81052 4.75993 4.75776 4.81277
2021-05-18 04:44:59,874:INFO:[Rank-2] val time 15.6852, epoch   1, step  40, loss 4.45866614, auc@1 4.09, auc@5 13.96
2021-05-18 04:45:37,512:INFO:[Rank-2] train time 37.3309, epoch   2, step  49, loss 4.41505146, auc@1 4.34, auc@5 16.52, share 12, std_loss 0.09377828529294656,  4.42445 4.36972 4.35534 4.51070
2021-05-18 04:45:53,338:INFO:[Rank-2] val time 15.8231, epoch   2, step  40, loss 4.23388941, auc@1 6.37, auc@5 21.39
2021-05-18 04:46:30,630:INFO:[Rank-2] train time 37.0577, epoch   3, step  49, loss 4.14487696, auc@1 6.34, auc@5 22.69, share 16, std_loss 0.026652734859713485,  4.12690 4.13482 4.13349 4.18431
2021-05-18 04:46:46,354:INFO:[Rank-2] val time 15.7214, epoch   3, step  40, loss 3.97296313, auc@1 8.74, auc@5 28.16
2021-05-18 04:47:24,053:INFO:[Rank-2] train time 37.4400, epoch   4, step  49, loss 3.98003507, auc@1 8.33, auc@5 27.71, share 13, std_loss 0.0133434273397588,  3.97146 3.98991 3.97869 3.98008
2021-05-18 04:47:39,639:INFO:[Rank-2] val time 15.5832, epoch   4, step  40, loss 3.86516676, auc@1 10.89, auc@5 32.07
2021-05-18 04:48:17,088:INFO:[Rank-2] train time 36.9969, epoch   5, step  49, loss 3.86379623, auc@1 9.94, auc@5 31.06, share 14, std_loss 0.017008969892880747,  3.86160 3.86091 3.86481 3.86787
2021-05-18 04:48:32,665:INFO:[Rank-2] val time 15.5731, epoch   5, step  40, loss 3.77230847, auc@1 11.33, auc@5 34.09
2021-05-18 04:49:10,679:INFO:[Rank-2] train time 37.4488, epoch   6, step  49, loss 3.77038646, auc@1 11.02, auc@5 33.94, share 16, std_loss 0.024689521003818632,  3.74071 3.76412 3.77239 3.80432
2021-05-18 04:49:26,230:INFO:[Rank-2] val time 15.5477, epoch   6, step  40, loss 3.70830000, auc@1 11.67, auc@5 34.82
2021-05-18 04:50:03,460:INFO:[Rank-2] train time 36.8463, epoch   7, step  49, loss 3.68654537, auc@1 12.28, auc@5 36.63, share 17, std_loss 0.01210542418518845,  3.68081 3.68658 3.69520 3.68359
2021-05-18 04:50:19,118:INFO:[Rank-2] val time 15.6548, epoch   7, step  40, loss 3.63948104, auc@1 13.58, auc@5 37.84
2021-05-18 04:50:57,056:INFO:[Rank-2] train time 37.2326, epoch   8, step  49, loss 3.60190439, auc@1 13.81, auc@5 39.00, share 17, std_loss 0.020608527034673155,  3.59619 3.57583 3.62385 3.61175
2021-05-18 04:51:12,815:INFO:[Rank-2] val time 15.7563, epoch   8, step  40, loss 3.61087563, auc@1 14.03, auc@5 39.00
2021-05-18 04:51:50,697:INFO:[Rank-2] train time 37.5424, epoch   9, step  49, loss 3.50912905, auc@1 15.45, auc@5 42.03, share 16, std_loss 0.03535541762806931,  3.49665 3.48125 3.51215 3.54497
2021-05-18 04:52:06,257:INFO:[Rank-2] val time 15.5574, epoch   9, step  40, loss 3.52221815, auc@1 16.32, auc@5 42.04
2021-05-18 04:52:43,591:INFO:[Rank-2] train time 36.9464, epoch  10, step  49, loss 3.41146541, auc@1 16.98, auc@5 44.68, share 13, std_loss 0.040148970005767684,  3.38058 3.39515 3.43851 3.43163
2021-05-18 04:52:59,148:INFO:[Rank-2] val time 15.5541, epoch  10, step  40, loss 3.31984247, auc@1 19.02, auc@5 47.86
2021-05-18 04:53:36,423:INFO:[Rank-2] train time 37.0483, epoch  11, step  49, loss 3.33971071, auc@1 18.20, auc@5 46.97, share 16, std_loss 0.029224234880233298,  3.32063 3.32235 3.34839 3.36747
2021-05-18 04:53:52,263:INFO:[Rank-2] val time 15.8359, epoch  11, step  40, loss 3.47163787, auc@1 16.95, auc@5 43.06
2021-05-18 04:54:29,576:INFO:[Rank-2] train time 37.0438, epoch  12, step  49, loss 3.25412631, auc@1 20.02, auc@5 49.09, share 12, std_loss 0.03678820998769025,  3.24215 3.23029 3.27862 3.26544
2021-05-18 04:54:44,984:INFO:[Rank-2] val time 15.4051, epoch  12, step  40, loss 3.22898575, auc@1 21.26, auc@5 50.03
2021-05-18 04:55:22,359:INFO:[Rank-2] train time 37.1136, epoch  13, step  49, loss 3.18048191, auc@1 21.18, auc@5 51.07, share 15, std_loss 0.04811473517697685,  3.18784 3.13984 3.20549 3.18876
2021-05-18 04:55:38,147:INFO:[Rank-2] val time 15.7853, epoch  13, step  40, loss 3.38182770, auc@1 18.63, auc@5 46.55
2021-05-18 04:56:15,471:INFO:[Rank-2] train time 37.0240, epoch  14, step  49, loss 3.10797811, auc@1 22.41, auc@5 52.85, share 16, std_loss 0.0428869580583913,  3.08597 3.06206 3.15407 3.12981
2021-05-18 04:56:31,226:INFO:[Rank-2] val time 15.7520, epoch  14, step  40, loss 3.30018695, auc@1 19.26, auc@5 48.30
2021-05-18 04:57:08,758:INFO:[Rank-2] train time 37.1396, epoch  15, step  49, loss 3.02045989, auc@1 23.96, auc@5 55.29, share 14, std_loss 0.039285668495054146,  3.01302 2.99369 3.03736 3.04067
2021-05-18 04:57:24,459:INFO:[Rank-2] val time 15.6980, epoch  15, step  40, loss 3.04739917, auc@1 23.77, auc@5 54.77
2021-05-18 04:58:01,879:INFO:[Rank-2] train time 36.9522, epoch  16, step  49, loss 2.96343446, auc@1 25.38, auc@5 56.77, share 16, std_loss 0.03890270428085814,  2.96607 2.93434 3.00177 2.95156
2021-05-18 04:58:17,524:INFO:[Rank-2] val time 15.6420, epoch  16, step  40, loss 3.09762225, auc@1 24.25, auc@5 53.81
2021-05-18 04:58:55,301:INFO:[Rank-2] train time 37.5159, epoch  17, step  49, loss 2.85828686, auc@1 27.04, auc@5 59.20, share 11, std_loss 0.07860025961180123,  2.86421 2.78688 2.88147 2.89935
2021-05-18 04:59:10,980:INFO:[Rank-2] val time 15.6759, epoch  17, step  40, loss 2.86336791, auc@1 27.30, auc@5 59.10
2021-05-18 04:59:48,076:INFO:[Rank-2] train time 36.7391, epoch  18, step  49, loss 2.80764318, auc@1 28.01, auc@5 60.68, share 16, std_loss 0.02875080254233005,  2.81191 2.79214 2.80646 2.82006
2021-05-18 05:00:03,731:INFO:[Rank-2] val time 15.6517, epoch  18, step  40, loss 2.76975492, auc@1 29.40, auc@5 61.66
2021-05-18 05:00:41,133:INFO:[Rank-2] train time 37.0048, epoch  19, step  49, loss 2.72553658, auc@1 29.67, auc@5 62.54, share 15, std_loss 0.029142054063933238,  2.72791 2.70176 2.74547 2.72701
2021-05-18 05:00:56,720:INFO:[Rank-2] val time 15.5835, epoch  19, step  40, loss 3.19759237, auc@1 23.13, auc@5 52.31
2021-05-18 05:01:34,465:INFO:[Rank-2] train time 37.2817, epoch  20, step  49, loss 2.68823719, auc@1 30.42, auc@5 63.34, share 17, std_loss 0.03533824901951819,  2.70659 2.64102 2.70014 2.70661
2021-05-18 05:01:50,100:INFO:[Rank-2] val time 15.6322, epoch  20, step  40, loss 2.77009584, auc@1 30.06, auc@5 60.98
2021-05-18 05:02:27,772:INFO:[Rank-2] train time 37.4382, epoch  21, step  49, loss 2.59694552, auc@1 32.19, auc@5 65.68, share 16, std_loss 0.04439286750798323,  2.58033 2.54731 2.63555 2.62460
2021-05-18 05:02:43,248:INFO:[Rank-2] val time 15.4730, epoch  21, step  40, loss 2.62201230, auc@1 31.37, auc@5 64.77
2021-05-18 05:03:21,241:INFO:[Rank-2] train time 37.5921, epoch  22, step  49, loss 2.51806879, auc@1 33.99, auc@5 67.11, share 13, std_loss 0.0505311411938497,  2.51545 2.47652 2.53261 2.54770
2021-05-18 05:03:36,858:INFO:[Rank-2] val time 15.6132, epoch  22, step  40, loss 2.65016918, auc@1 31.80, auc@5 63.80
2021-05-18 05:04:14,398:INFO:[Rank-2] train time 37.1048, epoch  23, step  49, loss 2.45552087, auc@1 35.03, auc@5 69.00, share 14, std_loss 0.021284159462974996,  2.45198 2.44574 2.46069 2.46368
2021-05-18 05:04:29,942:INFO:[Rank-2] val time 15.5407, epoch  23, step  40, loss 2.62077030, auc@1 32.36, auc@5 65.49
2021-05-18 05:05:07,648:INFO:[Rank-2] train time 37.3692, epoch  24, step  49, loss 2.41124821, auc@1 36.11, auc@5 69.87, share 16, std_loss 0.030526574092860123,  2.38397 2.42603 2.42731 2.40769
2021-05-18 05:05:23,101:INFO:[Rank-2] val time 15.4510, epoch  24, step  40, loss 2.59354981, auc@1 33.78, auc@5 64.37
2021-05-18 05:06:00,705:INFO:[Rank-2] train time 37.1951, epoch  25, step  49, loss 2.33780622, auc@1 37.46, auc@5 71.11, share 13, std_loss 0.039145758565591306,  2.32268 2.32839 2.33788 2.36228
2021-05-18 05:06:16,286:INFO:[Rank-2] val time 15.5778, epoch  25, step  40, loss 2.63786372, auc@1 32.84, auc@5 64.19
2021-05-18 05:06:54,030:INFO:[Rank-2] train time 37.4344, epoch  26, step  49, loss 2.28050804, auc@1 38.87, auc@5 72.54, share 13, std_loss 0.02907443983594374,  2.24638 2.27891 2.30093 2.29582
2021-05-18 05:07:09,721:INFO:[Rank-2] val time 15.6877, epoch  26, step  40, loss 2.32304100, auc@1 38.52, auc@5 70.97
2021-05-18 05:07:47,167:INFO:[Rank-2] train time 37.1119, epoch  27, step  49, loss 2.22750854, auc@1 40.21, auc@5 73.65, share 16, std_loss 0.04182174645972495,  2.17020 2.23329 2.22395 2.28258
2021-05-18 05:08:02,846:INFO:[Rank-2] val time 15.6761, epoch  27, step  40, loss 2.43445387, auc@1 35.79, auc@5 68.59
2021-05-18 05:08:40,670:INFO:[Rank-2] train time 37.4055, epoch  28, step  49, loss 2.18413901, auc@1 40.87, auc@5 74.68, share 16, std_loss 0.01823594909617487,  2.20161 2.17962 2.16504 2.19029
2021-05-18 05:08:56,189:INFO:[Rank-2] val time 15.5160, epoch  28, step  40, loss 2.40973944, auc@1 36.51, auc@5 69.82
2021-05-18 05:09:33,903:INFO:[Rank-2] train time 37.3766, epoch  29, step  49, loss 2.13782883, auc@1 42.14, auc@5 75.51, share 13, std_loss 0.02549399932067157,  2.14004 2.13034 2.13741 2.14471
2021-05-18 05:09:49,585:INFO:[Rank-2] val time 15.6786, epoch  29, step  40, loss 2.33652270, auc@1 39.07, auc@5 71.11
2021-05-18 05:10:27,274:INFO:[Rank-2] train time 37.3079, epoch  30, step  49, loss 2.08109760, auc@1 43.26, auc@5 76.58, share 12, std_loss 0.040675142323788334,  2.03560 2.09059 2.07960 2.11301
2021-05-18 05:10:42,828:INFO:[Rank-2] val time 15.5513, epoch  30, step  40, loss 2.51130845, auc@1 35.00, auc@5 67.41
2021-05-18 05:11:20,552:INFO:[Rank-2] train time 37.4085, epoch  31, step  49, loss 2.05026150, auc@1 44.03, auc@5 77.34, share 17, std_loss 0.026902834542703872,  2.00725 2.06697 2.07078 2.05146
2021-05-18 05:11:36,197:INFO:[Rank-2] val time 15.6424, epoch  31, step  40, loss 2.34875294, auc@1 38.24, auc@5 70.53
2021-05-18 05:12:13,598:INFO:[Rank-2] train time 37.1261, epoch  32, step  49, loss 2.01045537, auc@1 44.91, auc@5 78.09, share 15, std_loss 0.05713926803092567,  1.97618 2.04654 1.96970 2.04941
2021-05-18 05:12:29,054:INFO:[Rank-2] val time 15.4528, epoch  32, step  40, loss 2.22717668, auc@1 40.89, auc@5 73.58
2021-05-18 05:13:06,801:INFO:[Rank-2] train time 37.4172, epoch  33, step  49, loss 1.98377371, auc@1 45.65, auc@5 78.32, share 17, std_loss 0.0367967640714986,  1.93626 2.00924 1.98532 2.00024
2021-05-18 05:13:22,476:INFO:[Rank-2] val time 15.6727, epoch  33, step  40, loss 2.15917942, auc@1 41.99, auc@5 74.84
2021-05-18 05:14:00,161:INFO:[Rank-2] train time 37.2798, epoch  34, step  49, loss 1.92120826, auc@1 47.21, auc@5 79.73, share 15, std_loss 0.05760553737684172,  1.84467 1.96396 1.92245 1.95027
2021-05-18 05:14:15,865:INFO:[Rank-2] val time 15.7006, epoch  34, step  40, loss 2.12928640, auc@1 42.98, auc@5 75.38
2021-05-18 05:14:53,712:INFO:[Rank-2] train time 37.5148, epoch  35, step  49, loss 1.89839947, auc@1 47.60, auc@5 80.21, share 16, std_loss 0.03775142422135996,  1.86641 1.89580 1.90815 1.92314
2021-05-18 05:15:09,166:INFO:[Rank-2] val time 15.4517, epoch  35, step  40, loss 2.21611013, auc@1 41.13, auc@5 73.85
2021-05-18 05:15:47,242:INFO:[Rank-2] train time 37.6782, epoch  36, step  49, loss 1.87521231, auc@1 48.24, auc@5 80.58, share 17, std_loss 0.032261431825404266,  1.86576 1.90054 1.83128 1.90327
2021-05-18 05:16:02,882:INFO:[Rank-2] val time 15.6367, epoch  36, step  40, loss 2.10710870, auc@1 43.56, auc@5 75.48
2021-05-18 05:16:40,436:INFO:[Rank-2] train time 37.2035, epoch  37, step  49, loss 1.84568214, auc@1 49.03, auc@5 81.19, share 18, std_loss 0.023968643470838363,  1.81202 1.86432 1.85091 1.85547
2021-05-18 05:16:56,132:INFO:[Rank-2] val time 15.6937, epoch  37, step  40, loss 2.10450823, auc@1 43.46, auc@5 75.51
2021-05-18 05:17:33,741:INFO:[Rank-2] train time 37.2650, epoch  38, step  49, loss 1.79726362, auc@1 50.24, auc@5 81.95, share 14, std_loss 0.031389006432525964,  1.77847 1.81174 1.82549 1.77919
2021-05-18 05:17:49,403:INFO:[Rank-2] val time 15.6589, epoch  38, step  40, loss 2.07761201, auc@1 43.28, auc@5 76.62
2021-05-18 05:18:26,610:INFO:[Rank-2] train time 36.8895, epoch  39, step  49, loss 1.77358782, auc@1 50.71, auc@5 82.40, share 16, std_loss 0.016410084773919413,  1.76413 1.78641 1.77183 1.77198
2021-05-18 05:18:42,304:INFO:[Rank-2] val time 15.6907, epoch  39, step  40, loss 1.97631436, auc@1 45.92, auc@5 78.32
2021-05-18 05:19:20,506:INFO:[Rank-2] train time 37.9120, epoch  40, step  49, loss 1.74349582, auc@1 51.55, auc@5 82.92, share 17, std_loss 0.02165815412846147,  1.70186 1.75205 1.77066 1.74941
2021-05-18 05:19:36,298:INFO:[Rank-2] val time 15.7852, epoch  40, step  40, loss 2.19744815, auc@1 41.83, auc@5 74.40
2021-05-18 05:20:13,440:INFO:[Rank-2] train time 36.8140, epoch  41, step  49, loss 1.70722818, auc@1 52.64, auc@5 83.50, share 15, std_loss 0.03539418820671889,  1.67234 1.72668 1.71320 1.71669
2021-05-18 05:20:29,128:INFO:[Rank-2] val time 15.6847, epoch  41, step  40, loss 2.06210901, auc@1 44.71, auc@5 76.32
2021-05-18 05:21:06,704:INFO:[Rank-2] train time 37.3483, epoch  42, step  49, loss 1.69104886, auc@1 52.67, auc@5 84.02, share 16, std_loss 0.03167966867283899,  1.64884 1.71185 1.69198 1.71156
2021-05-18 05:21:22,305:INFO:[Rank-2] val time 15.5974, epoch  42, step  40, loss 2.11044567, auc@1 44.54, auc@5 75.78
2021-05-18 05:21:59,657:INFO:[Rank-2] train time 37.0270, epoch  43, step  49, loss 1.66924739, auc@1 53.32, auc@5 84.21, share 13, std_loss 0.027423167278115848,  1.64987 1.68487 1.66160 1.68066
2021-05-18 05:22:15,342:INFO:[Rank-2] val time 15.6819, epoch  43, step  40, loss 1.97713318, auc@1 46.49, auc@5 77.77
2021-05-18 05:22:52,978:INFO:[Rank-2] train time 37.3617, epoch  44, step  49, loss 1.65320671, auc@1 53.86, auc@5 84.51, share 16, std_loss 0.02205855215006337,  1.66789 1.63060 1.67007 1.64108
2021-05-18 05:23:08,706:INFO:[Rank-2] val time 15.7251, epoch  44, step  40, loss 2.17985521, auc@1 42.62, auc@5 74.95
2021-05-18 05:23:46,259:INFO:[Rank-2] train time 37.3659, epoch  45, step  49, loss 1.62660062, auc@1 54.77, auc@5 85.00, share 11, std_loss 0.023029791571351946,  1.60569 1.63484 1.61993 1.64593
2021-05-18 05:24:01,958:INFO:[Rank-2] val time 15.6950, epoch  45, step  40, loss 1.84735170, auc@1 49.35, auc@5 80.71
2021-05-18 05:24:39,578:INFO:[Rank-2] train time 37.3676, epoch  46, step  49, loss 1.61732018, auc@1 54.69, auc@5 85.02, share 18, std_loss 0.022699784848610967,  1.62778 1.62632 1.59715 1.61803
2021-05-18 05:24:55,147:INFO:[Rank-2] val time 15.5666, epoch  46, step  40, loss 1.91551617, auc@1 47.45, auc@5 79.68
2021-05-18 05:25:32,685:INFO:[Rank-2] train time 37.1814, epoch  47, step  49, loss 1.58608174, auc@1 55.92, auc@5 85.58, share 13, std_loss 0.03469360083797757,  1.59599 1.57146 1.57137 1.60908
2021-05-18 05:25:48,395:INFO:[Rank-2] val time 15.7079, epoch  47, step  40, loss 1.85551020, auc@1 48.38, auc@5 80.58
2021-05-18 05:26:25,912:INFO:[Rank-2] train time 37.2545, epoch  48, step  49, loss 1.57201481, auc@1 55.87, auc@5 85.90, share 14, std_loss 0.024374771083952213,  1.53971 1.58222 1.57338 1.58812
2021-05-18 05:26:41,628:INFO:[Rank-2] val time 15.7133, epoch  48, step  40, loss 1.98045035, auc@1 46.21, auc@5 78.23
2021-05-18 05:27:18,986:INFO:[Rank-2] train time 37.0043, epoch  49, step  49, loss 1.56040370, auc@1 56.38, auc@5 86.07, share 15, std_loss 0.02615839136498315,  1.56623 1.56335 1.53661 1.57542
2021-05-18 05:27:34,676:INFO:[Rank-2] val time 15.6862, epoch  49, step  40, loss 1.90756434, auc@1 48.62, auc@5 79.06
2021-05-18 05:28:12,324:INFO:[Rank-2] train time 37.3052, epoch  50, step  49, loss 1.54390860, auc@1 56.67, auc@5 86.35, share 15, std_loss 0.025056933566015595,  1.54549 1.53498 1.57785 1.51732
2021-05-18 05:28:27,890:INFO:[Rank-2] val time 15.5616, epoch  50, step  40, loss 2.10995316, auc@1 44.35, auc@5 75.12
2021-05-18 05:29:05,623:INFO:[Rank-2] train time 37.4634, epoch  51, step  49, loss 1.35377645, auc@1 62.27, auc@5 89.24, share 13, std_loss 0.022350598525788103,  1.35005 1.35837 1.36146 1.34524
2021-05-18 05:29:21,322:INFO:[Rank-2] val time 15.6961, epoch  51, step  40, loss 1.35096785, auc@1 61.39, auc@5 88.18
2021-05-18 05:29:58,641:INFO:[Rank-2] train time 37.0039, epoch  52, step  49, loss 1.22123742, auc@1 65.53, auc@5 91.06, share 13, std_loss 0.028116949700883458,  1.20656 1.21396 1.23601 1.22853
2021-05-18 05:30:14,392:INFO:[Rank-2] val time 15.7487, epoch  52, step  40, loss 1.31235340, auc@1 61.92, auc@5 88.80
2021-05-18 05:30:52,213:INFO:[Rank-2] train time 37.4726, epoch  53, step  49, loss 1.18379569, auc@1 66.67, auc@5 91.51, share 13, std_loss 0.022711128034457868,  1.17760 1.17332 1.19907 1.18520
2021-05-18 05:31:07,785:INFO:[Rank-2] val time 15.5695, epoch  53, step  40, loss 1.28708300, auc@1 62.63, auc@5 89.29
2021-05-18 05:31:45,560:INFO:[Rank-2] train time 37.3331, epoch  54, step  49, loss 1.15477121, auc@1 67.46, auc@5 91.86, share 16, std_loss 0.027450624739333074,  1.14459 1.14031 1.19001 1.14416
2021-05-18 05:32:01,045:INFO:[Rank-2] val time 15.4825, epoch  54, step  40, loss 1.26344848, auc@1 63.39, auc@5 89.67
2021-05-18 05:32:39,015:INFO:[Rank-2] train time 37.5175, epoch  55, step  49, loss 1.13587201, auc@1 67.83, auc@5 92.11, share 15, std_loss 0.028968351608028218,  1.11841 1.11324 1.16416 1.14768
2021-05-18 05:32:54,648:INFO:[Rank-2] val time 15.6302, epoch  55, step  40, loss 1.25565495, auc@1 63.71, auc@5 89.69
2021-05-18 05:33:32,001:INFO:[Rank-2] train time 37.0796, epoch  56, step  49, loss 1.11741674, auc@1 68.36, auc@5 92.47, share 13, std_loss 0.025064181137297834,  1.11958 1.12463 1.09449 1.12968
2021-05-18 05:33:47,858:INFO:[Rank-2] val time 15.8546, epoch  56, step  40, loss 1.25016247, auc@1 64.06, auc@5 89.60
2021-05-18 05:34:25,491:INFO:[Rank-2] train time 37.2788, epoch  57, step  49, loss 1.09986520, auc@1 68.94, auc@5 92.57, share 15, std_loss 0.012538908144497141,  1.08847 1.11091 1.09696 1.10489
2021-05-18 05:34:41,103:INFO:[Rank-2] val time 15.6087, epoch  57, step  40, loss 1.24666700, auc@1 63.92, auc@5 89.50
2021-05-18 05:35:18,896:INFO:[Rank-2] train time 37.4380, epoch  58, step  49, loss 1.08683753, auc@1 69.35, auc@5 92.73, share 14, std_loss 0.016737627188618084,  1.07077 1.09029 1.09700 1.08930
2021-05-18 05:35:34,657:INFO:[Rank-2] val time 15.7572, epoch  58, step  40, loss 1.23668107, auc@1 64.42, auc@5 89.87
2021-05-18 05:36:12,299:INFO:[Rank-2] train time 37.2007, epoch  59, step  49, loss 1.07133424, auc@1 69.70, auc@5 92.95, share 14, std_loss 0.01340063012262084,  1.06519 1.06256 1.08843 1.06916
2021-05-18 05:36:27,921:INFO:[Rank-2] val time 15.6186, epoch  59, step  40, loss 1.22452514, auc@1 64.62, auc@5 90.18
2021-05-18 05:37:05,398:INFO:[Rank-2] train time 37.0551, epoch  60, step  49, loss 1.06152284, auc@1 70.03, auc@5 92.97, share 14, std_loss 0.021957431216629183,  1.05121 1.05826 1.07441 1.06221
2021-05-18 05:37:20,949:INFO:[Rank-2] val time 15.5477, epoch  60, step  40, loss 1.23042682, auc@1 64.40, auc@5 89.86
2021-05-18 05:37:58,760:INFO:[Rank-2] train time 37.3964, epoch  61, step  49, loss 1.04239833, auc@1 70.83, auc@5 93.35, share 14, std_loss 0.02777309941926173,  1.03250 1.03508 1.06420 1.03782
2021-05-18 05:38:14,487:INFO:[Rank-2] val time 15.7243, epoch  61, step  40, loss 1.21749693, auc@1 64.90, auc@5 90.04
2021-05-18 05:38:52,075:INFO:[Rank-2] train time 37.2958, epoch  62, step  49, loss 1.03317451, auc@1 70.74, auc@5 93.39, share 15, std_loss 0.017065620867117326,  1.02480 1.04477 1.04250 1.02267
2021-05-18 05:39:07,679:INFO:[Rank-2] val time 15.6009, epoch  62, step  40, loss 1.20848065, auc@1 65.00, auc@5 90.20
2021-05-18 05:39:44,228:INFO:[Rank-2] train time 36.2997, epoch  63, step  49, loss 1.02112520, auc@1 71.16, auc@5 93.62, share 16, std_loss 0.018856815813223318,  1.00237 1.01457 1.02922 1.03833
2021-05-18 05:39:59,829:INFO:[Rank-2] val time 15.5980, epoch  63, step  40, loss 1.20884794, auc@1 65.41, auc@5 90.14
2021-05-18 05:40:37,607:INFO:[Rank-2] train time 37.4051, epoch  64, step  49, loss 1.01422012, auc@1 71.33, auc@5 93.54, share 11, std_loss 0.02816278498847874,  0.99826 1.00991 1.03352 1.01519
2021-05-18 05:40:53,352:INFO:[Rank-2] val time 15.7428, epoch  64, step  40, loss 1.19565462, auc@1 65.32, auc@5 90.39
2021-05-18 05:41:31,115:INFO:[Rank-2] train time 37.4791, epoch  65, step  49, loss 1.00190139, auc@1 71.71, auc@5 93.77, share 13, std_loss 0.018298277645656953,  1.00918 1.00172 1.00110 0.99928
2021-05-18 05:41:46,821:INFO:[Rank-2] val time 15.7032, epoch  65, step  40, loss 1.19246253, auc@1 65.63, auc@5 90.39
2021-05-18 05:42:24,386:INFO:[Rank-2] train time 37.2271, epoch  66, step  49, loss 0.99064064, auc@1 71.98, auc@5 93.77, share 17, std_loss 0.013493664458165971,  0.98234 1.00091 0.98520 0.99584
2021-05-18 05:42:40,236:INFO:[Rank-2] val time 15.8478, epoch  66, step  40, loss 1.18722249, auc@1 65.67, auc@5 90.25
2021-05-18 05:43:17,271:INFO:[Rank-2] train time 36.7718, epoch  67, step  49, loss 0.98288745, auc@1 72.28, auc@5 93.95, share 12, std_loss 0.018214644750162046,  0.98662 0.96986 0.97804 0.99703
2021-05-18 05:43:32,926:INFO:[Rank-2] val time 15.6522, epoch  67, step  40, loss 1.18235519, auc@1 65.57, auc@5 90.34
2021-05-18 05:44:10,065:INFO:[Rank-2] train time 36.8874, epoch  68, step  49, loss 0.97284114, auc@1 72.63, auc@5 94.08, share 13, std_loss 0.02190734370022404,  0.96027 0.97589 0.98840 0.96680
2021-05-18 05:44:25,690:INFO:[Rank-2] val time 15.6220, epoch  68, step  40, loss 1.18612313, auc@1 65.59, auc@5 90.39
2021-05-18 05:45:03,357:INFO:[Rank-2] train time 37.3037, epoch  69, step  49, loss 0.95928514, auc@1 73.00, auc@5 94.17, share 16, std_loss 0.023952372676255752,  0.93398 0.95874 0.98498 0.95944
2021-05-18 05:45:19,173:INFO:[Rank-2] val time 15.8128, epoch  69, step  40, loss 1.17616388, auc@1 65.98, auc@5 90.66
2021-05-18 05:45:56,984:INFO:[Rank-2] train time 37.4731, epoch  70, step  49, loss 0.95160007, auc@1 72.98, auc@5 94.33, share 16, std_loss 0.019056678806640664,  0.93920 0.94854 0.97630 0.94126
2021-05-18 05:46:12,776:INFO:[Rank-2] val time 15.7897, epoch  70, step  40, loss 1.17904112, auc@1 65.67, auc@5 90.55
2021-05-18 05:46:50,449:INFO:[Rank-2] train time 37.3654, epoch  71, step  49, loss 0.94176680, auc@1 73.49, auc@5 94.37, share 16, std_loss 0.01772766368349596,  0.94104 0.93371 0.95066 0.93974
2021-05-18 05:47:06,167:INFO:[Rank-2] val time 15.7142, epoch  71, step  40, loss 1.17898410, auc@1 65.75, auc@5 90.38
2021-05-18 05:47:43,639:INFO:[Rank-2] train time 37.0469, epoch  72, step  49, loss 0.93105286, auc@1 73.59, auc@5 94.56, share 15, std_loss 0.009778761388068753,  0.92364 0.92640 0.94143 0.93275
2021-05-18 05:47:59,351:INFO:[Rank-2] val time 15.7088, epoch  72, step  40, loss 1.17693562, auc@1 65.96, auc@5 90.53
2021-05-18 05:48:36,908:INFO:[Rank-2] train time 37.1800, epoch  73, step  49, loss 0.92818874, auc@1 73.71, auc@5 94.61, share 14, std_loss 0.018320925400725434,  0.91266 0.92970 0.94849 0.92101
2021-05-18 05:48:52,390:INFO:[Rank-2] val time 15.4791, epoch  73, step  40, loss 1.17621694, auc@1 65.99, auc@5 90.63
2021-05-18 05:49:29,860:INFO:[Rank-2] train time 37.2276, epoch  74, step  49, loss 0.91726178, auc@1 74.04, auc@5 94.52, share 12, std_loss 0.019553547896140694,  0.93020 0.89938 0.92648 0.91299
2021-05-18 05:49:45,326:INFO:[Rank-2] val time 15.4629, epoch  74, step  40, loss 1.17178844, auc@1 66.13, auc@5 90.78
2021-05-18 05:50:23,318:INFO:[Rank-2] train time 37.7088, epoch  75, step  49, loss 0.90328604, auc@1 74.33, auc@5 94.88, share 17, std_loss 0.014590683497716578,  0.89420 0.89891 0.91216 0.90787
2021-05-18 05:50:38,724:INFO:[Rank-2] val time 15.4028, epoch  75, step  40, loss 1.15714173, auc@1 66.14, auc@5 90.92
2021-05-18 05:51:16,470:INFO:[Rank-2] train time 37.4787, epoch  76, step  49, loss 0.89871860, auc@1 74.53, auc@5 94.82, share 15, std_loss 0.0076265182602694446,  0.90660 0.89700 0.89628 0.89499
2021-05-18 05:51:32,060:INFO:[Rank-2] val time 15.5867, epoch  76, step  40, loss 1.16525073, auc@1 66.66, auc@5 90.81
2021-05-18 05:52:09,171:INFO:[Rank-2] train time 36.7102, epoch  77, step  49, loss 0.88989049, auc@1 74.79, auc@5 95.02, share 15, std_loss 0.022066966744557936,  0.86917 0.88491 0.90346 0.89490
2021-05-18 05:52:24,722:INFO:[Rank-2] val time 15.5475, epoch  77, step  40, loss 1.17229387, auc@1 66.24, auc@5 90.45
2021-05-18 05:53:02,602:INFO:[Rank-2] train time 37.5443, epoch  78, step  49, loss 0.88029885, auc@1 75.26, auc@5 95.14, share 15, std_loss 0.009883087190172198,  0.87371 0.87250 0.88580 0.88918
2021-05-18 05:53:18,234:INFO:[Rank-2] val time 15.6295, epoch  78, step  40, loss 1.16755282, auc@1 66.16, auc@5 90.82
2021-05-18 05:53:56,266:INFO:[Rank-2] train time 37.7460, epoch  79, step  49, loss 0.87330669, auc@1 75.20, auc@5 95.28, share 17, std_loss 0.013017268138652553,  0.87966 0.87053 0.86824 0.87538
2021-05-18 05:54:11,931:INFO:[Rank-2] val time 15.6628, epoch  79, step  40, loss 1.15675964, auc@1 66.82, auc@5 90.97
2021-05-18 05:54:50,202:INFO:[Rank-2] train time 37.9524, epoch  80, step  49, loss 0.86156923, auc@1 75.50, auc@5 95.39, share 16, std_loss 0.018716434663047597,  0.87837 0.85332 0.87019 0.84439
2021-05-18 05:55:05,905:INFO:[Rank-2] val time 15.7005, epoch  80, step  40, loss 1.16287422, auc@1 66.77, auc@5 90.68
2021-05-18 05:55:43,208:INFO:[Rank-2] train time 37.0159, epoch  81, step  49, loss 0.85783845, auc@1 75.93, auc@5 95.25, share 18, std_loss 0.01425544233346472,  0.84105 0.85309 0.87535 0.86186
2021-05-18 05:55:58,706:INFO:[Rank-2] val time 15.4956, epoch  81, step  40, loss 1.15540677, auc@1 66.22, auc@5 90.72
2021-05-18 05:56:36,685:INFO:[Rank-2] train time 37.5959, epoch  82, step  49, loss 0.84554869, auc@1 76.06, auc@5 95.45, share 13, std_loss 0.012468919338544413,  0.84391 0.84266 0.84896 0.84900
2021-05-18 05:56:52,252:INFO:[Rank-2] val time 15.5641, epoch  82, step  40, loss 1.15386552, auc@1 67.10, auc@5 90.34
2021-05-18 05:57:29,626:INFO:[Rank-2] train time 37.0426, epoch  83, step  49, loss 0.83690083, auc@1 76.38, auc@5 95.56, share 14, std_loss 0.021487207703140318,  0.83506 0.82899 0.86146 0.82185
2021-05-18 05:57:45,324:INFO:[Rank-2] val time 15.6947, epoch  83, step  40, loss 1.14647807, auc@1 66.89, auc@5 90.87
2021-05-18 05:58:22,601:INFO:[Rank-2] train time 36.8067, epoch  84, step  49, loss 0.83186507, auc@1 76.47, auc@5 95.55, share 12, std_loss 0.014532310945190946,  0.82826 0.83961 0.83585 0.82204
2021-05-18 05:58:38,134:INFO:[Rank-2] val time 15.5298, epoch  84, step  40, loss 1.15856591, auc@1 67.14, auc@5 90.56
2021-05-18 05:59:14,904:INFO:[Rank-2] train time 36.3515, epoch  85, step  49, loss 0.81921744, auc@1 76.90, auc@5 95.68, share 16, std_loss 0.01910713889008882,  0.80446 0.80725 0.84295 0.82813
2021-05-18 05:59:30,410:INFO:[Rank-2] val time 15.5026, epoch  85, step  40, loss 1.14854564, auc@1 67.06, auc@5 90.99
2021-05-18 06:00:08,121:INFO:[Rank-2] train time 37.4412, epoch  86, step  49, loss 0.81471002, auc@1 76.87, auc@5 95.86, share 17, std_loss 0.01576883535908193,  0.80941 0.80347 0.82887 0.81709
2021-05-18 06:00:23,879:INFO:[Rank-2] val time 15.7542, epoch  86, step  40, loss 1.16585576, auc@1 66.51, auc@5 90.45
2021-05-18 06:01:01,489:INFO:[Rank-2] train time 37.2830, epoch  87, step  49, loss 0.80592632, auc@1 77.36, auc@5 95.87, share 13, std_loss 0.011176771481939572,  0.81639 0.79833 0.80243 0.80687
2021-05-18 06:01:17,198:INFO:[Rank-2] val time 15.7060, epoch  87, step  40, loss 1.14661432, auc@1 67.10, auc@5 90.97
2021-05-18 06:01:55,350:INFO:[Rank-2] train time 37.7364, epoch  88, step  49, loss 0.79896939, auc@1 77.47, auc@5 96.04, share 14, std_loss 0.018033601400651494,  0.78637 0.81203 0.80873 0.78875
2021-05-18 06:02:11,124:INFO:[Rank-2] val time 15.7710, epoch  88, step  40, loss 1.15591148, auc@1 66.61, auc@5 90.57
2021-05-18 06:02:48,410:INFO:[Rank-2] train time 36.8856, epoch  89, step  49, loss 0.79320669, auc@1 77.72, auc@5 95.97, share 13, std_loss 0.013165616544381696,  0.78310 0.78450 0.80546 0.79863
2021-05-18 06:03:04,115:INFO:[Rank-2] val time 15.7014, epoch  89, step  40, loss 1.15004584, auc@1 66.79, auc@5 90.87
2021-05-18 06:03:41,874:INFO:[Rank-2] train time 37.4701, epoch  90, step  49, loss 0.77999461, auc@1 78.06, auc@5 96.16, share 13, std_loss 0.023140405266716773,  0.79504 0.76785 0.78586 0.77122
2021-05-18 06:03:57,556:INFO:[Rank-2] val time 15.6787, epoch  90, step  40, loss 1.12242644, auc@1 67.69, auc@5 91.13
2021-05-18 06:04:35,396:INFO:[Rank-2] train time 37.4474, epoch  91, step  49, loss 0.77776718, auc@1 78.22, auc@5 96.12, share 14, std_loss 0.021369163346077715,  0.76820 0.75828 0.79816 0.78643
2021-05-18 06:04:51,037:INFO:[Rank-2] val time 15.6380, epoch  91, step  40, loss 1.13856857, auc@1 67.31, auc@5 90.72
2021-05-18 06:05:28,844:INFO:[Rank-2] train time 37.4887, epoch  92, step  49, loss 0.76952070, auc@1 78.30, auc@5 96.24, share 14, std_loss 0.020107687422435502,  0.75479 0.75978 0.78937 0.77414
2021-05-18 06:05:44,611:INFO:[Rank-2] val time 15.7639, epoch  92, step  40, loss 1.13962447, auc@1 67.46, auc@5 90.92
2021-05-18 06:06:22,014:INFO:[Rank-2] train time 37.0676, epoch  93, step  49, loss 0.74864578, auc@1 78.81, auc@5 96.43, share 13, std_loss 0.024211966679716597,  0.75491 0.73119 0.75945 0.74903
2021-05-18 06:06:37,539:INFO:[Rank-2] val time 15.5218, epoch  93, step  40, loss 1.12875806, auc@1 67.63, auc@5 90.96
2021-05-18 06:07:15,221:INFO:[Rank-2] train time 37.2256, epoch  94, step  49, loss 0.74842495, auc@1 78.90, auc@5 96.50, share 15, std_loss 0.018170271543975994,  0.73949 0.74210 0.75395 0.75816
2021-05-18 06:07:30,749:INFO:[Rank-2] val time 15.5247, epoch  94, step  40, loss 1.13487110, auc@1 67.71, auc@5 90.85
2021-05-18 06:08:08,475:INFO:[Rank-2] train time 37.4589, epoch  95, step  49, loss 0.74369329, auc@1 78.95, auc@5 96.46, share 15, std_loss 0.014687397830872511,  0.74451 0.75974 0.73801 0.73252
2021-05-18 06:08:24,122:INFO:[Rank-2] val time 15.6444, epoch  95, step  40, loss 1.13892847, auc@1 67.61, auc@5 91.05
2021-05-18 06:09:01,990:INFO:[Rank-2] train time 37.5942, epoch  96, step  49, loss 0.73445064, auc@1 79.29, auc@5 96.57, share 15, std_loss 0.02741535015556277,  0.72582 0.71584 0.75881 0.73328
2021-05-18 06:09:17,615:INFO:[Rank-2] val time 15.6222, epoch  96, step  40, loss 1.14757452, auc@1 67.60, auc@5 90.88
2021-05-18 06:09:55,079:INFO:[Rank-2] train time 36.9992, epoch  97, step  49, loss 0.72796893, auc@1 79.42, auc@5 96.57, share 13, std_loss 0.018418754983161176,  0.72627 0.72371 0.74121 0.72068
2021-05-18 06:10:10,681:INFO:[Rank-2] val time 15.5993, epoch  97, step  40, loss 1.14678164, auc@1 66.90, auc@5 90.81
2021-05-18 06:10:47,706:INFO:[Rank-2] train time 36.6477, epoch  98, step  49, loss 0.72102517, auc@1 79.80, auc@5 96.63, share 13, std_loss 0.02100457842176666,  0.71370 0.70340 0.74315 0.72386
2021-05-18 06:11:03,270:INFO:[Rank-2] val time 15.5611, epoch  98, step  40, loss 1.13899410, auc@1 67.68, auc@5 91.03
2021-05-18 06:11:41,556:INFO:[Rank-2] train time 37.9234, epoch  99, step  49, loss 0.71255773, auc@1 80.01, auc@5 96.78, share 15, std_loss 0.018619737150717755,  0.71367 0.70204 0.72631 0.70149
2021-05-18 06:11:57,136:INFO:[Rank-2] val time 15.5762, epoch  99, step  40, loss 1.16895012, auc@1 66.77, auc@5 90.69
2021-05-18 06:12:34,915:INFO:[Rank-2] train time 37.5373, epoch 100, step  49, loss 0.70422179, auc@1 80.20, auc@5 96.81, share 13, std_loss 0.022243213288638056,  0.70913 0.68599 0.71904 0.70273
2021-05-18 06:12:50,469:INFO:[Rank-2] val time 15.5498, epoch 100, step  40, loss 1.14365139, auc@1 67.69, auc@5 90.63
2021-05-18 06:13:28,143:INFO:[Rank-2] train time 37.3495, epoch 101, step  49, loss 0.66630435, auc@1 81.54, auc@5 97.12, share 16, std_loss 0.011240564106146291,  0.66533 0.66101 0.68015 0.65720
2021-05-18 06:13:43,778:INFO:[Rank-2] val time 15.6319, epoch 101, step  40, loss 1.09079983, auc@1 68.85, auc@5 91.43
2021-05-18 06:14:21,250:INFO:[Rank-2] train time 37.1481, epoch 102, step  49, loss 0.64632046, auc@1 82.35, auc@5 97.18, share 16, std_loss 0.017277176758008345,  0.64233 0.63553 0.65923 0.64819
2021-05-18 06:14:36,883:INFO:[Rank-2] val time 15.6304, epoch 102, step  40, loss 1.07994077, auc@1 69.06, auc@5 91.40
2021-05-18 06:15:14,809:INFO:[Rank-2] train time 37.5958, epoch 103, step  49, loss 0.63302803, auc@1 82.67, auc@5 97.40, share 15, std_loss 0.01076272429366197,  0.64019 0.62325 0.62864 0.63891
2021-05-18 06:15:30,565:INFO:[Rank-2] val time 15.7521, epoch 103, step  40, loss 1.07381269, auc@1 69.18, auc@5 91.54
2021-05-18 06:16:08,389:INFO:[Rank-2] train time 37.5341, epoch 104, step  49, loss 0.62824589, auc@1 82.86, auc@5 97.47, share 16, std_loss 0.01771655476328974,  0.62998 0.62347 0.63945 0.62008
2021-05-18 06:16:23,905:INFO:[Rank-2] val time 15.5126, epoch 104, step  40, loss 1.07242485, auc@1 69.16, auc@5 91.61
2021-05-18 06:17:01,644:INFO:[Rank-2] train time 37.2670, epoch 105, step  49, loss 0.62541378, auc@1 83.09, auc@5 97.41, share 13, std_loss 0.009102549380147639,  0.62525 0.62079 0.62998 0.62564
2021-05-18 06:17:17,273:INFO:[Rank-2] val time 15.6259, epoch 105, step  40, loss 1.07197401, auc@1 69.29, auc@5 91.62
2021-05-18 06:17:54,784:INFO:[Rank-2] train time 37.1218, epoch 106, step  49, loss 0.61672431, auc@1 83.32, auc@5 97.47, share 12, std_loss 0.007638575509190559,  0.61157 0.61909 0.62147 0.61710
2021-05-18 06:18:10,386:INFO:[Rank-2] val time 15.5988, epoch 106, step  40, loss 1.06903230, auc@1 69.35, auc@5 91.59
2021-05-18 06:18:47,841:INFO:[Rank-2] train time 37.0840, epoch 107, step  49, loss 0.61524892, auc@1 83.35, auc@5 97.61, share 16, std_loss 0.012218746204613423,  0.61675 0.60522 0.62362 0.61662
2021-05-18 06:19:03,410:INFO:[Rank-2] val time 15.5662, epoch 107, step  40, loss 1.07011736, auc@1 69.28, auc@5 91.66
2021-05-18 06:19:41,493:INFO:[Rank-2] train time 37.7453, epoch 108, step  49, loss 0.61141622, auc@1 83.48, auc@5 97.56, share 12, std_loss 0.022895372472703457,  0.60040 0.59997 0.62679 0.61851
2021-05-18 06:19:56,989:INFO:[Rank-2] val time 15.4937, epoch 108, step  40, loss 1.06883646, auc@1 69.40, auc@5 91.66
2021-05-18 06:20:34,502:INFO:[Rank-2] train time 37.0510, epoch 109, step  49, loss 0.60453147, auc@1 83.69, auc@5 97.70, share 18, std_loss 0.015266392551058409,  0.59757 0.60335 0.62400 0.59321
2021-05-18 06:20:50,120:INFO:[Rank-2] val time 15.6144, epoch 109, step  40, loss 1.06913027, auc@1 69.24, auc@5 91.70
2021-05-18 06:21:27,851:INFO:[Rank-2] train time 37.4926, epoch 110, step  49, loss 0.60567045, auc@1 83.69, auc@5 97.53, share 16, std_loss 0.015076102004671584,  0.60077 0.60599 0.61997 0.59268
2021-05-18 06:21:43,551:INFO:[Rank-2] val time 15.6967, epoch 110, step  40, loss 1.06806252, auc@1 69.44, auc@5 91.60
2021-05-18 06:22:21,515:INFO:[Rank-2] train time 37.5614, epoch 111, step  49, loss 0.60176343, auc@1 83.68, auc@5 97.69, share 17, std_loss 0.01829236489245478,  0.60572 0.59018 0.62094 0.58631
2021-05-18 06:22:37,116:INFO:[Rank-2] val time 15.5986, epoch 111, step  40, loss 1.06435812, auc@1 69.29, auc@5 91.65
2021-05-18 06:23:15,321:INFO:[Rank-2] train time 37.7507, epoch 112, step  49, loss 0.59766579, auc@1 84.04, auc@5 97.59, share 13, std_loss 0.012838804543170393,  0.59990 0.59023 0.60257 0.59795
2021-05-18 06:23:31,027:INFO:[Rank-2] val time 15.7026, epoch 112, step  40, loss 1.06507229, auc@1 69.38, auc@5 91.78
2021-05-18 06:24:08,253:INFO:[Rank-2] train time 36.9983, epoch 113, step  49, loss 0.59533793, auc@1 83.86, auc@5 97.62, share 18, std_loss 0.01323064480319011,  0.59624 0.58164 0.61584 0.58763
2021-05-18 06:24:24,002:INFO:[Rank-2] val time 15.7462, epoch 113, step  40, loss 1.06365765, auc@1 69.53, auc@5 91.74
2021-05-18 06:25:01,507:INFO:[Rank-2] train time 37.2285, epoch 114, step  49, loss 0.59594542, auc@1 83.94, auc@5 97.67, share 17, std_loss 0.018897538225413586,  0.58482 0.59497 0.60967 0.59432
2021-05-18 06:25:17,180:INFO:[Rank-2] val time 15.6701, epoch 114, step  40, loss 1.06203705, auc@1 69.64, auc@5 91.55
2021-05-18 06:25:55,575:INFO:[Rank-2] train time 37.7769, epoch 115, step  49, loss 0.59081399, auc@1 84.23, auc@5 97.70, share 19, std_loss 0.021910330090595752,  0.58491 0.58593 0.61774 0.57467
2021-05-18 06:26:11,081:INFO:[Rank-2] val time 15.5032, epoch 115, step  40, loss 1.06447504, auc@1 69.54, auc@5 91.64
2021-05-18 06:26:48,673:INFO:[Rank-2] train time 37.2007, epoch 116, step  49, loss 0.59216052, auc@1 84.01, auc@5 97.70, share 15, std_loss 0.014546619785227338,  0.59455 0.58345 0.60806 0.58258
2021-05-18 06:27:04,314:INFO:[Rank-2] val time 15.6381, epoch 116, step  40, loss 1.06498410, auc@1 69.52, auc@5 91.68
2021-05-18 06:27:42,389:INFO:[Rank-2] train time 37.8239, epoch 117, step  49, loss 0.58881789, auc@1 84.05, auc@5 97.80, share 18, std_loss 0.012615925033709832,  0.58860 0.58894 0.60288 0.57485
2021-05-18 06:27:58,176:INFO:[Rank-2] val time 15.7830, epoch 117, step  40, loss 1.06447488, auc@1 69.64, auc@5 91.77
2021-05-18 06:28:35,588:INFO:[Rank-2] train time 37.2060, epoch 118, step  49, loss 0.58654815, auc@1 84.26, auc@5 97.73, share 12, std_loss 0.02693665772676468,  0.58151 0.57141 0.61481 0.57530
2021-05-18 06:28:51,353:INFO:[Rank-2] val time 15.7617, epoch 118, step  40, loss 1.06388678, auc@1 69.59, auc@5 91.68
2021-05-18 06:29:29,028:INFO:[Rank-2] train time 37.2964, epoch 119, step  49, loss 0.58355612, auc@1 84.44, auc@5 97.73, share 16, std_loss 0.02227174391855999,  0.57046 0.57324 0.60124 0.58928
2021-05-18 06:29:44,825:INFO:[Rank-2] val time 15.7939, epoch 119, step  40, loss 1.06296250, auc@1 69.68, auc@5 91.72
2021-05-18 06:30:21,932:INFO:[Rank-2] train time 36.8504, epoch 120, step  49, loss 0.58331013, auc@1 84.32, auc@5 97.79, share 14, std_loss 0.015842908518198803,  0.58418 0.58167 0.59553 0.57394
2021-05-18 06:30:37,694:INFO:[Rank-2] val time 15.7592, epoch 120, step  40, loss 1.06384916, auc@1 69.80, auc@5 91.64
2021-05-18 06:31:15,277:INFO:[Rank-2] train time 37.2463, epoch 121, step  49, loss 0.57631880, auc@1 84.48, auc@5 97.92, share 13, std_loss 0.010970580277546329,  0.57129 0.57152 0.58683 0.57273
2021-05-18 06:31:31,023:INFO:[Rank-2] val time 15.7428, epoch 121, step  40, loss 1.06493074, auc@1 69.42, auc@5 91.61
2021-05-18 06:32:09,108:INFO:[Rank-2] train time 37.8799, epoch 122, step  49, loss 0.57543719, auc@1 84.62, auc@5 97.85, share 15, std_loss 0.015692240387505413,  0.57160 0.56999 0.58905 0.57426
2021-05-18 06:32:24,713:INFO:[Rank-2] val time 15.6018, epoch 122, step  40, loss 1.06528446, auc@1 69.55, auc@5 91.74
2021-05-18 06:33:03,113:INFO:[Rank-2] train time 37.8826, epoch 123, step  49, loss 0.57298803, auc@1 84.70, auc@5 97.87, share 19, std_loss 0.01792668190081509,  0.57144 0.57218 0.59155 0.55679
2021-05-18 06:33:18,687:INFO:[Rank-2] val time 15.5709, epoch 123, step  40, loss 1.06297675, auc@1 69.66, auc@5 91.69
2021-05-18 06:33:56,697:INFO:[Rank-2] train time 37.4846, epoch 124, step  49, loss 0.57382894, auc@1 84.62, auc@5 97.88, share 13, std_loss 0.01990385034254619,  0.57390 0.56230 0.59440 0.56472
2021-05-18 06:34:12,638:INFO:[Rank-2] val time 15.9374, epoch 124, step  40, loss 1.06461173, auc@1 69.60, auc@5 91.81
2021-05-18 06:34:50,358:INFO:[Rank-2] train time 37.3701, epoch 125, step  49, loss 0.57583761, auc@1 84.56, auc@5 97.79, share 12, std_loss 0.029966426709172676,  0.58051 0.56221 0.59665 0.56398
2021-05-18 06:35:05,897:INFO:[Rank-2] val time 15.5360, epoch 125, step  40, loss 1.06086509, auc@1 69.68, auc@5 91.70
2021-05-18 06:35:43,736:INFO:[Rank-2] train time 37.5611, epoch 126, step  49, loss 0.56950647, auc@1 84.74, auc@5 97.87, share 16, std_loss 0.02191617115571791,  0.56902 0.55122 0.59410 0.56369
2021-05-18 06:35:59,388:INFO:[Rank-2] val time 15.6481, epoch 126, step  40, loss 1.06235917, auc@1 69.79, auc@5 91.65
2021-05-18 06:36:36,541:INFO:[Rank-2] train time 36.9239, epoch 127, step  49, loss 0.57009709, auc@1 84.81, auc@5 97.91, share 14, std_loss 0.015549357828437065,  0.56596 0.56484 0.58674 0.56285
2021-05-18 06:36:52,311:INFO:[Rank-2] val time 15.7674, epoch 127, step  40, loss 1.06371278, auc@1 69.68, auc@5 91.77
2021-05-18 06:37:29,855:INFO:[Rank-2] train time 37.2137, epoch 128, step  49, loss 0.56767678, auc@1 84.94, auc@5 97.87, share 16, std_loss 0.018591101604456803,  0.57201 0.55760 0.57861 0.56248
2021-05-18 06:37:45,451:INFO:[Rank-2] val time 15.5936, epoch 128, step  40, loss 1.06423671, auc@1 69.78, auc@5 91.63
2021-05-18 06:38:23,000:INFO:[Rank-2] train time 37.1758, epoch 129, step  49, loss 0.55868292, auc@1 85.14, auc@5 97.97, share 10, std_loss 0.02233035115487113,  0.57257 0.54660 0.56909 0.54319
2021-05-18 06:38:38,731:INFO:[Rank-2] val time 15.7277, epoch 129, step  40, loss 1.06581759, auc@1 69.55, auc@5 91.61
2021-05-18 06:39:16,537:INFO:[Rank-2] train time 37.4903, epoch 130, step  49, loss 0.56253886, auc@1 84.90, auc@5 97.98, share 13, std_loss 0.02134965605349565,  0.54858 0.55462 0.58979 0.56066
2021-05-18 06:39:32,167:INFO:[Rank-2] val time 15.6263, epoch 130, step  40, loss 1.06261547, auc@1 69.68, auc@5 91.74
2021-05-18 06:40:09,987:INFO:[Rank-2] train time 37.6415, epoch 131, step  49, loss 0.56117100, auc@1 85.13, auc@5 97.87, share 16, std_loss 0.01686156337738645,  0.55603 0.57040 0.56824 0.55002
2021-05-18 06:40:25,663:INFO:[Rank-2] val time 15.6738, epoch 131, step  40, loss 1.06300486, auc@1 69.81, auc@5 91.66
2021-05-18 06:41:03,336:INFO:[Rank-2] train time 37.0839, epoch 132, step  49, loss 0.55982983, auc@1 85.11, auc@5 97.92, share 16, std_loss 0.02077788629626133,  0.56786 0.53884 0.57517 0.55745
2021-05-18 06:41:18,975:INFO:[Rank-2] val time 15.6357, epoch 132, step  40, loss 1.06568525, auc@1 69.72, auc@5 91.65
2021-05-18 06:41:56,784:INFO:[Rank-2] train time 37.3929, epoch 133, step  49, loss 0.55840147, auc@1 85.20, auc@5 97.97, share 14, std_loss 0.015668264000999684,  0.55358 0.55445 0.57343 0.55214
2021-05-18 06:42:12,347:INFO:[Rank-2] val time 15.5596, epoch 133, step  40, loss 1.06338600, auc@1 69.74, auc@5 91.69
2021-05-18 06:42:49,211:INFO:[Rank-2] train time 36.4689, epoch 134, step  49, loss 0.55610460, auc@1 85.31, auc@5 98.02, share 15, std_loss 0.010502833150783363,  0.55075 0.55317 0.56366 0.55775
2021-05-18 06:43:04,758:INFO:[Rank-2] val time 15.5442, epoch 134, step  40, loss 1.06373932, auc@1 69.85, auc@5 91.80
2021-05-18 06:43:42,102:INFO:[Rank-2] train time 37.0013, epoch 135, step  49, loss 0.55343765, auc@1 85.33, auc@5 98.06, share 12, std_loss 0.014365707619153723,  0.54328 0.55357 0.56713 0.55232
2021-05-18 06:43:57,701:INFO:[Rank-2] val time 15.5958, epoch 135, step  40, loss 1.06419462, auc@1 69.76, auc@5 91.61
2021-05-18 06:44:35,331:INFO:[Rank-2] train time 37.3078, epoch 136, step  49, loss 0.55533957, auc@1 85.20, auc@5 97.97, share 17, std_loss 0.021965504414877112,  0.55017 0.54446 0.58833 0.53811
2021-05-18 06:44:50,951:INFO:[Rank-2] val time 15.6173, epoch 136, step  40, loss 1.06371906, auc@1 69.87, auc@5 91.78
2021-05-18 06:45:28,995:INFO:[Rank-2] train time 37.7610, epoch 137, step  49, loss 0.55201298, auc@1 85.42, auc@5 97.98, share 15, std_loss 0.01403738546888439,  0.55913 0.55091 0.55869 0.53932
2021-05-18 06:45:44,717:INFO:[Rank-2] val time 15.7186, epoch 137, step  40, loss 1.06253912, auc@1 69.99, auc@5 91.74
2021-05-18 06:46:22,217:INFO:[Rank-2] train time 37.1868, epoch 138, step  49, loss 0.54818827, auc@1 85.53, auc@5 98.02, share 14, std_loss 0.011457121767084666,  0.54537 0.54116 0.55753 0.54870
2021-05-18 06:46:37,846:INFO:[Rank-2] val time 15.6268, epoch 138, step  40, loss 1.06439105, auc@1 69.74, auc@5 91.73
2021-05-18 06:47:15,318:INFO:[Rank-2] train time 37.1458, epoch 139, step  49, loss 0.54434574, auc@1 85.72, auc@5 98.05, share 16, std_loss 0.02171451609809788,  0.54254 0.53630 0.56794 0.53068
2021-05-18 06:47:30,833:INFO:[Rank-2] val time 15.5124, epoch 139, step  40, loss 1.06389989, auc@1 69.70, auc@5 91.72
2021-05-18 06:48:08,402:INFO:[Rank-2] train time 37.3003, epoch 140, step  49, loss 0.54452819, auc@1 85.61, auc@5 98.02, share 16, std_loss 0.018120638570007012,  0.56102 0.53817 0.55156 0.52736
2021-05-18 06:48:24,053:INFO:[Rank-2] val time 15.6474, epoch 140, step  40, loss 1.06201049, auc@1 69.85, auc@5 91.67
2021-05-18 06:49:01,505:INFO:[Rank-2] train time 37.1513, epoch 141, step  49, loss 0.54665637, auc@1 85.65, auc@5 98.00, share 12, std_loss 0.017957699580156073,  0.54787 0.53204 0.56145 0.54955
2021-05-18 06:49:17,246:INFO:[Rank-2] val time 15.7388, epoch 141, step  40, loss 1.06370645, auc@1 70.13, auc@5 91.84
2021-05-18 06:49:54,852:INFO:[Rank-2] train time 37.2529, epoch 142, step  49, loss 0.54075289, auc@1 85.68, auc@5 98.09, share 15, std_loss 0.010191260946306343,  0.54198 0.53557 0.55408 0.53138
2021-05-18 06:50:10,465:INFO:[Rank-2] val time 15.6104, epoch 142, step  40, loss 1.06413770, auc@1 69.95, auc@5 91.81
2021-05-18 06:50:48,288:INFO:[Rank-2] train time 37.3920, epoch 143, step  49, loss 0.53813559, auc@1 85.86, auc@5 98.12, share 17, std_loss 0.015291005848165678,  0.53430 0.52141 0.56078 0.53606
2021-05-18 06:51:03,847:INFO:[Rank-2] val time 15.5556, epoch 143, step  40, loss 1.06358821, auc@1 70.03, auc@5 91.77
2021-05-18 06:51:41,636:INFO:[Rank-2] train time 37.5005, epoch 144, step  49, loss 0.53790069, auc@1 85.75, auc@5 98.16, share 14, std_loss 0.016980670392513275,  0.54571 0.52794 0.55664 0.52131
2021-05-18 06:51:57,383:INFO:[Rank-2] val time 15.7445, epoch 144, step  40, loss 1.06421352, auc@1 69.94, auc@5 91.62
2021-05-18 06:52:35,038:INFO:[Rank-2] train time 37.2207, epoch 145, step  49, loss 0.53415376, auc@1 85.86, auc@5 98.16, share 15, std_loss 0.0148049014981608,  0.53014 0.54171 0.53905 0.52571
2021-05-18 06:52:50,487:INFO:[Rank-2] val time 15.4465, epoch 145, step  40, loss 1.06356177, auc@1 70.05, auc@5 91.78
2021-05-18 06:53:27,892:INFO:[Rank-2] train time 37.1604, epoch 146, step  49, loss 0.53766906, auc@1 85.81, auc@5 98.05, share 14, std_loss 0.018122443644215867,  0.54082 0.52075 0.55223 0.53687
2021-05-18 06:53:43,648:INFO:[Rank-2] val time 15.7533, epoch 146, step  40, loss 1.06360929, auc@1 69.85, auc@5 91.82
2021-05-18 06:54:21,737:INFO:[Rank-2] train time 37.5532, epoch 147, step  49, loss 0.53484994, auc@1 86.08, auc@5 98.11, share 13, std_loss 0.015587156343901036,  0.53949 0.52803 0.54871 0.52316
2021-05-18 06:54:37,413:INFO:[Rank-2] val time 15.6736, epoch 147, step  40, loss 1.06465577, auc@1 69.94, auc@5 91.79
2021-05-18 06:55:15,071:INFO:[Rank-2] train time 37.1174, epoch 148, step  49, loss 0.53264469, auc@1 86.06, auc@5 98.13, share 18, std_loss 0.013382636390778482,  0.54433 0.52286 0.53221 0.53118
2021-05-18 06:55:30,640:INFO:[Rank-2] val time 15.5648, epoch 148, step  40, loss 1.06499166, auc@1 70.05, auc@5 91.69
2021-05-18 06:56:08,265:INFO:[Rank-2] train time 37.0661, epoch 149, step  49, loss 0.52838224, auc@1 86.15, auc@5 98.20, share 13, std_loss 0.013887567265073255,  0.53346 0.52929 0.53423 0.51654
2021-05-18 06:56:23,846:INFO:[Rank-2] val time 15.5788, epoch 149, step  40, loss 1.06615662, auc@1 70.03, auc@5 91.76
2021-05-18 06:57:01,547:INFO:[Rank-2] train time 37.3996, epoch 150, step  49, loss 0.53087908, auc@1 86.01, auc@5 98.14, share 13, std_loss 0.020439068235608995,  0.54463 0.52243 0.54284 0.51362
2021-05-18 06:57:17,361:INFO:[Rank-2] val time 15.8115, epoch 150, step  40, loss 1.06777221, auc@1 69.77, auc@5 91.71
2021-05-18 06:57:54,988:INFO:[Rank-2] train time 37.0863, epoch 151, step  49, loss 0.52678919, auc@1 86.26, auc@5 98.21, share 15, std_loss 0.01752151702815781,  0.52854 0.52376 0.54536 0.51263
2021-05-18 06:58:10,582:INFO:[Rank-2] val time 15.5908, epoch 151, step  40, loss 1.06538579, auc@1 69.96, auc@5 91.68
2021-05-18 06:58:48,140:INFO:[Rank-2] train time 37.3887, epoch 152, step  49, loss 0.52395755, auc@1 86.26, auc@5 98.25, share 16, std_loss 0.019783175778480207,  0.52502 0.50896 0.54733 0.51452
2021-05-18 06:59:04,102:INFO:[Rank-2] val time 15.9583, epoch 152, step  40, loss 1.06643002, auc@1 69.88, auc@5 91.69
2021-05-18 06:59:41,507:INFO:[Rank-2] train time 37.1919, epoch 153, step  49, loss 0.52093422, auc@1 86.52, auc@5 98.25, share 14, std_loss 0.007993211330636879,  0.52187 0.51855 0.52634 0.51800
2021-05-18 06:59:57,397:INFO:[Rank-2] val time 15.8866, epoch 153, step  40, loss 1.06399160, auc@1 69.98, auc@5 91.72
2021-05-18 07:00:34,911:INFO:[Rank-2] train time 37.2380, epoch 154, step  49, loss 0.52662456, auc@1 86.14, auc@5 98.17, share 13, std_loss 0.016779166133124,  0.52900 0.51557 0.54966 0.51244
2021-05-18 07:00:50,467:INFO:[Rank-2] val time 15.5530, epoch 154, step  40, loss 1.06402842, auc@1 70.01, auc@5 91.68
2021-05-18 07:01:28,105:INFO:[Rank-2] train time 37.4108, epoch 155, step  49, loss 0.52152234, auc@1 86.41, auc@5 98.23, share 15, std_loss 0.021138955325800544,  0.52344 0.50286 0.53988 0.51991
2021-05-18 07:01:43,731:INFO:[Rank-2] val time 15.6224, epoch 155, step  40, loss 1.06300307, auc@1 69.90, auc@5 91.60
2021-05-18 07:02:21,403:INFO:[Rank-2] train time 37.4052, epoch 156, step  49, loss 0.52357692, auc@1 86.40, auc@5 98.25, share 14, std_loss 0.012679515910163825,  0.52127 0.51654 0.53644 0.51863
2021-05-18 07:02:37,447:INFO:[Rank-2] val time 16.0410, epoch 156, step  40, loss 1.06425505, auc@1 69.88, auc@5 91.66
2021-05-18 07:03:14,231:INFO:[Rank-2] train time 36.4919, epoch 157, step  49, loss 0.52166134, auc@1 86.41, auc@5 98.23, share 14, std_loss 0.026090776357723743,  0.52140 0.51997 0.54320 0.50208
2021-05-18 07:03:29,896:INFO:[Rank-2] val time 15.6625, epoch 157, step  40, loss 1.06379836, auc@1 69.95, auc@5 91.58
2021-05-18 07:04:07,880:INFO:[Rank-2] train time 37.6954, epoch 158, step  49, loss 0.51911086, auc@1 86.54, auc@5 98.27, share 18, std_loss 0.01544263842990812,  0.52295 0.50828 0.53864 0.50658
2021-05-18 07:04:23,621:INFO:[Rank-2] val time 15.7375, epoch 158, step  40, loss 1.06316650, auc@1 70.13, auc@5 91.79
2021-05-18 07:05:01,200:INFO:[Rank-2] train time 37.3272, epoch 159, step  49, loss 0.52165270, auc@1 86.46, auc@5 98.25, share 9, std_loss 0.023778816685080528,  0.52870 0.51888 0.53208 0.50695
2021-05-18 07:05:16,973:INFO:[Rank-2] val time 15.7707, epoch 159, step  40, loss 1.06216675, auc@1 70.01, auc@5 91.65
2021-05-18 07:05:54,409:INFO:[Rank-2] train time 37.2481, epoch 160, step  49, loss 0.52006888, auc@1 86.33, auc@5 98.21, share 16, std_loss 0.01804910459536679,  0.52152 0.51794 0.53407 0.50674
2021-05-18 07:06:10,040:INFO:[Rank-2] val time 15.6285, epoch 160, step  40, loss 1.06237459, auc@1 70.00, auc@5 91.67
2021-05-18 07:06:48,548:INFO:[Rank-2] train time 38.2453, epoch 161, step  49, loss 0.51991165, auc@1 86.42, auc@5 98.19, share 15, std_loss 0.019573269620993917,  0.51612 0.50813 0.54147 0.51392
2021-05-18 07:07:04,281:INFO:[Rank-2] val time 15.7299, epoch 161, step  40, loss 1.06185716, auc@1 69.92, auc@5 91.66
2021-05-18 07:07:41,922:INFO:[Rank-2] train time 37.2353, epoch 162, step  49, loss 0.52116615, auc@1 86.37, auc@5 98.26, share 13, std_loss 0.025037855061949516,  0.52400 0.51514 0.54621 0.49930
2021-05-18 07:07:57,714:INFO:[Rank-2] val time 15.7879, epoch 162, step  40, loss 1.06090451, auc@1 69.98, auc@5 91.69
2021-05-18 07:08:34,714:INFO:[Rank-2] train time 36.7950, epoch 163, step  49, loss 0.52062196, auc@1 86.39, auc@5 98.17, share 14, std_loss 0.026966092157728817,  0.52390 0.50082 0.54270 0.51508
2021-05-18 07:08:50,480:INFO:[Rank-2] val time 15.7641, epoch 163, step  40, loss 1.06223958, auc@1 69.88, auc@5 91.72
2021-05-18 07:09:27,959:INFO:[Rank-2] train time 36.9159, epoch 164, step  49, loss 0.51913601, auc@1 86.44, auc@5 98.28, share 14, std_loss 0.012415519022211736,  0.51389 0.52035 0.53422 0.50808
2021-05-18 07:09:43,567:INFO:[Rank-2] val time 15.6049, epoch 164, step  40, loss 1.06097848, auc@1 70.05, auc@5 91.65
2021-05-18 07:10:20,581:INFO:[Rank-2] train time 36.6892, epoch 165, step  49, loss 0.51840025, auc@1 86.51, auc@5 98.26, share 14, std_loss 0.011640290748708102,  0.52364 0.51864 0.52761 0.50696
2021-05-18 07:10:36,192:INFO:[Rank-2] val time 15.6087, epoch 165, step  40, loss 1.06223646, auc@1 69.99, auc@5 91.80
2021-05-18 07:11:13,899:INFO:[Rank-2] train time 37.3439, epoch 166, step  49, loss 0.51498884, auc@1 86.64, auc@5 98.23, share 14, std_loss 0.02194383884875142,  0.51368 0.50350 0.53335 0.50942
2021-05-18 07:11:29,399:INFO:[Rank-2] val time 15.4968, epoch 166, step  40, loss 1.06255121, auc@1 69.94, auc@5 91.73
2021-05-18 07:12:06,989:INFO:[Rank-2] train time 37.2484, epoch 167, step  49, loss 0.52071679, auc@1 86.34, auc@5 98.19, share 15, std_loss 0.015064113830425302,  0.51351 0.51349 0.53867 0.51792
2021-05-18 07:12:22,657:INFO:[Rank-2] val time 15.6650, epoch 167, step  40, loss 1.06230324, auc@1 70.02, auc@5 91.63
2021-05-18 07:13:00,315:INFO:[Rank-2] train time 37.3451, epoch 168, step  49, loss 0.51633465, auc@1 86.51, auc@5 98.26, share 13, std_loss 0.014805810373960709,  0.52021 0.50469 0.53089 0.50994
2021-05-18 07:13:16,159:INFO:[Rank-2] val time 15.8402, epoch 168, step  40, loss 1.05987433, auc@1 70.10, auc@5 91.69
2021-05-18 07:13:53,427:INFO:[Rank-2] train time 36.8119, epoch 169, step  49, loss 0.51378369, auc@1 86.70, auc@5 98.32, share 14, std_loss 0.014227828096446335,  0.51388 0.50767 0.52064 0.51294
2021-05-18 07:14:09,125:INFO:[Rank-2] val time 15.6951, epoch 169, step  40, loss 1.06223364, auc@1 70.11, auc@5 91.64
2021-05-18 07:14:47,092:INFO:[Rank-2] train time 37.6326, epoch 170, step  49, loss 0.51641506, auc@1 86.60, auc@5 98.23, share 18, std_loss 0.009141917197908066,  0.52741 0.51005 0.52123 0.50693
2021-05-18 07:15:03,016:INFO:[Rank-2] val time 15.9211, epoch 170, step  40, loss 1.06012638, auc@1 70.03, auc@5 91.76
2021-05-18 07:15:40,320:INFO:[Rank-2] train time 36.9838, epoch 171, step  49, loss 0.51722229, auc@1 86.57, auc@5 98.21, share 14, std_loss 0.011479400601998275,  0.51340 0.50957 0.52557 0.52035
2021-05-18 07:15:55,972:INFO:[Rank-2] val time 15.6485, epoch 171, step  40, loss 1.06019248, auc@1 69.96, auc@5 91.78
2021-05-18 07:16:33,695:INFO:[Rank-2] train time 37.4365, epoch 172, step  49, loss 0.51760519, auc@1 86.41, auc@5 98.31, share 13, std_loss 0.013550127571334645,  0.52051 0.51201 0.52269 0.51521
2021-05-18 07:16:49,451:INFO:[Rank-2] val time 15.7524, epoch 172, step  40, loss 1.06237140, auc@1 70.12, auc@5 91.74
2021-05-18 07:17:27,063:INFO:[Rank-2] train time 37.2584, epoch 173, step  49, loss 0.51712549, auc@1 86.63, auc@5 98.29, share 17, std_loss 0.013145958482078751,  0.51638 0.51541 0.52826 0.50845
2021-05-18 07:17:42,759:INFO:[Rank-2] val time 15.6935, epoch 173, step  40, loss 1.06083125, auc@1 70.04, auc@5 91.71
2021-05-18 07:18:20,537:INFO:[Rank-2] train time 37.2967, epoch 174, step  49, loss 0.51561725, auc@1 86.63, auc@5 98.27, share 15, std_loss 0.008413325881167335,  0.51726 0.51066 0.51863 0.51592
2021-05-18 07:18:36,133:INFO:[Rank-2] val time 15.5937, epoch 174, step  40, loss 1.06013206, auc@1 70.06, auc@5 91.84
2021-05-18 07:19:13,638:INFO:[Rank-2] train time 37.1831, epoch 175, step  49, loss 0.51664889, auc@1 86.44, auc@5 98.33, share 15, std_loss 0.023792646787300403,  0.51503 0.51274 0.54133 0.49749
2021-05-18 07:19:29,372:INFO:[Rank-2] val time 15.7316, epoch 175, step  40, loss 1.06207845, auc@1 70.02, auc@5 91.72
2021-05-18 07:20:06,880:INFO:[Rank-2] train time 37.0161, epoch 176, step  49, loss 0.51489663, auc@1 86.52, auc@5 98.30, share 15, std_loss 0.014215861485168641,  0.51390 0.51312 0.52755 0.50502
2021-05-18 07:20:22,405:INFO:[Rank-2] val time 15.5209, epoch 176, step  40, loss 1.06100213, auc@1 70.06, auc@5 91.77
2021-05-18 07:21:00,526:INFO:[Rank-2] train time 37.7496, epoch 177, step  49, loss 0.51581579, auc@1 86.60, auc@5 98.26, share 18, std_loss 0.01318692672541555,  0.52486 0.50924 0.53050 0.49866
2021-05-18 07:21:16,016:INFO:[Rank-2] val time 15.4873, epoch 177, step  40, loss 1.06016136, auc@1 70.05, auc@5 91.72
2021-05-18 07:21:53,549:INFO:[Rank-2] train time 37.1949, epoch 178, step  49, loss 0.51523411, auc@1 86.67, auc@5 98.28, share 14, std_loss 0.014431084107075418,  0.53145 0.50611 0.51986 0.50352
2021-05-18 07:22:09,031:INFO:[Rank-2] val time 15.4787, epoch 178, step  40, loss 1.06243602, auc@1 70.07, auc@5 91.73
2021-05-18 07:22:46,813:INFO:[Rank-2] train time 37.4509, epoch 179, step  49, loss 0.51403707, auc@1 86.56, auc@5 98.28, share 12, std_loss 0.017054322669852753,  0.51517 0.51011 0.52372 0.50714
2021-05-18 07:23:02,612:INFO:[Rank-2] val time 15.7955, epoch 179, step  40, loss 1.06224139, auc@1 70.06, auc@5 91.72
2021-05-18 07:23:40,568:INFO:[Rank-2] train time 37.7289, epoch 180, step  49, loss 0.51288170, auc@1 86.69, auc@5 98.40, share 17, std_loss 0.01680666902007497,  0.52255 0.50180 0.52978 0.49722
2021-05-18 07:23:56,324:INFO:[Rank-2] val time 15.7525, epoch 180, step  40, loss 1.06005109, auc@1 70.03, auc@5 91.78
2021-05-18 07:24:34,075:INFO:[Rank-2] train time 37.4470, epoch 181, step  49, loss 0.51299042, auc@1 86.52, auc@5 98.34, share 15, std_loss 0.018625141178466836,  0.52020 0.50433 0.52483 0.50223
2021-05-18 07:24:49,906:INFO:[Rank-2] val time 15.8288, epoch 181, step  40, loss 1.06175903, auc@1 70.08, auc@5 91.73
2021-05-18 07:25:27,607:INFO:[Rank-2] train time 37.3554, epoch 182, step  49, loss 0.51243025, auc@1 86.65, auc@5 98.34, share 14, std_loss 0.02036070897795108,  0.50493 0.50878 0.52906 0.50695
2021-05-18 07:25:43,405:INFO:[Rank-2] val time 15.7959, epoch 182, step  40, loss 1.06118476, auc@1 69.99, auc@5 91.68
2021-05-18 07:26:20,587:INFO:[Rank-2] train time 36.8877, epoch 183, step  49, loss 0.51299793, auc@1 86.53, auc@5 98.38, share 13, std_loss 0.007869006923342846,  0.51173 0.51715 0.51707 0.50605
2021-05-18 07:26:36,220:INFO:[Rank-2] val time 15.6298, epoch 183, step  40, loss 1.06300710, auc@1 70.08, auc@5 91.70
2021-05-18 07:27:13,671:INFO:[Rank-2] train time 37.1774, epoch 184, step  49, loss 0.51309937, auc@1 86.68, auc@5 98.27, share 16, std_loss 0.01642002085489886,  0.52180 0.49593 0.52644 0.50823
2021-05-18 07:27:29,403:INFO:[Rank-2] val time 15.7291, epoch 184, step  40, loss 1.06209489, auc@1 70.11, auc@5 91.65
2021-05-18 07:28:06,883:INFO:[Rank-2] train time 37.1852, epoch 185, step  49, loss 0.51479506, auc@1 86.67, auc@5 98.26, share 15, std_loss 0.027562036083973184,  0.51748 0.50594 0.54344 0.49233
2021-05-18 07:28:22,584:INFO:[Rank-2] val time 15.6975, epoch 185, step  40, loss 1.06188337, auc@1 70.11, auc@5 91.69
2021-05-18 07:29:00,129:INFO:[Rank-2] train time 37.1753, epoch 186, step  49, loss 0.51549566, auc@1 86.59, auc@5 98.27, share 13, std_loss 0.011626947894502354,  0.51808 0.50999 0.52440 0.50943
2021-05-18 07:29:15,722:INFO:[Rank-2] val time 15.5908, epoch 186, step  40, loss 1.06138249, auc@1 70.10, auc@5 91.69
2021-05-18 07:29:53,655:INFO:[Rank-2] train time 37.5854, epoch 187, step  49, loss 0.51185852, auc@1 86.58, auc@5 98.29, share 15, std_loss 0.016455740425545647,  0.51733 0.49985 0.52467 0.50522
2021-05-18 07:30:09,284:INFO:[Rank-2] val time 15.6263, epoch 187, step  40, loss 1.06139342, auc@1 70.30, auc@5 91.77
2021-05-18 07:30:46,788:INFO:[Rank-2] train time 37.1888, epoch 188, step  49, loss 0.51359957, auc@1 86.50, auc@5 98.26, share 13, std_loss 0.020684913275953457,  0.51011 0.50717 0.53178 0.50534
2021-05-18 07:31:02,455:INFO:[Rank-2] val time 15.6640, epoch 188, step  40, loss 1.06079883, auc@1 70.12, auc@5 91.81
2021-05-18 07:31:40,470:INFO:[Rank-2] train time 37.5515, epoch 189, step  49, loss 0.51205492, auc@1 86.83, auc@5 98.36, share 17, std_loss 0.00781387471289811,  0.51856 0.50725 0.51571 0.50670
2021-05-18 07:31:56,180:INFO:[Rank-2] val time 15.7076, epoch 189, step  40, loss 1.06128944, auc@1 70.09, auc@5 91.75
2021-05-18 07:32:33,533:INFO:[Rank-2] train time 37.1687, epoch 190, step  49, loss 0.51265496, auc@1 86.87, auc@5 98.30, share 12, std_loss 0.01939118142258756,  0.51741 0.50592 0.52827 0.49832
2021-05-18 07:32:49,148:INFO:[Rank-2] val time 15.6123, epoch 190, step  40, loss 1.06008659, auc@1 70.09, auc@5 91.70
2021-05-18 07:33:26,701:INFO:[Rank-2] train time 37.1568, epoch 191, step  49, loss 0.51674211, auc@1 86.55, auc@5 98.21, share 15, std_loss 0.017635249570772355,  0.53178 0.50170 0.51594 0.51747
2021-05-18 07:33:42,373:INFO:[Rank-2] val time 15.6690, epoch 191, step  40, loss 1.06247745, auc@1 70.00, auc@5 91.71
2021-05-18 07:34:20,013:INFO:[Rank-2] train time 37.2818, epoch 192, step  49, loss 0.50892001, auc@1 86.80, auc@5 98.30, share 16, std_loss 0.017282637843520056,  0.51186 0.49222 0.52824 0.50336
2021-05-18 07:34:35,679:INFO:[Rank-2] val time 15.6624, epoch 192, step  40, loss 1.06331919, auc@1 69.91, auc@5 91.64
2021-05-18 07:35:12,932:INFO:[Rank-2] train time 36.8458, epoch 193, step  49, loss 0.50910890, auc@1 86.72, auc@5 98.31, share 14, std_loss 0.012384152952201513,  0.50909 0.50091 0.51988 0.50295
2021-05-18 07:35:28,534:INFO:[Rank-2] val time 15.5996, epoch 193, step  40, loss 1.06080156, auc@1 70.02, auc@5 91.75
2021-05-18 07:36:06,096:INFO:[Rank-2] train time 37.1182, epoch 194, step  49, loss 0.51526105, auc@1 86.61, auc@5 98.25, share 13, std_loss 0.015993965333517716,  0.51599 0.50567 0.52990 0.51006
2021-05-18 07:36:21,910:INFO:[Rank-2] val time 15.8112, epoch 194, step  40, loss 1.06072840, auc@1 70.12, auc@5 91.67
2021-05-18 07:36:59,539:INFO:[Rank-2] train time 37.0956, epoch 195, step  49, loss 0.51078194, auc@1 86.66, auc@5 98.34, share 14, std_loss 0.010993379738409909,  0.51221 0.50056 0.52268 0.50767
2021-05-18 07:37:15,063:INFO:[Rank-2] val time 15.5204, epoch 195, step  40, loss 1.05965536, auc@1 69.98, auc@5 91.75
2021-05-18 07:37:53,243:INFO:[Rank-2] train time 37.7243, epoch 196, step  49, loss 0.51146984, auc@1 86.77, auc@5 98.25, share 16, std_loss 0.02673587822640429,  0.51971 0.49245 0.53662 0.49709
2021-05-18 07:38:08,957:INFO:[Rank-2] val time 15.7114, epoch 196, step  40, loss 1.05982807, auc@1 70.01, auc@5 91.75
2021-05-18 07:38:46,037:INFO:[Rank-2] train time 36.8387, epoch 197, step  49, loss 0.51233858, auc@1 86.66, auc@5 98.31, share 17, std_loss 0.011942577567331645,  0.51970 0.50939 0.52077 0.49959
2021-05-18 07:39:01,711:INFO:[Rank-2] val time 15.6714, epoch 197, step  40, loss 1.06024147, auc@1 70.01, auc@5 91.72
2021-05-18 07:39:39,058:INFO:[Rank-2] train time 37.0372, epoch 198, step  49, loss 0.51205319, auc@1 86.78, auc@5 98.32, share 15, std_loss 0.019625601016593223,  0.51309 0.50729 0.53015 0.49804
2021-05-18 07:39:54,832:INFO:[Rank-2] val time 15.7702, epoch 198, step  40, loss 1.05900687, auc@1 70.08, auc@5 91.74
2021-05-18 07:40:32,580:INFO:[Rank-2] train time 37.2597, epoch 199, step  49, loss 0.51235974, auc@1 86.70, auc@5 98.31, share 15, std_loss 0.01188269727008075,  0.51708 0.50926 0.51715 0.50596
2021-05-18 07:40:48,210:INFO:[Rank-2] val time 15.6274, epoch 199, step  40, loss 1.06188348, auc@1 70.19, auc@5 91.80
2021-05-18 07:41:25,837:INFO:[Rank-2] train time 37.1074, epoch 200, step  49, loss 0.50933719, auc@1 86.80, auc@5 98.27, share 14, std_loss 0.02150383279943953,  0.51815 0.49608 0.52783 0.49529
2021-05-18 07:41:41,459:INFO:[Rank-2] val time 15.6181, epoch 200, step  40, loss 1.06197701, auc@1 70.10, auc@5 91.68
2021-05-18 07:41:41,459:INFO:[Rank-2] finish, train+val 10654.55652, train 7523.51965, reduce_count 2940
