2021-05-18 07:41:49,863:INFO:[Rank-1] args : Namespace(batch=1024, current_time='20210517_222635', dataset='cifar100', epochs=200, ip='192.168.1.1:7548', k=4, lr=0.01, momentum=0.9, rank=1, train_type='proposal', weight_decay=0.005, world=4)
2021-05-18 07:42:28,220:INFO:[Rank-1] train time 36.8474, epoch   1, step  49, loss 4.81269884, auc@1 1.82, auc@5 7.97, share 0, std_loss 0, 
2021-05-18 07:42:44,549:INFO:[Rank-1] val time 16.3224, epoch   1, step  40, loss 4.65951467, auc@1 3.48, auc@5 12.48
2021-05-18 07:43:20,647:INFO:[Rank-1] train time 36.0962, epoch   2, step  49, loss 4.47696543, auc@1 3.82, auc@5 15.18, share 0, std_loss 0, 
2021-05-18 07:43:37,410:INFO:[Rank-1] val time 16.7533, epoch   2, step  40, loss 4.21802296, auc@1 4.60, auc@5 19.21
2021-05-18 07:44:14,102:INFO:[Rank-1] train time 36.6913, epoch   3, step  49, loss 4.19539690, auc@1 5.92, auc@5 21.80, share 0, std_loss 0, 
2021-05-18 07:44:30,689:INFO:[Rank-1] val time 16.5835, epoch   3, step  40, loss 4.04112756, auc@1 8.19, auc@5 26.43
2021-05-18 07:45:07,491:INFO:[Rank-1] train time 36.8005, epoch   4, step  49, loss 4.01365137, auc@1 7.98, auc@5 26.81, share 0, std_loss 0, 
2021-05-18 07:45:24,196:INFO:[Rank-1] val time 16.6960, epoch   4, step  40, loss 4.02412718, auc@1 9.06, auc@5 30.07
2021-05-18 07:46:00,568:INFO:[Rank-1] train time 36.3710, epoch   5, step  49, loss 3.89447260, auc@1 9.58, auc@5 30.43, share 0, std_loss 0, 
2021-05-18 07:46:17,025:INFO:[Rank-1] val time 16.4534, epoch   5, step  40, loss 3.83262326, auc@1 10.99, auc@5 32.94
2021-05-18 07:46:53,776:INFO:[Rank-1] train time 36.7498, epoch   6, step  49, loss 3.79111552, auc@1 10.92, auc@5 33.54, share 0, std_loss 0, 
2021-05-18 07:47:10,292:INFO:[Rank-1] val time 16.5102, epoch   6, step  40, loss 3.85791850, auc@1 11.41, auc@5 35.20
2021-05-18 07:47:47,011:INFO:[Rank-1] train time 36.7167, epoch   7, step  49, loss 3.70396852, auc@1 12.23, auc@5 36.12, share 0, std_loss 0, 
2021-05-18 07:48:03,388:INFO:[Rank-1] val time 16.3695, epoch   7, step  40, loss 3.62639837, auc@1 13.35, auc@5 38.21
2021-05-18 07:48:40,188:INFO:[Rank-1] train time 36.7986, epoch   8, step  49, loss 3.59894681, auc@1 13.79, auc@5 39.35, share 0, std_loss 0, 
2021-05-18 07:48:56,690:INFO:[Rank-1] val time 16.4985, epoch   8, step  40, loss 3.54965981, auc@1 14.72, auc@5 40.98
2021-05-18 07:49:33,658:INFO:[Rank-1] train time 36.9668, epoch   9, step  49, loss 3.51228189, auc@1 15.24, auc@5 41.66, share 0, std_loss 0, 
2021-05-18 07:49:50,195:INFO:[Rank-1] val time 16.5333, epoch   9, step  40, loss 3.44532337, auc@1 17.00, auc@5 43.95
2021-05-18 07:50:26,543:INFO:[Rank-1] train time 36.3463, epoch  10, step  49, loss 3.43540406, auc@1 16.64, auc@5 43.94, share 0, std_loss 0, 
2021-05-18 07:50:42,849:INFO:[Rank-1] val time 16.3002, epoch  10, step  40, loss 3.28778956, auc@1 19.33, auc@5 47.77
2021-05-18 07:51:19,274:INFO:[Rank-1] train time 36.4240, epoch  11, step  49, loss 3.35053849, auc@1 18.01, auc@5 46.47, share 0, std_loss 0, 
2021-05-18 07:51:35,938:INFO:[Rank-1] val time 16.6573, epoch  11, step  40, loss 3.29733672, auc@1 19.45, auc@5 48.84
2021-05-18 07:52:12,061:INFO:[Rank-1] train time 36.1203, epoch  12, step  49, loss 3.26268005, auc@1 19.70, auc@5 48.69, share 0, std_loss 0, 
2021-05-18 07:52:28,490:INFO:[Rank-1] val time 16.4210, epoch  12, step  40, loss 3.23407036, auc@1 20.21, auc@5 49.93
2021-05-18 07:53:05,337:INFO:[Rank-1] train time 36.8454, epoch  13, step  49, loss 3.19665313, auc@1 20.87, auc@5 50.46, share 0, std_loss 0, 
2021-05-18 07:53:21,970:INFO:[Rank-1] val time 16.6289, epoch  13, step  40, loss 3.26382831, auc@1 20.33, auc@5 48.95
2021-05-18 07:53:58,176:INFO:[Rank-1] train time 36.2049, epoch  14, step  49, loss 3.11805749, auc@1 22.17, auc@5 52.74, share 0, std_loss 0, 
2021-05-18 07:54:14,737:INFO:[Rank-1] val time 16.5564, epoch  14, step  40, loss 3.09781585, auc@1 22.95, auc@5 53.12
2021-05-18 07:54:51,412:INFO:[Rank-1] train time 36.6727, epoch  15, step  49, loss 3.05282879, auc@1 23.69, auc@5 54.46, share 0, std_loss 0, 
2021-05-18 07:55:07,984:INFO:[Rank-1] val time 16.5651, epoch  15, step  40, loss 3.12511016, auc@1 23.02, auc@5 52.31
2021-05-18 07:55:44,182:INFO:[Rank-1] train time 36.1965, epoch  16, step  49, loss 2.97485495, auc@1 24.90, auc@5 56.23, share 0, std_loss 0, 
2021-05-18 07:56:00,950:INFO:[Rank-1] val time 16.7648, epoch  16, step  40, loss 2.98021382, auc@1 25.37, auc@5 55.75
2021-05-18 07:56:37,205:INFO:[Rank-1] train time 36.2536, epoch  17, step  49, loss 2.89122868, auc@1 26.46, auc@5 58.40, share 0, std_loss 0, 
2021-05-18 07:56:53,735:INFO:[Rank-1] val time 16.5214, epoch  17, step  40, loss 3.31715811, auc@1 21.74, auc@5 50.51
2021-05-18 07:57:30,161:INFO:[Rank-1] train time 36.4242, epoch  18, step  49, loss 2.84779906, auc@1 27.29, auc@5 59.64, share 0, std_loss 0, 
2021-05-18 07:57:46,565:INFO:[Rank-1] val time 16.3972, epoch  18, step  40, loss 2.85008589, auc@1 27.30, auc@5 59.42
2021-05-18 07:58:22,906:INFO:[Rank-1] train time 36.3392, epoch  19, step  49, loss 2.75918007, auc@1 29.13, auc@5 61.66, share 0, std_loss 0, 
2021-05-18 07:58:39,418:INFO:[Rank-1] val time 16.5042, epoch  19, step  40, loss 2.83219359, auc@1 27.94, auc@5 59.52
2021-05-18 07:59:15,615:INFO:[Rank-1] train time 36.1960, epoch  20, step  49, loss 2.70991468, auc@1 30.21, auc@5 62.69, share 0, std_loss 0, 
2021-05-18 07:59:31,693:INFO:[Rank-1] val time 16.0738, epoch  20, step  40, loss 2.71312217, auc@1 30.62, auc@5 62.67
2021-05-18 08:00:08,600:INFO:[Rank-1] train time 36.9057, epoch  21, step  49, loss 2.63216496, auc@1 31.56, auc@5 64.71, share 0, std_loss 0, 
2021-05-18 08:00:24,906:INFO:[Rank-1] val time 16.3021, epoch  21, step  40, loss 2.63239520, auc@1 31.02, auc@5 64.30
2021-05-18 08:01:01,573:INFO:[Rank-1] train time 36.6660, epoch  22, step  49, loss 2.57407498, auc@1 32.85, auc@5 66.03, share 0, std_loss 0, 
2021-05-18 08:01:18,213:INFO:[Rank-1] val time 16.6359, epoch  22, step  40, loss 2.88306270, auc@1 28.29, auc@5 60.36
2021-05-18 08:01:54,537:INFO:[Rank-1] train time 36.3229, epoch  23, step  49, loss 2.50870633, auc@1 33.89, auc@5 67.67, share 0, std_loss 0, 
2021-05-18 08:02:11,652:INFO:[Rank-1] val time 17.1093, epoch  23, step  40, loss 2.74034172, auc@1 30.77, auc@5 62.78
2021-05-18 08:02:47,721:INFO:[Rank-1] train time 36.0670, epoch  24, step  49, loss 2.44168687, auc@1 35.60, auc@5 68.94, share 0, std_loss 0, 
2021-05-18 08:03:04,079:INFO:[Rank-1] val time 16.3544, epoch  24, step  40, loss 2.49399180, auc@1 34.91, auc@5 67.21
2021-05-18 08:03:40,508:INFO:[Rank-1] train time 36.4280, epoch  25, step  49, loss 2.39611721, auc@1 36.34, auc@5 69.98, share 0, std_loss 0, 
2021-05-18 08:03:57,204:INFO:[Rank-1] val time 16.6921, epoch  25, step  40, loss 2.42644991, auc@1 35.27, auc@5 68.87
2021-05-18 08:04:33,567:INFO:[Rank-1] train time 36.3623, epoch  26, step  49, loss 2.32127190, auc@1 37.95, auc@5 71.78, share 0, std_loss 0, 
2021-05-18 08:04:50,318:INFO:[Rank-1] val time 16.7444, epoch  26, step  40, loss 2.36919160, auc@1 36.59, auc@5 69.22
2021-05-18 08:05:27,092:INFO:[Rank-1] train time 36.7726, epoch  27, step  49, loss 2.27082968, auc@1 39.17, auc@5 72.87, share 0, std_loss 0, 
2021-05-18 08:05:43,505:INFO:[Rank-1] val time 16.4090, epoch  27, step  40, loss 2.35617431, auc@1 37.80, auc@5 70.57
2021-05-18 08:06:19,611:INFO:[Rank-1] train time 36.1050, epoch  28, step  49, loss 2.23288035, auc@1 39.87, auc@5 73.42, share 0, std_loss 0, 
2021-05-18 08:06:36,316:INFO:[Rank-1] val time 16.6983, epoch  28, step  40, loss 2.54326964, auc@1 34.20, auc@5 66.79
2021-05-18 08:07:12,624:INFO:[Rank-1] train time 36.3062, epoch  29, step  49, loss 2.18617129, auc@1 41.14, auc@5 74.44, share 0, std_loss 0, 
2021-05-18 08:07:29,164:INFO:[Rank-1] val time 16.5319, epoch  29, step  40, loss 2.48830376, auc@1 35.79, auc@5 67.66
2021-05-18 08:08:05,379:INFO:[Rank-1] train time 36.2140, epoch  30, step  49, loss 2.13449478, auc@1 42.14, auc@5 75.70, share 0, std_loss 0, 
2021-05-18 08:08:22,236:INFO:[Rank-1] val time 16.8450, epoch  30, step  40, loss 2.29553190, auc@1 39.14, auc@5 72.08
2021-05-18 08:08:58,970:INFO:[Rank-1] train time 36.7331, epoch  31, step  49, loss 2.07304025, auc@1 43.64, auc@5 76.60, share 0, std_loss 0, 
2021-05-18 08:09:15,223:INFO:[Rank-1] val time 16.2457, epoch  31, step  40, loss 2.26654105, auc@1 38.77, auc@5 72.66
2021-05-18 08:09:51,852:INFO:[Rank-1] train time 36.6268, epoch  32, step  49, loss 2.03907108, auc@1 44.49, auc@5 77.64, share 0, std_loss 0, 
2021-05-18 08:10:08,555:INFO:[Rank-1] val time 16.6970, epoch  32, step  40, loss 2.32032877, auc@1 38.65, auc@5 70.95
2021-05-18 08:10:45,242:INFO:[Rank-1] train time 36.6842, epoch  33, step  49, loss 2.00382662, auc@1 45.38, auc@5 78.00, share 0, std_loss 0, 
2021-05-18 08:11:01,816:INFO:[Rank-1] val time 16.5712, epoch  33, step  40, loss 2.16352913, auc@1 41.46, auc@5 75.07
2021-05-18 08:11:38,160:INFO:[Rank-1] train time 36.3421, epoch  34, step  49, loss 1.96274340, auc@1 46.32, auc@5 78.87, share 0, std_loss 0, 
2021-05-18 08:11:54,664:INFO:[Rank-1] val time 16.4993, epoch  34, step  40, loss 2.04966052, auc@1 44.26, auc@5 77.02
2021-05-18 08:12:31,348:INFO:[Rank-1] train time 36.6819, epoch  35, step  49, loss 1.91806090, auc@1 47.10, auc@5 79.67, share 0, std_loss 0, 
2021-05-18 08:12:47,940:INFO:[Rank-1] val time 16.5878, epoch  35, step  40, loss 2.43838994, auc@1 37.99, auc@5 69.96
2021-05-18 08:13:24,750:INFO:[Rank-1] train time 36.8075, epoch  36, step  49, loss 1.89590287, auc@1 48.02, auc@5 80.19, share 0, std_loss 0, 
2021-05-18 08:13:41,018:INFO:[Rank-1] val time 16.2607, epoch  36, step  40, loss 2.13794913, auc@1 42.84, auc@5 74.12
2021-05-18 08:14:17,784:INFO:[Rank-1] train time 36.7637, epoch  37, step  49, loss 1.86870849, auc@1 48.58, auc@5 80.85, share 0, std_loss 0, 
2021-05-18 08:14:34,048:INFO:[Rank-1] val time 16.2595, epoch  37, step  40, loss 2.27907856, auc@1 40.48, auc@5 71.35
2021-05-18 08:15:10,176:INFO:[Rank-1] train time 36.1264, epoch  38, step  49, loss 1.82224870, auc@1 49.50, auc@5 81.65, share 0, std_loss 0, 
2021-05-18 08:15:26,685:INFO:[Rank-1] val time 16.5055, epoch  38, step  40, loss 1.98717341, auc@1 46.71, auc@5 78.02
2021-05-18 08:16:03,040:INFO:[Rank-1] train time 36.3530, epoch  39, step  49, loss 1.81194651, auc@1 49.83, auc@5 81.72, share 0, std_loss 0, 
2021-05-18 08:16:19,744:INFO:[Rank-1] val time 16.6984, epoch  39, step  40, loss 2.07629413, auc@1 43.93, auc@5 76.74
2021-05-18 08:16:56,255:INFO:[Rank-1] train time 36.5093, epoch  40, step  49, loss 1.76868987, auc@1 50.99, auc@5 82.42, share 0, std_loss 0, 
2021-05-18 08:17:12,812:INFO:[Rank-1] val time 16.5495, epoch  40, step  40, loss 2.08118598, auc@1 45.17, auc@5 75.89
2021-05-18 08:17:48,908:INFO:[Rank-1] train time 36.0940, epoch  41, step  49, loss 1.74349964, auc@1 51.53, auc@5 82.94, share 0, std_loss 0, 
2021-05-18 08:18:05,533:INFO:[Rank-1] val time 16.6127, epoch  41, step  40, loss 2.00316643, auc@1 45.13, auc@5 77.93
2021-05-18 08:18:42,151:INFO:[Rank-1] train time 36.6169, epoch  42, step  49, loss 1.71804595, auc@1 52.27, auc@5 83.45, share 0, std_loss 0, 
2021-05-18 08:18:58,740:INFO:[Rank-1] val time 16.5807, epoch  42, step  40, loss 1.91146782, auc@1 48.07, auc@5 79.18
2021-05-18 08:19:35,197:INFO:[Rank-1] train time 36.4555, epoch  43, step  49, loss 1.69539952, auc@1 52.93, auc@5 83.72, share 0, std_loss 0, 
2021-05-18 08:19:51,836:INFO:[Rank-1] val time 16.6351, epoch  43, step  40, loss 1.87575996, auc@1 48.41, auc@5 79.92
2021-05-18 08:20:28,356:INFO:[Rank-1] train time 36.5197, epoch  44, step  49, loss 1.67520154, auc@1 53.26, auc@5 84.30, share 0, std_loss 0, 
2021-05-18 08:20:45,256:INFO:[Rank-1] val time 16.8955, epoch  44, step  40, loss 1.99231608, auc@1 45.60, auc@5 78.01
2021-05-18 08:21:21,383:INFO:[Rank-1] train time 36.1259, epoch  45, step  49, loss 1.65450406, auc@1 53.93, auc@5 84.36, share 0, std_loss 0, 
2021-05-18 08:21:37,852:INFO:[Rank-1] val time 16.4658, epoch  45, step  40, loss 1.93730275, auc@1 47.12, auc@5 78.93
2021-05-18 08:22:14,040:INFO:[Rank-1] train time 36.1867, epoch  46, step  49, loss 1.62714219, auc@1 54.70, auc@5 84.93, share 0, std_loss 0, 
2021-05-18 08:22:30,536:INFO:[Rank-1] val time 16.4927, epoch  46, step  40, loss 1.95533574, auc@1 46.96, auc@5 78.13
2021-05-18 08:23:06,937:INFO:[Rank-1] train time 36.4002, epoch  47, step  49, loss 1.60984755, auc@1 55.11, auc@5 85.37, share 0, std_loss 0, 
2021-05-18 08:23:23,800:INFO:[Rank-1] val time 16.8574, epoch  47, step  40, loss 1.84032755, auc@1 48.61, auc@5 80.94
2021-05-18 08:24:00,277:INFO:[Rank-1] train time 36.4750, epoch  48, step  49, loss 1.59730268, auc@1 55.38, auc@5 85.41, share 0, std_loss 0, 
2021-05-18 08:24:16,931:INFO:[Rank-1] val time 16.6484, epoch  48, step  40, loss 1.91963459, auc@1 47.20, auc@5 79.74
2021-05-18 08:24:53,259:INFO:[Rank-1] train time 36.3256, epoch  49, step  49, loss 1.57745504, auc@1 55.91, auc@5 85.68, share 0, std_loss 0, 
2021-05-18 08:25:09,796:INFO:[Rank-1] val time 16.5289, epoch  49, step  40, loss 1.96868251, auc@1 46.95, auc@5 79.00
2021-05-18 08:25:46,156:INFO:[Rank-1] train time 36.3584, epoch  50, step  49, loss 1.55358505, auc@1 56.70, auc@5 86.12, share 0, std_loss 0, 
2021-05-18 08:26:02,825:INFO:[Rank-1] val time 16.6648, epoch  50, step  40, loss 2.10476995, auc@1 44.60, auc@5 75.45
2021-05-18 08:26:39,328:INFO:[Rank-1] train time 36.5020, epoch  51, step  49, loss 1.36278427, auc@1 61.95, auc@5 89.19, share 0, std_loss 0, 
2021-05-18 08:26:55,658:INFO:[Rank-1] val time 16.3225, epoch  51, step  40, loss 1.34389381, auc@1 61.20, auc@5 88.11
2021-05-18 08:27:32,560:INFO:[Rank-1] train time 36.9001, epoch  52, step  49, loss 1.24009538, auc@1 65.34, auc@5 90.94, share 0, std_loss 0, 
2021-05-18 08:27:48,880:INFO:[Rank-1] val time 16.3142, epoch  52, step  40, loss 1.30862080, auc@1 62.24, auc@5 88.68
2021-05-18 08:28:25,226:INFO:[Rank-1] train time 36.3447, epoch  53, step  49, loss 1.20168400, auc@1 66.59, auc@5 91.25, share 0, std_loss 0, 
2021-05-18 08:28:41,945:INFO:[Rank-1] val time 16.7119, epoch  53, step  40, loss 1.29129615, auc@1 62.72, auc@5 88.99
2021-05-18 08:29:18,072:INFO:[Rank-1] train time 36.1250, epoch  54, step  49, loss 1.17507553, auc@1 67.05, auc@5 91.61, share 0, std_loss 0, 
2021-05-18 08:29:34,750:INFO:[Rank-1] val time 16.6724, epoch  54, step  40, loss 1.26795692, auc@1 63.45, auc@5 89.23
2021-05-18 08:30:11,581:INFO:[Rank-1] train time 36.8293, epoch  55, step  49, loss 1.15060139, auc@1 67.65, auc@5 92.00, share 0, std_loss 0, 
2021-05-18 08:30:28,034:INFO:[Rank-1] val time 16.4430, epoch  55, step  40, loss 1.26653969, auc@1 63.32, auc@5 89.24
2021-05-18 08:31:04,140:INFO:[Rank-1] train time 36.1038, epoch  56, step  49, loss 1.13618720, auc@1 67.95, auc@5 92.14, share 0, std_loss 0, 
2021-05-18 08:31:20,744:INFO:[Rank-1] val time 16.5939, epoch  56, step  40, loss 1.24945100, auc@1 64.05, auc@5 89.23
2021-05-18 08:31:57,303:INFO:[Rank-1] train time 36.5577, epoch  57, step  49, loss 1.12307429, auc@1 68.50, auc@5 92.36, share 0, std_loss 0, 
2021-05-18 08:32:13,741:INFO:[Rank-1] val time 16.4352, epoch  57, step  40, loss 1.23929726, auc@1 64.09, auc@5 89.51
2021-05-18 08:32:50,551:INFO:[Rank-1] train time 36.8080, epoch  58, step  49, loss 1.10829401, auc@1 69.04, auc@5 92.43, share 0, std_loss 0, 
2021-05-18 08:33:07,256:INFO:[Rank-1] val time 16.6978, epoch  58, step  40, loss 1.23891243, auc@1 64.35, auc@5 89.46
2021-05-18 08:33:43,534:INFO:[Rank-1] train time 36.2764, epoch  59, step  49, loss 1.09192145, auc@1 69.15, auc@5 92.72, share 0, std_loss 0, 
2021-05-18 08:34:00,065:INFO:[Rank-1] val time 16.5243, epoch  59, step  40, loss 1.22593148, auc@1 64.47, auc@5 90.11
2021-05-18 08:34:36,656:INFO:[Rank-1] train time 36.5894, epoch  60, step  49, loss 1.08288646, auc@1 69.58, auc@5 92.79, share 0, std_loss 0, 
2021-05-18 08:34:53,214:INFO:[Rank-1] val time 16.5502, epoch  60, step  40, loss 1.22147639, auc@1 64.95, auc@5 89.77
2021-05-18 08:35:29,506:INFO:[Rank-1] train time 36.2907, epoch  61, step  49, loss 1.06428528, auc@1 70.13, auc@5 93.07, share 0, std_loss 0, 
2021-05-18 08:35:45,970:INFO:[Rank-1] val time 16.4563, epoch  61, step  40, loss 1.21130590, auc@1 65.14, auc@5 90.03
2021-05-18 08:36:22,132:INFO:[Rank-1] train time 36.1611, epoch  62, step  49, loss 1.05549479, auc@1 70.53, auc@5 93.13, share 0, std_loss 0, 
2021-05-18 08:36:38,698:INFO:[Rank-1] val time 16.5614, epoch  62, step  40, loss 1.21088247, auc@1 65.17, auc@5 89.92
2021-05-18 08:37:15,515:INFO:[Rank-1] train time 36.8159, epoch  63, step  49, loss 1.04336870, auc@1 70.79, auc@5 93.37, share 0, std_loss 0, 
2021-05-18 08:37:31,980:INFO:[Rank-1] val time 16.4614, epoch  63, step  40, loss 1.20827376, auc@1 64.98, auc@5 90.16
2021-05-18 08:38:08,846:INFO:[Rank-1] train time 36.8647, epoch  64, step  49, loss 1.03765035, auc@1 70.69, auc@5 93.39, share 0, std_loss 0, 
2021-05-18 08:38:25,528:INFO:[Rank-1] val time 16.6745, epoch  64, step  40, loss 1.19671190, auc@1 65.58, auc@5 90.40
2021-05-18 08:39:01,700:INFO:[Rank-1] train time 36.1716, epoch  65, step  49, loss 1.02291703, auc@1 71.38, auc@5 93.59, share 0, std_loss 0, 
2021-05-18 08:39:18,056:INFO:[Rank-1] val time 16.3501, epoch  65, step  40, loss 1.20794077, auc@1 65.21, auc@5 90.16
2021-05-18 08:39:54,434:INFO:[Rank-1] train time 36.3772, epoch  66, step  49, loss 1.01376915, auc@1 71.66, auc@5 93.64, share 0, std_loss 0, 
2021-05-18 08:40:10,912:INFO:[Rank-1] val time 16.4703, epoch  66, step  40, loss 1.19477444, auc@1 65.49, auc@5 90.18
2021-05-18 08:40:47,206:INFO:[Rank-1] train time 36.2918, epoch  67, step  49, loss 1.00016022, auc@1 72.03, auc@5 93.83, share 0, std_loss 0, 
2021-05-18 08:41:03,693:INFO:[Rank-1] val time 16.4807, epoch  67, step  40, loss 1.18490132, auc@1 65.68, auc@5 90.36
2021-05-18 08:41:39,719:INFO:[Rank-1] train time 36.0246, epoch  68, step  49, loss 0.99115396, auc@1 72.24, auc@5 94.05, share 0, std_loss 0, 
2021-05-18 08:41:56,351:INFO:[Rank-1] val time 16.6230, epoch  68, step  40, loss 1.17656052, auc@1 66.00, auc@5 90.50
2021-05-18 08:42:32,520:INFO:[Rank-1] train time 36.1680, epoch  69, step  49, loss 0.98610014, auc@1 72.35, auc@5 94.01, share 0, std_loss 0, 
2021-05-18 08:42:49,205:INFO:[Rank-1] val time 16.6768, epoch  69, step  40, loss 1.18129909, auc@1 66.30, auc@5 90.43
2021-05-18 08:43:25,754:INFO:[Rank-1] train time 36.5479, epoch  70, step  49, loss 0.97023439, auc@1 72.70, auc@5 94.22, share 0, std_loss 0, 
2021-05-18 08:43:42,437:INFO:[Rank-1] val time 16.6749, epoch  70, step  40, loss 1.17245464, auc@1 66.15, auc@5 90.71
2021-05-18 08:44:18,983:INFO:[Rank-1] train time 36.5436, epoch  71, step  49, loss 0.96700227, auc@1 72.72, auc@5 94.21, share 0, std_loss 0, 
2021-05-18 08:44:35,236:INFO:[Rank-1] val time 16.2471, epoch  71, step  40, loss 1.17326276, auc@1 66.27, auc@5 90.74
2021-05-18 08:45:11,203:INFO:[Rank-1] train time 35.9656, epoch  72, step  49, loss 0.95345771, auc@1 73.05, auc@5 94.43, share 0, std_loss 0, 
2021-05-18 08:45:27,829:INFO:[Rank-1] val time 16.6206, epoch  72, step  40, loss 1.17712547, auc@1 65.87, auc@5 90.72
2021-05-18 08:46:04,434:INFO:[Rank-1] train time 36.6041, epoch  73, step  49, loss 0.95005935, auc@1 73.35, auc@5 94.34, share 0, std_loss 0, 
2021-05-18 08:46:20,985:INFO:[Rank-1] val time 16.5422, epoch  73, step  40, loss 1.16826217, auc@1 66.25, auc@5 90.63
2021-05-18 08:46:57,355:INFO:[Rank-1] train time 36.3687, epoch  74, step  49, loss 0.93812698, auc@1 73.61, auc@5 94.49, share 0, std_loss 0, 
2021-05-18 08:47:14,180:INFO:[Rank-1] val time 16.8171, epoch  74, step  40, loss 1.16298889, auc@1 66.30, auc@5 90.67
2021-05-18 08:47:50,584:INFO:[Rank-1] train time 36.4032, epoch  75, step  49, loss 0.92765450, auc@1 73.79, auc@5 94.75, share 0, std_loss 0, 
2021-05-18 08:48:07,050:INFO:[Rank-1] val time 16.4589, epoch  75, step  40, loss 1.17227809, auc@1 65.99, auc@5 90.59
2021-05-18 08:48:43,224:INFO:[Rank-1] train time 36.1718, epoch  76, step  49, loss 0.91858399, auc@1 74.32, auc@5 94.73, share 0, std_loss 0, 
2021-05-18 08:48:59,915:INFO:[Rank-1] val time 16.6831, epoch  76, step  40, loss 1.15934838, auc@1 66.46, auc@5 90.59
2021-05-18 08:49:36,208:INFO:[Rank-1] train time 36.2922, epoch  77, step  49, loss 0.90938830, auc@1 74.31, auc@5 94.72, share 0, std_loss 0, 
2021-05-18 08:49:52,311:INFO:[Rank-1] val time 16.0942, epoch  77, step  40, loss 1.16669732, auc@1 66.40, auc@5 90.47
2021-05-18 08:50:28,624:INFO:[Rank-1] train time 36.3106, epoch  78, step  49, loss 0.90117991, auc@1 74.78, auc@5 94.91, share 0, std_loss 0, 
2021-05-18 08:50:45,367:INFO:[Rank-1] val time 16.7354, epoch  78, step  40, loss 1.15900676, auc@1 66.42, auc@5 90.49
2021-05-18 08:51:21,961:INFO:[Rank-1] train time 36.5933, epoch  79, step  49, loss 0.89294696, auc@1 74.98, auc@5 95.04, share 0, std_loss 0, 
2021-05-18 08:51:38,570:INFO:[Rank-1] val time 16.6022, epoch  79, step  40, loss 1.15811481, auc@1 66.90, auc@5 90.59
2021-05-18 08:52:14,758:INFO:[Rank-1] train time 36.1869, epoch  80, step  49, loss 0.88251305, auc@1 75.21, auc@5 95.14, share 0, std_loss 0, 
2021-05-18 08:52:31,251:INFO:[Rank-1] val time 16.4821, epoch  80, step  40, loss 1.16643315, auc@1 66.37, auc@5 90.68
2021-05-18 08:53:07,653:INFO:[Rank-1] train time 36.4002, epoch  81, step  49, loss 0.87979674, auc@1 75.41, auc@5 95.05, share 0, std_loss 0, 
2021-05-18 08:53:24,186:INFO:[Rank-1] val time 16.5293, epoch  81, step  40, loss 1.15341080, auc@1 66.80, auc@5 90.69
2021-05-18 08:54:00,784:INFO:[Rank-1] train time 36.5969, epoch  82, step  49, loss 0.86309916, auc@1 75.85, auc@5 95.29, share 0, std_loss 0, 
2021-05-18 08:54:17,486:INFO:[Rank-1] val time 16.6974, epoch  82, step  40, loss 1.16169714, auc@1 66.43, auc@5 90.56
2021-05-18 08:54:54,129:INFO:[Rank-1] train time 36.6421, epoch  83, step  49, loss 0.85594243, auc@1 75.93, auc@5 95.27, share 0, std_loss 0, 
2021-05-18 08:55:10,680:INFO:[Rank-1] val time 16.5446, epoch  83, step  40, loss 1.16281470, auc@1 66.09, auc@5 90.64
2021-05-18 08:55:46,911:INFO:[Rank-1] train time 36.2295, epoch  84, step  49, loss 0.85468483, auc@1 76.24, auc@5 95.35, share 0, std_loss 0, 
2021-05-18 08:56:03,127:INFO:[Rank-1] val time 16.2055, epoch  84, step  40, loss 1.13202231, auc@1 67.32, auc@5 90.93
2021-05-18 08:56:39,656:INFO:[Rank-1] train time 36.5274, epoch  85, step  49, loss 0.84294462, auc@1 76.34, auc@5 95.52, share 0, std_loss 0, 
2021-05-18 08:56:56,272:INFO:[Rank-1] val time 16.6092, epoch  85, step  40, loss 1.14858521, auc@1 66.71, auc@5 90.74
2021-05-18 08:57:33,845:INFO:[Rank-1] train time 37.5699, epoch  86, step  49, loss 0.83633459, auc@1 76.87, auc@5 95.49, share 0, std_loss 0, 
2021-05-18 08:57:50,382:INFO:[Rank-1] val time 16.5308, epoch  86, step  40, loss 1.15014260, auc@1 67.00, auc@5 90.73
2021-05-18 08:58:26,986:INFO:[Rank-1] train time 36.6031, epoch  87, step  49, loss 0.83238268, auc@1 76.80, auc@5 95.67, share 0, std_loss 0, 
2021-05-18 08:58:43,432:INFO:[Rank-1] val time 16.4402, epoch  87, step  40, loss 1.14208491, auc@1 67.32, auc@5 90.86
2021-05-18 08:59:19,798:INFO:[Rank-1] train time 36.3642, epoch  88, step  49, loss 0.81901532, auc@1 77.17, auc@5 95.73, share 0, std_loss 0, 
2021-05-18 08:59:35,703:INFO:[Rank-1] val time 15.8986, epoch  88, step  40, loss 1.14323333, auc@1 67.24, auc@5 91.20
2021-05-18 09:00:11,763:INFO:[Rank-1] train time 36.0584, epoch  89, step  49, loss 0.81268513, auc@1 77.38, auc@5 95.76, share 0, std_loss 0, 
2021-05-18 09:00:28,378:INFO:[Rank-1] val time 16.6119, epoch  89, step  40, loss 1.14773630, auc@1 67.19, auc@5 90.59
2021-05-18 09:01:04,738:INFO:[Rank-1] train time 36.3536, epoch  90, step  49, loss 0.80543745, auc@1 77.67, auc@5 95.90, share 0, std_loss 0, 
2021-05-18 09:01:21,116:INFO:[Rank-1] val time 16.3751, epoch  90, step  40, loss 1.15711533, auc@1 66.80, auc@5 90.71
2021-05-18 09:01:57,401:INFO:[Rank-1] train time 36.2843, epoch  91, step  49, loss 0.79387349, auc@1 78.00, auc@5 96.04, share 0, std_loss 0, 
2021-05-18 09:02:13,601:INFO:[Rank-1] val time 16.1941, epoch  91, step  40, loss 1.13467468, auc@1 67.56, auc@5 91.07
2021-05-18 09:02:49,600:INFO:[Rank-1] train time 35.9969, epoch  92, step  49, loss 0.78464037, auc@1 78.11, auc@5 96.15, share 0, std_loss 0, 
2021-05-18 09:03:06,304:INFO:[Rank-1] val time 16.6968, epoch  92, step  40, loss 1.14278405, auc@1 67.41, auc@5 90.71
2021-05-18 09:03:42,711:INFO:[Rank-1] train time 36.4057, epoch  93, step  49, loss 0.77873951, auc@1 78.21, auc@5 96.28, share 0, std_loss 0, 
2021-05-18 09:03:59,248:INFO:[Rank-1] val time 16.5331, epoch  93, step  40, loss 1.14463990, auc@1 67.03, auc@5 90.70
2021-05-18 09:04:35,943:INFO:[Rank-1] train time 36.6938, epoch  94, step  49, loss 0.76908618, auc@1 78.50, auc@5 96.19, share 0, std_loss 0, 
2021-05-18 09:04:52,635:INFO:[Rank-1] val time 16.6864, epoch  94, step  40, loss 1.17306212, auc@1 66.05, auc@5 90.65
2021-05-18 09:05:28,745:INFO:[Rank-1] train time 36.1084, epoch  95, step  49, loss 0.76283205, auc@1 78.70, auc@5 96.38, share 0, std_loss 0, 
2021-05-18 09:05:45,864:INFO:[Rank-1] val time 17.1118, epoch  95, step  40, loss 1.15000865, auc@1 67.33, auc@5 90.90
2021-05-18 09:06:22,258:INFO:[Rank-1] train time 36.3892, epoch  96, step  49, loss 0.76053780, auc@1 78.77, auc@5 96.32, share 0, std_loss 0, 
2021-05-18 09:06:38,827:INFO:[Rank-1] val time 16.5650, epoch  96, step  40, loss 1.13042414, auc@1 67.64, auc@5 90.93
2021-05-18 09:07:15,759:INFO:[Rank-1] train time 36.9301, epoch  97, step  49, loss 0.74889195, auc@1 79.20, auc@5 96.47, share 0, std_loss 0, 
2021-05-18 09:07:32,554:INFO:[Rank-1] val time 16.7888, epoch  97, step  40, loss 1.13614483, auc@1 67.21, auc@5 90.80
2021-05-18 09:08:08,960:INFO:[Rank-1] train time 36.4036, epoch  98, step  49, loss 0.74605823, auc@1 79.29, auc@5 96.46, share 0, std_loss 0, 
2021-05-18 09:08:25,970:INFO:[Rank-1] val time 17.0006, epoch  98, step  40, loss 1.14176002, auc@1 67.61, auc@5 90.62
2021-05-18 09:09:02,460:INFO:[Rank-1] train time 36.4871, epoch  99, step  49, loss 0.73591298, auc@1 79.62, auc@5 96.65, share 0, std_loss 0, 
2021-05-18 09:09:19,124:INFO:[Rank-1] val time 16.6601, epoch  99, step  40, loss 1.13307847, auc@1 67.55, auc@5 91.05
2021-05-18 09:09:56,142:INFO:[Rank-1] train time 37.0161, epoch 100, step  49, loss 0.72479349, auc@1 79.77, auc@5 96.69, share 0, std_loss 0, 
2021-05-18 09:10:12,460:INFO:[Rank-1] val time 16.3133, epoch 100, step  40, loss 1.14910932, auc@1 67.46, auc@5 90.90
2021-05-18 09:10:48,607:INFO:[Rank-1] train time 36.1453, epoch 101, step  49, loss 0.69167233, auc@1 81.04, auc@5 96.98, share 0, std_loss 0, 
2021-05-18 09:11:05,543:INFO:[Rank-1] val time 16.9292, epoch 101, step  40, loss 1.07641390, auc@1 69.08, auc@5 91.76
2021-05-18 09:11:42,135:INFO:[Rank-1] train time 36.5836, epoch 102, step  49, loss 0.66134977, auc@1 82.00, auc@5 97.21, share 0, std_loss 0, 
2021-05-18 09:11:58,365:INFO:[Rank-1] val time 16.2231, epoch 102, step  40, loss 1.06648921, auc@1 69.19, auc@5 91.94
2021-05-18 09:12:35,176:INFO:[Rank-1] train time 36.8091, epoch 103, step  49, loss 0.65338123, auc@1 82.50, auc@5 97.09, share 0, std_loss 0, 
2021-05-18 09:12:51,893:INFO:[Rank-1] val time 16.7113, epoch 103, step  40, loss 1.06515505, auc@1 69.27, auc@5 91.86
2021-05-18 09:13:28,063:INFO:[Rank-1] train time 36.1682, epoch 104, step  49, loss 0.64513969, auc@1 82.61, auc@5 97.40, share 0, std_loss 0, 
2021-05-18 09:13:44,782:INFO:[Rank-1] val time 16.7097, epoch 104, step  40, loss 1.06253724, auc@1 69.68, auc@5 91.91
2021-05-18 09:14:21,410:INFO:[Rank-1] train time 36.6246, epoch 105, step  49, loss 0.64380556, auc@1 82.71, auc@5 97.27, share 0, std_loss 0, 
2021-05-18 09:14:37,701:INFO:[Rank-1] val time 16.2835, epoch 105, step  40, loss 1.06031566, auc@1 69.60, auc@5 91.88
2021-05-18 09:15:14,381:INFO:[Rank-1] train time 36.6784, epoch 106, step  49, loss 0.63721299, auc@1 82.85, auc@5 97.38, share 0, std_loss 0, 
2021-05-18 09:15:30,711:INFO:[Rank-1] val time 16.3223, epoch 106, step  40, loss 1.05987151, auc@1 69.29, auc@5 92.02
2021-05-18 09:16:07,387:INFO:[Rank-1] train time 36.6747, epoch 107, step  49, loss 0.63937610, auc@1 82.77, auc@5 97.39, share 0, std_loss 0, 
2021-05-18 09:16:23,875:INFO:[Rank-1] val time 16.4847, epoch 107, step  40, loss 1.05832890, auc@1 69.57, auc@5 91.83
2021-05-18 09:17:00,707:INFO:[Rank-1] train time 36.8297, epoch 108, step  49, loss 0.62974763, auc@1 83.16, auc@5 97.40, share 0, std_loss 0, 
2021-05-18 09:17:17,058:INFO:[Rank-1] val time 16.3438, epoch 108, step  40, loss 1.06014653, auc@1 69.62, auc@5 91.96
2021-05-18 09:17:53,420:INFO:[Rank-1] train time 36.3608, epoch 109, step  49, loss 0.62568682, auc@1 83.38, auc@5 97.55, share 0, std_loss 0, 
2021-05-18 09:18:09,863:INFO:[Rank-1] val time 16.4376, epoch 109, step  40, loss 1.05863407, auc@1 69.68, auc@5 92.02
2021-05-18 09:18:46,323:INFO:[Rank-1] train time 36.4593, epoch 110, step  49, loss 0.62750989, auc@1 83.27, auc@5 97.48, share 0, std_loss 0, 
2021-05-18 09:19:02,889:INFO:[Rank-1] val time 16.5622, epoch 110, step  40, loss 1.05659719, auc@1 69.74, auc@5 91.97
2021-05-18 09:19:38,894:INFO:[Rank-1] train time 36.0038, epoch 111, step  49, loss 0.62152976, auc@1 83.45, auc@5 97.47, share 0, std_loss 0, 
2021-05-18 09:19:55,653:INFO:[Rank-1] val time 16.7505, epoch 111, step  40, loss 1.05727227, auc@1 69.55, auc@5 92.03
2021-05-18 09:20:32,133:INFO:[Rank-1] train time 36.4785, epoch 112, step  49, loss 0.61881322, auc@1 83.51, auc@5 97.51, share 0, std_loss 0, 
2021-05-18 09:20:48,267:INFO:[Rank-1] val time 16.1273, epoch 112, step  40, loss 1.05552429, auc@1 69.83, auc@5 92.01
2021-05-18 09:21:24,487:INFO:[Rank-1] train time 36.2184, epoch 113, step  49, loss 0.61868048, auc@1 83.45, auc@5 97.61, share 0, std_loss 0, 
2021-05-18 09:21:41,065:INFO:[Rank-1] val time 16.5712, epoch 113, step  40, loss 1.05838605, auc@1 69.46, auc@5 91.86
2021-05-18 09:22:17,601:INFO:[Rank-1] train time 36.5348, epoch 114, step  49, loss 0.61565518, auc@1 83.53, auc@5 97.60, share 0, std_loss 0, 
2021-05-18 09:22:34,444:INFO:[Rank-1] val time 16.8359, epoch 114, step  40, loss 1.05693481, auc@1 69.68, auc@5 92.03
2021-05-18 09:23:10,585:INFO:[Rank-1] train time 36.1398, epoch 115, step  49, loss 0.60903156, auc@1 83.93, auc@5 97.65, share 0, std_loss 0, 
2021-05-18 09:23:27,277:INFO:[Rank-1] val time 16.6887, epoch 115, step  40, loss 1.05479258, auc@1 69.79, auc@5 92.03
2021-05-18 09:24:03,486:INFO:[Rank-1] train time 36.2088, epoch 116, step  49, loss 0.61032355, auc@1 83.82, auc@5 97.59, share 0, std_loss 0, 
2021-05-18 09:24:19,926:INFO:[Rank-1] val time 16.4359, epoch 116, step  40, loss 1.05758421, auc@1 69.95, auc@5 91.99
2021-05-18 09:24:56,574:INFO:[Rank-1] train time 36.6469, epoch 117, step  49, loss 0.60658801, auc@1 83.89, auc@5 97.64, share 0, std_loss 0, 
2021-05-18 09:25:13,149:INFO:[Rank-1] val time 16.5707, epoch 117, step  40, loss 1.05790904, auc@1 69.85, auc@5 91.99
2021-05-18 09:25:50,005:INFO:[Rank-1] train time 36.8544, epoch 118, step  49, loss 0.60880786, auc@1 83.89, auc@5 97.47, share 0, std_loss 0, 
2021-05-18 09:26:06,635:INFO:[Rank-1] val time 16.6232, epoch 118, step  40, loss 1.05460092, auc@1 70.02, auc@5 91.96
2021-05-18 09:26:43,171:INFO:[Rank-1] train time 36.5350, epoch 119, step  49, loss 0.60298270, auc@1 84.07, auc@5 97.65, share 0, std_loss 0, 
2021-05-18 09:26:59,260:INFO:[Rank-1] val time 16.0852, epoch 119, step  40, loss 1.05373415, auc@1 69.94, auc@5 91.91
2021-05-18 09:27:36,246:INFO:[Rank-1] train time 36.9855, epoch 120, step  49, loss 0.60285789, auc@1 83.79, auc@5 97.72, share 0, std_loss 0, 
2021-05-18 09:27:52,902:INFO:[Rank-1] val time 16.6481, epoch 120, step  40, loss 1.05104124, auc@1 70.09, auc@5 91.99
2021-05-18 09:28:30,030:INFO:[Rank-1] train time 37.1257, epoch 121, step  49, loss 0.59935415, auc@1 84.17, auc@5 97.63, share 0, std_loss 0, 
2021-05-18 09:28:45,952:INFO:[Rank-1] val time 15.9125, epoch 121, step  40, loss 1.05460376, auc@1 69.94, auc@5 91.96
2021-05-18 09:29:22,267:INFO:[Rank-1] train time 36.3132, epoch 122, step  49, loss 0.59483081, auc@1 84.19, auc@5 97.73, share 0, std_loss 0, 
2021-05-18 09:29:38,832:INFO:[Rank-1] val time 16.5600, epoch 122, step  40, loss 1.05669994, auc@1 69.73, auc@5 91.91
2021-05-18 09:30:15,286:INFO:[Rank-1] train time 36.4523, epoch 123, step  49, loss 0.59152132, auc@1 84.39, auc@5 97.73, share 0, std_loss 0, 
2021-05-18 09:30:31,306:INFO:[Rank-1] val time 16.0155, epoch 123, step  40, loss 1.05547548, auc@1 70.01, auc@5 91.99
2021-05-18 09:31:07,681:INFO:[Rank-1] train time 36.3744, epoch 124, step  49, loss 0.59291524, auc@1 84.31, auc@5 97.76, share 0, std_loss 0, 
2021-05-18 09:31:24,180:INFO:[Rank-1] val time 16.4951, epoch 124, step  40, loss 1.06089089, auc@1 69.90, auc@5 91.94
2021-05-18 09:32:00,845:INFO:[Rank-1] train time 36.6636, epoch 125, step  49, loss 0.59177631, auc@1 84.51, auc@5 97.71, share 0, std_loss 0, 
2021-05-18 09:32:17,501:INFO:[Rank-1] val time 16.6522, epoch 125, step  40, loss 1.05566059, auc@1 70.10, auc@5 91.86
2021-05-18 09:32:54,120:INFO:[Rank-1] train time 36.6172, epoch 126, step  49, loss 0.58792788, auc@1 84.35, auc@5 97.81, share 0, std_loss 0, 
2021-05-18 09:33:10,859:INFO:[Rank-1] val time 16.7347, epoch 126, step  40, loss 1.05647102, auc@1 69.94, auc@5 91.96
2021-05-18 09:33:47,564:INFO:[Rank-1] train time 36.7037, epoch 127, step  49, loss 0.59006548, auc@1 84.35, auc@5 97.71, share 0, std_loss 0, 
2021-05-18 09:34:03,920:INFO:[Rank-1] val time 16.3518, epoch 127, step  40, loss 1.05724777, auc@1 69.77, auc@5 91.77
2021-05-18 09:34:40,536:INFO:[Rank-1] train time 36.6151, epoch 128, step  49, loss 0.58682728, auc@1 84.47, auc@5 97.82, share 0, std_loss 0, 
2021-05-18 09:34:56,889:INFO:[Rank-1] val time 16.3486, epoch 128, step  40, loss 1.05316179, auc@1 70.08, auc@5 91.97
2021-05-18 09:35:33,225:INFO:[Rank-1] train time 36.3328, epoch 129, step  49, loss 0.57911557, auc@1 84.91, auc@5 97.86, share 0, std_loss 0, 
2021-05-18 09:35:49,785:INFO:[Rank-1] val time 16.5541, epoch 129, step  40, loss 1.05558220, auc@1 70.08, auc@5 91.98
2021-05-18 09:36:26,392:INFO:[Rank-1] train time 36.6061, epoch 130, step  49, loss 0.58084619, auc@1 84.77, auc@5 97.87, share 0, std_loss 0, 
2021-05-18 09:36:43,152:INFO:[Rank-1] val time 16.7526, epoch 130, step  40, loss 1.05553990, auc@1 69.85, auc@5 91.98
2021-05-18 09:37:19,944:INFO:[Rank-1] train time 36.7916, epoch 131, step  49, loss 0.57975370, auc@1 84.80, auc@5 97.85, share 0, std_loss 0, 
2021-05-18 09:37:36,238:INFO:[Rank-1] val time 16.2894, epoch 131, step  40, loss 1.05549371, auc@1 70.14, auc@5 91.92
2021-05-18 09:38:12,576:INFO:[Rank-1] train time 36.3363, epoch 132, step  49, loss 0.57983327, auc@1 84.83, auc@5 97.80, share 0, std_loss 0, 
2021-05-18 09:38:29,026:INFO:[Rank-1] val time 16.4466, epoch 132, step  40, loss 1.05133090, auc@1 70.11, auc@5 91.88
2021-05-18 09:39:05,752:INFO:[Rank-1] train time 36.7248, epoch 133, step  49, loss 0.57519227, auc@1 84.71, auc@5 97.86, share 0, std_loss 0, 
2021-05-18 09:39:22,375:INFO:[Rank-1] val time 16.6184, epoch 133, step  40, loss 1.05296109, auc@1 70.25, auc@5 91.87
2021-05-18 09:39:58,776:INFO:[Rank-1] train time 36.3998, epoch 134, step  49, loss 0.56880796, auc@1 85.18, auc@5 97.89, share 0, std_loss 0, 
2021-05-18 09:40:15,192:INFO:[Rank-1] val time 16.4129, epoch 134, step  40, loss 1.05478861, auc@1 70.00, auc@5 91.81
2021-05-18 09:40:52,121:INFO:[Rank-1] train time 36.9276, epoch 135, step  49, loss 0.57464093, auc@1 84.76, auc@5 97.95, share 0, std_loss 0, 
2021-05-18 09:41:08,578:INFO:[Rank-1] val time 16.4531, epoch 135, step  40, loss 1.05458571, auc@1 70.17, auc@5 91.86
2021-05-18 09:41:44,769:INFO:[Rank-1] train time 36.1901, epoch 136, step  49, loss 0.56912845, auc@1 85.10, auc@5 97.95, share 0, std_loss 0, 
2021-05-18 09:42:01,423:INFO:[Rank-1] val time 16.6457, epoch 136, step  40, loss 1.05528350, auc@1 70.28, auc@5 91.76
2021-05-18 09:42:37,894:INFO:[Rank-1] train time 36.4700, epoch 137, step  49, loss 0.57010311, auc@1 84.86, auc@5 97.96, share 0, std_loss 0, 
2021-05-18 09:42:54,482:INFO:[Rank-1] val time 16.5833, epoch 137, step  40, loss 1.05319330, auc@1 70.10, auc@5 91.96
2021-05-18 09:43:30,922:INFO:[Rank-1] train time 36.4386, epoch 138, step  49, loss 0.56691992, auc@1 84.93, auc@5 97.94, share 0, std_loss 0, 
2021-05-18 09:43:47,331:INFO:[Rank-1] val time 16.4032, epoch 138, step  40, loss 1.05535799, auc@1 70.06, auc@5 91.74
2021-05-18 09:44:24,432:INFO:[Rank-1] train time 37.0995, epoch 139, step  49, loss 0.56174845, auc@1 85.41, auc@5 97.95, share 0, std_loss 0, 
2021-05-18 09:44:41,086:INFO:[Rank-1] val time 16.6504, epoch 139, step  40, loss 1.05731751, auc@1 70.11, auc@5 91.69
2021-05-18 09:45:17,743:INFO:[Rank-1] train time 36.6550, epoch 140, step  49, loss 0.56030709, auc@1 85.37, auc@5 98.04, share 0, std_loss 0, 
2021-05-18 09:45:33,891:INFO:[Rank-1] val time 16.1377, epoch 140, step  40, loss 1.05686766, auc@1 70.01, auc@5 91.78
2021-05-18 09:46:10,574:INFO:[Rank-1] train time 36.6827, epoch 141, step  49, loss 0.56326890, auc@1 85.22, auc@5 97.99, share 0, std_loss 0, 
2021-05-18 09:46:27,386:INFO:[Rank-1] val time 16.8070, epoch 141, step  40, loss 1.05547910, auc@1 70.02, auc@5 91.83
2021-05-18 09:47:03,779:INFO:[Rank-1] train time 36.3926, epoch 142, step  49, loss 0.56103683, auc@1 85.27, auc@5 98.03, share 0, std_loss 0, 
2021-05-18 09:47:19,968:INFO:[Rank-1] val time 16.1845, epoch 142, step  40, loss 1.05937481, auc@1 69.96, auc@5 91.74
2021-05-18 09:47:57,075:INFO:[Rank-1] train time 37.1063, epoch 143, step  49, loss 0.55692768, auc@1 85.52, auc@5 98.05, share 0, std_loss 0, 
2021-05-18 09:48:13,125:INFO:[Rank-1] val time 16.0462, epoch 143, step  40, loss 1.05499735, auc@1 70.36, auc@5 91.81
2021-05-18 09:48:49,140:INFO:[Rank-1] train time 36.0140, epoch 144, step  49, loss 0.55749255, auc@1 85.37, auc@5 98.00, share 0, std_loss 0, 
2021-05-18 09:49:06,133:INFO:[Rank-1] val time 16.9872, epoch 144, step  40, loss 1.05729357, auc@1 70.32, auc@5 91.79
2021-05-18 09:49:42,426:INFO:[Rank-1] train time 36.2918, epoch 145, step  49, loss 0.55289644, auc@1 85.60, auc@5 98.09, share 0, std_loss 0, 
2021-05-18 09:49:58,951:INFO:[Rank-1] val time 16.5214, epoch 145, step  40, loss 1.05612838, auc@1 70.34, auc@5 91.83
2021-05-18 09:50:35,674:INFO:[Rank-1] train time 36.7222, epoch 146, step  49, loss 0.55507505, auc@1 85.38, auc@5 98.04, share 0, std_loss 0, 
2021-05-18 09:50:52,097:INFO:[Rank-1] val time 16.4179, epoch 146, step  40, loss 1.05546333, auc@1 70.22, auc@5 91.95
2021-05-18 09:51:28,266:INFO:[Rank-1] train time 36.1673, epoch 147, step  49, loss 0.55252653, auc@1 85.80, auc@5 98.04, share 0, std_loss 0, 
2021-05-18 09:51:44,731:INFO:[Rank-1] val time 16.4593, epoch 147, step  40, loss 1.05481864, auc@1 70.29, auc@5 92.00
2021-05-18 09:52:20,824:INFO:[Rank-1] train time 36.0916, epoch 148, step  49, loss 0.55233026, auc@1 85.78, auc@5 98.00, share 0, std_loss 0, 
2021-05-18 09:52:37,449:INFO:[Rank-1] val time 16.6211, epoch 148, step  40, loss 1.05434029, auc@1 70.34, auc@5 91.86
2021-05-18 09:53:13,822:INFO:[Rank-1] train time 36.3714, epoch 149, step  49, loss 0.54783124, auc@1 85.74, auc@5 98.09, share 0, std_loss 0, 
2021-05-18 09:53:30,304:INFO:[Rank-1] val time 16.4781, epoch 149, step  40, loss 1.05406071, auc@1 70.34, auc@5 91.91
2021-05-18 09:54:06,918:INFO:[Rank-1] train time 36.6132, epoch 150, step  49, loss 0.54942155, auc@1 85.69, auc@5 98.03, share 0, std_loss 0, 
2021-05-18 09:54:23,577:INFO:[Rank-1] val time 16.6543, epoch 150, step  40, loss 1.05778371, auc@1 70.02, auc@5 91.86
2021-05-18 09:54:59,975:INFO:[Rank-1] train time 36.3964, epoch 151, step  49, loss 0.54550940, auc@1 85.92, auc@5 98.11, share 0, std_loss 0, 
2021-05-18 09:55:16,812:INFO:[Rank-1] val time 16.8324, epoch 151, step  40, loss 1.05632042, auc@1 70.12, auc@5 91.72
2021-05-18 09:55:52,887:INFO:[Rank-1] train time 36.0738, epoch 152, step  49, loss 0.53777736, auc@1 86.23, auc@5 98.23, share 0, std_loss 0, 
2021-05-18 09:56:09,244:INFO:[Rank-1] val time 16.3536, epoch 152, step  40, loss 1.05588775, auc@1 70.15, auc@5 91.80
2021-05-18 09:56:45,486:INFO:[Rank-1] train time 36.2409, epoch 153, step  49, loss 0.54156399, auc@1 86.02, auc@5 98.15, share 0, std_loss 0, 
2021-05-18 09:57:01,909:INFO:[Rank-1] val time 16.4180, epoch 153, step  40, loss 1.05411708, auc@1 70.32, auc@5 91.84
2021-05-18 09:57:38,851:INFO:[Rank-1] train time 36.9407, epoch 154, step  49, loss 0.54131359, auc@1 86.05, auc@5 98.13, share 0, std_loss 0, 
2021-05-18 09:57:55,264:INFO:[Rank-1] val time 16.4078, epoch 154, step  40, loss 1.05328351, auc@1 70.33, auc@5 91.89
2021-05-18 09:58:31,762:INFO:[Rank-1] train time 36.4969, epoch 155, step  49, loss 0.54286748, auc@1 85.80, auc@5 98.05, share 0, std_loss 0, 
2021-05-18 09:58:48,343:INFO:[Rank-1] val time 16.5779, epoch 155, step  40, loss 1.05429183, auc@1 70.36, auc@5 91.90
2021-05-18 09:59:24,942:INFO:[Rank-1] train time 36.5982, epoch 156, step  49, loss 0.54250580, auc@1 85.94, auc@5 98.17, share 0, std_loss 0, 
2021-05-18 09:59:41,275:INFO:[Rank-1] val time 16.3255, epoch 156, step  40, loss 1.05280022, auc@1 70.26, auc@5 91.89
2021-05-18 10:00:18,775:INFO:[Rank-1] train time 37.4973, epoch 157, step  49, loss 0.53920394, auc@1 86.08, auc@5 98.18, share 0, std_loss 0, 
2021-05-18 10:00:35,531:INFO:[Rank-1] val time 16.7478, epoch 157, step  40, loss 1.05425476, auc@1 70.16, auc@5 91.93
2021-05-18 10:01:12,704:INFO:[Rank-1] train time 37.1706, epoch 158, step  49, loss 0.53866249, auc@1 86.07, auc@5 98.14, share 0, std_loss 0, 
2021-05-18 10:01:29,200:INFO:[Rank-1] val time 16.4885, epoch 158, step  40, loss 1.05524637, auc@1 70.26, auc@5 91.89
2021-05-18 10:02:06,982:INFO:[Rank-1] train time 37.7803, epoch 159, step  49, loss 0.53635830, auc@1 86.09, auc@5 98.18, share 0, std_loss 0, 
2021-05-18 10:02:23,559:INFO:[Rank-1] val time 16.5723, epoch 159, step  40, loss 1.05248330, auc@1 70.36, auc@5 91.93
2021-05-18 10:03:00,019:INFO:[Rank-1] train time 36.4588, epoch 160, step  49, loss 0.53985584, auc@1 86.25, auc@5 98.16, share 0, std_loss 0, 
2021-05-18 10:03:16,575:INFO:[Rank-1] val time 16.5446, epoch 160, step  40, loss 1.05162511, auc@1 70.22, auc@5 91.97
2021-05-18 10:03:53,345:INFO:[Rank-1] train time 36.7665, epoch 161, step  49, loss 0.54037815, auc@1 85.95, auc@5 98.17, share 0, std_loss 0, 
2021-05-18 10:04:10,156:INFO:[Rank-1] val time 16.8049, epoch 161, step  40, loss 1.05277745, auc@1 70.42, auc@5 91.99
2021-05-18 10:04:47,275:INFO:[Rank-1] train time 37.1170, epoch 162, step  49, loss 0.53538924, auc@1 86.26, auc@5 98.18, share 0, std_loss 0, 
2021-05-18 10:05:03,788:INFO:[Rank-1] val time 16.5051, epoch 162, step  40, loss 1.05386365, auc@1 70.26, auc@5 91.88
2021-05-18 10:05:40,510:INFO:[Rank-1] train time 36.7209, epoch 163, step  49, loss 0.53966647, auc@1 85.95, auc@5 98.17, share 0, std_loss 0, 
2021-05-18 10:05:57,046:INFO:[Rank-1] val time 16.5285, epoch 163, step  40, loss 1.05266267, auc@1 70.36, auc@5 91.89
2021-05-18 10:06:33,830:INFO:[Rank-1] train time 36.7819, epoch 164, step  49, loss 0.53362882, auc@1 86.23, auc@5 98.19, share 0, std_loss 0, 
2021-05-18 10:06:50,084:INFO:[Rank-1] val time 16.2474, epoch 164, step  40, loss 1.05198935, auc@1 70.34, auc@5 92.01
2021-05-18 10:07:26,268:INFO:[Rank-1] train time 36.1826, epoch 165, step  49, loss 0.53264385, auc@1 86.34, auc@5 98.19, share 0, std_loss 0, 
2021-05-18 10:07:42,917:INFO:[Rank-1] val time 16.6443, epoch 165, step  40, loss 1.05265450, auc@1 70.25, auc@5 91.90
2021-05-18 10:08:19,099:INFO:[Rank-1] train time 36.1807, epoch 166, step  49, loss 0.53631175, auc@1 86.11, auc@5 98.16, share 0, std_loss 0, 
2021-05-18 10:08:35,463:INFO:[Rank-1] val time 16.3582, epoch 166, step  40, loss 1.05262075, auc@1 70.26, auc@5 91.78
2021-05-18 10:09:11,880:INFO:[Rank-1] train time 36.4154, epoch 167, step  49, loss 0.53622144, auc@1 86.07, auc@5 98.11, share 0, std_loss 0, 
2021-05-18 10:09:28,713:INFO:[Rank-1] val time 16.8258, epoch 167, step  40, loss 1.05334993, auc@1 70.24, auc@5 91.89
2021-05-18 10:10:05,149:INFO:[Rank-1] train time 36.4353, epoch 168, step  49, loss 0.53750986, auc@1 85.86, auc@5 98.12, share 0, std_loss 0, 
2021-05-18 10:10:21,524:INFO:[Rank-1] val time 16.3717, epoch 168, step  40, loss 1.05057053, auc@1 70.34, auc@5 91.96
2021-05-18 10:10:57,778:INFO:[Rank-1] train time 36.2530, epoch 169, step  49, loss 0.53257459, auc@1 86.42, auc@5 98.26, share 0, std_loss 0, 
2021-05-18 10:11:14,342:INFO:[Rank-1] val time 16.5574, epoch 169, step  40, loss 1.05144468, auc@1 70.39, auc@5 91.97
2021-05-18 10:11:51,008:INFO:[Rank-1] train time 36.6650, epoch 170, step  49, loss 0.53433013, auc@1 86.22, auc@5 98.31, share 0, std_loss 0, 
2021-05-18 10:12:07,600:INFO:[Rank-1] val time 16.5866, epoch 170, step  40, loss 1.05219359, auc@1 70.42, auc@5 91.98
2021-05-18 10:12:44,122:INFO:[Rank-1] train time 36.5206, epoch 171, step  49, loss 0.53235233, auc@1 86.21, auc@5 98.24, share 0, std_loss 0, 
2021-05-18 10:13:00,919:INFO:[Rank-1] val time 16.7934, epoch 171, step  40, loss 1.05168198, auc@1 70.38, auc@5 91.93
2021-05-18 10:13:37,534:INFO:[Rank-1] train time 36.6136, epoch 172, step  49, loss 0.53639036, auc@1 86.15, auc@5 98.16, share 0, std_loss 0, 
2021-05-18 10:13:54,180:INFO:[Rank-1] val time 16.6432, epoch 172, step  40, loss 1.05103803, auc@1 70.40, auc@5 91.99
2021-05-18 10:14:31,077:INFO:[Rank-1] train time 36.8949, epoch 173, step  49, loss 0.53555828, auc@1 86.32, auc@5 98.14, share 0, std_loss 0, 
2021-05-18 10:14:47,822:INFO:[Rank-1] val time 16.7413, epoch 173, step  40, loss 1.05104308, auc@1 70.37, auc@5 92.02
2021-05-18 10:15:24,310:INFO:[Rank-1] train time 36.4860, epoch 174, step  49, loss 0.53138077, auc@1 86.49, auc@5 98.23, share 0, std_loss 0, 
2021-05-18 10:15:40,775:INFO:[Rank-1] val time 16.4609, epoch 174, step  40, loss 1.04990901, auc@1 70.36, auc@5 91.97
2021-05-18 10:16:17,652:INFO:[Rank-1] train time 36.8752, epoch 175, step  49, loss 0.53456545, auc@1 86.21, auc@5 98.11, share 0, std_loss 0, 
2021-05-18 10:16:34,300:INFO:[Rank-1] val time 16.6412, epoch 175, step  40, loss 1.04983870, auc@1 70.36, auc@5 91.99
2021-05-18 10:17:10,701:INFO:[Rank-1] train time 36.3992, epoch 176, step  49, loss 0.53187019, auc@1 86.31, auc@5 98.19, share 0, std_loss 0, 
2021-05-18 10:17:27,167:INFO:[Rank-1] val time 16.4601, epoch 176, step  40, loss 1.05129085, auc@1 70.24, auc@5 91.99
2021-05-18 10:18:03,989:INFO:[Rank-1] train time 36.8207, epoch 177, step  49, loss 0.53265017, auc@1 86.30, auc@5 98.22, share 0, std_loss 0, 
2021-05-18 10:18:20,232:INFO:[Rank-1] val time 16.2357, epoch 177, step  40, loss 1.05060964, auc@1 70.37, auc@5 92.01
2021-05-18 10:18:56,757:INFO:[Rank-1] train time 36.5237, epoch 178, step  49, loss 0.53182507, auc@1 86.35, auc@5 98.27, share 0, std_loss 0, 
2021-05-18 10:19:13,471:INFO:[Rank-1] val time 16.7096, epoch 178, step  40, loss 1.05140906, auc@1 70.41, auc@5 91.98
2021-05-18 10:19:50,101:INFO:[Rank-1] train time 36.6288, epoch 179, step  49, loss 0.53113568, auc@1 86.33, auc@5 98.13, share 0, std_loss 0, 
2021-05-18 10:20:06,319:INFO:[Rank-1] val time 16.2137, epoch 179, step  40, loss 1.05083903, auc@1 70.36, auc@5 92.03
2021-05-18 10:20:42,506:INFO:[Rank-1] train time 36.1864, epoch 180, step  49, loss 0.53194362, auc@1 86.29, auc@5 98.18, share 0, std_loss 0, 
2021-05-18 10:20:58,755:INFO:[Rank-1] val time 16.2428, epoch 180, step  40, loss 1.05135560, auc@1 70.31, auc@5 91.97
2021-05-18 10:21:34,876:INFO:[Rank-1] train time 36.1203, epoch 181, step  49, loss 0.53242815, auc@1 86.23, auc@5 98.23, share 0, std_loss 0, 
2021-05-18 10:21:51,551:INFO:[Rank-1] val time 16.6677, epoch 181, step  40, loss 1.05191236, auc@1 70.25, auc@5 91.94
2021-05-18 10:22:27,971:INFO:[Rank-1] train time 36.4183, epoch 182, step  49, loss 0.53305268, auc@1 86.26, auc@5 98.07, share 0, std_loss 0, 
2021-05-18 10:22:44,441:INFO:[Rank-1] val time 16.4620, epoch 182, step  40, loss 1.05137005, auc@1 70.42, auc@5 91.97
2021-05-18 10:23:20,352:INFO:[Rank-1] train time 35.9097, epoch 183, step  49, loss 0.53139079, auc@1 86.30, auc@5 98.20, share 0, std_loss 0, 
2021-05-18 10:23:36,913:INFO:[Rank-1] val time 16.5578, epoch 183, step  40, loss 1.05132832, auc@1 70.31, auc@5 91.92
2021-05-18 10:24:13,140:INFO:[Rank-1] train time 36.2250, epoch 184, step  49, loss 0.53096741, auc@1 86.20, auc@5 98.22, share 0, std_loss 0, 
2021-05-18 10:24:29,460:INFO:[Rank-1] val time 16.3122, epoch 184, step  40, loss 1.05056521, auc@1 70.46, auc@5 91.81
2021-05-18 10:25:05,944:INFO:[Rank-1] train time 36.4830, epoch 185, step  49, loss 0.53183478, auc@1 86.30, auc@5 98.15, share 0, std_loss 0, 
2021-05-18 10:25:22,369:INFO:[Rank-1] val time 16.4174, epoch 185, step  40, loss 1.05052650, auc@1 70.37, auc@5 91.99
2021-05-18 10:25:58,837:INFO:[Rank-1] train time 36.4668, epoch 186, step  49, loss 0.53122705, auc@1 86.41, auc@5 98.19, share 0, std_loss 0, 
2021-05-18 10:26:15,389:INFO:[Rank-1] val time 16.5451, epoch 186, step  40, loss 1.05043779, auc@1 70.41, auc@5 91.90
2021-05-18 10:26:53,097:INFO:[Rank-1] train time 37.7068, epoch 187, step  49, loss 0.53068912, auc@1 86.33, auc@5 98.28, share 0, std_loss 0, 
2021-05-18 10:27:09,793:INFO:[Rank-1] val time 16.6887, epoch 187, step  40, loss 1.04996137, auc@1 70.31, auc@5 91.93
2021-05-18 10:27:46,206:INFO:[Rank-1] train time 36.4113, epoch 188, step  49, loss 0.52991962, auc@1 86.44, auc@5 98.26, share 0, std_loss 0, 
2021-05-18 10:28:02,411:INFO:[Rank-1] val time 16.2007, epoch 188, step  40, loss 1.05119995, auc@1 70.34, auc@5 91.91
2021-05-18 10:28:38,712:INFO:[Rank-1] train time 36.3004, epoch 189, step  49, loss 0.53193569, auc@1 86.23, auc@5 98.18, share 0, std_loss 0, 
2021-05-18 10:28:55,308:INFO:[Rank-1] val time 16.5891, epoch 189, step  40, loss 1.05100740, auc@1 70.34, auc@5 91.99
2021-05-18 10:29:31,807:INFO:[Rank-1] train time 36.4971, epoch 190, step  49, loss 0.52887881, auc@1 86.29, auc@5 98.28, share 0, std_loss 0, 
2021-05-18 10:29:48,346:INFO:[Rank-1] val time 16.5349, epoch 190, step  40, loss 1.05065725, auc@1 70.35, auc@5 92.00
2021-05-18 10:30:25,629:INFO:[Rank-1] train time 37.2817, epoch 191, step  49, loss 0.53275329, auc@1 86.19, auc@5 98.24, share 0, std_loss 0, 
2021-05-18 10:30:42,280:INFO:[Rank-1] val time 16.6477, epoch 191, step  40, loss 1.05091781, auc@1 70.32, auc@5 91.99
2021-05-18 10:31:19,055:INFO:[Rank-1] train time 36.7691, epoch 192, step  49, loss 0.52871126, auc@1 86.18, auc@5 98.28, share 0, std_loss 0, 
2021-05-18 10:31:35,697:INFO:[Rank-1] val time 16.6380, epoch 192, step  40, loss 1.05060263, auc@1 70.49, auc@5 91.94
2021-05-18 10:32:12,057:INFO:[Rank-1] train time 36.3590, epoch 193, step  49, loss 0.52783161, auc@1 86.33, auc@5 98.30, share 0, std_loss 0, 
2021-05-18 10:32:28,659:INFO:[Rank-1] val time 16.5962, epoch 193, step  40, loss 1.05154587, auc@1 70.32, auc@5 91.90
2021-05-18 10:33:05,007:INFO:[Rank-1] train time 36.3466, epoch 194, step  49, loss 0.52994484, auc@1 86.43, auc@5 98.22, share 0, std_loss 0, 
2021-05-18 10:33:21,664:INFO:[Rank-1] val time 16.6518, epoch 194, step  40, loss 1.05151318, auc@1 70.45, auc@5 91.85
2021-05-18 10:33:58,126:INFO:[Rank-1] train time 36.4612, epoch 195, step  49, loss 0.52858031, auc@1 86.45, auc@5 98.31, share 0, std_loss 0, 
2021-05-18 10:34:14,457:INFO:[Rank-1] val time 16.3274, epoch 195, step  40, loss 1.05036508, auc@1 70.42, auc@5 91.94
2021-05-18 10:34:51,144:INFO:[Rank-1] train time 36.6857, epoch 196, step  49, loss 0.52739561, auc@1 86.35, auc@5 98.27, share 0, std_loss 0, 
2021-05-18 10:35:07,701:INFO:[Rank-1] val time 16.5488, epoch 196, step  40, loss 1.05081772, auc@1 70.31, auc@5 91.95
2021-05-18 10:35:44,195:INFO:[Rank-1] train time 36.4938, epoch 197, step  49, loss 0.53265041, auc@1 86.17, auc@5 98.19, share 0, std_loss 0, 
2021-05-18 10:36:00,437:INFO:[Rank-1] val time 16.2369, epoch 197, step  40, loss 1.05182490, auc@1 70.39, auc@5 91.92
2021-05-18 10:36:36,877:INFO:[Rank-1] train time 36.4377, epoch 198, step  49, loss 0.52919710, auc@1 86.22, auc@5 98.27, share 0, std_loss 0, 
2021-05-18 10:36:53,530:INFO:[Rank-1] val time 16.6502, epoch 198, step  40, loss 1.04987875, auc@1 70.56, auc@5 91.88
2021-05-18 10:37:30,159:INFO:[Rank-1] train time 36.6271, epoch 199, step  49, loss 0.52568740, auc@1 86.65, auc@5 98.27, share 0, std_loss 0, 
2021-05-18 10:37:46,918:INFO:[Rank-1] val time 16.7526, epoch 199, step  40, loss 1.05040396, auc@1 70.37, auc@5 91.89
2021-05-18 10:38:23,978:INFO:[Rank-1] train time 37.0591, epoch 200, step  49, loss 0.52924395, auc@1 86.31, auc@5 98.29, share 0, std_loss 0, 
2021-05-18 10:38:40,303:INFO:[Rank-1] val time 16.3205, epoch 200, step  40, loss 1.05166075, auc@1 70.40, auc@5 91.81
2021-05-18 10:38:40,304:INFO:[Rank-1] finish, train+val 10608.93219, train 7303.22522, reduce_count   0
